using random seed 1742937842
This emulator compiled with JTAG Remote Bitbang client. To enable, use +jtag_rbb_enable=1.
Listening on port 33325
== Loading device model file '/home/mdc-workshop/chipyard/generators/testchipip/src/main/resources/dramsim2_ini/DDR3_micron_64M_8B_x4_sg15.ini' == 
== Loading system model file '/home/mdc-workshop/chipyard/generators/testchipip/src/main/resources/dramsim2_ini/system.ini' == 
===== MemorySystem 0 =====
CH. 0 TOTAL_STORAGE : 4096MB | 1 Ranks | 16 Devices per rank
DRAMSim2 Clock Frequency =666666666Hz, CPU Clock Frequency=100000000Hz
C0:         19 [1] pc=[0000000000010040] W[r10=0000000000010040][1] R[r 0=0000000000000000] R[r 0=0000000000000000] inst=[00000517] auipc   a0, 0x0
C0:         20 [1] pc=[0000000000010044] W[r10=0000000000010000][1] R[r10=0000000000010040] R[r 0=0000000000000000] inst=[fc050513] addi    a0, a0, -64
C0:         21 [1] pc=[0000000000010048] W[r 0=0000000000000000][1] R[r10=0000000000010000] R[r 0=0000000000000000] inst=[30551073] csrw    unknown_305, a0
C0:         26 [1] pc=[000000000001004c] W[r 5=800000000094112d][1] R[r 0=0000000000000000] R[r 0=0000000000000000] inst=[301022f3] csrr    t0, unknown_301
C0:         29 [1] pc=[0000000000010050] W[r 5=ffffe00000000025][1] R[r 5=800000000094112d] R[r 0=0000000000000000] inst=[4122d293] srai    t0, t0, 18
C0:         30 [1] pc=[0000000000010054] W[r 5=0000000000000001][1] R[r 5=ffffe00000000025] R[r 0=0000000000000000] inst=[0012f293] andi    t0, t0, 1
C0:         31 [1] pc=[0000000000010058] W[r 0=0000000000000000][0] R[r 5=0000000000000001] R[r 0=0000000000000000] inst=[00028463] beqz    t0, pc + 8
C0:         32 [1] pc=[000000000001005c] W[r 0=0000000000000000][1] R[r 0=0000000000000000] R[r 0=0000000000000000] inst=[30301073] csrw    unknown_303, zero
C0:         37 [1] pc=[0000000000010060] W[r10=0000000000000008][1] R[r 0=0000000000000000] R[r 0=0000000000000000] inst=[00800513] li      a0, 8
C0:         38 [1] pc=[0000000000010064] W[r 0=0000000000000000][1] R[r10=0000000000000008] R[r 0=0000000000000000] inst=[30451073] csrw    unknown_304, a0
C0:         43 [1] pc=[0000000000010068] W[r 0=0000000a00001800][1] R[r10=0000000000000008] R[r 0=0000000000000000] inst=[30052073] csrs    unknown_300, a0
C0:         48 [1] pc=[000000000001006c] W[r 0=0000000000000000][0] R[r 0=0000000000000000] R[r 0=0000000000000000] inst=[10500073] wfi
C0:         51 [0] pc=[0000000000010070] W[r 0=0000000000000000][0] R[r31=0000000000000008] R[r 0=0000000000000000] inst=[ffdff06f] j       pc - 0x4
C0:         70 [1] pc=[0000000000010000] W[r11=0000000002000000][1] R[r 0=0000000000000000] R[r 0=0000000000000000] inst=[020005b7] lui     a1, 0x2000
C0:         71 [1] pc=[0000000000010004] W[r10=0000000000000000][1] R[r 0=0000000000000000] R[r 0=0000000000000000] inst=[f1402573] csrr    a0, unknown_f14
C0:         74 [1] pc=[0000000000010008] W[r 0=0000000000000000][0] R[r10=0000000000000000] R[r 0=0000000000000000] inst=[00050463] beqz    a0, pc + 8
C0:         78 [1] pc=[0000000000010010] W[r12=0000000002000004][1] R[r11=0000000002000000] R[r 0=0000000000000000] inst=[00458613] addi    a2, a1, 4
C0:         79 [1] pc=[0000000000010014] W[r13=0000000000000001][1] R[r 0=0000000000000000] R[r 0=0000000000000000] inst=[00100693] li      a3, 1
C0:         80 [1] pc=[0000000000010018] W[r 0=0000000000000000][0] R[r12=0000000002000004] R[r13=0000000000000001] inst=[00d62023] sw      a3, 0(a2)
C0:         81 [1] pc=[000000000001001c] W[r12=0000000002000008][1] R[r12=0000000002000004] R[r 0=0000000000000000] inst=[00460613] addi    a2, a2, 4
C0:         87 [1] pc=[0000000000010020] W[r13=0000000000000000][0] R[r12=0000000002000008] R[r 0=0000000000000000] inst=[ffc62683] lw      a3, -4(a2)
C0:         95 [1] pc=[0000000000010024] W[r 0=0000000000000000][0] R[r13=0000000000000000] R[r 0=0000000000000000] inst=[fe069ae3] bnez    a3, pc - 12
C0:         96 [1] pc=[0000000000010028] W[r 0=000000000001002c][1] R[r 0=0000000000000000] R[r 0=0000000000000000] inst=[06c0006f] j       pc + 0x6c
C0:        116 [1] pc=[0000000000010094] W[r 0=0000000000000000][0] R[r11=0000000002000000] R[r 0=0000000000000000] inst=[0005a023] sw      zero, 0(a1)
C0:        117 [1] pc=[0000000000010098] W[r10=0000000000004000][1] R[r 0=0000000000000000] R[r 0=0000000000000000] inst=[00004537] lui     a0, 0x4
C0:        123 [1] pc=[000000000001009c] W[r10=0000000000000000][0] R[r10=0000000000004000] R[r 0=0000000000000000] inst=[00053503] ld      a0, 0(a0)
C0:        135 [1] pc=[00000000000100a0] W[r 0=0000000000010070][1] R[r10=0000000080000000] R[r 0=0000000000000000] inst=[34151073] csrw    unknown_341, a0
C0:        136 [1] pc=[00000000000100a4] W[r10=0000000000000000][1] R[r 0=0000000000000000] R[r 0=0000000000000000] inst=[f1402573] csrr    a0, unknown_f14
C0:        137 [1] pc=[00000000000100a8] W[r11=00000000000100a8][1] R[r 0=0000000000000000] R[r 0=0000000000000000] inst=[00000597] auipc   a1, 0x0
C0:        138 [1] pc=[00000000000100ac] W[r11=00000000000100c0][1] R[r11=00000000000100a8] R[r 0=0000000000000000] inst=[01858593] addi    a1, a1, 24
C0:        139 [1] pc=[00000000000100b0] W[r12=0000000000000080][1] R[r 0=0000000000000000] R[r 0=0000000000000000] inst=[08000613] li      a2, 128
C0:        140 [1] pc=[00000000000100b4] W[r 0=0000000a00001880][1] R[r12=0000000000000080] R[r 0=0000000000000000] inst=[30063073] csrc    unknown_300, a2
C0:        145 [1] pc=[00000000000100b8] W[r 0=0000000000000000][0] R[r 0=0000000000000000] R[r 0=0000000000000000] inst=[30200073] mret
C0:        166 [1] pc=[0000000080000000] W[r 1=0000000000000000][1] R[r 0=0000000000000000] R[r 0=0000000000000000] inst=[00004081] c.li    ra, 0
C0:        167 [1] pc=[0000000080000002] W[r 2=0000000000000000][1] R[r 0=0000000000000000] R[r 0=0000000000000000] inst=[00004101] c.li    sp, 0
C0:        168 [1] pc=[0000000080000004] W[r 3=0000000000000000][1] R[r 0=0000000000000000] R[r 0=0000000000000000] inst=[00004181] c.li    gp, 0
C0:        169 [1] pc=[0000000080000006] W[r 4=0000000000000000][1] R[r 0=0000000000000000] R[r 0=0000000000000000] inst=[00004201] c.li    tp, 0
C0:        170 [1] pc=[0000000080000008] W[r 5=0000000000000000][1] R[r 0=0000000000000000] R[r 0=0000000000000000] inst=[00004281] c.li    t0, 0
C0:        171 [1] pc=[000000008000000a] W[r 6=0000000000000000][1] R[r 0=0000000000000000] R[r 0=0000000000000000] inst=[00004301] c.li    t1, 0
C0:        172 [1] pc=[000000008000000c] W[r 7=0000000000000000][1] R[r 0=0000000000000000] R[r 0=0000000000000000] inst=[00004381] c.li    t2, 0
C0:        173 [1] pc=[000000008000000e] W[r 8=0000000000000000][1] R[r 0=0000000000000000] R[r 0=0000000000000000] inst=[00004401] c.li    s0, 0
C0:        174 [1] pc=[0000000080000010] W[r 9=0000000000000000][1] R[r 0=0000000000000000] R[r 0=0000000000000000] inst=[00004481] c.li    s1, 0
C0:        175 [1] pc=[0000000080000012] W[r10=0000000000000000][1] R[r 0=0000000000000000] R[r 0=0000000000000000] inst=[00004501] c.li    a0, 0
C0:        176 [1] pc=[0000000080000014] W[r11=0000000000000000][1] R[r 0=0000000000000000] R[r 0=0000000000000000] inst=[00004581] c.li    a1, 0
C0:        177 [1] pc=[0000000080000016] W[r12=0000000000000000][1] R[r 0=0000000000000000] R[r 0=0000000000000000] inst=[00004601] c.li    a2, 0
C0:        178 [1] pc=[0000000080000018] W[r13=0000000000000000][1] R[r 0=0000000000000000] R[r 0=0000000000000000] inst=[00004681] c.li    a3, 0
C0:        179 [1] pc=[000000008000001a] W[r14=0000000000000000][1] R[r 0=0000000000000000] R[r 0=0000000000000000] inst=[00004701] c.li    a4, 0
C0:        180 [1] pc=[000000008000001c] W[r15=0000000000000000][1] R[r 0=0000000000000000] R[r 0=0000000000000000] inst=[00004781] c.li    a5, 0
C0:        181 [1] pc=[000000008000001e] W[r16=0000000000000000][1] R[r 0=0000000000000000] R[r 0=0000000000000000] inst=[00004801] c.li    a6, 0
C0:        182 [1] pc=[0000000080000020] W[r17=0000000000000000][1] R[r 0=0000000000000000] R[r 0=0000000000000000] inst=[00004881] c.li    a7, 0
C0:        183 [1] pc=[0000000080000022] W[r18=0000000000000000][1] R[r 0=0000000000000000] R[r 0=0000000000000000] inst=[00004901] c.li    s2, 0
C0:        184 [1] pc=[0000000080000024] W[r19=0000000000000000][1] R[r 0=0000000000000000] R[r 0=0000000000000000] inst=[00004981] c.li    s3, 0
C0:        185 [1] pc=[0000000080000026] W[r20=0000000000000000][1] R[r 0=0000000000000000] R[r 0=0000000000000000] inst=[00004a01] c.li    s4, 0
C0:        186 [1] pc=[0000000080000028] W[r21=0000000000000000][1] R[r 0=0000000000000000] R[r 0=0000000000000000] inst=[00004a81] c.li    s5, 0
C0:        187 [1] pc=[000000008000002a] W[r22=0000000000000000][1] R[r 0=0000000000000000] R[r 0=0000000000000000] inst=[00004b01] c.li    s6, 0
C0:        188 [1] pc=[000000008000002c] W[r23=0000000000000000][1] R[r 0=0000000000000000] R[r 0=0000000000000000] inst=[00004b81] c.li    s7, 0
C0:        189 [1] pc=[000000008000002e] W[r24=0000000000000000][1] R[r 0=0000000000000000] R[r 0=0000000000000000] inst=[00004c01] c.li    s8, 0
C0:        190 [1] pc=[0000000080000030] W[r25=0000000000000000][1] R[r 0=0000000000000000] R[r 0=0000000000000000] inst=[00004c81] c.li    s9, 0
C0:        191 [1] pc=[0000000080000032] W[r26=0000000000000000][1] R[r 0=0000000000000000] R[r 0=0000000000000000] inst=[00004d01] c.li    s10, 0
C0:        192 [1] pc=[0000000080000034] W[r27=0000000000000000][1] R[r 0=0000000000000000] R[r 0=0000000000000000] inst=[00004d81] c.li    s11, 0
C0:        193 [1] pc=[0000000080000036] W[r28=0000000000000000][1] R[r 0=0000000000000000] R[r 0=0000000000000000] inst=[00004e01] c.li    t3, 0
C0:        194 [1] pc=[0000000080000038] W[r29=0000000000000000][1] R[r 0=0000000000000000] R[r 0=0000000000000000] inst=[00004e81] c.li    t4, 0
C0:        195 [1] pc=[000000008000003a] W[r30=0000000000000000][1] R[r 0=0000000000000000] R[r 0=0000000000000000] inst=[00004f01] c.li    t5, 0
C0:        196 [1] pc=[000000008000003c] W[r31=0000000000000000][1] R[r 0=0000000000000000] R[r 0=0000000000000000] inst=[00004f81] c.li    t6, 0
C0:        197 [1] pc=[000000008000003e] W[r 5=000000000001e000][1] R[r 0=0000000000000000] R[r 0=0000000000000000] inst=[000062f9] c.lui   t0, 0x1e
C0:        219 [1] pc=[0000000080000040] W[r 0=0000000a00000080][1] R[r 5=000000000001e000] R[r 0=0000000000000000] inst=[3002a073] csrs    unknown_300, t0
C0:        224 [1] pc=[0000000080000044] W[r 5=0000000080000044][1] R[r 0=0000000000000000] R[r 0=0000000000000000] inst=[00000297] auipc   t0, 0x0
C0:        225 [1] pc=[0000000080000048] W[r 5=00000000800000d4][1] R[r 5=0000000080000044] R[r 0=0000000000000000] inst=[09028293] addi    t0, t0, 144
C0:        226 [1] pc=[000000008000004c] W[r 0=0000000000010000][1] R[r 5=00000000800000d4] R[r 0=0000000000000000] inst=[30529073] csrw    unknown_305, t0
C0:        231 [1] pc=[0000000080000050] W[r 0=0000000000000000][1] R[r 0=0000000000000000] R[r 0=0000000000000000] inst=[00301073] csrw    fcsr, zero
C0:        236 [1] pc=[0000000080000054] W[r 0=0000000000000000][0] R[r 0=0000000000000000] R[r 0=0000000000000000] inst=[f0000053] fmv.w.x ft0, zero
C0:        237 [1] pc=[0000000080000058] W[r 1=0000000000000000][0] R[r 0=0000000000000000] R[r 0=0000000000000000] inst=[f00000d3] fmv.w.x ft1, zero
C0:        238 [1] pc=[000000008000005c] W[r 2=0000000000000000][0] R[r 0=0000000000000000] R[r 0=0000000000000000] inst=[f0000153] fmv.w.x ft2, zero
C0:        239 [1] pc=[0000000080000060] W[r 3=0000000000000000][0] R[r 0=0000000000000000] R[r 0=0000000000000000] inst=[f00001d3] fmv.w.x ft3, zero
C0:        240 [1] pc=[0000000080000064] W[r 4=0000000000000000][0] R[r 0=0000000000000000] R[r 0=0000000000000000] inst=[f0000253] fmv.w.x ft4, zero
C0:        241 [1] pc=[0000000080000068] W[r 5=0000000000000000][0] R[r 0=0000000000000000] R[r 0=0000000000000000] inst=[f00002d3] fmv.w.x ft5, zero
C0:        242 [1] pc=[000000008000006c] W[r 6=0000000000000000][0] R[r 0=0000000000000000] R[r 0=0000000000000000] inst=[f0000353] fmv.w.x ft6, zero
C0:        243 [1] pc=[0000000080000070] W[r 7=0000000000000000][0] R[r 0=0000000000000000] R[r 0=0000000000000000] inst=[f00003d3] fmv.w.x ft7, zero
C0:        244 [1] pc=[0000000080000074] W[r 8=0000000000000000][0] R[r 0=0000000000000000] R[r 0=0000000000000000] inst=[f0000453] fmv.w.x fs0, zero
C0:        245 [1] pc=[0000000080000078] W[r 9=0000000000000000][0] R[r 0=0000000000000000] R[r 0=0000000000000000] inst=[f00004d3] fmv.w.x fs1, zero
C0:        246 [1] pc=[000000008000007c] W[r10=0000000000000000][0] R[r 0=0000000000000000] R[r 0=0000000000000000] inst=[f0000553] fmv.w.x fa0, zero
C0:        268 [1] pc=[0000000080000080] W[r11=0000000000000000][0] R[r 0=0000000000000000] R[r 0=0000000000000000] inst=[f00005d3] fmv.w.x fa1, zero
C0:        269 [1] pc=[0000000080000084] W[r12=0000000000000000][0] R[r 0=0000000000000000] R[r 0=0000000000000000] inst=[f0000653] fmv.w.x fa2, zero
C0:        270 [1] pc=[0000000080000088] W[r13=0000000000000000][0] R[r 0=0000000000000000] R[r 0=0000000000000000] inst=[f00006d3] fmv.w.x fa3, zero
C0:        271 [1] pc=[000000008000008c] W[r14=0000000000000000][0] R[r 0=0000000000000000] R[r 0=0000000000000000] inst=[f0000753] fmv.w.x fa4, zero
C0:        272 [1] pc=[0000000080000090] W[r15=0000000000000000][0] R[r 0=0000000000000000] R[r 0=0000000000000000] inst=[f00007d3] fmv.w.x fa5, zero
C0:        273 [1] pc=[0000000080000094] W[r16=0000000000000000][0] R[r 0=0000000000000000] R[r 0=0000000000000000] inst=[f0000853] fmv.w.x fa6, zero
C0:        274 [1] pc=[0000000080000098] W[r17=0000000000000000][0] R[r 0=0000000000000000] R[r 0=0000000000000000] inst=[f00008d3] fmv.w.x fa7, zero
C0:        275 [1] pc=[000000008000009c] W[r18=0000000000000000][0] R[r 0=0000000000000000] R[r 0=0000000000000000] inst=[f0000953] fmv.w.x fs2, zero
C0:        276 [1] pc=[00000000800000a0] W[r19=0000000000000000][0] R[r 0=0000000000000000] R[r 0=0000000000000000] inst=[f00009d3] fmv.w.x fs3, zero
C0:        277 [1] pc=[00000000800000a4] W[r20=0000000000000000][0] R[r 0=0000000000000000] R[r 0=0000000000000000] inst=[f0000a53] fmv.w.x fs4, zero
C0:        278 [1] pc=[00000000800000a8] W[r21=0000000000000000][0] R[r 0=0000000000000000] R[r 0=0000000000000000] inst=[f0000ad3] fmv.w.x fs5, zero
C0:        279 [1] pc=[00000000800000ac] W[r22=0000000000000000][0] R[r 0=0000000000000000] R[r 0=0000000000000000] inst=[f0000b53] fmv.w.x fs6, zero
C0:        280 [1] pc=[00000000800000b0] W[r23=0000000000000000][0] R[r 0=0000000000000000] R[r 0=0000000000000000] inst=[f0000bd3] fmv.w.x fs7, zero
C0:        281 [1] pc=[00000000800000b4] W[r24=0000000000000000][0] R[r 0=0000000000000000] R[r 0=0000000000000000] inst=[f0000c53] fmv.w.x fs8, zero
C0:        282 [1] pc=[00000000800000b8] W[r25=0000000000000000][0] R[r 0=0000000000000000] R[r 0=0000000000000000] inst=[f0000cd3] fmv.w.x fs9, zero
C0:        283 [1] pc=[00000000800000bc] W[r26=0000000000000000][0] R[r 0=0000000000000000] R[r 0=0000000000000000] inst=[f0000d53] fmv.w.x fs10, zero
C0:        305 [1] pc=[00000000800000c0] W[r27=0000000000000000][0] R[r 0=0000000000000000] R[r 0=0000000000000000] inst=[f0000dd3] fmv.w.x fs11, zero
C0:        306 [1] pc=[00000000800000c4] W[r28=0000000000000000][0] R[r 0=0000000000000000] R[r 0=0000000000000000] inst=[f0000e53] fmv.w.x ft8, zero
C0:        307 [1] pc=[00000000800000c8] W[r29=0000000000000000][0] R[r 0=0000000000000000] R[r 0=0000000000000000] inst=[f0000ed3] fmv.w.x ft9, zero
C0:        308 [1] pc=[00000000800000cc] W[r30=0000000000000000][0] R[r 0=0000000000000000] R[r 0=0000000000000000] inst=[f0000f53] fmv.w.x ft10, zero
C0:        309 [1] pc=[00000000800000d0] W[r31=0000000000000000][0] R[r 0=0000000000000000] R[r 0=0000000000000000] inst=[f0000fd3] fmv.w.x ft11, zero
C0:        310 [1] pc=[00000000800000d4] W[r 3=00000000800030d4][1] R[r 0=0000000000000000] R[r 0=0000000000000000] inst=[00003197] auipc   gp, 0x3
C0:        311 [1] pc=[00000000800000d8] W[r 3=0000000080002a00][1] R[r 3=00000000800030d4] R[r 0=0000000000000000] inst=[92c18193] addi    gp, gp, -1748
C0:        312 [1] pc=[00000000800000dc] W[r 8=0000000000000000][1] R[r 0=0000000000000000] R[r 0=0000000000000000] inst=[f1402473] csrr    s0, unknown_f14
C0:        313 [1] pc=[00000000800000e0] W[r 5=000000000000000f][1] R[r 0=0000000000000000] R[r 0=0000000000000000] inst=[00f00293] li      t0, 15
C0:        314 [1] pc=[00000000800000e4] W[r 4=00000000800230e4][1] R[r 0=0000000000000000] R[r 0=0000000000000000] inst=[00023217] auipc   tp, 0x23
C0:        315 [1] pc=[00000000800000e8] W[r 4=0000000080023000][1] R[r 4=00000000800230e4] R[r 0=0000000000000000] inst=[f1c20213] addi    tp, tp, -228
C0:        316 [1] pc=[00000000800000ec] W[r 5=0000000000000000][1] R[r 8=0000000000000000] R[r 5=000000000000000f] inst=[005412b3] sll     t0, s0, t0
C0:        317 [1] pc=[00000000800000f0] W[r 4=0000000080023000][1] R[r 4=0000000080023000] R[r 5=0000000000000000] inst=[00009216] c.add   tp, t0
C0:        318 [1] pc=[00000000800000f2] W[r 5=0000000000008000][1] R[r 0=0000000000000000] R[r 0=0000000000000000] inst=[000062a1] c.lui   t0, 0x8
C0:        319 [1] pc=[00000000800000f4] W[r 5=0000000000008000][1] R[r 5=0000000000008000] R[r 0=0000000000000000] inst=[00028293] mv      t0, t0
C0:        320 [1] pc=[00000000800000f8] W[r 2=000000008002b000][1] R[r 4=0000000080023000] R[r 5=0000000000008000] inst=[00520133] add     sp, tp, t0
C0:        321 [1] pc=[00000000800000fc] W[r 5=00000000800000fc][1] R[r 0=0000000000000000] R[r 0=0000000000000000] inst=[00000297] auipc   t0, 0x0
C0:        343 [1] pc=[0000000080000100] W[r 5=0000000080000140][1] R[r 5=00000000800000fc] R[r 0=0000000000000000] inst=[04428293] addi    t0, t0, 68
C0:        344 [1] pc=[0000000080000104] W[r 0=00000000800000d4][1] R[r 5=0000000080000140] R[r 0=0000000000000000] inst=[30529073] csrw    unknown_305, t0
C0:        349 [1] pc=[0000000080000108] W[r 1=000000008000010c][1] R[r 0=0000000000000000] R[r 0=0000000000000000] inst=[341010ef] jal     pc + 0x1b40
C0:        371 [1] pc=[0000000080001c48] W[r 2=000000008002aff0][1] R[r 2=000000008002b000] R[r 0=0000000000000000] inst=[00001141] c.addi  sp, -16
C0:        372 [1] pc=[0000000080001c4a] W[r12=0000000000000000][1] R[r 0=0000000000000000] R[r 0=0000000000000000] inst=[00000613] li      a2, 0
C0:        373 [1] pc=[0000000080001c4e] W[r11=0000000080001c4e][1] R[r 0=0000000000000000] R[r 0=0000000000000000] inst=[00000597] auipc   a1, 0x0
C0:        374 [1] pc=[0000000080001c52] W[r11=0000000080001f0e][1] R[r11=0000000080001c4e] R[r 0=0000000000000000] inst=[2c058593] addi    a1, a1, 704
C0:        375 [1] pc=[0000000080001c56] W[r10=0000000080023000][1] R[r 0=0000000000000000] R[r 4=0000000080023000] inst=[00008512] c.mv    a0, tp
C0:        401 [1] pc=[0000000080001c58] W[r 0=0000000000000000][0] R[r 2=000000008002aff0] R[r 8=0000000000000000] inst=[0000e022] c.sdsp  s0, 0(sp)
C0:        402 [1] pc=[0000000080001c5a] W[r 0=0000000000000000][0] R[r 2=000000008002aff0] R[r 1=000000008000010c] inst=[0000e406] c.sdsp  ra, 8(sp)
C0:        403 [1] pc=[0000000080001c5c] W[r 8=0000000080023000][1] R[r 0=0000000000000000] R[r 4=0000000080023000] inst=[00008412] c.mv    s0, tp
C0:        404 [1] pc=[0000000080001c5e] W[r 1=0000000080001c62][1] R[r 0=0000000000000000] R[r 0=0000000000000000] inst=[89dff0ef] jal     pc - 0x764
C0:        426 [1] pc=[00000000800014fa] W[r 6=0000000080023000][1] R[r 0=0000000000000000] R[r10=0000000080023000] inst=[0000832a] c.mv    t1, a0
C0:        427 [1] pc=[00000000800014fc] W[r 0=0000000000000000][0] R[r12=0000000000000000] R[r 0=0000000000000000] inst=[0000ca09] c.beqz  a2, pc + 18
C0:        452 [1] pc=[000000008000150e] W[r 0=0000000080001510][1] R[r 1=0000000080001c62] R[r 0=0000000000000000] inst=[00008082] ret
C0:        455 [1] pc=[0000000080001c62] W[r10=0000000000000000][1] R[r 0=0000000000000000] R[r 0=0000000000000000] inst=[00000513] li      a0, 0
C0:        456 [1] pc=[0000000080001c66] W[r10=0000000080023000][1] R[r10=0000000000000000] R[r 8=0000000080023000] inst=[00009522] c.add   a0, s0
C0:        457 [1] pc=[0000000080001c68] W[r 8=0000000000000000][1] R[r 2=000000008002aff0] R[r 0=0000000000000000] inst=[00006402] c.ldsp  s0, 0(sp)
C0:        458 [1] pc=[0000000080001c6a] W[r 1=000000008000010c][1] R[r 2=000000008002aff0] R[r 0=0000000000000000] inst=[000060a2] c.ldsp  ra, 8(sp)
C0:        459 [1] pc=[0000000080001c6c] W[r12=0000000000000000][1] R[r 0=0000000000000000] R[r 0=0000000000000000] inst=[00000613] li      a2, 0
C0:        460 [1] pc=[0000000080001c70] W[r11=0000000000000000][1] R[r 0=0000000000000000] R[r 0=0000000000000000] inst=[00004581] c.li    a1, 0
C0:        461 [1] pc=[0000000080001c72] W[r 2=000000008002b000][1] R[r 2=000000008002aff0] R[r 0=0000000000000000] inst=[00000141] c.addi  sp, 16
C0:        462 [1] pc=[0000000080001c74] W[r 0=0000000080001c78][1] R[r 0=0000000000000000] R[r 0=0000000000000000] inst=[b17fe06f] j       pc - 0x14ea
C0:        484 [1] pc=[000000008000078a] W[r 6=0000000080023000][1] R[r 0=0000000000000000] R[r10=0000000080023000] inst=[0000832a] c.mv    t1, a0
C0:        485 [1] pc=[000000008000078c] W[r 0=0000000000000000][0] R[r12=0000000000000000] R[r 0=0000000000000000] inst=[0000c611] c.beqz  a2, pc + 12
C0:        489 [1] pc=[0000000080000798] W[r 0=000000008000079a][1] R[r 1=000000008000010c] R[r 0=0000000000000000] inst=[00008082] ret
C0:        493 [1] pc=[000000008000010c] W[r 5=0000000000000000][1] R[r 0=0000000000000000] R[r 0=0000000000000000] inst=[00000293] li      t0, 0
C0:        494 [1] pc=[0000000080000110] W[r 0=0000000000000000][0] R[r 8=0000000000000000] R[r 5=0000000000000000] inst=[00540463] beq     s0, t0, pc + 8
C0:        498 [1] pc=[0000000080000118] W[r 5=0000000080002220][1] R[r 3=0000000080002a00] R[r 0=0000000000000000] inst=[82018293] addi    t0, gp, -2016
C0:        499 [1] pc=[000000008000011c] W[r 6=000000008000236c][1] R[r 3=0000000080002a00] R[r 0=0000000000000000] inst=[96c18313] addi    t1, gp, -1684
C0:        500 [1] pc=[0000000080000120] W[r 0=0000000000000000][0] R[r 5=0000000080002220] R[r 6=000000008000236c] inst=[0062f763] bgeu    t0, t1, pc + 14
C0:        517 [1] pc=[0000000080000124] W[r 0=0000000000000000][0] R[r 5=0000000080002220] R[r 0=0000000000000000] inst=[0002b023] sd      zero, 0(t0)
C0:        518 [1] pc=[0000000080000128] W[r 5=0000000080002228][1] R[r 5=0000000080002220] R[r 0=0000000000000000] inst=[000002a1] c.addi  t0, 8
C0:        519 [1] pc=[000000008000012a] W[r 0=0000000000000000][0] R[r 5=0000000080002228] R[r 6=000000008000236c] inst=[fe62ede3] bltu    t0, t1, pc - 6
C0:        523 [1] pc=[0000000080000124] W[r 0=0000000000000000][0] R[r 5=0000000080002228] R[r 0=0000000000000000] inst=[0002b023] sd      zero, 0(t0)
C0:        524 [1] pc=[0000000080000128] W[r 5=0000000080002230][1] R[r 5=0000000080002228] R[r 0=0000000000000000] inst=[000002a1] c.addi  t0, 8
C0:        525 [1] pc=[000000008000012a] W[r 0=0000000000000000][0] R[r 5=0000000080002230] R[r 6=000000008000236c] inst=[fe62ede3] bltu    t0, t1, pc - 6
C0:        529 [1] pc=[0000000080000124] W[r 0=0000000000000000][0] R[r 5=0000000080002230] R[r 0=0000000000000000] inst=[0002b023] sd      zero, 0(t0)
C0:        530 [1] pc=[0000000080000128] W[r 5=0000000080002238][1] R[r 5=0000000080002230] R[r 0=0000000000000000] inst=[000002a1] c.addi  t0, 8
C0:        531 [1] pc=[000000008000012a] W[r 0=0000000000000000][0] R[r 5=0000000080002238] R[r 6=000000008000236c] inst=[fe62ede3] bltu    t0, t1, pc - 6
C0:        535 [1] pc=[0000000080000124] W[r 0=0000000000000000][0] R[r 5=0000000080002238] R[r 0=0000000000000000] inst=[0002b023] sd      zero, 0(t0)
C0:        536 [1] pc=[0000000080000128] W[r 5=0000000080002240][1] R[r 5=0000000080002238] R[r 0=0000000000000000] inst=[000002a1] c.addi  t0, 8
C0:        537 [1] pc=[000000008000012a] W[r 0=0000000000000000][0] R[r 5=0000000080002240] R[r 6=000000008000236c] inst=[fe62ede3] bltu    t0, t1, pc - 6
C0:        557 [1] pc=[0000000080000124] W[r 0=0000000000000000][0] R[r 5=0000000080002240] R[r 0=0000000000000000] inst=[0002b023] sd      zero, 0(t0)
C0:        558 [1] pc=[0000000080000128] W[r 5=0000000080002248][1] R[r 5=0000000080002240] R[r 0=0000000000000000] inst=[000002a1] c.addi  t0, 8
C0:        559 [1] pc=[000000008000012a] W[r 0=0000000000000000][0] R[r 5=0000000080002248] R[r 6=000000008000236c] inst=[fe62ede3] bltu    t0, t1, pc - 6
C0:        563 [1] pc=[0000000080000124] W[r 0=0000000000000000][0] R[r 5=0000000080002248] R[r 0=0000000000000000] inst=[0002b023] sd      zero, 0(t0)
C0:        564 [1] pc=[0000000080000128] W[r 5=0000000080002250][1] R[r 5=0000000080002248] R[r 0=0000000000000000] inst=[000002a1] c.addi  t0, 8
C0:        565 [1] pc=[000000008000012a] W[r 0=0000000000000000][0] R[r 5=0000000080002250] R[r 6=000000008000236c] inst=[fe62ede3] bltu    t0, t1, pc - 6
C0:        569 [1] pc=[0000000080000124] W[r 0=0000000000000000][0] R[r 5=0000000080002250] R[r 0=0000000000000000] inst=[0002b023] sd      zero, 0(t0)
C0:        570 [1] pc=[0000000080000128] W[r 5=0000000080002258][1] R[r 5=0000000080002250] R[r 0=0000000000000000] inst=[000002a1] c.addi  t0, 8
C0:        571 [1] pc=[000000008000012a] W[r 0=0000000000000000][0] R[r 5=0000000080002258] R[r 6=000000008000236c] inst=[fe62ede3] bltu    t0, t1, pc - 6
C0:        572 [1] pc=[0000000080000124] W[r 0=0000000000000000][0] R[r 5=0000000080002258] R[r 0=0000000000000000] inst=[0002b023] sd      zero, 0(t0)
C0:        573 [1] pc=[0000000080000128] W[r 5=0000000080002260][1] R[r 5=0000000080002258] R[r 0=0000000000000000] inst=[000002a1] c.addi  t0, 8
C0:        574 [1] pc=[000000008000012a] W[r 0=0000000000000000][0] R[r 5=0000000080002260] R[r 6=000000008000236c] inst=[fe62ede3] bltu    t0, t1, pc - 6
C0:        578 [1] pc=[0000000080000124] W[r 0=0000000000000000][0] R[r 5=0000000080002260] R[r 0=0000000000000000] inst=[0002b023] sd      zero, 0(t0)
C0:        579 [1] pc=[0000000080000128] W[r 5=0000000080002268][1] R[r 5=0000000080002260] R[r 0=0000000000000000] inst=[000002a1] c.addi  t0, 8
C0:        580 [1] pc=[000000008000012a] W[r 0=0000000000000000][0] R[r 5=0000000080002268] R[r 6=000000008000236c] inst=[fe62ede3] bltu    t0, t1, pc - 6
C0:        581 [1] pc=[0000000080000124] W[r 0=0000000000000000][0] R[r 5=0000000080002268] R[r 0=0000000000000000] inst=[0002b023] sd      zero, 0(t0)
C0:        582 [1] pc=[0000000080000128] W[r 5=0000000080002270][1] R[r 5=0000000080002268] R[r 0=0000000000000000] inst=[000002a1] c.addi  t0, 8
C0:        583 [1] pc=[000000008000012a] W[r 0=0000000000000000][0] R[r 5=0000000080002270] R[r 6=000000008000236c] inst=[fe62ede3] bltu    t0, t1, pc - 6
C0:        584 [1] pc=[0000000080000124] W[r 0=0000000000000000][0] R[r 5=0000000080002270] R[r 0=0000000000000000] inst=[0002b023] sd      zero, 0(t0)
C0:        585 [1] pc=[0000000080000128] W[r 5=0000000080002278][1] R[r 5=0000000080002270] R[r 0=0000000000000000] inst=[000002a1] c.addi  t0, 8
C0:        586 [1] pc=[000000008000012a] W[r 0=0000000000000000][0] R[r 5=0000000080002278] R[r 6=000000008000236c] inst=[fe62ede3] bltu    t0, t1, pc - 6
C0:        587 [1] pc=[0000000080000124] W[r 0=0000000000000000][0] R[r 5=0000000080002278] R[r 0=0000000000000000] inst=[0002b023] sd      zero, 0(t0)
C0:        588 [1] pc=[0000000080000128] W[r 5=0000000080002280][1] R[r 5=0000000080002278] R[r 0=0000000000000000] inst=[000002a1] c.addi  t0, 8
C0:        589 [1] pc=[000000008000012a] W[r 0=0000000000000000][0] R[r 5=0000000080002280] R[r 6=000000008000236c] inst=[fe62ede3] bltu    t0, t1, pc - 6
C0:        606 [1] pc=[0000000080000124] W[r 0=0000000000000000][0] R[r 5=0000000080002280] R[r 0=0000000000000000] inst=[0002b023] sd      zero, 0(t0)
C0:        607 [1] pc=[0000000080000128] W[r 5=0000000080002288][1] R[r 5=0000000080002280] R[r 0=0000000000000000] inst=[000002a1] c.addi  t0, 8
C0:        608 [1] pc=[000000008000012a] W[r 0=0000000000000000][0] R[r 5=0000000080002288] R[r 6=000000008000236c] inst=[fe62ede3] bltu    t0, t1, pc - 6
C0:        609 [1] pc=[0000000080000124] W[r 0=0000000000000000][0] R[r 5=0000000080002288] R[r 0=0000000000000000] inst=[0002b023] sd      zero, 0(t0)
C0:        610 [1] pc=[0000000080000128] W[r 5=0000000080002290][1] R[r 5=0000000080002288] R[r 0=0000000000000000] inst=[000002a1] c.addi  t0, 8
C0:        611 [1] pc=[000000008000012a] W[r 0=0000000000000000][0] R[r 5=0000000080002290] R[r 6=000000008000236c] inst=[fe62ede3] bltu    t0, t1, pc - 6
C0:        612 [1] pc=[0000000080000124] W[r 0=0000000000000000][0] R[r 5=0000000080002290] R[r 0=0000000000000000] inst=[0002b023] sd      zero, 0(t0)
C0:        613 [1] pc=[0000000080000128] W[r 5=0000000080002298][1] R[r 5=0000000080002290] R[r 0=0000000000000000] inst=[000002a1] c.addi  t0, 8
C0:        614 [1] pc=[000000008000012a] W[r 0=0000000000000000][0] R[r 5=0000000080002298] R[r 6=000000008000236c] inst=[fe62ede3] bltu    t0, t1, pc - 6
C0:        615 [1] pc=[0000000080000124] W[r 0=0000000000000000][0] R[r 5=0000000080002298] R[r 0=0000000000000000] inst=[0002b023] sd      zero, 0(t0)
C0:        616 [1] pc=[0000000080000128] W[r 5=00000000800022a0][1] R[r 5=0000000080002298] R[r 0=0000000000000000] inst=[000002a1] c.addi  t0, 8
C0:        617 [1] pc=[000000008000012a] W[r 0=0000000000000000][0] R[r 5=00000000800022a0] R[r 6=000000008000236c] inst=[fe62ede3] bltu    t0, t1, pc - 6
C0:        618 [1] pc=[0000000080000124] W[r 0=0000000000000000][0] R[r 5=00000000800022a0] R[r 0=0000000000000000] inst=[0002b023] sd      zero, 0(t0)
C0:        619 [1] pc=[0000000080000128] W[r 5=00000000800022a8][1] R[r 5=00000000800022a0] R[r 0=0000000000000000] inst=[000002a1] c.addi  t0, 8
C0:        620 [1] pc=[000000008000012a] W[r 0=0000000000000000][0] R[r 5=00000000800022a8] R[r 6=000000008000236c] inst=[fe62ede3] bltu    t0, t1, pc - 6
C0:        621 [1] pc=[0000000080000124] W[r 0=0000000000000000][0] R[r 5=00000000800022a8] R[r 0=0000000000000000] inst=[0002b023] sd      zero, 0(t0)
C0:        622 [1] pc=[0000000080000128] W[r 5=00000000800022b0][1] R[r 5=00000000800022a8] R[r 0=0000000000000000] inst=[000002a1] c.addi  t0, 8
C0:        623 [1] pc=[000000008000012a] W[r 0=0000000000000000][0] R[r 5=00000000800022b0] R[r 6=000000008000236c] inst=[fe62ede3] bltu    t0, t1, pc - 6
C0:        624 [1] pc=[0000000080000124] W[r 0=0000000000000000][0] R[r 5=00000000800022b0] R[r 0=0000000000000000] inst=[0002b023] sd      zero, 0(t0)
C0:        625 [1] pc=[0000000080000128] W[r 5=00000000800022b8][1] R[r 5=00000000800022b0] R[r 0=0000000000000000] inst=[000002a1] c.addi  t0, 8
C0:        626 [1] pc=[000000008000012a] W[r 0=0000000000000000][0] R[r 5=00000000800022b8] R[r 6=000000008000236c] inst=[fe62ede3] bltu    t0, t1, pc - 6
C0:        627 [1] pc=[0000000080000124] W[r 0=0000000000000000][0] R[r 5=00000000800022b8] R[r 0=0000000000000000] inst=[0002b023] sd      zero, 0(t0)
C0:        628 [1] pc=[0000000080000128] W[r 5=00000000800022c0][1] R[r 5=00000000800022b8] R[r 0=0000000000000000] inst=[000002a1] c.addi  t0, 8
C0:        629 [1] pc=[000000008000012a] W[r 0=0000000000000000][0] R[r 5=00000000800022c0] R[r 6=000000008000236c] inst=[fe62ede3] bltu    t0, t1, pc - 6
C0:        646 [1] pc=[0000000080000124] W[r 0=0000000000000000][0] R[r 5=00000000800022c0] R[r 0=0000000000000000] inst=[0002b023] sd      zero, 0(t0)
C0:        647 [1] pc=[0000000080000128] W[r 5=00000000800022c8][1] R[r 5=00000000800022c0] R[r 0=0000000000000000] inst=[000002a1] c.addi  t0, 8
C0:        648 [1] pc=[000000008000012a] W[r 0=0000000000000000][0] R[r 5=00000000800022c8] R[r 6=000000008000236c] inst=[fe62ede3] bltu    t0, t1, pc - 6
C0:        649 [1] pc=[0000000080000124] W[r 0=0000000000000000][0] R[r 5=00000000800022c8] R[r 0=0000000000000000] inst=[0002b023] sd      zero, 0(t0)
C0:        650 [1] pc=[0000000080000128] W[r 5=00000000800022d0][1] R[r 5=00000000800022c8] R[r 0=0000000000000000] inst=[000002a1] c.addi  t0, 8
C0:        651 [1] pc=[000000008000012a] W[r 0=0000000000000000][0] R[r 5=00000000800022d0] R[r 6=000000008000236c] inst=[fe62ede3] bltu    t0, t1, pc - 6
C0:        652 [1] pc=[0000000080000124] W[r 0=0000000000000000][0] R[r 5=00000000800022d0] R[r 0=0000000000000000] inst=[0002b023] sd      zero, 0(t0)
C0:        653 [1] pc=[0000000080000128] W[r 5=00000000800022d8][1] R[r 5=00000000800022d0] R[r 0=0000000000000000] inst=[000002a1] c.addi  t0, 8
C0:        654 [1] pc=[000000008000012a] W[r 0=0000000000000000][0] R[r 5=00000000800022d8] R[r 6=000000008000236c] inst=[fe62ede3] bltu    t0, t1, pc - 6
C0:        655 [1] pc=[0000000080000124] W[r 0=0000000000000000][0] R[r 5=00000000800022d8] R[r 0=0000000000000000] inst=[0002b023] sd      zero, 0(t0)
C0:        656 [1] pc=[0000000080000128] W[r 5=00000000800022e0][1] R[r 5=00000000800022d8] R[r 0=0000000000000000] inst=[000002a1] c.addi  t0, 8
C0:        657 [1] pc=[000000008000012a] W[r 0=0000000000000000][0] R[r 5=00000000800022e0] R[r 6=000000008000236c] inst=[fe62ede3] bltu    t0, t1, pc - 6
C0:        658 [1] pc=[0000000080000124] W[r 0=0000000000000000][0] R[r 5=00000000800022e0] R[r 0=0000000000000000] inst=[0002b023] sd      zero, 0(t0)
C0:        659 [1] pc=[0000000080000128] W[r 5=00000000800022e8][1] R[r 5=00000000800022e0] R[r 0=0000000000000000] inst=[000002a1] c.addi  t0, 8
C0:        660 [1] pc=[000000008000012a] W[r 0=0000000000000000][0] R[r 5=00000000800022e8] R[r 6=000000008000236c] inst=[fe62ede3] bltu    t0, t1, pc - 6
C0:        661 [1] pc=[0000000080000124] W[r 0=0000000000000000][0] R[r 5=00000000800022e8] R[r 0=0000000000000000] inst=[0002b023] sd      zero, 0(t0)
C0:        662 [1] pc=[0000000080000128] W[r 5=00000000800022f0][1] R[r 5=00000000800022e8] R[r 0=0000000000000000] inst=[000002a1] c.addi  t0, 8
C0:        663 [1] pc=[000000008000012a] W[r 0=0000000000000000][0] R[r 5=00000000800022f0] R[r 6=000000008000236c] inst=[fe62ede3] bltu    t0, t1, pc - 6
C0:        664 [1] pc=[0000000080000124] W[r 0=0000000000000000][0] R[r 5=00000000800022f0] R[r 0=0000000000000000] inst=[0002b023] sd      zero, 0(t0)
C0:        665 [1] pc=[0000000080000128] W[r 5=00000000800022f8][1] R[r 5=00000000800022f0] R[r 0=0000000000000000] inst=[000002a1] c.addi  t0, 8
C0:        666 [1] pc=[000000008000012a] W[r 0=0000000000000000][0] R[r 5=00000000800022f8] R[r 6=000000008000236c] inst=[fe62ede3] bltu    t0, t1, pc - 6
C0:        667 [1] pc=[0000000080000124] W[r 0=0000000000000000][0] R[r 5=00000000800022f8] R[r 0=0000000000000000] inst=[0002b023] sd      zero, 0(t0)
C0:        668 [1] pc=[0000000080000128] W[r 5=0000000080002300][1] R[r 5=00000000800022f8] R[r 0=0000000000000000] inst=[000002a1] c.addi  t0, 8
C0:        669 [1] pc=[000000008000012a] W[r 0=0000000000000000][0] R[r 5=0000000080002300] R[r 6=000000008000236c] inst=[fe62ede3] bltu    t0, t1, pc - 6
C0:        686 [1] pc=[0000000080000124] W[r 0=0000000000000000][0] R[r 5=0000000080002300] R[r 0=0000000000000000] inst=[0002b023] sd      zero, 0(t0)
C0:        687 [1] pc=[0000000080000128] W[r 5=0000000080002308][1] R[r 5=0000000080002300] R[r 0=0000000000000000] inst=[000002a1] c.addi  t0, 8
C0:        688 [1] pc=[000000008000012a] W[r 0=0000000000000000][0] R[r 5=0000000080002308] R[r 6=000000008000236c] inst=[fe62ede3] bltu    t0, t1, pc - 6
C0:        689 [1] pc=[0000000080000124] W[r 0=0000000000000000][0] R[r 5=0000000080002308] R[r 0=0000000000000000] inst=[0002b023] sd      zero, 0(t0)
C0:        690 [1] pc=[0000000080000128] W[r 5=0000000080002310][1] R[r 5=0000000080002308] R[r 0=0000000000000000] inst=[000002a1] c.addi  t0, 8
C0:        691 [1] pc=[000000008000012a] W[r 0=0000000000000000][0] R[r 5=0000000080002310] R[r 6=000000008000236c] inst=[fe62ede3] bltu    t0, t1, pc - 6
C0:        692 [1] pc=[0000000080000124] W[r 0=0000000000000000][0] R[r 5=0000000080002310] R[r 0=0000000000000000] inst=[0002b023] sd      zero, 0(t0)
C0:        693 [1] pc=[0000000080000128] W[r 5=0000000080002318][1] R[r 5=0000000080002310] R[r 0=0000000000000000] inst=[000002a1] c.addi  t0, 8
C0:        694 [1] pc=[000000008000012a] W[r 0=0000000000000000][0] R[r 5=0000000080002318] R[r 6=000000008000236c] inst=[fe62ede3] bltu    t0, t1, pc - 6
C0:        695 [1] pc=[0000000080000124] W[r 0=0000000000000000][0] R[r 5=0000000080002318] R[r 0=0000000000000000] inst=[0002b023] sd      zero, 0(t0)
C0:        696 [1] pc=[0000000080000128] W[r 5=0000000080002320][1] R[r 5=0000000080002318] R[r 0=0000000000000000] inst=[000002a1] c.addi  t0, 8
C0:        697 [1] pc=[000000008000012a] W[r 0=0000000000000000][0] R[r 5=0000000080002320] R[r 6=000000008000236c] inst=[fe62ede3] bltu    t0, t1, pc - 6
C0:        698 [1] pc=[0000000080000124] W[r 0=0000000000000000][0] R[r 5=0000000080002320] R[r 0=0000000000000000] inst=[0002b023] sd      zero, 0(t0)
C0:        699 [1] pc=[0000000080000128] W[r 5=0000000080002328][1] R[r 5=0000000080002320] R[r 0=0000000000000000] inst=[000002a1] c.addi  t0, 8
C0:        700 [1] pc=[000000008000012a] W[r 0=0000000000000000][0] R[r 5=0000000080002328] R[r 6=000000008000236c] inst=[fe62ede3] bltu    t0, t1, pc - 6
C0:        701 [1] pc=[0000000080000124] W[r 0=0000000000000000][0] R[r 5=0000000080002328] R[r 0=0000000000000000] inst=[0002b023] sd      zero, 0(t0)
C0:        702 [1] pc=[0000000080000128] W[r 5=0000000080002330][1] R[r 5=0000000080002328] R[r 0=0000000000000000] inst=[000002a1] c.addi  t0, 8
C0:        703 [1] pc=[000000008000012a] W[r 0=0000000000000000][0] R[r 5=0000000080002330] R[r 6=000000008000236c] inst=[fe62ede3] bltu    t0, t1, pc - 6
C0:        704 [1] pc=[0000000080000124] W[r 0=0000000000000000][0] R[r 5=0000000080002330] R[r 0=0000000000000000] inst=[0002b023] sd      zero, 0(t0)
C0:        705 [1] pc=[0000000080000128] W[r 5=0000000080002338][1] R[r 5=0000000080002330] R[r 0=0000000000000000] inst=[000002a1] c.addi  t0, 8
C0:        706 [1] pc=[000000008000012a] W[r 0=0000000000000000][0] R[r 5=0000000080002338] R[r 6=000000008000236c] inst=[fe62ede3] bltu    t0, t1, pc - 6
C0:        707 [1] pc=[0000000080000124] W[r 0=0000000000000000][0] R[r 5=0000000080002338] R[r 0=0000000000000000] inst=[0002b023] sd      zero, 0(t0)
C0:        708 [1] pc=[0000000080000128] W[r 5=0000000080002340][1] R[r 5=0000000080002338] R[r 0=0000000000000000] inst=[000002a1] c.addi  t0, 8
C0:        709 [1] pc=[000000008000012a] W[r 0=0000000000000000][0] R[r 5=0000000080002340] R[r 6=000000008000236c] inst=[fe62ede3] bltu    t0, t1, pc - 6
C0:        726 [1] pc=[0000000080000124] W[r 0=0000000000000000][0] R[r 5=0000000080002340] R[r 0=0000000000000000] inst=[0002b023] sd      zero, 0(t0)
C0:        727 [1] pc=[0000000080000128] W[r 5=0000000080002348][1] R[r 5=0000000080002340] R[r 0=0000000000000000] inst=[000002a1] c.addi  t0, 8
C0:        728 [1] pc=[000000008000012a] W[r 0=0000000000000000][0] R[r 5=0000000080002348] R[r 6=000000008000236c] inst=[fe62ede3] bltu    t0, t1, pc - 6
C0:        729 [1] pc=[0000000080000124] W[r 0=0000000000000000][0] R[r 5=0000000080002348] R[r 0=0000000000000000] inst=[0002b023] sd      zero, 0(t0)
C0:        730 [1] pc=[0000000080000128] W[r 5=0000000080002350][1] R[r 5=0000000080002348] R[r 0=0000000000000000] inst=[000002a1] c.addi  t0, 8
C0:        731 [1] pc=[000000008000012a] W[r 0=0000000000000000][0] R[r 5=0000000080002350] R[r 6=000000008000236c] inst=[fe62ede3] bltu    t0, t1, pc - 6
C0:        732 [1] pc=[0000000080000124] W[r 0=0000000000000000][0] R[r 5=0000000080002350] R[r 0=0000000000000000] inst=[0002b023] sd      zero, 0(t0)
C0:        733 [1] pc=[0000000080000128] W[r 5=0000000080002358][1] R[r 5=0000000080002350] R[r 0=0000000000000000] inst=[000002a1] c.addi  t0, 8
C0:        734 [1] pc=[000000008000012a] W[r 0=0000000000000000][0] R[r 5=0000000080002358] R[r 6=000000008000236c] inst=[fe62ede3] bltu    t0, t1, pc - 6
C0:        735 [1] pc=[0000000080000124] W[r 0=0000000000000000][0] R[r 5=0000000080002358] R[r 0=0000000000000000] inst=[0002b023] sd      zero, 0(t0)
C0:        736 [1] pc=[0000000080000128] W[r 5=0000000080002360][1] R[r 5=0000000080002358] R[r 0=0000000000000000] inst=[000002a1] c.addi  t0, 8
C0:        737 [1] pc=[000000008000012a] W[r 0=0000000000000000][0] R[r 5=0000000080002360] R[r 6=000000008000236c] inst=[fe62ede3] bltu    t0, t1, pc - 6
C0:        738 [1] pc=[0000000080000124] W[r 0=0000000000000000][0] R[r 5=0000000080002360] R[r 0=0000000000000000] inst=[0002b023] sd      zero, 0(t0)
C0:        739 [1] pc=[0000000080000128] W[r 5=0000000080002368][1] R[r 5=0000000080002360] R[r 0=0000000000000000] inst=[000002a1] c.addi  t0, 8
C0:        740 [1] pc=[000000008000012a] W[r 0=0000000000000000][0] R[r 5=0000000080002368] R[r 6=000000008000236c] inst=[fe62ede3] bltu    t0, t1, pc - 6
C0:        741 [1] pc=[0000000080000124] W[r 0=0000000000000000][0] R[r 5=0000000080002368] R[r 0=0000000000000000] inst=[0002b023] sd      zero, 0(t0)
C0:        742 [1] pc=[0000000080000128] W[r 5=0000000080002370][1] R[r 5=0000000080002368] R[r 0=0000000000000000] inst=[000002a1] c.addi  t0, 8
C0:        743 [1] pc=[000000008000012a] W[r 0=0000000000000000][0] R[r 5=0000000080002370] R[r 6=000000008000236c] inst=[fe62ede3] bltu    t0, t1, pc - 6
C0:        748 [1] pc=[000000008000012e] W[r10=000000008000212e][1] R[r 0=0000000000000000] R[r 0=0000000000000000] inst=[00002517] auipc   a0, 0x2
C0:        749 [1] pc=[0000000080000132] W[r10=0000000080001d2c][1] R[r10=000000008000212e] R[r 0=0000000000000000] inst=[bfe50513] addi    a0, a0, -1026
C0:        750 [1] pc=[0000000080000136] W[r 1=000000008000013a][1] R[r 0=0000000000000000] R[r 0=0000000000000000] inst=[3b7010ef] jal     pc + 0x1bb6
C0:        773 [1] pc=[0000000080001cec] W[r11=0000000080001d2c][1] R[r 0=0000000000000000] R[r10=0000000080001d2c] inst=[000085aa] c.mv    a1, a0
C0:        774 [1] pc=[0000000080001cee] W[r13=0000000000000000][1] R[r 0=0000000000000000] R[r 0=0000000000000000] inst=[00004681] c.li    a3, 0
C0:        775 [1] pc=[0000000080001cf0] W[r12=0000000000000000][1] R[r 0=0000000000000000] R[r 0=0000000000000000] inst=[00004601] c.li    a2, 0
C0:        776 [1] pc=[0000000080001cf2] W[r10=0000000000000000][1] R[r 0=0000000000000000] R[r 0=0000000000000000] inst=[00004501] c.li    a0, 0
C0:        777 [1] pc=[0000000080001cf4] W[r 0=0000000080001cf6][1] R[r 0=0000000000000000] R[r 0=0000000000000000] inst=[0000a8e9] c.j     pc + 218
C0:        799 [1] pc=[0000000080001dce] W[r17=0000000000000000][1] R[r 0=0000000000000000] R[r10=0000000000000000] inst=[000088aa] c.mv    a7, a0
C0:        800 [1] pc=[0000000080001dd0] W[r10=0000000080002240][1] R[r 3=0000000080002a00] R[r 0=0000000000000000] inst=[84018513] addi    a0, gp, -1984
C0:        801 [1] pc=[0000000080001dd4] W[r15=0000000000000000][1] R[r10=0000000080002240] R[r 0=0000000000000000] inst=[0000611c] c.ld    a5, 0(a0)
C0:        803 [1] pc=[0000000080001dd6] W[r 0=0000000000000000][0] R[r15=0000000000000000] R[r 0=0000000000000000] inst=[0000ef91] c.bnez  a5, pc + 28
C0:        804 [1] pc=[0000000080001dd8] W[r14=0000000080002250][1] R[r 3=0000000080002a00] R[r 0=0000000000000000] inst=[85018713] addi    a4, gp, -1968
C0:        805 [1] pc=[0000000080001ddc] W[r 0=0000000000000000][0] R[r10=0000000080002240] R[r14=0000000080002250] inst=[0000e118] c.sd    a4, 0(a0)
C0:        806 [1] pc=[0000000080001dde] W[r10=0000000000000000][1] R[r 0=0000000000000000] R[r 0=0000000000000000] inst=[00000537] lui     a0, 0x0
C0:        807 [1] pc=[0000000080001de2] W[r10=0000000000000000][1] R[r10=0000000000000000] R[r 0=0000000000000000] inst=[00050513] mv      a0, a0
C0:        808 [1] pc=[0000000080001de6] W[r15=0000000080002250][1] R[r 0=0000000000000000] R[r14=0000000080002250] inst=[000087ba] c.mv    a5, a4
C0:        809 [1] pc=[0000000080001de8] W[r 0=0000000000000000][0] R[r10=0000000000000000] R[r 0=0000000000000000] inst=[0000c509] c.beqz  a0, pc + 10
C0:        813 [1] pc=[0000000080001df2] W[r14=0000000000000000][1] R[r15=0000000080002250] R[r 0=0000000000000000] inst=[00004798] c.lw    a4, 8(a5)
C0:        814 [1] pc=[0000000080001df4] W[r16=000000000000001f][1] R[r 0=0000000000000000] R[r 0=0000000000000000] inst=[0000487d] c.li    a6, 31
C0:        815 [1] pc=[0000000080001df6] W[r10=ffffffffffffffff][1] R[r 0=0000000000000000] R[r 0=0000000000000000] inst=[0000557d] c.li    a0, -1
C0:        816 [1] pc=[0000000080001df8] W[r 0=0000000000000000][0] R[r16=000000000000001f] R[r14=0000000000000000] inst=[04e84763] blt     a6, a4, pc + 78
C0:        817 [1] pc=[0000000080001dfc] W[r 0=0000000000000000][0] R[r17=0000000000000000] R[r 0=0000000000000000] inst=[02088d63] beqz    a7, pc + 58
C0:        843 [1] pc=[0000000080001e36] W[r13=0000000000000001][1] R[r14=0000000000000000] R[r 0=0000000000000000] inst=[0017069b] addiw   a3, a4, 1
C0:        844 [1] pc=[0000000080001e3a] W[r14=0000000000000002][1] R[r14=0000000000000000] R[r 0=0000000000000000] inst=[00000709] c.addi  a4, 2
C0:        845 [1] pc=[0000000080001e3c] W[r14=0000000000000010][1] R[r14=0000000000000002] R[r 0=0000000000000000] inst=[0000070e] c.slli  a4, 3
C0:        846 [1] pc=[0000000080001e3e] W[r 0=0000000000000000][0] R[r15=0000000080002250] R[r13=0000000000000001] inst=[0000c794] c.sw    a3, 8(a5)
C0:        868 [1] pc=[0000000080001e40] W[r15=0000000080002260][1] R[r15=0000000080002250] R[r14=0000000000000010] inst=[000097ba] c.add   a5, a4
C0:        869 [1] pc=[0000000080001e42] W[r 0=0000000000000000][0] R[r15=0000000080002260] R[r11=0000000080001d2c] inst=[0000e38c] c.sd    a1, 0(a5)
C0:        870 [1] pc=[0000000080001e44] W[r10=0000000000000000][1] R[r 0=0000000000000000] R[r 0=0000000000000000] inst=[00004501] c.li    a0, 0
C0:        871 [1] pc=[0000000080001e46] W[r 0=0000000080001e48][1] R[r 1=000000008000013a] R[r 0=0000000000000000] inst=[00008082] ret
C0:        872 [1] pc=[000000008000013a] W[r 1=000000008000013e][1] R[r 0=0000000000000000] R[r 0=0000000000000000] inst=[42b010ef] jal     pc + 0x1c2a
C0:        895 [1] pc=[0000000080001d64] W[r 2=000000008002afe0][1] R[r 2=000000008002b000] R[r 0=0000000000000000] inst=[00001101] c.addi  sp, -32
C0:        896 [1] pc=[0000000080001d66] W[r15=0000000080001d66][1] R[r 0=0000000000000000] R[r 0=0000000000000000] inst=[00000797] auipc   a5, 0x0
C0:        897 [1] pc=[0000000080001d6a] W[r15=0000000080002110][1] R[r15=0000000080001d66] R[r 0=0000000000000000] inst=[3aa78793] addi    a5, a5, 938
C0:        898 [1] pc=[0000000080001d6e] W[r 0=0000000000000000][0] R[r 2=000000008002afe0] R[r 8=0000000000000000] inst=[0000e822] c.sdsp  s0, 16(sp)
C0:        899 [1] pc=[0000000080001d70] W[r 8=0000000080001d70][1] R[r 0=0000000000000000] R[r 0=0000000000000000] inst=[00000417] auipc   s0, 0x0
C0:        900 [1] pc=[0000000080001d74] W[r 8=0000000080002110][1] R[r 8=0000000080001d70] R[r 0=0000000000000000] inst=[3a040413] addi    s0, s0, 928
C0:        901 [1] pc=[0000000080001d78] W[r 8=0000000000000000][1] R[r 8=0000000080002110] R[r15=0000000080002110] inst=[00008c1d] c.sub   s0, a5
C0:        902 [1] pc=[0000000080001d7a] W[r 0=0000000000000000][0] R[r 2=000000008002afe0] R[r 9=0000000000000000] inst=[0000e426] c.sdsp  s1, 8(sp)
C0:        903 [1] pc=[0000000080001d7c] W[r 0=0000000000000000][0] R[r 2=000000008002afe0] R[r18=0000000000000000] inst=[0000e04a] c.sdsp  s2, 0(sp)
C0:        904 [1] pc=[0000000080001d7e] W[r 0=0000000000000000][0] R[r 2=000000008002afe0] R[r 1=000000008000013e] inst=[0000ec06] c.sdsp  ra, 24(sp)
C0:        926 [1] pc=[0000000080001d80] W[r 8=0000000000000000][1] R[r 8=0000000000000000] R[r 0=0000000000000000] inst=[0000840d] c.srai  s0, 3
C0:        927 [1] pc=[0000000080001d82] W[r 9=0000000000000000][1] R[r 0=0000000000000000] R[r 0=0000000000000000] inst=[00004481] c.li    s1, 0
C0:        928 [1] pc=[0000000080001d84] W[r18=0000000080002110][1] R[r 0=0000000000000000] R[r15=0000000080002110] inst=[0000893e] c.mv    s2, a5
C0:        929 [1] pc=[0000000080001d86] W[r 0=0000000000000000][0] R[r 9=0000000000000000] R[r 8=0000000000000000] inst=[02849663] bne     s1, s0, pc + 44
C0:        930 [1] pc=[0000000080001d8a] W[r15=0000000080001d8a][1] R[r 0=0000000000000000] R[r 0=0000000000000000] inst=[00000797] auipc   a5, 0x0
C0:        931 [1] pc=[0000000080001d8e] W[r15=0000000080002110][1] R[r15=0000000080001d8a] R[r 0=0000000000000000] inst=[38678793] addi    a5, a5, 902
C0:        932 [1] pc=[0000000080001d92] W[r 8=0000000080001d92][1] R[r 0=0000000000000000] R[r 0=0000000000000000] inst=[00000417] auipc   s0, 0x0
C0:        933 [1] pc=[0000000080001d96] W[r 8=0000000080002110][1] R[r 8=0000000080001d92] R[r 0=0000000000000000] inst=[37e40413] addi    s0, s0, 894
C0:        934 [1] pc=[0000000080001d9a] W[r 8=0000000000000000][1] R[r 8=0000000080002110] R[r15=0000000080002110] inst=[00008c1d] c.sub   s0, a5
C0:        935 [1] pc=[0000000080001d9c] W[r 8=0000000000000000][1] R[r 8=0000000000000000] R[r 0=0000000000000000] inst=[0000840d] c.srai  s0, 3
C0:        936 [1] pc=[0000000080001d9e] W[r 9=0000000000000000][1] R[r 0=0000000000000000] R[r 0=0000000000000000] inst=[00004481] c.li    s1, 0
C0:        937 [1] pc=[0000000080001da0] W[r18=0000000080002110][1] R[r 0=0000000000000000] R[r15=0000000080002110] inst=[0000893e] c.mv    s2, a5
C0:        938 [1] pc=[0000000080001da2] W[r 0=0000000000000000][0] R[r 9=0000000000000000] R[r 8=0000000000000000] inst=[00849f63] bne     s1, s0, pc + 30
C0:        939 [1] pc=[0000000080001da6] W[r 1=000000008000013e][1] R[r 2=000000008002afe0] R[r 0=0000000000000000] inst=[000060e2] c.ldsp  ra, 24(sp)
C0:        940 [1] pc=[0000000080001da8] W[r 8=0000000000000000][1] R[r 2=000000008002afe0] R[r 0=0000000000000000] inst=[00006442] c.ldsp  s0, 16(sp)
C0:        941 [1] pc=[0000000080001daa] W[r 9=0000000000000000][1] R[r 2=000000008002afe0] R[r 0=0000000000000000] inst=[000064a2] c.ldsp  s1, 8(sp)
C0:        942 [1] pc=[0000000080001dac] W[r18=0000000000000000][1] R[r 2=000000008002afe0] R[r 0=0000000000000000] inst=[00006902] c.ldsp  s2, 0(sp)
C0:        943 [1] pc=[0000000080001dae] W[r 2=000000008002b000][1] R[r 2=000000008002afe0] R[r 0=0000000000000000] inst=[00006105] c.addi16sp sp, 32
C0:        944 [1] pc=[0000000080001db0] W[r 0=0000000080001db2][1] R[r 1=000000008000013e] R[r 0=0000000000000000] inst=[00008082] ret
C0:        945 [1] pc=[000000008000013e] W[r 0=0000000080000140][1] R[r 0=0000000000000000] R[r 0=0000000000000000] inst=[0000a845] c.j     pc + 176
C0:        967 [1] pc=[00000000800001ee] W[r 5=ffffffffffffffff][1] R[r 0=0000000000000000] R[r 0=0000000000000000] inst=[000052fd] c.li    t0, -1
C0:        968 [1] pc=[00000000800001f0] W[r 0=0000000000000000][0] R[r 0=0000000000000000] R[r 0=0000000000000000] inst=[0110000f] fence   w,w
C0:        969 [1] pc=[00000000800001f4] W[r 0=0000000000000000][0] R[r 3=0000000080002a00] R[r 5=ffffffffffffffff] inst=[8451a423] sw      t0, -1976(gp)
C0:        970 [1] pc=[00000000800001f8] W[r10=0000000000000001][1] R[r 0=0000000000000000] R[r 0=0000000000000000] inst=[00004505] c.li    a0, 1
C0:        971 [1] pc=[00000000800001fa] W[r11=00000000800021fa][1] R[r 0=0000000000000000] R[r 0=0000000000000000] inst=[00002597] auipc   a1, 0x2
C0:        994 [1] pc=[00000000800001fe] W[r11=00000000800020c0][1] R[r11=00000000800021fa] R[r 0=0000000000000000] inst=[ec658593] addi    a1, a1, -314
C0:        995 [1] pc=[0000000080000202] W[r12=0000000080002238][1] R[r 3=0000000080002a00] R[r 0=0000000000000000] inst=[8101b603] ld      a2, -2032(gp)
C0:        996 [1] pc=[0000000080000206] W[r 1=000000008000020a][1] R[r 0=0000000000000000] R[r 0=0000000000000000] inst=[044000ef] jal     pc + 0x44
C0:       1019 [1] pc=[000000008000024a] W[r 2=000000008002afa0][1] R[r 2=000000008002b000] R[r 0=0000000000000000] inst=[0000711d] c.addi16sp sp, -96
C0:       1020 [1] pc=[000000008000024c] W[r 0=0000000000000000][0] R[r 2=000000008002afa0] R[r 1=000000008000020a] inst=[0000ec86] c.sdsp  ra, 88(sp)
C0:       1021 [1] pc=[000000008000024e] W[r 0=0000000000000000][0] R[r 2=000000008002afa0] R[r 8=0000000000000000] inst=[0000e8a2] c.sdsp  s0, 80(sp)
C0:       1022 [1] pc=[0000000080000250] W[r 8=000000008002b000][1] R[r 2=000000008002afa0] R[r 0=0000000000000000] inst=[00001080] c.addi4spn s0, sp, 96
C0:       1023 [1] pc=[0000000080000252] W[r15=0000000080002252][1] R[r 0=0000000000000000] R[r 0=0000000000000000] inst=[00002797] auipc   a5, 0x2
C0:       1024 [1] pc=[0000000080000256] W[r15=0000000080001f68][1] R[r15=0000000080002252] R[r 0=0000000000000000] inst=[d1678793] addi    a5, a5, -746
C0:       1041 [1] pc=[000000008000025a] W[r14=0000000200000001][1] R[r15=0000000080001f68] R[r 0=0000000000000000] inst=[00006398] c.ld    a4, 0(a5)
C0:       1043 [1] pc=[000000008000025c] W[r 0=0000000000000000][0] R[r 8=000000008002b000] R[r14=0000000200000001] inst=[fce43023] sd      a4, -64(s0)
C0:       1044 [1] pc=[0000000080000260] W[r15=0000000400000003][1] R[r15=0000000080001f68] R[r 0=0000000000000000] inst=[0000679c] c.ld    a5, 8(a5)
C0:       1046 [1] pc=[0000000080000262] W[r 0=0000000000000000][0] R[r 8=000000008002b000] R[r15=0000000400000003] inst=[fcf43423] sd      a5, -56(s0)
C0:       1047 [1] pc=[0000000080000266] W[r15=0000000080002266][1] R[r 0=0000000000000000] R[r 0=0000000000000000] inst=[00002797] auipc   a5, 0x2
C0:       1048 [1] pc=[000000008000026a] W[r15=0000000080001f68][1] R[r15=0000000080002266] R[r 0=0000000000000000] inst=[d0278793] addi    a5, a5, -766
C0:       1049 [1] pc=[000000008000026e] W[r14=0000000200000001][1] R[r15=0000000080001f68] R[r 0=0000000000000000] inst=[00006398] c.ld    a4, 0(a5)
C0:       1076 [1] pc=[0000000080000270] W[r 0=0000000000000000][0] R[r 8=000000008002b000] R[r14=0000000200000001] inst=[fae43823] sd      a4, -80(s0)
C0:       1077 [1] pc=[0000000080000274] W[r15=0000000400000003][1] R[r15=0000000080001f68] R[r 0=0000000000000000] inst=[0000679c] c.ld    a5, 8(a5)
C0:       1079 [1] pc=[0000000080000276] W[r 0=0000000000000000][0] R[r 8=000000008002b000] R[r15=0000000400000003] inst=[faf43c23] sd      a5, -72(s0)
C0:       1080 [1] pc=[000000008000027a] W[r 0=0000000000000000][0] R[r 8=000000008002b000] R[r 0=0000000000000000] inst=[fa042023] sw      zero, -96(s0)
C0:       1103 [1] pc=[000000008000027e] W[r 0=0000000000000000][0] R[r 8=000000008002b000] R[r 0=0000000000000000] inst=[fa042223] sw      zero, -92(s0)
C0:       1104 [1] pc=[0000000080000282] W[r 0=0000000000000000][0] R[r 8=000000008002b000] R[r 0=0000000000000000] inst=[fa042423] sw      zero, -88(s0)
C0:       1105 [1] pc=[0000000080000286] W[r 0=0000000000000000][0] R[r 8=000000008002b000] R[r 0=0000000000000000] inst=[fa042623] sw      zero, -84(s0)
C0:       1106 [1] pc=[000000008000028a] W[r 1=000000008000028e][1] R[r 0=0000000000000000] R[r 0=0000000000000000] inst=[fa7ff0ef] jal     pc - 0x5a
C0:       1108 [1] pc=[0000000080000230] W[r 2=000000008002af80][1] R[r 2=000000008002afa0] R[r 0=0000000000000000] inst=[00001101] c.addi  sp, -32
C0:       1109 [1] pc=[0000000080000232] W[r 0=0000000000000000][0] R[r 2=000000008002af80] R[r 8=000000008002b000] inst=[0000ec22] c.sdsp  s0, 24(sp)
C0:       1110 [1] pc=[0000000080000234] W[r 8=000000008002afa0][1] R[r 2=000000008002af80] R[r 0=0000000000000000] inst=[00001000] c.addi4spn s0, sp, 32
C0:       1111 [1] pc=[0000000080000236] W[r15=0000000000000457][1] R[r 0=0000000000000000] R[r 0=0000000000000000] inst=[c00027f3] csrr    a5, unknown_c00
C0:       1114 [1] pc=[000000008000023a] W[r 0=0000000000000000][0] R[r 8=000000008002afa0] R[r15=0000000000000457] inst=[fef43423] sd      a5, -24(s0)
C0:       1121 [1] pc=[000000008000023e] W[r15=0000000000000457][1] R[r 8=000000008002afa0] R[r 0=0000000000000000] inst=[fe843783] ld      a5, -24(s0)
C0:       1123 [1] pc=[0000000080000242] W[r10=0000000000000457][1] R[r 0=0000000000000000] R[r15=0000000000000457] inst=[0000853e] c.mv    a0, a5
C0:       1124 [1] pc=[0000000080000244] W[r 8=000000008002b000][1] R[r 2=000000008002af80] R[r 0=0000000000000000] inst=[00006462] c.ldsp  s0, 24(sp)
C0:       1125 [1] pc=[0000000080000246] W[r 2=000000008002afa0][1] R[r 2=000000008002af80] R[r 0=0000000000000000] inst=[00006105] c.addi16sp sp, 32
C0:       1126 [1] pc=[0000000080000248] W[r 0=000000008000024a][1] R[r 1=000000008000028e] R[r 0=0000000000000000] inst=[00008082] ret
C0:       1130 [1] pc=[000000008000028e] W[r15=0000000000000457][1] R[r 0=0000000000000000] R[r10=0000000000000457] inst=[000087aa] c.mv    a5, a0
C0:       1131 [1] pc=[0000000080000290] W[r 0=0000000000000000][0] R[r 8=000000008002b000] R[r15=0000000000000457] inst=[fcf42c23] sw      a5, -40(s0)
C0:       1132 [1] pc=[0000000080000294] W[r 0=0000000000000000][0] R[r 8=000000008002b000] R[r 0=0000000000000000] inst=[fe042623] sw      zero, -20(s0)
C0:       1133 [1] pc=[0000000080000298] W[r 0=000000008000029a][1] R[r 0=0000000000000000] R[r 0=0000000000000000] inst=[0000a0f1] c.j     pc + 204
C0:       1156 [1] pc=[0000000080000364] W[r15=0000000000000000][1] R[r 8=000000008002b000] R[r 0=0000000000000000] inst=[fec42783] lw      a5, -20(s0)
C0:       1158 [1] pc=[0000000080000368] W[r14=0000000000000000][1] R[r15=0000000000000000] R[r 0=0000000000000000] inst=[0007871b] sext.w  a4, a5
C0:       1159 [1] pc=[000000008000036c] W[r15=0000000000000001][1] R[r 0=0000000000000000] R[r 0=0000000000000000] inst=[00004785] c.li    a5, 1
C0:       1160 [1] pc=[000000008000036e] W[r 0=0000000000000000][0] R[r15=0000000000000001] R[r14=0000000000000000] inst=[f2e7d6e3] bge     a5, a4, pc - 212
C0:       1165 [1] pc=[000000008000029a] W[r 0=0000000000000000][0] R[r 8=000000008002b000] R[r 0=0000000000000000] inst=[fe042423] sw      zero, -24(s0)
C0:       1166 [1] pc=[000000008000029e] W[r 0=00000000800002a0][1] R[r 0=0000000000000000] R[r 0=0000000000000000] inst=[0000a07d] c.j     pc + 174
C0:       1172 [1] pc=[000000008000034c] W[r15=0000000000000000][1] R[r 8=000000008002b000] R[r 0=0000000000000000] inst=[fe842783] lw      a5, -24(s0)
C0:       1174 [1] pc=[0000000080000350] W[r14=0000000000000000][1] R[r15=0000000000000000] R[r 0=0000000000000000] inst=[0007871b] sext.w  a4, a5
C0:       1175 [1] pc=[0000000080000354] W[r15=0000000000000001][1] R[r 0=0000000000000000] R[r 0=0000000000000000] inst=[00004785] c.li    a5, 1
C0:       1176 [1] pc=[0000000080000356] W[r 0=0000000000000000][0] R[r15=0000000000000001] R[r14=0000000000000000] inst=[f4e7d5e3] bge     a5, a4, pc - 182
C0:       1180 [1] pc=[00000000800002a0] W[r15=0000000000000000][1] R[r 8=000000008002b000] R[r 0=0000000000000000] inst=[fe842783] lw      a5, -24(s0)
C0:       1181 [1] pc=[00000000800002a4] W[r14=0000000000000000][1] R[r 8=000000008002b000] R[r 0=0000000000000000] inst=[fec42703] lw      a4, -20(s0)
C0:       1183 [1] pc=[00000000800002a8] W[r14=0000000000000000][1] R[r14=0000000000000000] R[r 0=0000000000000000] inst=[00000706] c.slli  a4, 1
C0:       1184 [1] pc=[00000000800002aa] W[r15=0000000000000000][1] R[r15=0000000000000000] R[r14=0000000000000000] inst=[000097ba] c.add   a5, a4
C0:       1185 [1] pc=[00000000800002ac] W[r15=0000000000000000][1] R[r15=0000000000000000] R[r 0=0000000000000000] inst=[0000078a] c.slli  a5, 2
C0:       1186 [1] pc=[00000000800002ae] W[r14=000000008002aff0][1] R[r 8=000000008002b000] R[r 0=0000000000000000] inst=[ff040713] addi    a4, s0, -16
C0:       1187 [1] pc=[00000000800002b2] W[r15=000000008002aff0][1] R[r15=0000000000000000] R[r14=000000008002aff0] inst=[000097ba] c.add   a5, a4
C0:       1188 [1] pc=[00000000800002b4] W[r 0=0000000000000000][0] R[r15=000000008002aff0] R[r 0=0000000000000000] inst=[fa07a823] sw      zero, -80(a5)
C0:       1189 [1] pc=[00000000800002b8] W[r 0=0000000000000000][0] R[r 8=000000008002b000] R[r 0=0000000000000000] inst=[fe042223] sw      zero, -28(s0)
C0:       1190 [1] pc=[00000000800002bc] W[r 0=00000000800002be][1] R[r 0=0000000000000000] R[r 0=0000000000000000] inst=[0000a8a5] c.j     pc + 120
C0:       1212 [1] pc=[0000000080000334] W[r15=0000000000000000][1] R[r 8=000000008002b000] R[r 0=0000000000000000] inst=[fe442783] lw      a5, -28(s0)
C0:       1214 [1] pc=[0000000080000338] W[r14=0000000000000000][1] R[r15=0000000000000000] R[r 0=0000000000000000] inst=[0007871b] sext.w  a4, a5
C0:       1215 [1] pc=[000000008000033c] W[r15=0000000000000001][1] R[r 0=0000000000000000] R[r 0=0000000000000000] inst=[00004785] c.li    a5, 1
C0:       1216 [1] pc=[000000008000033e] W[r 0=0000000000000000][0] R[r15=0000000000000001] R[r14=0000000000000000] inst=[f8e7d0e3] bge     a5, a4, pc - 128
C0:       1243 [1] pc=[00000000800002be] W[r15=0000000000000000][1] R[r 8=000000008002b000] R[r 0=0000000000000000] inst=[fe842783] lw      a5, -24(s0)
C0:       1244 [1] pc=[00000000800002c2] W[r14=0000000000000000][1] R[r 8=000000008002b000] R[r 0=0000000000000000] inst=[fec42703] lw      a4, -20(s0)
C0:       1246 [1] pc=[00000000800002c6] W[r14=0000000000000000][1] R[r14=0000000000000000] R[r 0=0000000000000000] inst=[00000706] c.slli  a4, 1
C0:       1247 [1] pc=[00000000800002c8] W[r15=0000000000000000][1] R[r15=0000000000000000] R[r14=0000000000000000] inst=[000097ba] c.add   a5, a4
C0:       1248 [1] pc=[00000000800002ca] W[r15=0000000000000000][1] R[r15=0000000000000000] R[r 0=0000000000000000] inst=[0000078a] c.slli  a5, 2
C0:       1249 [1] pc=[00000000800002cc] W[r14=000000008002aff0][1] R[r 8=000000008002b000] R[r 0=0000000000000000] inst=[ff040713] addi    a4, s0, -16
C0:       1250 [1] pc=[00000000800002d0] W[r15=000000008002aff0][1] R[r15=0000000000000000] R[r14=000000008002aff0] inst=[000097ba] c.add   a5, a4
C0:       1251 [1] pc=[00000000800002d2] W[r14=0000000000000000][1] R[r15=000000008002aff0] R[r 0=0000000000000000] inst=[fb07a703] lw      a4, -80(a5)
C0:       1252 [1] pc=[00000000800002d6] W[r15=0000000000000000][1] R[r 8=000000008002b000] R[r 0=0000000000000000] inst=[fe442783] lw      a5, -28(s0)
C0:       1253 [1] pc=[00000000800002da] W[r13=0000000000000000][1] R[r 8=000000008002b000] R[r 0=0000000000000000] inst=[fec42683] lw      a3, -20(s0)
C0:       1255 [1] pc=[00000000800002de] W[r13=0000000000000000][1] R[r13=0000000000000000] R[r 0=0000000000000000] inst=[00000686] c.slli  a3, 1
C0:       1256 [1] pc=[00000000800002e0] W[r15=0000000000000000][1] R[r15=0000000000000000] R[r13=0000000000000000] inst=[000097b6] c.add   a5, a3
C0:       1257 [1] pc=[00000000800002e2] W[r15=0000000000000000][1] R[r15=0000000000000000] R[r 0=0000000000000000] inst=[0000078a] c.slli  a5, 2
C0:       1258 [1] pc=[00000000800002e4] W[r13=000000008002aff0][1] R[r 8=000000008002b000] R[r 0=0000000000000000] inst=[ff040693] addi    a3, s0, -16
C0:       1259 [1] pc=[00000000800002e8] W[r15=000000008002aff0][1] R[r15=0000000000000000] R[r13=000000008002aff0] inst=[000097b6] c.add   a5, a3
C0:       1260 [1] pc=[00000000800002ea] W[r13=0000000000000001][1] R[r15=000000008002aff0] R[r 0=0000000000000000] inst=[fd07a683] lw      a3, -48(a5)
C0:       1261 [1] pc=[00000000800002ee] W[r15=0000000000000000][1] R[r 8=000000008002b000] R[r 0=0000000000000000] inst=[fe842783] lw      a5, -24(s0)
C0:       1262 [1] pc=[00000000800002f2] W[r12=0000000000000000][1] R[r 8=000000008002b000] R[r 0=0000000000000000] inst=[fe442603] lw      a2, -28(s0)
C0:       1264 [1] pc=[00000000800002f6] W[r12=0000000000000000][1] R[r12=0000000000000000] R[r 0=0000000000000000] inst=[00000606] c.slli  a2, 1
C0:       1265 [1] pc=[00000000800002f8] W[r15=0000000000000000][1] R[r15=0000000000000000] R[r12=0000000000000000] inst=[000097b2] c.add   a5, a2
C0:       1266 [1] pc=[00000000800002fa] W[r15=0000000000000000][1] R[r15=0000000000000000] R[r 0=0000000000000000] inst=[0000078a] c.slli  a5, 2
C0:       1267 [1] pc=[00000000800002fc] W[r12=000000008002aff0][1] R[r 8=000000008002b000] R[r 0=0000000000000000] inst=[ff040613] addi    a2, s0, -16
C0:       1268 [1] pc=[0000000080000300] W[r15=000000008002aff0][1] R[r15=0000000000000000] R[r12=000000008002aff0] inst=[000097b2] c.add   a5, a2
C0:       1269 [1] pc=[0000000080000302] W[r15=0000000000000001][1] R[r15=000000008002aff0] R[r 0=0000000000000000] inst=[fc07a783] lw      a5, -64(a5)
C0:       1271 [1] pc=[0000000080000306] W[r15=0000000000000000][0] R[r13=0000000000000001] R[r15=0000000000000001] inst=[02f687bb] mulw    a5, a3, a5
C0:       1275 [1] pc=[000000008000030a] W[r15=0000000000000001][1] R[r15=0000000000000001] R[r 0=0000000000000000] inst=[00002781] c.addiw a5, 0
C0:       1276 [1] pc=[000000008000030c] W[r15=0000000000000001][1] R[r15=0000000000000001] R[r14=0000000000000000] inst=[00009fb9] c.addw  a5, a4
C0:       1277 [1] pc=[000000008000030e] W[r14=0000000000000001][1] R[r15=0000000000000001] R[r 0=0000000000000000] inst=[0007871b] sext.w  a4, a5
C0:       1278 [1] pc=[0000000080000312] W[r15=0000000000000000][1] R[r 8=000000008002b000] R[r 0=0000000000000000] inst=[fe842783] lw      a5, -24(s0)
C0:       1279 [1] pc=[0000000080000316] W[r13=0000000000000000][1] R[r 8=000000008002b000] R[r 0=0000000000000000] inst=[fec42683] lw      a3, -20(s0)
C0:       1281 [1] pc=[000000008000031a] W[r13=0000000000000000][1] R[r13=0000000000000000] R[r 0=0000000000000000] inst=[00000686] c.slli  a3, 1
C0:       1282 [1] pc=[000000008000031c] W[r15=0000000000000000][1] R[r15=0000000000000000] R[r13=0000000000000000] inst=[000097b6] c.add   a5, a3
C0:       1283 [1] pc=[000000008000031e] W[r15=0000000000000000][1] R[r15=0000000000000000] R[r 0=0000000000000000] inst=[0000078a] c.slli  a5, 2
C0:       1284 [1] pc=[0000000080000320] W[r13=000000008002aff0][1] R[r 8=000000008002b000] R[r 0=0000000000000000] inst=[ff040693] addi    a3, s0, -16
C0:       1285 [1] pc=[0000000080000324] W[r15=000000008002aff0][1] R[r15=0000000000000000] R[r13=000000008002aff0] inst=[000097b6] c.add   a5, a3
C0:       1286 [1] pc=[0000000080000326] W[r 0=0000000000000000][0] R[r15=000000008002aff0] R[r14=0000000000000001] inst=[fae7a823] sw      a4, -80(a5)
C0:       1287 [1] pc=[000000008000032a] W[r15=0000000000000000][1] R[r 8=000000008002b000] R[r 0=0000000000000000] inst=[fe442783] lw      a5, -28(s0)
C0:       1289 [1] pc=[000000008000032e] W[r15=0000000000000001][1] R[r15=0000000000000000] R[r 0=0000000000000000] inst=[00002785] c.addiw a5, 1
C0:       1290 [1] pc=[0000000080000330] W[r 0=0000000000000000][0] R[r 8=000000008002b000] R[r15=0000000000000001] inst=[fef42223] sw      a5, -28(s0)
C0:       1296 [1] pc=[0000000080000334] W[r15=0000000000000001][1] R[r 8=000000008002b000] R[r 0=0000000000000000] inst=[fe442783] lw      a5, -28(s0)
C0:       1298 [1] pc=[0000000080000338] W[r14=0000000000000001][1] R[r15=0000000000000001] R[r 0=0000000000000000] inst=[0007871b] sext.w  a4, a5
C0:       1299 [1] pc=[000000008000033c] W[r15=0000000000000001][1] R[r 0=0000000000000000] R[r 0=0000000000000000] inst=[00004785] c.li    a5, 1
C0:       1300 [1] pc=[000000008000033e] W[r 0=0000000000000000][0] R[r15=0000000000000001] R[r14=0000000000000001] inst=[f8e7d0e3] bge     a5, a4, pc - 128
C0:       1305 [1] pc=[00000000800002be] W[r15=0000000000000000][1] R[r 8=000000008002b000] R[r 0=0000000000000000] inst=[fe842783] lw      a5, -24(s0)
C0:       1306 [1] pc=[00000000800002c2] W[r14=0000000000000000][1] R[r 8=000000008002b000] R[r 0=0000000000000000] inst=[fec42703] lw      a4, -20(s0)
C0:       1308 [1] pc=[00000000800002c6] W[r14=0000000000000000][1] R[r14=0000000000000000] R[r 0=0000000000000000] inst=[00000706] c.slli  a4, 1
C0:       1309 [1] pc=[00000000800002c8] W[r15=0000000000000000][1] R[r15=0000000000000000] R[r14=0000000000000000] inst=[000097ba] c.add   a5, a4
C0:       1310 [1] pc=[00000000800002ca] W[r15=0000000000000000][1] R[r15=0000000000000000] R[r 0=0000000000000000] inst=[0000078a] c.slli  a5, 2
C0:       1311 [1] pc=[00000000800002cc] W[r14=000000008002aff0][1] R[r 8=000000008002b000] R[r 0=0000000000000000] inst=[ff040713] addi    a4, s0, -16
C0:       1312 [1] pc=[00000000800002d0] W[r15=000000008002aff0][1] R[r15=0000000000000000] R[r14=000000008002aff0] inst=[000097ba] c.add   a5, a4
C0:       1313 [1] pc=[00000000800002d2] W[r14=0000000000000001][1] R[r15=000000008002aff0] R[r 0=0000000000000000] inst=[fb07a703] lw      a4, -80(a5)
C0:       1314 [1] pc=[00000000800002d6] W[r15=0000000000000001][1] R[r 8=000000008002b000] R[r 0=0000000000000000] inst=[fe442783] lw      a5, -28(s0)
C0:       1315 [1] pc=[00000000800002da] W[r13=0000000000000000][1] R[r 8=000000008002b000] R[r 0=0000000000000000] inst=[fec42683] lw      a3, -20(s0)
C0:       1317 [1] pc=[00000000800002de] W[r13=0000000000000000][1] R[r13=0000000000000000] R[r 0=0000000000000000] inst=[00000686] c.slli  a3, 1
C0:       1318 [1] pc=[00000000800002e0] W[r15=0000000000000001][1] R[r15=0000000000000001] R[r13=0000000000000000] inst=[000097b6] c.add   a5, a3
C0:       1319 [1] pc=[00000000800002e2] W[r15=0000000000000004][1] R[r15=0000000000000001] R[r 0=0000000000000000] inst=[0000078a] c.slli  a5, 2
C0:       1320 [1] pc=[00000000800002e4] W[r13=000000008002aff0][1] R[r 8=000000008002b000] R[r 0=0000000000000000] inst=[ff040693] addi    a3, s0, -16
C0:       1321 [1] pc=[00000000800002e8] W[r15=000000008002aff4][1] R[r15=0000000000000004] R[r13=000000008002aff0] inst=[000097b6] c.add   a5, a3
C0:       1322 [1] pc=[00000000800002ea] W[r13=0000000000000002][1] R[r15=000000008002aff4] R[r 0=0000000000000000] inst=[fd07a683] lw      a3, -48(a5)
C0:       1323 [1] pc=[00000000800002ee] W[r15=0000000000000000][1] R[r 8=000000008002b000] R[r 0=0000000000000000] inst=[fe842783] lw      a5, -24(s0)
C0:       1324 [1] pc=[00000000800002f2] W[r12=0000000000000001][1] R[r 8=000000008002b000] R[r 0=0000000000000000] inst=[fe442603] lw      a2, -28(s0)
C0:       1326 [1] pc=[00000000800002f6] W[r12=0000000000000002][1] R[r12=0000000000000001] R[r 0=0000000000000000] inst=[00000606] c.slli  a2, 1
C0:       1327 [1] pc=[00000000800002f8] W[r15=0000000000000002][1] R[r15=0000000000000000] R[r12=0000000000000002] inst=[000097b2] c.add   a5, a2
C0:       1328 [1] pc=[00000000800002fa] W[r15=0000000000000008][1] R[r15=0000000000000002] R[r 0=0000000000000000] inst=[0000078a] c.slli  a5, 2
C0:       1329 [1] pc=[00000000800002fc] W[r12=000000008002aff0][1] R[r 8=000000008002b000] R[r 0=0000000000000000] inst=[ff040613] addi    a2, s0, -16
C0:       1330 [1] pc=[0000000080000300] W[r15=000000008002aff8][1] R[r15=0000000000000008] R[r12=000000008002aff0] inst=[000097b2] c.add   a5, a2
C0:       1331 [1] pc=[0000000080000302] W[r15=0000000000000003][1] R[r15=000000008002aff8] R[r 0=0000000000000000] inst=[fc07a783] lw      a5, -64(a5)
C0:       1333 [1] pc=[0000000080000306] W[r15=0000000000000000][0] R[r13=0000000000000002] R[r15=0000000000000003] inst=[02f687bb] mulw    a5, a3, a5
C0:       1337 [1] pc=[000000008000030a] W[r15=0000000000000006][1] R[r15=0000000000000006] R[r 0=0000000000000000] inst=[00002781] c.addiw a5, 0
C0:       1338 [1] pc=[000000008000030c] W[r15=0000000000000007][1] R[r15=0000000000000006] R[r14=0000000000000001] inst=[00009fb9] c.addw  a5, a4
C0:       1339 [1] pc=[000000008000030e] W[r14=0000000000000007][1] R[r15=0000000000000007] R[r 0=0000000000000000] inst=[0007871b] sext.w  a4, a5
C0:       1340 [1] pc=[0000000080000312] W[r15=0000000000000000][1] R[r 8=000000008002b000] R[r 0=0000000000000000] inst=[fe842783] lw      a5, -24(s0)
C0:       1341 [1] pc=[0000000080000316] W[r13=0000000000000000][1] R[r 8=000000008002b000] R[r 0=0000000000000000] inst=[fec42683] lw      a3, -20(s0)
C0:       1343 [1] pc=[000000008000031a] W[r13=0000000000000000][1] R[r13=0000000000000000] R[r 0=0000000000000000] inst=[00000686] c.slli  a3, 1
C0:       1344 [1] pc=[000000008000031c] W[r15=0000000000000000][1] R[r15=0000000000000000] R[r13=0000000000000000] inst=[000097b6] c.add   a5, a3
C0:       1345 [1] pc=[000000008000031e] W[r15=0000000000000000][1] R[r15=0000000000000000] R[r 0=0000000000000000] inst=[0000078a] c.slli  a5, 2
C0:       1346 [1] pc=[0000000080000320] W[r13=000000008002aff0][1] R[r 8=000000008002b000] R[r 0=0000000000000000] inst=[ff040693] addi    a3, s0, -16
C0:       1347 [1] pc=[0000000080000324] W[r15=000000008002aff0][1] R[r15=0000000000000000] R[r13=000000008002aff0] inst=[000097b6] c.add   a5, a3
C0:       1348 [1] pc=[0000000080000326] W[r 0=0000000000000000][0] R[r15=000000008002aff0] R[r14=0000000000000007] inst=[fae7a823] sw      a4, -80(a5)
C0:       1349 [1] pc=[000000008000032a] W[r15=0000000000000001][1] R[r 8=000000008002b000] R[r 0=0000000000000000] inst=[fe442783] lw      a5, -28(s0)
C0:       1351 [1] pc=[000000008000032e] W[r15=0000000000000002][1] R[r15=0000000000000001] R[r 0=0000000000000000] inst=[00002785] c.addiw a5, 1
C0:       1352 [1] pc=[0000000080000330] W[r 0=0000000000000000][0] R[r 8=000000008002b000] R[r15=0000000000000002] inst=[fef42223] sw      a5, -28(s0)
C0:       1358 [1] pc=[0000000080000334] W[r15=0000000000000002][1] R[r 8=000000008002b000] R[r 0=0000000000000000] inst=[fe442783] lw      a5, -28(s0)
C0:       1360 [1] pc=[0000000080000338] W[r14=0000000000000002][1] R[r15=0000000000000002] R[r 0=0000000000000000] inst=[0007871b] sext.w  a4, a5
C0:       1361 [1] pc=[000000008000033c] W[r15=0000000000000001][1] R[r 0=0000000000000000] R[r 0=0000000000000000] inst=[00004785] c.li    a5, 1
C0:       1362 [1] pc=[000000008000033e] W[r 0=0000000000000000][0] R[r15=0000000000000001] R[r14=0000000000000002] inst=[f8e7d0e3] bge     a5, a4, pc - 128
C0:       1367 [1] pc=[0000000080000342] W[r15=0000000000000000][1] R[r 8=000000008002b000] R[r 0=0000000000000000] inst=[fe842783] lw      a5, -24(s0)
C0:       1369 [1] pc=[0000000080000346] W[r15=0000000000000001][1] R[r15=0000000000000000] R[r 0=0000000000000000] inst=[00002785] c.addiw a5, 1
C0:       1370 [1] pc=[0000000080000348] W[r 0=0000000000000000][0] R[r 8=000000008002b000] R[r15=0000000000000001] inst=[fef42423] sw      a5, -24(s0)
C0:       1376 [1] pc=[000000008000034c] W[r15=0000000000000001][1] R[r 8=000000008002b000] R[r 0=0000000000000000] inst=[fe842783] lw      a5, -24(s0)
C0:       1378 [1] pc=[0000000080000350] W[r14=0000000000000001][1] R[r15=0000000000000001] R[r 0=0000000000000000] inst=[0007871b] sext.w  a4, a5
C0:       1379 [1] pc=[0000000080000354] W[r15=0000000000000001][1] R[r 0=0000000000000000] R[r 0=0000000000000000] inst=[00004785] c.li    a5, 1
C0:       1380 [1] pc=[0000000080000356] W[r 0=0000000000000000][0] R[r15=0000000000000001] R[r14=0000000000000001] inst=[f4e7d5e3] bge     a5, a4, pc - 182
C0:       1384 [1] pc=[00000000800002a0] W[r15=0000000000000001][1] R[r 8=000000008002b000] R[r 0=0000000000000000] inst=[fe842783] lw      a5, -24(s0)
C0:       1385 [1] pc=[00000000800002a4] W[r14=0000000000000000][1] R[r 8=000000008002b000] R[r 0=0000000000000000] inst=[fec42703] lw      a4, -20(s0)
C0:       1387 [1] pc=[00000000800002a8] W[r14=0000000000000000][1] R[r14=0000000000000000] R[r 0=0000000000000000] inst=[00000706] c.slli  a4, 1
C0:       1388 [1] pc=[00000000800002aa] W[r15=0000000000000001][1] R[r15=0000000000000001] R[r14=0000000000000000] inst=[000097ba] c.add   a5, a4
C0:       1389 [1] pc=[00000000800002ac] W[r15=0000000000000004][1] R[r15=0000000000000001] R[r 0=0000000000000000] inst=[0000078a] c.slli  a5, 2
C0:       1390 [1] pc=[00000000800002ae] W[r14=000000008002aff0][1] R[r 8=000000008002b000] R[r 0=0000000000000000] inst=[ff040713] addi    a4, s0, -16
C0:       1391 [1] pc=[00000000800002b2] W[r15=000000008002aff4][1] R[r15=0000000000000004] R[r14=000000008002aff0] inst=[000097ba] c.add   a5, a4
C0:       1392 [1] pc=[00000000800002b4] W[r 0=0000000000000000][0] R[r15=000000008002aff4] R[r 0=0000000000000000] inst=[fa07a823] sw      zero, -80(a5)
C0:       1393 [1] pc=[00000000800002b8] W[r 0=0000000000000000][0] R[r 8=000000008002b000] R[r 0=0000000000000000] inst=[fe042223] sw      zero, -28(s0)
C0:       1394 [1] pc=[00000000800002bc] W[r 0=00000000800002be][1] R[r 0=0000000000000000] R[r 0=0000000000000000] inst=[0000a8a5] c.j     pc + 120
C0:       1400 [1] pc=[0000000080000334] W[r15=0000000000000000][1] R[r 8=000000008002b000] R[r 0=0000000000000000] inst=[fe442783] lw      a5, -28(s0)
C0:       1402 [1] pc=[0000000080000338] W[r14=0000000000000000][1] R[r15=0000000000000000] R[r 0=0000000000000000] inst=[0007871b] sext.w  a4, a5
C0:       1403 [1] pc=[000000008000033c] W[r15=0000000000000001][1] R[r 0=0000000000000000] R[r 0=0000000000000000] inst=[00004785] c.li    a5, 1
C0:       1404 [1] pc=[000000008000033e] W[r 0=0000000000000000][0] R[r15=0000000000000001] R[r14=0000000000000000] inst=[f8e7d0e3] bge     a5, a4, pc - 128
C0:       1409 [1] pc=[00000000800002be] W[r15=0000000000000001][1] R[r 8=000000008002b000] R[r 0=0000000000000000] inst=[fe842783] lw      a5, -24(s0)
C0:       1410 [1] pc=[00000000800002c2] W[r14=0000000000000000][1] R[r 8=000000008002b000] R[r 0=0000000000000000] inst=[fec42703] lw      a4, -20(s0)
C0:       1412 [1] pc=[00000000800002c6] W[r14=0000000000000000][1] R[r14=0000000000000000] R[r 0=0000000000000000] inst=[00000706] c.slli  a4, 1
C0:       1413 [1] pc=[00000000800002c8] W[r15=0000000000000001][1] R[r15=0000000000000001] R[r14=0000000000000000] inst=[000097ba] c.add   a5, a4
C0:       1414 [1] pc=[00000000800002ca] W[r15=0000000000000004][1] R[r15=0000000000000001] R[r 0=0000000000000000] inst=[0000078a] c.slli  a5, 2
C0:       1415 [1] pc=[00000000800002cc] W[r14=000000008002aff0][1] R[r 8=000000008002b000] R[r 0=0000000000000000] inst=[ff040713] addi    a4, s0, -16
C0:       1416 [1] pc=[00000000800002d0] W[r15=000000008002aff4][1] R[r15=0000000000000004] R[r14=000000008002aff0] inst=[000097ba] c.add   a5, a4
C0:       1417 [1] pc=[00000000800002d2] W[r14=0000000000000000][1] R[r15=000000008002aff4] R[r 0=0000000000000000] inst=[fb07a703] lw      a4, -80(a5)
C0:       1418 [1] pc=[00000000800002d6] W[r15=0000000000000000][1] R[r 8=000000008002b000] R[r 0=0000000000000000] inst=[fe442783] lw      a5, -28(s0)
C0:       1419 [1] pc=[00000000800002da] W[r13=0000000000000000][1] R[r 8=000000008002b000] R[r 0=0000000000000000] inst=[fec42683] lw      a3, -20(s0)
C0:       1421 [1] pc=[00000000800002de] W[r13=0000000000000000][1] R[r13=0000000000000000] R[r 0=0000000000000000] inst=[00000686] c.slli  a3, 1
C0:       1422 [1] pc=[00000000800002e0] W[r15=0000000000000000][1] R[r15=0000000000000000] R[r13=0000000000000000] inst=[000097b6] c.add   a5, a3
C0:       1423 [1] pc=[00000000800002e2] W[r15=0000000000000000][1] R[r15=0000000000000000] R[r 0=0000000000000000] inst=[0000078a] c.slli  a5, 2
C0:       1424 [1] pc=[00000000800002e4] W[r13=000000008002aff0][1] R[r 8=000000008002b000] R[r 0=0000000000000000] inst=[ff040693] addi    a3, s0, -16
C0:       1425 [1] pc=[00000000800002e8] W[r15=000000008002aff0][1] R[r15=0000000000000000] R[r13=000000008002aff0] inst=[000097b6] c.add   a5, a3
C0:       1426 [1] pc=[00000000800002ea] W[r13=0000000000000001][1] R[r15=000000008002aff0] R[r 0=0000000000000000] inst=[fd07a683] lw      a3, -48(a5)
C0:       1427 [1] pc=[00000000800002ee] W[r15=0000000000000001][1] R[r 8=000000008002b000] R[r 0=0000000000000000] inst=[fe842783] lw      a5, -24(s0)
C0:       1428 [1] pc=[00000000800002f2] W[r12=0000000000000000][1] R[r 8=000000008002b000] R[r 0=0000000000000000] inst=[fe442603] lw      a2, -28(s0)
C0:       1430 [1] pc=[00000000800002f6] W[r12=0000000000000000][1] R[r12=0000000000000000] R[r 0=0000000000000000] inst=[00000606] c.slli  a2, 1
C0:       1431 [1] pc=[00000000800002f8] W[r15=0000000000000001][1] R[r15=0000000000000001] R[r12=0000000000000000] inst=[000097b2] c.add   a5, a2
C0:       1432 [1] pc=[00000000800002fa] W[r15=0000000000000004][1] R[r15=0000000000000001] R[r 0=0000000000000000] inst=[0000078a] c.slli  a5, 2
C0:       1433 [1] pc=[00000000800002fc] W[r12=000000008002aff0][1] R[r 8=000000008002b000] R[r 0=0000000000000000] inst=[ff040613] addi    a2, s0, -16
C0:       1434 [1] pc=[0000000080000300] W[r15=000000008002aff4][1] R[r15=0000000000000004] R[r12=000000008002aff0] inst=[000097b2] c.add   a5, a2
C0:       1435 [1] pc=[0000000080000302] W[r15=0000000000000002][1] R[r15=000000008002aff4] R[r 0=0000000000000000] inst=[fc07a783] lw      a5, -64(a5)
C0:       1437 [1] pc=[0000000080000306] W[r15=0000000000000000][0] R[r13=0000000000000001] R[r15=0000000000000002] inst=[02f687bb] mulw    a5, a3, a5
C0:       1441 [1] pc=[000000008000030a] W[r15=0000000000000002][1] R[r15=0000000000000002] R[r 0=0000000000000000] inst=[00002781] c.addiw a5, 0
C0:       1442 [1] pc=[000000008000030c] W[r15=0000000000000002][1] R[r15=0000000000000002] R[r14=0000000000000000] inst=[00009fb9] c.addw  a5, a4
C0:       1443 [1] pc=[000000008000030e] W[r14=0000000000000002][1] R[r15=0000000000000002] R[r 0=0000000000000000] inst=[0007871b] sext.w  a4, a5
C0:       1444 [1] pc=[0000000080000312] W[r15=0000000000000001][1] R[r 8=000000008002b000] R[r 0=0000000000000000] inst=[fe842783] lw      a5, -24(s0)
C0:       1445 [1] pc=[0000000080000316] W[r13=0000000000000000][1] R[r 8=000000008002b000] R[r 0=0000000000000000] inst=[fec42683] lw      a3, -20(s0)
C0:       1447 [1] pc=[000000008000031a] W[r13=0000000000000000][1] R[r13=0000000000000000] R[r 0=0000000000000000] inst=[00000686] c.slli  a3, 1
C0:       1448 [1] pc=[000000008000031c] W[r15=0000000000000001][1] R[r15=0000000000000001] R[r13=0000000000000000] inst=[000097b6] c.add   a5, a3
C0:       1449 [1] pc=[000000008000031e] W[r15=0000000000000004][1] R[r15=0000000000000001] R[r 0=0000000000000000] inst=[0000078a] c.slli  a5, 2
C0:       1450 [1] pc=[0000000080000320] W[r13=000000008002aff0][1] R[r 8=000000008002b000] R[r 0=0000000000000000] inst=[ff040693] addi    a3, s0, -16
C0:       1451 [1] pc=[0000000080000324] W[r15=000000008002aff4][1] R[r15=0000000000000004] R[r13=000000008002aff0] inst=[000097b6] c.add   a5, a3
C0:       1452 [1] pc=[0000000080000326] W[r 0=0000000000000000][0] R[r15=000000008002aff4] R[r14=0000000000000002] inst=[fae7a823] sw      a4, -80(a5)
C0:       1453 [1] pc=[000000008000032a] W[r15=0000000000000000][1] R[r 8=000000008002b000] R[r 0=0000000000000000] inst=[fe442783] lw      a5, -28(s0)
C0:       1455 [1] pc=[000000008000032e] W[r15=0000000000000001][1] R[r15=0000000000000000] R[r 0=0000000000000000] inst=[00002785] c.addiw a5, 1
C0:       1456 [1] pc=[0000000080000330] W[r 0=0000000000000000][0] R[r 8=000000008002b000] R[r15=0000000000000001] inst=[fef42223] sw      a5, -28(s0)
C0:       1462 [1] pc=[0000000080000334] W[r15=0000000000000001][1] R[r 8=000000008002b000] R[r 0=0000000000000000] inst=[fe442783] lw      a5, -28(s0)
C0:       1464 [1] pc=[0000000080000338] W[r14=0000000000000001][1] R[r15=0000000000000001] R[r 0=0000000000000000] inst=[0007871b] sext.w  a4, a5
C0:       1465 [1] pc=[000000008000033c] W[r15=0000000000000001][1] R[r 0=0000000000000000] R[r 0=0000000000000000] inst=[00004785] c.li    a5, 1
C0:       1466 [1] pc=[000000008000033e] W[r 0=0000000000000000][0] R[r15=0000000000000001] R[r14=0000000000000001] inst=[f8e7d0e3] bge     a5, a4, pc - 128
C0:       1471 [1] pc=[00000000800002be] W[r15=0000000000000001][1] R[r 8=000000008002b000] R[r 0=0000000000000000] inst=[fe842783] lw      a5, -24(s0)
C0:       1472 [1] pc=[00000000800002c2] W[r14=0000000000000000][1] R[r 8=000000008002b000] R[r 0=0000000000000000] inst=[fec42703] lw      a4, -20(s0)
C0:       1474 [1] pc=[00000000800002c6] W[r14=0000000000000000][1] R[r14=0000000000000000] R[r 0=0000000000000000] inst=[00000706] c.slli  a4, 1
C0:       1475 [1] pc=[00000000800002c8] W[r15=0000000000000001][1] R[r15=0000000000000001] R[r14=0000000000000000] inst=[000097ba] c.add   a5, a4
C0:       1476 [1] pc=[00000000800002ca] W[r15=0000000000000004][1] R[r15=0000000000000001] R[r 0=0000000000000000] inst=[0000078a] c.slli  a5, 2
C0:       1477 [1] pc=[00000000800002cc] W[r14=000000008002aff0][1] R[r 8=000000008002b000] R[r 0=0000000000000000] inst=[ff040713] addi    a4, s0, -16
C0:       1478 [1] pc=[00000000800002d0] W[r15=000000008002aff4][1] R[r15=0000000000000004] R[r14=000000008002aff0] inst=[000097ba] c.add   a5, a4
C0:       1479 [1] pc=[00000000800002d2] W[r14=0000000000000002][1] R[r15=000000008002aff4] R[r 0=0000000000000000] inst=[fb07a703] lw      a4, -80(a5)
C0:       1480 [1] pc=[00000000800002d6] W[r15=0000000000000001][1] R[r 8=000000008002b000] R[r 0=0000000000000000] inst=[fe442783] lw      a5, -28(s0)
C0:       1481 [1] pc=[00000000800002da] W[r13=0000000000000000][1] R[r 8=000000008002b000] R[r 0=0000000000000000] inst=[fec42683] lw      a3, -20(s0)
C0:       1483 [1] pc=[00000000800002de] W[r13=0000000000000000][1] R[r13=0000000000000000] R[r 0=0000000000000000] inst=[00000686] c.slli  a3, 1
C0:       1484 [1] pc=[00000000800002e0] W[r15=0000000000000001][1] R[r15=0000000000000001] R[r13=0000000000000000] inst=[000097b6] c.add   a5, a3
C0:       1485 [1] pc=[00000000800002e2] W[r15=0000000000000004][1] R[r15=0000000000000001] R[r 0=0000000000000000] inst=[0000078a] c.slli  a5, 2
C0:       1486 [1] pc=[00000000800002e4] W[r13=000000008002aff0][1] R[r 8=000000008002b000] R[r 0=0000000000000000] inst=[ff040693] addi    a3, s0, -16
C0:       1487 [1] pc=[00000000800002e8] W[r15=000000008002aff4][1] R[r15=0000000000000004] R[r13=000000008002aff0] inst=[000097b6] c.add   a5, a3
C0:       1488 [1] pc=[00000000800002ea] W[r13=0000000000000002][1] R[r15=000000008002aff4] R[r 0=0000000000000000] inst=[fd07a683] lw      a3, -48(a5)
C0:       1489 [1] pc=[00000000800002ee] W[r15=0000000000000001][1] R[r 8=000000008002b000] R[r 0=0000000000000000] inst=[fe842783] lw      a5, -24(s0)
C0:       1490 [1] pc=[00000000800002f2] W[r12=0000000000000001][1] R[r 8=000000008002b000] R[r 0=0000000000000000] inst=[fe442603] lw      a2, -28(s0)
C0:       1492 [1] pc=[00000000800002f6] W[r12=0000000000000002][1] R[r12=0000000000000001] R[r 0=0000000000000000] inst=[00000606] c.slli  a2, 1
C0:       1493 [1] pc=[00000000800002f8] W[r15=0000000000000003][1] R[r15=0000000000000001] R[r12=0000000000000002] inst=[000097b2] c.add   a5, a2
C0:       1494 [1] pc=[00000000800002fa] W[r15=000000000000000c][1] R[r15=0000000000000003] R[r 0=0000000000000000] inst=[0000078a] c.slli  a5, 2
C0:       1495 [1] pc=[00000000800002fc] W[r12=000000008002aff0][1] R[r 8=000000008002b000] R[r 0=0000000000000000] inst=[ff040613] addi    a2, s0, -16
C0:       1496 [1] pc=[0000000080000300] W[r15=000000008002affc][1] R[r15=000000000000000c] R[r12=000000008002aff0] inst=[000097b2] c.add   a5, a2
C0:       1497 [1] pc=[0000000080000302] W[r15=0000000000000004][1] R[r15=000000008002affc] R[r 0=0000000000000000] inst=[fc07a783] lw      a5, -64(a5)
C0:       1499 [1] pc=[0000000080000306] W[r15=0000000000000000][0] R[r13=0000000000000002] R[r15=0000000000000004] inst=[02f687bb] mulw    a5, a3, a5
C0:       1503 [1] pc=[000000008000030a] W[r15=0000000000000008][1] R[r15=0000000000000008] R[r 0=0000000000000000] inst=[00002781] c.addiw a5, 0
C0:       1504 [1] pc=[000000008000030c] W[r15=000000000000000a][1] R[r15=0000000000000008] R[r14=0000000000000002] inst=[00009fb9] c.addw  a5, a4
C0:       1505 [1] pc=[000000008000030e] W[r14=000000000000000a][1] R[r15=000000000000000a] R[r 0=0000000000000000] inst=[0007871b] sext.w  a4, a5
C0:       1506 [1] pc=[0000000080000312] W[r15=0000000000000001][1] R[r 8=000000008002b000] R[r 0=0000000000000000] inst=[fe842783] lw      a5, -24(s0)
C0:       1507 [1] pc=[0000000080000316] W[r13=0000000000000000][1] R[r 8=000000008002b000] R[r 0=0000000000000000] inst=[fec42683] lw      a3, -20(s0)
C0:       1509 [1] pc=[000000008000031a] W[r13=0000000000000000][1] R[r13=0000000000000000] R[r 0=0000000000000000] inst=[00000686] c.slli  a3, 1
C0:       1510 [1] pc=[000000008000031c] W[r15=0000000000000001][1] R[r15=0000000000000001] R[r13=0000000000000000] inst=[000097b6] c.add   a5, a3
C0:       1511 [1] pc=[000000008000031e] W[r15=0000000000000004][1] R[r15=0000000000000001] R[r 0=0000000000000000] inst=[0000078a] c.slli  a5, 2
C0:       1512 [1] pc=[0000000080000320] W[r13=000000008002aff0][1] R[r 8=000000008002b000] R[r 0=0000000000000000] inst=[ff040693] addi    a3, s0, -16
C0:       1513 [1] pc=[0000000080000324] W[r15=000000008002aff4][1] R[r15=0000000000000004] R[r13=000000008002aff0] inst=[000097b6] c.add   a5, a3
C0:       1514 [1] pc=[0000000080000326] W[r 0=0000000000000000][0] R[r15=000000008002aff4] R[r14=000000000000000a] inst=[fae7a823] sw      a4, -80(a5)
C0:       1515 [1] pc=[000000008000032a] W[r15=0000000000000001][1] R[r 8=000000008002b000] R[r 0=0000000000000000] inst=[fe442783] lw      a5, -28(s0)
C0:       1517 [1] pc=[000000008000032e] W[r15=0000000000000002][1] R[r15=0000000000000001] R[r 0=0000000000000000] inst=[00002785] c.addiw a5, 1
C0:       1518 [1] pc=[0000000080000330] W[r 0=0000000000000000][0] R[r 8=000000008002b000] R[r15=0000000000000002] inst=[fef42223] sw      a5, -28(s0)
C0:       1524 [1] pc=[0000000080000334] W[r15=0000000000000002][1] R[r 8=000000008002b000] R[r 0=0000000000000000] inst=[fe442783] lw      a5, -28(s0)
C0:       1526 [1] pc=[0000000080000338] W[r14=0000000000000002][1] R[r15=0000000000000002] R[r 0=0000000000000000] inst=[0007871b] sext.w  a4, a5
C0:       1527 [1] pc=[000000008000033c] W[r15=0000000000000001][1] R[r 0=0000000000000000] R[r 0=0000000000000000] inst=[00004785] c.li    a5, 1
C0:       1528 [1] pc=[000000008000033e] W[r 0=0000000000000000][0] R[r15=0000000000000001] R[r14=0000000000000002] inst=[f8e7d0e3] bge     a5, a4, pc - 128
C0:       1533 [1] pc=[0000000080000342] W[r15=0000000000000001][1] R[r 8=000000008002b000] R[r 0=0000000000000000] inst=[fe842783] lw      a5, -24(s0)
C0:       1535 [1] pc=[0000000080000346] W[r15=0000000000000002][1] R[r15=0000000000000001] R[r 0=0000000000000000] inst=[00002785] c.addiw a5, 1
C0:       1536 [1] pc=[0000000080000348] W[r 0=0000000000000000][0] R[r 8=000000008002b000] R[r15=0000000000000002] inst=[fef42423] sw      a5, -24(s0)
C0:       1542 [1] pc=[000000008000034c] W[r15=0000000000000002][1] R[r 8=000000008002b000] R[r 0=0000000000000000] inst=[fe842783] lw      a5, -24(s0)
C0:       1544 [1] pc=[0000000080000350] W[r14=0000000000000002][1] R[r15=0000000000000002] R[r 0=0000000000000000] inst=[0007871b] sext.w  a4, a5
C0:       1545 [1] pc=[0000000080000354] W[r15=0000000000000001][1] R[r 0=0000000000000000] R[r 0=0000000000000000] inst=[00004785] c.li    a5, 1
C0:       1546 [1] pc=[0000000080000356] W[r 0=0000000000000000][0] R[r15=0000000000000001] R[r14=0000000000000002] inst=[f4e7d5e3] bge     a5, a4, pc - 182
C0:       1547 [1] pc=[000000008000035a] W[r15=0000000000000000][1] R[r 8=000000008002b000] R[r 0=0000000000000000] inst=[fec42783] lw      a5, -20(s0)
C0:       1549 [1] pc=[000000008000035e] W[r15=0000000000000001][1] R[r15=0000000000000000] R[r 0=0000000000000000] inst=[00002785] c.addiw a5, 1
C0:       1550 [1] pc=[0000000080000360] W[r 0=0000000000000000][0] R[r 8=000000008002b000] R[r15=0000000000000001] inst=[fef42623] sw      a5, -20(s0)
C0:       1556 [1] pc=[0000000080000364] W[r15=0000000000000001][1] R[r 8=000000008002b000] R[r 0=0000000000000000] inst=[fec42783] lw      a5, -20(s0)
C0:       1558 [1] pc=[0000000080000368] W[r14=0000000000000001][1] R[r15=0000000000000001] R[r 0=0000000000000000] inst=[0007871b] sext.w  a4, a5
C0:       1559 [1] pc=[000000008000036c] W[r15=0000000000000001][1] R[r 0=0000000000000000] R[r 0=0000000000000000] inst=[00004785] c.li    a5, 1
C0:       1560 [1] pc=[000000008000036e] W[r 0=0000000000000000][0] R[r15=0000000000000001] R[r14=0000000000000001] inst=[f2e7d6e3] bge     a5, a4, pc - 212
C0:       1565 [1] pc=[000000008000029a] W[r 0=0000000000000000][0] R[r 8=000000008002b000] R[r 0=0000000000000000] inst=[fe042423] sw      zero, -24(s0)
C0:       1566 [1] pc=[000000008000029e] W[r 0=00000000800002a0][1] R[r 0=0000000000000000] R[r 0=0000000000000000] inst=[0000a07d] c.j     pc + 174
C0:       1572 [1] pc=[000000008000034c] W[r15=0000000000000000][1] R[r 8=000000008002b000] R[r 0=0000000000000000] inst=[fe842783] lw      a5, -24(s0)
C0:       1574 [1] pc=[0000000080000350] W[r14=0000000000000000][1] R[r15=0000000000000000] R[r 0=0000000000000000] inst=[0007871b] sext.w  a4, a5
C0:       1575 [1] pc=[0000000080000354] W[r15=0000000000000001][1] R[r 0=0000000000000000] R[r 0=0000000000000000] inst=[00004785] c.li    a5, 1
C0:       1576 [1] pc=[0000000080000356] W[r 0=0000000000000000][0] R[r15=0000000000000001] R[r14=0000000000000000] inst=[f4e7d5e3] bge     a5, a4, pc - 182
C0:       1580 [1] pc=[00000000800002a0] W[r15=0000000000000000][1] R[r 8=000000008002b000] R[r 0=0000000000000000] inst=[fe842783] lw      a5, -24(s0)
C0:       1581 [1] pc=[00000000800002a4] W[r14=0000000000000001][1] R[r 8=000000008002b000] R[r 0=0000000000000000] inst=[fec42703] lw      a4, -20(s0)
C0:       1583 [1] pc=[00000000800002a8] W[r14=0000000000000002][1] R[r14=0000000000000001] R[r 0=0000000000000000] inst=[00000706] c.slli  a4, 1
C0:       1584 [1] pc=[00000000800002aa] W[r15=0000000000000002][1] R[r15=0000000000000000] R[r14=0000000000000002] inst=[000097ba] c.add   a5, a4
C0:       1585 [1] pc=[00000000800002ac] W[r15=0000000000000008][1] R[r15=0000000000000002] R[r 0=0000000000000000] inst=[0000078a] c.slli  a5, 2
C0:       1586 [1] pc=[00000000800002ae] W[r14=000000008002aff0][1] R[r 8=000000008002b000] R[r 0=0000000000000000] inst=[ff040713] addi    a4, s0, -16
C0:       1587 [1] pc=[00000000800002b2] W[r15=000000008002aff8][1] R[r15=0000000000000008] R[r14=000000008002aff0] inst=[000097ba] c.add   a5, a4
C0:       1588 [1] pc=[00000000800002b4] W[r 0=0000000000000000][0] R[r15=000000008002aff8] R[r 0=0000000000000000] inst=[fa07a823] sw      zero, -80(a5)
C0:       1589 [1] pc=[00000000800002b8] W[r 0=0000000000000000][0] R[r 8=000000008002b000] R[r 0=0000000000000000] inst=[fe042223] sw      zero, -28(s0)
C0:       1590 [1] pc=[00000000800002bc] W[r 0=00000000800002be][1] R[r 0=0000000000000000] R[r 0=0000000000000000] inst=[0000a8a5] c.j     pc + 120
C0:       1596 [1] pc=[0000000080000334] W[r15=0000000000000000][1] R[r 8=000000008002b000] R[r 0=0000000000000000] inst=[fe442783] lw      a5, -28(s0)
C0:       1598 [1] pc=[0000000080000338] W[r14=0000000000000000][1] R[r15=0000000000000000] R[r 0=0000000000000000] inst=[0007871b] sext.w  a4, a5
C0:       1599 [1] pc=[000000008000033c] W[r15=0000000000000001][1] R[r 0=0000000000000000] R[r 0=0000000000000000] inst=[00004785] c.li    a5, 1
C0:       1600 [1] pc=[000000008000033e] W[r 0=0000000000000000][0] R[r15=0000000000000001] R[r14=0000000000000000] inst=[f8e7d0e3] bge     a5, a4, pc - 128
C0:       1605 [1] pc=[00000000800002be] W[r15=0000000000000000][1] R[r 8=000000008002b000] R[r 0=0000000000000000] inst=[fe842783] lw      a5, -24(s0)
C0:       1606 [1] pc=[00000000800002c2] W[r14=0000000000000001][1] R[r 8=000000008002b000] R[r 0=0000000000000000] inst=[fec42703] lw      a4, -20(s0)
C0:       1608 [1] pc=[00000000800002c6] W[r14=0000000000000002][1] R[r14=0000000000000001] R[r 0=0000000000000000] inst=[00000706] c.slli  a4, 1
C0:       1609 [1] pc=[00000000800002c8] W[r15=0000000000000002][1] R[r15=0000000000000000] R[r14=0000000000000002] inst=[000097ba] c.add   a5, a4
C0:       1610 [1] pc=[00000000800002ca] W[r15=0000000000000008][1] R[r15=0000000000000002] R[r 0=0000000000000000] inst=[0000078a] c.slli  a5, 2
C0:       1611 [1] pc=[00000000800002cc] W[r14=000000008002aff0][1] R[r 8=000000008002b000] R[r 0=0000000000000000] inst=[ff040713] addi    a4, s0, -16
C0:       1612 [1] pc=[00000000800002d0] W[r15=000000008002aff8][1] R[r15=0000000000000008] R[r14=000000008002aff0] inst=[000097ba] c.add   a5, a4
C0:       1613 [1] pc=[00000000800002d2] W[r14=0000000000000000][1] R[r15=000000008002aff8] R[r 0=0000000000000000] inst=[fb07a703] lw      a4, -80(a5)
C0:       1614 [1] pc=[00000000800002d6] W[r15=0000000000000000][1] R[r 8=000000008002b000] R[r 0=0000000000000000] inst=[fe442783] lw      a5, -28(s0)
C0:       1615 [1] pc=[00000000800002da] W[r13=0000000000000001][1] R[r 8=000000008002b000] R[r 0=0000000000000000] inst=[fec42683] lw      a3, -20(s0)
C0:       1617 [1] pc=[00000000800002de] W[r13=0000000000000002][1] R[r13=0000000000000001] R[r 0=0000000000000000] inst=[00000686] c.slli  a3, 1
C0:       1618 [1] pc=[00000000800002e0] W[r15=0000000000000002][1] R[r15=0000000000000000] R[r13=0000000000000002] inst=[000097b6] c.add   a5, a3
C0:       1619 [1] pc=[00000000800002e2] W[r15=0000000000000008][1] R[r15=0000000000000002] R[r 0=0000000000000000] inst=[0000078a] c.slli  a5, 2
C0:       1620 [1] pc=[00000000800002e4] W[r13=000000008002aff0][1] R[r 8=000000008002b000] R[r 0=0000000000000000] inst=[ff040693] addi    a3, s0, -16
C0:       1621 [1] pc=[00000000800002e8] W[r15=000000008002aff8][1] R[r15=0000000000000008] R[r13=000000008002aff0] inst=[000097b6] c.add   a5, a3
C0:       1622 [1] pc=[00000000800002ea] W[r13=0000000000000003][1] R[r15=000000008002aff8] R[r 0=0000000000000000] inst=[fd07a683] lw      a3, -48(a5)
C0:       1623 [1] pc=[00000000800002ee] W[r15=0000000000000000][1] R[r 8=000000008002b000] R[r 0=0000000000000000] inst=[fe842783] lw      a5, -24(s0)
C0:       1624 [1] pc=[00000000800002f2] W[r12=0000000000000000][1] R[r 8=000000008002b000] R[r 0=0000000000000000] inst=[fe442603] lw      a2, -28(s0)
C0:       1626 [1] pc=[00000000800002f6] W[r12=0000000000000000][1] R[r12=0000000000000000] R[r 0=0000000000000000] inst=[00000606] c.slli  a2, 1
C0:       1627 [1] pc=[00000000800002f8] W[r15=0000000000000000][1] R[r15=0000000000000000] R[r12=0000000000000000] inst=[000097b2] c.add   a5, a2
C0:       1628 [1] pc=[00000000800002fa] W[r15=0000000000000000][1] R[r15=0000000000000000] R[r 0=0000000000000000] inst=[0000078a] c.slli  a5, 2
C0:       1629 [1] pc=[00000000800002fc] W[r12=000000008002aff0][1] R[r 8=000000008002b000] R[r 0=0000000000000000] inst=[ff040613] addi    a2, s0, -16
C0:       1630 [1] pc=[0000000080000300] W[r15=000000008002aff0][1] R[r15=0000000000000000] R[r12=000000008002aff0] inst=[000097b2] c.add   a5, a2
C0:       1631 [1] pc=[0000000080000302] W[r15=0000000000000001][1] R[r15=000000008002aff0] R[r 0=0000000000000000] inst=[fc07a783] lw      a5, -64(a5)
C0:       1633 [1] pc=[0000000080000306] W[r15=0000000000000000][0] R[r13=0000000000000003] R[r15=0000000000000001] inst=[02f687bb] mulw    a5, a3, a5
C0:       1637 [1] pc=[000000008000030a] W[r15=0000000000000003][1] R[r15=0000000000000003] R[r 0=0000000000000000] inst=[00002781] c.addiw a5, 0
C0:       1638 [1] pc=[000000008000030c] W[r15=0000000000000003][1] R[r15=0000000000000003] R[r14=0000000000000000] inst=[00009fb9] c.addw  a5, a4
C0:       1639 [1] pc=[000000008000030e] W[r14=0000000000000003][1] R[r15=0000000000000003] R[r 0=0000000000000000] inst=[0007871b] sext.w  a4, a5
C0:       1640 [1] pc=[0000000080000312] W[r15=0000000000000000][1] R[r 8=000000008002b000] R[r 0=0000000000000000] inst=[fe842783] lw      a5, -24(s0)
C0:       1641 [1] pc=[0000000080000316] W[r13=0000000000000001][1] R[r 8=000000008002b000] R[r 0=0000000000000000] inst=[fec42683] lw      a3, -20(s0)
C0:       1643 [1] pc=[000000008000031a] W[r13=0000000000000002][1] R[r13=0000000000000001] R[r 0=0000000000000000] inst=[00000686] c.slli  a3, 1
C0:       1644 [1] pc=[000000008000031c] W[r15=0000000000000002][1] R[r15=0000000000000000] R[r13=0000000000000002] inst=[000097b6] c.add   a5, a3
C0:       1645 [1] pc=[000000008000031e] W[r15=0000000000000008][1] R[r15=0000000000000002] R[r 0=0000000000000000] inst=[0000078a] c.slli  a5, 2
C0:       1646 [1] pc=[0000000080000320] W[r13=000000008002aff0][1] R[r 8=000000008002b000] R[r 0=0000000000000000] inst=[ff040693] addi    a3, s0, -16
C0:       1647 [1] pc=[0000000080000324] W[r15=000000008002aff8][1] R[r15=0000000000000008] R[r13=000000008002aff0] inst=[000097b6] c.add   a5, a3
C0:       1648 [1] pc=[0000000080000326] W[r 0=0000000000000000][0] R[r15=000000008002aff8] R[r14=0000000000000003] inst=[fae7a823] sw      a4, -80(a5)
C0:       1649 [1] pc=[000000008000032a] W[r15=0000000000000000][1] R[r 8=000000008002b000] R[r 0=0000000000000000] inst=[fe442783] lw      a5, -28(s0)
C0:       1651 [1] pc=[000000008000032e] W[r15=0000000000000001][1] R[r15=0000000000000000] R[r 0=0000000000000000] inst=[00002785] c.addiw a5, 1
C0:       1652 [1] pc=[0000000080000330] W[r 0=0000000000000000][0] R[r 8=000000008002b000] R[r15=0000000000000001] inst=[fef42223] sw      a5, -28(s0)
C0:       1658 [1] pc=[0000000080000334] W[r15=0000000000000001][1] R[r 8=000000008002b000] R[r 0=0000000000000000] inst=[fe442783] lw      a5, -28(s0)
C0:       1660 [1] pc=[0000000080000338] W[r14=0000000000000001][1] R[r15=0000000000000001] R[r 0=0000000000000000] inst=[0007871b] sext.w  a4, a5
C0:       1661 [1] pc=[000000008000033c] W[r15=0000000000000001][1] R[r 0=0000000000000000] R[r 0=0000000000000000] inst=[00004785] c.li    a5, 1
C0:       1662 [1] pc=[000000008000033e] W[r 0=0000000000000000][0] R[r15=0000000000000001] R[r14=0000000000000001] inst=[f8e7d0e3] bge     a5, a4, pc - 128
C0:       1664 [1] pc=[00000000800002be] W[r15=0000000000000000][1] R[r 8=000000008002b000] R[r 0=0000000000000000] inst=[fe842783] lw      a5, -24(s0)
C0:       1665 [1] pc=[00000000800002c2] W[r14=0000000000000001][1] R[r 8=000000008002b000] R[r 0=0000000000000000] inst=[fec42703] lw      a4, -20(s0)
C0:       1667 [1] pc=[00000000800002c6] W[r14=0000000000000002][1] R[r14=0000000000000001] R[r 0=0000000000000000] inst=[00000706] c.slli  a4, 1
C0:       1668 [1] pc=[00000000800002c8] W[r15=0000000000000002][1] R[r15=0000000000000000] R[r14=0000000000000002] inst=[000097ba] c.add   a5, a4
C0:       1669 [1] pc=[00000000800002ca] W[r15=0000000000000008][1] R[r15=0000000000000002] R[r 0=0000000000000000] inst=[0000078a] c.slli  a5, 2
C0:       1670 [1] pc=[00000000800002cc] W[r14=000000008002aff0][1] R[r 8=000000008002b000] R[r 0=0000000000000000] inst=[ff040713] addi    a4, s0, -16
C0:       1671 [1] pc=[00000000800002d0] W[r15=000000008002aff8][1] R[r15=0000000000000008] R[r14=000000008002aff0] inst=[000097ba] c.add   a5, a4
C0:       1672 [1] pc=[00000000800002d2] W[r14=0000000000000003][1] R[r15=000000008002aff8] R[r 0=0000000000000000] inst=[fb07a703] lw      a4, -80(a5)
C0:       1673 [1] pc=[00000000800002d6] W[r15=0000000000000001][1] R[r 8=000000008002b000] R[r 0=0000000000000000] inst=[fe442783] lw      a5, -28(s0)
C0:       1674 [1] pc=[00000000800002da] W[r13=0000000000000001][1] R[r 8=000000008002b000] R[r 0=0000000000000000] inst=[fec42683] lw      a3, -20(s0)
C0:       1676 [1] pc=[00000000800002de] W[r13=0000000000000002][1] R[r13=0000000000000001] R[r 0=0000000000000000] inst=[00000686] c.slli  a3, 1
C0:       1677 [1] pc=[00000000800002e0] W[r15=0000000000000003][1] R[r15=0000000000000001] R[r13=0000000000000002] inst=[000097b6] c.add   a5, a3
C0:       1678 [1] pc=[00000000800002e2] W[r15=000000000000000c][1] R[r15=0000000000000003] R[r 0=0000000000000000] inst=[0000078a] c.slli  a5, 2
C0:       1679 [1] pc=[00000000800002e4] W[r13=000000008002aff0][1] R[r 8=000000008002b000] R[r 0=0000000000000000] inst=[ff040693] addi    a3, s0, -16
C0:       1680 [1] pc=[00000000800002e8] W[r15=000000008002affc][1] R[r15=000000000000000c] R[r13=000000008002aff0] inst=[000097b6] c.add   a5, a3
C0:       1681 [1] pc=[00000000800002ea] W[r13=0000000000000004][1] R[r15=000000008002affc] R[r 0=0000000000000000] inst=[fd07a683] lw      a3, -48(a5)
C0:       1682 [1] pc=[00000000800002ee] W[r15=0000000000000000][1] R[r 8=000000008002b000] R[r 0=0000000000000000] inst=[fe842783] lw      a5, -24(s0)
C0:       1683 [1] pc=[00000000800002f2] W[r12=0000000000000001][1] R[r 8=000000008002b000] R[r 0=0000000000000000] inst=[fe442603] lw      a2, -28(s0)
C0:       1685 [1] pc=[00000000800002f6] W[r12=0000000000000002][1] R[r12=0000000000000001] R[r 0=0000000000000000] inst=[00000606] c.slli  a2, 1
C0:       1686 [1] pc=[00000000800002f8] W[r15=0000000000000002][1] R[r15=0000000000000000] R[r12=0000000000000002] inst=[000097b2] c.add   a5, a2
C0:       1687 [1] pc=[00000000800002fa] W[r15=0000000000000008][1] R[r15=0000000000000002] R[r 0=0000000000000000] inst=[0000078a] c.slli  a5, 2
C0:       1688 [1] pc=[00000000800002fc] W[r12=000000008002aff0][1] R[r 8=000000008002b000] R[r 0=0000000000000000] inst=[ff040613] addi    a2, s0, -16
C0:       1689 [1] pc=[0000000080000300] W[r15=000000008002aff8][1] R[r15=0000000000000008] R[r12=000000008002aff0] inst=[000097b2] c.add   a5, a2
C0:       1690 [1] pc=[0000000080000302] W[r15=0000000000000003][1] R[r15=000000008002aff8] R[r 0=0000000000000000] inst=[fc07a783] lw      a5, -64(a5)
C0:       1692 [1] pc=[0000000080000306] W[r15=0000000000000000][0] R[r13=0000000000000004] R[r15=0000000000000003] inst=[02f687bb] mulw    a5, a3, a5
C0:       1696 [1] pc=[000000008000030a] W[r15=000000000000000c][1] R[r15=000000000000000c] R[r 0=0000000000000000] inst=[00002781] c.addiw a5, 0
C0:       1697 [1] pc=[000000008000030c] W[r15=000000000000000f][1] R[r15=000000000000000c] R[r14=0000000000000003] inst=[00009fb9] c.addw  a5, a4
C0:       1698 [1] pc=[000000008000030e] W[r14=000000000000000f][1] R[r15=000000000000000f] R[r 0=0000000000000000] inst=[0007871b] sext.w  a4, a5
C0:       1699 [1] pc=[0000000080000312] W[r15=0000000000000000][1] R[r 8=000000008002b000] R[r 0=0000000000000000] inst=[fe842783] lw      a5, -24(s0)
C0:       1700 [1] pc=[0000000080000316] W[r13=0000000000000001][1] R[r 8=000000008002b000] R[r 0=0000000000000000] inst=[fec42683] lw      a3, -20(s0)
C0:       1702 [1] pc=[000000008000031a] W[r13=0000000000000002][1] R[r13=0000000000000001] R[r 0=0000000000000000] inst=[00000686] c.slli  a3, 1
C0:       1703 [1] pc=[000000008000031c] W[r15=0000000000000002][1] R[r15=0000000000000000] R[r13=0000000000000002] inst=[000097b6] c.add   a5, a3
C0:       1704 [1] pc=[000000008000031e] W[r15=0000000000000008][1] R[r15=0000000000000002] R[r 0=0000000000000000] inst=[0000078a] c.slli  a5, 2
C0:       1705 [1] pc=[0000000080000320] W[r13=000000008002aff0][1] R[r 8=000000008002b000] R[r 0=0000000000000000] inst=[ff040693] addi    a3, s0, -16
C0:       1706 [1] pc=[0000000080000324] W[r15=000000008002aff8][1] R[r15=0000000000000008] R[r13=000000008002aff0] inst=[000097b6] c.add   a5, a3
C0:       1707 [1] pc=[0000000080000326] W[r 0=0000000000000000][0] R[r15=000000008002aff8] R[r14=000000000000000f] inst=[fae7a823] sw      a4, -80(a5)
C0:       1708 [1] pc=[000000008000032a] W[r15=0000000000000001][1] R[r 8=000000008002b000] R[r 0=0000000000000000] inst=[fe442783] lw      a5, -28(s0)
C0:       1710 [1] pc=[000000008000032e] W[r15=0000000000000002][1] R[r15=0000000000000001] R[r 0=0000000000000000] inst=[00002785] c.addiw a5, 1
C0:       1711 [1] pc=[0000000080000330] W[r 0=0000000000000000][0] R[r 8=000000008002b000] R[r15=0000000000000002] inst=[fef42223] sw      a5, -28(s0)
C0:       1717 [1] pc=[0000000080000334] W[r15=0000000000000002][1] R[r 8=000000008002b000] R[r 0=0000000000000000] inst=[fe442783] lw      a5, -28(s0)
C0:       1719 [1] pc=[0000000080000338] W[r14=0000000000000002][1] R[r15=0000000000000002] R[r 0=0000000000000000] inst=[0007871b] sext.w  a4, a5
C0:       1720 [1] pc=[000000008000033c] W[r15=0000000000000001][1] R[r 0=0000000000000000] R[r 0=0000000000000000] inst=[00004785] c.li    a5, 1
C0:       1721 [1] pc=[000000008000033e] W[r 0=0000000000000000][0] R[r15=0000000000000001] R[r14=0000000000000002] inst=[f8e7d0e3] bge     a5, a4, pc - 128
C0:       1722 [1] pc=[0000000080000342] W[r15=0000000000000000][1] R[r 8=000000008002b000] R[r 0=0000000000000000] inst=[fe842783] lw      a5, -24(s0)
C0:       1724 [1] pc=[0000000080000346] W[r15=0000000000000001][1] R[r15=0000000000000000] R[r 0=0000000000000000] inst=[00002785] c.addiw a5, 1
C0:       1725 [1] pc=[0000000080000348] W[r 0=0000000000000000][0] R[r 8=000000008002b000] R[r15=0000000000000001] inst=[fef42423] sw      a5, -24(s0)
C0:       1731 [1] pc=[000000008000034c] W[r15=0000000000000001][1] R[r 8=000000008002b000] R[r 0=0000000000000000] inst=[fe842783] lw      a5, -24(s0)
C0:       1733 [1] pc=[0000000080000350] W[r14=0000000000000001][1] R[r15=0000000000000001] R[r 0=0000000000000000] inst=[0007871b] sext.w  a4, a5
C0:       1734 [1] pc=[0000000080000354] W[r15=0000000000000001][1] R[r 0=0000000000000000] R[r 0=0000000000000000] inst=[00004785] c.li    a5, 1
C0:       1735 [1] pc=[0000000080000356] W[r 0=0000000000000000][0] R[r15=0000000000000001] R[r14=0000000000000001] inst=[f4e7d5e3] bge     a5, a4, pc - 182
C0:       1739 [1] pc=[00000000800002a0] W[r15=0000000000000001][1] R[r 8=000000008002b000] R[r 0=0000000000000000] inst=[fe842783] lw      a5, -24(s0)
C0:       1740 [1] pc=[00000000800002a4] W[r14=0000000000000001][1] R[r 8=000000008002b000] R[r 0=0000000000000000] inst=[fec42703] lw      a4, -20(s0)
C0:       1742 [1] pc=[00000000800002a8] W[r14=0000000000000002][1] R[r14=0000000000000001] R[r 0=0000000000000000] inst=[00000706] c.slli  a4, 1
C0:       1743 [1] pc=[00000000800002aa] W[r15=0000000000000003][1] R[r15=0000000000000001] R[r14=0000000000000002] inst=[000097ba] c.add   a5, a4
C0:       1744 [1] pc=[00000000800002ac] W[r15=000000000000000c][1] R[r15=0000000000000003] R[r 0=0000000000000000] inst=[0000078a] c.slli  a5, 2
C0:       1745 [1] pc=[00000000800002ae] W[r14=000000008002aff0][1] R[r 8=000000008002b000] R[r 0=0000000000000000] inst=[ff040713] addi    a4, s0, -16
C0:       1746 [1] pc=[00000000800002b2] W[r15=000000008002affc][1] R[r15=000000000000000c] R[r14=000000008002aff0] inst=[000097ba] c.add   a5, a4
C0:       1747 [1] pc=[00000000800002b4] W[r 0=0000000000000000][0] R[r15=000000008002affc] R[r 0=0000000000000000] inst=[fa07a823] sw      zero, -80(a5)
C0:       1748 [1] pc=[00000000800002b8] W[r 0=0000000000000000][0] R[r 8=000000008002b000] R[r 0=0000000000000000] inst=[fe042223] sw      zero, -28(s0)
C0:       1749 [1] pc=[00000000800002bc] W[r 0=00000000800002be][1] R[r 0=0000000000000000] R[r 0=0000000000000000] inst=[0000a8a5] c.j     pc + 120
C0:       1755 [1] pc=[0000000080000334] W[r15=0000000000000000][1] R[r 8=000000008002b000] R[r 0=0000000000000000] inst=[fe442783] lw      a5, -28(s0)
C0:       1757 [1] pc=[0000000080000338] W[r14=0000000000000000][1] R[r15=0000000000000000] R[r 0=0000000000000000] inst=[0007871b] sext.w  a4, a5
C0:       1758 [1] pc=[000000008000033c] W[r15=0000000000000001][1] R[r 0=0000000000000000] R[r 0=0000000000000000] inst=[00004785] c.li    a5, 1
C0:       1759 [1] pc=[000000008000033e] W[r 0=0000000000000000][0] R[r15=0000000000000001] R[r14=0000000000000000] inst=[f8e7d0e3] bge     a5, a4, pc - 128
C0:       1764 [1] pc=[00000000800002be] W[r15=0000000000000001][1] R[r 8=000000008002b000] R[r 0=0000000000000000] inst=[fe842783] lw      a5, -24(s0)
C0:       1765 [1] pc=[00000000800002c2] W[r14=0000000000000001][1] R[r 8=000000008002b000] R[r 0=0000000000000000] inst=[fec42703] lw      a4, -20(s0)
C0:       1767 [1] pc=[00000000800002c6] W[r14=0000000000000002][1] R[r14=0000000000000001] R[r 0=0000000000000000] inst=[00000706] c.slli  a4, 1
C0:       1768 [1] pc=[00000000800002c8] W[r15=0000000000000003][1] R[r15=0000000000000001] R[r14=0000000000000002] inst=[000097ba] c.add   a5, a4
C0:       1769 [1] pc=[00000000800002ca] W[r15=000000000000000c][1] R[r15=0000000000000003] R[r 0=0000000000000000] inst=[0000078a] c.slli  a5, 2
C0:       1770 [1] pc=[00000000800002cc] W[r14=000000008002aff0][1] R[r 8=000000008002b000] R[r 0=0000000000000000] inst=[ff040713] addi    a4, s0, -16
C0:       1771 [1] pc=[00000000800002d0] W[r15=000000008002affc][1] R[r15=000000000000000c] R[r14=000000008002aff0] inst=[000097ba] c.add   a5, a4
C0:       1772 [1] pc=[00000000800002d2] W[r14=0000000000000000][1] R[r15=000000008002affc] R[r 0=0000000000000000] inst=[fb07a703] lw      a4, -80(a5)
C0:       1773 [1] pc=[00000000800002d6] W[r15=0000000000000000][1] R[r 8=000000008002b000] R[r 0=0000000000000000] inst=[fe442783] lw      a5, -28(s0)
C0:       1774 [1] pc=[00000000800002da] W[r13=0000000000000001][1] R[r 8=000000008002b000] R[r 0=0000000000000000] inst=[fec42683] lw      a3, -20(s0)
C0:       1776 [1] pc=[00000000800002de] W[r13=0000000000000002][1] R[r13=0000000000000001] R[r 0=0000000000000000] inst=[00000686] c.slli  a3, 1
C0:       1777 [1] pc=[00000000800002e0] W[r15=0000000000000002][1] R[r15=0000000000000000] R[r13=0000000000000002] inst=[000097b6] c.add   a5, a3
C0:       1778 [1] pc=[00000000800002e2] W[r15=0000000000000008][1] R[r15=0000000000000002] R[r 0=0000000000000000] inst=[0000078a] c.slli  a5, 2
C0:       1779 [1] pc=[00000000800002e4] W[r13=000000008002aff0][1] R[r 8=000000008002b000] R[r 0=0000000000000000] inst=[ff040693] addi    a3, s0, -16
C0:       1780 [1] pc=[00000000800002e8] W[r15=000000008002aff8][1] R[r15=0000000000000008] R[r13=000000008002aff0] inst=[000097b6] c.add   a5, a3
C0:       1781 [1] pc=[00000000800002ea] W[r13=0000000000000003][1] R[r15=000000008002aff8] R[r 0=0000000000000000] inst=[fd07a683] lw      a3, -48(a5)
C0:       1782 [1] pc=[00000000800002ee] W[r15=0000000000000001][1] R[r 8=000000008002b000] R[r 0=0000000000000000] inst=[fe842783] lw      a5, -24(s0)
C0:       1783 [1] pc=[00000000800002f2] W[r12=0000000000000000][1] R[r 8=000000008002b000] R[r 0=0000000000000000] inst=[fe442603] lw      a2, -28(s0)
C0:       1785 [1] pc=[00000000800002f6] W[r12=0000000000000000][1] R[r12=0000000000000000] R[r 0=0000000000000000] inst=[00000606] c.slli  a2, 1
C0:       1786 [1] pc=[00000000800002f8] W[r15=0000000000000001][1] R[r15=0000000000000001] R[r12=0000000000000000] inst=[000097b2] c.add   a5, a2
C0:       1787 [1] pc=[00000000800002fa] W[r15=0000000000000004][1] R[r15=0000000000000001] R[r 0=0000000000000000] inst=[0000078a] c.slli  a5, 2
C0:       1788 [1] pc=[00000000800002fc] W[r12=000000008002aff0][1] R[r 8=000000008002b000] R[r 0=0000000000000000] inst=[ff040613] addi    a2, s0, -16
C0:       1789 [1] pc=[0000000080000300] W[r15=000000008002aff4][1] R[r15=0000000000000004] R[r12=000000008002aff0] inst=[000097b2] c.add   a5, a2
C0:       1790 [1] pc=[0000000080000302] W[r15=0000000000000002][1] R[r15=000000008002aff4] R[r 0=0000000000000000] inst=[fc07a783] lw      a5, -64(a5)
C0:       1792 [1] pc=[0000000080000306] W[r15=0000000000000000][0] R[r13=0000000000000003] R[r15=0000000000000002] inst=[02f687bb] mulw    a5, a3, a5
C0:       1796 [1] pc=[000000008000030a] W[r15=0000000000000006][1] R[r15=0000000000000006] R[r 0=0000000000000000] inst=[00002781] c.addiw a5, 0
C0:       1797 [1] pc=[000000008000030c] W[r15=0000000000000006][1] R[r15=0000000000000006] R[r14=0000000000000000] inst=[00009fb9] c.addw  a5, a4
C0:       1798 [1] pc=[000000008000030e] W[r14=0000000000000006][1] R[r15=0000000000000006] R[r 0=0000000000000000] inst=[0007871b] sext.w  a4, a5
C0:       1799 [1] pc=[0000000080000312] W[r15=0000000000000001][1] R[r 8=000000008002b000] R[r 0=0000000000000000] inst=[fe842783] lw      a5, -24(s0)
C0:       1800 [1] pc=[0000000080000316] W[r13=0000000000000001][1] R[r 8=000000008002b000] R[r 0=0000000000000000] inst=[fec42683] lw      a3, -20(s0)
C0:       1802 [1] pc=[000000008000031a] W[r13=0000000000000002][1] R[r13=0000000000000001] R[r 0=0000000000000000] inst=[00000686] c.slli  a3, 1
C0:       1803 [1] pc=[000000008000031c] W[r15=0000000000000003][1] R[r15=0000000000000001] R[r13=0000000000000002] inst=[000097b6] c.add   a5, a3
C0:       1804 [1] pc=[000000008000031e] W[r15=000000000000000c][1] R[r15=0000000000000003] R[r 0=0000000000000000] inst=[0000078a] c.slli  a5, 2
C0:       1805 [1] pc=[0000000080000320] W[r13=000000008002aff0][1] R[r 8=000000008002b000] R[r 0=0000000000000000] inst=[ff040693] addi    a3, s0, -16
C0:       1806 [1] pc=[0000000080000324] W[r15=000000008002affc][1] R[r15=000000000000000c] R[r13=000000008002aff0] inst=[000097b6] c.add   a5, a3
C0:       1807 [1] pc=[0000000080000326] W[r 0=0000000000000000][0] R[r15=000000008002affc] R[r14=0000000000000006] inst=[fae7a823] sw      a4, -80(a5)
C0:       1808 [1] pc=[000000008000032a] W[r15=0000000000000000][1] R[r 8=000000008002b000] R[r 0=0000000000000000] inst=[fe442783] lw      a5, -28(s0)
C0:       1810 [1] pc=[000000008000032e] W[r15=0000000000000001][1] R[r15=0000000000000000] R[r 0=0000000000000000] inst=[00002785] c.addiw a5, 1
C0:       1811 [1] pc=[0000000080000330] W[r 0=0000000000000000][0] R[r 8=000000008002b000] R[r15=0000000000000001] inst=[fef42223] sw      a5, -28(s0)
C0:       1817 [1] pc=[0000000080000334] W[r15=0000000000000001][1] R[r 8=000000008002b000] R[r 0=0000000000000000] inst=[fe442783] lw      a5, -28(s0)
C0:       1819 [1] pc=[0000000080000338] W[r14=0000000000000001][1] R[r15=0000000000000001] R[r 0=0000000000000000] inst=[0007871b] sext.w  a4, a5
C0:       1820 [1] pc=[000000008000033c] W[r15=0000000000000001][1] R[r 0=0000000000000000] R[r 0=0000000000000000] inst=[00004785] c.li    a5, 1
C0:       1821 [1] pc=[000000008000033e] W[r 0=0000000000000000][0] R[r15=0000000000000001] R[r14=0000000000000001] inst=[f8e7d0e3] bge     a5, a4, pc - 128
C0:       1823 [1] pc=[00000000800002be] W[r15=0000000000000001][1] R[r 8=000000008002b000] R[r 0=0000000000000000] inst=[fe842783] lw      a5, -24(s0)
C0:       1824 [1] pc=[00000000800002c2] W[r14=0000000000000001][1] R[r 8=000000008002b000] R[r 0=0000000000000000] inst=[fec42703] lw      a4, -20(s0)
C0:       1826 [1] pc=[00000000800002c6] W[r14=0000000000000002][1] R[r14=0000000000000001] R[r 0=0000000000000000] inst=[00000706] c.slli  a4, 1
C0:       1827 [1] pc=[00000000800002c8] W[r15=0000000000000003][1] R[r15=0000000000000001] R[r14=0000000000000002] inst=[000097ba] c.add   a5, a4
C0:       1828 [1] pc=[00000000800002ca] W[r15=000000000000000c][1] R[r15=0000000000000003] R[r 0=0000000000000000] inst=[0000078a] c.slli  a5, 2
C0:       1829 [1] pc=[00000000800002cc] W[r14=000000008002aff0][1] R[r 8=000000008002b000] R[r 0=0000000000000000] inst=[ff040713] addi    a4, s0, -16
C0:       1830 [1] pc=[00000000800002d0] W[r15=000000008002affc][1] R[r15=000000000000000c] R[r14=000000008002aff0] inst=[000097ba] c.add   a5, a4
C0:       1831 [1] pc=[00000000800002d2] W[r14=0000000000000006][1] R[r15=000000008002affc] R[r 0=0000000000000000] inst=[fb07a703] lw      a4, -80(a5)
C0:       1832 [1] pc=[00000000800002d6] W[r15=0000000000000001][1] R[r 8=000000008002b000] R[r 0=0000000000000000] inst=[fe442783] lw      a5, -28(s0)
C0:       1833 [1] pc=[00000000800002da] W[r13=0000000000000001][1] R[r 8=000000008002b000] R[r 0=0000000000000000] inst=[fec42683] lw      a3, -20(s0)
C0:       1835 [1] pc=[00000000800002de] W[r13=0000000000000002][1] R[r13=0000000000000001] R[r 0=0000000000000000] inst=[00000686] c.slli  a3, 1
C0:       1836 [1] pc=[00000000800002e0] W[r15=0000000000000003][1] R[r15=0000000000000001] R[r13=0000000000000002] inst=[000097b6] c.add   a5, a3
C0:       1837 [1] pc=[00000000800002e2] W[r15=000000000000000c][1] R[r15=0000000000000003] R[r 0=0000000000000000] inst=[0000078a] c.slli  a5, 2
C0:       1838 [1] pc=[00000000800002e4] W[r13=000000008002aff0][1] R[r 8=000000008002b000] R[r 0=0000000000000000] inst=[ff040693] addi    a3, s0, -16
C0:       1839 [1] pc=[00000000800002e8] W[r15=000000008002affc][1] R[r15=000000000000000c] R[r13=000000008002aff0] inst=[000097b6] c.add   a5, a3
C0:       1840 [1] pc=[00000000800002ea] W[r13=0000000000000004][1] R[r15=000000008002affc] R[r 0=0000000000000000] inst=[fd07a683] lw      a3, -48(a5)
C0:       1841 [1] pc=[00000000800002ee] W[r15=0000000000000001][1] R[r 8=000000008002b000] R[r 0=0000000000000000] inst=[fe842783] lw      a5, -24(s0)
C0:       1842 [1] pc=[00000000800002f2] W[r12=0000000000000001][1] R[r 8=000000008002b000] R[r 0=0000000000000000] inst=[fe442603] lw      a2, -28(s0)
C0:       1844 [1] pc=[00000000800002f6] W[r12=0000000000000002][1] R[r12=0000000000000001] R[r 0=0000000000000000] inst=[00000606] c.slli  a2, 1
C0:       1845 [1] pc=[00000000800002f8] W[r15=0000000000000003][1] R[r15=0000000000000001] R[r12=0000000000000002] inst=[000097b2] c.add   a5, a2
C0:       1846 [1] pc=[00000000800002fa] W[r15=000000000000000c][1] R[r15=0000000000000003] R[r 0=0000000000000000] inst=[0000078a] c.slli  a5, 2
C0:       1847 [1] pc=[00000000800002fc] W[r12=000000008002aff0][1] R[r 8=000000008002b000] R[r 0=0000000000000000] inst=[ff040613] addi    a2, s0, -16
C0:       1848 [1] pc=[0000000080000300] W[r15=000000008002affc][1] R[r15=000000000000000c] R[r12=000000008002aff0] inst=[000097b2] c.add   a5, a2
C0:       1849 [1] pc=[0000000080000302] W[r15=0000000000000004][1] R[r15=000000008002affc] R[r 0=0000000000000000] inst=[fc07a783] lw      a5, -64(a5)
C0:       1851 [1] pc=[0000000080000306] W[r15=0000000000000000][0] R[r13=0000000000000004] R[r15=0000000000000004] inst=[02f687bb] mulw    a5, a3, a5
C0:       1855 [1] pc=[000000008000030a] W[r15=0000000000000010][1] R[r15=0000000000000010] R[r 0=0000000000000000] inst=[00002781] c.addiw a5, 0
C0:       1856 [1] pc=[000000008000030c] W[r15=0000000000000016][1] R[r15=0000000000000010] R[r14=0000000000000006] inst=[00009fb9] c.addw  a5, a4
C0:       1857 [1] pc=[000000008000030e] W[r14=0000000000000016][1] R[r15=0000000000000016] R[r 0=0000000000000000] inst=[0007871b] sext.w  a4, a5
C0:       1858 [1] pc=[0000000080000312] W[r15=0000000000000001][1] R[r 8=000000008002b000] R[r 0=0000000000000000] inst=[fe842783] lw      a5, -24(s0)
C0:       1859 [1] pc=[0000000080000316] W[r13=0000000000000001][1] R[r 8=000000008002b000] R[r 0=0000000000000000] inst=[fec42683] lw      a3, -20(s0)
C0:       1861 [1] pc=[000000008000031a] W[r13=0000000000000002][1] R[r13=0000000000000001] R[r 0=0000000000000000] inst=[00000686] c.slli  a3, 1
C0:       1862 [1] pc=[000000008000031c] W[r15=0000000000000003][1] R[r15=0000000000000001] R[r13=0000000000000002] inst=[000097b6] c.add   a5, a3
C0:       1863 [1] pc=[000000008000031e] W[r15=000000000000000c][1] R[r15=0000000000000003] R[r 0=0000000000000000] inst=[0000078a] c.slli  a5, 2
C0:       1864 [1] pc=[0000000080000320] W[r13=000000008002aff0][1] R[r 8=000000008002b000] R[r 0=0000000000000000] inst=[ff040693] addi    a3, s0, -16
C0:       1865 [1] pc=[0000000080000324] W[r15=000000008002affc][1] R[r15=000000000000000c] R[r13=000000008002aff0] inst=[000097b6] c.add   a5, a3
C0:       1866 [1] pc=[0000000080000326] W[r 0=0000000000000000][0] R[r15=000000008002affc] R[r14=0000000000000016] inst=[fae7a823] sw      a4, -80(a5)
C0:       1867 [1] pc=[000000008000032a] W[r15=0000000000000001][1] R[r 8=000000008002b000] R[r 0=0000000000000000] inst=[fe442783] lw      a5, -28(s0)
C0:       1869 [1] pc=[000000008000032e] W[r15=0000000000000002][1] R[r15=0000000000000001] R[r 0=0000000000000000] inst=[00002785] c.addiw a5, 1
C0:       1870 [1] pc=[0000000080000330] W[r 0=0000000000000000][0] R[r 8=000000008002b000] R[r15=0000000000000002] inst=[fef42223] sw      a5, -28(s0)
C0:       1876 [1] pc=[0000000080000334] W[r15=0000000000000002][1] R[r 8=000000008002b000] R[r 0=0000000000000000] inst=[fe442783] lw      a5, -28(s0)
C0:       1878 [1] pc=[0000000080000338] W[r14=0000000000000002][1] R[r15=0000000000000002] R[r 0=0000000000000000] inst=[0007871b] sext.w  a4, a5
C0:       1879 [1] pc=[000000008000033c] W[r15=0000000000000001][1] R[r 0=0000000000000000] R[r 0=0000000000000000] inst=[00004785] c.li    a5, 1
C0:       1880 [1] pc=[000000008000033e] W[r 0=0000000000000000][0] R[r15=0000000000000001] R[r14=0000000000000002] inst=[f8e7d0e3] bge     a5, a4, pc - 128
C0:       1881 [1] pc=[0000000080000342] W[r15=0000000000000001][1] R[r 8=000000008002b000] R[r 0=0000000000000000] inst=[fe842783] lw      a5, -24(s0)
C0:       1883 [1] pc=[0000000080000346] W[r15=0000000000000002][1] R[r15=0000000000000001] R[r 0=0000000000000000] inst=[00002785] c.addiw a5, 1
C0:       1884 [1] pc=[0000000080000348] W[r 0=0000000000000000][0] R[r 8=000000008002b000] R[r15=0000000000000002] inst=[fef42423] sw      a5, -24(s0)
C0:       1890 [1] pc=[000000008000034c] W[r15=0000000000000002][1] R[r 8=000000008002b000] R[r 0=0000000000000000] inst=[fe842783] lw      a5, -24(s0)
C0:       1892 [1] pc=[0000000080000350] W[r14=0000000000000002][1] R[r15=0000000000000002] R[r 0=0000000000000000] inst=[0007871b] sext.w  a4, a5
C0:       1893 [1] pc=[0000000080000354] W[r15=0000000000000001][1] R[r 0=0000000000000000] R[r 0=0000000000000000] inst=[00004785] c.li    a5, 1
C0:       1894 [1] pc=[0000000080000356] W[r 0=0000000000000000][0] R[r15=0000000000000001] R[r14=0000000000000002] inst=[f4e7d5e3] bge     a5, a4, pc - 182
C0:       1899 [1] pc=[000000008000035a] W[r15=0000000000000001][1] R[r 8=000000008002b000] R[r 0=0000000000000000] inst=[fec42783] lw      a5, -20(s0)
C0:       1901 [1] pc=[000000008000035e] W[r15=0000000000000002][1] R[r15=0000000000000001] R[r 0=0000000000000000] inst=[00002785] c.addiw a5, 1
C0:       1902 [1] pc=[0000000080000360] W[r 0=0000000000000000][0] R[r 8=000000008002b000] R[r15=0000000000000002] inst=[fef42623] sw      a5, -20(s0)
C0:       1908 [1] pc=[0000000080000364] W[r15=0000000000000002][1] R[r 8=000000008002b000] R[r 0=0000000000000000] inst=[fec42783] lw      a5, -20(s0)
C0:       1910 [1] pc=[0000000080000368] W[r14=0000000000000002][1] R[r15=0000000000000002] R[r 0=0000000000000000] inst=[0007871b] sext.w  a4, a5
C0:       1911 [1] pc=[000000008000036c] W[r15=0000000000000001][1] R[r 0=0000000000000000] R[r 0=0000000000000000] inst=[00004785] c.li    a5, 1
C0:       1912 [1] pc=[000000008000036e] W[r 0=0000000000000000][0] R[r15=0000000000000001] R[r14=0000000000000002] inst=[f2e7d6e3] bge     a5, a4, pc - 212
C0:       1913 [1] pc=[0000000080000372] W[r 1=0000000080000376][1] R[r 0=0000000000000000] R[r 0=0000000000000000] inst=[ebfff0ef] jal     pc - 0x142
C0:       1914 [1] pc=[0000000080000230] W[r 2=000000008002af80][1] R[r 2=000000008002afa0] R[r 0=0000000000000000] inst=[00001101] c.addi  sp, -32
C0:       1915 [1] pc=[0000000080000232] W[r 0=0000000000000000][0] R[r 2=000000008002af80] R[r 8=000000008002b000] inst=[0000ec22] c.sdsp  s0, 24(sp)
C0:       1916 [1] pc=[0000000080000234] W[r 8=000000008002afa0][1] R[r 2=000000008002af80] R[r 0=0000000000000000] inst=[00001000] c.addi4spn s0, sp, 32
C0:       1917 [1] pc=[0000000080000236] W[r15=000000000000077d][1] R[r 0=0000000000000000] R[r 0=0000000000000000] inst=[c00027f3] csrr    a5, unknown_c00
C0:       1920 [1] pc=[000000008000023a] W[r 0=0000000000000000][0] R[r 8=000000008002afa0] R[r15=000000000000077d] inst=[fef43423] sd      a5, -24(s0)
C0:       1927 [1] pc=[000000008000023e] W[r15=000000000000077d][1] R[r 8=000000008002afa0] R[r 0=0000000000000000] inst=[fe843783] ld      a5, -24(s0)
C0:       1929 [1] pc=[0000000080000242] W[r10=000000000000077d][1] R[r 0=0000000000000000] R[r15=000000000000077d] inst=[0000853e] c.mv    a0, a5
C0:       1930 [1] pc=[0000000080000244] W[r 8=000000008002b000][1] R[r 2=000000008002af80] R[r 0=0000000000000000] inst=[00006462] c.ldsp  s0, 24(sp)
C0:       1931 [1] pc=[0000000080000246] W[r 2=000000008002afa0][1] R[r 2=000000008002af80] R[r 0=0000000000000000] inst=[00006105] c.addi16sp sp, 32
C0:       1932 [1] pc=[0000000080000248] W[r 0=000000008000024a][1] R[r 1=0000000080000376] R[r 0=0000000000000000] inst=[00008082] ret
C0:       1933 [1] pc=[0000000080000376] W[r15=000000000000077d][1] R[r 0=0000000000000000] R[r10=000000000000077d] inst=[000087aa] c.mv    a5, a0
C0:       1934 [1] pc=[0000000080000378] W[r 0=0000000000000000][0] R[r 8=000000008002b000] R[r15=000000000000077d] inst=[fcf42a23] sw      a5, -44(s0)
C0:       1935 [1] pc=[000000008000037c] W[r 0=0000000000000000][0] R[r 8=000000008002b000] R[r 0=0000000000000000] inst=[fe042023] sw      zero, -32(s0)
C0:       1957 [1] pc=[0000000080000380] W[r 0=0000000080000382][1] R[r 0=0000000000000000] R[r 0=0000000000000000] inst=[0000a041] c.j     pc + 128
C0:       1980 [1] pc=[0000000080000400] W[r15=0000000000000000][1] R[r 8=000000008002b000] R[r 0=0000000000000000] inst=[fe042783] lw      a5, -32(s0)
C0:       1982 [1] pc=[0000000080000404] W[r14=0000000000000000][1] R[r15=0000000000000000] R[r 0=0000000000000000] inst=[0007871b] sext.w  a4, a5
C0:       1983 [1] pc=[0000000080000408] W[r15=0000000000000001][1] R[r 0=0000000000000000] R[r 0=0000000000000000] inst=[00004785] c.li    a5, 1
C0:       1984 [1] pc=[000000008000040a] W[r 0=0000000000000000][0] R[r15=0000000000000001] R[r14=0000000000000000] inst=[f6e7dce3] bge     a5, a4, pc - 136
C0:       1989 [1] pc=[0000000080000382] W[r10=0000000080002382][1] R[r 0=0000000000000000] R[r 0=0000000000000000] inst=[00002517] auipc   a0, 0x2
C0:       1990 [1] pc=[0000000080000386] W[r10=0000000080001f10][1] R[r10=0000000080002382] R[r 0=0000000000000000] inst=[b8e50513] addi    a0, a0, -1138
C0:       1991 [1] pc=[000000008000038a] W[r 1=000000008000038e][1] R[r 0=0000000000000000] R[r 0=0000000000000000] inst=[0e6000ef] jal     pc + 0xe6
C0:       2014 [1] pc=[0000000080000470] W[r 2=000000008002af30][1] R[r 2=000000008002afa0] R[r 0=0000000000000000] inst=[00007159] c.addi16sp sp, -112
C0:       2040 [1] pc=[0000000080000472] W[r 0=0000000000000000][0] R[r 2=000000008002af30] R[r 8=000000008002b000] inst=[0000f022] c.sdsp  s0, 32(sp)
C0:       2041 [1] pc=[0000000080000474] W[r 0=0000000000000000][0] R[r 2=000000008002af30] R[r 1=000000008000038e] inst=[0000f406] c.sdsp  ra, 40(sp)
C0:       2042 [1] pc=[0000000080000476] W[r 8=0000000080001f10][1] R[r 0=0000000000000000] R[r10=0000000080001f10] inst=[0000842a] c.mv    s0, a0
C0:       2043 [1] pc=[0000000080000478] W[r 0=0000000000000000][0] R[r 2=000000008002af30] R[r11=00000000800020c0] inst=[0000fc2e] c.sdsp  a1, 56(sp)
C0:       2044 [1] pc=[000000008000047a] W[r 0=0000000000000000][0] R[r 2=000000008002af30] R[r12=000000008002aff0] inst=[0000e0b2] c.sdsp  a2, 64(sp)
C0:       2045 [1] pc=[000000008000047c] W[r 0=0000000000000000][0] R[r 2=000000008002af30] R[r13=000000008002aff0] inst=[0000e4b6] c.sdsp  a3, 72(sp)
C0:       2046 [1] pc=[000000008000047e] W[r 0=0000000000000000][0] R[r 2=000000008002af30] R[r14=0000000000000000] inst=[0000e8ba] c.sdsp  a4, 80(sp)
C0:       2068 [1] pc=[0000000080000480] W[r 0=0000000000000000][0] R[r 2=000000008002af30] R[r15=0000000000000001] inst=[0000ecbe] c.sdsp  a5, 88(sp)
C0:       2069 [1] pc=[0000000080000482] W[r 0=0000000000000000][0] R[r 2=000000008002af30] R[r16=000000000000001f] inst=[0000f0c2] c.sdsp  a6, 96(sp)
C0:       2070 [1] pc=[0000000080000484] W[r 0=0000000000000000][0] R[r 2=000000008002af30] R[r17=0000000000000000] inst=[0000f4c6] c.sdsp  a7, 104(sp)
C0:       2071 [1] pc=[0000000080000486] W[r10=0000000080002486][1] R[r 0=0000000000000000] R[r 0=0000000000000000] inst=[00002517] auipc   a0, 0x2
C0:       2072 [1] pc=[000000008000048a] W[r10=0000000080002150][1] R[r10=0000000080002486] R[r 0=0000000000000000] inst=[d7a53503] ld      a0, -646(a0)
C0:       2074 [1] pc=[000000008000048e] W[r 0=0000000000000000][0] R[r10=0000000080002150] R[r 0=0000000000000000] inst=[0000c519] c.beqz  a0, pc + 14
C0:       2094 [1] pc=[0000000080000490] W[r15=0000000000000000][1] R[r10=0000000080002150] R[r 0=0000000000000000] inst=[0000591c] c.lw    a5, 48(a0)
C0:       2096 [1] pc=[0000000080000492] W[r 0=0000000000000000][0] R[r15=0000000000000000] R[r 0=0000000000000000] inst=[0000e789] c.bnez  a5, pc + 10
C0:       2122 [1] pc=[0000000080000494] W[r 0=0000000000000000][0] R[r 2=000000008002af30] R[r10=0000000080002150] inst=[0000e42a] c.sdsp  a0, 8(sp)
C0:       2123 [1] pc=[0000000080000496] W[r 1=000000008000049a][1] R[r 0=0000000000000000] R[r 0=0000000000000000] inst=[0e4000ef] jal     pc + 0xe4
C0:       2145 [1] pc=[000000008000057a] W[r15=0000000000000000][1] R[r10=0000000080002150] R[r 0=0000000000000000] inst=[0000591c] c.lw    a5, 48(a0)
C0:       2147 [1] pc=[000000008000057c] W[r 0=0000000000000000][0] R[r15=0000000000000000] R[r 0=0000000000000000] inst=[0000ebad] c.bnez  a5, pc + 114
C0:       2148 [1] pc=[000000008000057e] W[r 2=000000008002af20][1] R[r 2=000000008002af30] R[r 0=0000000000000000] inst=[00001141] c.addi  sp, -16
C0:       2170 [1] pc=[0000000080000580] W[r 0=0000000000000000][0] R[r 2=000000008002af20] R[r 8=0000000080001f10] inst=[0000e022] c.sdsp  s0, 0(sp)
C0:       2171 [1] pc=[0000000080000582] W[r 0=0000000000000000][0] R[r 2=000000008002af20] R[r 1=000000008000049a] inst=[0000e406] c.sdsp  ra, 8(sp)
C0:       2172 [1] pc=[0000000080000584] W[r15=0000000080000584][1] R[r 0=0000000000000000] R[r 0=0000000000000000] inst=[00000797] auipc   a5, 0x0
C0:       2173 [1] pc=[0000000080000588] W[r15=000000008000051a][1] R[r15=0000000080000584] R[r 0=0000000000000000] inst=[f9678793] addi    a5, a5, -106
C0:       2174 [1] pc=[000000008000058c] W[r 0=0000000000000000][0] R[r10=0000000080002150] R[r15=000000008000051a] inst=[0000e53c] c.sd    a5, 72(a0)
C0:       2198 [1] pc=[000000008000058e] W[r 0=0000000000000000][0] R[r10=0000000080002150] R[r 0=0000000000000000] inst=[08053023] sd      zero, 128(a0)
C0:       2199 [1] pc=[0000000080000592] W[r 0=0000000000000000][0] R[r10=0000000080002150] R[r 0=0000000000000000] inst=[08052423] sw      zero, 136(a0)
C0:       2200 [1] pc=[0000000080000596] W[r 0=0000000000000000][0] R[r10=0000000080002150] R[r 0=0000000000000000] inst=[08053823] sd      zero, 144(a0)
C0:       2201 [1] pc=[000000008000059a] W[r15=000000008000259a][1] R[r 0=0000000000000000] R[r 0=0000000000000000] inst=[00002797] auipc   a5, 0x2
C0:       2219 [1] pc=[000000008000059e] W[r15=0000000080002150][1] R[r15=000000008000259a] R[r 0=0000000000000000] inst=[b467b783] ld      a5, -1210(a5)
C0:       2220 [1] pc=[00000000800005a2] W[r 8=0000000080002150][1] R[r 0=0000000000000000] R[r10=0000000080002150] inst=[0000842a] c.mv    s0, a0
C0:       2221 [1] pc=[00000000800005a4] W[r 0=0000000000000000][0] R[r10=0000000080002150] R[r15=0000000080002150] inst=[00f51463] bne     a0, a5, pc + 8
C0:       2222 [1] pc=[00000000800005a8] W[r15=0000000000000001][1] R[r 0=0000000000000000] R[r 0=0000000000000000] inst=[00004785] c.li    a5, 1
C0:       2223 [1] pc=[00000000800005aa] W[r 0=0000000000000000][0] R[r10=0000000080002150] R[r15=0000000000000001] inst=[0000d91c] c.sw    a5, 48(a0)
C0:       2224 [1] pc=[00000000800005ac] W[r10=0000000080002150][1] R[r 0=0000000000000000] R[r 8=0000000080002150] inst=[00008522] c.mv    a0, s0
C0:       2225 [1] pc=[00000000800005ae] W[r 1=00000000800005b2][1] R[r 0=0000000000000000] R[r 0=0000000000000000] inst=[042000ef] jal     pc + 0x42
C0:       2247 [1] pc=[00000000800005f0] W[r 2=000000008002af00][1] R[r 2=000000008002af20] R[r 0=0000000000000000] inst=[00001101] c.addi  sp, -32
C0:       2248 [1] pc=[00000000800005f2] W[r 0=0000000000000000][0] R[r 2=000000008002af00] R[r 9=0000000000000000] inst=[0000e426] c.sdsp  s1, 8(sp)
C0:       2249 [1] pc=[00000000800005f4] W[r 9=00000000800025f4][1] R[r 0=0000000000000000] R[r 0=0000000000000000] inst=[00002497] auipc   s1, 0x2
C0:       2250 [1] pc=[00000000800005f8] W[r 9=0000000080002150][1] R[r 9=00000000800025f4] R[r 0=0000000000000000] inst=[aec4b483] ld      s1, -1300(s1)
C0:       2252 [1] pc=[00000000800005fc] W[r15=0000000000000001][1] R[r 9=0000000080002150] R[r 0=0000000000000000] inst=[0000589c] c.lw    a5, 48(s1)
C0:       2253 [1] pc=[00000000800005fe] W[r 0=0000000000000000][0] R[r 2=000000008002af00] R[r18=0000000000000000] inst=[0000e04a] c.sdsp  s2, 0(sp)
C0:       2275 [1] pc=[0000000080000600] W[r 0=0000000000000000][0] R[r 2=000000008002af00] R[r 1=00000000800005b2] inst=[0000ec06] c.sdsp  ra, 24(sp)
C0:       2276 [1] pc=[0000000080000602] W[r 0=0000000000000000][0] R[r 2=000000008002af00] R[r 8=0000000080002150] inst=[0000e822] c.sdsp  s0, 16(sp)
C0:       2277 [1] pc=[0000000080000604] W[r18=0000000080002150][1] R[r 0=0000000000000000] R[r10=0000000080002150] inst=[0000892a] c.mv    s2, a0
C0:       2278 [1] pc=[0000000080000606] W[r 0=0000000000000000][0] R[r15=0000000000000001] R[r 0=0000000000000000] inst=[0000e781] c.bnez  a5, pc + 8
C0:       2283 [1] pc=[000000008000060e] W[r 9=00000000800021d0][1] R[r 9=0000000080002150] R[r 0=0000000000000000] inst=[08048493] addi    s1, s1, 128
C0:       2284 [1] pc=[0000000080000612] W[r 8=0000000000000000][1] R[r 9=00000000800021d0] R[r 0=0000000000000000] inst=[00006880] c.ld    s0, 16(s1)
C0:       2285 [1] pc=[0000000080000614] W[r15=0000000000000000][1] R[r 9=00000000800021d0] R[r 0=0000000000000000] inst=[0000449c] c.lw    a5, 8(s1)
C0:       2287 [1] pc=[0000000080000616] W[r15=ffffffffffffffff][1] R[r15=0000000000000000] R[r 0=0000000000000000] inst=[000037fd] c.addiw a5, -1
C0:       2288 [1] pc=[0000000080000618] W[r 0=0000000000000000][0] R[r15=ffffffffffffffff] R[r 0=0000000000000000] inst=[0007d663] bgez    a5, pc + 12
C0:       2289 [1] pc=[000000008000061c] W[r15=0000000000000000][1] R[r 9=00000000800021d0] R[r 0=0000000000000000] inst=[0000609c] c.ld    a5, 0(s1)
C0:       2291 [1] pc=[000000008000061e] W[r 0=0000000000000000][0] R[r15=0000000000000000] R[r 0=0000000000000000] inst=[0000cfa9] c.beqz  a5, pc + 90
C0:       2316 [1] pc=[0000000080000678] W[r11=0000000000000004][1] R[r 0=0000000000000000] R[r 0=0000000000000000] inst=[00004591] c.li    a1, 4
C0:       2317 [1] pc=[000000008000067a] W[r10=0000000080002150][1] R[r 0=0000000000000000] R[r18=0000000080002150] inst=[0000854a] c.mv    a0, s2
C0:       2318 [1] pc=[000000008000067c] W[r 1=0000000080000680][1] R[r 0=0000000000000000] R[r 0=0000000000000000] inst=[eadff0ef] jal     pc - 0x154
C0:       2340 [1] pc=[0000000080000528] W[r 2=000000008002aee0][1] R[r 2=000000008002af00] R[r 0=0000000000000000] inst=[00001101] c.addi  sp, -32
C0:       2367 [1] pc=[000000008000052a] W[r 0=0000000000000000][0] R[r 2=000000008002aee0] R[r 9=00000000800021d0] inst=[0000e426] c.sdsp  s1, 8(sp)
C0:       2368 [1] pc=[000000008000052c] W[r12=00000000000000b0][1] R[r 0=0000000000000000] R[r 0=0000000000000000] inst=[0b000613] li      a2, 176
C0:       2369 [1] pc=[0000000080000530] W[r 9=0000000000000003][1] R[r11=0000000000000004] R[r 0=0000000000000000] inst=[fff5849b] addiw   s1, a1, -1
C0:       2370 [1] pc=[0000000080000534] W[r 9=0000000000000000][0] R[r 9=0000000000000003] R[r12=00000000000000b0] inst=[02c484b3] mul     s1, s1, a2
C0:       2371 [1] pc=[0000000080000538] W[r 0=0000000000000000][0] R[r 2=000000008002aee0] R[r18=0000000080002150] inst=[0000e04a] c.sdsp  s2, 0(sp)
C0:       2372 [1] pc=[000000008000053a] W[r18=0000000000000004][1] R[r 0=0000000000000000] R[r11=0000000000000004] inst=[0000892e] c.mv    s2, a1
C0:       2373 [1] pc=[000000008000053c] W[r 0=0000000000000000][0] R[r 2=000000008002aee0] R[r 8=0000000000000000] inst=[0000e822] c.sdsp  s0, 16(sp)
C0:       2374 [1] pc=[000000008000053e] W[r 0=0000000000000000][0] R[r 2=000000008002aee0] R[r 1=0000000080000680] inst=[0000ec06] c.sdsp  ra, 24(sp)
C0:       2375 [1] pc=[0000000080000540] W[r11=00000000000002d8][1] R[r 9=0000000000000210] R[r 0=0000000000000000] inst=[0c848593] addi    a1, s1, 200
C0:       2376 [1] pc=[0000000080000544] W[r 1=0000000080000548][1] R[r 0=0000000000000000] R[r 0=0000000000000000] inst=[256000ef] jal     pc + 0x256
C0:       2378 [1] pc=[000000008000079a] W[r15=00000000000002df][1] R[r11=00000000000002d8] R[r 0=0000000000000000] inst=[00758793] addi    a5, a1, 7
C0:       2379 [1] pc=[000000008000079e] W[r 2=000000008002aeb0][1] R[r 2=000000008002aee0] R[r 0=0000000000000000] inst=[00007179] c.addi16sp sp, -48
C0:       2380 [1] pc=[00000000800007a0] W[r15=00000000000002d8][1] R[r15=00000000000002df] R[r 0=0000000000000000] inst=[00009be1] c.andi  a5, -8
C0:       2381 [1] pc=[00000000800007a2] W[r 0=0000000000000000][0] R[r 2=000000008002aeb0] R[r 9=0000000000000210] inst=[0000ec26] c.sdsp  s1, 24(sp)
C0:       2382 [1] pc=[00000000800007a4] W[r 0=0000000000000000][0] R[r 2=000000008002aeb0] R[r18=0000000000000004] inst=[0000e84a] c.sdsp  s2, 16(sp)
C0:       2383 [1] pc=[00000000800007a6] W[r 0=0000000000000000][0] R[r 2=000000008002aeb0] R[r 1=0000000080000548] inst=[0000f406] c.sdsp  ra, 40(sp)
C0:       2384 [1] pc=[00000000800007a8] W[r 0=0000000000000000][0] R[r 2=000000008002aeb0] R[r 8=0000000000000000] inst=[0000f022] c.sdsp  s0, 32(sp)
C0:       2418 [1] pc=[00000000800007aa] W[r 0=0000000000000000][0] R[r 2=000000008002aeb0] R[r19=0000000000000000] inst=[0000e44e] c.sdsp  s3, 8(sp)
C0:       2419 [1] pc=[00000000800007ac] W[r15=00000000000002e0][1] R[r15=00000000000002d8] R[r 0=0000000000000000] inst=[000007a1] c.addi  a5, 8
C0:       2420 [1] pc=[00000000800007ae] W[r14=0000000000000010][1] R[r 0=0000000000000000] R[r 0=0000000000000000] inst=[00004741] c.li    a4, 16
C0:       2421 [1] pc=[00000000800007b0] W[r 9=0000000080002150][1] R[r 0=0000000000000000] R[r10=0000000080002150] inst=[000084aa] c.mv    s1, a0
C0:       2422 [1] pc=[00000000800007b2] W[r18=0000000000000010][1] R[r 0=0000000000000000] R[r 0=0000000000000000] inst=[00004941] c.li    s2, 16
C0:       2423 [1] pc=[00000000800007b4] W[r 0=0000000000000000][0] R[r15=00000000000002e0] R[r14=0000000000000010] inst=[00e7e363] bltu    a5, a4, pc + 6
C0:       2424 [1] pc=[00000000800007b8] W[r18=00000000000002e0][1] R[r 0=0000000000000000] R[r15=00000000000002e0] inst=[0000893e] c.mv    s2, a5
C0:       2425 [1] pc=[00000000800007ba] W[r14=ffffffff80000000][1] R[r 0=0000000000000000] R[r 0=0000000000000000] inst=[80000737] lui     a4, 0x80000
C0:       2448 [1] pc=[00000000800007be] W[r14=000000007fffffff][1] R[r14=ffffffff80000000] R[r 0=0000000000000000] inst=[fff74713] not     a4, a4
C0:       2449 [1] pc=[00000000800007c2] W[r 0=0000000000000000][0] R[r14=000000007fffffff] R[r15=00000000000002e0] inst=[00f76463] bltu    a4, a5, pc + 8
C0:       2450 [1] pc=[00000000800007c6] W[r 0=0000000000000000][0] R[r18=00000000000002e0] R[r11=00000000000002d8] inst=[00b97c63] bgeu    s2, a1, pc + 24
C0:       2454 [1] pc=[00000000800007de] W[r10=0000000080002150][1] R[r 0=0000000000000000] R[r 9=0000000080002150] inst=[00008526] c.mv    a0, s1
C0:       2455 [1] pc=[00000000800007e0] W[r 1=00000000800007e4][1] R[r 0=0000000000000000] R[r 0=0000000000000000] inst=[557000ef] jal     pc + 0xd56
C0:       2478 [1] pc=[0000000080001536] W[r 0=0000000080001538][1] R[r 1=00000000800007e4] R[r 0=0000000000000000] inst=[00008082] ret
C0:       2480 [1] pc=[00000000800007e4] W[r15=0000000080002220][1] R[r 3=0000000080002a00] R[r 0=0000000000000000] inst=[82018793] addi    a5, gp, -2016
C0:       2481 [1] pc=[00000000800007e8] W[r14=0000000000000000][1] R[r15=0000000080002220] R[r 0=0000000000000000] inst=[00006398] c.ld    a4, 0(a5)
C0:       2482 [1] pc=[00000000800007ea] W[r13=0000000080002220][1] R[r 0=0000000000000000] R[r15=0000000080002220] inst=[000086be] c.mv    a3, a5
C0:       2483 [1] pc=[00000000800007ec] W[r 8=0000000000000000][1] R[r 0=0000000000000000] R[r14=0000000000000000] inst=[0000843a] c.mv    s0, a4
C0:       2484 [1] pc=[00000000800007ee] W[r 0=0000000000000000][0] R[r 8=0000000000000000] R[r 0=0000000000000000] inst=[0000e41d] c.bnez  s0, pc + 46
C0:       2485 [1] pc=[00000000800007f0] W[r 8=0000000080002228][1] R[r 3=0000000080002a00] R[r 0=0000000000000000] inst=[82818413] addi    s0, gp, -2008
C0:       2486 [1] pc=[00000000800007f4] W[r15=0000000000000000][1] R[r 8=0000000080002228] R[r 0=0000000000000000] inst=[0000601c] c.ld    a5, 0(s0)
C0:       2488 [1] pc=[00000000800007f6] W[r 0=0000000000000000][0] R[r15=0000000000000000] R[r 0=0000000000000000] inst=[0000e791] c.bnez  a5, pc + 12
C0:       2489 [1] pc=[00000000800007f8] W[r11=0000000000000000][1] R[r 0=0000000000000000] R[r 0=0000000000000000] inst=[00004581] c.li    a1, 0
C0:       2490 [1] pc=[00000000800007fa] W[r10=0000000080002150][1] R[r 0=0000000000000000] R[r 9=0000000080002150] inst=[00008526] c.mv    a0, s1
C0:       2491 [1] pc=[00000000800007fc] W[r 1=0000000080000800][1] R[r 0=0000000000000000] R[r 0=0000000000000000] inst=[3e4000ef] jal     pc + 0x3e4
C0:       2513 [1] pc=[0000000080000be0] W[r 2=000000008002aea0][1] R[r 2=000000008002aeb0] R[r 0=0000000000000000] inst=[00001141] c.addi  sp, -16
C0:       2514 [1] pc=[0000000080000be2] W[r 0=0000000000000000][0] R[r 2=000000008002aea0] R[r 8=0000000080002228] inst=[0000e022] c.sdsp  s0, 0(sp)
C0:       2515 [1] pc=[0000000080000be4] W[r 8=0000000080002150][1] R[r 0=0000000000000000] R[r10=0000000080002150] inst=[0000842a] c.mv    s0, a0
C0:       2516 [1] pc=[0000000080000be6] W[r10=0000000000000000][1] R[r 0=0000000000000000] R[r11=0000000000000000] inst=[0000852e] c.mv    a0, a1
C0:       2517 [1] pc=[0000000080000be8] W[r 0=0000000000000000][0] R[r 3=0000000080002a00] R[r 0=0000000000000000] inst=[9601a423] sw      zero, -1688(gp)
C0:       2518 [1] pc=[0000000080000bec] W[r 0=0000000000000000][0] R[r 2=000000008002aea0] R[r 1=0000000080000800] inst=[0000e406] c.sdsp  ra, 8(sp)
C0:       2519 [1] pc=[0000000080000bee] W[r 1=0000000080000bf2][1] R[r 0=0000000000000000] R[r 0=0000000000000000] inst=[002010ef] jal     pc + 0x1002
C0:       2541 [1] pc=[0000000080001bf0] W[r14=0000000080001bf0][1] R[r 0=0000000000000000] R[r 0=0000000000000000] inst=[00000717] auipc   a4, 0x0
C0:       2542 [1] pc=[0000000080001bf4] W[r14=0000000080002208][1] R[r14=0000000080001bf0] R[r 0=0000000000000000] inst=[61870713] addi    a4, a4, 1560
C0:       2543 [1] pc=[0000000080001bf8] W[r15=0000000080002370][1] R[r14=0000000080002208] R[r 0=0000000000000000] inst=[0000631c] c.ld    a5, 0(a4)
C0:       2544 [1] pc=[0000000080001bfa] W[r13=0000000080002370][1] R[r 3=0000000080002a00] R[r 0=0000000000000000] inst=[97018693] addi    a3, gp, -1680
C0:       2545 [1] pc=[0000000080001bfe] W[r10=0000000080002370][1] R[r10=0000000000000000] R[r15=0000000080002370] inst=[0000953e] c.add   a0, a5
C0:       2567 [1] pc=[0000000080001c00] W[r 0=0000000000000000][0] R[r10=0000000080002370] R[r13=0000000080002370] inst=[00d56b63] bltu    a0, a3, pc + 22
C0:       2568 [1] pc=[0000000080001c04] W[r13=0000000080022c04][1] R[r 0=0000000000000000] R[r 0=0000000000000000] inst=[00021697] auipc   a3, 0x21
C0:       2569 [1] pc=[0000000080001c08] W[r13=0000000080023000][1] R[r13=0000000080022c04] R[r 0=0000000000000000] inst=[3fc68693] addi    a3, a3, 1020
C0:       2570 [1] pc=[0000000080001c0c] W[r 0=0000000000000000][0] R[r10=0000000080002370] R[r13=0000000080023000] inst=[00d57563] bgeu    a0, a3, pc + 10
C0:       2571 [1] pc=[0000000080001c10] W[r 0=0000000000000000][0] R[r14=0000000080002208] R[r10=0000000080002370] inst=[0000e308] c.sd    a0, 0(a4)
C0:       2572 [1] pc=[0000000080001c12] W[r10=0000000080002370][1] R[r 0=0000000000000000] R[r15=0000000080002370] inst=[0000853e] c.mv    a0, a5
C0:       2573 [1] pc=[0000000080001c14] W[r 0=0000000080001c16][1] R[r 1=0000000080000bf2] R[r 0=0000000000000000] inst=[00008082] ret
C0:       2574 [1] pc=[0000000080000bf2] W[r15=ffffffffffffffff][1] R[r 0=0000000000000000] R[r 0=0000000000000000] inst=[000057fd] c.li    a5, -1
C0:       2575 [1] pc=[0000000080000bf4] W[r 0=0000000000000000][0] R[r10=0000000080002370] R[r15=ffffffffffffffff] inst=[00f51663] bne     a0, a5, pc + 12
C0:       2602 [1] pc=[0000000080000c00] W[r 1=0000000080000800][1] R[r 2=000000008002aea0] R[r 0=0000000000000000] inst=[000060a2] c.ldsp  ra, 8(sp)
C0:       2603 [1] pc=[0000000080000c02] W[r 8=0000000080002228][1] R[r 2=000000008002aea0] R[r 0=0000000000000000] inst=[00006402] c.ldsp  s0, 0(sp)
C0:       2604 [1] pc=[0000000080000c04] W[r 2=000000008002aeb0][1] R[r 2=000000008002aea0] R[r 0=0000000000000000] inst=[00000141] c.addi  sp, 16
C0:       2605 [1] pc=[0000000080000c06] W[r 0=0000000080000c08][1] R[r 1=0000000080000800] R[r 0=0000000000000000] inst=[00008082] ret
C0:       2627 [1] pc=[0000000080000800] W[r 0=0000000000000000][0] R[r 8=0000000080002228] R[r10=0000000080002370] inst=[0000e008] c.sd    a0, 0(s0)
C0:       2628 [1] pc=[0000000080000802] W[r11=00000000000002e0][1] R[r 0=0000000000000000] R[r18=00000000000002e0] inst=[000085ca] c.mv    a1, s2
C0:       2629 [1] pc=[0000000080000804] W[r10=0000000080002150][1] R[r 0=0000000000000000] R[r 9=0000000080002150] inst=[00008526] c.mv    a0, s1
C0:       2630 [1] pc=[0000000080000806] W[r 1=000000008000080a][1] R[r 0=0000000000000000] R[r 0=0000000000000000] inst=[3da000ef] jal     pc + 0x3da
C0:       2631 [1] pc=[0000000080000be0] W[r 2=000000008002aea0][1] R[r 2=000000008002aeb0] R[r 0=0000000000000000] inst=[00001141] c.addi  sp, -16
C0:       2632 [1] pc=[0000000080000be2] W[r 0=0000000000000000][0] R[r 2=000000008002aea0] R[r 8=0000000080002228] inst=[0000e022] c.sdsp  s0, 0(sp)
C0:       2633 [1] pc=[0000000080000be4] W[r 8=0000000080002150][1] R[r 0=0000000000000000] R[r10=0000000080002150] inst=[0000842a] c.mv    s0, a0
C0:       2634 [1] pc=[0000000080000be6] W[r10=00000000000002e0][1] R[r 0=0000000000000000] R[r11=00000000000002e0] inst=[0000852e] c.mv    a0, a1
C0:       2635 [1] pc=[0000000080000be8] W[r 0=0000000000000000][0] R[r 3=0000000080002a00] R[r 0=0000000000000000] inst=[9601a423] sw      zero, -1688(gp)
C0:       2636 [1] pc=[0000000080000bec] W[r 0=0000000000000000][0] R[r 2=000000008002aea0] R[r 1=000000008000080a] inst=[0000e406] c.sdsp  ra, 8(sp)
C0:       2637 [1] pc=[0000000080000bee] W[r 1=0000000080000bf2][1] R[r 0=0000000000000000] R[r 0=0000000000000000] inst=[002010ef] jal     pc + 0x1002
C0:       2638 [1] pc=[0000000080001bf0] W[r14=0000000080001bf0][1] R[r 0=0000000000000000] R[r 0=0000000000000000] inst=[00000717] auipc   a4, 0x0
C0:       2639 [1] pc=[0000000080001bf4] W[r14=0000000080002208][1] R[r14=0000000080001bf0] R[r 0=0000000000000000] inst=[61870713] addi    a4, a4, 1560
C0:       2640 [1] pc=[0000000080001bf8] W[r15=0000000080002370][1] R[r14=0000000080002208] R[r 0=0000000000000000] inst=[0000631c] c.ld    a5, 0(a4)
C0:       2641 [1] pc=[0000000080001bfa] W[r13=0000000080002370][1] R[r 3=0000000080002a00] R[r 0=0000000000000000] inst=[97018693] addi    a3, gp, -1680
C0:       2642 [1] pc=[0000000080001bfe] W[r10=0000000080002650][1] R[r10=00000000000002e0] R[r15=0000000080002370] inst=[0000953e] c.add   a0, a5
C0:       2643 [1] pc=[0000000080001c00] W[r 0=0000000000000000][0] R[r10=0000000080002650] R[r13=0000000080002370] inst=[00d56b63] bltu    a0, a3, pc + 22
C0:       2644 [1] pc=[0000000080001c04] W[r13=0000000080022c04][1] R[r 0=0000000000000000] R[r 0=0000000000000000] inst=[00021697] auipc   a3, 0x21
C0:       2645 [1] pc=[0000000080001c08] W[r13=0000000080023000][1] R[r13=0000000080022c04] R[r 0=0000000000000000] inst=[3fc68693] addi    a3, a3, 1020
C0:       2646 [1] pc=[0000000080001c0c] W[r 0=0000000000000000][0] R[r10=0000000080002650] R[r13=0000000080023000] inst=[00d57563] bgeu    a0, a3, pc + 10
C0:       2647 [1] pc=[0000000080001c10] W[r 0=0000000000000000][0] R[r14=0000000080002208] R[r10=0000000080002650] inst=[0000e308] c.sd    a0, 0(a4)
C0:       2648 [1] pc=[0000000080001c12] W[r10=0000000080002370][1] R[r 0=0000000000000000] R[r15=0000000080002370] inst=[0000853e] c.mv    a0, a5
C0:       2649 [1] pc=[0000000080001c14] W[r 0=0000000080001c16][1] R[r 1=0000000080000bf2] R[r 0=0000000000000000] inst=[00008082] ret
C0:       2650 [1] pc=[0000000080000bf2] W[r15=ffffffffffffffff][1] R[r 0=0000000000000000] R[r 0=0000000000000000] inst=[000057fd] c.li    a5, -1
C0:       2651 [1] pc=[0000000080000bf4] W[r 0=0000000000000000][0] R[r10=0000000080002370] R[r15=ffffffffffffffff] inst=[00f51663] bne     a0, a5, pc + 12
C0:       2655 [1] pc=[0000000080000c00] W[r 1=000000008000080a][1] R[r 2=000000008002aea0] R[r 0=0000000000000000] inst=[000060a2] c.ldsp  ra, 8(sp)
C0:       2656 [1] pc=[0000000080000c02] W[r 8=0000000080002228][1] R[r 2=000000008002aea0] R[r 0=0000000000000000] inst=[00006402] c.ldsp  s0, 0(sp)
C0:       2657 [1] pc=[0000000080000c04] W[r 2=000000008002aeb0][1] R[r 2=000000008002aea0] R[r 0=0000000000000000] inst=[00000141] c.addi  sp, 16
C0:       2658 [1] pc=[0000000080000c06] W[r 0=0000000080000c08][1] R[r 1=000000008000080a] R[r 0=0000000000000000] inst=[00008082] ret
C0:       2662 [1] pc=[000000008000080a] W[r19=ffffffffffffffff][1] R[r 0=0000000000000000] R[r 0=0000000000000000] inst=[000059fd] c.li    s3, -1
C0:       2663 [1] pc=[000000008000080c] W[r 0=0000000000000000][0] R[r10=0000000080002370] R[r19=ffffffffffffffff] inst=[05351e63] bne     a0, s3, pc + 92
C0:       2688 [1] pc=[0000000080000868] W[r 8=0000000080002377][1] R[r10=0000000080002370] R[r 0=0000000000000000] inst=[00750413] addi    s0, a0, 7
C0:       2689 [1] pc=[000000008000086c] W[r 8=0000000080002370][1] R[r 8=0000000080002377] R[r 0=0000000000000000] inst=[00009861] c.andi  s0, -8
C0:       2690 [1] pc=[000000008000086e] W[r 0=0000000000000000][0] R[r10=0000000080002370] R[r 8=0000000080002370] inst=[fc8501e3] beq     a0, s0, pc - 62
C0:       2694 [1] pc=[0000000080000830] W[r 0=0000000000000000][0] R[r 8=0000000080002370] R[r18=00000000000002e0] inst=[01243023] sd      s2, 0(s0)
C0:       2695 [1] pc=[0000000080000834] W[r 0=0000000080000836][1] R[r 0=0000000000000000] R[r 0=0000000000000000] inst=[0000a029] c.j     pc + 10
C0:       2697 [1] pc=[000000008000083e] W[r10=0000000080002150][1] R[r 0=0000000000000000] R[r 9=0000000080002150] inst=[00008526] c.mv    a0, s1
C0:       2698 [1] pc=[0000000080000840] W[r 1=0000000080000844][1] R[r 0=0000000000000000] R[r 0=0000000000000000] inst=[4f9000ef] jal     pc + 0xcf8
C0:       2700 [1] pc=[0000000080001538] W[r 0=000000008000153a][1] R[r 1=0000000080000844] R[r 0=0000000000000000] inst=[00008082] ret
C0:       2702 [1] pc=[0000000080000844] W[r10=000000008000237f][1] R[r 8=0000000080002370] R[r 0=0000000000000000] inst=[00f40513] addi    a0, s0, 15
C0:       2703 [1] pc=[0000000080000848] W[r15=0000000080002378][1] R[r 8=0000000080002370] R[r 0=0000000000000000] inst=[00840793] addi    a5, s0, 8
C0:       2704 [1] pc=[000000008000084c] W[r10=0000000080002378][1] R[r10=000000008000237f] R[r 0=0000000000000000] inst=[00009961] c.andi  a0, -8
C0:       2705 [1] pc=[000000008000084e] W[r15=0000000000000000][1] R[r10=0000000080002378] R[r15=0000000080002378] inst=[40f507bb] subw    a5, a0, a5
C0:       2706 [1] pc=[0000000080000852] W[r 0=0000000000000000][0] R[r15=0000000000000000] R[r 0=0000000000000000] inst=[0000dfbd] c.beqz  a5, pc - 130
C0:       2710 [1] pc=[00000000800007d0] W[r 1=0000000080000548][1] R[r 2=000000008002aeb0] R[r 0=0000000000000000] inst=[000070a2] c.ldsp  ra, 40(sp)
C0:       2711 [1] pc=[00000000800007d2] W[r 8=0000000000000000][1] R[r 2=000000008002aeb0] R[r 0=0000000000000000] inst=[00007402] c.ldsp  s0, 32(sp)
C0:       2712 [1] pc=[00000000800007d4] W[r 9=0000000000000210][1] R[r 2=000000008002aeb0] R[r 0=0000000000000000] inst=[000064e2] c.ldsp  s1, 24(sp)
C0:       2713 [1] pc=[00000000800007d6] W[r18=0000000000000004][1] R[r 2=000000008002aeb0] R[r 0=0000000000000000] inst=[00006942] c.ldsp  s2, 16(sp)
C0:       2714 [1] pc=[00000000800007d8] W[r19=0000000000000000][1] R[r 2=000000008002aeb0] R[r 0=0000000000000000] inst=[000069a2] c.ldsp  s3, 8(sp)
C0:       2715 [1] pc=[00000000800007da] W[r 2=000000008002aee0][1] R[r 2=000000008002aeb0] R[r 0=0000000000000000] inst=[00006145] c.addi16sp sp, 48
C0:       2716 [1] pc=[00000000800007dc] W[r 0=00000000800007de][1] R[r 1=0000000080000548] R[r 0=0000000000000000] inst=[00008082] ret
C0:       2720 [1] pc=[0000000080000548] W[r 8=0000000080002378][1] R[r 0=0000000000000000] R[r10=0000000080002378] inst=[0000842a] c.mv    s0, a0
C0:       2721 [1] pc=[000000008000054a] W[r 0=0000000000000000][0] R[r10=0000000080002378] R[r 0=0000000000000000] inst=[0000cd01] c.beqz  a0, pc + 24
C0:       2722 [1] pc=[000000008000054c] W[r 0=0000000000000000][0] R[r10=0000000080002378] R[r 0=0000000000000000] inst=[00053023] sd      zero, 0(a0)
C0:       2748 [1] pc=[0000000080000550] W[r 0=0000000000000000][0] R[r10=0000000080002378] R[r18=0000000000000004] inst=[01252423] sw      s2, 8(a0)
C0:       2749 [1] pc=[0000000080000554] W[r10=0000000080002390][1] R[r10=0000000080002378] R[r 0=0000000000000000] inst=[00000561] c.addi  a0, 24
C0:       2750 [1] pc=[0000000080000556] W[r 0=0000000000000000][0] R[r 8=0000000080002378] R[r10=0000000080002390] inst=[0000e808] c.sd    a0, 16(s0)
C0:       2751 [1] pc=[0000000080000558] W[r12=00000000000002c0][1] R[r 9=0000000000000210] R[r 0=0000000000000000] inst=[0b048613] addi    a2, s1, 176
C0:       2752 [1] pc=[000000008000055c] W[r11=0000000000000000][1] R[r 0=0000000000000000] R[r 0=0000000000000000] inst=[00004581] c.li    a1, 0
C0:       2753 [1] pc=[000000008000055e] W[r 1=0000000080000562][1] R[r 0=0000000000000000] R[r 0=0000000000000000] inst=[22c000ef] jal     pc + 0x22c
C0:       2754 [1] pc=[000000008000078a] W[r 6=0000000080002390][1] R[r 0=0000000000000000] R[r10=0000000080002390] inst=[0000832a] c.mv    t1, a0
C0:       2755 [1] pc=[000000008000078c] W[r 0=0000000000000000][0] R[r12=00000000000002c0] R[r 0=0000000000000000] inst=[0000c611] c.beqz  a2, pc + 12
C0:       2756 [1] pc=[000000008000078e] W[r 0=0000000000000000][0] R[r 6=0000000080002390] R[r11=0000000000000000] inst=[00b30023] sb      a1, 0(t1)
C0:       2757 [1] pc=[0000000080000792] W[r12=00000000000002bf][1] R[r12=00000000000002c0] R[r 0=0000000000000000] inst=[0000167d] c.addi  a2, -1
C0:       2758 [1] pc=[0000000080000794] W[r 6=0000000080002391][1] R[r 6=0000000080002390] R[r 0=0000000000000000] inst=[00000305] c.addi  t1, 1
C0:       2759 [1] pc=[0000000080000796] W[r 0=0000000000000000][0] R[r12=00000000000002bf] R[r 0=0000000000000000] inst=[0000fe65] c.bnez  a2, pc - 8
C0:       2764 [1] pc=[000000008000078e] W[r 0=0000000000000000][0] R[r 6=0000000080002391] R[r11=0000000000000000] inst=[00b30023] sb      a1, 0(t1)
C0:       2765 [1] pc=[0000000080000792] W[r12=00000000000002be][1] R[r12=00000000000002bf] R[r 0=0000000000000000] inst=[0000167d] c.addi  a2, -1
C0:       2766 [1] pc=[0000000080000794] W[r 6=0000000080002392][1] R[r 6=0000000080002391] R[r 0=0000000000000000] inst=[00000305] c.addi  t1, 1
C0:       2767 [1] pc=[0000000080000796] W[r 0=0000000000000000][0] R[r12=00000000000002be] R[r 0=0000000000000000] inst=[0000fe65] c.bnez  a2, pc - 8
C0:       2772 [1] pc=[000000008000078e] W[r 0=0000000000000000][0] R[r 6=0000000080002392] R[r11=0000000000000000] inst=[00b30023] sb      a1, 0(t1)
C0:       2773 [1] pc=[0000000080000792] W[r12=00000000000002bd][1] R[r12=00000000000002be] R[r 0=0000000000000000] inst=[0000167d] c.addi  a2, -1
C0:       2774 [1] pc=[0000000080000794] W[r 6=0000000080002393][1] R[r 6=0000000080002392] R[r 0=0000000000000000] inst=[00000305] c.addi  t1, 1
C0:       2775 [1] pc=[0000000080000796] W[r 0=0000000000000000][0] R[r12=00000000000002bd] R[r 0=0000000000000000] inst=[0000fe65] c.bnez  a2, pc - 8
C0:       2780 [1] pc=[000000008000078e] W[r 0=0000000000000000][0] R[r 6=0000000080002393] R[r11=0000000000000000] inst=[00b30023] sb      a1, 0(t1)
C0:       2781 [1] pc=[0000000080000792] W[r12=00000000000002bc][1] R[r12=00000000000002bd] R[r 0=0000000000000000] inst=[0000167d] c.addi  a2, -1
C0:       2782 [1] pc=[0000000080000794] W[r 6=0000000080002394][1] R[r 6=0000000080002393] R[r 0=0000000000000000] inst=[00000305] c.addi  t1, 1
C0:       2783 [1] pc=[0000000080000796] W[r 0=0000000000000000][0] R[r12=00000000000002bc] R[r 0=0000000000000000] inst=[0000fe65] c.bnez  a2, pc - 8
C0:       2784 [1] pc=[000000008000078e] W[r 0=0000000000000000][0] R[r 6=0000000080002394] R[r11=0000000000000000] inst=[00b30023] sb      a1, 0(t1)
C0:       2785 [1] pc=[0000000080000792] W[r12=00000000000002bb][1] R[r12=00000000000002bc] R[r 0=0000000000000000] inst=[0000167d] c.addi  a2, -1
C0:       2786 [1] pc=[0000000080000794] W[r 6=0000000080002395][1] R[r 6=0000000080002394] R[r 0=0000000000000000] inst=[00000305] c.addi  t1, 1
C0:       2787 [1] pc=[0000000080000796] W[r 0=0000000000000000][0] R[r12=00000000000002bb] R[r 0=0000000000000000] inst=[0000fe65] c.bnez  a2, pc - 8
C0:       2788 [1] pc=[000000008000078e] W[r 0=0000000000000000][0] R[r 6=0000000080002395] R[r11=0000000000000000] inst=[00b30023] sb      a1, 0(t1)
C0:       2789 [1] pc=[0000000080000792] W[r12=00000000000002ba][1] R[r12=00000000000002bb] R[r 0=0000000000000000] inst=[0000167d] c.addi  a2, -1
C0:       2790 [1] pc=[0000000080000794] W[r 6=0000000080002396][1] R[r 6=0000000080002395] R[r 0=0000000000000000] inst=[00000305] c.addi  t1, 1
C0:       2791 [1] pc=[0000000080000796] W[r 0=0000000000000000][0] R[r12=00000000000002ba] R[r 0=0000000000000000] inst=[0000fe65] c.bnez  a2, pc - 8
C0:       2796 [1] pc=[000000008000078e] W[r 0=0000000000000000][0] R[r 6=0000000080002396] R[r11=0000000000000000] inst=[00b30023] sb      a1, 0(t1)
C0:       2797 [1] pc=[0000000080000792] W[r12=00000000000002b9][1] R[r12=00000000000002ba] R[r 0=0000000000000000] inst=[0000167d] c.addi  a2, -1
C0:       2798 [1] pc=[0000000080000794] W[r 6=0000000080002397][1] R[r 6=0000000080002396] R[r 0=0000000000000000] inst=[00000305] c.addi  t1, 1
C0:       2799 [1] pc=[0000000080000796] W[r 0=0000000000000000][0] R[r12=00000000000002b9] R[r 0=0000000000000000] inst=[0000fe65] c.bnez  a2, pc - 8
C0:       2804 [1] pc=[000000008000078e] W[r 0=0000000000000000][0] R[r 6=0000000080002397] R[r11=0000000000000000] inst=[00b30023] sb      a1, 0(t1)
C0:       2805 [1] pc=[0000000080000792] W[r12=00000000000002b8][1] R[r12=00000000000002b9] R[r 0=0000000000000000] inst=[0000167d] c.addi  a2, -1
C0:       2806 [1] pc=[0000000080000794] W[r 6=0000000080002398][1] R[r 6=0000000080002397] R[r 0=0000000000000000] inst=[00000305] c.addi  t1, 1
C0:       2807 [1] pc=[0000000080000796] W[r 0=0000000000000000][0] R[r12=00000000000002b8] R[r 0=0000000000000000] inst=[0000fe65] c.bnez  a2, pc - 8
C0:       2812 [1] pc=[000000008000078e] W[r 0=0000000000000000][0] R[r 6=0000000080002398] R[r11=0000000000000000] inst=[00b30023] sb      a1, 0(t1)
C0:       2813 [1] pc=[0000000080000792] W[r12=00000000000002b7][1] R[r12=00000000000002b8] R[r 0=0000000000000000] inst=[0000167d] c.addi  a2, -1
C0:       2814 [1] pc=[0000000080000794] W[r 6=0000000080002399][1] R[r 6=0000000080002398] R[r 0=0000000000000000] inst=[00000305] c.addi  t1, 1
C0:       2815 [1] pc=[0000000080000796] W[r 0=0000000000000000][0] R[r12=00000000000002b7] R[r 0=0000000000000000] inst=[0000fe65] c.bnez  a2, pc - 8
C0:       2820 [1] pc=[000000008000078e] W[r 0=0000000000000000][0] R[r 6=0000000080002399] R[r11=0000000000000000] inst=[00b30023] sb      a1, 0(t1)
C0:       2821 [1] pc=[0000000080000792] W[r12=00000000000002b6][1] R[r12=00000000000002b7] R[r 0=0000000000000000] inst=[0000167d] c.addi  a2, -1
C0:       2822 [1] pc=[0000000080000794] W[r 6=000000008000239a][1] R[r 6=0000000080002399] R[r 0=0000000000000000] inst=[00000305] c.addi  t1, 1
C0:       2823 [1] pc=[0000000080000796] W[r 0=0000000000000000][0] R[r12=00000000000002b6] R[r 0=0000000000000000] inst=[0000fe65] c.bnez  a2, pc - 8
C0:       2824 [1] pc=[000000008000078e] W[r 0=0000000000000000][0] R[r 6=000000008000239a] R[r11=0000000000000000] inst=[00b30023] sb      a1, 0(t1)
C0:       2825 [1] pc=[0000000080000792] W[r12=00000000000002b5][1] R[r12=00000000000002b6] R[r 0=0000000000000000] inst=[0000167d] c.addi  a2, -1
C0:       2826 [1] pc=[0000000080000794] W[r 6=000000008000239b][1] R[r 6=000000008000239a] R[r 0=0000000000000000] inst=[00000305] c.addi  t1, 1
C0:       2827 [1] pc=[0000000080000796] W[r 0=0000000000000000][0] R[r12=00000000000002b5] R[r 0=0000000000000000] inst=[0000fe65] c.bnez  a2, pc - 8
C0:       2828 [1] pc=[000000008000078e] W[r 0=0000000000000000][0] R[r 6=000000008000239b] R[r11=0000000000000000] inst=[00b30023] sb      a1, 0(t1)
C0:       2829 [1] pc=[0000000080000792] W[r12=00000000000002b4][1] R[r12=00000000000002b5] R[r 0=0000000000000000] inst=[0000167d] c.addi  a2, -1
C0:       2830 [1] pc=[0000000080000794] W[r 6=000000008000239c][1] R[r 6=000000008000239b] R[r 0=0000000000000000] inst=[00000305] c.addi  t1, 1
C0:       2831 [1] pc=[0000000080000796] W[r 0=0000000000000000][0] R[r12=00000000000002b4] R[r 0=0000000000000000] inst=[0000fe65] c.bnez  a2, pc - 8
C0:       2832 [1] pc=[000000008000078e] W[r 0=0000000000000000][0] R[r 6=000000008000239c] R[r11=0000000000000000] inst=[00b30023] sb      a1, 0(t1)
C0:       2833 [1] pc=[0000000080000792] W[r12=00000000000002b3][1] R[r12=00000000000002b4] R[r 0=0000000000000000] inst=[0000167d] c.addi  a2, -1
C0:       2834 [1] pc=[0000000080000794] W[r 6=000000008000239d][1] R[r 6=000000008000239c] R[r 0=0000000000000000] inst=[00000305] c.addi  t1, 1
C0:       2835 [1] pc=[0000000080000796] W[r 0=0000000000000000][0] R[r12=00000000000002b3] R[r 0=0000000000000000] inst=[0000fe65] c.bnez  a2, pc - 8
C0:       2836 [1] pc=[000000008000078e] W[r 0=0000000000000000][0] R[r 6=000000008000239d] R[r11=0000000000000000] inst=[00b30023] sb      a1, 0(t1)
C0:       2837 [1] pc=[0000000080000792] W[r12=00000000000002b2][1] R[r12=00000000000002b3] R[r 0=0000000000000000] inst=[0000167d] c.addi  a2, -1
C0:       2838 [1] pc=[0000000080000794] W[r 6=000000008000239e][1] R[r 6=000000008000239d] R[r 0=0000000000000000] inst=[00000305] c.addi  t1, 1
C0:       2839 [1] pc=[0000000080000796] W[r 0=0000000000000000][0] R[r12=00000000000002b2] R[r 0=0000000000000000] inst=[0000fe65] c.bnez  a2, pc - 8
C0:       2840 [1] pc=[000000008000078e] W[r 0=0000000000000000][0] R[r 6=000000008000239e] R[r11=0000000000000000] inst=[00b30023] sb      a1, 0(t1)
C0:       2841 [1] pc=[0000000080000792] W[r12=00000000000002b1][1] R[r12=00000000000002b2] R[r 0=0000000000000000] inst=[0000167d] c.addi  a2, -1
C0:       2842 [1] pc=[0000000080000794] W[r 6=000000008000239f][1] R[r 6=000000008000239e] R[r 0=0000000000000000] inst=[00000305] c.addi  t1, 1
C0:       2843 [1] pc=[0000000080000796] W[r 0=0000000000000000][0] R[r12=00000000000002b1] R[r 0=0000000000000000] inst=[0000fe65] c.bnez  a2, pc - 8
C0:       2844 [1] pc=[000000008000078e] W[r 0=0000000000000000][0] R[r 6=000000008000239f] R[r11=0000000000000000] inst=[00b30023] sb      a1, 0(t1)
C0:       2845 [1] pc=[0000000080000792] W[r12=00000000000002b0][1] R[r12=00000000000002b1] R[r 0=0000000000000000] inst=[0000167d] c.addi  a2, -1
C0:       2846 [1] pc=[0000000080000794] W[r 6=00000000800023a0][1] R[r 6=000000008000239f] R[r 0=0000000000000000] inst=[00000305] c.addi  t1, 1
C0:       2847 [1] pc=[0000000080000796] W[r 0=0000000000000000][0] R[r12=00000000000002b0] R[r 0=0000000000000000] inst=[0000fe65] c.bnez  a2, pc - 8
C0:       2848 [1] pc=[000000008000078e] W[r 0=0000000000000000][0] R[r 6=00000000800023a0] R[r11=0000000000000000] inst=[00b30023] sb      a1, 0(t1)
C0:       2849 [1] pc=[0000000080000792] W[r12=00000000000002af][1] R[r12=00000000000002b0] R[r 0=0000000000000000] inst=[0000167d] c.addi  a2, -1
C0:       2850 [1] pc=[0000000080000794] W[r 6=00000000800023a1][1] R[r 6=00000000800023a0] R[r 0=0000000000000000] inst=[00000305] c.addi  t1, 1
C0:       2851 [1] pc=[0000000080000796] W[r 0=0000000000000000][0] R[r12=00000000000002af] R[r 0=0000000000000000] inst=[0000fe65] c.bnez  a2, pc - 8
C0:       2852 [1] pc=[000000008000078e] W[r 0=0000000000000000][0] R[r 6=00000000800023a1] R[r11=0000000000000000] inst=[00b30023] sb      a1, 0(t1)
C0:       2853 [1] pc=[0000000080000792] W[r12=00000000000002ae][1] R[r12=00000000000002af] R[r 0=0000000000000000] inst=[0000167d] c.addi  a2, -1
C0:       2854 [1] pc=[0000000080000794] W[r 6=00000000800023a2][1] R[r 6=00000000800023a1] R[r 0=0000000000000000] inst=[00000305] c.addi  t1, 1
C0:       2855 [1] pc=[0000000080000796] W[r 0=0000000000000000][0] R[r12=00000000000002ae] R[r 0=0000000000000000] inst=[0000fe65] c.bnez  a2, pc - 8
C0:       2856 [1] pc=[000000008000078e] W[r 0=0000000000000000][0] R[r 6=00000000800023a2] R[r11=0000000000000000] inst=[00b30023] sb      a1, 0(t1)
C0:       2857 [1] pc=[0000000080000792] W[r12=00000000000002ad][1] R[r12=00000000000002ae] R[r 0=0000000000000000] inst=[0000167d] c.addi  a2, -1
C0:       2858 [1] pc=[0000000080000794] W[r 6=00000000800023a3][1] R[r 6=00000000800023a2] R[r 0=0000000000000000] inst=[00000305] c.addi  t1, 1
C0:       2859 [1] pc=[0000000080000796] W[r 0=0000000000000000][0] R[r12=00000000000002ad] R[r 0=0000000000000000] inst=[0000fe65] c.bnez  a2, pc - 8
C0:       2860 [1] pc=[000000008000078e] W[r 0=0000000000000000][0] R[r 6=00000000800023a3] R[r11=0000000000000000] inst=[00b30023] sb      a1, 0(t1)
C0:       2861 [1] pc=[0000000080000792] W[r12=00000000000002ac][1] R[r12=00000000000002ad] R[r 0=0000000000000000] inst=[0000167d] c.addi  a2, -1
C0:       2862 [1] pc=[0000000080000794] W[r 6=00000000800023a4][1] R[r 6=00000000800023a3] R[r 0=0000000000000000] inst=[00000305] c.addi  t1, 1
C0:       2863 [1] pc=[0000000080000796] W[r 0=0000000000000000][0] R[r12=00000000000002ac] R[r 0=0000000000000000] inst=[0000fe65] c.bnez  a2, pc - 8
C0:       2864 [1] pc=[000000008000078e] W[r 0=0000000000000000][0] R[r 6=00000000800023a4] R[r11=0000000000000000] inst=[00b30023] sb      a1, 0(t1)
C0:       2865 [1] pc=[0000000080000792] W[r12=00000000000002ab][1] R[r12=00000000000002ac] R[r 0=0000000000000000] inst=[0000167d] c.addi  a2, -1
C0:       2866 [1] pc=[0000000080000794] W[r 6=00000000800023a5][1] R[r 6=00000000800023a4] R[r 0=0000000000000000] inst=[00000305] c.addi  t1, 1
C0:       2867 [1] pc=[0000000080000796] W[r 0=0000000000000000][0] R[r12=00000000000002ab] R[r 0=0000000000000000] inst=[0000fe65] c.bnez  a2, pc - 8
C0:       2868 [1] pc=[000000008000078e] W[r 0=0000000000000000][0] R[r 6=00000000800023a5] R[r11=0000000000000000] inst=[00b30023] sb      a1, 0(t1)
C0:       2869 [1] pc=[0000000080000792] W[r12=00000000000002aa][1] R[r12=00000000000002ab] R[r 0=0000000000000000] inst=[0000167d] c.addi  a2, -1
C0:       2870 [1] pc=[0000000080000794] W[r 6=00000000800023a6][1] R[r 6=00000000800023a5] R[r 0=0000000000000000] inst=[00000305] c.addi  t1, 1
C0:       2871 [1] pc=[0000000080000796] W[r 0=0000000000000000][0] R[r12=00000000000002aa] R[r 0=0000000000000000] inst=[0000fe65] c.bnez  a2, pc - 8
C0:       2872 [1] pc=[000000008000078e] W[r 0=0000000000000000][0] R[r 6=00000000800023a6] R[r11=0000000000000000] inst=[00b30023] sb      a1, 0(t1)
C0:       2873 [1] pc=[0000000080000792] W[r12=00000000000002a9][1] R[r12=00000000000002aa] R[r 0=0000000000000000] inst=[0000167d] c.addi  a2, -1
C0:       2874 [1] pc=[0000000080000794] W[r 6=00000000800023a7][1] R[r 6=00000000800023a6] R[r 0=0000000000000000] inst=[00000305] c.addi  t1, 1
C0:       2875 [1] pc=[0000000080000796] W[r 0=0000000000000000][0] R[r12=00000000000002a9] R[r 0=0000000000000000] inst=[0000fe65] c.bnez  a2, pc - 8
C0:       2876 [1] pc=[000000008000078e] W[r 0=0000000000000000][0] R[r 6=00000000800023a7] R[r11=0000000000000000] inst=[00b30023] sb      a1, 0(t1)
C0:       2877 [1] pc=[0000000080000792] W[r12=00000000000002a8][1] R[r12=00000000000002a9] R[r 0=0000000000000000] inst=[0000167d] c.addi  a2, -1
C0:       2878 [1] pc=[0000000080000794] W[r 6=00000000800023a8][1] R[r 6=00000000800023a7] R[r 0=0000000000000000] inst=[00000305] c.addi  t1, 1
C0:       2879 [1] pc=[0000000080000796] W[r 0=0000000000000000][0] R[r12=00000000000002a8] R[r 0=0000000000000000] inst=[0000fe65] c.bnez  a2, pc - 8
C0:       2880 [1] pc=[000000008000078e] W[r 0=0000000000000000][0] R[r 6=00000000800023a8] R[r11=0000000000000000] inst=[00b30023] sb      a1, 0(t1)
C0:       2881 [1] pc=[0000000080000792] W[r12=00000000000002a7][1] R[r12=00000000000002a8] R[r 0=0000000000000000] inst=[0000167d] c.addi  a2, -1
C0:       2882 [1] pc=[0000000080000794] W[r 6=00000000800023a9][1] R[r 6=00000000800023a8] R[r 0=0000000000000000] inst=[00000305] c.addi  t1, 1
C0:       2883 [1] pc=[0000000080000796] W[r 0=0000000000000000][0] R[r12=00000000000002a7] R[r 0=0000000000000000] inst=[0000fe65] c.bnez  a2, pc - 8
C0:       2884 [1] pc=[000000008000078e] W[r 0=0000000000000000][0] R[r 6=00000000800023a9] R[r11=0000000000000000] inst=[00b30023] sb      a1, 0(t1)
C0:       2885 [1] pc=[0000000080000792] W[r12=00000000000002a6][1] R[r12=00000000000002a7] R[r 0=0000000000000000] inst=[0000167d] c.addi  a2, -1
C0:       2886 [1] pc=[0000000080000794] W[r 6=00000000800023aa][1] R[r 6=00000000800023a9] R[r 0=0000000000000000] inst=[00000305] c.addi  t1, 1
C0:       2887 [1] pc=[0000000080000796] W[r 0=0000000000000000][0] R[r12=00000000000002a6] R[r 0=0000000000000000] inst=[0000fe65] c.bnez  a2, pc - 8
C0:       2888 [1] pc=[000000008000078e] W[r 0=0000000000000000][0] R[r 6=00000000800023aa] R[r11=0000000000000000] inst=[00b30023] sb      a1, 0(t1)
C0:       2889 [1] pc=[0000000080000792] W[r12=00000000000002a5][1] R[r12=00000000000002a6] R[r 0=0000000000000000] inst=[0000167d] c.addi  a2, -1
C0:       2890 [1] pc=[0000000080000794] W[r 6=00000000800023ab][1] R[r 6=00000000800023aa] R[r 0=0000000000000000] inst=[00000305] c.addi  t1, 1
C0:       2891 [1] pc=[0000000080000796] W[r 0=0000000000000000][0] R[r12=00000000000002a5] R[r 0=0000000000000000] inst=[0000fe65] c.bnez  a2, pc - 8
C0:       2892 [1] pc=[000000008000078e] W[r 0=0000000000000000][0] R[r 6=00000000800023ab] R[r11=0000000000000000] inst=[00b30023] sb      a1, 0(t1)
C0:       2893 [1] pc=[0000000080000792] W[r12=00000000000002a4][1] R[r12=00000000000002a5] R[r 0=0000000000000000] inst=[0000167d] c.addi  a2, -1
C0:       2894 [1] pc=[0000000080000794] W[r 6=00000000800023ac][1] R[r 6=00000000800023ab] R[r 0=0000000000000000] inst=[00000305] c.addi  t1, 1
C0:       2895 [1] pc=[0000000080000796] W[r 0=0000000000000000][0] R[r12=00000000000002a4] R[r 0=0000000000000000] inst=[0000fe65] c.bnez  a2, pc - 8
C0:       2896 [1] pc=[000000008000078e] W[r 0=0000000000000000][0] R[r 6=00000000800023ac] R[r11=0000000000000000] inst=[00b30023] sb      a1, 0(t1)
C0:       2897 [1] pc=[0000000080000792] W[r12=00000000000002a3][1] R[r12=00000000000002a4] R[r 0=0000000000000000] inst=[0000167d] c.addi  a2, -1
C0:       2898 [1] pc=[0000000080000794] W[r 6=00000000800023ad][1] R[r 6=00000000800023ac] R[r 0=0000000000000000] inst=[00000305] c.addi  t1, 1
C0:       2899 [1] pc=[0000000080000796] W[r 0=0000000000000000][0] R[r12=00000000000002a3] R[r 0=0000000000000000] inst=[0000fe65] c.bnez  a2, pc - 8
C0:       2900 [1] pc=[000000008000078e] W[r 0=0000000000000000][0] R[r 6=00000000800023ad] R[r11=0000000000000000] inst=[00b30023] sb      a1, 0(t1)
C0:       2901 [1] pc=[0000000080000792] W[r12=00000000000002a2][1] R[r12=00000000000002a3] R[r 0=0000000000000000] inst=[0000167d] c.addi  a2, -1
C0:       2902 [1] pc=[0000000080000794] W[r 6=00000000800023ae][1] R[r 6=00000000800023ad] R[r 0=0000000000000000] inst=[00000305] c.addi  t1, 1
C0:       2903 [1] pc=[0000000080000796] W[r 0=0000000000000000][0] R[r12=00000000000002a2] R[r 0=0000000000000000] inst=[0000fe65] c.bnez  a2, pc - 8
C0:       2904 [1] pc=[000000008000078e] W[r 0=0000000000000000][0] R[r 6=00000000800023ae] R[r11=0000000000000000] inst=[00b30023] sb      a1, 0(t1)
C0:       2905 [1] pc=[0000000080000792] W[r12=00000000000002a1][1] R[r12=00000000000002a2] R[r 0=0000000000000000] inst=[0000167d] c.addi  a2, -1
C0:       2906 [1] pc=[0000000080000794] W[r 6=00000000800023af][1] R[r 6=00000000800023ae] R[r 0=0000000000000000] inst=[00000305] c.addi  t1, 1
C0:       2907 [1] pc=[0000000080000796] W[r 0=0000000000000000][0] R[r12=00000000000002a1] R[r 0=0000000000000000] inst=[0000fe65] c.bnez  a2, pc - 8
C0:       2908 [1] pc=[000000008000078e] W[r 0=0000000000000000][0] R[r 6=00000000800023af] R[r11=0000000000000000] inst=[00b30023] sb      a1, 0(t1)
C0:       2909 [1] pc=[0000000080000792] W[r12=00000000000002a0][1] R[r12=00000000000002a1] R[r 0=0000000000000000] inst=[0000167d] c.addi  a2, -1
C0:       2910 [1] pc=[0000000080000794] W[r 6=00000000800023b0][1] R[r 6=00000000800023af] R[r 0=0000000000000000] inst=[00000305] c.addi  t1, 1
C0:       2911 [1] pc=[0000000080000796] W[r 0=0000000000000000][0] R[r12=00000000000002a0] R[r 0=0000000000000000] inst=[0000fe65] c.bnez  a2, pc - 8
C0:       2912 [1] pc=[000000008000078e] W[r 0=0000000000000000][0] R[r 6=00000000800023b0] R[r11=0000000000000000] inst=[00b30023] sb      a1, 0(t1)
C0:       2913 [1] pc=[0000000080000792] W[r12=000000000000029f][1] R[r12=00000000000002a0] R[r 0=0000000000000000] inst=[0000167d] c.addi  a2, -1
C0:       2914 [1] pc=[0000000080000794] W[r 6=00000000800023b1][1] R[r 6=00000000800023b0] R[r 0=0000000000000000] inst=[00000305] c.addi  t1, 1
C0:       2915 [1] pc=[0000000080000796] W[r 0=0000000000000000][0] R[r12=000000000000029f] R[r 0=0000000000000000] inst=[0000fe65] c.bnez  a2, pc - 8
C0:       2916 [1] pc=[000000008000078e] W[r 0=0000000000000000][0] R[r 6=00000000800023b1] R[r11=0000000000000000] inst=[00b30023] sb      a1, 0(t1)
C0:       2917 [1] pc=[0000000080000792] W[r12=000000000000029e][1] R[r12=000000000000029f] R[r 0=0000000000000000] inst=[0000167d] c.addi  a2, -1
C0:       2918 [1] pc=[0000000080000794] W[r 6=00000000800023b2][1] R[r 6=00000000800023b1] R[r 0=0000000000000000] inst=[00000305] c.addi  t1, 1
C0:       2919 [1] pc=[0000000080000796] W[r 0=0000000000000000][0] R[r12=000000000000029e] R[r 0=0000000000000000] inst=[0000fe65] c.bnez  a2, pc - 8
C0:       2920 [1] pc=[000000008000078e] W[r 0=0000000000000000][0] R[r 6=00000000800023b2] R[r11=0000000000000000] inst=[00b30023] sb      a1, 0(t1)
C0:       2921 [1] pc=[0000000080000792] W[r12=000000000000029d][1] R[r12=000000000000029e] R[r 0=0000000000000000] inst=[0000167d] c.addi  a2, -1
C0:       2922 [1] pc=[0000000080000794] W[r 6=00000000800023b3][1] R[r 6=00000000800023b2] R[r 0=0000000000000000] inst=[00000305] c.addi  t1, 1
C0:       2923 [1] pc=[0000000080000796] W[r 0=0000000000000000][0] R[r12=000000000000029d] R[r 0=0000000000000000] inst=[0000fe65] c.bnez  a2, pc - 8
C0:       2924 [1] pc=[000000008000078e] W[r 0=0000000000000000][0] R[r 6=00000000800023b3] R[r11=0000000000000000] inst=[00b30023] sb      a1, 0(t1)
C0:       2925 [1] pc=[0000000080000792] W[r12=000000000000029c][1] R[r12=000000000000029d] R[r 0=0000000000000000] inst=[0000167d] c.addi  a2, -1
C0:       2926 [1] pc=[0000000080000794] W[r 6=00000000800023b4][1] R[r 6=00000000800023b3] R[r 0=0000000000000000] inst=[00000305] c.addi  t1, 1
C0:       2927 [1] pc=[0000000080000796] W[r 0=0000000000000000][0] R[r12=000000000000029c] R[r 0=0000000000000000] inst=[0000fe65] c.bnez  a2, pc - 8
C0:       2928 [1] pc=[000000008000078e] W[r 0=0000000000000000][0] R[r 6=00000000800023b4] R[r11=0000000000000000] inst=[00b30023] sb      a1, 0(t1)
C0:       2929 [1] pc=[0000000080000792] W[r12=000000000000029b][1] R[r12=000000000000029c] R[r 0=0000000000000000] inst=[0000167d] c.addi  a2, -1
C0:       2930 [1] pc=[0000000080000794] W[r 6=00000000800023b5][1] R[r 6=00000000800023b4] R[r 0=0000000000000000] inst=[00000305] c.addi  t1, 1
C0:       2931 [1] pc=[0000000080000796] W[r 0=0000000000000000][0] R[r12=000000000000029b] R[r 0=0000000000000000] inst=[0000fe65] c.bnez  a2, pc - 8
C0:       2932 [1] pc=[000000008000078e] W[r 0=0000000000000000][0] R[r 6=00000000800023b5] R[r11=0000000000000000] inst=[00b30023] sb      a1, 0(t1)
C0:       2933 [1] pc=[0000000080000792] W[r12=000000000000029a][1] R[r12=000000000000029b] R[r 0=0000000000000000] inst=[0000167d] c.addi  a2, -1
C0:       2934 [1] pc=[0000000080000794] W[r 6=00000000800023b6][1] R[r 6=00000000800023b5] R[r 0=0000000000000000] inst=[00000305] c.addi  t1, 1
C0:       2935 [1] pc=[0000000080000796] W[r 0=0000000000000000][0] R[r12=000000000000029a] R[r 0=0000000000000000] inst=[0000fe65] c.bnez  a2, pc - 8
C0:       2936 [1] pc=[000000008000078e] W[r 0=0000000000000000][0] R[r 6=00000000800023b6] R[r11=0000000000000000] inst=[00b30023] sb      a1, 0(t1)
C0:       2937 [1] pc=[0000000080000792] W[r12=0000000000000299][1] R[r12=000000000000029a] R[r 0=0000000000000000] inst=[0000167d] c.addi  a2, -1
C0:       2938 [1] pc=[0000000080000794] W[r 6=00000000800023b7][1] R[r 6=00000000800023b6] R[r 0=0000000000000000] inst=[00000305] c.addi  t1, 1
C0:       2939 [1] pc=[0000000080000796] W[r 0=0000000000000000][0] R[r12=0000000000000299] R[r 0=0000000000000000] inst=[0000fe65] c.bnez  a2, pc - 8
C0:       2940 [1] pc=[000000008000078e] W[r 0=0000000000000000][0] R[r 6=00000000800023b7] R[r11=0000000000000000] inst=[00b30023] sb      a1, 0(t1)
C0:       2941 [1] pc=[0000000080000792] W[r12=0000000000000298][1] R[r12=0000000000000299] R[r 0=0000000000000000] inst=[0000167d] c.addi  a2, -1
C0:       2942 [1] pc=[0000000080000794] W[r 6=00000000800023b8][1] R[r 6=00000000800023b7] R[r 0=0000000000000000] inst=[00000305] c.addi  t1, 1
C0:       2943 [1] pc=[0000000080000796] W[r 0=0000000000000000][0] R[r12=0000000000000298] R[r 0=0000000000000000] inst=[0000fe65] c.bnez  a2, pc - 8
C0:       2944 [1] pc=[000000008000078e] W[r 0=0000000000000000][0] R[r 6=00000000800023b8] R[r11=0000000000000000] inst=[00b30023] sb      a1, 0(t1)
C0:       2945 [1] pc=[0000000080000792] W[r12=0000000000000297][1] R[r12=0000000000000298] R[r 0=0000000000000000] inst=[0000167d] c.addi  a2, -1
C0:       2946 [1] pc=[0000000080000794] W[r 6=00000000800023b9][1] R[r 6=00000000800023b8] R[r 0=0000000000000000] inst=[00000305] c.addi  t1, 1
C0:       2947 [1] pc=[0000000080000796] W[r 0=0000000000000000][0] R[r12=0000000000000297] R[r 0=0000000000000000] inst=[0000fe65] c.bnez  a2, pc - 8
C0:       2948 [1] pc=[000000008000078e] W[r 0=0000000000000000][0] R[r 6=00000000800023b9] R[r11=0000000000000000] inst=[00b30023] sb      a1, 0(t1)
C0:       2949 [1] pc=[0000000080000792] W[r12=0000000000000296][1] R[r12=0000000000000297] R[r 0=0000000000000000] inst=[0000167d] c.addi  a2, -1
C0:       2950 [1] pc=[0000000080000794] W[r 6=00000000800023ba][1] R[r 6=00000000800023b9] R[r 0=0000000000000000] inst=[00000305] c.addi  t1, 1
C0:       2951 [1] pc=[0000000080000796] W[r 0=0000000000000000][0] R[r12=0000000000000296] R[r 0=0000000000000000] inst=[0000fe65] c.bnez  a2, pc - 8
C0:       2952 [1] pc=[000000008000078e] W[r 0=0000000000000000][0] R[r 6=00000000800023ba] R[r11=0000000000000000] inst=[00b30023] sb      a1, 0(t1)
C0:       2953 [1] pc=[0000000080000792] W[r12=0000000000000295][1] R[r12=0000000000000296] R[r 0=0000000000000000] inst=[0000167d] c.addi  a2, -1
C0:       2954 [1] pc=[0000000080000794] W[r 6=00000000800023bb][1] R[r 6=00000000800023ba] R[r 0=0000000000000000] inst=[00000305] c.addi  t1, 1
C0:       2955 [1] pc=[0000000080000796] W[r 0=0000000000000000][0] R[r12=0000000000000295] R[r 0=0000000000000000] inst=[0000fe65] c.bnez  a2, pc - 8
C0:       2956 [1] pc=[000000008000078e] W[r 0=0000000000000000][0] R[r 6=00000000800023bb] R[r11=0000000000000000] inst=[00b30023] sb      a1, 0(t1)
C0:       2957 [1] pc=[0000000080000792] W[r12=0000000000000294][1] R[r12=0000000000000295] R[r 0=0000000000000000] inst=[0000167d] c.addi  a2, -1
C0:       2958 [1] pc=[0000000080000794] W[r 6=00000000800023bc][1] R[r 6=00000000800023bb] R[r 0=0000000000000000] inst=[00000305] c.addi  t1, 1
C0:       2959 [1] pc=[0000000080000796] W[r 0=0000000000000000][0] R[r12=0000000000000294] R[r 0=0000000000000000] inst=[0000fe65] c.bnez  a2, pc - 8
C0:       2960 [1] pc=[000000008000078e] W[r 0=0000000000000000][0] R[r 6=00000000800023bc] R[r11=0000000000000000] inst=[00b30023] sb      a1, 0(t1)
C0:       2961 [1] pc=[0000000080000792] W[r12=0000000000000293][1] R[r12=0000000000000294] R[r 0=0000000000000000] inst=[0000167d] c.addi  a2, -1
C0:       2962 [1] pc=[0000000080000794] W[r 6=00000000800023bd][1] R[r 6=00000000800023bc] R[r 0=0000000000000000] inst=[00000305] c.addi  t1, 1
C0:       2963 [1] pc=[0000000080000796] W[r 0=0000000000000000][0] R[r12=0000000000000293] R[r 0=0000000000000000] inst=[0000fe65] c.bnez  a2, pc - 8
C0:       2964 [1] pc=[000000008000078e] W[r 0=0000000000000000][0] R[r 6=00000000800023bd] R[r11=0000000000000000] inst=[00b30023] sb      a1, 0(t1)
C0:       2965 [1] pc=[0000000080000792] W[r12=0000000000000292][1] R[r12=0000000000000293] R[r 0=0000000000000000] inst=[0000167d] c.addi  a2, -1
C0:       2966 [1] pc=[0000000080000794] W[r 6=00000000800023be][1] R[r 6=00000000800023bd] R[r 0=0000000000000000] inst=[00000305] c.addi  t1, 1
C0:       2967 [1] pc=[0000000080000796] W[r 0=0000000000000000][0] R[r12=0000000000000292] R[r 0=0000000000000000] inst=[0000fe65] c.bnez  a2, pc - 8
C0:       2968 [1] pc=[000000008000078e] W[r 0=0000000000000000][0] R[r 6=00000000800023be] R[r11=0000000000000000] inst=[00b30023] sb      a1, 0(t1)
C0:       2969 [1] pc=[0000000080000792] W[r12=0000000000000291][1] R[r12=0000000000000292] R[r 0=0000000000000000] inst=[0000167d] c.addi  a2, -1
C0:       2970 [1] pc=[0000000080000794] W[r 6=00000000800023bf][1] R[r 6=00000000800023be] R[r 0=0000000000000000] inst=[00000305] c.addi  t1, 1
C0:       2971 [1] pc=[0000000080000796] W[r 0=0000000000000000][0] R[r12=0000000000000291] R[r 0=0000000000000000] inst=[0000fe65] c.bnez  a2, pc - 8
C0:       2972 [1] pc=[000000008000078e] W[r 0=0000000000000000][0] R[r 6=00000000800023bf] R[r11=0000000000000000] inst=[00b30023] sb      a1, 0(t1)
C0:       2973 [1] pc=[0000000080000792] W[r12=0000000000000290][1] R[r12=0000000000000291] R[r 0=0000000000000000] inst=[0000167d] c.addi  a2, -1
C0:       2974 [1] pc=[0000000080000794] W[r 6=00000000800023c0][1] R[r 6=00000000800023bf] R[r 0=0000000000000000] inst=[00000305] c.addi  t1, 1
C0:       2975 [1] pc=[0000000080000796] W[r 0=0000000000000000][0] R[r12=0000000000000290] R[r 0=0000000000000000] inst=[0000fe65] c.bnez  a2, pc - 8
C0:       3002 [1] pc=[000000008000078e] W[r 0=0000000000000000][0] R[r 6=00000000800023c0] R[r11=0000000000000000] inst=[00b30023] sb      a1, 0(t1)
C0:       3003 [1] pc=[0000000080000792] W[r12=000000000000028f][1] R[r12=0000000000000290] R[r 0=0000000000000000] inst=[0000167d] c.addi  a2, -1
C0:       3004 [1] pc=[0000000080000794] W[r 6=00000000800023c1][1] R[r 6=00000000800023c0] R[r 0=0000000000000000] inst=[00000305] c.addi  t1, 1
C0:       3005 [1] pc=[0000000080000796] W[r 0=0000000000000000][0] R[r12=000000000000028f] R[r 0=0000000000000000] inst=[0000fe65] c.bnez  a2, pc - 8
C0:       3006 [1] pc=[000000008000078e] W[r 0=0000000000000000][0] R[r 6=00000000800023c1] R[r11=0000000000000000] inst=[00b30023] sb      a1, 0(t1)
C0:       3007 [1] pc=[0000000080000792] W[r12=000000000000028e][1] R[r12=000000000000028f] R[r 0=0000000000000000] inst=[0000167d] c.addi  a2, -1
C0:       3008 [1] pc=[0000000080000794] W[r 6=00000000800023c2][1] R[r 6=00000000800023c1] R[r 0=0000000000000000] inst=[00000305] c.addi  t1, 1
C0:       3009 [1] pc=[0000000080000796] W[r 0=0000000000000000][0] R[r12=000000000000028e] R[r 0=0000000000000000] inst=[0000fe65] c.bnez  a2, pc - 8
C0:       3010 [1] pc=[000000008000078e] W[r 0=0000000000000000][0] R[r 6=00000000800023c2] R[r11=0000000000000000] inst=[00b30023] sb      a1, 0(t1)
C0:       3011 [1] pc=[0000000080000792] W[r12=000000000000028d][1] R[r12=000000000000028e] R[r 0=0000000000000000] inst=[0000167d] c.addi  a2, -1
C0:       3012 [1] pc=[0000000080000794] W[r 6=00000000800023c3][1] R[r 6=00000000800023c2] R[r 0=0000000000000000] inst=[00000305] c.addi  t1, 1
C0:       3013 [1] pc=[0000000080000796] W[r 0=0000000000000000][0] R[r12=000000000000028d] R[r 0=0000000000000000] inst=[0000fe65] c.bnez  a2, pc - 8
C0:       3014 [1] pc=[000000008000078e] W[r 0=0000000000000000][0] R[r 6=00000000800023c3] R[r11=0000000000000000] inst=[00b30023] sb      a1, 0(t1)
C0:       3015 [1] pc=[0000000080000792] W[r12=000000000000028c][1] R[r12=000000000000028d] R[r 0=0000000000000000] inst=[0000167d] c.addi  a2, -1
C0:       3016 [1] pc=[0000000080000794] W[r 6=00000000800023c4][1] R[r 6=00000000800023c3] R[r 0=0000000000000000] inst=[00000305] c.addi  t1, 1
C0:       3017 [1] pc=[0000000080000796] W[r 0=0000000000000000][0] R[r12=000000000000028c] R[r 0=0000000000000000] inst=[0000fe65] c.bnez  a2, pc - 8
C0:       3018 [1] pc=[000000008000078e] W[r 0=0000000000000000][0] R[r 6=00000000800023c4] R[r11=0000000000000000] inst=[00b30023] sb      a1, 0(t1)
C0:       3019 [1] pc=[0000000080000792] W[r12=000000000000028b][1] R[r12=000000000000028c] R[r 0=0000000000000000] inst=[0000167d] c.addi  a2, -1
C0:       3020 [1] pc=[0000000080000794] W[r 6=00000000800023c5][1] R[r 6=00000000800023c4] R[r 0=0000000000000000] inst=[00000305] c.addi  t1, 1
C0:       3021 [1] pc=[0000000080000796] W[r 0=0000000000000000][0] R[r12=000000000000028b] R[r 0=0000000000000000] inst=[0000fe65] c.bnez  a2, pc - 8
C0:       3022 [1] pc=[000000008000078e] W[r 0=0000000000000000][0] R[r 6=00000000800023c5] R[r11=0000000000000000] inst=[00b30023] sb      a1, 0(t1)
C0:       3023 [1] pc=[0000000080000792] W[r12=000000000000028a][1] R[r12=000000000000028b] R[r 0=0000000000000000] inst=[0000167d] c.addi  a2, -1
C0:       3024 [1] pc=[0000000080000794] W[r 6=00000000800023c6][1] R[r 6=00000000800023c5] R[r 0=0000000000000000] inst=[00000305] c.addi  t1, 1
C0:       3025 [1] pc=[0000000080000796] W[r 0=0000000000000000][0] R[r12=000000000000028a] R[r 0=0000000000000000] inst=[0000fe65] c.bnez  a2, pc - 8
C0:       3026 [1] pc=[000000008000078e] W[r 0=0000000000000000][0] R[r 6=00000000800023c6] R[r11=0000000000000000] inst=[00b30023] sb      a1, 0(t1)
C0:       3027 [1] pc=[0000000080000792] W[r12=0000000000000289][1] R[r12=000000000000028a] R[r 0=0000000000000000] inst=[0000167d] c.addi  a2, -1
C0:       3028 [1] pc=[0000000080000794] W[r 6=00000000800023c7][1] R[r 6=00000000800023c6] R[r 0=0000000000000000] inst=[00000305] c.addi  t1, 1
C0:       3029 [1] pc=[0000000080000796] W[r 0=0000000000000000][0] R[r12=0000000000000289] R[r 0=0000000000000000] inst=[0000fe65] c.bnez  a2, pc - 8
C0:       3030 [1] pc=[000000008000078e] W[r 0=0000000000000000][0] R[r 6=00000000800023c7] R[r11=0000000000000000] inst=[00b30023] sb      a1, 0(t1)
C0:       3031 [1] pc=[0000000080000792] W[r12=0000000000000288][1] R[r12=0000000000000289] R[r 0=0000000000000000] inst=[0000167d] c.addi  a2, -1
C0:       3032 [1] pc=[0000000080000794] W[r 6=00000000800023c8][1] R[r 6=00000000800023c7] R[r 0=0000000000000000] inst=[00000305] c.addi  t1, 1
C0:       3033 [1] pc=[0000000080000796] W[r 0=0000000000000000][0] R[r12=0000000000000288] R[r 0=0000000000000000] inst=[0000fe65] c.bnez  a2, pc - 8
C0:       3034 [1] pc=[000000008000078e] W[r 0=0000000000000000][0] R[r 6=00000000800023c8] R[r11=0000000000000000] inst=[00b30023] sb      a1, 0(t1)
C0:       3035 [1] pc=[0000000080000792] W[r12=0000000000000287][1] R[r12=0000000000000288] R[r 0=0000000000000000] inst=[0000167d] c.addi  a2, -1
C0:       3036 [1] pc=[0000000080000794] W[r 6=00000000800023c9][1] R[r 6=00000000800023c8] R[r 0=0000000000000000] inst=[00000305] c.addi  t1, 1
C0:       3037 [1] pc=[0000000080000796] W[r 0=0000000000000000][0] R[r12=0000000000000287] R[r 0=0000000000000000] inst=[0000fe65] c.bnez  a2, pc - 8
C0:       3038 [1] pc=[000000008000078e] W[r 0=0000000000000000][0] R[r 6=00000000800023c9] R[r11=0000000000000000] inst=[00b30023] sb      a1, 0(t1)
C0:       3039 [1] pc=[0000000080000792] W[r12=0000000000000286][1] R[r12=0000000000000287] R[r 0=0000000000000000] inst=[0000167d] c.addi  a2, -1
C0:       3040 [1] pc=[0000000080000794] W[r 6=00000000800023ca][1] R[r 6=00000000800023c9] R[r 0=0000000000000000] inst=[00000305] c.addi  t1, 1
C0:       3041 [1] pc=[0000000080000796] W[r 0=0000000000000000][0] R[r12=0000000000000286] R[r 0=0000000000000000] inst=[0000fe65] c.bnez  a2, pc - 8
C0:       3042 [1] pc=[000000008000078e] W[r 0=0000000000000000][0] R[r 6=00000000800023ca] R[r11=0000000000000000] inst=[00b30023] sb      a1, 0(t1)
C0:       3043 [1] pc=[0000000080000792] W[r12=0000000000000285][1] R[r12=0000000000000286] R[r 0=0000000000000000] inst=[0000167d] c.addi  a2, -1
C0:       3044 [1] pc=[0000000080000794] W[r 6=00000000800023cb][1] R[r 6=00000000800023ca] R[r 0=0000000000000000] inst=[00000305] c.addi  t1, 1
C0:       3045 [1] pc=[0000000080000796] W[r 0=0000000000000000][0] R[r12=0000000000000285] R[r 0=0000000000000000] inst=[0000fe65] c.bnez  a2, pc - 8
C0:       3046 [1] pc=[000000008000078e] W[r 0=0000000000000000][0] R[r 6=00000000800023cb] R[r11=0000000000000000] inst=[00b30023] sb      a1, 0(t1)
C0:       3047 [1] pc=[0000000080000792] W[r12=0000000000000284][1] R[r12=0000000000000285] R[r 0=0000000000000000] inst=[0000167d] c.addi  a2, -1
C0:       3048 [1] pc=[0000000080000794] W[r 6=00000000800023cc][1] R[r 6=00000000800023cb] R[r 0=0000000000000000] inst=[00000305] c.addi  t1, 1
C0:       3049 [1] pc=[0000000080000796] W[r 0=0000000000000000][0] R[r12=0000000000000284] R[r 0=0000000000000000] inst=[0000fe65] c.bnez  a2, pc - 8
C0:       3050 [1] pc=[000000008000078e] W[r 0=0000000000000000][0] R[r 6=00000000800023cc] R[r11=0000000000000000] inst=[00b30023] sb      a1, 0(t1)
C0:       3051 [1] pc=[0000000080000792] W[r12=0000000000000283][1] R[r12=0000000000000284] R[r 0=0000000000000000] inst=[0000167d] c.addi  a2, -1
C0:       3052 [1] pc=[0000000080000794] W[r 6=00000000800023cd][1] R[r 6=00000000800023cc] R[r 0=0000000000000000] inst=[00000305] c.addi  t1, 1
C0:       3053 [1] pc=[0000000080000796] W[r 0=0000000000000000][0] R[r12=0000000000000283] R[r 0=0000000000000000] inst=[0000fe65] c.bnez  a2, pc - 8
C0:       3054 [1] pc=[000000008000078e] W[r 0=0000000000000000][0] R[r 6=00000000800023cd] R[r11=0000000000000000] inst=[00b30023] sb      a1, 0(t1)
C0:       3055 [1] pc=[0000000080000792] W[r12=0000000000000282][1] R[r12=0000000000000283] R[r 0=0000000000000000] inst=[0000167d] c.addi  a2, -1
C0:       3056 [1] pc=[0000000080000794] W[r 6=00000000800023ce][1] R[r 6=00000000800023cd] R[r 0=0000000000000000] inst=[00000305] c.addi  t1, 1
C0:       3057 [1] pc=[0000000080000796] W[r 0=0000000000000000][0] R[r12=0000000000000282] R[r 0=0000000000000000] inst=[0000fe65] c.bnez  a2, pc - 8
C0:       3058 [1] pc=[000000008000078e] W[r 0=0000000000000000][0] R[r 6=00000000800023ce] R[r11=0000000000000000] inst=[00b30023] sb      a1, 0(t1)
C0:       3059 [1] pc=[0000000080000792] W[r12=0000000000000281][1] R[r12=0000000000000282] R[r 0=0000000000000000] inst=[0000167d] c.addi  a2, -1
C0:       3060 [1] pc=[0000000080000794] W[r 6=00000000800023cf][1] R[r 6=00000000800023ce] R[r 0=0000000000000000] inst=[00000305] c.addi  t1, 1
C0:       3061 [1] pc=[0000000080000796] W[r 0=0000000000000000][0] R[r12=0000000000000281] R[r 0=0000000000000000] inst=[0000fe65] c.bnez  a2, pc - 8
C0:       3062 [1] pc=[000000008000078e] W[r 0=0000000000000000][0] R[r 6=00000000800023cf] R[r11=0000000000000000] inst=[00b30023] sb      a1, 0(t1)
C0:       3063 [1] pc=[0000000080000792] W[r12=0000000000000280][1] R[r12=0000000000000281] R[r 0=0000000000000000] inst=[0000167d] c.addi  a2, -1
C0:       3064 [1] pc=[0000000080000794] W[r 6=00000000800023d0][1] R[r 6=00000000800023cf] R[r 0=0000000000000000] inst=[00000305] c.addi  t1, 1
C0:       3065 [1] pc=[0000000080000796] W[r 0=0000000000000000][0] R[r12=0000000000000280] R[r 0=0000000000000000] inst=[0000fe65] c.bnez  a2, pc - 8
C0:       3066 [1] pc=[000000008000078e] W[r 0=0000000000000000][0] R[r 6=00000000800023d0] R[r11=0000000000000000] inst=[00b30023] sb      a1, 0(t1)
C0:       3067 [1] pc=[0000000080000792] W[r12=000000000000027f][1] R[r12=0000000000000280] R[r 0=0000000000000000] inst=[0000167d] c.addi  a2, -1
C0:       3068 [1] pc=[0000000080000794] W[r 6=00000000800023d1][1] R[r 6=00000000800023d0] R[r 0=0000000000000000] inst=[00000305] c.addi  t1, 1
C0:       3069 [1] pc=[0000000080000796] W[r 0=0000000000000000][0] R[r12=000000000000027f] R[r 0=0000000000000000] inst=[0000fe65] c.bnez  a2, pc - 8
C0:       3070 [1] pc=[000000008000078e] W[r 0=0000000000000000][0] R[r 6=00000000800023d1] R[r11=0000000000000000] inst=[00b30023] sb      a1, 0(t1)
C0:       3071 [1] pc=[0000000080000792] W[r12=000000000000027e][1] R[r12=000000000000027f] R[r 0=0000000000000000] inst=[0000167d] c.addi  a2, -1
C0:       3072 [1] pc=[0000000080000794] W[r 6=00000000800023d2][1] R[r 6=00000000800023d1] R[r 0=0000000000000000] inst=[00000305] c.addi  t1, 1
C0:       3073 [1] pc=[0000000080000796] W[r 0=0000000000000000][0] R[r12=000000000000027e] R[r 0=0000000000000000] inst=[0000fe65] c.bnez  a2, pc - 8
C0:       3074 [1] pc=[000000008000078e] W[r 0=0000000000000000][0] R[r 6=00000000800023d2] R[r11=0000000000000000] inst=[00b30023] sb      a1, 0(t1)
C0:       3075 [1] pc=[0000000080000792] W[r12=000000000000027d][1] R[r12=000000000000027e] R[r 0=0000000000000000] inst=[0000167d] c.addi  a2, -1
C0:       3076 [1] pc=[0000000080000794] W[r 6=00000000800023d3][1] R[r 6=00000000800023d2] R[r 0=0000000000000000] inst=[00000305] c.addi  t1, 1
C0:       3077 [1] pc=[0000000080000796] W[r 0=0000000000000000][0] R[r12=000000000000027d] R[r 0=0000000000000000] inst=[0000fe65] c.bnez  a2, pc - 8
C0:       3078 [1] pc=[000000008000078e] W[r 0=0000000000000000][0] R[r 6=00000000800023d3] R[r11=0000000000000000] inst=[00b30023] sb      a1, 0(t1)
C0:       3079 [1] pc=[0000000080000792] W[r12=000000000000027c][1] R[r12=000000000000027d] R[r 0=0000000000000000] inst=[0000167d] c.addi  a2, -1
C0:       3080 [1] pc=[0000000080000794] W[r 6=00000000800023d4][1] R[r 6=00000000800023d3] R[r 0=0000000000000000] inst=[00000305] c.addi  t1, 1
C0:       3081 [1] pc=[0000000080000796] W[r 0=0000000000000000][0] R[r12=000000000000027c] R[r 0=0000000000000000] inst=[0000fe65] c.bnez  a2, pc - 8
C0:       3082 [1] pc=[000000008000078e] W[r 0=0000000000000000][0] R[r 6=00000000800023d4] R[r11=0000000000000000] inst=[00b30023] sb      a1, 0(t1)
C0:       3083 [1] pc=[0000000080000792] W[r12=000000000000027b][1] R[r12=000000000000027c] R[r 0=0000000000000000] inst=[0000167d] c.addi  a2, -1
C0:       3084 [1] pc=[0000000080000794] W[r 6=00000000800023d5][1] R[r 6=00000000800023d4] R[r 0=0000000000000000] inst=[00000305] c.addi  t1, 1
C0:       3085 [1] pc=[0000000080000796] W[r 0=0000000000000000][0] R[r12=000000000000027b] R[r 0=0000000000000000] inst=[0000fe65] c.bnez  a2, pc - 8
C0:       3086 [1] pc=[000000008000078e] W[r 0=0000000000000000][0] R[r 6=00000000800023d5] R[r11=0000000000000000] inst=[00b30023] sb      a1, 0(t1)
C0:       3087 [1] pc=[0000000080000792] W[r12=000000000000027a][1] R[r12=000000000000027b] R[r 0=0000000000000000] inst=[0000167d] c.addi  a2, -1
C0:       3088 [1] pc=[0000000080000794] W[r 6=00000000800023d6][1] R[r 6=00000000800023d5] R[r 0=0000000000000000] inst=[00000305] c.addi  t1, 1
C0:       3089 [1] pc=[0000000080000796] W[r 0=0000000000000000][0] R[r12=000000000000027a] R[r 0=0000000000000000] inst=[0000fe65] c.bnez  a2, pc - 8
C0:       3090 [1] pc=[000000008000078e] W[r 0=0000000000000000][0] R[r 6=00000000800023d6] R[r11=0000000000000000] inst=[00b30023] sb      a1, 0(t1)
C0:       3091 [1] pc=[0000000080000792] W[r12=0000000000000279][1] R[r12=000000000000027a] R[r 0=0000000000000000] inst=[0000167d] c.addi  a2, -1
C0:       3092 [1] pc=[0000000080000794] W[r 6=00000000800023d7][1] R[r 6=00000000800023d6] R[r 0=0000000000000000] inst=[00000305] c.addi  t1, 1
C0:       3093 [1] pc=[0000000080000796] W[r 0=0000000000000000][0] R[r12=0000000000000279] R[r 0=0000000000000000] inst=[0000fe65] c.bnez  a2, pc - 8
C0:       3094 [1] pc=[000000008000078e] W[r 0=0000000000000000][0] R[r 6=00000000800023d7] R[r11=0000000000000000] inst=[00b30023] sb      a1, 0(t1)
C0:       3095 [1] pc=[0000000080000792] W[r12=0000000000000278][1] R[r12=0000000000000279] R[r 0=0000000000000000] inst=[0000167d] c.addi  a2, -1
C0:       3096 [1] pc=[0000000080000794] W[r 6=00000000800023d8][1] R[r 6=00000000800023d7] R[r 0=0000000000000000] inst=[00000305] c.addi  t1, 1
C0:       3097 [1] pc=[0000000080000796] W[r 0=0000000000000000][0] R[r12=0000000000000278] R[r 0=0000000000000000] inst=[0000fe65] c.bnez  a2, pc - 8
C0:       3098 [1] pc=[000000008000078e] W[r 0=0000000000000000][0] R[r 6=00000000800023d8] R[r11=0000000000000000] inst=[00b30023] sb      a1, 0(t1)
C0:       3099 [1] pc=[0000000080000792] W[r12=0000000000000277][1] R[r12=0000000000000278] R[r 0=0000000000000000] inst=[0000167d] c.addi  a2, -1
C0:       3100 [1] pc=[0000000080000794] W[r 6=00000000800023d9][1] R[r 6=00000000800023d8] R[r 0=0000000000000000] inst=[00000305] c.addi  t1, 1
C0:       3101 [1] pc=[0000000080000796] W[r 0=0000000000000000][0] R[r12=0000000000000277] R[r 0=0000000000000000] inst=[0000fe65] c.bnez  a2, pc - 8
C0:       3102 [1] pc=[000000008000078e] W[r 0=0000000000000000][0] R[r 6=00000000800023d9] R[r11=0000000000000000] inst=[00b30023] sb      a1, 0(t1)
C0:       3103 [1] pc=[0000000080000792] W[r12=0000000000000276][1] R[r12=0000000000000277] R[r 0=0000000000000000] inst=[0000167d] c.addi  a2, -1
C0:       3104 [1] pc=[0000000080000794] W[r 6=00000000800023da][1] R[r 6=00000000800023d9] R[r 0=0000000000000000] inst=[00000305] c.addi  t1, 1
C0:       3105 [1] pc=[0000000080000796] W[r 0=0000000000000000][0] R[r12=0000000000000276] R[r 0=0000000000000000] inst=[0000fe65] c.bnez  a2, pc - 8
C0:       3106 [1] pc=[000000008000078e] W[r 0=0000000000000000][0] R[r 6=00000000800023da] R[r11=0000000000000000] inst=[00b30023] sb      a1, 0(t1)
C0:       3107 [1] pc=[0000000080000792] W[r12=0000000000000275][1] R[r12=0000000000000276] R[r 0=0000000000000000] inst=[0000167d] c.addi  a2, -1
C0:       3108 [1] pc=[0000000080000794] W[r 6=00000000800023db][1] R[r 6=00000000800023da] R[r 0=0000000000000000] inst=[00000305] c.addi  t1, 1
C0:       3109 [1] pc=[0000000080000796] W[r 0=0000000000000000][0] R[r12=0000000000000275] R[r 0=0000000000000000] inst=[0000fe65] c.bnez  a2, pc - 8
C0:       3110 [1] pc=[000000008000078e] W[r 0=0000000000000000][0] R[r 6=00000000800023db] R[r11=0000000000000000] inst=[00b30023] sb      a1, 0(t1)
C0:       3111 [1] pc=[0000000080000792] W[r12=0000000000000274][1] R[r12=0000000000000275] R[r 0=0000000000000000] inst=[0000167d] c.addi  a2, -1
C0:       3112 [1] pc=[0000000080000794] W[r 6=00000000800023dc][1] R[r 6=00000000800023db] R[r 0=0000000000000000] inst=[00000305] c.addi  t1, 1
C0:       3113 [1] pc=[0000000080000796] W[r 0=0000000000000000][0] R[r12=0000000000000274] R[r 0=0000000000000000] inst=[0000fe65] c.bnez  a2, pc - 8
C0:       3114 [1] pc=[000000008000078e] W[r 0=0000000000000000][0] R[r 6=00000000800023dc] R[r11=0000000000000000] inst=[00b30023] sb      a1, 0(t1)
C0:       3115 [1] pc=[0000000080000792] W[r12=0000000000000273][1] R[r12=0000000000000274] R[r 0=0000000000000000] inst=[0000167d] c.addi  a2, -1
C0:       3116 [1] pc=[0000000080000794] W[r 6=00000000800023dd][1] R[r 6=00000000800023dc] R[r 0=0000000000000000] inst=[00000305] c.addi  t1, 1
C0:       3117 [1] pc=[0000000080000796] W[r 0=0000000000000000][0] R[r12=0000000000000273] R[r 0=0000000000000000] inst=[0000fe65] c.bnez  a2, pc - 8
C0:       3118 [1] pc=[000000008000078e] W[r 0=0000000000000000][0] R[r 6=00000000800023dd] R[r11=0000000000000000] inst=[00b30023] sb      a1, 0(t1)
C0:       3119 [1] pc=[0000000080000792] W[r12=0000000000000272][1] R[r12=0000000000000273] R[r 0=0000000000000000] inst=[0000167d] c.addi  a2, -1
C0:       3120 [1] pc=[0000000080000794] W[r 6=00000000800023de][1] R[r 6=00000000800023dd] R[r 0=0000000000000000] inst=[00000305] c.addi  t1, 1
C0:       3121 [1] pc=[0000000080000796] W[r 0=0000000000000000][0] R[r12=0000000000000272] R[r 0=0000000000000000] inst=[0000fe65] c.bnez  a2, pc - 8
C0:       3122 [1] pc=[000000008000078e] W[r 0=0000000000000000][0] R[r 6=00000000800023de] R[r11=0000000000000000] inst=[00b30023] sb      a1, 0(t1)
C0:       3123 [1] pc=[0000000080000792] W[r12=0000000000000271][1] R[r12=0000000000000272] R[r 0=0000000000000000] inst=[0000167d] c.addi  a2, -1
C0:       3124 [1] pc=[0000000080000794] W[r 6=00000000800023df][1] R[r 6=00000000800023de] R[r 0=0000000000000000] inst=[00000305] c.addi  t1, 1
C0:       3125 [1] pc=[0000000080000796] W[r 0=0000000000000000][0] R[r12=0000000000000271] R[r 0=0000000000000000] inst=[0000fe65] c.bnez  a2, pc - 8
C0:       3126 [1] pc=[000000008000078e] W[r 0=0000000000000000][0] R[r 6=00000000800023df] R[r11=0000000000000000] inst=[00b30023] sb      a1, 0(t1)
C0:       3127 [1] pc=[0000000080000792] W[r12=0000000000000270][1] R[r12=0000000000000271] R[r 0=0000000000000000] inst=[0000167d] c.addi  a2, -1
C0:       3128 [1] pc=[0000000080000794] W[r 6=00000000800023e0][1] R[r 6=00000000800023df] R[r 0=0000000000000000] inst=[00000305] c.addi  t1, 1
C0:       3129 [1] pc=[0000000080000796] W[r 0=0000000000000000][0] R[r12=0000000000000270] R[r 0=0000000000000000] inst=[0000fe65] c.bnez  a2, pc - 8
C0:       3130 [1] pc=[000000008000078e] W[r 0=0000000000000000][0] R[r 6=00000000800023e0] R[r11=0000000000000000] inst=[00b30023] sb      a1, 0(t1)
C0:       3131 [1] pc=[0000000080000792] W[r12=000000000000026f][1] R[r12=0000000000000270] R[r 0=0000000000000000] inst=[0000167d] c.addi  a2, -1
C0:       3132 [1] pc=[0000000080000794] W[r 6=00000000800023e1][1] R[r 6=00000000800023e0] R[r 0=0000000000000000] inst=[00000305] c.addi  t1, 1
C0:       3133 [1] pc=[0000000080000796] W[r 0=0000000000000000][0] R[r12=000000000000026f] R[r 0=0000000000000000] inst=[0000fe65] c.bnez  a2, pc - 8
C0:       3134 [1] pc=[000000008000078e] W[r 0=0000000000000000][0] R[r 6=00000000800023e1] R[r11=0000000000000000] inst=[00b30023] sb      a1, 0(t1)
C0:       3135 [1] pc=[0000000080000792] W[r12=000000000000026e][1] R[r12=000000000000026f] R[r 0=0000000000000000] inst=[0000167d] c.addi  a2, -1
C0:       3136 [1] pc=[0000000080000794] W[r 6=00000000800023e2][1] R[r 6=00000000800023e1] R[r 0=0000000000000000] inst=[00000305] c.addi  t1, 1
C0:       3137 [1] pc=[0000000080000796] W[r 0=0000000000000000][0] R[r12=000000000000026e] R[r 0=0000000000000000] inst=[0000fe65] c.bnez  a2, pc - 8
C0:       3138 [1] pc=[000000008000078e] W[r 0=0000000000000000][0] R[r 6=00000000800023e2] R[r11=0000000000000000] inst=[00b30023] sb      a1, 0(t1)
C0:       3139 [1] pc=[0000000080000792] W[r12=000000000000026d][1] R[r12=000000000000026e] R[r 0=0000000000000000] inst=[0000167d] c.addi  a2, -1
C0:       3140 [1] pc=[0000000080000794] W[r 6=00000000800023e3][1] R[r 6=00000000800023e2] R[r 0=0000000000000000] inst=[00000305] c.addi  t1, 1
C0:       3141 [1] pc=[0000000080000796] W[r 0=0000000000000000][0] R[r12=000000000000026d] R[r 0=0000000000000000] inst=[0000fe65] c.bnez  a2, pc - 8
C0:       3142 [1] pc=[000000008000078e] W[r 0=0000000000000000][0] R[r 6=00000000800023e3] R[r11=0000000000000000] inst=[00b30023] sb      a1, 0(t1)
C0:       3143 [1] pc=[0000000080000792] W[r12=000000000000026c][1] R[r12=000000000000026d] R[r 0=0000000000000000] inst=[0000167d] c.addi  a2, -1
C0:       3144 [1] pc=[0000000080000794] W[r 6=00000000800023e4][1] R[r 6=00000000800023e3] R[r 0=0000000000000000] inst=[00000305] c.addi  t1, 1
C0:       3145 [1] pc=[0000000080000796] W[r 0=0000000000000000][0] R[r12=000000000000026c] R[r 0=0000000000000000] inst=[0000fe65] c.bnez  a2, pc - 8
C0:       3146 [1] pc=[000000008000078e] W[r 0=0000000000000000][0] R[r 6=00000000800023e4] R[r11=0000000000000000] inst=[00b30023] sb      a1, 0(t1)
C0:       3147 [1] pc=[0000000080000792] W[r12=000000000000026b][1] R[r12=000000000000026c] R[r 0=0000000000000000] inst=[0000167d] c.addi  a2, -1
C0:       3148 [1] pc=[0000000080000794] W[r 6=00000000800023e5][1] R[r 6=00000000800023e4] R[r 0=0000000000000000] inst=[00000305] c.addi  t1, 1
C0:       3149 [1] pc=[0000000080000796] W[r 0=0000000000000000][0] R[r12=000000000000026b] R[r 0=0000000000000000] inst=[0000fe65] c.bnez  a2, pc - 8
C0:       3150 [1] pc=[000000008000078e] W[r 0=0000000000000000][0] R[r 6=00000000800023e5] R[r11=0000000000000000] inst=[00b30023] sb      a1, 0(t1)
C0:       3151 [1] pc=[0000000080000792] W[r12=000000000000026a][1] R[r12=000000000000026b] R[r 0=0000000000000000] inst=[0000167d] c.addi  a2, -1
C0:       3152 [1] pc=[0000000080000794] W[r 6=00000000800023e6][1] R[r 6=00000000800023e5] R[r 0=0000000000000000] inst=[00000305] c.addi  t1, 1
C0:       3153 [1] pc=[0000000080000796] W[r 0=0000000000000000][0] R[r12=000000000000026a] R[r 0=0000000000000000] inst=[0000fe65] c.bnez  a2, pc - 8
C0:       3154 [1] pc=[000000008000078e] W[r 0=0000000000000000][0] R[r 6=00000000800023e6] R[r11=0000000000000000] inst=[00b30023] sb      a1, 0(t1)
C0:       3155 [1] pc=[0000000080000792] W[r12=0000000000000269][1] R[r12=000000000000026a] R[r 0=0000000000000000] inst=[0000167d] c.addi  a2, -1
C0:       3156 [1] pc=[0000000080000794] W[r 6=00000000800023e7][1] R[r 6=00000000800023e6] R[r 0=0000000000000000] inst=[00000305] c.addi  t1, 1
C0:       3157 [1] pc=[0000000080000796] W[r 0=0000000000000000][0] R[r12=0000000000000269] R[r 0=0000000000000000] inst=[0000fe65] c.bnez  a2, pc - 8
C0:       3158 [1] pc=[000000008000078e] W[r 0=0000000000000000][0] R[r 6=00000000800023e7] R[r11=0000000000000000] inst=[00b30023] sb      a1, 0(t1)
C0:       3159 [1] pc=[0000000080000792] W[r12=0000000000000268][1] R[r12=0000000000000269] R[r 0=0000000000000000] inst=[0000167d] c.addi  a2, -1
C0:       3160 [1] pc=[0000000080000794] W[r 6=00000000800023e8][1] R[r 6=00000000800023e7] R[r 0=0000000000000000] inst=[00000305] c.addi  t1, 1
C0:       3161 [1] pc=[0000000080000796] W[r 0=0000000000000000][0] R[r12=0000000000000268] R[r 0=0000000000000000] inst=[0000fe65] c.bnez  a2, pc - 8
C0:       3162 [1] pc=[000000008000078e] W[r 0=0000000000000000][0] R[r 6=00000000800023e8] R[r11=0000000000000000] inst=[00b30023] sb      a1, 0(t1)
C0:       3163 [1] pc=[0000000080000792] W[r12=0000000000000267][1] R[r12=0000000000000268] R[r 0=0000000000000000] inst=[0000167d] c.addi  a2, -1
C0:       3164 [1] pc=[0000000080000794] W[r 6=00000000800023e9][1] R[r 6=00000000800023e8] R[r 0=0000000000000000] inst=[00000305] c.addi  t1, 1
C0:       3165 [1] pc=[0000000080000796] W[r 0=0000000000000000][0] R[r12=0000000000000267] R[r 0=0000000000000000] inst=[0000fe65] c.bnez  a2, pc - 8
C0:       3166 [1] pc=[000000008000078e] W[r 0=0000000000000000][0] R[r 6=00000000800023e9] R[r11=0000000000000000] inst=[00b30023] sb      a1, 0(t1)
C0:       3167 [1] pc=[0000000080000792] W[r12=0000000000000266][1] R[r12=0000000000000267] R[r 0=0000000000000000] inst=[0000167d] c.addi  a2, -1
C0:       3168 [1] pc=[0000000080000794] W[r 6=00000000800023ea][1] R[r 6=00000000800023e9] R[r 0=0000000000000000] inst=[00000305] c.addi  t1, 1
C0:       3169 [1] pc=[0000000080000796] W[r 0=0000000000000000][0] R[r12=0000000000000266] R[r 0=0000000000000000] inst=[0000fe65] c.bnez  a2, pc - 8
C0:       3170 [1] pc=[000000008000078e] W[r 0=0000000000000000][0] R[r 6=00000000800023ea] R[r11=0000000000000000] inst=[00b30023] sb      a1, 0(t1)
C0:       3171 [1] pc=[0000000080000792] W[r12=0000000000000265][1] R[r12=0000000000000266] R[r 0=0000000000000000] inst=[0000167d] c.addi  a2, -1
C0:       3172 [1] pc=[0000000080000794] W[r 6=00000000800023eb][1] R[r 6=00000000800023ea] R[r 0=0000000000000000] inst=[00000305] c.addi  t1, 1
C0:       3173 [1] pc=[0000000080000796] W[r 0=0000000000000000][0] R[r12=0000000000000265] R[r 0=0000000000000000] inst=[0000fe65] c.bnez  a2, pc - 8
C0:       3174 [1] pc=[000000008000078e] W[r 0=0000000000000000][0] R[r 6=00000000800023eb] R[r11=0000000000000000] inst=[00b30023] sb      a1, 0(t1)
C0:       3175 [1] pc=[0000000080000792] W[r12=0000000000000264][1] R[r12=0000000000000265] R[r 0=0000000000000000] inst=[0000167d] c.addi  a2, -1
C0:       3176 [1] pc=[0000000080000794] W[r 6=00000000800023ec][1] R[r 6=00000000800023eb] R[r 0=0000000000000000] inst=[00000305] c.addi  t1, 1
C0:       3177 [1] pc=[0000000080000796] W[r 0=0000000000000000][0] R[r12=0000000000000264] R[r 0=0000000000000000] inst=[0000fe65] c.bnez  a2, pc - 8
C0:       3178 [1] pc=[000000008000078e] W[r 0=0000000000000000][0] R[r 6=00000000800023ec] R[r11=0000000000000000] inst=[00b30023] sb      a1, 0(t1)
C0:       3179 [1] pc=[0000000080000792] W[r12=0000000000000263][1] R[r12=0000000000000264] R[r 0=0000000000000000] inst=[0000167d] c.addi  a2, -1
C0:       3180 [1] pc=[0000000080000794] W[r 6=00000000800023ed][1] R[r 6=00000000800023ec] R[r 0=0000000000000000] inst=[00000305] c.addi  t1, 1
C0:       3181 [1] pc=[0000000080000796] W[r 0=0000000000000000][0] R[r12=0000000000000263] R[r 0=0000000000000000] inst=[0000fe65] c.bnez  a2, pc - 8
C0:       3182 [1] pc=[000000008000078e] W[r 0=0000000000000000][0] R[r 6=00000000800023ed] R[r11=0000000000000000] inst=[00b30023] sb      a1, 0(t1)
C0:       3183 [1] pc=[0000000080000792] W[r12=0000000000000262][1] R[r12=0000000000000263] R[r 0=0000000000000000] inst=[0000167d] c.addi  a2, -1
C0:       3184 [1] pc=[0000000080000794] W[r 6=00000000800023ee][1] R[r 6=00000000800023ed] R[r 0=0000000000000000] inst=[00000305] c.addi  t1, 1
C0:       3185 [1] pc=[0000000080000796] W[r 0=0000000000000000][0] R[r12=0000000000000262] R[r 0=0000000000000000] inst=[0000fe65] c.bnez  a2, pc - 8
C0:       3186 [1] pc=[000000008000078e] W[r 0=0000000000000000][0] R[r 6=00000000800023ee] R[r11=0000000000000000] inst=[00b30023] sb      a1, 0(t1)
C0:       3187 [1] pc=[0000000080000792] W[r12=0000000000000261][1] R[r12=0000000000000262] R[r 0=0000000000000000] inst=[0000167d] c.addi  a2, -1
C0:       3188 [1] pc=[0000000080000794] W[r 6=00000000800023ef][1] R[r 6=00000000800023ee] R[r 0=0000000000000000] inst=[00000305] c.addi  t1, 1
C0:       3189 [1] pc=[0000000080000796] W[r 0=0000000000000000][0] R[r12=0000000000000261] R[r 0=0000000000000000] inst=[0000fe65] c.bnez  a2, pc - 8
C0:       3190 [1] pc=[000000008000078e] W[r 0=0000000000000000][0] R[r 6=00000000800023ef] R[r11=0000000000000000] inst=[00b30023] sb      a1, 0(t1)
C0:       3191 [1] pc=[0000000080000792] W[r12=0000000000000260][1] R[r12=0000000000000261] R[r 0=0000000000000000] inst=[0000167d] c.addi  a2, -1
C0:       3192 [1] pc=[0000000080000794] W[r 6=00000000800023f0][1] R[r 6=00000000800023ef] R[r 0=0000000000000000] inst=[00000305] c.addi  t1, 1
C0:       3193 [1] pc=[0000000080000796] W[r 0=0000000000000000][0] R[r12=0000000000000260] R[r 0=0000000000000000] inst=[0000fe65] c.bnez  a2, pc - 8
C0:       3194 [1] pc=[000000008000078e] W[r 0=0000000000000000][0] R[r 6=00000000800023f0] R[r11=0000000000000000] inst=[00b30023] sb      a1, 0(t1)
C0:       3195 [1] pc=[0000000080000792] W[r12=000000000000025f][1] R[r12=0000000000000260] R[r 0=0000000000000000] inst=[0000167d] c.addi  a2, -1
C0:       3196 [1] pc=[0000000080000794] W[r 6=00000000800023f1][1] R[r 6=00000000800023f0] R[r 0=0000000000000000] inst=[00000305] c.addi  t1, 1
C0:       3197 [1] pc=[0000000080000796] W[r 0=0000000000000000][0] R[r12=000000000000025f] R[r 0=0000000000000000] inst=[0000fe65] c.bnez  a2, pc - 8
C0:       3198 [1] pc=[000000008000078e] W[r 0=0000000000000000][0] R[r 6=00000000800023f1] R[r11=0000000000000000] inst=[00b30023] sb      a1, 0(t1)
C0:       3199 [1] pc=[0000000080000792] W[r12=000000000000025e][1] R[r12=000000000000025f] R[r 0=0000000000000000] inst=[0000167d] c.addi  a2, -1
C0:       3200 [1] pc=[0000000080000794] W[r 6=00000000800023f2][1] R[r 6=00000000800023f1] R[r 0=0000000000000000] inst=[00000305] c.addi  t1, 1
C0:       3201 [1] pc=[0000000080000796] W[r 0=0000000000000000][0] R[r12=000000000000025e] R[r 0=0000000000000000] inst=[0000fe65] c.bnez  a2, pc - 8
C0:       3202 [1] pc=[000000008000078e] W[r 0=0000000000000000][0] R[r 6=00000000800023f2] R[r11=0000000000000000] inst=[00b30023] sb      a1, 0(t1)
C0:       3203 [1] pc=[0000000080000792] W[r12=000000000000025d][1] R[r12=000000000000025e] R[r 0=0000000000000000] inst=[0000167d] c.addi  a2, -1
C0:       3204 [1] pc=[0000000080000794] W[r 6=00000000800023f3][1] R[r 6=00000000800023f2] R[r 0=0000000000000000] inst=[00000305] c.addi  t1, 1
C0:       3205 [1] pc=[0000000080000796] W[r 0=0000000000000000][0] R[r12=000000000000025d] R[r 0=0000000000000000] inst=[0000fe65] c.bnez  a2, pc - 8
C0:       3206 [1] pc=[000000008000078e] W[r 0=0000000000000000][0] R[r 6=00000000800023f3] R[r11=0000000000000000] inst=[00b30023] sb      a1, 0(t1)
C0:       3207 [1] pc=[0000000080000792] W[r12=000000000000025c][1] R[r12=000000000000025d] R[r 0=0000000000000000] inst=[0000167d] c.addi  a2, -1
C0:       3208 [1] pc=[0000000080000794] W[r 6=00000000800023f4][1] R[r 6=00000000800023f3] R[r 0=0000000000000000] inst=[00000305] c.addi  t1, 1
C0:       3209 [1] pc=[0000000080000796] W[r 0=0000000000000000][0] R[r12=000000000000025c] R[r 0=0000000000000000] inst=[0000fe65] c.bnez  a2, pc - 8
C0:       3210 [1] pc=[000000008000078e] W[r 0=0000000000000000][0] R[r 6=00000000800023f4] R[r11=0000000000000000] inst=[00b30023] sb      a1, 0(t1)
C0:       3211 [1] pc=[0000000080000792] W[r12=000000000000025b][1] R[r12=000000000000025c] R[r 0=0000000000000000] inst=[0000167d] c.addi  a2, -1
C0:       3212 [1] pc=[0000000080000794] W[r 6=00000000800023f5][1] R[r 6=00000000800023f4] R[r 0=0000000000000000] inst=[00000305] c.addi  t1, 1
C0:       3213 [1] pc=[0000000080000796] W[r 0=0000000000000000][0] R[r12=000000000000025b] R[r 0=0000000000000000] inst=[0000fe65] c.bnez  a2, pc - 8
C0:       3214 [1] pc=[000000008000078e] W[r 0=0000000000000000][0] R[r 6=00000000800023f5] R[r11=0000000000000000] inst=[00b30023] sb      a1, 0(t1)
C0:       3215 [1] pc=[0000000080000792] W[r12=000000000000025a][1] R[r12=000000000000025b] R[r 0=0000000000000000] inst=[0000167d] c.addi  a2, -1
C0:       3216 [1] pc=[0000000080000794] W[r 6=00000000800023f6][1] R[r 6=00000000800023f5] R[r 0=0000000000000000] inst=[00000305] c.addi  t1, 1
C0:       3217 [1] pc=[0000000080000796] W[r 0=0000000000000000][0] R[r12=000000000000025a] R[r 0=0000000000000000] inst=[0000fe65] c.bnez  a2, pc - 8
C0:       3218 [1] pc=[000000008000078e] W[r 0=0000000000000000][0] R[r 6=00000000800023f6] R[r11=0000000000000000] inst=[00b30023] sb      a1, 0(t1)
C0:       3219 [1] pc=[0000000080000792] W[r12=0000000000000259][1] R[r12=000000000000025a] R[r 0=0000000000000000] inst=[0000167d] c.addi  a2, -1
C0:       3220 [1] pc=[0000000080000794] W[r 6=00000000800023f7][1] R[r 6=00000000800023f6] R[r 0=0000000000000000] inst=[00000305] c.addi  t1, 1
C0:       3221 [1] pc=[0000000080000796] W[r 0=0000000000000000][0] R[r12=0000000000000259] R[r 0=0000000000000000] inst=[0000fe65] c.bnez  a2, pc - 8
C0:       3222 [1] pc=[000000008000078e] W[r 0=0000000000000000][0] R[r 6=00000000800023f7] R[r11=0000000000000000] inst=[00b30023] sb      a1, 0(t1)
C0:       3223 [1] pc=[0000000080000792] W[r12=0000000000000258][1] R[r12=0000000000000259] R[r 0=0000000000000000] inst=[0000167d] c.addi  a2, -1
C0:       3224 [1] pc=[0000000080000794] W[r 6=00000000800023f8][1] R[r 6=00000000800023f7] R[r 0=0000000000000000] inst=[00000305] c.addi  t1, 1
C0:       3225 [1] pc=[0000000080000796] W[r 0=0000000000000000][0] R[r12=0000000000000258] R[r 0=0000000000000000] inst=[0000fe65] c.bnez  a2, pc - 8
C0:       3226 [1] pc=[000000008000078e] W[r 0=0000000000000000][0] R[r 6=00000000800023f8] R[r11=0000000000000000] inst=[00b30023] sb      a1, 0(t1)
C0:       3227 [1] pc=[0000000080000792] W[r12=0000000000000257][1] R[r12=0000000000000258] R[r 0=0000000000000000] inst=[0000167d] c.addi  a2, -1
C0:       3228 [1] pc=[0000000080000794] W[r 6=00000000800023f9][1] R[r 6=00000000800023f8] R[r 0=0000000000000000] inst=[00000305] c.addi  t1, 1
C0:       3229 [1] pc=[0000000080000796] W[r 0=0000000000000000][0] R[r12=0000000000000257] R[r 0=0000000000000000] inst=[0000fe65] c.bnez  a2, pc - 8
C0:       3230 [1] pc=[000000008000078e] W[r 0=0000000000000000][0] R[r 6=00000000800023f9] R[r11=0000000000000000] inst=[00b30023] sb      a1, 0(t1)
C0:       3231 [1] pc=[0000000080000792] W[r12=0000000000000256][1] R[r12=0000000000000257] R[r 0=0000000000000000] inst=[0000167d] c.addi  a2, -1
C0:       3232 [1] pc=[0000000080000794] W[r 6=00000000800023fa][1] R[r 6=00000000800023f9] R[r 0=0000000000000000] inst=[00000305] c.addi  t1, 1
C0:       3233 [1] pc=[0000000080000796] W[r 0=0000000000000000][0] R[r12=0000000000000256] R[r 0=0000000000000000] inst=[0000fe65] c.bnez  a2, pc - 8
C0:       3234 [1] pc=[000000008000078e] W[r 0=0000000000000000][0] R[r 6=00000000800023fa] R[r11=0000000000000000] inst=[00b30023] sb      a1, 0(t1)
C0:       3235 [1] pc=[0000000080000792] W[r12=0000000000000255][1] R[r12=0000000000000256] R[r 0=0000000000000000] inst=[0000167d] c.addi  a2, -1
C0:       3236 [1] pc=[0000000080000794] W[r 6=00000000800023fb][1] R[r 6=00000000800023fa] R[r 0=0000000000000000] inst=[00000305] c.addi  t1, 1
C0:       3237 [1] pc=[0000000080000796] W[r 0=0000000000000000][0] R[r12=0000000000000255] R[r 0=0000000000000000] inst=[0000fe65] c.bnez  a2, pc - 8
C0:       3238 [1] pc=[000000008000078e] W[r 0=0000000000000000][0] R[r 6=00000000800023fb] R[r11=0000000000000000] inst=[00b30023] sb      a1, 0(t1)
C0:       3239 [1] pc=[0000000080000792] W[r12=0000000000000254][1] R[r12=0000000000000255] R[r 0=0000000000000000] inst=[0000167d] c.addi  a2, -1
C0:       3240 [1] pc=[0000000080000794] W[r 6=00000000800023fc][1] R[r 6=00000000800023fb] R[r 0=0000000000000000] inst=[00000305] c.addi  t1, 1
C0:       3241 [1] pc=[0000000080000796] W[r 0=0000000000000000][0] R[r12=0000000000000254] R[r 0=0000000000000000] inst=[0000fe65] c.bnez  a2, pc - 8
C0:       3242 [1] pc=[000000008000078e] W[r 0=0000000000000000][0] R[r 6=00000000800023fc] R[r11=0000000000000000] inst=[00b30023] sb      a1, 0(t1)
C0:       3243 [1] pc=[0000000080000792] W[r12=0000000000000253][1] R[r12=0000000000000254] R[r 0=0000000000000000] inst=[0000167d] c.addi  a2, -1
C0:       3244 [1] pc=[0000000080000794] W[r 6=00000000800023fd][1] R[r 6=00000000800023fc] R[r 0=0000000000000000] inst=[00000305] c.addi  t1, 1
C0:       3245 [1] pc=[0000000080000796] W[r 0=0000000000000000][0] R[r12=0000000000000253] R[r 0=0000000000000000] inst=[0000fe65] c.bnez  a2, pc - 8
C0:       3246 [1] pc=[000000008000078e] W[r 0=0000000000000000][0] R[r 6=00000000800023fd] R[r11=0000000000000000] inst=[00b30023] sb      a1, 0(t1)
C0:       3247 [1] pc=[0000000080000792] W[r12=0000000000000252][1] R[r12=0000000000000253] R[r 0=0000000000000000] inst=[0000167d] c.addi  a2, -1
C0:       3248 [1] pc=[0000000080000794] W[r 6=00000000800023fe][1] R[r 6=00000000800023fd] R[r 0=0000000000000000] inst=[00000305] c.addi  t1, 1
C0:       3249 [1] pc=[0000000080000796] W[r 0=0000000000000000][0] R[r12=0000000000000252] R[r 0=0000000000000000] inst=[0000fe65] c.bnez  a2, pc - 8
C0:       3250 [1] pc=[000000008000078e] W[r 0=0000000000000000][0] R[r 6=00000000800023fe] R[r11=0000000000000000] inst=[00b30023] sb      a1, 0(t1)
C0:       3251 [1] pc=[0000000080000792] W[r12=0000000000000251][1] R[r12=0000000000000252] R[r 0=0000000000000000] inst=[0000167d] c.addi  a2, -1
C0:       3252 [1] pc=[0000000080000794] W[r 6=00000000800023ff][1] R[r 6=00000000800023fe] R[r 0=0000000000000000] inst=[00000305] c.addi  t1, 1
C0:       3253 [1] pc=[0000000080000796] W[r 0=0000000000000000][0] R[r12=0000000000000251] R[r 0=0000000000000000] inst=[0000fe65] c.bnez  a2, pc - 8
C0:       3254 [1] pc=[000000008000078e] W[r 0=0000000000000000][0] R[r 6=00000000800023ff] R[r11=0000000000000000] inst=[00b30023] sb      a1, 0(t1)
C0:       3255 [1] pc=[0000000080000792] W[r12=0000000000000250][1] R[r12=0000000000000251] R[r 0=0000000000000000] inst=[0000167d] c.addi  a2, -1
C0:       3256 [1] pc=[0000000080000794] W[r 6=0000000080002400][1] R[r 6=00000000800023ff] R[r 0=0000000000000000] inst=[00000305] c.addi  t1, 1
C0:       3257 [1] pc=[0000000080000796] W[r 0=0000000000000000][0] R[r12=0000000000000250] R[r 0=0000000000000000] inst=[0000fe65] c.bnez  a2, pc - 8
C0:       3284 [1] pc=[000000008000078e] W[r 0=0000000000000000][0] R[r 6=0000000080002400] R[r11=0000000000000000] inst=[00b30023] sb      a1, 0(t1)
C0:       3285 [1] pc=[0000000080000792] W[r12=000000000000024f][1] R[r12=0000000000000250] R[r 0=0000000000000000] inst=[0000167d] c.addi  a2, -1
C0:       3286 [1] pc=[0000000080000794] W[r 6=0000000080002401][1] R[r 6=0000000080002400] R[r 0=0000000000000000] inst=[00000305] c.addi  t1, 1
C0:       3287 [1] pc=[0000000080000796] W[r 0=0000000000000000][0] R[r12=000000000000024f] R[r 0=0000000000000000] inst=[0000fe65] c.bnez  a2, pc - 8
C0:       3288 [1] pc=[000000008000078e] W[r 0=0000000000000000][0] R[r 6=0000000080002401] R[r11=0000000000000000] inst=[00b30023] sb      a1, 0(t1)
C0:       3289 [1] pc=[0000000080000792] W[r12=000000000000024e][1] R[r12=000000000000024f] R[r 0=0000000000000000] inst=[0000167d] c.addi  a2, -1
C0:       3290 [1] pc=[0000000080000794] W[r 6=0000000080002402][1] R[r 6=0000000080002401] R[r 0=0000000000000000] inst=[00000305] c.addi  t1, 1
C0:       3291 [1] pc=[0000000080000796] W[r 0=0000000000000000][0] R[r12=000000000000024e] R[r 0=0000000000000000] inst=[0000fe65] c.bnez  a2, pc - 8
C0:       3292 [1] pc=[000000008000078e] W[r 0=0000000000000000][0] R[r 6=0000000080002402] R[r11=0000000000000000] inst=[00b30023] sb      a1, 0(t1)
C0:       3293 [1] pc=[0000000080000792] W[r12=000000000000024d][1] R[r12=000000000000024e] R[r 0=0000000000000000] inst=[0000167d] c.addi  a2, -1
C0:       3294 [1] pc=[0000000080000794] W[r 6=0000000080002403][1] R[r 6=0000000080002402] R[r 0=0000000000000000] inst=[00000305] c.addi  t1, 1
C0:       3295 [1] pc=[0000000080000796] W[r 0=0000000000000000][0] R[r12=000000000000024d] R[r 0=0000000000000000] inst=[0000fe65] c.bnez  a2, pc - 8
C0:       3296 [1] pc=[000000008000078e] W[r 0=0000000000000000][0] R[r 6=0000000080002403] R[r11=0000000000000000] inst=[00b30023] sb      a1, 0(t1)
C0:       3297 [1] pc=[0000000080000792] W[r12=000000000000024c][1] R[r12=000000000000024d] R[r 0=0000000000000000] inst=[0000167d] c.addi  a2, -1
C0:       3298 [1] pc=[0000000080000794] W[r 6=0000000080002404][1] R[r 6=0000000080002403] R[r 0=0000000000000000] inst=[00000305] c.addi  t1, 1
C0:       3299 [1] pc=[0000000080000796] W[r 0=0000000000000000][0] R[r12=000000000000024c] R[r 0=0000000000000000] inst=[0000fe65] c.bnez  a2, pc - 8
C0:       3300 [1] pc=[000000008000078e] W[r 0=0000000000000000][0] R[r 6=0000000080002404] R[r11=0000000000000000] inst=[00b30023] sb      a1, 0(t1)
C0:       3301 [1] pc=[0000000080000792] W[r12=000000000000024b][1] R[r12=000000000000024c] R[r 0=0000000000000000] inst=[0000167d] c.addi  a2, -1
C0:       3302 [1] pc=[0000000080000794] W[r 6=0000000080002405][1] R[r 6=0000000080002404] R[r 0=0000000000000000] inst=[00000305] c.addi  t1, 1
C0:       3303 [1] pc=[0000000080000796] W[r 0=0000000000000000][0] R[r12=000000000000024b] R[r 0=0000000000000000] inst=[0000fe65] c.bnez  a2, pc - 8
C0:       3304 [1] pc=[000000008000078e] W[r 0=0000000000000000][0] R[r 6=0000000080002405] R[r11=0000000000000000] inst=[00b30023] sb      a1, 0(t1)
C0:       3305 [1] pc=[0000000080000792] W[r12=000000000000024a][1] R[r12=000000000000024b] R[r 0=0000000000000000] inst=[0000167d] c.addi  a2, -1
C0:       3306 [1] pc=[0000000080000794] W[r 6=0000000080002406][1] R[r 6=0000000080002405] R[r 0=0000000000000000] inst=[00000305] c.addi  t1, 1
C0:       3307 [1] pc=[0000000080000796] W[r 0=0000000000000000][0] R[r12=000000000000024a] R[r 0=0000000000000000] inst=[0000fe65] c.bnez  a2, pc - 8
C0:       3308 [1] pc=[000000008000078e] W[r 0=0000000000000000][0] R[r 6=0000000080002406] R[r11=0000000000000000] inst=[00b30023] sb      a1, 0(t1)
C0:       3309 [1] pc=[0000000080000792] W[r12=0000000000000249][1] R[r12=000000000000024a] R[r 0=0000000000000000] inst=[0000167d] c.addi  a2, -1
C0:       3310 [1] pc=[0000000080000794] W[r 6=0000000080002407][1] R[r 6=0000000080002406] R[r 0=0000000000000000] inst=[00000305] c.addi  t1, 1
C0:       3311 [1] pc=[0000000080000796] W[r 0=0000000000000000][0] R[r12=0000000000000249] R[r 0=0000000000000000] inst=[0000fe65] c.bnez  a2, pc - 8
C0:       3312 [1] pc=[000000008000078e] W[r 0=0000000000000000][0] R[r 6=0000000080002407] R[r11=0000000000000000] inst=[00b30023] sb      a1, 0(t1)
C0:       3313 [1] pc=[0000000080000792] W[r12=0000000000000248][1] R[r12=0000000000000249] R[r 0=0000000000000000] inst=[0000167d] c.addi  a2, -1
C0:       3314 [1] pc=[0000000080000794] W[r 6=0000000080002408][1] R[r 6=0000000080002407] R[r 0=0000000000000000] inst=[00000305] c.addi  t1, 1
C0:       3315 [1] pc=[0000000080000796] W[r 0=0000000000000000][0] R[r12=0000000000000248] R[r 0=0000000000000000] inst=[0000fe65] c.bnez  a2, pc - 8
C0:       3316 [1] pc=[000000008000078e] W[r 0=0000000000000000][0] R[r 6=0000000080002408] R[r11=0000000000000000] inst=[00b30023] sb      a1, 0(t1)
C0:       3317 [1] pc=[0000000080000792] W[r12=0000000000000247][1] R[r12=0000000000000248] R[r 0=0000000000000000] inst=[0000167d] c.addi  a2, -1
C0:       3318 [1] pc=[0000000080000794] W[r 6=0000000080002409][1] R[r 6=0000000080002408] R[r 0=0000000000000000] inst=[00000305] c.addi  t1, 1
C0:       3319 [1] pc=[0000000080000796] W[r 0=0000000000000000][0] R[r12=0000000000000247] R[r 0=0000000000000000] inst=[0000fe65] c.bnez  a2, pc - 8
C0:       3320 [1] pc=[000000008000078e] W[r 0=0000000000000000][0] R[r 6=0000000080002409] R[r11=0000000000000000] inst=[00b30023] sb      a1, 0(t1)
C0:       3321 [1] pc=[0000000080000792] W[r12=0000000000000246][1] R[r12=0000000000000247] R[r 0=0000000000000000] inst=[0000167d] c.addi  a2, -1
C0:       3322 [1] pc=[0000000080000794] W[r 6=000000008000240a][1] R[r 6=0000000080002409] R[r 0=0000000000000000] inst=[00000305] c.addi  t1, 1
C0:       3323 [1] pc=[0000000080000796] W[r 0=0000000000000000][0] R[r12=0000000000000246] R[r 0=0000000000000000] inst=[0000fe65] c.bnez  a2, pc - 8
C0:       3324 [1] pc=[000000008000078e] W[r 0=0000000000000000][0] R[r 6=000000008000240a] R[r11=0000000000000000] inst=[00b30023] sb      a1, 0(t1)
C0:       3325 [1] pc=[0000000080000792] W[r12=0000000000000245][1] R[r12=0000000000000246] R[r 0=0000000000000000] inst=[0000167d] c.addi  a2, -1
C0:       3326 [1] pc=[0000000080000794] W[r 6=000000008000240b][1] R[r 6=000000008000240a] R[r 0=0000000000000000] inst=[00000305] c.addi  t1, 1
C0:       3327 [1] pc=[0000000080000796] W[r 0=0000000000000000][0] R[r12=0000000000000245] R[r 0=0000000000000000] inst=[0000fe65] c.bnez  a2, pc - 8
C0:       3328 [1] pc=[000000008000078e] W[r 0=0000000000000000][0] R[r 6=000000008000240b] R[r11=0000000000000000] inst=[00b30023] sb      a1, 0(t1)
C0:       3329 [1] pc=[0000000080000792] W[r12=0000000000000244][1] R[r12=0000000000000245] R[r 0=0000000000000000] inst=[0000167d] c.addi  a2, -1
C0:       3330 [1] pc=[0000000080000794] W[r 6=000000008000240c][1] R[r 6=000000008000240b] R[r 0=0000000000000000] inst=[00000305] c.addi  t1, 1
C0:       3331 [1] pc=[0000000080000796] W[r 0=0000000000000000][0] R[r12=0000000000000244] R[r 0=0000000000000000] inst=[0000fe65] c.bnez  a2, pc - 8
C0:       3332 [1] pc=[000000008000078e] W[r 0=0000000000000000][0] R[r 6=000000008000240c] R[r11=0000000000000000] inst=[00b30023] sb      a1, 0(t1)
C0:       3333 [1] pc=[0000000080000792] W[r12=0000000000000243][1] R[r12=0000000000000244] R[r 0=0000000000000000] inst=[0000167d] c.addi  a2, -1
C0:       3334 [1] pc=[0000000080000794] W[r 6=000000008000240d][1] R[r 6=000000008000240c] R[r 0=0000000000000000] inst=[00000305] c.addi  t1, 1
C0:       3335 [1] pc=[0000000080000796] W[r 0=0000000000000000][0] R[r12=0000000000000243] R[r 0=0000000000000000] inst=[0000fe65] c.bnez  a2, pc - 8
C0:       3336 [1] pc=[000000008000078e] W[r 0=0000000000000000][0] R[r 6=000000008000240d] R[r11=0000000000000000] inst=[00b30023] sb      a1, 0(t1)
C0:       3337 [1] pc=[0000000080000792] W[r12=0000000000000242][1] R[r12=0000000000000243] R[r 0=0000000000000000] inst=[0000167d] c.addi  a2, -1
C0:       3338 [1] pc=[0000000080000794] W[r 6=000000008000240e][1] R[r 6=000000008000240d] R[r 0=0000000000000000] inst=[00000305] c.addi  t1, 1
C0:       3339 [1] pc=[0000000080000796] W[r 0=0000000000000000][0] R[r12=0000000000000242] R[r 0=0000000000000000] inst=[0000fe65] c.bnez  a2, pc - 8
C0:       3340 [1] pc=[000000008000078e] W[r 0=0000000000000000][0] R[r 6=000000008000240e] R[r11=0000000000000000] inst=[00b30023] sb      a1, 0(t1)
C0:       3341 [1] pc=[0000000080000792] W[r12=0000000000000241][1] R[r12=0000000000000242] R[r 0=0000000000000000] inst=[0000167d] c.addi  a2, -1
C0:       3342 [1] pc=[0000000080000794] W[r 6=000000008000240f][1] R[r 6=000000008000240e] R[r 0=0000000000000000] inst=[00000305] c.addi  t1, 1
C0:       3343 [1] pc=[0000000080000796] W[r 0=0000000000000000][0] R[r12=0000000000000241] R[r 0=0000000000000000] inst=[0000fe65] c.bnez  a2, pc - 8
C0:       3344 [1] pc=[000000008000078e] W[r 0=0000000000000000][0] R[r 6=000000008000240f] R[r11=0000000000000000] inst=[00b30023] sb      a1, 0(t1)
C0:       3345 [1] pc=[0000000080000792] W[r12=0000000000000240][1] R[r12=0000000000000241] R[r 0=0000000000000000] inst=[0000167d] c.addi  a2, -1
C0:       3346 [1] pc=[0000000080000794] W[r 6=0000000080002410][1] R[r 6=000000008000240f] R[r 0=0000000000000000] inst=[00000305] c.addi  t1, 1
C0:       3347 [1] pc=[0000000080000796] W[r 0=0000000000000000][0] R[r12=0000000000000240] R[r 0=0000000000000000] inst=[0000fe65] c.bnez  a2, pc - 8
C0:       3348 [1] pc=[000000008000078e] W[r 0=0000000000000000][0] R[r 6=0000000080002410] R[r11=0000000000000000] inst=[00b30023] sb      a1, 0(t1)
C0:       3349 [1] pc=[0000000080000792] W[r12=000000000000023f][1] R[r12=0000000000000240] R[r 0=0000000000000000] inst=[0000167d] c.addi  a2, -1
C0:       3350 [1] pc=[0000000080000794] W[r 6=0000000080002411][1] R[r 6=0000000080002410] R[r 0=0000000000000000] inst=[00000305] c.addi  t1, 1
C0:       3351 [1] pc=[0000000080000796] W[r 0=0000000000000000][0] R[r12=000000000000023f] R[r 0=0000000000000000] inst=[0000fe65] c.bnez  a2, pc - 8
C0:       3352 [1] pc=[000000008000078e] W[r 0=0000000000000000][0] R[r 6=0000000080002411] R[r11=0000000000000000] inst=[00b30023] sb      a1, 0(t1)
C0:       3353 [1] pc=[0000000080000792] W[r12=000000000000023e][1] R[r12=000000000000023f] R[r 0=0000000000000000] inst=[0000167d] c.addi  a2, -1
C0:       3354 [1] pc=[0000000080000794] W[r 6=0000000080002412][1] R[r 6=0000000080002411] R[r 0=0000000000000000] inst=[00000305] c.addi  t1, 1
C0:       3355 [1] pc=[0000000080000796] W[r 0=0000000000000000][0] R[r12=000000000000023e] R[r 0=0000000000000000] inst=[0000fe65] c.bnez  a2, pc - 8
C0:       3356 [1] pc=[000000008000078e] W[r 0=0000000000000000][0] R[r 6=0000000080002412] R[r11=0000000000000000] inst=[00b30023] sb      a1, 0(t1)
C0:       3357 [1] pc=[0000000080000792] W[r12=000000000000023d][1] R[r12=000000000000023e] R[r 0=0000000000000000] inst=[0000167d] c.addi  a2, -1
C0:       3358 [1] pc=[0000000080000794] W[r 6=0000000080002413][1] R[r 6=0000000080002412] R[r 0=0000000000000000] inst=[00000305] c.addi  t1, 1
C0:       3359 [1] pc=[0000000080000796] W[r 0=0000000000000000][0] R[r12=000000000000023d] R[r 0=0000000000000000] inst=[0000fe65] c.bnez  a2, pc - 8
C0:       3360 [1] pc=[000000008000078e] W[r 0=0000000000000000][0] R[r 6=0000000080002413] R[r11=0000000000000000] inst=[00b30023] sb      a1, 0(t1)
C0:       3361 [1] pc=[0000000080000792] W[r12=000000000000023c][1] R[r12=000000000000023d] R[r 0=0000000000000000] inst=[0000167d] c.addi  a2, -1
C0:       3362 [1] pc=[0000000080000794] W[r 6=0000000080002414][1] R[r 6=0000000080002413] R[r 0=0000000000000000] inst=[00000305] c.addi  t1, 1
C0:       3363 [1] pc=[0000000080000796] W[r 0=0000000000000000][0] R[r12=000000000000023c] R[r 0=0000000000000000] inst=[0000fe65] c.bnez  a2, pc - 8
C0:       3364 [1] pc=[000000008000078e] W[r 0=0000000000000000][0] R[r 6=0000000080002414] R[r11=0000000000000000] inst=[00b30023] sb      a1, 0(t1)
C0:       3365 [1] pc=[0000000080000792] W[r12=000000000000023b][1] R[r12=000000000000023c] R[r 0=0000000000000000] inst=[0000167d] c.addi  a2, -1
C0:       3366 [1] pc=[0000000080000794] W[r 6=0000000080002415][1] R[r 6=0000000080002414] R[r 0=0000000000000000] inst=[00000305] c.addi  t1, 1
C0:       3367 [1] pc=[0000000080000796] W[r 0=0000000000000000][0] R[r12=000000000000023b] R[r 0=0000000000000000] inst=[0000fe65] c.bnez  a2, pc - 8
C0:       3368 [1] pc=[000000008000078e] W[r 0=0000000000000000][0] R[r 6=0000000080002415] R[r11=0000000000000000] inst=[00b30023] sb      a1, 0(t1)
C0:       3369 [1] pc=[0000000080000792] W[r12=000000000000023a][1] R[r12=000000000000023b] R[r 0=0000000000000000] inst=[0000167d] c.addi  a2, -1
C0:       3370 [1] pc=[0000000080000794] W[r 6=0000000080002416][1] R[r 6=0000000080002415] R[r 0=0000000000000000] inst=[00000305] c.addi  t1, 1
C0:       3371 [1] pc=[0000000080000796] W[r 0=0000000000000000][0] R[r12=000000000000023a] R[r 0=0000000000000000] inst=[0000fe65] c.bnez  a2, pc - 8
C0:       3372 [1] pc=[000000008000078e] W[r 0=0000000000000000][0] R[r 6=0000000080002416] R[r11=0000000000000000] inst=[00b30023] sb      a1, 0(t1)
C0:       3373 [1] pc=[0000000080000792] W[r12=0000000000000239][1] R[r12=000000000000023a] R[r 0=0000000000000000] inst=[0000167d] c.addi  a2, -1
C0:       3374 [1] pc=[0000000080000794] W[r 6=0000000080002417][1] R[r 6=0000000080002416] R[r 0=0000000000000000] inst=[00000305] c.addi  t1, 1
C0:       3375 [1] pc=[0000000080000796] W[r 0=0000000000000000][0] R[r12=0000000000000239] R[r 0=0000000000000000] inst=[0000fe65] c.bnez  a2, pc - 8
C0:       3376 [1] pc=[000000008000078e] W[r 0=0000000000000000][0] R[r 6=0000000080002417] R[r11=0000000000000000] inst=[00b30023] sb      a1, 0(t1)
C0:       3377 [1] pc=[0000000080000792] W[r12=0000000000000238][1] R[r12=0000000000000239] R[r 0=0000000000000000] inst=[0000167d] c.addi  a2, -1
C0:       3378 [1] pc=[0000000080000794] W[r 6=0000000080002418][1] R[r 6=0000000080002417] R[r 0=0000000000000000] inst=[00000305] c.addi  t1, 1
C0:       3379 [1] pc=[0000000080000796] W[r 0=0000000000000000][0] R[r12=0000000000000238] R[r 0=0000000000000000] inst=[0000fe65] c.bnez  a2, pc - 8
C0:       3380 [1] pc=[000000008000078e] W[r 0=0000000000000000][0] R[r 6=0000000080002418] R[r11=0000000000000000] inst=[00b30023] sb      a1, 0(t1)
C0:       3381 [1] pc=[0000000080000792] W[r12=0000000000000237][1] R[r12=0000000000000238] R[r 0=0000000000000000] inst=[0000167d] c.addi  a2, -1
C0:       3382 [1] pc=[0000000080000794] W[r 6=0000000080002419][1] R[r 6=0000000080002418] R[r 0=0000000000000000] inst=[00000305] c.addi  t1, 1
C0:       3383 [1] pc=[0000000080000796] W[r 0=0000000000000000][0] R[r12=0000000000000237] R[r 0=0000000000000000] inst=[0000fe65] c.bnez  a2, pc - 8
C0:       3384 [1] pc=[000000008000078e] W[r 0=0000000000000000][0] R[r 6=0000000080002419] R[r11=0000000000000000] inst=[00b30023] sb      a1, 0(t1)
C0:       3385 [1] pc=[0000000080000792] W[r12=0000000000000236][1] R[r12=0000000000000237] R[r 0=0000000000000000] inst=[0000167d] c.addi  a2, -1
C0:       3386 [1] pc=[0000000080000794] W[r 6=000000008000241a][1] R[r 6=0000000080002419] R[r 0=0000000000000000] inst=[00000305] c.addi  t1, 1
C0:       3387 [1] pc=[0000000080000796] W[r 0=0000000000000000][0] R[r12=0000000000000236] R[r 0=0000000000000000] inst=[0000fe65] c.bnez  a2, pc - 8
C0:       3388 [1] pc=[000000008000078e] W[r 0=0000000000000000][0] R[r 6=000000008000241a] R[r11=0000000000000000] inst=[00b30023] sb      a1, 0(t1)
C0:       3389 [1] pc=[0000000080000792] W[r12=0000000000000235][1] R[r12=0000000000000236] R[r 0=0000000000000000] inst=[0000167d] c.addi  a2, -1
C0:       3390 [1] pc=[0000000080000794] W[r 6=000000008000241b][1] R[r 6=000000008000241a] R[r 0=0000000000000000] inst=[00000305] c.addi  t1, 1
C0:       3391 [1] pc=[0000000080000796] W[r 0=0000000000000000][0] R[r12=0000000000000235] R[r 0=0000000000000000] inst=[0000fe65] c.bnez  a2, pc - 8
C0:       3392 [1] pc=[000000008000078e] W[r 0=0000000000000000][0] R[r 6=000000008000241b] R[r11=0000000000000000] inst=[00b30023] sb      a1, 0(t1)
C0:       3393 [1] pc=[0000000080000792] W[r12=0000000000000234][1] R[r12=0000000000000235] R[r 0=0000000000000000] inst=[0000167d] c.addi  a2, -1
C0:       3394 [1] pc=[0000000080000794] W[r 6=000000008000241c][1] R[r 6=000000008000241b] R[r 0=0000000000000000] inst=[00000305] c.addi  t1, 1
C0:       3395 [1] pc=[0000000080000796] W[r 0=0000000000000000][0] R[r12=0000000000000234] R[r 0=0000000000000000] inst=[0000fe65] c.bnez  a2, pc - 8
C0:       3396 [1] pc=[000000008000078e] W[r 0=0000000000000000][0] R[r 6=000000008000241c] R[r11=0000000000000000] inst=[00b30023] sb      a1, 0(t1)
C0:       3397 [1] pc=[0000000080000792] W[r12=0000000000000233][1] R[r12=0000000000000234] R[r 0=0000000000000000] inst=[0000167d] c.addi  a2, -1
C0:       3398 [1] pc=[0000000080000794] W[r 6=000000008000241d][1] R[r 6=000000008000241c] R[r 0=0000000000000000] inst=[00000305] c.addi  t1, 1
C0:       3399 [1] pc=[0000000080000796] W[r 0=0000000000000000][0] R[r12=0000000000000233] R[r 0=0000000000000000] inst=[0000fe65] c.bnez  a2, pc - 8
C0:       3400 [1] pc=[000000008000078e] W[r 0=0000000000000000][0] R[r 6=000000008000241d] R[r11=0000000000000000] inst=[00b30023] sb      a1, 0(t1)
C0:       3401 [1] pc=[0000000080000792] W[r12=0000000000000232][1] R[r12=0000000000000233] R[r 0=0000000000000000] inst=[0000167d] c.addi  a2, -1
C0:       3402 [1] pc=[0000000080000794] W[r 6=000000008000241e][1] R[r 6=000000008000241d] R[r 0=0000000000000000] inst=[00000305] c.addi  t1, 1
C0:       3403 [1] pc=[0000000080000796] W[r 0=0000000000000000][0] R[r12=0000000000000232] R[r 0=0000000000000000] inst=[0000fe65] c.bnez  a2, pc - 8
C0:       3404 [1] pc=[000000008000078e] W[r 0=0000000000000000][0] R[r 6=000000008000241e] R[r11=0000000000000000] inst=[00b30023] sb      a1, 0(t1)
C0:       3405 [1] pc=[0000000080000792] W[r12=0000000000000231][1] R[r12=0000000000000232] R[r 0=0000000000000000] inst=[0000167d] c.addi  a2, -1
C0:       3406 [1] pc=[0000000080000794] W[r 6=000000008000241f][1] R[r 6=000000008000241e] R[r 0=0000000000000000] inst=[00000305] c.addi  t1, 1
C0:       3407 [1] pc=[0000000080000796] W[r 0=0000000000000000][0] R[r12=0000000000000231] R[r 0=0000000000000000] inst=[0000fe65] c.bnez  a2, pc - 8
C0:       3408 [1] pc=[000000008000078e] W[r 0=0000000000000000][0] R[r 6=000000008000241f] R[r11=0000000000000000] inst=[00b30023] sb      a1, 0(t1)
C0:       3409 [1] pc=[0000000080000792] W[r12=0000000000000230][1] R[r12=0000000000000231] R[r 0=0000000000000000] inst=[0000167d] c.addi  a2, -1
C0:       3410 [1] pc=[0000000080000794] W[r 6=0000000080002420][1] R[r 6=000000008000241f] R[r 0=0000000000000000] inst=[00000305] c.addi  t1, 1
C0:       3411 [1] pc=[0000000080000796] W[r 0=0000000000000000][0] R[r12=0000000000000230] R[r 0=0000000000000000] inst=[0000fe65] c.bnez  a2, pc - 8
C0:       3412 [1] pc=[000000008000078e] W[r 0=0000000000000000][0] R[r 6=0000000080002420] R[r11=0000000000000000] inst=[00b30023] sb      a1, 0(t1)
C0:       3413 [1] pc=[0000000080000792] W[r12=000000000000022f][1] R[r12=0000000000000230] R[r 0=0000000000000000] inst=[0000167d] c.addi  a2, -1
C0:       3414 [1] pc=[0000000080000794] W[r 6=0000000080002421][1] R[r 6=0000000080002420] R[r 0=0000000000000000] inst=[00000305] c.addi  t1, 1
C0:       3415 [1] pc=[0000000080000796] W[r 0=0000000000000000][0] R[r12=000000000000022f] R[r 0=0000000000000000] inst=[0000fe65] c.bnez  a2, pc - 8
C0:       3416 [1] pc=[000000008000078e] W[r 0=0000000000000000][0] R[r 6=0000000080002421] R[r11=0000000000000000] inst=[00b30023] sb      a1, 0(t1)
C0:       3417 [1] pc=[0000000080000792] W[r12=000000000000022e][1] R[r12=000000000000022f] R[r 0=0000000000000000] inst=[0000167d] c.addi  a2, -1
C0:       3418 [1] pc=[0000000080000794] W[r 6=0000000080002422][1] R[r 6=0000000080002421] R[r 0=0000000000000000] inst=[00000305] c.addi  t1, 1
C0:       3419 [1] pc=[0000000080000796] W[r 0=0000000000000000][0] R[r12=000000000000022e] R[r 0=0000000000000000] inst=[0000fe65] c.bnez  a2, pc - 8
C0:       3420 [1] pc=[000000008000078e] W[r 0=0000000000000000][0] R[r 6=0000000080002422] R[r11=0000000000000000] inst=[00b30023] sb      a1, 0(t1)
C0:       3421 [1] pc=[0000000080000792] W[r12=000000000000022d][1] R[r12=000000000000022e] R[r 0=0000000000000000] inst=[0000167d] c.addi  a2, -1
C0:       3422 [1] pc=[0000000080000794] W[r 6=0000000080002423][1] R[r 6=0000000080002422] R[r 0=0000000000000000] inst=[00000305] c.addi  t1, 1
C0:       3423 [1] pc=[0000000080000796] W[r 0=0000000000000000][0] R[r12=000000000000022d] R[r 0=0000000000000000] inst=[0000fe65] c.bnez  a2, pc - 8
C0:       3424 [1] pc=[000000008000078e] W[r 0=0000000000000000][0] R[r 6=0000000080002423] R[r11=0000000000000000] inst=[00b30023] sb      a1, 0(t1)
C0:       3425 [1] pc=[0000000080000792] W[r12=000000000000022c][1] R[r12=000000000000022d] R[r 0=0000000000000000] inst=[0000167d] c.addi  a2, -1
C0:       3426 [1] pc=[0000000080000794] W[r 6=0000000080002424][1] R[r 6=0000000080002423] R[r 0=0000000000000000] inst=[00000305] c.addi  t1, 1
C0:       3427 [1] pc=[0000000080000796] W[r 0=0000000000000000][0] R[r12=000000000000022c] R[r 0=0000000000000000] inst=[0000fe65] c.bnez  a2, pc - 8
C0:       3428 [1] pc=[000000008000078e] W[r 0=0000000000000000][0] R[r 6=0000000080002424] R[r11=0000000000000000] inst=[00b30023] sb      a1, 0(t1)
C0:       3429 [1] pc=[0000000080000792] W[r12=000000000000022b][1] R[r12=000000000000022c] R[r 0=0000000000000000] inst=[0000167d] c.addi  a2, -1
C0:       3430 [1] pc=[0000000080000794] W[r 6=0000000080002425][1] R[r 6=0000000080002424] R[r 0=0000000000000000] inst=[00000305] c.addi  t1, 1
C0:       3431 [1] pc=[0000000080000796] W[r 0=0000000000000000][0] R[r12=000000000000022b] R[r 0=0000000000000000] inst=[0000fe65] c.bnez  a2, pc - 8
C0:       3432 [1] pc=[000000008000078e] W[r 0=0000000000000000][0] R[r 6=0000000080002425] R[r11=0000000000000000] inst=[00b30023] sb      a1, 0(t1)
C0:       3433 [1] pc=[0000000080000792] W[r12=000000000000022a][1] R[r12=000000000000022b] R[r 0=0000000000000000] inst=[0000167d] c.addi  a2, -1
C0:       3434 [1] pc=[0000000080000794] W[r 6=0000000080002426][1] R[r 6=0000000080002425] R[r 0=0000000000000000] inst=[00000305] c.addi  t1, 1
C0:       3435 [1] pc=[0000000080000796] W[r 0=0000000000000000][0] R[r12=000000000000022a] R[r 0=0000000000000000] inst=[0000fe65] c.bnez  a2, pc - 8
C0:       3436 [1] pc=[000000008000078e] W[r 0=0000000000000000][0] R[r 6=0000000080002426] R[r11=0000000000000000] inst=[00b30023] sb      a1, 0(t1)
C0:       3437 [1] pc=[0000000080000792] W[r12=0000000000000229][1] R[r12=000000000000022a] R[r 0=0000000000000000] inst=[0000167d] c.addi  a2, -1
C0:       3438 [1] pc=[0000000080000794] W[r 6=0000000080002427][1] R[r 6=0000000080002426] R[r 0=0000000000000000] inst=[00000305] c.addi  t1, 1
C0:       3439 [1] pc=[0000000080000796] W[r 0=0000000000000000][0] R[r12=0000000000000229] R[r 0=0000000000000000] inst=[0000fe65] c.bnez  a2, pc - 8
C0:       3440 [1] pc=[000000008000078e] W[r 0=0000000000000000][0] R[r 6=0000000080002427] R[r11=0000000000000000] inst=[00b30023] sb      a1, 0(t1)
C0:       3441 [1] pc=[0000000080000792] W[r12=0000000000000228][1] R[r12=0000000000000229] R[r 0=0000000000000000] inst=[0000167d] c.addi  a2, -1
C0:       3442 [1] pc=[0000000080000794] W[r 6=0000000080002428][1] R[r 6=0000000080002427] R[r 0=0000000000000000] inst=[00000305] c.addi  t1, 1
C0:       3443 [1] pc=[0000000080000796] W[r 0=0000000000000000][0] R[r12=0000000000000228] R[r 0=0000000000000000] inst=[0000fe65] c.bnez  a2, pc - 8
C0:       3444 [1] pc=[000000008000078e] W[r 0=0000000000000000][0] R[r 6=0000000080002428] R[r11=0000000000000000] inst=[00b30023] sb      a1, 0(t1)
C0:       3445 [1] pc=[0000000080000792] W[r12=0000000000000227][1] R[r12=0000000000000228] R[r 0=0000000000000000] inst=[0000167d] c.addi  a2, -1
C0:       3446 [1] pc=[0000000080000794] W[r 6=0000000080002429][1] R[r 6=0000000080002428] R[r 0=0000000000000000] inst=[00000305] c.addi  t1, 1
C0:       3447 [1] pc=[0000000080000796] W[r 0=0000000000000000][0] R[r12=0000000000000227] R[r 0=0000000000000000] inst=[0000fe65] c.bnez  a2, pc - 8
C0:       3448 [1] pc=[000000008000078e] W[r 0=0000000000000000][0] R[r 6=0000000080002429] R[r11=0000000000000000] inst=[00b30023] sb      a1, 0(t1)
C0:       3449 [1] pc=[0000000080000792] W[r12=0000000000000226][1] R[r12=0000000000000227] R[r 0=0000000000000000] inst=[0000167d] c.addi  a2, -1
C0:       3450 [1] pc=[0000000080000794] W[r 6=000000008000242a][1] R[r 6=0000000080002429] R[r 0=0000000000000000] inst=[00000305] c.addi  t1, 1
C0:       3451 [1] pc=[0000000080000796] W[r 0=0000000000000000][0] R[r12=0000000000000226] R[r 0=0000000000000000] inst=[0000fe65] c.bnez  a2, pc - 8
C0:       3452 [1] pc=[000000008000078e] W[r 0=0000000000000000][0] R[r 6=000000008000242a] R[r11=0000000000000000] inst=[00b30023] sb      a1, 0(t1)
C0:       3453 [1] pc=[0000000080000792] W[r12=0000000000000225][1] R[r12=0000000000000226] R[r 0=0000000000000000] inst=[0000167d] c.addi  a2, -1
C0:       3454 [1] pc=[0000000080000794] W[r 6=000000008000242b][1] R[r 6=000000008000242a] R[r 0=0000000000000000] inst=[00000305] c.addi  t1, 1
C0:       3455 [1] pc=[0000000080000796] W[r 0=0000000000000000][0] R[r12=0000000000000225] R[r 0=0000000000000000] inst=[0000fe65] c.bnez  a2, pc - 8
C0:       3456 [1] pc=[000000008000078e] W[r 0=0000000000000000][0] R[r 6=000000008000242b] R[r11=0000000000000000] inst=[00b30023] sb      a1, 0(t1)
C0:       3457 [1] pc=[0000000080000792] W[r12=0000000000000224][1] R[r12=0000000000000225] R[r 0=0000000000000000] inst=[0000167d] c.addi  a2, -1
C0:       3458 [1] pc=[0000000080000794] W[r 6=000000008000242c][1] R[r 6=000000008000242b] R[r 0=0000000000000000] inst=[00000305] c.addi  t1, 1
C0:       3459 [1] pc=[0000000080000796] W[r 0=0000000000000000][0] R[r12=0000000000000224] R[r 0=0000000000000000] inst=[0000fe65] c.bnez  a2, pc - 8
C0:       3460 [1] pc=[000000008000078e] W[r 0=0000000000000000][0] R[r 6=000000008000242c] R[r11=0000000000000000] inst=[00b30023] sb      a1, 0(t1)
C0:       3461 [1] pc=[0000000080000792] W[r12=0000000000000223][1] R[r12=0000000000000224] R[r 0=0000000000000000] inst=[0000167d] c.addi  a2, -1
C0:       3462 [1] pc=[0000000080000794] W[r 6=000000008000242d][1] R[r 6=000000008000242c] R[r 0=0000000000000000] inst=[00000305] c.addi  t1, 1
C0:       3463 [1] pc=[0000000080000796] W[r 0=0000000000000000][0] R[r12=0000000000000223] R[r 0=0000000000000000] inst=[0000fe65] c.bnez  a2, pc - 8
C0:       3464 [1] pc=[000000008000078e] W[r 0=0000000000000000][0] R[r 6=000000008000242d] R[r11=0000000000000000] inst=[00b30023] sb      a1, 0(t1)
C0:       3465 [1] pc=[0000000080000792] W[r12=0000000000000222][1] R[r12=0000000000000223] R[r 0=0000000000000000] inst=[0000167d] c.addi  a2, -1
C0:       3466 [1] pc=[0000000080000794] W[r 6=000000008000242e][1] R[r 6=000000008000242d] R[r 0=0000000000000000] inst=[00000305] c.addi  t1, 1
C0:       3467 [1] pc=[0000000080000796] W[r 0=0000000000000000][0] R[r12=0000000000000222] R[r 0=0000000000000000] inst=[0000fe65] c.bnez  a2, pc - 8
C0:       3468 [1] pc=[000000008000078e] W[r 0=0000000000000000][0] R[r 6=000000008000242e] R[r11=0000000000000000] inst=[00b30023] sb      a1, 0(t1)
C0:       3469 [1] pc=[0000000080000792] W[r12=0000000000000221][1] R[r12=0000000000000222] R[r 0=0000000000000000] inst=[0000167d] c.addi  a2, -1
C0:       3470 [1] pc=[0000000080000794] W[r 6=000000008000242f][1] R[r 6=000000008000242e] R[r 0=0000000000000000] inst=[00000305] c.addi  t1, 1
C0:       3471 [1] pc=[0000000080000796] W[r 0=0000000000000000][0] R[r12=0000000000000221] R[r 0=0000000000000000] inst=[0000fe65] c.bnez  a2, pc - 8
C0:       3472 [1] pc=[000000008000078e] W[r 0=0000000000000000][0] R[r 6=000000008000242f] R[r11=0000000000000000] inst=[00b30023] sb      a1, 0(t1)
C0:       3473 [1] pc=[0000000080000792] W[r12=0000000000000220][1] R[r12=0000000000000221] R[r 0=0000000000000000] inst=[0000167d] c.addi  a2, -1
C0:       3474 [1] pc=[0000000080000794] W[r 6=0000000080002430][1] R[r 6=000000008000242f] R[r 0=0000000000000000] inst=[00000305] c.addi  t1, 1
C0:       3475 [1] pc=[0000000080000796] W[r 0=0000000000000000][0] R[r12=0000000000000220] R[r 0=0000000000000000] inst=[0000fe65] c.bnez  a2, pc - 8
C0:       3476 [1] pc=[000000008000078e] W[r 0=0000000000000000][0] R[r 6=0000000080002430] R[r11=0000000000000000] inst=[00b30023] sb      a1, 0(t1)
C0:       3477 [1] pc=[0000000080000792] W[r12=000000000000021f][1] R[r12=0000000000000220] R[r 0=0000000000000000] inst=[0000167d] c.addi  a2, -1
C0:       3478 [1] pc=[0000000080000794] W[r 6=0000000080002431][1] R[r 6=0000000080002430] R[r 0=0000000000000000] inst=[00000305] c.addi  t1, 1
C0:       3479 [1] pc=[0000000080000796] W[r 0=0000000000000000][0] R[r12=000000000000021f] R[r 0=0000000000000000] inst=[0000fe65] c.bnez  a2, pc - 8
C0:       3480 [1] pc=[000000008000078e] W[r 0=0000000000000000][0] R[r 6=0000000080002431] R[r11=0000000000000000] inst=[00b30023] sb      a1, 0(t1)
C0:       3481 [1] pc=[0000000080000792] W[r12=000000000000021e][1] R[r12=000000000000021f] R[r 0=0000000000000000] inst=[0000167d] c.addi  a2, -1
C0:       3482 [1] pc=[0000000080000794] W[r 6=0000000080002432][1] R[r 6=0000000080002431] R[r 0=0000000000000000] inst=[00000305] c.addi  t1, 1
C0:       3483 [1] pc=[0000000080000796] W[r 0=0000000000000000][0] R[r12=000000000000021e] R[r 0=0000000000000000] inst=[0000fe65] c.bnez  a2, pc - 8
C0:       3484 [1] pc=[000000008000078e] W[r 0=0000000000000000][0] R[r 6=0000000080002432] R[r11=0000000000000000] inst=[00b30023] sb      a1, 0(t1)
C0:       3485 [1] pc=[0000000080000792] W[r12=000000000000021d][1] R[r12=000000000000021e] R[r 0=0000000000000000] inst=[0000167d] c.addi  a2, -1
C0:       3486 [1] pc=[0000000080000794] W[r 6=0000000080002433][1] R[r 6=0000000080002432] R[r 0=0000000000000000] inst=[00000305] c.addi  t1, 1
C0:       3487 [1] pc=[0000000080000796] W[r 0=0000000000000000][0] R[r12=000000000000021d] R[r 0=0000000000000000] inst=[0000fe65] c.bnez  a2, pc - 8
C0:       3488 [1] pc=[000000008000078e] W[r 0=0000000000000000][0] R[r 6=0000000080002433] R[r11=0000000000000000] inst=[00b30023] sb      a1, 0(t1)
C0:       3489 [1] pc=[0000000080000792] W[r12=000000000000021c][1] R[r12=000000000000021d] R[r 0=0000000000000000] inst=[0000167d] c.addi  a2, -1
C0:       3490 [1] pc=[0000000080000794] W[r 6=0000000080002434][1] R[r 6=0000000080002433] R[r 0=0000000000000000] inst=[00000305] c.addi  t1, 1
C0:       3491 [1] pc=[0000000080000796] W[r 0=0000000000000000][0] R[r12=000000000000021c] R[r 0=0000000000000000] inst=[0000fe65] c.bnez  a2, pc - 8
C0:       3492 [1] pc=[000000008000078e] W[r 0=0000000000000000][0] R[r 6=0000000080002434] R[r11=0000000000000000] inst=[00b30023] sb      a1, 0(t1)
C0:       3493 [1] pc=[0000000080000792] W[r12=000000000000021b][1] R[r12=000000000000021c] R[r 0=0000000000000000] inst=[0000167d] c.addi  a2, -1
C0:       3494 [1] pc=[0000000080000794] W[r 6=0000000080002435][1] R[r 6=0000000080002434] R[r 0=0000000000000000] inst=[00000305] c.addi  t1, 1
C0:       3495 [1] pc=[0000000080000796] W[r 0=0000000000000000][0] R[r12=000000000000021b] R[r 0=0000000000000000] inst=[0000fe65] c.bnez  a2, pc - 8
C0:       3496 [1] pc=[000000008000078e] W[r 0=0000000000000000][0] R[r 6=0000000080002435] R[r11=0000000000000000] inst=[00b30023] sb      a1, 0(t1)
C0:       3497 [1] pc=[0000000080000792] W[r12=000000000000021a][1] R[r12=000000000000021b] R[r 0=0000000000000000] inst=[0000167d] c.addi  a2, -1
C0:       3498 [1] pc=[0000000080000794] W[r 6=0000000080002436][1] R[r 6=0000000080002435] R[r 0=0000000000000000] inst=[00000305] c.addi  t1, 1
C0:       3499 [1] pc=[0000000080000796] W[r 0=0000000000000000][0] R[r12=000000000000021a] R[r 0=0000000000000000] inst=[0000fe65] c.bnez  a2, pc - 8
C0:       3500 [1] pc=[000000008000078e] W[r 0=0000000000000000][0] R[r 6=0000000080002436] R[r11=0000000000000000] inst=[00b30023] sb      a1, 0(t1)
C0:       3501 [1] pc=[0000000080000792] W[r12=0000000000000219][1] R[r12=000000000000021a] R[r 0=0000000000000000] inst=[0000167d] c.addi  a2, -1
C0:       3502 [1] pc=[0000000080000794] W[r 6=0000000080002437][1] R[r 6=0000000080002436] R[r 0=0000000000000000] inst=[00000305] c.addi  t1, 1
C0:       3503 [1] pc=[0000000080000796] W[r 0=0000000000000000][0] R[r12=0000000000000219] R[r 0=0000000000000000] inst=[0000fe65] c.bnez  a2, pc - 8
C0:       3504 [1] pc=[000000008000078e] W[r 0=0000000000000000][0] R[r 6=0000000080002437] R[r11=0000000000000000] inst=[00b30023] sb      a1, 0(t1)
C0:       3505 [1] pc=[0000000080000792] W[r12=0000000000000218][1] R[r12=0000000000000219] R[r 0=0000000000000000] inst=[0000167d] c.addi  a2, -1
C0:       3506 [1] pc=[0000000080000794] W[r 6=0000000080002438][1] R[r 6=0000000080002437] R[r 0=0000000000000000] inst=[00000305] c.addi  t1, 1
C0:       3507 [1] pc=[0000000080000796] W[r 0=0000000000000000][0] R[r12=0000000000000218] R[r 0=0000000000000000] inst=[0000fe65] c.bnez  a2, pc - 8
C0:       3508 [1] pc=[000000008000078e] W[r 0=0000000000000000][0] R[r 6=0000000080002438] R[r11=0000000000000000] inst=[00b30023] sb      a1, 0(t1)
C0:       3509 [1] pc=[0000000080000792] W[r12=0000000000000217][1] R[r12=0000000000000218] R[r 0=0000000000000000] inst=[0000167d] c.addi  a2, -1
C0:       3510 [1] pc=[0000000080000794] W[r 6=0000000080002439][1] R[r 6=0000000080002438] R[r 0=0000000000000000] inst=[00000305] c.addi  t1, 1
C0:       3511 [1] pc=[0000000080000796] W[r 0=0000000000000000][0] R[r12=0000000000000217] R[r 0=0000000000000000] inst=[0000fe65] c.bnez  a2, pc - 8
C0:       3512 [1] pc=[000000008000078e] W[r 0=0000000000000000][0] R[r 6=0000000080002439] R[r11=0000000000000000] inst=[00b30023] sb      a1, 0(t1)
C0:       3513 [1] pc=[0000000080000792] W[r12=0000000000000216][1] R[r12=0000000000000217] R[r 0=0000000000000000] inst=[0000167d] c.addi  a2, -1
C0:       3514 [1] pc=[0000000080000794] W[r 6=000000008000243a][1] R[r 6=0000000080002439] R[r 0=0000000000000000] inst=[00000305] c.addi  t1, 1
C0:       3515 [1] pc=[0000000080000796] W[r 0=0000000000000000][0] R[r12=0000000000000216] R[r 0=0000000000000000] inst=[0000fe65] c.bnez  a2, pc - 8
C0:       3516 [1] pc=[000000008000078e] W[r 0=0000000000000000][0] R[r 6=000000008000243a] R[r11=0000000000000000] inst=[00b30023] sb      a1, 0(t1)
C0:       3517 [1] pc=[0000000080000792] W[r12=0000000000000215][1] R[r12=0000000000000216] R[r 0=0000000000000000] inst=[0000167d] c.addi  a2, -1
C0:       3518 [1] pc=[0000000080000794] W[r 6=000000008000243b][1] R[r 6=000000008000243a] R[r 0=0000000000000000] inst=[00000305] c.addi  t1, 1
C0:       3519 [1] pc=[0000000080000796] W[r 0=0000000000000000][0] R[r12=0000000000000215] R[r 0=0000000000000000] inst=[0000fe65] c.bnez  a2, pc - 8
C0:       3520 [1] pc=[000000008000078e] W[r 0=0000000000000000][0] R[r 6=000000008000243b] R[r11=0000000000000000] inst=[00b30023] sb      a1, 0(t1)
C0:       3521 [1] pc=[0000000080000792] W[r12=0000000000000214][1] R[r12=0000000000000215] R[r 0=0000000000000000] inst=[0000167d] c.addi  a2, -1
C0:       3522 [1] pc=[0000000080000794] W[r 6=000000008000243c][1] R[r 6=000000008000243b] R[r 0=0000000000000000] inst=[00000305] c.addi  t1, 1
C0:       3523 [1] pc=[0000000080000796] W[r 0=0000000000000000][0] R[r12=0000000000000214] R[r 0=0000000000000000] inst=[0000fe65] c.bnez  a2, pc - 8
C0:       3524 [1] pc=[000000008000078e] W[r 0=0000000000000000][0] R[r 6=000000008000243c] R[r11=0000000000000000] inst=[00b30023] sb      a1, 0(t1)
C0:       3525 [1] pc=[0000000080000792] W[r12=0000000000000213][1] R[r12=0000000000000214] R[r 0=0000000000000000] inst=[0000167d] c.addi  a2, -1
C0:       3526 [1] pc=[0000000080000794] W[r 6=000000008000243d][1] R[r 6=000000008000243c] R[r 0=0000000000000000] inst=[00000305] c.addi  t1, 1
C0:       3527 [1] pc=[0000000080000796] W[r 0=0000000000000000][0] R[r12=0000000000000213] R[r 0=0000000000000000] inst=[0000fe65] c.bnez  a2, pc - 8
C0:       3528 [1] pc=[000000008000078e] W[r 0=0000000000000000][0] R[r 6=000000008000243d] R[r11=0000000000000000] inst=[00b30023] sb      a1, 0(t1)
C0:       3529 [1] pc=[0000000080000792] W[r12=0000000000000212][1] R[r12=0000000000000213] R[r 0=0000000000000000] inst=[0000167d] c.addi  a2, -1
C0:       3530 [1] pc=[0000000080000794] W[r 6=000000008000243e][1] R[r 6=000000008000243d] R[r 0=0000000000000000] inst=[00000305] c.addi  t1, 1
C0:       3531 [1] pc=[0000000080000796] W[r 0=0000000000000000][0] R[r12=0000000000000212] R[r 0=0000000000000000] inst=[0000fe65] c.bnez  a2, pc - 8
C0:       3532 [1] pc=[000000008000078e] W[r 0=0000000000000000][0] R[r 6=000000008000243e] R[r11=0000000000000000] inst=[00b30023] sb      a1, 0(t1)
C0:       3533 [1] pc=[0000000080000792] W[r12=0000000000000211][1] R[r12=0000000000000212] R[r 0=0000000000000000] inst=[0000167d] c.addi  a2, -1
C0:       3534 [1] pc=[0000000080000794] W[r 6=000000008000243f][1] R[r 6=000000008000243e] R[r 0=0000000000000000] inst=[00000305] c.addi  t1, 1
C0:       3535 [1] pc=[0000000080000796] W[r 0=0000000000000000][0] R[r12=0000000000000211] R[r 0=0000000000000000] inst=[0000fe65] c.bnez  a2, pc - 8
C0:       3536 [1] pc=[000000008000078e] W[r 0=0000000000000000][0] R[r 6=000000008000243f] R[r11=0000000000000000] inst=[00b30023] sb      a1, 0(t1)
C0:       3537 [1] pc=[0000000080000792] W[r12=0000000000000210][1] R[r12=0000000000000211] R[r 0=0000000000000000] inst=[0000167d] c.addi  a2, -1
C0:       3538 [1] pc=[0000000080000794] W[r 6=0000000080002440][1] R[r 6=000000008000243f] R[r 0=0000000000000000] inst=[00000305] c.addi  t1, 1
C0:       3539 [1] pc=[0000000080000796] W[r 0=0000000000000000][0] R[r12=0000000000000210] R[r 0=0000000000000000] inst=[0000fe65] c.bnez  a2, pc - 8
C0:       3566 [1] pc=[000000008000078e] W[r 0=0000000000000000][0] R[r 6=0000000080002440] R[r11=0000000000000000] inst=[00b30023] sb      a1, 0(t1)
C0:       3567 [1] pc=[0000000080000792] W[r12=000000000000020f][1] R[r12=0000000000000210] R[r 0=0000000000000000] inst=[0000167d] c.addi  a2, -1
C0:       3568 [1] pc=[0000000080000794] W[r 6=0000000080002441][1] R[r 6=0000000080002440] R[r 0=0000000000000000] inst=[00000305] c.addi  t1, 1
C0:       3569 [1] pc=[0000000080000796] W[r 0=0000000000000000][0] R[r12=000000000000020f] R[r 0=0000000000000000] inst=[0000fe65] c.bnez  a2, pc - 8
C0:       3570 [1] pc=[000000008000078e] W[r 0=0000000000000000][0] R[r 6=0000000080002441] R[r11=0000000000000000] inst=[00b30023] sb      a1, 0(t1)
C0:       3571 [1] pc=[0000000080000792] W[r12=000000000000020e][1] R[r12=000000000000020f] R[r 0=0000000000000000] inst=[0000167d] c.addi  a2, -1
C0:       3572 [1] pc=[0000000080000794] W[r 6=0000000080002442][1] R[r 6=0000000080002441] R[r 0=0000000000000000] inst=[00000305] c.addi  t1, 1
C0:       3573 [1] pc=[0000000080000796] W[r 0=0000000000000000][0] R[r12=000000000000020e] R[r 0=0000000000000000] inst=[0000fe65] c.bnez  a2, pc - 8
C0:       3574 [1] pc=[000000008000078e] W[r 0=0000000000000000][0] R[r 6=0000000080002442] R[r11=0000000000000000] inst=[00b30023] sb      a1, 0(t1)
C0:       3575 [1] pc=[0000000080000792] W[r12=000000000000020d][1] R[r12=000000000000020e] R[r 0=0000000000000000] inst=[0000167d] c.addi  a2, -1
C0:       3576 [1] pc=[0000000080000794] W[r 6=0000000080002443][1] R[r 6=0000000080002442] R[r 0=0000000000000000] inst=[00000305] c.addi  t1, 1
C0:       3577 [1] pc=[0000000080000796] W[r 0=0000000000000000][0] R[r12=000000000000020d] R[r 0=0000000000000000] inst=[0000fe65] c.bnez  a2, pc - 8
C0:       3578 [1] pc=[000000008000078e] W[r 0=0000000000000000][0] R[r 6=0000000080002443] R[r11=0000000000000000] inst=[00b30023] sb      a1, 0(t1)
C0:       3579 [1] pc=[0000000080000792] W[r12=000000000000020c][1] R[r12=000000000000020d] R[r 0=0000000000000000] inst=[0000167d] c.addi  a2, -1
C0:       3580 [1] pc=[0000000080000794] W[r 6=0000000080002444][1] R[r 6=0000000080002443] R[r 0=0000000000000000] inst=[00000305] c.addi  t1, 1
C0:       3581 [1] pc=[0000000080000796] W[r 0=0000000000000000][0] R[r12=000000000000020c] R[r 0=0000000000000000] inst=[0000fe65] c.bnez  a2, pc - 8
C0:       3582 [1] pc=[000000008000078e] W[r 0=0000000000000000][0] R[r 6=0000000080002444] R[r11=0000000000000000] inst=[00b30023] sb      a1, 0(t1)
C0:       3583 [1] pc=[0000000080000792] W[r12=000000000000020b][1] R[r12=000000000000020c] R[r 0=0000000000000000] inst=[0000167d] c.addi  a2, -1
C0:       3584 [1] pc=[0000000080000794] W[r 6=0000000080002445][1] R[r 6=0000000080002444] R[r 0=0000000000000000] inst=[00000305] c.addi  t1, 1
C0:       3585 [1] pc=[0000000080000796] W[r 0=0000000000000000][0] R[r12=000000000000020b] R[r 0=0000000000000000] inst=[0000fe65] c.bnez  a2, pc - 8
C0:       3586 [1] pc=[000000008000078e] W[r 0=0000000000000000][0] R[r 6=0000000080002445] R[r11=0000000000000000] inst=[00b30023] sb      a1, 0(t1)
C0:       3587 [1] pc=[0000000080000792] W[r12=000000000000020a][1] R[r12=000000000000020b] R[r 0=0000000000000000] inst=[0000167d] c.addi  a2, -1
C0:       3588 [1] pc=[0000000080000794] W[r 6=0000000080002446][1] R[r 6=0000000080002445] R[r 0=0000000000000000] inst=[00000305] c.addi  t1, 1
C0:       3589 [1] pc=[0000000080000796] W[r 0=0000000000000000][0] R[r12=000000000000020a] R[r 0=0000000000000000] inst=[0000fe65] c.bnez  a2, pc - 8
C0:       3590 [1] pc=[000000008000078e] W[r 0=0000000000000000][0] R[r 6=0000000080002446] R[r11=0000000000000000] inst=[00b30023] sb      a1, 0(t1)
C0:       3591 [1] pc=[0000000080000792] W[r12=0000000000000209][1] R[r12=000000000000020a] R[r 0=0000000000000000] inst=[0000167d] c.addi  a2, -1
C0:       3592 [1] pc=[0000000080000794] W[r 6=0000000080002447][1] R[r 6=0000000080002446] R[r 0=0000000000000000] inst=[00000305] c.addi  t1, 1
C0:       3593 [1] pc=[0000000080000796] W[r 0=0000000000000000][0] R[r12=0000000000000209] R[r 0=0000000000000000] inst=[0000fe65] c.bnez  a2, pc - 8
C0:       3594 [1] pc=[000000008000078e] W[r 0=0000000000000000][0] R[r 6=0000000080002447] R[r11=0000000000000000] inst=[00b30023] sb      a1, 0(t1)
C0:       3595 [1] pc=[0000000080000792] W[r12=0000000000000208][1] R[r12=0000000000000209] R[r 0=0000000000000000] inst=[0000167d] c.addi  a2, -1
C0:       3596 [1] pc=[0000000080000794] W[r 6=0000000080002448][1] R[r 6=0000000080002447] R[r 0=0000000000000000] inst=[00000305] c.addi  t1, 1
C0:       3597 [1] pc=[0000000080000796] W[r 0=0000000000000000][0] R[r12=0000000000000208] R[r 0=0000000000000000] inst=[0000fe65] c.bnez  a2, pc - 8
C0:       3598 [1] pc=[000000008000078e] W[r 0=0000000000000000][0] R[r 6=0000000080002448] R[r11=0000000000000000] inst=[00b30023] sb      a1, 0(t1)
C0:       3599 [1] pc=[0000000080000792] W[r12=0000000000000207][1] R[r12=0000000000000208] R[r 0=0000000000000000] inst=[0000167d] c.addi  a2, -1
C0:       3600 [1] pc=[0000000080000794] W[r 6=0000000080002449][1] R[r 6=0000000080002448] R[r 0=0000000000000000] inst=[00000305] c.addi  t1, 1
C0:       3601 [1] pc=[0000000080000796] W[r 0=0000000000000000][0] R[r12=0000000000000207] R[r 0=0000000000000000] inst=[0000fe65] c.bnez  a2, pc - 8
C0:       3602 [1] pc=[000000008000078e] W[r 0=0000000000000000][0] R[r 6=0000000080002449] R[r11=0000000000000000] inst=[00b30023] sb      a1, 0(t1)
C0:       3603 [1] pc=[0000000080000792] W[r12=0000000000000206][1] R[r12=0000000000000207] R[r 0=0000000000000000] inst=[0000167d] c.addi  a2, -1
C0:       3604 [1] pc=[0000000080000794] W[r 6=000000008000244a][1] R[r 6=0000000080002449] R[r 0=0000000000000000] inst=[00000305] c.addi  t1, 1
C0:       3605 [1] pc=[0000000080000796] W[r 0=0000000000000000][0] R[r12=0000000000000206] R[r 0=0000000000000000] inst=[0000fe65] c.bnez  a2, pc - 8
C0:       3606 [1] pc=[000000008000078e] W[r 0=0000000000000000][0] R[r 6=000000008000244a] R[r11=0000000000000000] inst=[00b30023] sb      a1, 0(t1)
C0:       3607 [1] pc=[0000000080000792] W[r12=0000000000000205][1] R[r12=0000000000000206] R[r 0=0000000000000000] inst=[0000167d] c.addi  a2, -1
C0:       3608 [1] pc=[0000000080000794] W[r 6=000000008000244b][1] R[r 6=000000008000244a] R[r 0=0000000000000000] inst=[00000305] c.addi  t1, 1
C0:       3609 [1] pc=[0000000080000796] W[r 0=0000000000000000][0] R[r12=0000000000000205] R[r 0=0000000000000000] inst=[0000fe65] c.bnez  a2, pc - 8
C0:       3610 [1] pc=[000000008000078e] W[r 0=0000000000000000][0] R[r 6=000000008000244b] R[r11=0000000000000000] inst=[00b30023] sb      a1, 0(t1)
C0:       3611 [1] pc=[0000000080000792] W[r12=0000000000000204][1] R[r12=0000000000000205] R[r 0=0000000000000000] inst=[0000167d] c.addi  a2, -1
C0:       3612 [1] pc=[0000000080000794] W[r 6=000000008000244c][1] R[r 6=000000008000244b] R[r 0=0000000000000000] inst=[00000305] c.addi  t1, 1
C0:       3613 [1] pc=[0000000080000796] W[r 0=0000000000000000][0] R[r12=0000000000000204] R[r 0=0000000000000000] inst=[0000fe65] c.bnez  a2, pc - 8
C0:       3614 [1] pc=[000000008000078e] W[r 0=0000000000000000][0] R[r 6=000000008000244c] R[r11=0000000000000000] inst=[00b30023] sb      a1, 0(t1)
C0:       3615 [1] pc=[0000000080000792] W[r12=0000000000000203][1] R[r12=0000000000000204] R[r 0=0000000000000000] inst=[0000167d] c.addi  a2, -1
C0:       3616 [1] pc=[0000000080000794] W[r 6=000000008000244d][1] R[r 6=000000008000244c] R[r 0=0000000000000000] inst=[00000305] c.addi  t1, 1
C0:       3617 [1] pc=[0000000080000796] W[r 0=0000000000000000][0] R[r12=0000000000000203] R[r 0=0000000000000000] inst=[0000fe65] c.bnez  a2, pc - 8
C0:       3618 [1] pc=[000000008000078e] W[r 0=0000000000000000][0] R[r 6=000000008000244d] R[r11=0000000000000000] inst=[00b30023] sb      a1, 0(t1)
C0:       3619 [1] pc=[0000000080000792] W[r12=0000000000000202][1] R[r12=0000000000000203] R[r 0=0000000000000000] inst=[0000167d] c.addi  a2, -1
C0:       3620 [1] pc=[0000000080000794] W[r 6=000000008000244e][1] R[r 6=000000008000244d] R[r 0=0000000000000000] inst=[00000305] c.addi  t1, 1
C0:       3621 [1] pc=[0000000080000796] W[r 0=0000000000000000][0] R[r12=0000000000000202] R[r 0=0000000000000000] inst=[0000fe65] c.bnez  a2, pc - 8
C0:       3622 [1] pc=[000000008000078e] W[r 0=0000000000000000][0] R[r 6=000000008000244e] R[r11=0000000000000000] inst=[00b30023] sb      a1, 0(t1)
C0:       3623 [1] pc=[0000000080000792] W[r12=0000000000000201][1] R[r12=0000000000000202] R[r 0=0000000000000000] inst=[0000167d] c.addi  a2, -1
C0:       3624 [1] pc=[0000000080000794] W[r 6=000000008000244f][1] R[r 6=000000008000244e] R[r 0=0000000000000000] inst=[00000305] c.addi  t1, 1
C0:       3625 [1] pc=[0000000080000796] W[r 0=0000000000000000][0] R[r12=0000000000000201] R[r 0=0000000000000000] inst=[0000fe65] c.bnez  a2, pc - 8
C0:       3626 [1] pc=[000000008000078e] W[r 0=0000000000000000][0] R[r 6=000000008000244f] R[r11=0000000000000000] inst=[00b30023] sb      a1, 0(t1)
C0:       3627 [1] pc=[0000000080000792] W[r12=0000000000000200][1] R[r12=0000000000000201] R[r 0=0000000000000000] inst=[0000167d] c.addi  a2, -1
C0:       3628 [1] pc=[0000000080000794] W[r 6=0000000080002450][1] R[r 6=000000008000244f] R[r 0=0000000000000000] inst=[00000305] c.addi  t1, 1
C0:       3629 [1] pc=[0000000080000796] W[r 0=0000000000000000][0] R[r12=0000000000000200] R[r 0=0000000000000000] inst=[0000fe65] c.bnez  a2, pc - 8
C0:       3630 [1] pc=[000000008000078e] W[r 0=0000000000000000][0] R[r 6=0000000080002450] R[r11=0000000000000000] inst=[00b30023] sb      a1, 0(t1)
C0:       3631 [1] pc=[0000000080000792] W[r12=00000000000001ff][1] R[r12=0000000000000200] R[r 0=0000000000000000] inst=[0000167d] c.addi  a2, -1
C0:       3632 [1] pc=[0000000080000794] W[r 6=0000000080002451][1] R[r 6=0000000080002450] R[r 0=0000000000000000] inst=[00000305] c.addi  t1, 1
C0:       3633 [1] pc=[0000000080000796] W[r 0=0000000000000000][0] R[r12=00000000000001ff] R[r 0=0000000000000000] inst=[0000fe65] c.bnez  a2, pc - 8
C0:       3634 [1] pc=[000000008000078e] W[r 0=0000000000000000][0] R[r 6=0000000080002451] R[r11=0000000000000000] inst=[00b30023] sb      a1, 0(t1)
C0:       3635 [1] pc=[0000000080000792] W[r12=00000000000001fe][1] R[r12=00000000000001ff] R[r 0=0000000000000000] inst=[0000167d] c.addi  a2, -1
C0:       3636 [1] pc=[0000000080000794] W[r 6=0000000080002452][1] R[r 6=0000000080002451] R[r 0=0000000000000000] inst=[00000305] c.addi  t1, 1
C0:       3637 [1] pc=[0000000080000796] W[r 0=0000000000000000][0] R[r12=00000000000001fe] R[r 0=0000000000000000] inst=[0000fe65] c.bnez  a2, pc - 8
C0:       3638 [1] pc=[000000008000078e] W[r 0=0000000000000000][0] R[r 6=0000000080002452] R[r11=0000000000000000] inst=[00b30023] sb      a1, 0(t1)
C0:       3639 [1] pc=[0000000080000792] W[r12=00000000000001fd][1] R[r12=00000000000001fe] R[r 0=0000000000000000] inst=[0000167d] c.addi  a2, -1
C0:       3640 [1] pc=[0000000080000794] W[r 6=0000000080002453][1] R[r 6=0000000080002452] R[r 0=0000000000000000] inst=[00000305] c.addi  t1, 1
C0:       3641 [1] pc=[0000000080000796] W[r 0=0000000000000000][0] R[r12=00000000000001fd] R[r 0=0000000000000000] inst=[0000fe65] c.bnez  a2, pc - 8
C0:       3642 [1] pc=[000000008000078e] W[r 0=0000000000000000][0] R[r 6=0000000080002453] R[r11=0000000000000000] inst=[00b30023] sb      a1, 0(t1)
C0:       3643 [1] pc=[0000000080000792] W[r12=00000000000001fc][1] R[r12=00000000000001fd] R[r 0=0000000000000000] inst=[0000167d] c.addi  a2, -1
C0:       3644 [1] pc=[0000000080000794] W[r 6=0000000080002454][1] R[r 6=0000000080002453] R[r 0=0000000000000000] inst=[00000305] c.addi  t1, 1
C0:       3645 [1] pc=[0000000080000796] W[r 0=0000000000000000][0] R[r12=00000000000001fc] R[r 0=0000000000000000] inst=[0000fe65] c.bnez  a2, pc - 8
C0:       3646 [1] pc=[000000008000078e] W[r 0=0000000000000000][0] R[r 6=0000000080002454] R[r11=0000000000000000] inst=[00b30023] sb      a1, 0(t1)
C0:       3647 [1] pc=[0000000080000792] W[r12=00000000000001fb][1] R[r12=00000000000001fc] R[r 0=0000000000000000] inst=[0000167d] c.addi  a2, -1
C0:       3648 [1] pc=[0000000080000794] W[r 6=0000000080002455][1] R[r 6=0000000080002454] R[r 0=0000000000000000] inst=[00000305] c.addi  t1, 1
C0:       3649 [1] pc=[0000000080000796] W[r 0=0000000000000000][0] R[r12=00000000000001fb] R[r 0=0000000000000000] inst=[0000fe65] c.bnez  a2, pc - 8
C0:       3650 [1] pc=[000000008000078e] W[r 0=0000000000000000][0] R[r 6=0000000080002455] R[r11=0000000000000000] inst=[00b30023] sb      a1, 0(t1)
C0:       3651 [1] pc=[0000000080000792] W[r12=00000000000001fa][1] R[r12=00000000000001fb] R[r 0=0000000000000000] inst=[0000167d] c.addi  a2, -1
C0:       3652 [1] pc=[0000000080000794] W[r 6=0000000080002456][1] R[r 6=0000000080002455] R[r 0=0000000000000000] inst=[00000305] c.addi  t1, 1
C0:       3653 [1] pc=[0000000080000796] W[r 0=0000000000000000][0] R[r12=00000000000001fa] R[r 0=0000000000000000] inst=[0000fe65] c.bnez  a2, pc - 8
C0:       3654 [1] pc=[000000008000078e] W[r 0=0000000000000000][0] R[r 6=0000000080002456] R[r11=0000000000000000] inst=[00b30023] sb      a1, 0(t1)
C0:       3655 [1] pc=[0000000080000792] W[r12=00000000000001f9][1] R[r12=00000000000001fa] R[r 0=0000000000000000] inst=[0000167d] c.addi  a2, -1
C0:       3656 [1] pc=[0000000080000794] W[r 6=0000000080002457][1] R[r 6=0000000080002456] R[r 0=0000000000000000] inst=[00000305] c.addi  t1, 1
C0:       3657 [1] pc=[0000000080000796] W[r 0=0000000000000000][0] R[r12=00000000000001f9] R[r 0=0000000000000000] inst=[0000fe65] c.bnez  a2, pc - 8
C0:       3658 [1] pc=[000000008000078e] W[r 0=0000000000000000][0] R[r 6=0000000080002457] R[r11=0000000000000000] inst=[00b30023] sb      a1, 0(t1)
C0:       3659 [1] pc=[0000000080000792] W[r12=00000000000001f8][1] R[r12=00000000000001f9] R[r 0=0000000000000000] inst=[0000167d] c.addi  a2, -1
C0:       3660 [1] pc=[0000000080000794] W[r 6=0000000080002458][1] R[r 6=0000000080002457] R[r 0=0000000000000000] inst=[00000305] c.addi  t1, 1
C0:       3661 [1] pc=[0000000080000796] W[r 0=0000000000000000][0] R[r12=00000000000001f8] R[r 0=0000000000000000] inst=[0000fe65] c.bnez  a2, pc - 8
C0:       3662 [1] pc=[000000008000078e] W[r 0=0000000000000000][0] R[r 6=0000000080002458] R[r11=0000000000000000] inst=[00b30023] sb      a1, 0(t1)
C0:       3663 [1] pc=[0000000080000792] W[r12=00000000000001f7][1] R[r12=00000000000001f8] R[r 0=0000000000000000] inst=[0000167d] c.addi  a2, -1
C0:       3664 [1] pc=[0000000080000794] W[r 6=0000000080002459][1] R[r 6=0000000080002458] R[r 0=0000000000000000] inst=[00000305] c.addi  t1, 1
C0:       3665 [1] pc=[0000000080000796] W[r 0=0000000000000000][0] R[r12=00000000000001f7] R[r 0=0000000000000000] inst=[0000fe65] c.bnez  a2, pc - 8
C0:       3666 [1] pc=[000000008000078e] W[r 0=0000000000000000][0] R[r 6=0000000080002459] R[r11=0000000000000000] inst=[00b30023] sb      a1, 0(t1)
C0:       3667 [1] pc=[0000000080000792] W[r12=00000000000001f6][1] R[r12=00000000000001f7] R[r 0=0000000000000000] inst=[0000167d] c.addi  a2, -1
C0:       3668 [1] pc=[0000000080000794] W[r 6=000000008000245a][1] R[r 6=0000000080002459] R[r 0=0000000000000000] inst=[00000305] c.addi  t1, 1
C0:       3669 [1] pc=[0000000080000796] W[r 0=0000000000000000][0] R[r12=00000000000001f6] R[r 0=0000000000000000] inst=[0000fe65] c.bnez  a2, pc - 8
C0:       3670 [1] pc=[000000008000078e] W[r 0=0000000000000000][0] R[r 6=000000008000245a] R[r11=0000000000000000] inst=[00b30023] sb      a1, 0(t1)
C0:       3671 [1] pc=[0000000080000792] W[r12=00000000000001f5][1] R[r12=00000000000001f6] R[r 0=0000000000000000] inst=[0000167d] c.addi  a2, -1
C0:       3672 [1] pc=[0000000080000794] W[r 6=000000008000245b][1] R[r 6=000000008000245a] R[r 0=0000000000000000] inst=[00000305] c.addi  t1, 1
C0:       3673 [1] pc=[0000000080000796] W[r 0=0000000000000000][0] R[r12=00000000000001f5] R[r 0=0000000000000000] inst=[0000fe65] c.bnez  a2, pc - 8
C0:       3674 [1] pc=[000000008000078e] W[r 0=0000000000000000][0] R[r 6=000000008000245b] R[r11=0000000000000000] inst=[00b30023] sb      a1, 0(t1)
C0:       3675 [1] pc=[0000000080000792] W[r12=00000000000001f4][1] R[r12=00000000000001f5] R[r 0=0000000000000000] inst=[0000167d] c.addi  a2, -1
C0:       3676 [1] pc=[0000000080000794] W[r 6=000000008000245c][1] R[r 6=000000008000245b] R[r 0=0000000000000000] inst=[00000305] c.addi  t1, 1
C0:       3677 [1] pc=[0000000080000796] W[r 0=0000000000000000][0] R[r12=00000000000001f4] R[r 0=0000000000000000] inst=[0000fe65] c.bnez  a2, pc - 8
C0:       3678 [1] pc=[000000008000078e] W[r 0=0000000000000000][0] R[r 6=000000008000245c] R[r11=0000000000000000] inst=[00b30023] sb      a1, 0(t1)
C0:       3679 [1] pc=[0000000080000792] W[r12=00000000000001f3][1] R[r12=00000000000001f4] R[r 0=0000000000000000] inst=[0000167d] c.addi  a2, -1
C0:       3680 [1] pc=[0000000080000794] W[r 6=000000008000245d][1] R[r 6=000000008000245c] R[r 0=0000000000000000] inst=[00000305] c.addi  t1, 1
C0:       3681 [1] pc=[0000000080000796] W[r 0=0000000000000000][0] R[r12=00000000000001f3] R[r 0=0000000000000000] inst=[0000fe65] c.bnez  a2, pc - 8
C0:       3682 [1] pc=[000000008000078e] W[r 0=0000000000000000][0] R[r 6=000000008000245d] R[r11=0000000000000000] inst=[00b30023] sb      a1, 0(t1)
C0:       3683 [1] pc=[0000000080000792] W[r12=00000000000001f2][1] R[r12=00000000000001f3] R[r 0=0000000000000000] inst=[0000167d] c.addi  a2, -1
C0:       3684 [1] pc=[0000000080000794] W[r 6=000000008000245e][1] R[r 6=000000008000245d] R[r 0=0000000000000000] inst=[00000305] c.addi  t1, 1
C0:       3685 [1] pc=[0000000080000796] W[r 0=0000000000000000][0] R[r12=00000000000001f2] R[r 0=0000000000000000] inst=[0000fe65] c.bnez  a2, pc - 8
C0:       3686 [1] pc=[000000008000078e] W[r 0=0000000000000000][0] R[r 6=000000008000245e] R[r11=0000000000000000] inst=[00b30023] sb      a1, 0(t1)
C0:       3687 [1] pc=[0000000080000792] W[r12=00000000000001f1][1] R[r12=00000000000001f2] R[r 0=0000000000000000] inst=[0000167d] c.addi  a2, -1
C0:       3688 [1] pc=[0000000080000794] W[r 6=000000008000245f][1] R[r 6=000000008000245e] R[r 0=0000000000000000] inst=[00000305] c.addi  t1, 1
C0:       3689 [1] pc=[0000000080000796] W[r 0=0000000000000000][0] R[r12=00000000000001f1] R[r 0=0000000000000000] inst=[0000fe65] c.bnez  a2, pc - 8
C0:       3690 [1] pc=[000000008000078e] W[r 0=0000000000000000][0] R[r 6=000000008000245f] R[r11=0000000000000000] inst=[00b30023] sb      a1, 0(t1)
C0:       3691 [1] pc=[0000000080000792] W[r12=00000000000001f0][1] R[r12=00000000000001f1] R[r 0=0000000000000000] inst=[0000167d] c.addi  a2, -1
C0:       3692 [1] pc=[0000000080000794] W[r 6=0000000080002460][1] R[r 6=000000008000245f] R[r 0=0000000000000000] inst=[00000305] c.addi  t1, 1
C0:       3693 [1] pc=[0000000080000796] W[r 0=0000000000000000][0] R[r12=00000000000001f0] R[r 0=0000000000000000] inst=[0000fe65] c.bnez  a2, pc - 8
C0:       3694 [1] pc=[000000008000078e] W[r 0=0000000000000000][0] R[r 6=0000000080002460] R[r11=0000000000000000] inst=[00b30023] sb      a1, 0(t1)
C0:       3695 [1] pc=[0000000080000792] W[r12=00000000000001ef][1] R[r12=00000000000001f0] R[r 0=0000000000000000] inst=[0000167d] c.addi  a2, -1
C0:       3696 [1] pc=[0000000080000794] W[r 6=0000000080002461][1] R[r 6=0000000080002460] R[r 0=0000000000000000] inst=[00000305] c.addi  t1, 1
C0:       3697 [1] pc=[0000000080000796] W[r 0=0000000000000000][0] R[r12=00000000000001ef] R[r 0=0000000000000000] inst=[0000fe65] c.bnez  a2, pc - 8
C0:       3698 [1] pc=[000000008000078e] W[r 0=0000000000000000][0] R[r 6=0000000080002461] R[r11=0000000000000000] inst=[00b30023] sb      a1, 0(t1)
C0:       3699 [1] pc=[0000000080000792] W[r12=00000000000001ee][1] R[r12=00000000000001ef] R[r 0=0000000000000000] inst=[0000167d] c.addi  a2, -1
C0:       3700 [1] pc=[0000000080000794] W[r 6=0000000080002462][1] R[r 6=0000000080002461] R[r 0=0000000000000000] inst=[00000305] c.addi  t1, 1
C0:       3701 [1] pc=[0000000080000796] W[r 0=0000000000000000][0] R[r12=00000000000001ee] R[r 0=0000000000000000] inst=[0000fe65] c.bnez  a2, pc - 8
C0:       3702 [1] pc=[000000008000078e] W[r 0=0000000000000000][0] R[r 6=0000000080002462] R[r11=0000000000000000] inst=[00b30023] sb      a1, 0(t1)
C0:       3703 [1] pc=[0000000080000792] W[r12=00000000000001ed][1] R[r12=00000000000001ee] R[r 0=0000000000000000] inst=[0000167d] c.addi  a2, -1
C0:       3704 [1] pc=[0000000080000794] W[r 6=0000000080002463][1] R[r 6=0000000080002462] R[r 0=0000000000000000] inst=[00000305] c.addi  t1, 1
C0:       3705 [1] pc=[0000000080000796] W[r 0=0000000000000000][0] R[r12=00000000000001ed] R[r 0=0000000000000000] inst=[0000fe65] c.bnez  a2, pc - 8
C0:       3706 [1] pc=[000000008000078e] W[r 0=0000000000000000][0] R[r 6=0000000080002463] R[r11=0000000000000000] inst=[00b30023] sb      a1, 0(t1)
C0:       3707 [1] pc=[0000000080000792] W[r12=00000000000001ec][1] R[r12=00000000000001ed] R[r 0=0000000000000000] inst=[0000167d] c.addi  a2, -1
C0:       3708 [1] pc=[0000000080000794] W[r 6=0000000080002464][1] R[r 6=0000000080002463] R[r 0=0000000000000000] inst=[00000305] c.addi  t1, 1
C0:       3709 [1] pc=[0000000080000796] W[r 0=0000000000000000][0] R[r12=00000000000001ec] R[r 0=0000000000000000] inst=[0000fe65] c.bnez  a2, pc - 8
C0:       3710 [1] pc=[000000008000078e] W[r 0=0000000000000000][0] R[r 6=0000000080002464] R[r11=0000000000000000] inst=[00b30023] sb      a1, 0(t1)
C0:       3711 [1] pc=[0000000080000792] W[r12=00000000000001eb][1] R[r12=00000000000001ec] R[r 0=0000000000000000] inst=[0000167d] c.addi  a2, -1
C0:       3712 [1] pc=[0000000080000794] W[r 6=0000000080002465][1] R[r 6=0000000080002464] R[r 0=0000000000000000] inst=[00000305] c.addi  t1, 1
C0:       3713 [1] pc=[0000000080000796] W[r 0=0000000000000000][0] R[r12=00000000000001eb] R[r 0=0000000000000000] inst=[0000fe65] c.bnez  a2, pc - 8
C0:       3714 [1] pc=[000000008000078e] W[r 0=0000000000000000][0] R[r 6=0000000080002465] R[r11=0000000000000000] inst=[00b30023] sb      a1, 0(t1)
C0:       3715 [1] pc=[0000000080000792] W[r12=00000000000001ea][1] R[r12=00000000000001eb] R[r 0=0000000000000000] inst=[0000167d] c.addi  a2, -1
C0:       3716 [1] pc=[0000000080000794] W[r 6=0000000080002466][1] R[r 6=0000000080002465] R[r 0=0000000000000000] inst=[00000305] c.addi  t1, 1
C0:       3717 [1] pc=[0000000080000796] W[r 0=0000000000000000][0] R[r12=00000000000001ea] R[r 0=0000000000000000] inst=[0000fe65] c.bnez  a2, pc - 8
C0:       3718 [1] pc=[000000008000078e] W[r 0=0000000000000000][0] R[r 6=0000000080002466] R[r11=0000000000000000] inst=[00b30023] sb      a1, 0(t1)
C0:       3719 [1] pc=[0000000080000792] W[r12=00000000000001e9][1] R[r12=00000000000001ea] R[r 0=0000000000000000] inst=[0000167d] c.addi  a2, -1
C0:       3720 [1] pc=[0000000080000794] W[r 6=0000000080002467][1] R[r 6=0000000080002466] R[r 0=0000000000000000] inst=[00000305] c.addi  t1, 1
C0:       3721 [1] pc=[0000000080000796] W[r 0=0000000000000000][0] R[r12=00000000000001e9] R[r 0=0000000000000000] inst=[0000fe65] c.bnez  a2, pc - 8
C0:       3722 [1] pc=[000000008000078e] W[r 0=0000000000000000][0] R[r 6=0000000080002467] R[r11=0000000000000000] inst=[00b30023] sb      a1, 0(t1)
C0:       3723 [1] pc=[0000000080000792] W[r12=00000000000001e8][1] R[r12=00000000000001e9] R[r 0=0000000000000000] inst=[0000167d] c.addi  a2, -1
C0:       3724 [1] pc=[0000000080000794] W[r 6=0000000080002468][1] R[r 6=0000000080002467] R[r 0=0000000000000000] inst=[00000305] c.addi  t1, 1
C0:       3725 [1] pc=[0000000080000796] W[r 0=0000000000000000][0] R[r12=00000000000001e8] R[r 0=0000000000000000] inst=[0000fe65] c.bnez  a2, pc - 8
C0:       3726 [1] pc=[000000008000078e] W[r 0=0000000000000000][0] R[r 6=0000000080002468] R[r11=0000000000000000] inst=[00b30023] sb      a1, 0(t1)
C0:       3727 [1] pc=[0000000080000792] W[r12=00000000000001e7][1] R[r12=00000000000001e8] R[r 0=0000000000000000] inst=[0000167d] c.addi  a2, -1
C0:       3728 [1] pc=[0000000080000794] W[r 6=0000000080002469][1] R[r 6=0000000080002468] R[r 0=0000000000000000] inst=[00000305] c.addi  t1, 1
C0:       3729 [1] pc=[0000000080000796] W[r 0=0000000000000000][0] R[r12=00000000000001e7] R[r 0=0000000000000000] inst=[0000fe65] c.bnez  a2, pc - 8
C0:       3730 [1] pc=[000000008000078e] W[r 0=0000000000000000][0] R[r 6=0000000080002469] R[r11=0000000000000000] inst=[00b30023] sb      a1, 0(t1)
C0:       3731 [1] pc=[0000000080000792] W[r12=00000000000001e6][1] R[r12=00000000000001e7] R[r 0=0000000000000000] inst=[0000167d] c.addi  a2, -1
C0:       3732 [1] pc=[0000000080000794] W[r 6=000000008000246a][1] R[r 6=0000000080002469] R[r 0=0000000000000000] inst=[00000305] c.addi  t1, 1
C0:       3733 [1] pc=[0000000080000796] W[r 0=0000000000000000][0] R[r12=00000000000001e6] R[r 0=0000000000000000] inst=[0000fe65] c.bnez  a2, pc - 8
C0:       3734 [1] pc=[000000008000078e] W[r 0=0000000000000000][0] R[r 6=000000008000246a] R[r11=0000000000000000] inst=[00b30023] sb      a1, 0(t1)
C0:       3735 [1] pc=[0000000080000792] W[r12=00000000000001e5][1] R[r12=00000000000001e6] R[r 0=0000000000000000] inst=[0000167d] c.addi  a2, -1
C0:       3736 [1] pc=[0000000080000794] W[r 6=000000008000246b][1] R[r 6=000000008000246a] R[r 0=0000000000000000] inst=[00000305] c.addi  t1, 1
C0:       3737 [1] pc=[0000000080000796] W[r 0=0000000000000000][0] R[r12=00000000000001e5] R[r 0=0000000000000000] inst=[0000fe65] c.bnez  a2, pc - 8
C0:       3738 [1] pc=[000000008000078e] W[r 0=0000000000000000][0] R[r 6=000000008000246b] R[r11=0000000000000000] inst=[00b30023] sb      a1, 0(t1)
C0:       3739 [1] pc=[0000000080000792] W[r12=00000000000001e4][1] R[r12=00000000000001e5] R[r 0=0000000000000000] inst=[0000167d] c.addi  a2, -1
C0:       3740 [1] pc=[0000000080000794] W[r 6=000000008000246c][1] R[r 6=000000008000246b] R[r 0=0000000000000000] inst=[00000305] c.addi  t1, 1
C0:       3741 [1] pc=[0000000080000796] W[r 0=0000000000000000][0] R[r12=00000000000001e4] R[r 0=0000000000000000] inst=[0000fe65] c.bnez  a2, pc - 8
C0:       3742 [1] pc=[000000008000078e] W[r 0=0000000000000000][0] R[r 6=000000008000246c] R[r11=0000000000000000] inst=[00b30023] sb      a1, 0(t1)
C0:       3743 [1] pc=[0000000080000792] W[r12=00000000000001e3][1] R[r12=00000000000001e4] R[r 0=0000000000000000] inst=[0000167d] c.addi  a2, -1
C0:       3744 [1] pc=[0000000080000794] W[r 6=000000008000246d][1] R[r 6=000000008000246c] R[r 0=0000000000000000] inst=[00000305] c.addi  t1, 1
C0:       3745 [1] pc=[0000000080000796] W[r 0=0000000000000000][0] R[r12=00000000000001e3] R[r 0=0000000000000000] inst=[0000fe65] c.bnez  a2, pc - 8
C0:       3746 [1] pc=[000000008000078e] W[r 0=0000000000000000][0] R[r 6=000000008000246d] R[r11=0000000000000000] inst=[00b30023] sb      a1, 0(t1)
C0:       3747 [1] pc=[0000000080000792] W[r12=00000000000001e2][1] R[r12=00000000000001e3] R[r 0=0000000000000000] inst=[0000167d] c.addi  a2, -1
C0:       3748 [1] pc=[0000000080000794] W[r 6=000000008000246e][1] R[r 6=000000008000246d] R[r 0=0000000000000000] inst=[00000305] c.addi  t1, 1
C0:       3749 [1] pc=[0000000080000796] W[r 0=0000000000000000][0] R[r12=00000000000001e2] R[r 0=0000000000000000] inst=[0000fe65] c.bnez  a2, pc - 8
C0:       3750 [1] pc=[000000008000078e] W[r 0=0000000000000000][0] R[r 6=000000008000246e] R[r11=0000000000000000] inst=[00b30023] sb      a1, 0(t1)
C0:       3751 [1] pc=[0000000080000792] W[r12=00000000000001e1][1] R[r12=00000000000001e2] R[r 0=0000000000000000] inst=[0000167d] c.addi  a2, -1
C0:       3752 [1] pc=[0000000080000794] W[r 6=000000008000246f][1] R[r 6=000000008000246e] R[r 0=0000000000000000] inst=[00000305] c.addi  t1, 1
C0:       3753 [1] pc=[0000000080000796] W[r 0=0000000000000000][0] R[r12=00000000000001e1] R[r 0=0000000000000000] inst=[0000fe65] c.bnez  a2, pc - 8
C0:       3754 [1] pc=[000000008000078e] W[r 0=0000000000000000][0] R[r 6=000000008000246f] R[r11=0000000000000000] inst=[00b30023] sb      a1, 0(t1)
C0:       3755 [1] pc=[0000000080000792] W[r12=00000000000001e0][1] R[r12=00000000000001e1] R[r 0=0000000000000000] inst=[0000167d] c.addi  a2, -1
C0:       3756 [1] pc=[0000000080000794] W[r 6=0000000080002470][1] R[r 6=000000008000246f] R[r 0=0000000000000000] inst=[00000305] c.addi  t1, 1
C0:       3757 [1] pc=[0000000080000796] W[r 0=0000000000000000][0] R[r12=00000000000001e0] R[r 0=0000000000000000] inst=[0000fe65] c.bnez  a2, pc - 8
C0:       3758 [1] pc=[000000008000078e] W[r 0=0000000000000000][0] R[r 6=0000000080002470] R[r11=0000000000000000] inst=[00b30023] sb      a1, 0(t1)
C0:       3759 [1] pc=[0000000080000792] W[r12=00000000000001df][1] R[r12=00000000000001e0] R[r 0=0000000000000000] inst=[0000167d] c.addi  a2, -1
C0:       3760 [1] pc=[0000000080000794] W[r 6=0000000080002471][1] R[r 6=0000000080002470] R[r 0=0000000000000000] inst=[00000305] c.addi  t1, 1
C0:       3761 [1] pc=[0000000080000796] W[r 0=0000000000000000][0] R[r12=00000000000001df] R[r 0=0000000000000000] inst=[0000fe65] c.bnez  a2, pc - 8
C0:       3762 [1] pc=[000000008000078e] W[r 0=0000000000000000][0] R[r 6=0000000080002471] R[r11=0000000000000000] inst=[00b30023] sb      a1, 0(t1)
C0:       3763 [1] pc=[0000000080000792] W[r12=00000000000001de][1] R[r12=00000000000001df] R[r 0=0000000000000000] inst=[0000167d] c.addi  a2, -1
C0:       3764 [1] pc=[0000000080000794] W[r 6=0000000080002472][1] R[r 6=0000000080002471] R[r 0=0000000000000000] inst=[00000305] c.addi  t1, 1
C0:       3765 [1] pc=[0000000080000796] W[r 0=0000000000000000][0] R[r12=00000000000001de] R[r 0=0000000000000000] inst=[0000fe65] c.bnez  a2, pc - 8
C0:       3766 [1] pc=[000000008000078e] W[r 0=0000000000000000][0] R[r 6=0000000080002472] R[r11=0000000000000000] inst=[00b30023] sb      a1, 0(t1)
C0:       3767 [1] pc=[0000000080000792] W[r12=00000000000001dd][1] R[r12=00000000000001de] R[r 0=0000000000000000] inst=[0000167d] c.addi  a2, -1
C0:       3768 [1] pc=[0000000080000794] W[r 6=0000000080002473][1] R[r 6=0000000080002472] R[r 0=0000000000000000] inst=[00000305] c.addi  t1, 1
C0:       3769 [1] pc=[0000000080000796] W[r 0=0000000000000000][0] R[r12=00000000000001dd] R[r 0=0000000000000000] inst=[0000fe65] c.bnez  a2, pc - 8
C0:       3770 [1] pc=[000000008000078e] W[r 0=0000000000000000][0] R[r 6=0000000080002473] R[r11=0000000000000000] inst=[00b30023] sb      a1, 0(t1)
C0:       3771 [1] pc=[0000000080000792] W[r12=00000000000001dc][1] R[r12=00000000000001dd] R[r 0=0000000000000000] inst=[0000167d] c.addi  a2, -1
C0:       3772 [1] pc=[0000000080000794] W[r 6=0000000080002474][1] R[r 6=0000000080002473] R[r 0=0000000000000000] inst=[00000305] c.addi  t1, 1
C0:       3773 [1] pc=[0000000080000796] W[r 0=0000000000000000][0] R[r12=00000000000001dc] R[r 0=0000000000000000] inst=[0000fe65] c.bnez  a2, pc - 8
C0:       3774 [1] pc=[000000008000078e] W[r 0=0000000000000000][0] R[r 6=0000000080002474] R[r11=0000000000000000] inst=[00b30023] sb      a1, 0(t1)
C0:       3775 [1] pc=[0000000080000792] W[r12=00000000000001db][1] R[r12=00000000000001dc] R[r 0=0000000000000000] inst=[0000167d] c.addi  a2, -1
C0:       3776 [1] pc=[0000000080000794] W[r 6=0000000080002475][1] R[r 6=0000000080002474] R[r 0=0000000000000000] inst=[00000305] c.addi  t1, 1
C0:       3777 [1] pc=[0000000080000796] W[r 0=0000000000000000][0] R[r12=00000000000001db] R[r 0=0000000000000000] inst=[0000fe65] c.bnez  a2, pc - 8
C0:       3778 [1] pc=[000000008000078e] W[r 0=0000000000000000][0] R[r 6=0000000080002475] R[r11=0000000000000000] inst=[00b30023] sb      a1, 0(t1)
C0:       3779 [1] pc=[0000000080000792] W[r12=00000000000001da][1] R[r12=00000000000001db] R[r 0=0000000000000000] inst=[0000167d] c.addi  a2, -1
C0:       3780 [1] pc=[0000000080000794] W[r 6=0000000080002476][1] R[r 6=0000000080002475] R[r 0=0000000000000000] inst=[00000305] c.addi  t1, 1
C0:       3781 [1] pc=[0000000080000796] W[r 0=0000000000000000][0] R[r12=00000000000001da] R[r 0=0000000000000000] inst=[0000fe65] c.bnez  a2, pc - 8
C0:       3782 [1] pc=[000000008000078e] W[r 0=0000000000000000][0] R[r 6=0000000080002476] R[r11=0000000000000000] inst=[00b30023] sb      a1, 0(t1)
C0:       3783 [1] pc=[0000000080000792] W[r12=00000000000001d9][1] R[r12=00000000000001da] R[r 0=0000000000000000] inst=[0000167d] c.addi  a2, -1
C0:       3784 [1] pc=[0000000080000794] W[r 6=0000000080002477][1] R[r 6=0000000080002476] R[r 0=0000000000000000] inst=[00000305] c.addi  t1, 1
C0:       3785 [1] pc=[0000000080000796] W[r 0=0000000000000000][0] R[r12=00000000000001d9] R[r 0=0000000000000000] inst=[0000fe65] c.bnez  a2, pc - 8
C0:       3786 [1] pc=[000000008000078e] W[r 0=0000000000000000][0] R[r 6=0000000080002477] R[r11=0000000000000000] inst=[00b30023] sb      a1, 0(t1)
C0:       3787 [1] pc=[0000000080000792] W[r12=00000000000001d8][1] R[r12=00000000000001d9] R[r 0=0000000000000000] inst=[0000167d] c.addi  a2, -1
C0:       3788 [1] pc=[0000000080000794] W[r 6=0000000080002478][1] R[r 6=0000000080002477] R[r 0=0000000000000000] inst=[00000305] c.addi  t1, 1
C0:       3789 [1] pc=[0000000080000796] W[r 0=0000000000000000][0] R[r12=00000000000001d8] R[r 0=0000000000000000] inst=[0000fe65] c.bnez  a2, pc - 8
C0:       3790 [1] pc=[000000008000078e] W[r 0=0000000000000000][0] R[r 6=0000000080002478] R[r11=0000000000000000] inst=[00b30023] sb      a1, 0(t1)
C0:       3791 [1] pc=[0000000080000792] W[r12=00000000000001d7][1] R[r12=00000000000001d8] R[r 0=0000000000000000] inst=[0000167d] c.addi  a2, -1
C0:       3792 [1] pc=[0000000080000794] W[r 6=0000000080002479][1] R[r 6=0000000080002478] R[r 0=0000000000000000] inst=[00000305] c.addi  t1, 1
C0:       3793 [1] pc=[0000000080000796] W[r 0=0000000000000000][0] R[r12=00000000000001d7] R[r 0=0000000000000000] inst=[0000fe65] c.bnez  a2, pc - 8
C0:       3794 [1] pc=[000000008000078e] W[r 0=0000000000000000][0] R[r 6=0000000080002479] R[r11=0000000000000000] inst=[00b30023] sb      a1, 0(t1)
C0:       3795 [1] pc=[0000000080000792] W[r12=00000000000001d6][1] R[r12=00000000000001d7] R[r 0=0000000000000000] inst=[0000167d] c.addi  a2, -1
C0:       3796 [1] pc=[0000000080000794] W[r 6=000000008000247a][1] R[r 6=0000000080002479] R[r 0=0000000000000000] inst=[00000305] c.addi  t1, 1
C0:       3797 [1] pc=[0000000080000796] W[r 0=0000000000000000][0] R[r12=00000000000001d6] R[r 0=0000000000000000] inst=[0000fe65] c.bnez  a2, pc - 8
C0:       3798 [1] pc=[000000008000078e] W[r 0=0000000000000000][0] R[r 6=000000008000247a] R[r11=0000000000000000] inst=[00b30023] sb      a1, 0(t1)
C0:       3799 [1] pc=[0000000080000792] W[r12=00000000000001d5][1] R[r12=00000000000001d6] R[r 0=0000000000000000] inst=[0000167d] c.addi  a2, -1
C0:       3800 [1] pc=[0000000080000794] W[r 6=000000008000247b][1] R[r 6=000000008000247a] R[r 0=0000000000000000] inst=[00000305] c.addi  t1, 1
C0:       3801 [1] pc=[0000000080000796] W[r 0=0000000000000000][0] R[r12=00000000000001d5] R[r 0=0000000000000000] inst=[0000fe65] c.bnez  a2, pc - 8
C0:       3802 [1] pc=[000000008000078e] W[r 0=0000000000000000][0] R[r 6=000000008000247b] R[r11=0000000000000000] inst=[00b30023] sb      a1, 0(t1)
C0:       3803 [1] pc=[0000000080000792] W[r12=00000000000001d4][1] R[r12=00000000000001d5] R[r 0=0000000000000000] inst=[0000167d] c.addi  a2, -1
C0:       3804 [1] pc=[0000000080000794] W[r 6=000000008000247c][1] R[r 6=000000008000247b] R[r 0=0000000000000000] inst=[00000305] c.addi  t1, 1
C0:       3805 [1] pc=[0000000080000796] W[r 0=0000000000000000][0] R[r12=00000000000001d4] R[r 0=0000000000000000] inst=[0000fe65] c.bnez  a2, pc - 8
C0:       3806 [1] pc=[000000008000078e] W[r 0=0000000000000000][0] R[r 6=000000008000247c] R[r11=0000000000000000] inst=[00b30023] sb      a1, 0(t1)
C0:       3807 [1] pc=[0000000080000792] W[r12=00000000000001d3][1] R[r12=00000000000001d4] R[r 0=0000000000000000] inst=[0000167d] c.addi  a2, -1
C0:       3808 [1] pc=[0000000080000794] W[r 6=000000008000247d][1] R[r 6=000000008000247c] R[r 0=0000000000000000] inst=[00000305] c.addi  t1, 1
C0:       3809 [1] pc=[0000000080000796] W[r 0=0000000000000000][0] R[r12=00000000000001d3] R[r 0=0000000000000000] inst=[0000fe65] c.bnez  a2, pc - 8
C0:       3810 [1] pc=[000000008000078e] W[r 0=0000000000000000][0] R[r 6=000000008000247d] R[r11=0000000000000000] inst=[00b30023] sb      a1, 0(t1)
C0:       3811 [1] pc=[0000000080000792] W[r12=00000000000001d2][1] R[r12=00000000000001d3] R[r 0=0000000000000000] inst=[0000167d] c.addi  a2, -1
C0:       3812 [1] pc=[0000000080000794] W[r 6=000000008000247e][1] R[r 6=000000008000247d] R[r 0=0000000000000000] inst=[00000305] c.addi  t1, 1
C0:       3813 [1] pc=[0000000080000796] W[r 0=0000000000000000][0] R[r12=00000000000001d2] R[r 0=0000000000000000] inst=[0000fe65] c.bnez  a2, pc - 8
C0:       3814 [1] pc=[000000008000078e] W[r 0=0000000000000000][0] R[r 6=000000008000247e] R[r11=0000000000000000] inst=[00b30023] sb      a1, 0(t1)
C0:       3815 [1] pc=[0000000080000792] W[r12=00000000000001d1][1] R[r12=00000000000001d2] R[r 0=0000000000000000] inst=[0000167d] c.addi  a2, -1
C0:       3816 [1] pc=[0000000080000794] W[r 6=000000008000247f][1] R[r 6=000000008000247e] R[r 0=0000000000000000] inst=[00000305] c.addi  t1, 1
C0:       3817 [1] pc=[0000000080000796] W[r 0=0000000000000000][0] R[r12=00000000000001d1] R[r 0=0000000000000000] inst=[0000fe65] c.bnez  a2, pc - 8
C0:       3818 [1] pc=[000000008000078e] W[r 0=0000000000000000][0] R[r 6=000000008000247f] R[r11=0000000000000000] inst=[00b30023] sb      a1, 0(t1)
C0:       3819 [1] pc=[0000000080000792] W[r12=00000000000001d0][1] R[r12=00000000000001d1] R[r 0=0000000000000000] inst=[0000167d] c.addi  a2, -1
C0:       3820 [1] pc=[0000000080000794] W[r 6=0000000080002480][1] R[r 6=000000008000247f] R[r 0=0000000000000000] inst=[00000305] c.addi  t1, 1
C0:       3821 [1] pc=[0000000080000796] W[r 0=0000000000000000][0] R[r12=00000000000001d0] R[r 0=0000000000000000] inst=[0000fe65] c.bnez  a2, pc - 8
C0:       3848 [1] pc=[000000008000078e] W[r 0=0000000000000000][0] R[r 6=0000000080002480] R[r11=0000000000000000] inst=[00b30023] sb      a1, 0(t1)
C0:       3849 [1] pc=[0000000080000792] W[r12=00000000000001cf][1] R[r12=00000000000001d0] R[r 0=0000000000000000] inst=[0000167d] c.addi  a2, -1
C0:       3850 [1] pc=[0000000080000794] W[r 6=0000000080002481][1] R[r 6=0000000080002480] R[r 0=0000000000000000] inst=[00000305] c.addi  t1, 1
C0:       3851 [1] pc=[0000000080000796] W[r 0=0000000000000000][0] R[r12=00000000000001cf] R[r 0=0000000000000000] inst=[0000fe65] c.bnez  a2, pc - 8
C0:       3852 [1] pc=[000000008000078e] W[r 0=0000000000000000][0] R[r 6=0000000080002481] R[r11=0000000000000000] inst=[00b30023] sb      a1, 0(t1)
C0:       3853 [1] pc=[0000000080000792] W[r12=00000000000001ce][1] R[r12=00000000000001cf] R[r 0=0000000000000000] inst=[0000167d] c.addi  a2, -1
C0:       3854 [1] pc=[0000000080000794] W[r 6=0000000080002482][1] R[r 6=0000000080002481] R[r 0=0000000000000000] inst=[00000305] c.addi  t1, 1
C0:       3855 [1] pc=[0000000080000796] W[r 0=0000000000000000][0] R[r12=00000000000001ce] R[r 0=0000000000000000] inst=[0000fe65] c.bnez  a2, pc - 8
C0:       3856 [1] pc=[000000008000078e] W[r 0=0000000000000000][0] R[r 6=0000000080002482] R[r11=0000000000000000] inst=[00b30023] sb      a1, 0(t1)
C0:       3857 [1] pc=[0000000080000792] W[r12=00000000000001cd][1] R[r12=00000000000001ce] R[r 0=0000000000000000] inst=[0000167d] c.addi  a2, -1
C0:       3858 [1] pc=[0000000080000794] W[r 6=0000000080002483][1] R[r 6=0000000080002482] R[r 0=0000000000000000] inst=[00000305] c.addi  t1, 1
C0:       3859 [1] pc=[0000000080000796] W[r 0=0000000000000000][0] R[r12=00000000000001cd] R[r 0=0000000000000000] inst=[0000fe65] c.bnez  a2, pc - 8
C0:       3860 [1] pc=[000000008000078e] W[r 0=0000000000000000][0] R[r 6=0000000080002483] R[r11=0000000000000000] inst=[00b30023] sb      a1, 0(t1)
C0:       3861 [1] pc=[0000000080000792] W[r12=00000000000001cc][1] R[r12=00000000000001cd] R[r 0=0000000000000000] inst=[0000167d] c.addi  a2, -1
C0:       3862 [1] pc=[0000000080000794] W[r 6=0000000080002484][1] R[r 6=0000000080002483] R[r 0=0000000000000000] inst=[00000305] c.addi  t1, 1
C0:       3863 [1] pc=[0000000080000796] W[r 0=0000000000000000][0] R[r12=00000000000001cc] R[r 0=0000000000000000] inst=[0000fe65] c.bnez  a2, pc - 8
C0:       3864 [1] pc=[000000008000078e] W[r 0=0000000000000000][0] R[r 6=0000000080002484] R[r11=0000000000000000] inst=[00b30023] sb      a1, 0(t1)
C0:       3865 [1] pc=[0000000080000792] W[r12=00000000000001cb][1] R[r12=00000000000001cc] R[r 0=0000000000000000] inst=[0000167d] c.addi  a2, -1
C0:       3866 [1] pc=[0000000080000794] W[r 6=0000000080002485][1] R[r 6=0000000080002484] R[r 0=0000000000000000] inst=[00000305] c.addi  t1, 1
C0:       3867 [1] pc=[0000000080000796] W[r 0=0000000000000000][0] R[r12=00000000000001cb] R[r 0=0000000000000000] inst=[0000fe65] c.bnez  a2, pc - 8
C0:       3868 [1] pc=[000000008000078e] W[r 0=0000000000000000][0] R[r 6=0000000080002485] R[r11=0000000000000000] inst=[00b30023] sb      a1, 0(t1)
C0:       3869 [1] pc=[0000000080000792] W[r12=00000000000001ca][1] R[r12=00000000000001cb] R[r 0=0000000000000000] inst=[0000167d] c.addi  a2, -1
C0:       3870 [1] pc=[0000000080000794] W[r 6=0000000080002486][1] R[r 6=0000000080002485] R[r 0=0000000000000000] inst=[00000305] c.addi  t1, 1
C0:       3871 [1] pc=[0000000080000796] W[r 0=0000000000000000][0] R[r12=00000000000001ca] R[r 0=0000000000000000] inst=[0000fe65] c.bnez  a2, pc - 8
C0:       3872 [1] pc=[000000008000078e] W[r 0=0000000000000000][0] R[r 6=0000000080002486] R[r11=0000000000000000] inst=[00b30023] sb      a1, 0(t1)
C0:       3873 [1] pc=[0000000080000792] W[r12=00000000000001c9][1] R[r12=00000000000001ca] R[r 0=0000000000000000] inst=[0000167d] c.addi  a2, -1
C0:       3874 [1] pc=[0000000080000794] W[r 6=0000000080002487][1] R[r 6=0000000080002486] R[r 0=0000000000000000] inst=[00000305] c.addi  t1, 1
C0:       3875 [1] pc=[0000000080000796] W[r 0=0000000000000000][0] R[r12=00000000000001c9] R[r 0=0000000000000000] inst=[0000fe65] c.bnez  a2, pc - 8
C0:       3876 [1] pc=[000000008000078e] W[r 0=0000000000000000][0] R[r 6=0000000080002487] R[r11=0000000000000000] inst=[00b30023] sb      a1, 0(t1)
C0:       3877 [1] pc=[0000000080000792] W[r12=00000000000001c8][1] R[r12=00000000000001c9] R[r 0=0000000000000000] inst=[0000167d] c.addi  a2, -1
C0:       3878 [1] pc=[0000000080000794] W[r 6=0000000080002488][1] R[r 6=0000000080002487] R[r 0=0000000000000000] inst=[00000305] c.addi  t1, 1
C0:       3879 [1] pc=[0000000080000796] W[r 0=0000000000000000][0] R[r12=00000000000001c8] R[r 0=0000000000000000] inst=[0000fe65] c.bnez  a2, pc - 8
C0:       3880 [1] pc=[000000008000078e] W[r 0=0000000000000000][0] R[r 6=0000000080002488] R[r11=0000000000000000] inst=[00b30023] sb      a1, 0(t1)
C0:       3881 [1] pc=[0000000080000792] W[r12=00000000000001c7][1] R[r12=00000000000001c8] R[r 0=0000000000000000] inst=[0000167d] c.addi  a2, -1
C0:       3882 [1] pc=[0000000080000794] W[r 6=0000000080002489][1] R[r 6=0000000080002488] R[r 0=0000000000000000] inst=[00000305] c.addi  t1, 1
C0:       3883 [1] pc=[0000000080000796] W[r 0=0000000000000000][0] R[r12=00000000000001c7] R[r 0=0000000000000000] inst=[0000fe65] c.bnez  a2, pc - 8
C0:       3884 [1] pc=[000000008000078e] W[r 0=0000000000000000][0] R[r 6=0000000080002489] R[r11=0000000000000000] inst=[00b30023] sb      a1, 0(t1)
C0:       3885 [1] pc=[0000000080000792] W[r12=00000000000001c6][1] R[r12=00000000000001c7] R[r 0=0000000000000000] inst=[0000167d] c.addi  a2, -1
C0:       3886 [1] pc=[0000000080000794] W[r 6=000000008000248a][1] R[r 6=0000000080002489] R[r 0=0000000000000000] inst=[00000305] c.addi  t1, 1
C0:       3887 [1] pc=[0000000080000796] W[r 0=0000000000000000][0] R[r12=00000000000001c6] R[r 0=0000000000000000] inst=[0000fe65] c.bnez  a2, pc - 8
C0:       3888 [1] pc=[000000008000078e] W[r 0=0000000000000000][0] R[r 6=000000008000248a] R[r11=0000000000000000] inst=[00b30023] sb      a1, 0(t1)
C0:       3889 [1] pc=[0000000080000792] W[r12=00000000000001c5][1] R[r12=00000000000001c6] R[r 0=0000000000000000] inst=[0000167d] c.addi  a2, -1
C0:       3890 [1] pc=[0000000080000794] W[r 6=000000008000248b][1] R[r 6=000000008000248a] R[r 0=0000000000000000] inst=[00000305] c.addi  t1, 1
C0:       3891 [1] pc=[0000000080000796] W[r 0=0000000000000000][0] R[r12=00000000000001c5] R[r 0=0000000000000000] inst=[0000fe65] c.bnez  a2, pc - 8
C0:       3892 [1] pc=[000000008000078e] W[r 0=0000000000000000][0] R[r 6=000000008000248b] R[r11=0000000000000000] inst=[00b30023] sb      a1, 0(t1)
C0:       3893 [1] pc=[0000000080000792] W[r12=00000000000001c4][1] R[r12=00000000000001c5] R[r 0=0000000000000000] inst=[0000167d] c.addi  a2, -1
C0:       3894 [1] pc=[0000000080000794] W[r 6=000000008000248c][1] R[r 6=000000008000248b] R[r 0=0000000000000000] inst=[00000305] c.addi  t1, 1
C0:       3895 [1] pc=[0000000080000796] W[r 0=0000000000000000][0] R[r12=00000000000001c4] R[r 0=0000000000000000] inst=[0000fe65] c.bnez  a2, pc - 8
C0:       3896 [1] pc=[000000008000078e] W[r 0=0000000000000000][0] R[r 6=000000008000248c] R[r11=0000000000000000] inst=[00b30023] sb      a1, 0(t1)
C0:       3897 [1] pc=[0000000080000792] W[r12=00000000000001c3][1] R[r12=00000000000001c4] R[r 0=0000000000000000] inst=[0000167d] c.addi  a2, -1
C0:       3898 [1] pc=[0000000080000794] W[r 6=000000008000248d][1] R[r 6=000000008000248c] R[r 0=0000000000000000] inst=[00000305] c.addi  t1, 1
C0:       3899 [1] pc=[0000000080000796] W[r 0=0000000000000000][0] R[r12=00000000000001c3] R[r 0=0000000000000000] inst=[0000fe65] c.bnez  a2, pc - 8
C0:       3900 [1] pc=[000000008000078e] W[r 0=0000000000000000][0] R[r 6=000000008000248d] R[r11=0000000000000000] inst=[00b30023] sb      a1, 0(t1)
C0:       3901 [1] pc=[0000000080000792] W[r12=00000000000001c2][1] R[r12=00000000000001c3] R[r 0=0000000000000000] inst=[0000167d] c.addi  a2, -1
C0:       3902 [1] pc=[0000000080000794] W[r 6=000000008000248e][1] R[r 6=000000008000248d] R[r 0=0000000000000000] inst=[00000305] c.addi  t1, 1
C0:       3903 [1] pc=[0000000080000796] W[r 0=0000000000000000][0] R[r12=00000000000001c2] R[r 0=0000000000000000] inst=[0000fe65] c.bnez  a2, pc - 8
C0:       3904 [1] pc=[000000008000078e] W[r 0=0000000000000000][0] R[r 6=000000008000248e] R[r11=0000000000000000] inst=[00b30023] sb      a1, 0(t1)
C0:       3905 [1] pc=[0000000080000792] W[r12=00000000000001c1][1] R[r12=00000000000001c2] R[r 0=0000000000000000] inst=[0000167d] c.addi  a2, -1
C0:       3906 [1] pc=[0000000080000794] W[r 6=000000008000248f][1] R[r 6=000000008000248e] R[r 0=0000000000000000] inst=[00000305] c.addi  t1, 1
C0:       3907 [1] pc=[0000000080000796] W[r 0=0000000000000000][0] R[r12=00000000000001c1] R[r 0=0000000000000000] inst=[0000fe65] c.bnez  a2, pc - 8
C0:       3908 [1] pc=[000000008000078e] W[r 0=0000000000000000][0] R[r 6=000000008000248f] R[r11=0000000000000000] inst=[00b30023] sb      a1, 0(t1)
C0:       3909 [1] pc=[0000000080000792] W[r12=00000000000001c0][1] R[r12=00000000000001c1] R[r 0=0000000000000000] inst=[0000167d] c.addi  a2, -1
C0:       3910 [1] pc=[0000000080000794] W[r 6=0000000080002490][1] R[r 6=000000008000248f] R[r 0=0000000000000000] inst=[00000305] c.addi  t1, 1
C0:       3911 [1] pc=[0000000080000796] W[r 0=0000000000000000][0] R[r12=00000000000001c0] R[r 0=0000000000000000] inst=[0000fe65] c.bnez  a2, pc - 8
C0:       3912 [1] pc=[000000008000078e] W[r 0=0000000000000000][0] R[r 6=0000000080002490] R[r11=0000000000000000] inst=[00b30023] sb      a1, 0(t1)
C0:       3913 [1] pc=[0000000080000792] W[r12=00000000000001bf][1] R[r12=00000000000001c0] R[r 0=0000000000000000] inst=[0000167d] c.addi  a2, -1
C0:       3914 [1] pc=[0000000080000794] W[r 6=0000000080002491][1] R[r 6=0000000080002490] R[r 0=0000000000000000] inst=[00000305] c.addi  t1, 1
C0:       3915 [1] pc=[0000000080000796] W[r 0=0000000000000000][0] R[r12=00000000000001bf] R[r 0=0000000000000000] inst=[0000fe65] c.bnez  a2, pc - 8
C0:       3916 [1] pc=[000000008000078e] W[r 0=0000000000000000][0] R[r 6=0000000080002491] R[r11=0000000000000000] inst=[00b30023] sb      a1, 0(t1)
C0:       3917 [1] pc=[0000000080000792] W[r12=00000000000001be][1] R[r12=00000000000001bf] R[r 0=0000000000000000] inst=[0000167d] c.addi  a2, -1
C0:       3918 [1] pc=[0000000080000794] W[r 6=0000000080002492][1] R[r 6=0000000080002491] R[r 0=0000000000000000] inst=[00000305] c.addi  t1, 1
C0:       3919 [1] pc=[0000000080000796] W[r 0=0000000000000000][0] R[r12=00000000000001be] R[r 0=0000000000000000] inst=[0000fe65] c.bnez  a2, pc - 8
C0:       3920 [1] pc=[000000008000078e] W[r 0=0000000000000000][0] R[r 6=0000000080002492] R[r11=0000000000000000] inst=[00b30023] sb      a1, 0(t1)
C0:       3921 [1] pc=[0000000080000792] W[r12=00000000000001bd][1] R[r12=00000000000001be] R[r 0=0000000000000000] inst=[0000167d] c.addi  a2, -1
C0:       3922 [1] pc=[0000000080000794] W[r 6=0000000080002493][1] R[r 6=0000000080002492] R[r 0=0000000000000000] inst=[00000305] c.addi  t1, 1
C0:       3923 [1] pc=[0000000080000796] W[r 0=0000000000000000][0] R[r12=00000000000001bd] R[r 0=0000000000000000] inst=[0000fe65] c.bnez  a2, pc - 8
C0:       3924 [1] pc=[000000008000078e] W[r 0=0000000000000000][0] R[r 6=0000000080002493] R[r11=0000000000000000] inst=[00b30023] sb      a1, 0(t1)
C0:       3925 [1] pc=[0000000080000792] W[r12=00000000000001bc][1] R[r12=00000000000001bd] R[r 0=0000000000000000] inst=[0000167d] c.addi  a2, -1
C0:       3926 [1] pc=[0000000080000794] W[r 6=0000000080002494][1] R[r 6=0000000080002493] R[r 0=0000000000000000] inst=[00000305] c.addi  t1, 1
C0:       3927 [1] pc=[0000000080000796] W[r 0=0000000000000000][0] R[r12=00000000000001bc] R[r 0=0000000000000000] inst=[0000fe65] c.bnez  a2, pc - 8
C0:       3928 [1] pc=[000000008000078e] W[r 0=0000000000000000][0] R[r 6=0000000080002494] R[r11=0000000000000000] inst=[00b30023] sb      a1, 0(t1)
C0:       3929 [1] pc=[0000000080000792] W[r12=00000000000001bb][1] R[r12=00000000000001bc] R[r 0=0000000000000000] inst=[0000167d] c.addi  a2, -1
C0:       3930 [1] pc=[0000000080000794] W[r 6=0000000080002495][1] R[r 6=0000000080002494] R[r 0=0000000000000000] inst=[00000305] c.addi  t1, 1
C0:       3931 [1] pc=[0000000080000796] W[r 0=0000000000000000][0] R[r12=00000000000001bb] R[r 0=0000000000000000] inst=[0000fe65] c.bnez  a2, pc - 8
C0:       3932 [1] pc=[000000008000078e] W[r 0=0000000000000000][0] R[r 6=0000000080002495] R[r11=0000000000000000] inst=[00b30023] sb      a1, 0(t1)
C0:       3933 [1] pc=[0000000080000792] W[r12=00000000000001ba][1] R[r12=00000000000001bb] R[r 0=0000000000000000] inst=[0000167d] c.addi  a2, -1
C0:       3934 [1] pc=[0000000080000794] W[r 6=0000000080002496][1] R[r 6=0000000080002495] R[r 0=0000000000000000] inst=[00000305] c.addi  t1, 1
C0:       3935 [1] pc=[0000000080000796] W[r 0=0000000000000000][0] R[r12=00000000000001ba] R[r 0=0000000000000000] inst=[0000fe65] c.bnez  a2, pc - 8
C0:       3936 [1] pc=[000000008000078e] W[r 0=0000000000000000][0] R[r 6=0000000080002496] R[r11=0000000000000000] inst=[00b30023] sb      a1, 0(t1)
C0:       3937 [1] pc=[0000000080000792] W[r12=00000000000001b9][1] R[r12=00000000000001ba] R[r 0=0000000000000000] inst=[0000167d] c.addi  a2, -1
C0:       3938 [1] pc=[0000000080000794] W[r 6=0000000080002497][1] R[r 6=0000000080002496] R[r 0=0000000000000000] inst=[00000305] c.addi  t1, 1
C0:       3939 [1] pc=[0000000080000796] W[r 0=0000000000000000][0] R[r12=00000000000001b9] R[r 0=0000000000000000] inst=[0000fe65] c.bnez  a2, pc - 8
C0:       3940 [1] pc=[000000008000078e] W[r 0=0000000000000000][0] R[r 6=0000000080002497] R[r11=0000000000000000] inst=[00b30023] sb      a1, 0(t1)
C0:       3941 [1] pc=[0000000080000792] W[r12=00000000000001b8][1] R[r12=00000000000001b9] R[r 0=0000000000000000] inst=[0000167d] c.addi  a2, -1
C0:       3942 [1] pc=[0000000080000794] W[r 6=0000000080002498][1] R[r 6=0000000080002497] R[r 0=0000000000000000] inst=[00000305] c.addi  t1, 1
C0:       3943 [1] pc=[0000000080000796] W[r 0=0000000000000000][0] R[r12=00000000000001b8] R[r 0=0000000000000000] inst=[0000fe65] c.bnez  a2, pc - 8
C0:       3944 [1] pc=[000000008000078e] W[r 0=0000000000000000][0] R[r 6=0000000080002498] R[r11=0000000000000000] inst=[00b30023] sb      a1, 0(t1)
C0:       3945 [1] pc=[0000000080000792] W[r12=00000000000001b7][1] R[r12=00000000000001b8] R[r 0=0000000000000000] inst=[0000167d] c.addi  a2, -1
C0:       3946 [1] pc=[0000000080000794] W[r 6=0000000080002499][1] R[r 6=0000000080002498] R[r 0=0000000000000000] inst=[00000305] c.addi  t1, 1
C0:       3947 [1] pc=[0000000080000796] W[r 0=0000000000000000][0] R[r12=00000000000001b7] R[r 0=0000000000000000] inst=[0000fe65] c.bnez  a2, pc - 8
C0:       3948 [1] pc=[000000008000078e] W[r 0=0000000000000000][0] R[r 6=0000000080002499] R[r11=0000000000000000] inst=[00b30023] sb      a1, 0(t1)
C0:       3949 [1] pc=[0000000080000792] W[r12=00000000000001b6][1] R[r12=00000000000001b7] R[r 0=0000000000000000] inst=[0000167d] c.addi  a2, -1
C0:       3950 [1] pc=[0000000080000794] W[r 6=000000008000249a][1] R[r 6=0000000080002499] R[r 0=0000000000000000] inst=[00000305] c.addi  t1, 1
C0:       3951 [1] pc=[0000000080000796] W[r 0=0000000000000000][0] R[r12=00000000000001b6] R[r 0=0000000000000000] inst=[0000fe65] c.bnez  a2, pc - 8
C0:       3952 [1] pc=[000000008000078e] W[r 0=0000000000000000][0] R[r 6=000000008000249a] R[r11=0000000000000000] inst=[00b30023] sb      a1, 0(t1)
C0:       3953 [1] pc=[0000000080000792] W[r12=00000000000001b5][1] R[r12=00000000000001b6] R[r 0=0000000000000000] inst=[0000167d] c.addi  a2, -1
C0:       3954 [1] pc=[0000000080000794] W[r 6=000000008000249b][1] R[r 6=000000008000249a] R[r 0=0000000000000000] inst=[00000305] c.addi  t1, 1
C0:       3955 [1] pc=[0000000080000796] W[r 0=0000000000000000][0] R[r12=00000000000001b5] R[r 0=0000000000000000] inst=[0000fe65] c.bnez  a2, pc - 8
C0:       3956 [1] pc=[000000008000078e] W[r 0=0000000000000000][0] R[r 6=000000008000249b] R[r11=0000000000000000] inst=[00b30023] sb      a1, 0(t1)
C0:       3957 [1] pc=[0000000080000792] W[r12=00000000000001b4][1] R[r12=00000000000001b5] R[r 0=0000000000000000] inst=[0000167d] c.addi  a2, -1
C0:       3958 [1] pc=[0000000080000794] W[r 6=000000008000249c][1] R[r 6=000000008000249b] R[r 0=0000000000000000] inst=[00000305] c.addi  t1, 1
C0:       3959 [1] pc=[0000000080000796] W[r 0=0000000000000000][0] R[r12=00000000000001b4] R[r 0=0000000000000000] inst=[0000fe65] c.bnez  a2, pc - 8
C0:       3960 [1] pc=[000000008000078e] W[r 0=0000000000000000][0] R[r 6=000000008000249c] R[r11=0000000000000000] inst=[00b30023] sb      a1, 0(t1)
C0:       3961 [1] pc=[0000000080000792] W[r12=00000000000001b3][1] R[r12=00000000000001b4] R[r 0=0000000000000000] inst=[0000167d] c.addi  a2, -1
C0:       3962 [1] pc=[0000000080000794] W[r 6=000000008000249d][1] R[r 6=000000008000249c] R[r 0=0000000000000000] inst=[00000305] c.addi  t1, 1
C0:       3963 [1] pc=[0000000080000796] W[r 0=0000000000000000][0] R[r12=00000000000001b3] R[r 0=0000000000000000] inst=[0000fe65] c.bnez  a2, pc - 8
C0:       3964 [1] pc=[000000008000078e] W[r 0=0000000000000000][0] R[r 6=000000008000249d] R[r11=0000000000000000] inst=[00b30023] sb      a1, 0(t1)
C0:       3965 [1] pc=[0000000080000792] W[r12=00000000000001b2][1] R[r12=00000000000001b3] R[r 0=0000000000000000] inst=[0000167d] c.addi  a2, -1
C0:       3966 [1] pc=[0000000080000794] W[r 6=000000008000249e][1] R[r 6=000000008000249d] R[r 0=0000000000000000] inst=[00000305] c.addi  t1, 1
C0:       3967 [1] pc=[0000000080000796] W[r 0=0000000000000000][0] R[r12=00000000000001b2] R[r 0=0000000000000000] inst=[0000fe65] c.bnez  a2, pc - 8
C0:       3968 [1] pc=[000000008000078e] W[r 0=0000000000000000][0] R[r 6=000000008000249e] R[r11=0000000000000000] inst=[00b30023] sb      a1, 0(t1)
C0:       3969 [1] pc=[0000000080000792] W[r12=00000000000001b1][1] R[r12=00000000000001b2] R[r 0=0000000000000000] inst=[0000167d] c.addi  a2, -1
C0:       3970 [1] pc=[0000000080000794] W[r 6=000000008000249f][1] R[r 6=000000008000249e] R[r 0=0000000000000000] inst=[00000305] c.addi  t1, 1
C0:       3971 [1] pc=[0000000080000796] W[r 0=0000000000000000][0] R[r12=00000000000001b1] R[r 0=0000000000000000] inst=[0000fe65] c.bnez  a2, pc - 8
C0:       3972 [1] pc=[000000008000078e] W[r 0=0000000000000000][0] R[r 6=000000008000249f] R[r11=0000000000000000] inst=[00b30023] sb      a1, 0(t1)
C0:       3973 [1] pc=[0000000080000792] W[r12=00000000000001b0][1] R[r12=00000000000001b1] R[r 0=0000000000000000] inst=[0000167d] c.addi  a2, -1
C0:       3974 [1] pc=[0000000080000794] W[r 6=00000000800024a0][1] R[r 6=000000008000249f] R[r 0=0000000000000000] inst=[00000305] c.addi  t1, 1
C0:       3975 [1] pc=[0000000080000796] W[r 0=0000000000000000][0] R[r12=00000000000001b0] R[r 0=0000000000000000] inst=[0000fe65] c.bnez  a2, pc - 8
C0:       3976 [1] pc=[000000008000078e] W[r 0=0000000000000000][0] R[r 6=00000000800024a0] R[r11=0000000000000000] inst=[00b30023] sb      a1, 0(t1)
C0:       3977 [1] pc=[0000000080000792] W[r12=00000000000001af][1] R[r12=00000000000001b0] R[r 0=0000000000000000] inst=[0000167d] c.addi  a2, -1
C0:       3978 [1] pc=[0000000080000794] W[r 6=00000000800024a1][1] R[r 6=00000000800024a0] R[r 0=0000000000000000] inst=[00000305] c.addi  t1, 1
C0:       3979 [1] pc=[0000000080000796] W[r 0=0000000000000000][0] R[r12=00000000000001af] R[r 0=0000000000000000] inst=[0000fe65] c.bnez  a2, pc - 8
C0:       3980 [1] pc=[000000008000078e] W[r 0=0000000000000000][0] R[r 6=00000000800024a1] R[r11=0000000000000000] inst=[00b30023] sb      a1, 0(t1)
C0:       3981 [1] pc=[0000000080000792] W[r12=00000000000001ae][1] R[r12=00000000000001af] R[r 0=0000000000000000] inst=[0000167d] c.addi  a2, -1
C0:       3982 [1] pc=[0000000080000794] W[r 6=00000000800024a2][1] R[r 6=00000000800024a1] R[r 0=0000000000000000] inst=[00000305] c.addi  t1, 1
C0:       3983 [1] pc=[0000000080000796] W[r 0=0000000000000000][0] R[r12=00000000000001ae] R[r 0=0000000000000000] inst=[0000fe65] c.bnez  a2, pc - 8
C0:       3984 [1] pc=[000000008000078e] W[r 0=0000000000000000][0] R[r 6=00000000800024a2] R[r11=0000000000000000] inst=[00b30023] sb      a1, 0(t1)
C0:       3985 [1] pc=[0000000080000792] W[r12=00000000000001ad][1] R[r12=00000000000001ae] R[r 0=0000000000000000] inst=[0000167d] c.addi  a2, -1
C0:       3986 [1] pc=[0000000080000794] W[r 6=00000000800024a3][1] R[r 6=00000000800024a2] R[r 0=0000000000000000] inst=[00000305] c.addi  t1, 1
C0:       3987 [1] pc=[0000000080000796] W[r 0=0000000000000000][0] R[r12=00000000000001ad] R[r 0=0000000000000000] inst=[0000fe65] c.bnez  a2, pc - 8
C0:       3988 [1] pc=[000000008000078e] W[r 0=0000000000000000][0] R[r 6=00000000800024a3] R[r11=0000000000000000] inst=[00b30023] sb      a1, 0(t1)
C0:       3989 [1] pc=[0000000080000792] W[r12=00000000000001ac][1] R[r12=00000000000001ad] R[r 0=0000000000000000] inst=[0000167d] c.addi  a2, -1
C0:       3990 [1] pc=[0000000080000794] W[r 6=00000000800024a4][1] R[r 6=00000000800024a3] R[r 0=0000000000000000] inst=[00000305] c.addi  t1, 1
C0:       3991 [1] pc=[0000000080000796] W[r 0=0000000000000000][0] R[r12=00000000000001ac] R[r 0=0000000000000000] inst=[0000fe65] c.bnez  a2, pc - 8
C0:       3992 [1] pc=[000000008000078e] W[r 0=0000000000000000][0] R[r 6=00000000800024a4] R[r11=0000000000000000] inst=[00b30023] sb      a1, 0(t1)
C0:       3993 [1] pc=[0000000080000792] W[r12=00000000000001ab][1] R[r12=00000000000001ac] R[r 0=0000000000000000] inst=[0000167d] c.addi  a2, -1
C0:       3994 [1] pc=[0000000080000794] W[r 6=00000000800024a5][1] R[r 6=00000000800024a4] R[r 0=0000000000000000] inst=[00000305] c.addi  t1, 1
C0:       3995 [1] pc=[0000000080000796] W[r 0=0000000000000000][0] R[r12=00000000000001ab] R[r 0=0000000000000000] inst=[0000fe65] c.bnez  a2, pc - 8
C0:       3996 [1] pc=[000000008000078e] W[r 0=0000000000000000][0] R[r 6=00000000800024a5] R[r11=0000000000000000] inst=[00b30023] sb      a1, 0(t1)
C0:       3997 [1] pc=[0000000080000792] W[r12=00000000000001aa][1] R[r12=00000000000001ab] R[r 0=0000000000000000] inst=[0000167d] c.addi  a2, -1
C0:       3998 [1] pc=[0000000080000794] W[r 6=00000000800024a6][1] R[r 6=00000000800024a5] R[r 0=0000000000000000] inst=[00000305] c.addi  t1, 1
C0:       3999 [1] pc=[0000000080000796] W[r 0=0000000000000000][0] R[r12=00000000000001aa] R[r 0=0000000000000000] inst=[0000fe65] c.bnez  a2, pc - 8
C0:       4000 [1] pc=[000000008000078e] W[r 0=0000000000000000][0] R[r 6=00000000800024a6] R[r11=0000000000000000] inst=[00b30023] sb      a1, 0(t1)
C0:       4001 [1] pc=[0000000080000792] W[r12=00000000000001a9][1] R[r12=00000000000001aa] R[r 0=0000000000000000] inst=[0000167d] c.addi  a2, -1
C0:       4002 [1] pc=[0000000080000794] W[r 6=00000000800024a7][1] R[r 6=00000000800024a6] R[r 0=0000000000000000] inst=[00000305] c.addi  t1, 1
C0:       4003 [1] pc=[0000000080000796] W[r 0=0000000000000000][0] R[r12=00000000000001a9] R[r 0=0000000000000000] inst=[0000fe65] c.bnez  a2, pc - 8
C0:       4004 [1] pc=[000000008000078e] W[r 0=0000000000000000][0] R[r 6=00000000800024a7] R[r11=0000000000000000] inst=[00b30023] sb      a1, 0(t1)
C0:       4005 [1] pc=[0000000080000792] W[r12=00000000000001a8][1] R[r12=00000000000001a9] R[r 0=0000000000000000] inst=[0000167d] c.addi  a2, -1
C0:       4006 [1] pc=[0000000080000794] W[r 6=00000000800024a8][1] R[r 6=00000000800024a7] R[r 0=0000000000000000] inst=[00000305] c.addi  t1, 1
C0:       4007 [1] pc=[0000000080000796] W[r 0=0000000000000000][0] R[r12=00000000000001a8] R[r 0=0000000000000000] inst=[0000fe65] c.bnez  a2, pc - 8
C0:       4008 [1] pc=[000000008000078e] W[r 0=0000000000000000][0] R[r 6=00000000800024a8] R[r11=0000000000000000] inst=[00b30023] sb      a1, 0(t1)
C0:       4009 [1] pc=[0000000080000792] W[r12=00000000000001a7][1] R[r12=00000000000001a8] R[r 0=0000000000000000] inst=[0000167d] c.addi  a2, -1
C0:       4010 [1] pc=[0000000080000794] W[r 6=00000000800024a9][1] R[r 6=00000000800024a8] R[r 0=0000000000000000] inst=[00000305] c.addi  t1, 1
C0:       4011 [1] pc=[0000000080000796] W[r 0=0000000000000000][0] R[r12=00000000000001a7] R[r 0=0000000000000000] inst=[0000fe65] c.bnez  a2, pc - 8
C0:       4012 [1] pc=[000000008000078e] W[r 0=0000000000000000][0] R[r 6=00000000800024a9] R[r11=0000000000000000] inst=[00b30023] sb      a1, 0(t1)
C0:       4013 [1] pc=[0000000080000792] W[r12=00000000000001a6][1] R[r12=00000000000001a7] R[r 0=0000000000000000] inst=[0000167d] c.addi  a2, -1
C0:       4014 [1] pc=[0000000080000794] W[r 6=00000000800024aa][1] R[r 6=00000000800024a9] R[r 0=0000000000000000] inst=[00000305] c.addi  t1, 1
C0:       4015 [1] pc=[0000000080000796] W[r 0=0000000000000000][0] R[r12=00000000000001a6] R[r 0=0000000000000000] inst=[0000fe65] c.bnez  a2, pc - 8
C0:       4016 [1] pc=[000000008000078e] W[r 0=0000000000000000][0] R[r 6=00000000800024aa] R[r11=0000000000000000] inst=[00b30023] sb      a1, 0(t1)
C0:       4017 [1] pc=[0000000080000792] W[r12=00000000000001a5][1] R[r12=00000000000001a6] R[r 0=0000000000000000] inst=[0000167d] c.addi  a2, -1
C0:       4018 [1] pc=[0000000080000794] W[r 6=00000000800024ab][1] R[r 6=00000000800024aa] R[r 0=0000000000000000] inst=[00000305] c.addi  t1, 1
C0:       4019 [1] pc=[0000000080000796] W[r 0=0000000000000000][0] R[r12=00000000000001a5] R[r 0=0000000000000000] inst=[0000fe65] c.bnez  a2, pc - 8
C0:       4020 [1] pc=[000000008000078e] W[r 0=0000000000000000][0] R[r 6=00000000800024ab] R[r11=0000000000000000] inst=[00b30023] sb      a1, 0(t1)
C0:       4021 [1] pc=[0000000080000792] W[r12=00000000000001a4][1] R[r12=00000000000001a5] R[r 0=0000000000000000] inst=[0000167d] c.addi  a2, -1
C0:       4022 [1] pc=[0000000080000794] W[r 6=00000000800024ac][1] R[r 6=00000000800024ab] R[r 0=0000000000000000] inst=[00000305] c.addi  t1, 1
C0:       4023 [1] pc=[0000000080000796] W[r 0=0000000000000000][0] R[r12=00000000000001a4] R[r 0=0000000000000000] inst=[0000fe65] c.bnez  a2, pc - 8
C0:       4024 [1] pc=[000000008000078e] W[r 0=0000000000000000][0] R[r 6=00000000800024ac] R[r11=0000000000000000] inst=[00b30023] sb      a1, 0(t1)
C0:       4025 [1] pc=[0000000080000792] W[r12=00000000000001a3][1] R[r12=00000000000001a4] R[r 0=0000000000000000] inst=[0000167d] c.addi  a2, -1
C0:       4026 [1] pc=[0000000080000794] W[r 6=00000000800024ad][1] R[r 6=00000000800024ac] R[r 0=0000000000000000] inst=[00000305] c.addi  t1, 1
C0:       4027 [1] pc=[0000000080000796] W[r 0=0000000000000000][0] R[r12=00000000000001a3] R[r 0=0000000000000000] inst=[0000fe65] c.bnez  a2, pc - 8
C0:       4028 [1] pc=[000000008000078e] W[r 0=0000000000000000][0] R[r 6=00000000800024ad] R[r11=0000000000000000] inst=[00b30023] sb      a1, 0(t1)
C0:       4029 [1] pc=[0000000080000792] W[r12=00000000000001a2][1] R[r12=00000000000001a3] R[r 0=0000000000000000] inst=[0000167d] c.addi  a2, -1
C0:       4030 [1] pc=[0000000080000794] W[r 6=00000000800024ae][1] R[r 6=00000000800024ad] R[r 0=0000000000000000] inst=[00000305] c.addi  t1, 1
C0:       4031 [1] pc=[0000000080000796] W[r 0=0000000000000000][0] R[r12=00000000000001a2] R[r 0=0000000000000000] inst=[0000fe65] c.bnez  a2, pc - 8
C0:       4032 [1] pc=[000000008000078e] W[r 0=0000000000000000][0] R[r 6=00000000800024ae] R[r11=0000000000000000] inst=[00b30023] sb      a1, 0(t1)
C0:       4033 [1] pc=[0000000080000792] W[r12=00000000000001a1][1] R[r12=00000000000001a2] R[r 0=0000000000000000] inst=[0000167d] c.addi  a2, -1
C0:       4034 [1] pc=[0000000080000794] W[r 6=00000000800024af][1] R[r 6=00000000800024ae] R[r 0=0000000000000000] inst=[00000305] c.addi  t1, 1
C0:       4035 [1] pc=[0000000080000796] W[r 0=0000000000000000][0] R[r12=00000000000001a1] R[r 0=0000000000000000] inst=[0000fe65] c.bnez  a2, pc - 8
C0:       4036 [1] pc=[000000008000078e] W[r 0=0000000000000000][0] R[r 6=00000000800024af] R[r11=0000000000000000] inst=[00b30023] sb      a1, 0(t1)
C0:       4037 [1] pc=[0000000080000792] W[r12=00000000000001a0][1] R[r12=00000000000001a1] R[r 0=0000000000000000] inst=[0000167d] c.addi  a2, -1
C0:       4038 [1] pc=[0000000080000794] W[r 6=00000000800024b0][1] R[r 6=00000000800024af] R[r 0=0000000000000000] inst=[00000305] c.addi  t1, 1
C0:       4039 [1] pc=[0000000080000796] W[r 0=0000000000000000][0] R[r12=00000000000001a0] R[r 0=0000000000000000] inst=[0000fe65] c.bnez  a2, pc - 8
C0:       4040 [1] pc=[000000008000078e] W[r 0=0000000000000000][0] R[r 6=00000000800024b0] R[r11=0000000000000000] inst=[00b30023] sb      a1, 0(t1)
C0:       4041 [1] pc=[0000000080000792] W[r12=000000000000019f][1] R[r12=00000000000001a0] R[r 0=0000000000000000] inst=[0000167d] c.addi  a2, -1
C0:       4042 [1] pc=[0000000080000794] W[r 6=00000000800024b1][1] R[r 6=00000000800024b0] R[r 0=0000000000000000] inst=[00000305] c.addi  t1, 1
C0:       4043 [1] pc=[0000000080000796] W[r 0=0000000000000000][0] R[r12=000000000000019f] R[r 0=0000000000000000] inst=[0000fe65] c.bnez  a2, pc - 8
C0:       4044 [1] pc=[000000008000078e] W[r 0=0000000000000000][0] R[r 6=00000000800024b1] R[r11=0000000000000000] inst=[00b30023] sb      a1, 0(t1)
C0:       4045 [1] pc=[0000000080000792] W[r12=000000000000019e][1] R[r12=000000000000019f] R[r 0=0000000000000000] inst=[0000167d] c.addi  a2, -1
C0:       4046 [1] pc=[0000000080000794] W[r 6=00000000800024b2][1] R[r 6=00000000800024b1] R[r 0=0000000000000000] inst=[00000305] c.addi  t1, 1
C0:       4047 [1] pc=[0000000080000796] W[r 0=0000000000000000][0] R[r12=000000000000019e] R[r 0=0000000000000000] inst=[0000fe65] c.bnez  a2, pc - 8
C0:       4048 [1] pc=[000000008000078e] W[r 0=0000000000000000][0] R[r 6=00000000800024b2] R[r11=0000000000000000] inst=[00b30023] sb      a1, 0(t1)
C0:       4049 [1] pc=[0000000080000792] W[r12=000000000000019d][1] R[r12=000000000000019e] R[r 0=0000000000000000] inst=[0000167d] c.addi  a2, -1
C0:       4050 [1] pc=[0000000080000794] W[r 6=00000000800024b3][1] R[r 6=00000000800024b2] R[r 0=0000000000000000] inst=[00000305] c.addi  t1, 1
C0:       4051 [1] pc=[0000000080000796] W[r 0=0000000000000000][0] R[r12=000000000000019d] R[r 0=0000000000000000] inst=[0000fe65] c.bnez  a2, pc - 8
C0:       4052 [1] pc=[000000008000078e] W[r 0=0000000000000000][0] R[r 6=00000000800024b3] R[r11=0000000000000000] inst=[00b30023] sb      a1, 0(t1)
C0:       4053 [1] pc=[0000000080000792] W[r12=000000000000019c][1] R[r12=000000000000019d] R[r 0=0000000000000000] inst=[0000167d] c.addi  a2, -1
C0:       4054 [1] pc=[0000000080000794] W[r 6=00000000800024b4][1] R[r 6=00000000800024b3] R[r 0=0000000000000000] inst=[00000305] c.addi  t1, 1
C0:       4055 [1] pc=[0000000080000796] W[r 0=0000000000000000][0] R[r12=000000000000019c] R[r 0=0000000000000000] inst=[0000fe65] c.bnez  a2, pc - 8
C0:       4056 [1] pc=[000000008000078e] W[r 0=0000000000000000][0] R[r 6=00000000800024b4] R[r11=0000000000000000] inst=[00b30023] sb      a1, 0(t1)
C0:       4057 [1] pc=[0000000080000792] W[r12=000000000000019b][1] R[r12=000000000000019c] R[r 0=0000000000000000] inst=[0000167d] c.addi  a2, -1
C0:       4058 [1] pc=[0000000080000794] W[r 6=00000000800024b5][1] R[r 6=00000000800024b4] R[r 0=0000000000000000] inst=[00000305] c.addi  t1, 1
C0:       4059 [1] pc=[0000000080000796] W[r 0=0000000000000000][0] R[r12=000000000000019b] R[r 0=0000000000000000] inst=[0000fe65] c.bnez  a2, pc - 8
C0:       4060 [1] pc=[000000008000078e] W[r 0=0000000000000000][0] R[r 6=00000000800024b5] R[r11=0000000000000000] inst=[00b30023] sb      a1, 0(t1)
C0:       4061 [1] pc=[0000000080000792] W[r12=000000000000019a][1] R[r12=000000000000019b] R[r 0=0000000000000000] inst=[0000167d] c.addi  a2, -1
C0:       4062 [1] pc=[0000000080000794] W[r 6=00000000800024b6][1] R[r 6=00000000800024b5] R[r 0=0000000000000000] inst=[00000305] c.addi  t1, 1
C0:       4063 [1] pc=[0000000080000796] W[r 0=0000000000000000][0] R[r12=000000000000019a] R[r 0=0000000000000000] inst=[0000fe65] c.bnez  a2, pc - 8
C0:       4064 [1] pc=[000000008000078e] W[r 0=0000000000000000][0] R[r 6=00000000800024b6] R[r11=0000000000000000] inst=[00b30023] sb      a1, 0(t1)
C0:       4065 [1] pc=[0000000080000792] W[r12=0000000000000199][1] R[r12=000000000000019a] R[r 0=0000000000000000] inst=[0000167d] c.addi  a2, -1
C0:       4066 [1] pc=[0000000080000794] W[r 6=00000000800024b7][1] R[r 6=00000000800024b6] R[r 0=0000000000000000] inst=[00000305] c.addi  t1, 1
C0:       4067 [1] pc=[0000000080000796] W[r 0=0000000000000000][0] R[r12=0000000000000199] R[r 0=0000000000000000] inst=[0000fe65] c.bnez  a2, pc - 8
C0:       4068 [1] pc=[000000008000078e] W[r 0=0000000000000000][0] R[r 6=00000000800024b7] R[r11=0000000000000000] inst=[00b30023] sb      a1, 0(t1)
C0:       4069 [1] pc=[0000000080000792] W[r12=0000000000000198][1] R[r12=0000000000000199] R[r 0=0000000000000000] inst=[0000167d] c.addi  a2, -1
C0:       4070 [1] pc=[0000000080000794] W[r 6=00000000800024b8][1] R[r 6=00000000800024b7] R[r 0=0000000000000000] inst=[00000305] c.addi  t1, 1
C0:       4071 [1] pc=[0000000080000796] W[r 0=0000000000000000][0] R[r12=0000000000000198] R[r 0=0000000000000000] inst=[0000fe65] c.bnez  a2, pc - 8
C0:       4072 [1] pc=[000000008000078e] W[r 0=0000000000000000][0] R[r 6=00000000800024b8] R[r11=0000000000000000] inst=[00b30023] sb      a1, 0(t1)
C0:       4073 [1] pc=[0000000080000792] W[r12=0000000000000197][1] R[r12=0000000000000198] R[r 0=0000000000000000] inst=[0000167d] c.addi  a2, -1
C0:       4074 [1] pc=[0000000080000794] W[r 6=00000000800024b9][1] R[r 6=00000000800024b8] R[r 0=0000000000000000] inst=[00000305] c.addi  t1, 1
C0:       4075 [1] pc=[0000000080000796] W[r 0=0000000000000000][0] R[r12=0000000000000197] R[r 0=0000000000000000] inst=[0000fe65] c.bnez  a2, pc - 8
C0:       4076 [1] pc=[000000008000078e] W[r 0=0000000000000000][0] R[r 6=00000000800024b9] R[r11=0000000000000000] inst=[00b30023] sb      a1, 0(t1)
C0:       4077 [1] pc=[0000000080000792] W[r12=0000000000000196][1] R[r12=0000000000000197] R[r 0=0000000000000000] inst=[0000167d] c.addi  a2, -1
C0:       4078 [1] pc=[0000000080000794] W[r 6=00000000800024ba][1] R[r 6=00000000800024b9] R[r 0=0000000000000000] inst=[00000305] c.addi  t1, 1
C0:       4079 [1] pc=[0000000080000796] W[r 0=0000000000000000][0] R[r12=0000000000000196] R[r 0=0000000000000000] inst=[0000fe65] c.bnez  a2, pc - 8
C0:       4080 [1] pc=[000000008000078e] W[r 0=0000000000000000][0] R[r 6=00000000800024ba] R[r11=0000000000000000] inst=[00b30023] sb      a1, 0(t1)
C0:       4081 [1] pc=[0000000080000792] W[r12=0000000000000195][1] R[r12=0000000000000196] R[r 0=0000000000000000] inst=[0000167d] c.addi  a2, -1
C0:       4082 [1] pc=[0000000080000794] W[r 6=00000000800024bb][1] R[r 6=00000000800024ba] R[r 0=0000000000000000] inst=[00000305] c.addi  t1, 1
C0:       4083 [1] pc=[0000000080000796] W[r 0=0000000000000000][0] R[r12=0000000000000195] R[r 0=0000000000000000] inst=[0000fe65] c.bnez  a2, pc - 8
C0:       4084 [1] pc=[000000008000078e] W[r 0=0000000000000000][0] R[r 6=00000000800024bb] R[r11=0000000000000000] inst=[00b30023] sb      a1, 0(t1)
C0:       4085 [1] pc=[0000000080000792] W[r12=0000000000000194][1] R[r12=0000000000000195] R[r 0=0000000000000000] inst=[0000167d] c.addi  a2, -1
C0:       4086 [1] pc=[0000000080000794] W[r 6=00000000800024bc][1] R[r 6=00000000800024bb] R[r 0=0000000000000000] inst=[00000305] c.addi  t1, 1
C0:       4087 [1] pc=[0000000080000796] W[r 0=0000000000000000][0] R[r12=0000000000000194] R[r 0=0000000000000000] inst=[0000fe65] c.bnez  a2, pc - 8
C0:       4088 [1] pc=[000000008000078e] W[r 0=0000000000000000][0] R[r 6=00000000800024bc] R[r11=0000000000000000] inst=[00b30023] sb      a1, 0(t1)
C0:       4089 [1] pc=[0000000080000792] W[r12=0000000000000193][1] R[r12=0000000000000194] R[r 0=0000000000000000] inst=[0000167d] c.addi  a2, -1
C0:       4090 [1] pc=[0000000080000794] W[r 6=00000000800024bd][1] R[r 6=00000000800024bc] R[r 0=0000000000000000] inst=[00000305] c.addi  t1, 1
C0:       4091 [1] pc=[0000000080000796] W[r 0=0000000000000000][0] R[r12=0000000000000193] R[r 0=0000000000000000] inst=[0000fe65] c.bnez  a2, pc - 8
C0:       4092 [1] pc=[000000008000078e] W[r 0=0000000000000000][0] R[r 6=00000000800024bd] R[r11=0000000000000000] inst=[00b30023] sb      a1, 0(t1)
C0:       4093 [1] pc=[0000000080000792] W[r12=0000000000000192][1] R[r12=0000000000000193] R[r 0=0000000000000000] inst=[0000167d] c.addi  a2, -1
C0:       4094 [1] pc=[0000000080000794] W[r 6=00000000800024be][1] R[r 6=00000000800024bd] R[r 0=0000000000000000] inst=[00000305] c.addi  t1, 1
C0:       4095 [1] pc=[0000000080000796] W[r 0=0000000000000000][0] R[r12=0000000000000192] R[r 0=0000000000000000] inst=[0000fe65] c.bnez  a2, pc - 8
C0:       4096 [1] pc=[000000008000078e] W[r 0=0000000000000000][0] R[r 6=00000000800024be] R[r11=0000000000000000] inst=[00b30023] sb      a1, 0(t1)
C0:       4097 [1] pc=[0000000080000792] W[r12=0000000000000191][1] R[r12=0000000000000192] R[r 0=0000000000000000] inst=[0000167d] c.addi  a2, -1
C0:       4098 [1] pc=[0000000080000794] W[r 6=00000000800024bf][1] R[r 6=00000000800024be] R[r 0=0000000000000000] inst=[00000305] c.addi  t1, 1
C0:       4099 [1] pc=[0000000080000796] W[r 0=0000000000000000][0] R[r12=0000000000000191] R[r 0=0000000000000000] inst=[0000fe65] c.bnez  a2, pc - 8
C0:       4100 [1] pc=[000000008000078e] W[r 0=0000000000000000][0] R[r 6=00000000800024bf] R[r11=0000000000000000] inst=[00b30023] sb      a1, 0(t1)
C0:       4101 [1] pc=[0000000080000792] W[r12=0000000000000190][1] R[r12=0000000000000191] R[r 0=0000000000000000] inst=[0000167d] c.addi  a2, -1
C0:       4102 [1] pc=[0000000080000794] W[r 6=00000000800024c0][1] R[r 6=00000000800024bf] R[r 0=0000000000000000] inst=[00000305] c.addi  t1, 1
C0:       4103 [1] pc=[0000000080000796] W[r 0=0000000000000000][0] R[r12=0000000000000190] R[r 0=0000000000000000] inst=[0000fe65] c.bnez  a2, pc - 8
C0:       4130 [1] pc=[000000008000078e] W[r 0=0000000000000000][0] R[r 6=00000000800024c0] R[r11=0000000000000000] inst=[00b30023] sb      a1, 0(t1)
C0:       4131 [1] pc=[0000000080000792] W[r12=000000000000018f][1] R[r12=0000000000000190] R[r 0=0000000000000000] inst=[0000167d] c.addi  a2, -1
C0:       4132 [1] pc=[0000000080000794] W[r 6=00000000800024c1][1] R[r 6=00000000800024c0] R[r 0=0000000000000000] inst=[00000305] c.addi  t1, 1
C0:       4133 [1] pc=[0000000080000796] W[r 0=0000000000000000][0] R[r12=000000000000018f] R[r 0=0000000000000000] inst=[0000fe65] c.bnez  a2, pc - 8
C0:       4134 [1] pc=[000000008000078e] W[r 0=0000000000000000][0] R[r 6=00000000800024c1] R[r11=0000000000000000] inst=[00b30023] sb      a1, 0(t1)
C0:       4135 [1] pc=[0000000080000792] W[r12=000000000000018e][1] R[r12=000000000000018f] R[r 0=0000000000000000] inst=[0000167d] c.addi  a2, -1
C0:       4136 [1] pc=[0000000080000794] W[r 6=00000000800024c2][1] R[r 6=00000000800024c1] R[r 0=0000000000000000] inst=[00000305] c.addi  t1, 1
C0:       4137 [1] pc=[0000000080000796] W[r 0=0000000000000000][0] R[r12=000000000000018e] R[r 0=0000000000000000] inst=[0000fe65] c.bnez  a2, pc - 8
C0:       4138 [1] pc=[000000008000078e] W[r 0=0000000000000000][0] R[r 6=00000000800024c2] R[r11=0000000000000000] inst=[00b30023] sb      a1, 0(t1)
C0:       4139 [1] pc=[0000000080000792] W[r12=000000000000018d][1] R[r12=000000000000018e] R[r 0=0000000000000000] inst=[0000167d] c.addi  a2, -1
C0:       4140 [1] pc=[0000000080000794] W[r 6=00000000800024c3][1] R[r 6=00000000800024c2] R[r 0=0000000000000000] inst=[00000305] c.addi  t1, 1
C0:       4141 [1] pc=[0000000080000796] W[r 0=0000000000000000][0] R[r12=000000000000018d] R[r 0=0000000000000000] inst=[0000fe65] c.bnez  a2, pc - 8
C0:       4142 [1] pc=[000000008000078e] W[r 0=0000000000000000][0] R[r 6=00000000800024c3] R[r11=0000000000000000] inst=[00b30023] sb      a1, 0(t1)
C0:       4143 [1] pc=[0000000080000792] W[r12=000000000000018c][1] R[r12=000000000000018d] R[r 0=0000000000000000] inst=[0000167d] c.addi  a2, -1
C0:       4144 [1] pc=[0000000080000794] W[r 6=00000000800024c4][1] R[r 6=00000000800024c3] R[r 0=0000000000000000] inst=[00000305] c.addi  t1, 1
C0:       4145 [1] pc=[0000000080000796] W[r 0=0000000000000000][0] R[r12=000000000000018c] R[r 0=0000000000000000] inst=[0000fe65] c.bnez  a2, pc - 8
C0:       4146 [1] pc=[000000008000078e] W[r 0=0000000000000000][0] R[r 6=00000000800024c4] R[r11=0000000000000000] inst=[00b30023] sb      a1, 0(t1)
C0:       4147 [1] pc=[0000000080000792] W[r12=000000000000018b][1] R[r12=000000000000018c] R[r 0=0000000000000000] inst=[0000167d] c.addi  a2, -1
C0:       4148 [1] pc=[0000000080000794] W[r 6=00000000800024c5][1] R[r 6=00000000800024c4] R[r 0=0000000000000000] inst=[00000305] c.addi  t1, 1
C0:       4149 [1] pc=[0000000080000796] W[r 0=0000000000000000][0] R[r12=000000000000018b] R[r 0=0000000000000000] inst=[0000fe65] c.bnez  a2, pc - 8
C0:       4150 [1] pc=[000000008000078e] W[r 0=0000000000000000][0] R[r 6=00000000800024c5] R[r11=0000000000000000] inst=[00b30023] sb      a1, 0(t1)
C0:       4151 [1] pc=[0000000080000792] W[r12=000000000000018a][1] R[r12=000000000000018b] R[r 0=0000000000000000] inst=[0000167d] c.addi  a2, -1
C0:       4152 [1] pc=[0000000080000794] W[r 6=00000000800024c6][1] R[r 6=00000000800024c5] R[r 0=0000000000000000] inst=[00000305] c.addi  t1, 1
C0:       4153 [1] pc=[0000000080000796] W[r 0=0000000000000000][0] R[r12=000000000000018a] R[r 0=0000000000000000] inst=[0000fe65] c.bnez  a2, pc - 8
C0:       4154 [1] pc=[000000008000078e] W[r 0=0000000000000000][0] R[r 6=00000000800024c6] R[r11=0000000000000000] inst=[00b30023] sb      a1, 0(t1)
C0:       4155 [1] pc=[0000000080000792] W[r12=0000000000000189][1] R[r12=000000000000018a] R[r 0=0000000000000000] inst=[0000167d] c.addi  a2, -1
C0:       4156 [1] pc=[0000000080000794] W[r 6=00000000800024c7][1] R[r 6=00000000800024c6] R[r 0=0000000000000000] inst=[00000305] c.addi  t1, 1
C0:       4157 [1] pc=[0000000080000796] W[r 0=0000000000000000][0] R[r12=0000000000000189] R[r 0=0000000000000000] inst=[0000fe65] c.bnez  a2, pc - 8
C0:       4158 [1] pc=[000000008000078e] W[r 0=0000000000000000][0] R[r 6=00000000800024c7] R[r11=0000000000000000] inst=[00b30023] sb      a1, 0(t1)
C0:       4159 [1] pc=[0000000080000792] W[r12=0000000000000188][1] R[r12=0000000000000189] R[r 0=0000000000000000] inst=[0000167d] c.addi  a2, -1
C0:       4160 [1] pc=[0000000080000794] W[r 6=00000000800024c8][1] R[r 6=00000000800024c7] R[r 0=0000000000000000] inst=[00000305] c.addi  t1, 1
C0:       4161 [1] pc=[0000000080000796] W[r 0=0000000000000000][0] R[r12=0000000000000188] R[r 0=0000000000000000] inst=[0000fe65] c.bnez  a2, pc - 8
C0:       4162 [1] pc=[000000008000078e] W[r 0=0000000000000000][0] R[r 6=00000000800024c8] R[r11=0000000000000000] inst=[00b30023] sb      a1, 0(t1)
C0:       4163 [1] pc=[0000000080000792] W[r12=0000000000000187][1] R[r12=0000000000000188] R[r 0=0000000000000000] inst=[0000167d] c.addi  a2, -1
C0:       4164 [1] pc=[0000000080000794] W[r 6=00000000800024c9][1] R[r 6=00000000800024c8] R[r 0=0000000000000000] inst=[00000305] c.addi  t1, 1
C0:       4165 [1] pc=[0000000080000796] W[r 0=0000000000000000][0] R[r12=0000000000000187] R[r 0=0000000000000000] inst=[0000fe65] c.bnez  a2, pc - 8
C0:       4166 [1] pc=[000000008000078e] W[r 0=0000000000000000][0] R[r 6=00000000800024c9] R[r11=0000000000000000] inst=[00b30023] sb      a1, 0(t1)
C0:       4167 [1] pc=[0000000080000792] W[r12=0000000000000186][1] R[r12=0000000000000187] R[r 0=0000000000000000] inst=[0000167d] c.addi  a2, -1
C0:       4168 [1] pc=[0000000080000794] W[r 6=00000000800024ca][1] R[r 6=00000000800024c9] R[r 0=0000000000000000] inst=[00000305] c.addi  t1, 1
C0:       4169 [1] pc=[0000000080000796] W[r 0=0000000000000000][0] R[r12=0000000000000186] R[r 0=0000000000000000] inst=[0000fe65] c.bnez  a2, pc - 8
C0:       4170 [1] pc=[000000008000078e] W[r 0=0000000000000000][0] R[r 6=00000000800024ca] R[r11=0000000000000000] inst=[00b30023] sb      a1, 0(t1)
C0:       4171 [1] pc=[0000000080000792] W[r12=0000000000000185][1] R[r12=0000000000000186] R[r 0=0000000000000000] inst=[0000167d] c.addi  a2, -1
C0:       4172 [1] pc=[0000000080000794] W[r 6=00000000800024cb][1] R[r 6=00000000800024ca] R[r 0=0000000000000000] inst=[00000305] c.addi  t1, 1
C0:       4173 [1] pc=[0000000080000796] W[r 0=0000000000000000][0] R[r12=0000000000000185] R[r 0=0000000000000000] inst=[0000fe65] c.bnez  a2, pc - 8
C0:       4174 [1] pc=[000000008000078e] W[r 0=0000000000000000][0] R[r 6=00000000800024cb] R[r11=0000000000000000] inst=[00b30023] sb      a1, 0(t1)
C0:       4175 [1] pc=[0000000080000792] W[r12=0000000000000184][1] R[r12=0000000000000185] R[r 0=0000000000000000] inst=[0000167d] c.addi  a2, -1
C0:       4176 [1] pc=[0000000080000794] W[r 6=00000000800024cc][1] R[r 6=00000000800024cb] R[r 0=0000000000000000] inst=[00000305] c.addi  t1, 1
C0:       4177 [1] pc=[0000000080000796] W[r 0=0000000000000000][0] R[r12=0000000000000184] R[r 0=0000000000000000] inst=[0000fe65] c.bnez  a2, pc - 8
C0:       4178 [1] pc=[000000008000078e] W[r 0=0000000000000000][0] R[r 6=00000000800024cc] R[r11=0000000000000000] inst=[00b30023] sb      a1, 0(t1)
C0:       4179 [1] pc=[0000000080000792] W[r12=0000000000000183][1] R[r12=0000000000000184] R[r 0=0000000000000000] inst=[0000167d] c.addi  a2, -1
C0:       4180 [1] pc=[0000000080000794] W[r 6=00000000800024cd][1] R[r 6=00000000800024cc] R[r 0=0000000000000000] inst=[00000305] c.addi  t1, 1
C0:       4181 [1] pc=[0000000080000796] W[r 0=0000000000000000][0] R[r12=0000000000000183] R[r 0=0000000000000000] inst=[0000fe65] c.bnez  a2, pc - 8
C0:       4182 [1] pc=[000000008000078e] W[r 0=0000000000000000][0] R[r 6=00000000800024cd] R[r11=0000000000000000] inst=[00b30023] sb      a1, 0(t1)
C0:       4183 [1] pc=[0000000080000792] W[r12=0000000000000182][1] R[r12=0000000000000183] R[r 0=0000000000000000] inst=[0000167d] c.addi  a2, -1
C0:       4184 [1] pc=[0000000080000794] W[r 6=00000000800024ce][1] R[r 6=00000000800024cd] R[r 0=0000000000000000] inst=[00000305] c.addi  t1, 1
C0:       4185 [1] pc=[0000000080000796] W[r 0=0000000000000000][0] R[r12=0000000000000182] R[r 0=0000000000000000] inst=[0000fe65] c.bnez  a2, pc - 8
C0:       4186 [1] pc=[000000008000078e] W[r 0=0000000000000000][0] R[r 6=00000000800024ce] R[r11=0000000000000000] inst=[00b30023] sb      a1, 0(t1)
C0:       4187 [1] pc=[0000000080000792] W[r12=0000000000000181][1] R[r12=0000000000000182] R[r 0=0000000000000000] inst=[0000167d] c.addi  a2, -1
C0:       4188 [1] pc=[0000000080000794] W[r 6=00000000800024cf][1] R[r 6=00000000800024ce] R[r 0=0000000000000000] inst=[00000305] c.addi  t1, 1
C0:       4189 [1] pc=[0000000080000796] W[r 0=0000000000000000][0] R[r12=0000000000000181] R[r 0=0000000000000000] inst=[0000fe65] c.bnez  a2, pc - 8
C0:       4190 [1] pc=[000000008000078e] W[r 0=0000000000000000][0] R[r 6=00000000800024cf] R[r11=0000000000000000] inst=[00b30023] sb      a1, 0(t1)
C0:       4191 [1] pc=[0000000080000792] W[r12=0000000000000180][1] R[r12=0000000000000181] R[r 0=0000000000000000] inst=[0000167d] c.addi  a2, -1
C0:       4192 [1] pc=[0000000080000794] W[r 6=00000000800024d0][1] R[r 6=00000000800024cf] R[r 0=0000000000000000] inst=[00000305] c.addi  t1, 1
C0:       4193 [1] pc=[0000000080000796] W[r 0=0000000000000000][0] R[r12=0000000000000180] R[r 0=0000000000000000] inst=[0000fe65] c.bnez  a2, pc - 8
C0:       4194 [1] pc=[000000008000078e] W[r 0=0000000000000000][0] R[r 6=00000000800024d0] R[r11=0000000000000000] inst=[00b30023] sb      a1, 0(t1)
C0:       4195 [1] pc=[0000000080000792] W[r12=000000000000017f][1] R[r12=0000000000000180] R[r 0=0000000000000000] inst=[0000167d] c.addi  a2, -1
C0:       4196 [1] pc=[0000000080000794] W[r 6=00000000800024d1][1] R[r 6=00000000800024d0] R[r 0=0000000000000000] inst=[00000305] c.addi  t1, 1
C0:       4197 [1] pc=[0000000080000796] W[r 0=0000000000000000][0] R[r12=000000000000017f] R[r 0=0000000000000000] inst=[0000fe65] c.bnez  a2, pc - 8
C0:       4198 [1] pc=[000000008000078e] W[r 0=0000000000000000][0] R[r 6=00000000800024d1] R[r11=0000000000000000] inst=[00b30023] sb      a1, 0(t1)
C0:       4199 [1] pc=[0000000080000792] W[r12=000000000000017e][1] R[r12=000000000000017f] R[r 0=0000000000000000] inst=[0000167d] c.addi  a2, -1
C0:       4200 [1] pc=[0000000080000794] W[r 6=00000000800024d2][1] R[r 6=00000000800024d1] R[r 0=0000000000000000] inst=[00000305] c.addi  t1, 1
C0:       4201 [1] pc=[0000000080000796] W[r 0=0000000000000000][0] R[r12=000000000000017e] R[r 0=0000000000000000] inst=[0000fe65] c.bnez  a2, pc - 8
C0:       4202 [1] pc=[000000008000078e] W[r 0=0000000000000000][0] R[r 6=00000000800024d2] R[r11=0000000000000000] inst=[00b30023] sb      a1, 0(t1)
C0:       4203 [1] pc=[0000000080000792] W[r12=000000000000017d][1] R[r12=000000000000017e] R[r 0=0000000000000000] inst=[0000167d] c.addi  a2, -1
C0:       4204 [1] pc=[0000000080000794] W[r 6=00000000800024d3][1] R[r 6=00000000800024d2] R[r 0=0000000000000000] inst=[00000305] c.addi  t1, 1
C0:       4205 [1] pc=[0000000080000796] W[r 0=0000000000000000][0] R[r12=000000000000017d] R[r 0=0000000000000000] inst=[0000fe65] c.bnez  a2, pc - 8
C0:       4206 [1] pc=[000000008000078e] W[r 0=0000000000000000][0] R[r 6=00000000800024d3] R[r11=0000000000000000] inst=[00b30023] sb      a1, 0(t1)
C0:       4207 [1] pc=[0000000080000792] W[r12=000000000000017c][1] R[r12=000000000000017d] R[r 0=0000000000000000] inst=[0000167d] c.addi  a2, -1
C0:       4208 [1] pc=[0000000080000794] W[r 6=00000000800024d4][1] R[r 6=00000000800024d3] R[r 0=0000000000000000] inst=[00000305] c.addi  t1, 1
C0:       4209 [1] pc=[0000000080000796] W[r 0=0000000000000000][0] R[r12=000000000000017c] R[r 0=0000000000000000] inst=[0000fe65] c.bnez  a2, pc - 8
C0:       4210 [1] pc=[000000008000078e] W[r 0=0000000000000000][0] R[r 6=00000000800024d4] R[r11=0000000000000000] inst=[00b30023] sb      a1, 0(t1)
C0:       4211 [1] pc=[0000000080000792] W[r12=000000000000017b][1] R[r12=000000000000017c] R[r 0=0000000000000000] inst=[0000167d] c.addi  a2, -1
C0:       4212 [1] pc=[0000000080000794] W[r 6=00000000800024d5][1] R[r 6=00000000800024d4] R[r 0=0000000000000000] inst=[00000305] c.addi  t1, 1
C0:       4213 [1] pc=[0000000080000796] W[r 0=0000000000000000][0] R[r12=000000000000017b] R[r 0=0000000000000000] inst=[0000fe65] c.bnez  a2, pc - 8
C0:       4214 [1] pc=[000000008000078e] W[r 0=0000000000000000][0] R[r 6=00000000800024d5] R[r11=0000000000000000] inst=[00b30023] sb      a1, 0(t1)
C0:       4215 [1] pc=[0000000080000792] W[r12=000000000000017a][1] R[r12=000000000000017b] R[r 0=0000000000000000] inst=[0000167d] c.addi  a2, -1
C0:       4216 [1] pc=[0000000080000794] W[r 6=00000000800024d6][1] R[r 6=00000000800024d5] R[r 0=0000000000000000] inst=[00000305] c.addi  t1, 1
C0:       4217 [1] pc=[0000000080000796] W[r 0=0000000000000000][0] R[r12=000000000000017a] R[r 0=0000000000000000] inst=[0000fe65] c.bnez  a2, pc - 8
C0:       4218 [1] pc=[000000008000078e] W[r 0=0000000000000000][0] R[r 6=00000000800024d6] R[r11=0000000000000000] inst=[00b30023] sb      a1, 0(t1)
C0:       4219 [1] pc=[0000000080000792] W[r12=0000000000000179][1] R[r12=000000000000017a] R[r 0=0000000000000000] inst=[0000167d] c.addi  a2, -1
C0:       4220 [1] pc=[0000000080000794] W[r 6=00000000800024d7][1] R[r 6=00000000800024d6] R[r 0=0000000000000000] inst=[00000305] c.addi  t1, 1
C0:       4221 [1] pc=[0000000080000796] W[r 0=0000000000000000][0] R[r12=0000000000000179] R[r 0=0000000000000000] inst=[0000fe65] c.bnez  a2, pc - 8
C0:       4222 [1] pc=[000000008000078e] W[r 0=0000000000000000][0] R[r 6=00000000800024d7] R[r11=0000000000000000] inst=[00b30023] sb      a1, 0(t1)
C0:       4223 [1] pc=[0000000080000792] W[r12=0000000000000178][1] R[r12=0000000000000179] R[r 0=0000000000000000] inst=[0000167d] c.addi  a2, -1
C0:       4224 [1] pc=[0000000080000794] W[r 6=00000000800024d8][1] R[r 6=00000000800024d7] R[r 0=0000000000000000] inst=[00000305] c.addi  t1, 1
C0:       4225 [1] pc=[0000000080000796] W[r 0=0000000000000000][0] R[r12=0000000000000178] R[r 0=0000000000000000] inst=[0000fe65] c.bnez  a2, pc - 8
C0:       4226 [1] pc=[000000008000078e] W[r 0=0000000000000000][0] R[r 6=00000000800024d8] R[r11=0000000000000000] inst=[00b30023] sb      a1, 0(t1)
C0:       4227 [1] pc=[0000000080000792] W[r12=0000000000000177][1] R[r12=0000000000000178] R[r 0=0000000000000000] inst=[0000167d] c.addi  a2, -1
C0:       4228 [1] pc=[0000000080000794] W[r 6=00000000800024d9][1] R[r 6=00000000800024d8] R[r 0=0000000000000000] inst=[00000305] c.addi  t1, 1
C0:       4229 [1] pc=[0000000080000796] W[r 0=0000000000000000][0] R[r12=0000000000000177] R[r 0=0000000000000000] inst=[0000fe65] c.bnez  a2, pc - 8
C0:       4230 [1] pc=[000000008000078e] W[r 0=0000000000000000][0] R[r 6=00000000800024d9] R[r11=0000000000000000] inst=[00b30023] sb      a1, 0(t1)
C0:       4231 [1] pc=[0000000080000792] W[r12=0000000000000176][1] R[r12=0000000000000177] R[r 0=0000000000000000] inst=[0000167d] c.addi  a2, -1
C0:       4232 [1] pc=[0000000080000794] W[r 6=00000000800024da][1] R[r 6=00000000800024d9] R[r 0=0000000000000000] inst=[00000305] c.addi  t1, 1
C0:       4233 [1] pc=[0000000080000796] W[r 0=0000000000000000][0] R[r12=0000000000000176] R[r 0=0000000000000000] inst=[0000fe65] c.bnez  a2, pc - 8
C0:       4234 [1] pc=[000000008000078e] W[r 0=0000000000000000][0] R[r 6=00000000800024da] R[r11=0000000000000000] inst=[00b30023] sb      a1, 0(t1)
C0:       4235 [1] pc=[0000000080000792] W[r12=0000000000000175][1] R[r12=0000000000000176] R[r 0=0000000000000000] inst=[0000167d] c.addi  a2, -1
C0:       4236 [1] pc=[0000000080000794] W[r 6=00000000800024db][1] R[r 6=00000000800024da] R[r 0=0000000000000000] inst=[00000305] c.addi  t1, 1
C0:       4237 [1] pc=[0000000080000796] W[r 0=0000000000000000][0] R[r12=0000000000000175] R[r 0=0000000000000000] inst=[0000fe65] c.bnez  a2, pc - 8
C0:       4238 [1] pc=[000000008000078e] W[r 0=0000000000000000][0] R[r 6=00000000800024db] R[r11=0000000000000000] inst=[00b30023] sb      a1, 0(t1)
C0:       4239 [1] pc=[0000000080000792] W[r12=0000000000000174][1] R[r12=0000000000000175] R[r 0=0000000000000000] inst=[0000167d] c.addi  a2, -1
C0:       4240 [1] pc=[0000000080000794] W[r 6=00000000800024dc][1] R[r 6=00000000800024db] R[r 0=0000000000000000] inst=[00000305] c.addi  t1, 1
C0:       4241 [1] pc=[0000000080000796] W[r 0=0000000000000000][0] R[r12=0000000000000174] R[r 0=0000000000000000] inst=[0000fe65] c.bnez  a2, pc - 8
C0:       4242 [1] pc=[000000008000078e] W[r 0=0000000000000000][0] R[r 6=00000000800024dc] R[r11=0000000000000000] inst=[00b30023] sb      a1, 0(t1)
C0:       4243 [1] pc=[0000000080000792] W[r12=0000000000000173][1] R[r12=0000000000000174] R[r 0=0000000000000000] inst=[0000167d] c.addi  a2, -1
C0:       4244 [1] pc=[0000000080000794] W[r 6=00000000800024dd][1] R[r 6=00000000800024dc] R[r 0=0000000000000000] inst=[00000305] c.addi  t1, 1
C0:       4245 [1] pc=[0000000080000796] W[r 0=0000000000000000][0] R[r12=0000000000000173] R[r 0=0000000000000000] inst=[0000fe65] c.bnez  a2, pc - 8
C0:       4246 [1] pc=[000000008000078e] W[r 0=0000000000000000][0] R[r 6=00000000800024dd] R[r11=0000000000000000] inst=[00b30023] sb      a1, 0(t1)
C0:       4247 [1] pc=[0000000080000792] W[r12=0000000000000172][1] R[r12=0000000000000173] R[r 0=0000000000000000] inst=[0000167d] c.addi  a2, -1
C0:       4248 [1] pc=[0000000080000794] W[r 6=00000000800024de][1] R[r 6=00000000800024dd] R[r 0=0000000000000000] inst=[00000305] c.addi  t1, 1
C0:       4249 [1] pc=[0000000080000796] W[r 0=0000000000000000][0] R[r12=0000000000000172] R[r 0=0000000000000000] inst=[0000fe65] c.bnez  a2, pc - 8
C0:       4250 [1] pc=[000000008000078e] W[r 0=0000000000000000][0] R[r 6=00000000800024de] R[r11=0000000000000000] inst=[00b30023] sb      a1, 0(t1)
C0:       4251 [1] pc=[0000000080000792] W[r12=0000000000000171][1] R[r12=0000000000000172] R[r 0=0000000000000000] inst=[0000167d] c.addi  a2, -1
C0:       4252 [1] pc=[0000000080000794] W[r 6=00000000800024df][1] R[r 6=00000000800024de] R[r 0=0000000000000000] inst=[00000305] c.addi  t1, 1
C0:       4253 [1] pc=[0000000080000796] W[r 0=0000000000000000][0] R[r12=0000000000000171] R[r 0=0000000000000000] inst=[0000fe65] c.bnez  a2, pc - 8
C0:       4254 [1] pc=[000000008000078e] W[r 0=0000000000000000][0] R[r 6=00000000800024df] R[r11=0000000000000000] inst=[00b30023] sb      a1, 0(t1)
C0:       4255 [1] pc=[0000000080000792] W[r12=0000000000000170][1] R[r12=0000000000000171] R[r 0=0000000000000000] inst=[0000167d] c.addi  a2, -1
C0:       4256 [1] pc=[0000000080000794] W[r 6=00000000800024e0][1] R[r 6=00000000800024df] R[r 0=0000000000000000] inst=[00000305] c.addi  t1, 1
C0:       4257 [1] pc=[0000000080000796] W[r 0=0000000000000000][0] R[r12=0000000000000170] R[r 0=0000000000000000] inst=[0000fe65] c.bnez  a2, pc - 8
C0:       4258 [1] pc=[000000008000078e] W[r 0=0000000000000000][0] R[r 6=00000000800024e0] R[r11=0000000000000000] inst=[00b30023] sb      a1, 0(t1)
C0:       4259 [1] pc=[0000000080000792] W[r12=000000000000016f][1] R[r12=0000000000000170] R[r 0=0000000000000000] inst=[0000167d] c.addi  a2, -1
C0:       4260 [1] pc=[0000000080000794] W[r 6=00000000800024e1][1] R[r 6=00000000800024e0] R[r 0=0000000000000000] inst=[00000305] c.addi  t1, 1
C0:       4261 [1] pc=[0000000080000796] W[r 0=0000000000000000][0] R[r12=000000000000016f] R[r 0=0000000000000000] inst=[0000fe65] c.bnez  a2, pc - 8
C0:       4262 [1] pc=[000000008000078e] W[r 0=0000000000000000][0] R[r 6=00000000800024e1] R[r11=0000000000000000] inst=[00b30023] sb      a1, 0(t1)
C0:       4263 [1] pc=[0000000080000792] W[r12=000000000000016e][1] R[r12=000000000000016f] R[r 0=0000000000000000] inst=[0000167d] c.addi  a2, -1
C0:       4264 [1] pc=[0000000080000794] W[r 6=00000000800024e2][1] R[r 6=00000000800024e1] R[r 0=0000000000000000] inst=[00000305] c.addi  t1, 1
C0:       4265 [1] pc=[0000000080000796] W[r 0=0000000000000000][0] R[r12=000000000000016e] R[r 0=0000000000000000] inst=[0000fe65] c.bnez  a2, pc - 8
C0:       4266 [1] pc=[000000008000078e] W[r 0=0000000000000000][0] R[r 6=00000000800024e2] R[r11=0000000000000000] inst=[00b30023] sb      a1, 0(t1)
C0:       4267 [1] pc=[0000000080000792] W[r12=000000000000016d][1] R[r12=000000000000016e] R[r 0=0000000000000000] inst=[0000167d] c.addi  a2, -1
C0:       4268 [1] pc=[0000000080000794] W[r 6=00000000800024e3][1] R[r 6=00000000800024e2] R[r 0=0000000000000000] inst=[00000305] c.addi  t1, 1
C0:       4269 [1] pc=[0000000080000796] W[r 0=0000000000000000][0] R[r12=000000000000016d] R[r 0=0000000000000000] inst=[0000fe65] c.bnez  a2, pc - 8
C0:       4270 [1] pc=[000000008000078e] W[r 0=0000000000000000][0] R[r 6=00000000800024e3] R[r11=0000000000000000] inst=[00b30023] sb      a1, 0(t1)
C0:       4271 [1] pc=[0000000080000792] W[r12=000000000000016c][1] R[r12=000000000000016d] R[r 0=0000000000000000] inst=[0000167d] c.addi  a2, -1
C0:       4272 [1] pc=[0000000080000794] W[r 6=00000000800024e4][1] R[r 6=00000000800024e3] R[r 0=0000000000000000] inst=[00000305] c.addi  t1, 1
C0:       4273 [1] pc=[0000000080000796] W[r 0=0000000000000000][0] R[r12=000000000000016c] R[r 0=0000000000000000] inst=[0000fe65] c.bnez  a2, pc - 8
C0:       4274 [1] pc=[000000008000078e] W[r 0=0000000000000000][0] R[r 6=00000000800024e4] R[r11=0000000000000000] inst=[00b30023] sb      a1, 0(t1)
C0:       4275 [1] pc=[0000000080000792] W[r12=000000000000016b][1] R[r12=000000000000016c] R[r 0=0000000000000000] inst=[0000167d] c.addi  a2, -1
C0:       4276 [1] pc=[0000000080000794] W[r 6=00000000800024e5][1] R[r 6=00000000800024e4] R[r 0=0000000000000000] inst=[00000305] c.addi  t1, 1
C0:       4277 [1] pc=[0000000080000796] W[r 0=0000000000000000][0] R[r12=000000000000016b] R[r 0=0000000000000000] inst=[0000fe65] c.bnez  a2, pc - 8
C0:       4278 [1] pc=[000000008000078e] W[r 0=0000000000000000][0] R[r 6=00000000800024e5] R[r11=0000000000000000] inst=[00b30023] sb      a1, 0(t1)
C0:       4279 [1] pc=[0000000080000792] W[r12=000000000000016a][1] R[r12=000000000000016b] R[r 0=0000000000000000] inst=[0000167d] c.addi  a2, -1
C0:       4280 [1] pc=[0000000080000794] W[r 6=00000000800024e6][1] R[r 6=00000000800024e5] R[r 0=0000000000000000] inst=[00000305] c.addi  t1, 1
C0:       4281 [1] pc=[0000000080000796] W[r 0=0000000000000000][0] R[r12=000000000000016a] R[r 0=0000000000000000] inst=[0000fe65] c.bnez  a2, pc - 8
C0:       4282 [1] pc=[000000008000078e] W[r 0=0000000000000000][0] R[r 6=00000000800024e6] R[r11=0000000000000000] inst=[00b30023] sb      a1, 0(t1)
C0:       4283 [1] pc=[0000000080000792] W[r12=0000000000000169][1] R[r12=000000000000016a] R[r 0=0000000000000000] inst=[0000167d] c.addi  a2, -1
C0:       4284 [1] pc=[0000000080000794] W[r 6=00000000800024e7][1] R[r 6=00000000800024e6] R[r 0=0000000000000000] inst=[00000305] c.addi  t1, 1
C0:       4285 [1] pc=[0000000080000796] W[r 0=0000000000000000][0] R[r12=0000000000000169] R[r 0=0000000000000000] inst=[0000fe65] c.bnez  a2, pc - 8
C0:       4286 [1] pc=[000000008000078e] W[r 0=0000000000000000][0] R[r 6=00000000800024e7] R[r11=0000000000000000] inst=[00b30023] sb      a1, 0(t1)
C0:       4287 [1] pc=[0000000080000792] W[r12=0000000000000168][1] R[r12=0000000000000169] R[r 0=0000000000000000] inst=[0000167d] c.addi  a2, -1
C0:       4288 [1] pc=[0000000080000794] W[r 6=00000000800024e8][1] R[r 6=00000000800024e7] R[r 0=0000000000000000] inst=[00000305] c.addi  t1, 1
C0:       4289 [1] pc=[0000000080000796] W[r 0=0000000000000000][0] R[r12=0000000000000168] R[r 0=0000000000000000] inst=[0000fe65] c.bnez  a2, pc - 8
C0:       4290 [1] pc=[000000008000078e] W[r 0=0000000000000000][0] R[r 6=00000000800024e8] R[r11=0000000000000000] inst=[00b30023] sb      a1, 0(t1)
C0:       4291 [1] pc=[0000000080000792] W[r12=0000000000000167][1] R[r12=0000000000000168] R[r 0=0000000000000000] inst=[0000167d] c.addi  a2, -1
C0:       4292 [1] pc=[0000000080000794] W[r 6=00000000800024e9][1] R[r 6=00000000800024e8] R[r 0=0000000000000000] inst=[00000305] c.addi  t1, 1
C0:       4293 [1] pc=[0000000080000796] W[r 0=0000000000000000][0] R[r12=0000000000000167] R[r 0=0000000000000000] inst=[0000fe65] c.bnez  a2, pc - 8
C0:       4294 [1] pc=[000000008000078e] W[r 0=0000000000000000][0] R[r 6=00000000800024e9] R[r11=0000000000000000] inst=[00b30023] sb      a1, 0(t1)
C0:       4295 [1] pc=[0000000080000792] W[r12=0000000000000166][1] R[r12=0000000000000167] R[r 0=0000000000000000] inst=[0000167d] c.addi  a2, -1
C0:       4296 [1] pc=[0000000080000794] W[r 6=00000000800024ea][1] R[r 6=00000000800024e9] R[r 0=0000000000000000] inst=[00000305] c.addi  t1, 1
C0:       4297 [1] pc=[0000000080000796] W[r 0=0000000000000000][0] R[r12=0000000000000166] R[r 0=0000000000000000] inst=[0000fe65] c.bnez  a2, pc - 8
C0:       4298 [1] pc=[000000008000078e] W[r 0=0000000000000000][0] R[r 6=00000000800024ea] R[r11=0000000000000000] inst=[00b30023] sb      a1, 0(t1)
C0:       4299 [1] pc=[0000000080000792] W[r12=0000000000000165][1] R[r12=0000000000000166] R[r 0=0000000000000000] inst=[0000167d] c.addi  a2, -1
C0:       4300 [1] pc=[0000000080000794] W[r 6=00000000800024eb][1] R[r 6=00000000800024ea] R[r 0=0000000000000000] inst=[00000305] c.addi  t1, 1
C0:       4301 [1] pc=[0000000080000796] W[r 0=0000000000000000][0] R[r12=0000000000000165] R[r 0=0000000000000000] inst=[0000fe65] c.bnez  a2, pc - 8
C0:       4302 [1] pc=[000000008000078e] W[r 0=0000000000000000][0] R[r 6=00000000800024eb] R[r11=0000000000000000] inst=[00b30023] sb      a1, 0(t1)
C0:       4303 [1] pc=[0000000080000792] W[r12=0000000000000164][1] R[r12=0000000000000165] R[r 0=0000000000000000] inst=[0000167d] c.addi  a2, -1
C0:       4304 [1] pc=[0000000080000794] W[r 6=00000000800024ec][1] R[r 6=00000000800024eb] R[r 0=0000000000000000] inst=[00000305] c.addi  t1, 1
C0:       4305 [1] pc=[0000000080000796] W[r 0=0000000000000000][0] R[r12=0000000000000164] R[r 0=0000000000000000] inst=[0000fe65] c.bnez  a2, pc - 8
C0:       4306 [1] pc=[000000008000078e] W[r 0=0000000000000000][0] R[r 6=00000000800024ec] R[r11=0000000000000000] inst=[00b30023] sb      a1, 0(t1)
C0:       4307 [1] pc=[0000000080000792] W[r12=0000000000000163][1] R[r12=0000000000000164] R[r 0=0000000000000000] inst=[0000167d] c.addi  a2, -1
C0:       4308 [1] pc=[0000000080000794] W[r 6=00000000800024ed][1] R[r 6=00000000800024ec] R[r 0=0000000000000000] inst=[00000305] c.addi  t1, 1
C0:       4309 [1] pc=[0000000080000796] W[r 0=0000000000000000][0] R[r12=0000000000000163] R[r 0=0000000000000000] inst=[0000fe65] c.bnez  a2, pc - 8
C0:       4310 [1] pc=[000000008000078e] W[r 0=0000000000000000][0] R[r 6=00000000800024ed] R[r11=0000000000000000] inst=[00b30023] sb      a1, 0(t1)
C0:       4311 [1] pc=[0000000080000792] W[r12=0000000000000162][1] R[r12=0000000000000163] R[r 0=0000000000000000] inst=[0000167d] c.addi  a2, -1
C0:       4312 [1] pc=[0000000080000794] W[r 6=00000000800024ee][1] R[r 6=00000000800024ed] R[r 0=0000000000000000] inst=[00000305] c.addi  t1, 1
C0:       4313 [1] pc=[0000000080000796] W[r 0=0000000000000000][0] R[r12=0000000000000162] R[r 0=0000000000000000] inst=[0000fe65] c.bnez  a2, pc - 8
C0:       4314 [1] pc=[000000008000078e] W[r 0=0000000000000000][0] R[r 6=00000000800024ee] R[r11=0000000000000000] inst=[00b30023] sb      a1, 0(t1)
C0:       4315 [1] pc=[0000000080000792] W[r12=0000000000000161][1] R[r12=0000000000000162] R[r 0=0000000000000000] inst=[0000167d] c.addi  a2, -1
C0:       4316 [1] pc=[0000000080000794] W[r 6=00000000800024ef][1] R[r 6=00000000800024ee] R[r 0=0000000000000000] inst=[00000305] c.addi  t1, 1
C0:       4317 [1] pc=[0000000080000796] W[r 0=0000000000000000][0] R[r12=0000000000000161] R[r 0=0000000000000000] inst=[0000fe65] c.bnez  a2, pc - 8
C0:       4318 [1] pc=[000000008000078e] W[r 0=0000000000000000][0] R[r 6=00000000800024ef] R[r11=0000000000000000] inst=[00b30023] sb      a1, 0(t1)
C0:       4319 [1] pc=[0000000080000792] W[r12=0000000000000160][1] R[r12=0000000000000161] R[r 0=0000000000000000] inst=[0000167d] c.addi  a2, -1
C0:       4320 [1] pc=[0000000080000794] W[r 6=00000000800024f0][1] R[r 6=00000000800024ef] R[r 0=0000000000000000] inst=[00000305] c.addi  t1, 1
C0:       4321 [1] pc=[0000000080000796] W[r 0=0000000000000000][0] R[r12=0000000000000160] R[r 0=0000000000000000] inst=[0000fe65] c.bnez  a2, pc - 8
C0:       4322 [1] pc=[000000008000078e] W[r 0=0000000000000000][0] R[r 6=00000000800024f0] R[r11=0000000000000000] inst=[00b30023] sb      a1, 0(t1)
C0:       4323 [1] pc=[0000000080000792] W[r12=000000000000015f][1] R[r12=0000000000000160] R[r 0=0000000000000000] inst=[0000167d] c.addi  a2, -1
C0:       4324 [1] pc=[0000000080000794] W[r 6=00000000800024f1][1] R[r 6=00000000800024f0] R[r 0=0000000000000000] inst=[00000305] c.addi  t1, 1
C0:       4325 [1] pc=[0000000080000796] W[r 0=0000000000000000][0] R[r12=000000000000015f] R[r 0=0000000000000000] inst=[0000fe65] c.bnez  a2, pc - 8
C0:       4326 [1] pc=[000000008000078e] W[r 0=0000000000000000][0] R[r 6=00000000800024f1] R[r11=0000000000000000] inst=[00b30023] sb      a1, 0(t1)
C0:       4327 [1] pc=[0000000080000792] W[r12=000000000000015e][1] R[r12=000000000000015f] R[r 0=0000000000000000] inst=[0000167d] c.addi  a2, -1
C0:       4328 [1] pc=[0000000080000794] W[r 6=00000000800024f2][1] R[r 6=00000000800024f1] R[r 0=0000000000000000] inst=[00000305] c.addi  t1, 1
C0:       4329 [1] pc=[0000000080000796] W[r 0=0000000000000000][0] R[r12=000000000000015e] R[r 0=0000000000000000] inst=[0000fe65] c.bnez  a2, pc - 8
C0:       4330 [1] pc=[000000008000078e] W[r 0=0000000000000000][0] R[r 6=00000000800024f2] R[r11=0000000000000000] inst=[00b30023] sb      a1, 0(t1)
C0:       4331 [1] pc=[0000000080000792] W[r12=000000000000015d][1] R[r12=000000000000015e] R[r 0=0000000000000000] inst=[0000167d] c.addi  a2, -1
C0:       4332 [1] pc=[0000000080000794] W[r 6=00000000800024f3][1] R[r 6=00000000800024f2] R[r 0=0000000000000000] inst=[00000305] c.addi  t1, 1
C0:       4333 [1] pc=[0000000080000796] W[r 0=0000000000000000][0] R[r12=000000000000015d] R[r 0=0000000000000000] inst=[0000fe65] c.bnez  a2, pc - 8
C0:       4334 [1] pc=[000000008000078e] W[r 0=0000000000000000][0] R[r 6=00000000800024f3] R[r11=0000000000000000] inst=[00b30023] sb      a1, 0(t1)
C0:       4335 [1] pc=[0000000080000792] W[r12=000000000000015c][1] R[r12=000000000000015d] R[r 0=0000000000000000] inst=[0000167d] c.addi  a2, -1
C0:       4336 [1] pc=[0000000080000794] W[r 6=00000000800024f4][1] R[r 6=00000000800024f3] R[r 0=0000000000000000] inst=[00000305] c.addi  t1, 1
C0:       4337 [1] pc=[0000000080000796] W[r 0=0000000000000000][0] R[r12=000000000000015c] R[r 0=0000000000000000] inst=[0000fe65] c.bnez  a2, pc - 8
C0:       4338 [1] pc=[000000008000078e] W[r 0=0000000000000000][0] R[r 6=00000000800024f4] R[r11=0000000000000000] inst=[00b30023] sb      a1, 0(t1)
C0:       4339 [1] pc=[0000000080000792] W[r12=000000000000015b][1] R[r12=000000000000015c] R[r 0=0000000000000000] inst=[0000167d] c.addi  a2, -1
C0:       4340 [1] pc=[0000000080000794] W[r 6=00000000800024f5][1] R[r 6=00000000800024f4] R[r 0=0000000000000000] inst=[00000305] c.addi  t1, 1
C0:       4341 [1] pc=[0000000080000796] W[r 0=0000000000000000][0] R[r12=000000000000015b] R[r 0=0000000000000000] inst=[0000fe65] c.bnez  a2, pc - 8
C0:       4342 [1] pc=[000000008000078e] W[r 0=0000000000000000][0] R[r 6=00000000800024f5] R[r11=0000000000000000] inst=[00b30023] sb      a1, 0(t1)
C0:       4343 [1] pc=[0000000080000792] W[r12=000000000000015a][1] R[r12=000000000000015b] R[r 0=0000000000000000] inst=[0000167d] c.addi  a2, -1
C0:       4344 [1] pc=[0000000080000794] W[r 6=00000000800024f6][1] R[r 6=00000000800024f5] R[r 0=0000000000000000] inst=[00000305] c.addi  t1, 1
C0:       4345 [1] pc=[0000000080000796] W[r 0=0000000000000000][0] R[r12=000000000000015a] R[r 0=0000000000000000] inst=[0000fe65] c.bnez  a2, pc - 8
C0:       4346 [1] pc=[000000008000078e] W[r 0=0000000000000000][0] R[r 6=00000000800024f6] R[r11=0000000000000000] inst=[00b30023] sb      a1, 0(t1)
C0:       4347 [1] pc=[0000000080000792] W[r12=0000000000000159][1] R[r12=000000000000015a] R[r 0=0000000000000000] inst=[0000167d] c.addi  a2, -1
C0:       4348 [1] pc=[0000000080000794] W[r 6=00000000800024f7][1] R[r 6=00000000800024f6] R[r 0=0000000000000000] inst=[00000305] c.addi  t1, 1
C0:       4349 [1] pc=[0000000080000796] W[r 0=0000000000000000][0] R[r12=0000000000000159] R[r 0=0000000000000000] inst=[0000fe65] c.bnez  a2, pc - 8
C0:       4350 [1] pc=[000000008000078e] W[r 0=0000000000000000][0] R[r 6=00000000800024f7] R[r11=0000000000000000] inst=[00b30023] sb      a1, 0(t1)
C0:       4351 [1] pc=[0000000080000792] W[r12=0000000000000158][1] R[r12=0000000000000159] R[r 0=0000000000000000] inst=[0000167d] c.addi  a2, -1
C0:       4352 [1] pc=[0000000080000794] W[r 6=00000000800024f8][1] R[r 6=00000000800024f7] R[r 0=0000000000000000] inst=[00000305] c.addi  t1, 1
C0:       4353 [1] pc=[0000000080000796] W[r 0=0000000000000000][0] R[r12=0000000000000158] R[r 0=0000000000000000] inst=[0000fe65] c.bnez  a2, pc - 8
C0:       4354 [1] pc=[000000008000078e] W[r 0=0000000000000000][0] R[r 6=00000000800024f8] R[r11=0000000000000000] inst=[00b30023] sb      a1, 0(t1)
C0:       4355 [1] pc=[0000000080000792] W[r12=0000000000000157][1] R[r12=0000000000000158] R[r 0=0000000000000000] inst=[0000167d] c.addi  a2, -1
C0:       4356 [1] pc=[0000000080000794] W[r 6=00000000800024f9][1] R[r 6=00000000800024f8] R[r 0=0000000000000000] inst=[00000305] c.addi  t1, 1
C0:       4357 [1] pc=[0000000080000796] W[r 0=0000000000000000][0] R[r12=0000000000000157] R[r 0=0000000000000000] inst=[0000fe65] c.bnez  a2, pc - 8
C0:       4358 [1] pc=[000000008000078e] W[r 0=0000000000000000][0] R[r 6=00000000800024f9] R[r11=0000000000000000] inst=[00b30023] sb      a1, 0(t1)
C0:       4359 [1] pc=[0000000080000792] W[r12=0000000000000156][1] R[r12=0000000000000157] R[r 0=0000000000000000] inst=[0000167d] c.addi  a2, -1
C0:       4360 [1] pc=[0000000080000794] W[r 6=00000000800024fa][1] R[r 6=00000000800024f9] R[r 0=0000000000000000] inst=[00000305] c.addi  t1, 1
C0:       4361 [1] pc=[0000000080000796] W[r 0=0000000000000000][0] R[r12=0000000000000156] R[r 0=0000000000000000] inst=[0000fe65] c.bnez  a2, pc - 8
C0:       4362 [1] pc=[000000008000078e] W[r 0=0000000000000000][0] R[r 6=00000000800024fa] R[r11=0000000000000000] inst=[00b30023] sb      a1, 0(t1)
C0:       4363 [1] pc=[0000000080000792] W[r12=0000000000000155][1] R[r12=0000000000000156] R[r 0=0000000000000000] inst=[0000167d] c.addi  a2, -1
C0:       4364 [1] pc=[0000000080000794] W[r 6=00000000800024fb][1] R[r 6=00000000800024fa] R[r 0=0000000000000000] inst=[00000305] c.addi  t1, 1
C0:       4365 [1] pc=[0000000080000796] W[r 0=0000000000000000][0] R[r12=0000000000000155] R[r 0=0000000000000000] inst=[0000fe65] c.bnez  a2, pc - 8
C0:       4366 [1] pc=[000000008000078e] W[r 0=0000000000000000][0] R[r 6=00000000800024fb] R[r11=0000000000000000] inst=[00b30023] sb      a1, 0(t1)
C0:       4367 [1] pc=[0000000080000792] W[r12=0000000000000154][1] R[r12=0000000000000155] R[r 0=0000000000000000] inst=[0000167d] c.addi  a2, -1
C0:       4368 [1] pc=[0000000080000794] W[r 6=00000000800024fc][1] R[r 6=00000000800024fb] R[r 0=0000000000000000] inst=[00000305] c.addi  t1, 1
C0:       4369 [1] pc=[0000000080000796] W[r 0=0000000000000000][0] R[r12=0000000000000154] R[r 0=0000000000000000] inst=[0000fe65] c.bnez  a2, pc - 8
C0:       4370 [1] pc=[000000008000078e] W[r 0=0000000000000000][0] R[r 6=00000000800024fc] R[r11=0000000000000000] inst=[00b30023] sb      a1, 0(t1)
C0:       4371 [1] pc=[0000000080000792] W[r12=0000000000000153][1] R[r12=0000000000000154] R[r 0=0000000000000000] inst=[0000167d] c.addi  a2, -1
C0:       4372 [1] pc=[0000000080000794] W[r 6=00000000800024fd][1] R[r 6=00000000800024fc] R[r 0=0000000000000000] inst=[00000305] c.addi  t1, 1
C0:       4373 [1] pc=[0000000080000796] W[r 0=0000000000000000][0] R[r12=0000000000000153] R[r 0=0000000000000000] inst=[0000fe65] c.bnez  a2, pc - 8
C0:       4374 [1] pc=[000000008000078e] W[r 0=0000000000000000][0] R[r 6=00000000800024fd] R[r11=0000000000000000] inst=[00b30023] sb      a1, 0(t1)
C0:       4375 [1] pc=[0000000080000792] W[r12=0000000000000152][1] R[r12=0000000000000153] R[r 0=0000000000000000] inst=[0000167d] c.addi  a2, -1
C0:       4376 [1] pc=[0000000080000794] W[r 6=00000000800024fe][1] R[r 6=00000000800024fd] R[r 0=0000000000000000] inst=[00000305] c.addi  t1, 1
C0:       4377 [1] pc=[0000000080000796] W[r 0=0000000000000000][0] R[r12=0000000000000152] R[r 0=0000000000000000] inst=[0000fe65] c.bnez  a2, pc - 8
C0:       4378 [1] pc=[000000008000078e] W[r 0=0000000000000000][0] R[r 6=00000000800024fe] R[r11=0000000000000000] inst=[00b30023] sb      a1, 0(t1)
C0:       4379 [1] pc=[0000000080000792] W[r12=0000000000000151][1] R[r12=0000000000000152] R[r 0=0000000000000000] inst=[0000167d] c.addi  a2, -1
C0:       4380 [1] pc=[0000000080000794] W[r 6=00000000800024ff][1] R[r 6=00000000800024fe] R[r 0=0000000000000000] inst=[00000305] c.addi  t1, 1
C0:       4381 [1] pc=[0000000080000796] W[r 0=0000000000000000][0] R[r12=0000000000000151] R[r 0=0000000000000000] inst=[0000fe65] c.bnez  a2, pc - 8
C0:       4382 [1] pc=[000000008000078e] W[r 0=0000000000000000][0] R[r 6=00000000800024ff] R[r11=0000000000000000] inst=[00b30023] sb      a1, 0(t1)
C0:       4383 [1] pc=[0000000080000792] W[r12=0000000000000150][1] R[r12=0000000000000151] R[r 0=0000000000000000] inst=[0000167d] c.addi  a2, -1
C0:       4384 [1] pc=[0000000080000794] W[r 6=0000000080002500][1] R[r 6=00000000800024ff] R[r 0=0000000000000000] inst=[00000305] c.addi  t1, 1
C0:       4385 [1] pc=[0000000080000796] W[r 0=0000000000000000][0] R[r12=0000000000000150] R[r 0=0000000000000000] inst=[0000fe65] c.bnez  a2, pc - 8
C0:       4412 [1] pc=[000000008000078e] W[r 0=0000000000000000][0] R[r 6=0000000080002500] R[r11=0000000000000000] inst=[00b30023] sb      a1, 0(t1)
C0:       4413 [1] pc=[0000000080000792] W[r12=000000000000014f][1] R[r12=0000000000000150] R[r 0=0000000000000000] inst=[0000167d] c.addi  a2, -1
C0:       4414 [1] pc=[0000000080000794] W[r 6=0000000080002501][1] R[r 6=0000000080002500] R[r 0=0000000000000000] inst=[00000305] c.addi  t1, 1
C0:       4415 [1] pc=[0000000080000796] W[r 0=0000000000000000][0] R[r12=000000000000014f] R[r 0=0000000000000000] inst=[0000fe65] c.bnez  a2, pc - 8
C0:       4416 [1] pc=[000000008000078e] W[r 0=0000000000000000][0] R[r 6=0000000080002501] R[r11=0000000000000000] inst=[00b30023] sb      a1, 0(t1)
C0:       4417 [1] pc=[0000000080000792] W[r12=000000000000014e][1] R[r12=000000000000014f] R[r 0=0000000000000000] inst=[0000167d] c.addi  a2, -1
C0:       4418 [1] pc=[0000000080000794] W[r 6=0000000080002502][1] R[r 6=0000000080002501] R[r 0=0000000000000000] inst=[00000305] c.addi  t1, 1
C0:       4419 [1] pc=[0000000080000796] W[r 0=0000000000000000][0] R[r12=000000000000014e] R[r 0=0000000000000000] inst=[0000fe65] c.bnez  a2, pc - 8
C0:       4420 [1] pc=[000000008000078e] W[r 0=0000000000000000][0] R[r 6=0000000080002502] R[r11=0000000000000000] inst=[00b30023] sb      a1, 0(t1)
C0:       4421 [1] pc=[0000000080000792] W[r12=000000000000014d][1] R[r12=000000000000014e] R[r 0=0000000000000000] inst=[0000167d] c.addi  a2, -1
C0:       4422 [1] pc=[0000000080000794] W[r 6=0000000080002503][1] R[r 6=0000000080002502] R[r 0=0000000000000000] inst=[00000305] c.addi  t1, 1
C0:       4423 [1] pc=[0000000080000796] W[r 0=0000000000000000][0] R[r12=000000000000014d] R[r 0=0000000000000000] inst=[0000fe65] c.bnez  a2, pc - 8
C0:       4424 [1] pc=[000000008000078e] W[r 0=0000000000000000][0] R[r 6=0000000080002503] R[r11=0000000000000000] inst=[00b30023] sb      a1, 0(t1)
C0:       4425 [1] pc=[0000000080000792] W[r12=000000000000014c][1] R[r12=000000000000014d] R[r 0=0000000000000000] inst=[0000167d] c.addi  a2, -1
C0:       4426 [1] pc=[0000000080000794] W[r 6=0000000080002504][1] R[r 6=0000000080002503] R[r 0=0000000000000000] inst=[00000305] c.addi  t1, 1
C0:       4427 [1] pc=[0000000080000796] W[r 0=0000000000000000][0] R[r12=000000000000014c] R[r 0=0000000000000000] inst=[0000fe65] c.bnez  a2, pc - 8
C0:       4428 [1] pc=[000000008000078e] W[r 0=0000000000000000][0] R[r 6=0000000080002504] R[r11=0000000000000000] inst=[00b30023] sb      a1, 0(t1)
C0:       4429 [1] pc=[0000000080000792] W[r12=000000000000014b][1] R[r12=000000000000014c] R[r 0=0000000000000000] inst=[0000167d] c.addi  a2, -1
C0:       4430 [1] pc=[0000000080000794] W[r 6=0000000080002505][1] R[r 6=0000000080002504] R[r 0=0000000000000000] inst=[00000305] c.addi  t1, 1
C0:       4431 [1] pc=[0000000080000796] W[r 0=0000000000000000][0] R[r12=000000000000014b] R[r 0=0000000000000000] inst=[0000fe65] c.bnez  a2, pc - 8
C0:       4432 [1] pc=[000000008000078e] W[r 0=0000000000000000][0] R[r 6=0000000080002505] R[r11=0000000000000000] inst=[00b30023] sb      a1, 0(t1)
C0:       4433 [1] pc=[0000000080000792] W[r12=000000000000014a][1] R[r12=000000000000014b] R[r 0=0000000000000000] inst=[0000167d] c.addi  a2, -1
C0:       4434 [1] pc=[0000000080000794] W[r 6=0000000080002506][1] R[r 6=0000000080002505] R[r 0=0000000000000000] inst=[00000305] c.addi  t1, 1
C0:       4435 [1] pc=[0000000080000796] W[r 0=0000000000000000][0] R[r12=000000000000014a] R[r 0=0000000000000000] inst=[0000fe65] c.bnez  a2, pc - 8
C0:       4436 [1] pc=[000000008000078e] W[r 0=0000000000000000][0] R[r 6=0000000080002506] R[r11=0000000000000000] inst=[00b30023] sb      a1, 0(t1)
C0:       4437 [1] pc=[0000000080000792] W[r12=0000000000000149][1] R[r12=000000000000014a] R[r 0=0000000000000000] inst=[0000167d] c.addi  a2, -1
C0:       4438 [1] pc=[0000000080000794] W[r 6=0000000080002507][1] R[r 6=0000000080002506] R[r 0=0000000000000000] inst=[00000305] c.addi  t1, 1
C0:       4439 [1] pc=[0000000080000796] W[r 0=0000000000000000][0] R[r12=0000000000000149] R[r 0=0000000000000000] inst=[0000fe65] c.bnez  a2, pc - 8
C0:       4440 [1] pc=[000000008000078e] W[r 0=0000000000000000][0] R[r 6=0000000080002507] R[r11=0000000000000000] inst=[00b30023] sb      a1, 0(t1)
C0:       4441 [1] pc=[0000000080000792] W[r12=0000000000000148][1] R[r12=0000000000000149] R[r 0=0000000000000000] inst=[0000167d] c.addi  a2, -1
C0:       4442 [1] pc=[0000000080000794] W[r 6=0000000080002508][1] R[r 6=0000000080002507] R[r 0=0000000000000000] inst=[00000305] c.addi  t1, 1
C0:       4443 [1] pc=[0000000080000796] W[r 0=0000000000000000][0] R[r12=0000000000000148] R[r 0=0000000000000000] inst=[0000fe65] c.bnez  a2, pc - 8
C0:       4444 [1] pc=[000000008000078e] W[r 0=0000000000000000][0] R[r 6=0000000080002508] R[r11=0000000000000000] inst=[00b30023] sb      a1, 0(t1)
C0:       4445 [1] pc=[0000000080000792] W[r12=0000000000000147][1] R[r12=0000000000000148] R[r 0=0000000000000000] inst=[0000167d] c.addi  a2, -1
C0:       4446 [1] pc=[0000000080000794] W[r 6=0000000080002509][1] R[r 6=0000000080002508] R[r 0=0000000000000000] inst=[00000305] c.addi  t1, 1
C0:       4447 [1] pc=[0000000080000796] W[r 0=0000000000000000][0] R[r12=0000000000000147] R[r 0=0000000000000000] inst=[0000fe65] c.bnez  a2, pc - 8
C0:       4448 [1] pc=[000000008000078e] W[r 0=0000000000000000][0] R[r 6=0000000080002509] R[r11=0000000000000000] inst=[00b30023] sb      a1, 0(t1)
C0:       4449 [1] pc=[0000000080000792] W[r12=0000000000000146][1] R[r12=0000000000000147] R[r 0=0000000000000000] inst=[0000167d] c.addi  a2, -1
C0:       4450 [1] pc=[0000000080000794] W[r 6=000000008000250a][1] R[r 6=0000000080002509] R[r 0=0000000000000000] inst=[00000305] c.addi  t1, 1
C0:       4451 [1] pc=[0000000080000796] W[r 0=0000000000000000][0] R[r12=0000000000000146] R[r 0=0000000000000000] inst=[0000fe65] c.bnez  a2, pc - 8
C0:       4452 [1] pc=[000000008000078e] W[r 0=0000000000000000][0] R[r 6=000000008000250a] R[r11=0000000000000000] inst=[00b30023] sb      a1, 0(t1)
C0:       4453 [1] pc=[0000000080000792] W[r12=0000000000000145][1] R[r12=0000000000000146] R[r 0=0000000000000000] inst=[0000167d] c.addi  a2, -1
C0:       4454 [1] pc=[0000000080000794] W[r 6=000000008000250b][1] R[r 6=000000008000250a] R[r 0=0000000000000000] inst=[00000305] c.addi  t1, 1
C0:       4455 [1] pc=[0000000080000796] W[r 0=0000000000000000][0] R[r12=0000000000000145] R[r 0=0000000000000000] inst=[0000fe65] c.bnez  a2, pc - 8
C0:       4456 [1] pc=[000000008000078e] W[r 0=0000000000000000][0] R[r 6=000000008000250b] R[r11=0000000000000000] inst=[00b30023] sb      a1, 0(t1)
C0:       4457 [1] pc=[0000000080000792] W[r12=0000000000000144][1] R[r12=0000000000000145] R[r 0=0000000000000000] inst=[0000167d] c.addi  a2, -1
C0:       4458 [1] pc=[0000000080000794] W[r 6=000000008000250c][1] R[r 6=000000008000250b] R[r 0=0000000000000000] inst=[00000305] c.addi  t1, 1
C0:       4459 [1] pc=[0000000080000796] W[r 0=0000000000000000][0] R[r12=0000000000000144] R[r 0=0000000000000000] inst=[0000fe65] c.bnez  a2, pc - 8
C0:       4460 [1] pc=[000000008000078e] W[r 0=0000000000000000][0] R[r 6=000000008000250c] R[r11=0000000000000000] inst=[00b30023] sb      a1, 0(t1)
C0:       4461 [1] pc=[0000000080000792] W[r12=0000000000000143][1] R[r12=0000000000000144] R[r 0=0000000000000000] inst=[0000167d] c.addi  a2, -1
C0:       4462 [1] pc=[0000000080000794] W[r 6=000000008000250d][1] R[r 6=000000008000250c] R[r 0=0000000000000000] inst=[00000305] c.addi  t1, 1
C0:       4463 [1] pc=[0000000080000796] W[r 0=0000000000000000][0] R[r12=0000000000000143] R[r 0=0000000000000000] inst=[0000fe65] c.bnez  a2, pc - 8
C0:       4464 [1] pc=[000000008000078e] W[r 0=0000000000000000][0] R[r 6=000000008000250d] R[r11=0000000000000000] inst=[00b30023] sb      a1, 0(t1)
C0:       4465 [1] pc=[0000000080000792] W[r12=0000000000000142][1] R[r12=0000000000000143] R[r 0=0000000000000000] inst=[0000167d] c.addi  a2, -1
C0:       4466 [1] pc=[0000000080000794] W[r 6=000000008000250e][1] R[r 6=000000008000250d] R[r 0=0000000000000000] inst=[00000305] c.addi  t1, 1
C0:       4467 [1] pc=[0000000080000796] W[r 0=0000000000000000][0] R[r12=0000000000000142] R[r 0=0000000000000000] inst=[0000fe65] c.bnez  a2, pc - 8
C0:       4468 [1] pc=[000000008000078e] W[r 0=0000000000000000][0] R[r 6=000000008000250e] R[r11=0000000000000000] inst=[00b30023] sb      a1, 0(t1)
C0:       4469 [1] pc=[0000000080000792] W[r12=0000000000000141][1] R[r12=0000000000000142] R[r 0=0000000000000000] inst=[0000167d] c.addi  a2, -1
C0:       4470 [1] pc=[0000000080000794] W[r 6=000000008000250f][1] R[r 6=000000008000250e] R[r 0=0000000000000000] inst=[00000305] c.addi  t1, 1
C0:       4471 [1] pc=[0000000080000796] W[r 0=0000000000000000][0] R[r12=0000000000000141] R[r 0=0000000000000000] inst=[0000fe65] c.bnez  a2, pc - 8
C0:       4472 [1] pc=[000000008000078e] W[r 0=0000000000000000][0] R[r 6=000000008000250f] R[r11=0000000000000000] inst=[00b30023] sb      a1, 0(t1)
C0:       4473 [1] pc=[0000000080000792] W[r12=0000000000000140][1] R[r12=0000000000000141] R[r 0=0000000000000000] inst=[0000167d] c.addi  a2, -1
C0:       4474 [1] pc=[0000000080000794] W[r 6=0000000080002510][1] R[r 6=000000008000250f] R[r 0=0000000000000000] inst=[00000305] c.addi  t1, 1
C0:       4475 [1] pc=[0000000080000796] W[r 0=0000000000000000][0] R[r12=0000000000000140] R[r 0=0000000000000000] inst=[0000fe65] c.bnez  a2, pc - 8
C0:       4476 [1] pc=[000000008000078e] W[r 0=0000000000000000][0] R[r 6=0000000080002510] R[r11=0000000000000000] inst=[00b30023] sb      a1, 0(t1)
C0:       4477 [1] pc=[0000000080000792] W[r12=000000000000013f][1] R[r12=0000000000000140] R[r 0=0000000000000000] inst=[0000167d] c.addi  a2, -1
C0:       4478 [1] pc=[0000000080000794] W[r 6=0000000080002511][1] R[r 6=0000000080002510] R[r 0=0000000000000000] inst=[00000305] c.addi  t1, 1
C0:       4479 [1] pc=[0000000080000796] W[r 0=0000000000000000][0] R[r12=000000000000013f] R[r 0=0000000000000000] inst=[0000fe65] c.bnez  a2, pc - 8
C0:       4480 [1] pc=[000000008000078e] W[r 0=0000000000000000][0] R[r 6=0000000080002511] R[r11=0000000000000000] inst=[00b30023] sb      a1, 0(t1)
C0:       4481 [1] pc=[0000000080000792] W[r12=000000000000013e][1] R[r12=000000000000013f] R[r 0=0000000000000000] inst=[0000167d] c.addi  a2, -1
C0:       4482 [1] pc=[0000000080000794] W[r 6=0000000080002512][1] R[r 6=0000000080002511] R[r 0=0000000000000000] inst=[00000305] c.addi  t1, 1
C0:       4483 [1] pc=[0000000080000796] W[r 0=0000000000000000][0] R[r12=000000000000013e] R[r 0=0000000000000000] inst=[0000fe65] c.bnez  a2, pc - 8
C0:       4484 [1] pc=[000000008000078e] W[r 0=0000000000000000][0] R[r 6=0000000080002512] R[r11=0000000000000000] inst=[00b30023] sb      a1, 0(t1)
C0:       4485 [1] pc=[0000000080000792] W[r12=000000000000013d][1] R[r12=000000000000013e] R[r 0=0000000000000000] inst=[0000167d] c.addi  a2, -1
C0:       4486 [1] pc=[0000000080000794] W[r 6=0000000080002513][1] R[r 6=0000000080002512] R[r 0=0000000000000000] inst=[00000305] c.addi  t1, 1
C0:       4487 [1] pc=[0000000080000796] W[r 0=0000000000000000][0] R[r12=000000000000013d] R[r 0=0000000000000000] inst=[0000fe65] c.bnez  a2, pc - 8
C0:       4488 [1] pc=[000000008000078e] W[r 0=0000000000000000][0] R[r 6=0000000080002513] R[r11=0000000000000000] inst=[00b30023] sb      a1, 0(t1)
C0:       4489 [1] pc=[0000000080000792] W[r12=000000000000013c][1] R[r12=000000000000013d] R[r 0=0000000000000000] inst=[0000167d] c.addi  a2, -1
C0:       4490 [1] pc=[0000000080000794] W[r 6=0000000080002514][1] R[r 6=0000000080002513] R[r 0=0000000000000000] inst=[00000305] c.addi  t1, 1
C0:       4491 [1] pc=[0000000080000796] W[r 0=0000000000000000][0] R[r12=000000000000013c] R[r 0=0000000000000000] inst=[0000fe65] c.bnez  a2, pc - 8
C0:       4492 [1] pc=[000000008000078e] W[r 0=0000000000000000][0] R[r 6=0000000080002514] R[r11=0000000000000000] inst=[00b30023] sb      a1, 0(t1)
C0:       4493 [1] pc=[0000000080000792] W[r12=000000000000013b][1] R[r12=000000000000013c] R[r 0=0000000000000000] inst=[0000167d] c.addi  a2, -1
C0:       4494 [1] pc=[0000000080000794] W[r 6=0000000080002515][1] R[r 6=0000000080002514] R[r 0=0000000000000000] inst=[00000305] c.addi  t1, 1
C0:       4495 [1] pc=[0000000080000796] W[r 0=0000000000000000][0] R[r12=000000000000013b] R[r 0=0000000000000000] inst=[0000fe65] c.bnez  a2, pc - 8
C0:       4496 [1] pc=[000000008000078e] W[r 0=0000000000000000][0] R[r 6=0000000080002515] R[r11=0000000000000000] inst=[00b30023] sb      a1, 0(t1)
C0:       4497 [1] pc=[0000000080000792] W[r12=000000000000013a][1] R[r12=000000000000013b] R[r 0=0000000000000000] inst=[0000167d] c.addi  a2, -1
C0:       4498 [1] pc=[0000000080000794] W[r 6=0000000080002516][1] R[r 6=0000000080002515] R[r 0=0000000000000000] inst=[00000305] c.addi  t1, 1
C0:       4499 [1] pc=[0000000080000796] W[r 0=0000000000000000][0] R[r12=000000000000013a] R[r 0=0000000000000000] inst=[0000fe65] c.bnez  a2, pc - 8
C0:       4500 [1] pc=[000000008000078e] W[r 0=0000000000000000][0] R[r 6=0000000080002516] R[r11=0000000000000000] inst=[00b30023] sb      a1, 0(t1)
C0:       4501 [1] pc=[0000000080000792] W[r12=0000000000000139][1] R[r12=000000000000013a] R[r 0=0000000000000000] inst=[0000167d] c.addi  a2, -1
C0:       4502 [1] pc=[0000000080000794] W[r 6=0000000080002517][1] R[r 6=0000000080002516] R[r 0=0000000000000000] inst=[00000305] c.addi  t1, 1
C0:       4503 [1] pc=[0000000080000796] W[r 0=0000000000000000][0] R[r12=0000000000000139] R[r 0=0000000000000000] inst=[0000fe65] c.bnez  a2, pc - 8
C0:       4504 [1] pc=[000000008000078e] W[r 0=0000000000000000][0] R[r 6=0000000080002517] R[r11=0000000000000000] inst=[00b30023] sb      a1, 0(t1)
C0:       4505 [1] pc=[0000000080000792] W[r12=0000000000000138][1] R[r12=0000000000000139] R[r 0=0000000000000000] inst=[0000167d] c.addi  a2, -1
C0:       4506 [1] pc=[0000000080000794] W[r 6=0000000080002518][1] R[r 6=0000000080002517] R[r 0=0000000000000000] inst=[00000305] c.addi  t1, 1
C0:       4507 [1] pc=[0000000080000796] W[r 0=0000000000000000][0] R[r12=0000000000000138] R[r 0=0000000000000000] inst=[0000fe65] c.bnez  a2, pc - 8
C0:       4508 [1] pc=[000000008000078e] W[r 0=0000000000000000][0] R[r 6=0000000080002518] R[r11=0000000000000000] inst=[00b30023] sb      a1, 0(t1)
C0:       4509 [1] pc=[0000000080000792] W[r12=0000000000000137][1] R[r12=0000000000000138] R[r 0=0000000000000000] inst=[0000167d] c.addi  a2, -1
C0:       4510 [1] pc=[0000000080000794] W[r 6=0000000080002519][1] R[r 6=0000000080002518] R[r 0=0000000000000000] inst=[00000305] c.addi  t1, 1
C0:       4511 [1] pc=[0000000080000796] W[r 0=0000000000000000][0] R[r12=0000000000000137] R[r 0=0000000000000000] inst=[0000fe65] c.bnez  a2, pc - 8
C0:       4512 [1] pc=[000000008000078e] W[r 0=0000000000000000][0] R[r 6=0000000080002519] R[r11=0000000000000000] inst=[00b30023] sb      a1, 0(t1)
C0:       4513 [1] pc=[0000000080000792] W[r12=0000000000000136][1] R[r12=0000000000000137] R[r 0=0000000000000000] inst=[0000167d] c.addi  a2, -1
C0:       4514 [1] pc=[0000000080000794] W[r 6=000000008000251a][1] R[r 6=0000000080002519] R[r 0=0000000000000000] inst=[00000305] c.addi  t1, 1
C0:       4515 [1] pc=[0000000080000796] W[r 0=0000000000000000][0] R[r12=0000000000000136] R[r 0=0000000000000000] inst=[0000fe65] c.bnez  a2, pc - 8
C0:       4516 [1] pc=[000000008000078e] W[r 0=0000000000000000][0] R[r 6=000000008000251a] R[r11=0000000000000000] inst=[00b30023] sb      a1, 0(t1)
C0:       4517 [1] pc=[0000000080000792] W[r12=0000000000000135][1] R[r12=0000000000000136] R[r 0=0000000000000000] inst=[0000167d] c.addi  a2, -1
C0:       4518 [1] pc=[0000000080000794] W[r 6=000000008000251b][1] R[r 6=000000008000251a] R[r 0=0000000000000000] inst=[00000305] c.addi  t1, 1
C0:       4519 [1] pc=[0000000080000796] W[r 0=0000000000000000][0] R[r12=0000000000000135] R[r 0=0000000000000000] inst=[0000fe65] c.bnez  a2, pc - 8
C0:       4520 [1] pc=[000000008000078e] W[r 0=0000000000000000][0] R[r 6=000000008000251b] R[r11=0000000000000000] inst=[00b30023] sb      a1, 0(t1)
C0:       4521 [1] pc=[0000000080000792] W[r12=0000000000000134][1] R[r12=0000000000000135] R[r 0=0000000000000000] inst=[0000167d] c.addi  a2, -1
C0:       4522 [1] pc=[0000000080000794] W[r 6=000000008000251c][1] R[r 6=000000008000251b] R[r 0=0000000000000000] inst=[00000305] c.addi  t1, 1
C0:       4523 [1] pc=[0000000080000796] W[r 0=0000000000000000][0] R[r12=0000000000000134] R[r 0=0000000000000000] inst=[0000fe65] c.bnez  a2, pc - 8
C0:       4524 [1] pc=[000000008000078e] W[r 0=0000000000000000][0] R[r 6=000000008000251c] R[r11=0000000000000000] inst=[00b30023] sb      a1, 0(t1)
C0:       4525 [1] pc=[0000000080000792] W[r12=0000000000000133][1] R[r12=0000000000000134] R[r 0=0000000000000000] inst=[0000167d] c.addi  a2, -1
C0:       4526 [1] pc=[0000000080000794] W[r 6=000000008000251d][1] R[r 6=000000008000251c] R[r 0=0000000000000000] inst=[00000305] c.addi  t1, 1
C0:       4527 [1] pc=[0000000080000796] W[r 0=0000000000000000][0] R[r12=0000000000000133] R[r 0=0000000000000000] inst=[0000fe65] c.bnez  a2, pc - 8
C0:       4528 [1] pc=[000000008000078e] W[r 0=0000000000000000][0] R[r 6=000000008000251d] R[r11=0000000000000000] inst=[00b30023] sb      a1, 0(t1)
C0:       4529 [1] pc=[0000000080000792] W[r12=0000000000000132][1] R[r12=0000000000000133] R[r 0=0000000000000000] inst=[0000167d] c.addi  a2, -1
C0:       4530 [1] pc=[0000000080000794] W[r 6=000000008000251e][1] R[r 6=000000008000251d] R[r 0=0000000000000000] inst=[00000305] c.addi  t1, 1
C0:       4531 [1] pc=[0000000080000796] W[r 0=0000000000000000][0] R[r12=0000000000000132] R[r 0=0000000000000000] inst=[0000fe65] c.bnez  a2, pc - 8
C0:       4532 [1] pc=[000000008000078e] W[r 0=0000000000000000][0] R[r 6=000000008000251e] R[r11=0000000000000000] inst=[00b30023] sb      a1, 0(t1)
C0:       4533 [1] pc=[0000000080000792] W[r12=0000000000000131][1] R[r12=0000000000000132] R[r 0=0000000000000000] inst=[0000167d] c.addi  a2, -1
C0:       4534 [1] pc=[0000000080000794] W[r 6=000000008000251f][1] R[r 6=000000008000251e] R[r 0=0000000000000000] inst=[00000305] c.addi  t1, 1
C0:       4535 [1] pc=[0000000080000796] W[r 0=0000000000000000][0] R[r12=0000000000000131] R[r 0=0000000000000000] inst=[0000fe65] c.bnez  a2, pc - 8
C0:       4536 [1] pc=[000000008000078e] W[r 0=0000000000000000][0] R[r 6=000000008000251f] R[r11=0000000000000000] inst=[00b30023] sb      a1, 0(t1)
C0:       4537 [1] pc=[0000000080000792] W[r12=0000000000000130][1] R[r12=0000000000000131] R[r 0=0000000000000000] inst=[0000167d] c.addi  a2, -1
C0:       4538 [1] pc=[0000000080000794] W[r 6=0000000080002520][1] R[r 6=000000008000251f] R[r 0=0000000000000000] inst=[00000305] c.addi  t1, 1
C0:       4539 [1] pc=[0000000080000796] W[r 0=0000000000000000][0] R[r12=0000000000000130] R[r 0=0000000000000000] inst=[0000fe65] c.bnez  a2, pc - 8
C0:       4540 [1] pc=[000000008000078e] W[r 0=0000000000000000][0] R[r 6=0000000080002520] R[r11=0000000000000000] inst=[00b30023] sb      a1, 0(t1)
C0:       4541 [1] pc=[0000000080000792] W[r12=000000000000012f][1] R[r12=0000000000000130] R[r 0=0000000000000000] inst=[0000167d] c.addi  a2, -1
C0:       4542 [1] pc=[0000000080000794] W[r 6=0000000080002521][1] R[r 6=0000000080002520] R[r 0=0000000000000000] inst=[00000305] c.addi  t1, 1
C0:       4543 [1] pc=[0000000080000796] W[r 0=0000000000000000][0] R[r12=000000000000012f] R[r 0=0000000000000000] inst=[0000fe65] c.bnez  a2, pc - 8
C0:       4544 [1] pc=[000000008000078e] W[r 0=0000000000000000][0] R[r 6=0000000080002521] R[r11=0000000000000000] inst=[00b30023] sb      a1, 0(t1)
C0:       4545 [1] pc=[0000000080000792] W[r12=000000000000012e][1] R[r12=000000000000012f] R[r 0=0000000000000000] inst=[0000167d] c.addi  a2, -1
C0:       4546 [1] pc=[0000000080000794] W[r 6=0000000080002522][1] R[r 6=0000000080002521] R[r 0=0000000000000000] inst=[00000305] c.addi  t1, 1
C0:       4547 [1] pc=[0000000080000796] W[r 0=0000000000000000][0] R[r12=000000000000012e] R[r 0=0000000000000000] inst=[0000fe65] c.bnez  a2, pc - 8
C0:       4548 [1] pc=[000000008000078e] W[r 0=0000000000000000][0] R[r 6=0000000080002522] R[r11=0000000000000000] inst=[00b30023] sb      a1, 0(t1)
C0:       4549 [1] pc=[0000000080000792] W[r12=000000000000012d][1] R[r12=000000000000012e] R[r 0=0000000000000000] inst=[0000167d] c.addi  a2, -1
C0:       4550 [1] pc=[0000000080000794] W[r 6=0000000080002523][1] R[r 6=0000000080002522] R[r 0=0000000000000000] inst=[00000305] c.addi  t1, 1
C0:       4551 [1] pc=[0000000080000796] W[r 0=0000000000000000][0] R[r12=000000000000012d] R[r 0=0000000000000000] inst=[0000fe65] c.bnez  a2, pc - 8
C0:       4552 [1] pc=[000000008000078e] W[r 0=0000000000000000][0] R[r 6=0000000080002523] R[r11=0000000000000000] inst=[00b30023] sb      a1, 0(t1)
C0:       4553 [1] pc=[0000000080000792] W[r12=000000000000012c][1] R[r12=000000000000012d] R[r 0=0000000000000000] inst=[0000167d] c.addi  a2, -1
C0:       4554 [1] pc=[0000000080000794] W[r 6=0000000080002524][1] R[r 6=0000000080002523] R[r 0=0000000000000000] inst=[00000305] c.addi  t1, 1
C0:       4555 [1] pc=[0000000080000796] W[r 0=0000000000000000][0] R[r12=000000000000012c] R[r 0=0000000000000000] inst=[0000fe65] c.bnez  a2, pc - 8
C0:       4556 [1] pc=[000000008000078e] W[r 0=0000000000000000][0] R[r 6=0000000080002524] R[r11=0000000000000000] inst=[00b30023] sb      a1, 0(t1)
C0:       4557 [1] pc=[0000000080000792] W[r12=000000000000012b][1] R[r12=000000000000012c] R[r 0=0000000000000000] inst=[0000167d] c.addi  a2, -1
C0:       4558 [1] pc=[0000000080000794] W[r 6=0000000080002525][1] R[r 6=0000000080002524] R[r 0=0000000000000000] inst=[00000305] c.addi  t1, 1
C0:       4559 [1] pc=[0000000080000796] W[r 0=0000000000000000][0] R[r12=000000000000012b] R[r 0=0000000000000000] inst=[0000fe65] c.bnez  a2, pc - 8
C0:       4560 [1] pc=[000000008000078e] W[r 0=0000000000000000][0] R[r 6=0000000080002525] R[r11=0000000000000000] inst=[00b30023] sb      a1, 0(t1)
C0:       4561 [1] pc=[0000000080000792] W[r12=000000000000012a][1] R[r12=000000000000012b] R[r 0=0000000000000000] inst=[0000167d] c.addi  a2, -1
C0:       4562 [1] pc=[0000000080000794] W[r 6=0000000080002526][1] R[r 6=0000000080002525] R[r 0=0000000000000000] inst=[00000305] c.addi  t1, 1
C0:       4563 [1] pc=[0000000080000796] W[r 0=0000000000000000][0] R[r12=000000000000012a] R[r 0=0000000000000000] inst=[0000fe65] c.bnez  a2, pc - 8
C0:       4564 [1] pc=[000000008000078e] W[r 0=0000000000000000][0] R[r 6=0000000080002526] R[r11=0000000000000000] inst=[00b30023] sb      a1, 0(t1)
C0:       4565 [1] pc=[0000000080000792] W[r12=0000000000000129][1] R[r12=000000000000012a] R[r 0=0000000000000000] inst=[0000167d] c.addi  a2, -1
C0:       4566 [1] pc=[0000000080000794] W[r 6=0000000080002527][1] R[r 6=0000000080002526] R[r 0=0000000000000000] inst=[00000305] c.addi  t1, 1
C0:       4567 [1] pc=[0000000080000796] W[r 0=0000000000000000][0] R[r12=0000000000000129] R[r 0=0000000000000000] inst=[0000fe65] c.bnez  a2, pc - 8
C0:       4568 [1] pc=[000000008000078e] W[r 0=0000000000000000][0] R[r 6=0000000080002527] R[r11=0000000000000000] inst=[00b30023] sb      a1, 0(t1)
C0:       4569 [1] pc=[0000000080000792] W[r12=0000000000000128][1] R[r12=0000000000000129] R[r 0=0000000000000000] inst=[0000167d] c.addi  a2, -1
C0:       4570 [1] pc=[0000000080000794] W[r 6=0000000080002528][1] R[r 6=0000000080002527] R[r 0=0000000000000000] inst=[00000305] c.addi  t1, 1
C0:       4571 [1] pc=[0000000080000796] W[r 0=0000000000000000][0] R[r12=0000000000000128] R[r 0=0000000000000000] inst=[0000fe65] c.bnez  a2, pc - 8
C0:       4572 [1] pc=[000000008000078e] W[r 0=0000000000000000][0] R[r 6=0000000080002528] R[r11=0000000000000000] inst=[00b30023] sb      a1, 0(t1)
C0:       4573 [1] pc=[0000000080000792] W[r12=0000000000000127][1] R[r12=0000000000000128] R[r 0=0000000000000000] inst=[0000167d] c.addi  a2, -1
C0:       4574 [1] pc=[0000000080000794] W[r 6=0000000080002529][1] R[r 6=0000000080002528] R[r 0=0000000000000000] inst=[00000305] c.addi  t1, 1
C0:       4575 [1] pc=[0000000080000796] W[r 0=0000000000000000][0] R[r12=0000000000000127] R[r 0=0000000000000000] inst=[0000fe65] c.bnez  a2, pc - 8
C0:       4576 [1] pc=[000000008000078e] W[r 0=0000000000000000][0] R[r 6=0000000080002529] R[r11=0000000000000000] inst=[00b30023] sb      a1, 0(t1)
C0:       4577 [1] pc=[0000000080000792] W[r12=0000000000000126][1] R[r12=0000000000000127] R[r 0=0000000000000000] inst=[0000167d] c.addi  a2, -1
C0:       4578 [1] pc=[0000000080000794] W[r 6=000000008000252a][1] R[r 6=0000000080002529] R[r 0=0000000000000000] inst=[00000305] c.addi  t1, 1
C0:       4579 [1] pc=[0000000080000796] W[r 0=0000000000000000][0] R[r12=0000000000000126] R[r 0=0000000000000000] inst=[0000fe65] c.bnez  a2, pc - 8
C0:       4580 [1] pc=[000000008000078e] W[r 0=0000000000000000][0] R[r 6=000000008000252a] R[r11=0000000000000000] inst=[00b30023] sb      a1, 0(t1)
C0:       4581 [1] pc=[0000000080000792] W[r12=0000000000000125][1] R[r12=0000000000000126] R[r 0=0000000000000000] inst=[0000167d] c.addi  a2, -1
C0:       4582 [1] pc=[0000000080000794] W[r 6=000000008000252b][1] R[r 6=000000008000252a] R[r 0=0000000000000000] inst=[00000305] c.addi  t1, 1
C0:       4583 [1] pc=[0000000080000796] W[r 0=0000000000000000][0] R[r12=0000000000000125] R[r 0=0000000000000000] inst=[0000fe65] c.bnez  a2, pc - 8
C0:       4584 [1] pc=[000000008000078e] W[r 0=0000000000000000][0] R[r 6=000000008000252b] R[r11=0000000000000000] inst=[00b30023] sb      a1, 0(t1)
C0:       4585 [1] pc=[0000000080000792] W[r12=0000000000000124][1] R[r12=0000000000000125] R[r 0=0000000000000000] inst=[0000167d] c.addi  a2, -1
C0:       4586 [1] pc=[0000000080000794] W[r 6=000000008000252c][1] R[r 6=000000008000252b] R[r 0=0000000000000000] inst=[00000305] c.addi  t1, 1
C0:       4587 [1] pc=[0000000080000796] W[r 0=0000000000000000][0] R[r12=0000000000000124] R[r 0=0000000000000000] inst=[0000fe65] c.bnez  a2, pc - 8
C0:       4588 [1] pc=[000000008000078e] W[r 0=0000000000000000][0] R[r 6=000000008000252c] R[r11=0000000000000000] inst=[00b30023] sb      a1, 0(t1)
C0:       4589 [1] pc=[0000000080000792] W[r12=0000000000000123][1] R[r12=0000000000000124] R[r 0=0000000000000000] inst=[0000167d] c.addi  a2, -1
C0:       4590 [1] pc=[0000000080000794] W[r 6=000000008000252d][1] R[r 6=000000008000252c] R[r 0=0000000000000000] inst=[00000305] c.addi  t1, 1
C0:       4591 [1] pc=[0000000080000796] W[r 0=0000000000000000][0] R[r12=0000000000000123] R[r 0=0000000000000000] inst=[0000fe65] c.bnez  a2, pc - 8
C0:       4592 [1] pc=[000000008000078e] W[r 0=0000000000000000][0] R[r 6=000000008000252d] R[r11=0000000000000000] inst=[00b30023] sb      a1, 0(t1)
C0:       4593 [1] pc=[0000000080000792] W[r12=0000000000000122][1] R[r12=0000000000000123] R[r 0=0000000000000000] inst=[0000167d] c.addi  a2, -1
C0:       4594 [1] pc=[0000000080000794] W[r 6=000000008000252e][1] R[r 6=000000008000252d] R[r 0=0000000000000000] inst=[00000305] c.addi  t1, 1
C0:       4595 [1] pc=[0000000080000796] W[r 0=0000000000000000][0] R[r12=0000000000000122] R[r 0=0000000000000000] inst=[0000fe65] c.bnez  a2, pc - 8
C0:       4596 [1] pc=[000000008000078e] W[r 0=0000000000000000][0] R[r 6=000000008000252e] R[r11=0000000000000000] inst=[00b30023] sb      a1, 0(t1)
C0:       4597 [1] pc=[0000000080000792] W[r12=0000000000000121][1] R[r12=0000000000000122] R[r 0=0000000000000000] inst=[0000167d] c.addi  a2, -1
C0:       4598 [1] pc=[0000000080000794] W[r 6=000000008000252f][1] R[r 6=000000008000252e] R[r 0=0000000000000000] inst=[00000305] c.addi  t1, 1
C0:       4599 [1] pc=[0000000080000796] W[r 0=0000000000000000][0] R[r12=0000000000000121] R[r 0=0000000000000000] inst=[0000fe65] c.bnez  a2, pc - 8
C0:       4600 [1] pc=[000000008000078e] W[r 0=0000000000000000][0] R[r 6=000000008000252f] R[r11=0000000000000000] inst=[00b30023] sb      a1, 0(t1)
C0:       4601 [1] pc=[0000000080000792] W[r12=0000000000000120][1] R[r12=0000000000000121] R[r 0=0000000000000000] inst=[0000167d] c.addi  a2, -1
C0:       4602 [1] pc=[0000000080000794] W[r 6=0000000080002530][1] R[r 6=000000008000252f] R[r 0=0000000000000000] inst=[00000305] c.addi  t1, 1
C0:       4603 [1] pc=[0000000080000796] W[r 0=0000000000000000][0] R[r12=0000000000000120] R[r 0=0000000000000000] inst=[0000fe65] c.bnez  a2, pc - 8
C0:       4604 [1] pc=[000000008000078e] W[r 0=0000000000000000][0] R[r 6=0000000080002530] R[r11=0000000000000000] inst=[00b30023] sb      a1, 0(t1)
C0:       4605 [1] pc=[0000000080000792] W[r12=000000000000011f][1] R[r12=0000000000000120] R[r 0=0000000000000000] inst=[0000167d] c.addi  a2, -1
C0:       4606 [1] pc=[0000000080000794] W[r 6=0000000080002531][1] R[r 6=0000000080002530] R[r 0=0000000000000000] inst=[00000305] c.addi  t1, 1
C0:       4607 [1] pc=[0000000080000796] W[r 0=0000000000000000][0] R[r12=000000000000011f] R[r 0=0000000000000000] inst=[0000fe65] c.bnez  a2, pc - 8
C0:       4608 [1] pc=[000000008000078e] W[r 0=0000000000000000][0] R[r 6=0000000080002531] R[r11=0000000000000000] inst=[00b30023] sb      a1, 0(t1)
C0:       4609 [1] pc=[0000000080000792] W[r12=000000000000011e][1] R[r12=000000000000011f] R[r 0=0000000000000000] inst=[0000167d] c.addi  a2, -1
C0:       4610 [1] pc=[0000000080000794] W[r 6=0000000080002532][1] R[r 6=0000000080002531] R[r 0=0000000000000000] inst=[00000305] c.addi  t1, 1
C0:       4611 [1] pc=[0000000080000796] W[r 0=0000000000000000][0] R[r12=000000000000011e] R[r 0=0000000000000000] inst=[0000fe65] c.bnez  a2, pc - 8
C0:       4612 [1] pc=[000000008000078e] W[r 0=0000000000000000][0] R[r 6=0000000080002532] R[r11=0000000000000000] inst=[00b30023] sb      a1, 0(t1)
C0:       4613 [1] pc=[0000000080000792] W[r12=000000000000011d][1] R[r12=000000000000011e] R[r 0=0000000000000000] inst=[0000167d] c.addi  a2, -1
C0:       4614 [1] pc=[0000000080000794] W[r 6=0000000080002533][1] R[r 6=0000000080002532] R[r 0=0000000000000000] inst=[00000305] c.addi  t1, 1
C0:       4615 [1] pc=[0000000080000796] W[r 0=0000000000000000][0] R[r12=000000000000011d] R[r 0=0000000000000000] inst=[0000fe65] c.bnez  a2, pc - 8
C0:       4616 [1] pc=[000000008000078e] W[r 0=0000000000000000][0] R[r 6=0000000080002533] R[r11=0000000000000000] inst=[00b30023] sb      a1, 0(t1)
C0:       4617 [1] pc=[0000000080000792] W[r12=000000000000011c][1] R[r12=000000000000011d] R[r 0=0000000000000000] inst=[0000167d] c.addi  a2, -1
C0:       4618 [1] pc=[0000000080000794] W[r 6=0000000080002534][1] R[r 6=0000000080002533] R[r 0=0000000000000000] inst=[00000305] c.addi  t1, 1
C0:       4619 [1] pc=[0000000080000796] W[r 0=0000000000000000][0] R[r12=000000000000011c] R[r 0=0000000000000000] inst=[0000fe65] c.bnez  a2, pc - 8
C0:       4620 [1] pc=[000000008000078e] W[r 0=0000000000000000][0] R[r 6=0000000080002534] R[r11=0000000000000000] inst=[00b30023] sb      a1, 0(t1)
C0:       4621 [1] pc=[0000000080000792] W[r12=000000000000011b][1] R[r12=000000000000011c] R[r 0=0000000000000000] inst=[0000167d] c.addi  a2, -1
C0:       4622 [1] pc=[0000000080000794] W[r 6=0000000080002535][1] R[r 6=0000000080002534] R[r 0=0000000000000000] inst=[00000305] c.addi  t1, 1
C0:       4623 [1] pc=[0000000080000796] W[r 0=0000000000000000][0] R[r12=000000000000011b] R[r 0=0000000000000000] inst=[0000fe65] c.bnez  a2, pc - 8
C0:       4624 [1] pc=[000000008000078e] W[r 0=0000000000000000][0] R[r 6=0000000080002535] R[r11=0000000000000000] inst=[00b30023] sb      a1, 0(t1)
C0:       4625 [1] pc=[0000000080000792] W[r12=000000000000011a][1] R[r12=000000000000011b] R[r 0=0000000000000000] inst=[0000167d] c.addi  a2, -1
C0:       4626 [1] pc=[0000000080000794] W[r 6=0000000080002536][1] R[r 6=0000000080002535] R[r 0=0000000000000000] inst=[00000305] c.addi  t1, 1
C0:       4627 [1] pc=[0000000080000796] W[r 0=0000000000000000][0] R[r12=000000000000011a] R[r 0=0000000000000000] inst=[0000fe65] c.bnez  a2, pc - 8
C0:       4628 [1] pc=[000000008000078e] W[r 0=0000000000000000][0] R[r 6=0000000080002536] R[r11=0000000000000000] inst=[00b30023] sb      a1, 0(t1)
C0:       4629 [1] pc=[0000000080000792] W[r12=0000000000000119][1] R[r12=000000000000011a] R[r 0=0000000000000000] inst=[0000167d] c.addi  a2, -1
C0:       4630 [1] pc=[0000000080000794] W[r 6=0000000080002537][1] R[r 6=0000000080002536] R[r 0=0000000000000000] inst=[00000305] c.addi  t1, 1
C0:       4631 [1] pc=[0000000080000796] W[r 0=0000000000000000][0] R[r12=0000000000000119] R[r 0=0000000000000000] inst=[0000fe65] c.bnez  a2, pc - 8
C0:       4632 [1] pc=[000000008000078e] W[r 0=0000000000000000][0] R[r 6=0000000080002537] R[r11=0000000000000000] inst=[00b30023] sb      a1, 0(t1)
C0:       4633 [1] pc=[0000000080000792] W[r12=0000000000000118][1] R[r12=0000000000000119] R[r 0=0000000000000000] inst=[0000167d] c.addi  a2, -1
C0:       4634 [1] pc=[0000000080000794] W[r 6=0000000080002538][1] R[r 6=0000000080002537] R[r 0=0000000000000000] inst=[00000305] c.addi  t1, 1
C0:       4635 [1] pc=[0000000080000796] W[r 0=0000000000000000][0] R[r12=0000000000000118] R[r 0=0000000000000000] inst=[0000fe65] c.bnez  a2, pc - 8
C0:       4636 [1] pc=[000000008000078e] W[r 0=0000000000000000][0] R[r 6=0000000080002538] R[r11=0000000000000000] inst=[00b30023] sb      a1, 0(t1)
C0:       4637 [1] pc=[0000000080000792] W[r12=0000000000000117][1] R[r12=0000000000000118] R[r 0=0000000000000000] inst=[0000167d] c.addi  a2, -1
C0:       4638 [1] pc=[0000000080000794] W[r 6=0000000080002539][1] R[r 6=0000000080002538] R[r 0=0000000000000000] inst=[00000305] c.addi  t1, 1
C0:       4639 [1] pc=[0000000080000796] W[r 0=0000000000000000][0] R[r12=0000000000000117] R[r 0=0000000000000000] inst=[0000fe65] c.bnez  a2, pc - 8
C0:       4640 [1] pc=[000000008000078e] W[r 0=0000000000000000][0] R[r 6=0000000080002539] R[r11=0000000000000000] inst=[00b30023] sb      a1, 0(t1)
C0:       4641 [1] pc=[0000000080000792] W[r12=0000000000000116][1] R[r12=0000000000000117] R[r 0=0000000000000000] inst=[0000167d] c.addi  a2, -1
C0:       4642 [1] pc=[0000000080000794] W[r 6=000000008000253a][1] R[r 6=0000000080002539] R[r 0=0000000000000000] inst=[00000305] c.addi  t1, 1
C0:       4643 [1] pc=[0000000080000796] W[r 0=0000000000000000][0] R[r12=0000000000000116] R[r 0=0000000000000000] inst=[0000fe65] c.bnez  a2, pc - 8
C0:       4644 [1] pc=[000000008000078e] W[r 0=0000000000000000][0] R[r 6=000000008000253a] R[r11=0000000000000000] inst=[00b30023] sb      a1, 0(t1)
C0:       4645 [1] pc=[0000000080000792] W[r12=0000000000000115][1] R[r12=0000000000000116] R[r 0=0000000000000000] inst=[0000167d] c.addi  a2, -1
C0:       4646 [1] pc=[0000000080000794] W[r 6=000000008000253b][1] R[r 6=000000008000253a] R[r 0=0000000000000000] inst=[00000305] c.addi  t1, 1
C0:       4647 [1] pc=[0000000080000796] W[r 0=0000000000000000][0] R[r12=0000000000000115] R[r 0=0000000000000000] inst=[0000fe65] c.bnez  a2, pc - 8
C0:       4648 [1] pc=[000000008000078e] W[r 0=0000000000000000][0] R[r 6=000000008000253b] R[r11=0000000000000000] inst=[00b30023] sb      a1, 0(t1)
C0:       4649 [1] pc=[0000000080000792] W[r12=0000000000000114][1] R[r12=0000000000000115] R[r 0=0000000000000000] inst=[0000167d] c.addi  a2, -1
C0:       4650 [1] pc=[0000000080000794] W[r 6=000000008000253c][1] R[r 6=000000008000253b] R[r 0=0000000000000000] inst=[00000305] c.addi  t1, 1
C0:       4651 [1] pc=[0000000080000796] W[r 0=0000000000000000][0] R[r12=0000000000000114] R[r 0=0000000000000000] inst=[0000fe65] c.bnez  a2, pc - 8
C0:       4652 [1] pc=[000000008000078e] W[r 0=0000000000000000][0] R[r 6=000000008000253c] R[r11=0000000000000000] inst=[00b30023] sb      a1, 0(t1)
C0:       4653 [1] pc=[0000000080000792] W[r12=0000000000000113][1] R[r12=0000000000000114] R[r 0=0000000000000000] inst=[0000167d] c.addi  a2, -1
C0:       4654 [1] pc=[0000000080000794] W[r 6=000000008000253d][1] R[r 6=000000008000253c] R[r 0=0000000000000000] inst=[00000305] c.addi  t1, 1
C0:       4655 [1] pc=[0000000080000796] W[r 0=0000000000000000][0] R[r12=0000000000000113] R[r 0=0000000000000000] inst=[0000fe65] c.bnez  a2, pc - 8
C0:       4656 [1] pc=[000000008000078e] W[r 0=0000000000000000][0] R[r 6=000000008000253d] R[r11=0000000000000000] inst=[00b30023] sb      a1, 0(t1)
C0:       4657 [1] pc=[0000000080000792] W[r12=0000000000000112][1] R[r12=0000000000000113] R[r 0=0000000000000000] inst=[0000167d] c.addi  a2, -1
C0:       4658 [1] pc=[0000000080000794] W[r 6=000000008000253e][1] R[r 6=000000008000253d] R[r 0=0000000000000000] inst=[00000305] c.addi  t1, 1
C0:       4659 [1] pc=[0000000080000796] W[r 0=0000000000000000][0] R[r12=0000000000000112] R[r 0=0000000000000000] inst=[0000fe65] c.bnez  a2, pc - 8
C0:       4660 [1] pc=[000000008000078e] W[r 0=0000000000000000][0] R[r 6=000000008000253e] R[r11=0000000000000000] inst=[00b30023] sb      a1, 0(t1)
C0:       4661 [1] pc=[0000000080000792] W[r12=0000000000000111][1] R[r12=0000000000000112] R[r 0=0000000000000000] inst=[0000167d] c.addi  a2, -1
C0:       4662 [1] pc=[0000000080000794] W[r 6=000000008000253f][1] R[r 6=000000008000253e] R[r 0=0000000000000000] inst=[00000305] c.addi  t1, 1
C0:       4663 [1] pc=[0000000080000796] W[r 0=0000000000000000][0] R[r12=0000000000000111] R[r 0=0000000000000000] inst=[0000fe65] c.bnez  a2, pc - 8
C0:       4664 [1] pc=[000000008000078e] W[r 0=0000000000000000][0] R[r 6=000000008000253f] R[r11=0000000000000000] inst=[00b30023] sb      a1, 0(t1)
C0:       4665 [1] pc=[0000000080000792] W[r12=0000000000000110][1] R[r12=0000000000000111] R[r 0=0000000000000000] inst=[0000167d] c.addi  a2, -1
C0:       4666 [1] pc=[0000000080000794] W[r 6=0000000080002540][1] R[r 6=000000008000253f] R[r 0=0000000000000000] inst=[00000305] c.addi  t1, 1
C0:       4667 [1] pc=[0000000080000796] W[r 0=0000000000000000][0] R[r12=0000000000000110] R[r 0=0000000000000000] inst=[0000fe65] c.bnez  a2, pc - 8
C0:       4694 [1] pc=[000000008000078e] W[r 0=0000000000000000][0] R[r 6=0000000080002540] R[r11=0000000000000000] inst=[00b30023] sb      a1, 0(t1)
C0:       4695 [1] pc=[0000000080000792] W[r12=000000000000010f][1] R[r12=0000000000000110] R[r 0=0000000000000000] inst=[0000167d] c.addi  a2, -1
C0:       4696 [1] pc=[0000000080000794] W[r 6=0000000080002541][1] R[r 6=0000000080002540] R[r 0=0000000000000000] inst=[00000305] c.addi  t1, 1
C0:       4697 [1] pc=[0000000080000796] W[r 0=0000000000000000][0] R[r12=000000000000010f] R[r 0=0000000000000000] inst=[0000fe65] c.bnez  a2, pc - 8
C0:       4698 [1] pc=[000000008000078e] W[r 0=0000000000000000][0] R[r 6=0000000080002541] R[r11=0000000000000000] inst=[00b30023] sb      a1, 0(t1)
C0:       4699 [1] pc=[0000000080000792] W[r12=000000000000010e][1] R[r12=000000000000010f] R[r 0=0000000000000000] inst=[0000167d] c.addi  a2, -1
C0:       4700 [1] pc=[0000000080000794] W[r 6=0000000080002542][1] R[r 6=0000000080002541] R[r 0=0000000000000000] inst=[00000305] c.addi  t1, 1
C0:       4701 [1] pc=[0000000080000796] W[r 0=0000000000000000][0] R[r12=000000000000010e] R[r 0=0000000000000000] inst=[0000fe65] c.bnez  a2, pc - 8
C0:       4702 [1] pc=[000000008000078e] W[r 0=0000000000000000][0] R[r 6=0000000080002542] R[r11=0000000000000000] inst=[00b30023] sb      a1, 0(t1)
C0:       4703 [1] pc=[0000000080000792] W[r12=000000000000010d][1] R[r12=000000000000010e] R[r 0=0000000000000000] inst=[0000167d] c.addi  a2, -1
C0:       4704 [1] pc=[0000000080000794] W[r 6=0000000080002543][1] R[r 6=0000000080002542] R[r 0=0000000000000000] inst=[00000305] c.addi  t1, 1
C0:       4705 [1] pc=[0000000080000796] W[r 0=0000000000000000][0] R[r12=000000000000010d] R[r 0=0000000000000000] inst=[0000fe65] c.bnez  a2, pc - 8
C0:       4706 [1] pc=[000000008000078e] W[r 0=0000000000000000][0] R[r 6=0000000080002543] R[r11=0000000000000000] inst=[00b30023] sb      a1, 0(t1)
C0:       4707 [1] pc=[0000000080000792] W[r12=000000000000010c][1] R[r12=000000000000010d] R[r 0=0000000000000000] inst=[0000167d] c.addi  a2, -1
C0:       4708 [1] pc=[0000000080000794] W[r 6=0000000080002544][1] R[r 6=0000000080002543] R[r 0=0000000000000000] inst=[00000305] c.addi  t1, 1
C0:       4709 [1] pc=[0000000080000796] W[r 0=0000000000000000][0] R[r12=000000000000010c] R[r 0=0000000000000000] inst=[0000fe65] c.bnez  a2, pc - 8
C0:       4710 [1] pc=[000000008000078e] W[r 0=0000000000000000][0] R[r 6=0000000080002544] R[r11=0000000000000000] inst=[00b30023] sb      a1, 0(t1)
C0:       4711 [1] pc=[0000000080000792] W[r12=000000000000010b][1] R[r12=000000000000010c] R[r 0=0000000000000000] inst=[0000167d] c.addi  a2, -1
C0:       4712 [1] pc=[0000000080000794] W[r 6=0000000080002545][1] R[r 6=0000000080002544] R[r 0=0000000000000000] inst=[00000305] c.addi  t1, 1
C0:       4713 [1] pc=[0000000080000796] W[r 0=0000000000000000][0] R[r12=000000000000010b] R[r 0=0000000000000000] inst=[0000fe65] c.bnez  a2, pc - 8
C0:       4714 [1] pc=[000000008000078e] W[r 0=0000000000000000][0] R[r 6=0000000080002545] R[r11=0000000000000000] inst=[00b30023] sb      a1, 0(t1)
C0:       4715 [1] pc=[0000000080000792] W[r12=000000000000010a][1] R[r12=000000000000010b] R[r 0=0000000000000000] inst=[0000167d] c.addi  a2, -1
C0:       4716 [1] pc=[0000000080000794] W[r 6=0000000080002546][1] R[r 6=0000000080002545] R[r 0=0000000000000000] inst=[00000305] c.addi  t1, 1
C0:       4717 [1] pc=[0000000080000796] W[r 0=0000000000000000][0] R[r12=000000000000010a] R[r 0=0000000000000000] inst=[0000fe65] c.bnez  a2, pc - 8
C0:       4718 [1] pc=[000000008000078e] W[r 0=0000000000000000][0] R[r 6=0000000080002546] R[r11=0000000000000000] inst=[00b30023] sb      a1, 0(t1)
C0:       4719 [1] pc=[0000000080000792] W[r12=0000000000000109][1] R[r12=000000000000010a] R[r 0=0000000000000000] inst=[0000167d] c.addi  a2, -1
C0:       4720 [1] pc=[0000000080000794] W[r 6=0000000080002547][1] R[r 6=0000000080002546] R[r 0=0000000000000000] inst=[00000305] c.addi  t1, 1
C0:       4721 [1] pc=[0000000080000796] W[r 0=0000000000000000][0] R[r12=0000000000000109] R[r 0=0000000000000000] inst=[0000fe65] c.bnez  a2, pc - 8
C0:       4722 [1] pc=[000000008000078e] W[r 0=0000000000000000][0] R[r 6=0000000080002547] R[r11=0000000000000000] inst=[00b30023] sb      a1, 0(t1)
C0:       4723 [1] pc=[0000000080000792] W[r12=0000000000000108][1] R[r12=0000000000000109] R[r 0=0000000000000000] inst=[0000167d] c.addi  a2, -1
C0:       4724 [1] pc=[0000000080000794] W[r 6=0000000080002548][1] R[r 6=0000000080002547] R[r 0=0000000000000000] inst=[00000305] c.addi  t1, 1
C0:       4725 [1] pc=[0000000080000796] W[r 0=0000000000000000][0] R[r12=0000000000000108] R[r 0=0000000000000000] inst=[0000fe65] c.bnez  a2, pc - 8
C0:       4726 [1] pc=[000000008000078e] W[r 0=0000000000000000][0] R[r 6=0000000080002548] R[r11=0000000000000000] inst=[00b30023] sb      a1, 0(t1)
C0:       4727 [1] pc=[0000000080000792] W[r12=0000000000000107][1] R[r12=0000000000000108] R[r 0=0000000000000000] inst=[0000167d] c.addi  a2, -1
C0:       4728 [1] pc=[0000000080000794] W[r 6=0000000080002549][1] R[r 6=0000000080002548] R[r 0=0000000000000000] inst=[00000305] c.addi  t1, 1
C0:       4729 [1] pc=[0000000080000796] W[r 0=0000000000000000][0] R[r12=0000000000000107] R[r 0=0000000000000000] inst=[0000fe65] c.bnez  a2, pc - 8
C0:       4730 [1] pc=[000000008000078e] W[r 0=0000000000000000][0] R[r 6=0000000080002549] R[r11=0000000000000000] inst=[00b30023] sb      a1, 0(t1)
C0:       4731 [1] pc=[0000000080000792] W[r12=0000000000000106][1] R[r12=0000000000000107] R[r 0=0000000000000000] inst=[0000167d] c.addi  a2, -1
C0:       4732 [1] pc=[0000000080000794] W[r 6=000000008000254a][1] R[r 6=0000000080002549] R[r 0=0000000000000000] inst=[00000305] c.addi  t1, 1
C0:       4733 [1] pc=[0000000080000796] W[r 0=0000000000000000][0] R[r12=0000000000000106] R[r 0=0000000000000000] inst=[0000fe65] c.bnez  a2, pc - 8
C0:       4734 [1] pc=[000000008000078e] W[r 0=0000000000000000][0] R[r 6=000000008000254a] R[r11=0000000000000000] inst=[00b30023] sb      a1, 0(t1)
C0:       4735 [1] pc=[0000000080000792] W[r12=0000000000000105][1] R[r12=0000000000000106] R[r 0=0000000000000000] inst=[0000167d] c.addi  a2, -1
C0:       4736 [1] pc=[0000000080000794] W[r 6=000000008000254b][1] R[r 6=000000008000254a] R[r 0=0000000000000000] inst=[00000305] c.addi  t1, 1
C0:       4737 [1] pc=[0000000080000796] W[r 0=0000000000000000][0] R[r12=0000000000000105] R[r 0=0000000000000000] inst=[0000fe65] c.bnez  a2, pc - 8
C0:       4738 [1] pc=[000000008000078e] W[r 0=0000000000000000][0] R[r 6=000000008000254b] R[r11=0000000000000000] inst=[00b30023] sb      a1, 0(t1)
C0:       4739 [1] pc=[0000000080000792] W[r12=0000000000000104][1] R[r12=0000000000000105] R[r 0=0000000000000000] inst=[0000167d] c.addi  a2, -1
C0:       4740 [1] pc=[0000000080000794] W[r 6=000000008000254c][1] R[r 6=000000008000254b] R[r 0=0000000000000000] inst=[00000305] c.addi  t1, 1
C0:       4741 [1] pc=[0000000080000796] W[r 0=0000000000000000][0] R[r12=0000000000000104] R[r 0=0000000000000000] inst=[0000fe65] c.bnez  a2, pc - 8
C0:       4742 [1] pc=[000000008000078e] W[r 0=0000000000000000][0] R[r 6=000000008000254c] R[r11=0000000000000000] inst=[00b30023] sb      a1, 0(t1)
C0:       4743 [1] pc=[0000000080000792] W[r12=0000000000000103][1] R[r12=0000000000000104] R[r 0=0000000000000000] inst=[0000167d] c.addi  a2, -1
C0:       4744 [1] pc=[0000000080000794] W[r 6=000000008000254d][1] R[r 6=000000008000254c] R[r 0=0000000000000000] inst=[00000305] c.addi  t1, 1
C0:       4745 [1] pc=[0000000080000796] W[r 0=0000000000000000][0] R[r12=0000000000000103] R[r 0=0000000000000000] inst=[0000fe65] c.bnez  a2, pc - 8
C0:       4746 [1] pc=[000000008000078e] W[r 0=0000000000000000][0] R[r 6=000000008000254d] R[r11=0000000000000000] inst=[00b30023] sb      a1, 0(t1)
C0:       4747 [1] pc=[0000000080000792] W[r12=0000000000000102][1] R[r12=0000000000000103] R[r 0=0000000000000000] inst=[0000167d] c.addi  a2, -1
C0:       4748 [1] pc=[0000000080000794] W[r 6=000000008000254e][1] R[r 6=000000008000254d] R[r 0=0000000000000000] inst=[00000305] c.addi  t1, 1
C0:       4749 [1] pc=[0000000080000796] W[r 0=0000000000000000][0] R[r12=0000000000000102] R[r 0=0000000000000000] inst=[0000fe65] c.bnez  a2, pc - 8
C0:       4750 [1] pc=[000000008000078e] W[r 0=0000000000000000][0] R[r 6=000000008000254e] R[r11=0000000000000000] inst=[00b30023] sb      a1, 0(t1)
C0:       4751 [1] pc=[0000000080000792] W[r12=0000000000000101][1] R[r12=0000000000000102] R[r 0=0000000000000000] inst=[0000167d] c.addi  a2, -1
C0:       4752 [1] pc=[0000000080000794] W[r 6=000000008000254f][1] R[r 6=000000008000254e] R[r 0=0000000000000000] inst=[00000305] c.addi  t1, 1
C0:       4753 [1] pc=[0000000080000796] W[r 0=0000000000000000][0] R[r12=0000000000000101] R[r 0=0000000000000000] inst=[0000fe65] c.bnez  a2, pc - 8
C0:       4754 [1] pc=[000000008000078e] W[r 0=0000000000000000][0] R[r 6=000000008000254f] R[r11=0000000000000000] inst=[00b30023] sb      a1, 0(t1)
C0:       4755 [1] pc=[0000000080000792] W[r12=0000000000000100][1] R[r12=0000000000000101] R[r 0=0000000000000000] inst=[0000167d] c.addi  a2, -1
C0:       4756 [1] pc=[0000000080000794] W[r 6=0000000080002550][1] R[r 6=000000008000254f] R[r 0=0000000000000000] inst=[00000305] c.addi  t1, 1
C0:       4757 [1] pc=[0000000080000796] W[r 0=0000000000000000][0] R[r12=0000000000000100] R[r 0=0000000000000000] inst=[0000fe65] c.bnez  a2, pc - 8
C0:       4758 [1] pc=[000000008000078e] W[r 0=0000000000000000][0] R[r 6=0000000080002550] R[r11=0000000000000000] inst=[00b30023] sb      a1, 0(t1)
C0:       4759 [1] pc=[0000000080000792] W[r12=00000000000000ff][1] R[r12=0000000000000100] R[r 0=0000000000000000] inst=[0000167d] c.addi  a2, -1
C0:       4760 [1] pc=[0000000080000794] W[r 6=0000000080002551][1] R[r 6=0000000080002550] R[r 0=0000000000000000] inst=[00000305] c.addi  t1, 1
C0:       4761 [1] pc=[0000000080000796] W[r 0=0000000000000000][0] R[r12=00000000000000ff] R[r 0=0000000000000000] inst=[0000fe65] c.bnez  a2, pc - 8
C0:       4762 [1] pc=[000000008000078e] W[r 0=0000000000000000][0] R[r 6=0000000080002551] R[r11=0000000000000000] inst=[00b30023] sb      a1, 0(t1)
C0:       4763 [1] pc=[0000000080000792] W[r12=00000000000000fe][1] R[r12=00000000000000ff] R[r 0=0000000000000000] inst=[0000167d] c.addi  a2, -1
C0:       4764 [1] pc=[0000000080000794] W[r 6=0000000080002552][1] R[r 6=0000000080002551] R[r 0=0000000000000000] inst=[00000305] c.addi  t1, 1
C0:       4765 [1] pc=[0000000080000796] W[r 0=0000000000000000][0] R[r12=00000000000000fe] R[r 0=0000000000000000] inst=[0000fe65] c.bnez  a2, pc - 8
C0:       4766 [1] pc=[000000008000078e] W[r 0=0000000000000000][0] R[r 6=0000000080002552] R[r11=0000000000000000] inst=[00b30023] sb      a1, 0(t1)
C0:       4767 [1] pc=[0000000080000792] W[r12=00000000000000fd][1] R[r12=00000000000000fe] R[r 0=0000000000000000] inst=[0000167d] c.addi  a2, -1
C0:       4768 [1] pc=[0000000080000794] W[r 6=0000000080002553][1] R[r 6=0000000080002552] R[r 0=0000000000000000] inst=[00000305] c.addi  t1, 1
C0:       4769 [1] pc=[0000000080000796] W[r 0=0000000000000000][0] R[r12=00000000000000fd] R[r 0=0000000000000000] inst=[0000fe65] c.bnez  a2, pc - 8
C0:       4770 [1] pc=[000000008000078e] W[r 0=0000000000000000][0] R[r 6=0000000080002553] R[r11=0000000000000000] inst=[00b30023] sb      a1, 0(t1)
C0:       4771 [1] pc=[0000000080000792] W[r12=00000000000000fc][1] R[r12=00000000000000fd] R[r 0=0000000000000000] inst=[0000167d] c.addi  a2, -1
C0:       4772 [1] pc=[0000000080000794] W[r 6=0000000080002554][1] R[r 6=0000000080002553] R[r 0=0000000000000000] inst=[00000305] c.addi  t1, 1
C0:       4773 [1] pc=[0000000080000796] W[r 0=0000000000000000][0] R[r12=00000000000000fc] R[r 0=0000000000000000] inst=[0000fe65] c.bnez  a2, pc - 8
C0:       4774 [1] pc=[000000008000078e] W[r 0=0000000000000000][0] R[r 6=0000000080002554] R[r11=0000000000000000] inst=[00b30023] sb      a1, 0(t1)
C0:       4775 [1] pc=[0000000080000792] W[r12=00000000000000fb][1] R[r12=00000000000000fc] R[r 0=0000000000000000] inst=[0000167d] c.addi  a2, -1
C0:       4776 [1] pc=[0000000080000794] W[r 6=0000000080002555][1] R[r 6=0000000080002554] R[r 0=0000000000000000] inst=[00000305] c.addi  t1, 1
C0:       4777 [1] pc=[0000000080000796] W[r 0=0000000000000000][0] R[r12=00000000000000fb] R[r 0=0000000000000000] inst=[0000fe65] c.bnez  a2, pc - 8
C0:       4778 [1] pc=[000000008000078e] W[r 0=0000000000000000][0] R[r 6=0000000080002555] R[r11=0000000000000000] inst=[00b30023] sb      a1, 0(t1)
C0:       4779 [1] pc=[0000000080000792] W[r12=00000000000000fa][1] R[r12=00000000000000fb] R[r 0=0000000000000000] inst=[0000167d] c.addi  a2, -1
C0:       4780 [1] pc=[0000000080000794] W[r 6=0000000080002556][1] R[r 6=0000000080002555] R[r 0=0000000000000000] inst=[00000305] c.addi  t1, 1
C0:       4781 [1] pc=[0000000080000796] W[r 0=0000000000000000][0] R[r12=00000000000000fa] R[r 0=0000000000000000] inst=[0000fe65] c.bnez  a2, pc - 8
C0:       4782 [1] pc=[000000008000078e] W[r 0=0000000000000000][0] R[r 6=0000000080002556] R[r11=0000000000000000] inst=[00b30023] sb      a1, 0(t1)
C0:       4783 [1] pc=[0000000080000792] W[r12=00000000000000f9][1] R[r12=00000000000000fa] R[r 0=0000000000000000] inst=[0000167d] c.addi  a2, -1
C0:       4784 [1] pc=[0000000080000794] W[r 6=0000000080002557][1] R[r 6=0000000080002556] R[r 0=0000000000000000] inst=[00000305] c.addi  t1, 1
C0:       4785 [1] pc=[0000000080000796] W[r 0=0000000000000000][0] R[r12=00000000000000f9] R[r 0=0000000000000000] inst=[0000fe65] c.bnez  a2, pc - 8
C0:       4786 [1] pc=[000000008000078e] W[r 0=0000000000000000][0] R[r 6=0000000080002557] R[r11=0000000000000000] inst=[00b30023] sb      a1, 0(t1)
C0:       4787 [1] pc=[0000000080000792] W[r12=00000000000000f8][1] R[r12=00000000000000f9] R[r 0=0000000000000000] inst=[0000167d] c.addi  a2, -1
C0:       4788 [1] pc=[0000000080000794] W[r 6=0000000080002558][1] R[r 6=0000000080002557] R[r 0=0000000000000000] inst=[00000305] c.addi  t1, 1
C0:       4789 [1] pc=[0000000080000796] W[r 0=0000000000000000][0] R[r12=00000000000000f8] R[r 0=0000000000000000] inst=[0000fe65] c.bnez  a2, pc - 8
C0:       4790 [1] pc=[000000008000078e] W[r 0=0000000000000000][0] R[r 6=0000000080002558] R[r11=0000000000000000] inst=[00b30023] sb      a1, 0(t1)
C0:       4791 [1] pc=[0000000080000792] W[r12=00000000000000f7][1] R[r12=00000000000000f8] R[r 0=0000000000000000] inst=[0000167d] c.addi  a2, -1
C0:       4792 [1] pc=[0000000080000794] W[r 6=0000000080002559][1] R[r 6=0000000080002558] R[r 0=0000000000000000] inst=[00000305] c.addi  t1, 1
C0:       4793 [1] pc=[0000000080000796] W[r 0=0000000000000000][0] R[r12=00000000000000f7] R[r 0=0000000000000000] inst=[0000fe65] c.bnez  a2, pc - 8
C0:       4794 [1] pc=[000000008000078e] W[r 0=0000000000000000][0] R[r 6=0000000080002559] R[r11=0000000000000000] inst=[00b30023] sb      a1, 0(t1)
C0:       4795 [1] pc=[0000000080000792] W[r12=00000000000000f6][1] R[r12=00000000000000f7] R[r 0=0000000000000000] inst=[0000167d] c.addi  a2, -1
C0:       4796 [1] pc=[0000000080000794] W[r 6=000000008000255a][1] R[r 6=0000000080002559] R[r 0=0000000000000000] inst=[00000305] c.addi  t1, 1
C0:       4797 [1] pc=[0000000080000796] W[r 0=0000000000000000][0] R[r12=00000000000000f6] R[r 0=0000000000000000] inst=[0000fe65] c.bnez  a2, pc - 8
C0:       4798 [1] pc=[000000008000078e] W[r 0=0000000000000000][0] R[r 6=000000008000255a] R[r11=0000000000000000] inst=[00b30023] sb      a1, 0(t1)
C0:       4799 [1] pc=[0000000080000792] W[r12=00000000000000f5][1] R[r12=00000000000000f6] R[r 0=0000000000000000] inst=[0000167d] c.addi  a2, -1
C0:       4800 [1] pc=[0000000080000794] W[r 6=000000008000255b][1] R[r 6=000000008000255a] R[r 0=0000000000000000] inst=[00000305] c.addi  t1, 1
C0:       4801 [1] pc=[0000000080000796] W[r 0=0000000000000000][0] R[r12=00000000000000f5] R[r 0=0000000000000000] inst=[0000fe65] c.bnez  a2, pc - 8
C0:       4802 [1] pc=[000000008000078e] W[r 0=0000000000000000][0] R[r 6=000000008000255b] R[r11=0000000000000000] inst=[00b30023] sb      a1, 0(t1)
C0:       4803 [1] pc=[0000000080000792] W[r12=00000000000000f4][1] R[r12=00000000000000f5] R[r 0=0000000000000000] inst=[0000167d] c.addi  a2, -1
C0:       4804 [1] pc=[0000000080000794] W[r 6=000000008000255c][1] R[r 6=000000008000255b] R[r 0=0000000000000000] inst=[00000305] c.addi  t1, 1
C0:       4805 [1] pc=[0000000080000796] W[r 0=0000000000000000][0] R[r12=00000000000000f4] R[r 0=0000000000000000] inst=[0000fe65] c.bnez  a2, pc - 8
C0:       4806 [1] pc=[000000008000078e] W[r 0=0000000000000000][0] R[r 6=000000008000255c] R[r11=0000000000000000] inst=[00b30023] sb      a1, 0(t1)
C0:       4807 [1] pc=[0000000080000792] W[r12=00000000000000f3][1] R[r12=00000000000000f4] R[r 0=0000000000000000] inst=[0000167d] c.addi  a2, -1
C0:       4808 [1] pc=[0000000080000794] W[r 6=000000008000255d][1] R[r 6=000000008000255c] R[r 0=0000000000000000] inst=[00000305] c.addi  t1, 1
C0:       4809 [1] pc=[0000000080000796] W[r 0=0000000000000000][0] R[r12=00000000000000f3] R[r 0=0000000000000000] inst=[0000fe65] c.bnez  a2, pc - 8
C0:       4810 [1] pc=[000000008000078e] W[r 0=0000000000000000][0] R[r 6=000000008000255d] R[r11=0000000000000000] inst=[00b30023] sb      a1, 0(t1)
C0:       4811 [1] pc=[0000000080000792] W[r12=00000000000000f2][1] R[r12=00000000000000f3] R[r 0=0000000000000000] inst=[0000167d] c.addi  a2, -1
C0:       4812 [1] pc=[0000000080000794] W[r 6=000000008000255e][1] R[r 6=000000008000255d] R[r 0=0000000000000000] inst=[00000305] c.addi  t1, 1
C0:       4813 [1] pc=[0000000080000796] W[r 0=0000000000000000][0] R[r12=00000000000000f2] R[r 0=0000000000000000] inst=[0000fe65] c.bnez  a2, pc - 8
C0:       4814 [1] pc=[000000008000078e] W[r 0=0000000000000000][0] R[r 6=000000008000255e] R[r11=0000000000000000] inst=[00b30023] sb      a1, 0(t1)
C0:       4815 [1] pc=[0000000080000792] W[r12=00000000000000f1][1] R[r12=00000000000000f2] R[r 0=0000000000000000] inst=[0000167d] c.addi  a2, -1
C0:       4816 [1] pc=[0000000080000794] W[r 6=000000008000255f][1] R[r 6=000000008000255e] R[r 0=0000000000000000] inst=[00000305] c.addi  t1, 1
C0:       4817 [1] pc=[0000000080000796] W[r 0=0000000000000000][0] R[r12=00000000000000f1] R[r 0=0000000000000000] inst=[0000fe65] c.bnez  a2, pc - 8
C0:       4818 [1] pc=[000000008000078e] W[r 0=0000000000000000][0] R[r 6=000000008000255f] R[r11=0000000000000000] inst=[00b30023] sb      a1, 0(t1)
C0:       4819 [1] pc=[0000000080000792] W[r12=00000000000000f0][1] R[r12=00000000000000f1] R[r 0=0000000000000000] inst=[0000167d] c.addi  a2, -1
C0:       4820 [1] pc=[0000000080000794] W[r 6=0000000080002560][1] R[r 6=000000008000255f] R[r 0=0000000000000000] inst=[00000305] c.addi  t1, 1
C0:       4821 [1] pc=[0000000080000796] W[r 0=0000000000000000][0] R[r12=00000000000000f0] R[r 0=0000000000000000] inst=[0000fe65] c.bnez  a2, pc - 8
C0:       4822 [1] pc=[000000008000078e] W[r 0=0000000000000000][0] R[r 6=0000000080002560] R[r11=0000000000000000] inst=[00b30023] sb      a1, 0(t1)
C0:       4823 [1] pc=[0000000080000792] W[r12=00000000000000ef][1] R[r12=00000000000000f0] R[r 0=0000000000000000] inst=[0000167d] c.addi  a2, -1
C0:       4824 [1] pc=[0000000080000794] W[r 6=0000000080002561][1] R[r 6=0000000080002560] R[r 0=0000000000000000] inst=[00000305] c.addi  t1, 1
C0:       4825 [1] pc=[0000000080000796] W[r 0=0000000000000000][0] R[r12=00000000000000ef] R[r 0=0000000000000000] inst=[0000fe65] c.bnez  a2, pc - 8
C0:       4826 [1] pc=[000000008000078e] W[r 0=0000000000000000][0] R[r 6=0000000080002561] R[r11=0000000000000000] inst=[00b30023] sb      a1, 0(t1)
C0:       4827 [1] pc=[0000000080000792] W[r12=00000000000000ee][1] R[r12=00000000000000ef] R[r 0=0000000000000000] inst=[0000167d] c.addi  a2, -1
C0:       4828 [1] pc=[0000000080000794] W[r 6=0000000080002562][1] R[r 6=0000000080002561] R[r 0=0000000000000000] inst=[00000305] c.addi  t1, 1
C0:       4829 [1] pc=[0000000080000796] W[r 0=0000000000000000][0] R[r12=00000000000000ee] R[r 0=0000000000000000] inst=[0000fe65] c.bnez  a2, pc - 8
C0:       4830 [1] pc=[000000008000078e] W[r 0=0000000000000000][0] R[r 6=0000000080002562] R[r11=0000000000000000] inst=[00b30023] sb      a1, 0(t1)
C0:       4831 [1] pc=[0000000080000792] W[r12=00000000000000ed][1] R[r12=00000000000000ee] R[r 0=0000000000000000] inst=[0000167d] c.addi  a2, -1
C0:       4832 [1] pc=[0000000080000794] W[r 6=0000000080002563][1] R[r 6=0000000080002562] R[r 0=0000000000000000] inst=[00000305] c.addi  t1, 1
C0:       4833 [1] pc=[0000000080000796] W[r 0=0000000000000000][0] R[r12=00000000000000ed] R[r 0=0000000000000000] inst=[0000fe65] c.bnez  a2, pc - 8
C0:       4834 [1] pc=[000000008000078e] W[r 0=0000000000000000][0] R[r 6=0000000080002563] R[r11=0000000000000000] inst=[00b30023] sb      a1, 0(t1)
C0:       4835 [1] pc=[0000000080000792] W[r12=00000000000000ec][1] R[r12=00000000000000ed] R[r 0=0000000000000000] inst=[0000167d] c.addi  a2, -1
C0:       4836 [1] pc=[0000000080000794] W[r 6=0000000080002564][1] R[r 6=0000000080002563] R[r 0=0000000000000000] inst=[00000305] c.addi  t1, 1
C0:       4837 [1] pc=[0000000080000796] W[r 0=0000000000000000][0] R[r12=00000000000000ec] R[r 0=0000000000000000] inst=[0000fe65] c.bnez  a2, pc - 8
C0:       4838 [1] pc=[000000008000078e] W[r 0=0000000000000000][0] R[r 6=0000000080002564] R[r11=0000000000000000] inst=[00b30023] sb      a1, 0(t1)
C0:       4839 [1] pc=[0000000080000792] W[r12=00000000000000eb][1] R[r12=00000000000000ec] R[r 0=0000000000000000] inst=[0000167d] c.addi  a2, -1
C0:       4840 [1] pc=[0000000080000794] W[r 6=0000000080002565][1] R[r 6=0000000080002564] R[r 0=0000000000000000] inst=[00000305] c.addi  t1, 1
C0:       4841 [1] pc=[0000000080000796] W[r 0=0000000000000000][0] R[r12=00000000000000eb] R[r 0=0000000000000000] inst=[0000fe65] c.bnez  a2, pc - 8
C0:       4842 [1] pc=[000000008000078e] W[r 0=0000000000000000][0] R[r 6=0000000080002565] R[r11=0000000000000000] inst=[00b30023] sb      a1, 0(t1)
C0:       4843 [1] pc=[0000000080000792] W[r12=00000000000000ea][1] R[r12=00000000000000eb] R[r 0=0000000000000000] inst=[0000167d] c.addi  a2, -1
C0:       4844 [1] pc=[0000000080000794] W[r 6=0000000080002566][1] R[r 6=0000000080002565] R[r 0=0000000000000000] inst=[00000305] c.addi  t1, 1
C0:       4845 [1] pc=[0000000080000796] W[r 0=0000000000000000][0] R[r12=00000000000000ea] R[r 0=0000000000000000] inst=[0000fe65] c.bnez  a2, pc - 8
C0:       4846 [1] pc=[000000008000078e] W[r 0=0000000000000000][0] R[r 6=0000000080002566] R[r11=0000000000000000] inst=[00b30023] sb      a1, 0(t1)
C0:       4847 [1] pc=[0000000080000792] W[r12=00000000000000e9][1] R[r12=00000000000000ea] R[r 0=0000000000000000] inst=[0000167d] c.addi  a2, -1
C0:       4848 [1] pc=[0000000080000794] W[r 6=0000000080002567][1] R[r 6=0000000080002566] R[r 0=0000000000000000] inst=[00000305] c.addi  t1, 1
C0:       4849 [1] pc=[0000000080000796] W[r 0=0000000000000000][0] R[r12=00000000000000e9] R[r 0=0000000000000000] inst=[0000fe65] c.bnez  a2, pc - 8
C0:       4850 [1] pc=[000000008000078e] W[r 0=0000000000000000][0] R[r 6=0000000080002567] R[r11=0000000000000000] inst=[00b30023] sb      a1, 0(t1)
C0:       4851 [1] pc=[0000000080000792] W[r12=00000000000000e8][1] R[r12=00000000000000e9] R[r 0=0000000000000000] inst=[0000167d] c.addi  a2, -1
C0:       4852 [1] pc=[0000000080000794] W[r 6=0000000080002568][1] R[r 6=0000000080002567] R[r 0=0000000000000000] inst=[00000305] c.addi  t1, 1
C0:       4853 [1] pc=[0000000080000796] W[r 0=0000000000000000][0] R[r12=00000000000000e8] R[r 0=0000000000000000] inst=[0000fe65] c.bnez  a2, pc - 8
C0:       4854 [1] pc=[000000008000078e] W[r 0=0000000000000000][0] R[r 6=0000000080002568] R[r11=0000000000000000] inst=[00b30023] sb      a1, 0(t1)
C0:       4855 [1] pc=[0000000080000792] W[r12=00000000000000e7][1] R[r12=00000000000000e8] R[r 0=0000000000000000] inst=[0000167d] c.addi  a2, -1
C0:       4856 [1] pc=[0000000080000794] W[r 6=0000000080002569][1] R[r 6=0000000080002568] R[r 0=0000000000000000] inst=[00000305] c.addi  t1, 1
C0:       4857 [1] pc=[0000000080000796] W[r 0=0000000000000000][0] R[r12=00000000000000e7] R[r 0=0000000000000000] inst=[0000fe65] c.bnez  a2, pc - 8
C0:       4858 [1] pc=[000000008000078e] W[r 0=0000000000000000][0] R[r 6=0000000080002569] R[r11=0000000000000000] inst=[00b30023] sb      a1, 0(t1)
C0:       4859 [1] pc=[0000000080000792] W[r12=00000000000000e6][1] R[r12=00000000000000e7] R[r 0=0000000000000000] inst=[0000167d] c.addi  a2, -1
C0:       4860 [1] pc=[0000000080000794] W[r 6=000000008000256a][1] R[r 6=0000000080002569] R[r 0=0000000000000000] inst=[00000305] c.addi  t1, 1
C0:       4861 [1] pc=[0000000080000796] W[r 0=0000000000000000][0] R[r12=00000000000000e6] R[r 0=0000000000000000] inst=[0000fe65] c.bnez  a2, pc - 8
C0:       4862 [1] pc=[000000008000078e] W[r 0=0000000000000000][0] R[r 6=000000008000256a] R[r11=0000000000000000] inst=[00b30023] sb      a1, 0(t1)
C0:       4863 [1] pc=[0000000080000792] W[r12=00000000000000e5][1] R[r12=00000000000000e6] R[r 0=0000000000000000] inst=[0000167d] c.addi  a2, -1
C0:       4864 [1] pc=[0000000080000794] W[r 6=000000008000256b][1] R[r 6=000000008000256a] R[r 0=0000000000000000] inst=[00000305] c.addi  t1, 1
C0:       4865 [1] pc=[0000000080000796] W[r 0=0000000000000000][0] R[r12=00000000000000e5] R[r 0=0000000000000000] inst=[0000fe65] c.bnez  a2, pc - 8
C0:       4866 [1] pc=[000000008000078e] W[r 0=0000000000000000][0] R[r 6=000000008000256b] R[r11=0000000000000000] inst=[00b30023] sb      a1, 0(t1)
C0:       4867 [1] pc=[0000000080000792] W[r12=00000000000000e4][1] R[r12=00000000000000e5] R[r 0=0000000000000000] inst=[0000167d] c.addi  a2, -1
C0:       4868 [1] pc=[0000000080000794] W[r 6=000000008000256c][1] R[r 6=000000008000256b] R[r 0=0000000000000000] inst=[00000305] c.addi  t1, 1
C0:       4869 [1] pc=[0000000080000796] W[r 0=0000000000000000][0] R[r12=00000000000000e4] R[r 0=0000000000000000] inst=[0000fe65] c.bnez  a2, pc - 8
C0:       4870 [1] pc=[000000008000078e] W[r 0=0000000000000000][0] R[r 6=000000008000256c] R[r11=0000000000000000] inst=[00b30023] sb      a1, 0(t1)
C0:       4871 [1] pc=[0000000080000792] W[r12=00000000000000e3][1] R[r12=00000000000000e4] R[r 0=0000000000000000] inst=[0000167d] c.addi  a2, -1
C0:       4872 [1] pc=[0000000080000794] W[r 6=000000008000256d][1] R[r 6=000000008000256c] R[r 0=0000000000000000] inst=[00000305] c.addi  t1, 1
C0:       4873 [1] pc=[0000000080000796] W[r 0=0000000000000000][0] R[r12=00000000000000e3] R[r 0=0000000000000000] inst=[0000fe65] c.bnez  a2, pc - 8
C0:       4874 [1] pc=[000000008000078e] W[r 0=0000000000000000][0] R[r 6=000000008000256d] R[r11=0000000000000000] inst=[00b30023] sb      a1, 0(t1)
C0:       4875 [1] pc=[0000000080000792] W[r12=00000000000000e2][1] R[r12=00000000000000e3] R[r 0=0000000000000000] inst=[0000167d] c.addi  a2, -1
C0:       4876 [1] pc=[0000000080000794] W[r 6=000000008000256e][1] R[r 6=000000008000256d] R[r 0=0000000000000000] inst=[00000305] c.addi  t1, 1
C0:       4877 [1] pc=[0000000080000796] W[r 0=0000000000000000][0] R[r12=00000000000000e2] R[r 0=0000000000000000] inst=[0000fe65] c.bnez  a2, pc - 8
C0:       4878 [1] pc=[000000008000078e] W[r 0=0000000000000000][0] R[r 6=000000008000256e] R[r11=0000000000000000] inst=[00b30023] sb      a1, 0(t1)
C0:       4879 [1] pc=[0000000080000792] W[r12=00000000000000e1][1] R[r12=00000000000000e2] R[r 0=0000000000000000] inst=[0000167d] c.addi  a2, -1
C0:       4880 [1] pc=[0000000080000794] W[r 6=000000008000256f][1] R[r 6=000000008000256e] R[r 0=0000000000000000] inst=[00000305] c.addi  t1, 1
C0:       4881 [1] pc=[0000000080000796] W[r 0=0000000000000000][0] R[r12=00000000000000e1] R[r 0=0000000000000000] inst=[0000fe65] c.bnez  a2, pc - 8
C0:       4882 [1] pc=[000000008000078e] W[r 0=0000000000000000][0] R[r 6=000000008000256f] R[r11=0000000000000000] inst=[00b30023] sb      a1, 0(t1)
C0:       4883 [1] pc=[0000000080000792] W[r12=00000000000000e0][1] R[r12=00000000000000e1] R[r 0=0000000000000000] inst=[0000167d] c.addi  a2, -1
C0:       4884 [1] pc=[0000000080000794] W[r 6=0000000080002570][1] R[r 6=000000008000256f] R[r 0=0000000000000000] inst=[00000305] c.addi  t1, 1
C0:       4885 [1] pc=[0000000080000796] W[r 0=0000000000000000][0] R[r12=00000000000000e0] R[r 0=0000000000000000] inst=[0000fe65] c.bnez  a2, pc - 8
C0:       4886 [1] pc=[000000008000078e] W[r 0=0000000000000000][0] R[r 6=0000000080002570] R[r11=0000000000000000] inst=[00b30023] sb      a1, 0(t1)
C0:       4887 [1] pc=[0000000080000792] W[r12=00000000000000df][1] R[r12=00000000000000e0] R[r 0=0000000000000000] inst=[0000167d] c.addi  a2, -1
C0:       4888 [1] pc=[0000000080000794] W[r 6=0000000080002571][1] R[r 6=0000000080002570] R[r 0=0000000000000000] inst=[00000305] c.addi  t1, 1
C0:       4889 [1] pc=[0000000080000796] W[r 0=0000000000000000][0] R[r12=00000000000000df] R[r 0=0000000000000000] inst=[0000fe65] c.bnez  a2, pc - 8
C0:       4890 [1] pc=[000000008000078e] W[r 0=0000000000000000][0] R[r 6=0000000080002571] R[r11=0000000000000000] inst=[00b30023] sb      a1, 0(t1)
C0:       4891 [1] pc=[0000000080000792] W[r12=00000000000000de][1] R[r12=00000000000000df] R[r 0=0000000000000000] inst=[0000167d] c.addi  a2, -1
C0:       4892 [1] pc=[0000000080000794] W[r 6=0000000080002572][1] R[r 6=0000000080002571] R[r 0=0000000000000000] inst=[00000305] c.addi  t1, 1
C0:       4893 [1] pc=[0000000080000796] W[r 0=0000000000000000][0] R[r12=00000000000000de] R[r 0=0000000000000000] inst=[0000fe65] c.bnez  a2, pc - 8
C0:       4894 [1] pc=[000000008000078e] W[r 0=0000000000000000][0] R[r 6=0000000080002572] R[r11=0000000000000000] inst=[00b30023] sb      a1, 0(t1)
C0:       4895 [1] pc=[0000000080000792] W[r12=00000000000000dd][1] R[r12=00000000000000de] R[r 0=0000000000000000] inst=[0000167d] c.addi  a2, -1
C0:       4896 [1] pc=[0000000080000794] W[r 6=0000000080002573][1] R[r 6=0000000080002572] R[r 0=0000000000000000] inst=[00000305] c.addi  t1, 1
C0:       4897 [1] pc=[0000000080000796] W[r 0=0000000000000000][0] R[r12=00000000000000dd] R[r 0=0000000000000000] inst=[0000fe65] c.bnez  a2, pc - 8
C0:       4898 [1] pc=[000000008000078e] W[r 0=0000000000000000][0] R[r 6=0000000080002573] R[r11=0000000000000000] inst=[00b30023] sb      a1, 0(t1)
C0:       4899 [1] pc=[0000000080000792] W[r12=00000000000000dc][1] R[r12=00000000000000dd] R[r 0=0000000000000000] inst=[0000167d] c.addi  a2, -1
C0:       4900 [1] pc=[0000000080000794] W[r 6=0000000080002574][1] R[r 6=0000000080002573] R[r 0=0000000000000000] inst=[00000305] c.addi  t1, 1
C0:       4901 [1] pc=[0000000080000796] W[r 0=0000000000000000][0] R[r12=00000000000000dc] R[r 0=0000000000000000] inst=[0000fe65] c.bnez  a2, pc - 8
C0:       4902 [1] pc=[000000008000078e] W[r 0=0000000000000000][0] R[r 6=0000000080002574] R[r11=0000000000000000] inst=[00b30023] sb      a1, 0(t1)
C0:       4903 [1] pc=[0000000080000792] W[r12=00000000000000db][1] R[r12=00000000000000dc] R[r 0=0000000000000000] inst=[0000167d] c.addi  a2, -1
C0:       4904 [1] pc=[0000000080000794] W[r 6=0000000080002575][1] R[r 6=0000000080002574] R[r 0=0000000000000000] inst=[00000305] c.addi  t1, 1
C0:       4905 [1] pc=[0000000080000796] W[r 0=0000000000000000][0] R[r12=00000000000000db] R[r 0=0000000000000000] inst=[0000fe65] c.bnez  a2, pc - 8
C0:       4906 [1] pc=[000000008000078e] W[r 0=0000000000000000][0] R[r 6=0000000080002575] R[r11=0000000000000000] inst=[00b30023] sb      a1, 0(t1)
C0:       4907 [1] pc=[0000000080000792] W[r12=00000000000000da][1] R[r12=00000000000000db] R[r 0=0000000000000000] inst=[0000167d] c.addi  a2, -1
C0:       4908 [1] pc=[0000000080000794] W[r 6=0000000080002576][1] R[r 6=0000000080002575] R[r 0=0000000000000000] inst=[00000305] c.addi  t1, 1
C0:       4909 [1] pc=[0000000080000796] W[r 0=0000000000000000][0] R[r12=00000000000000da] R[r 0=0000000000000000] inst=[0000fe65] c.bnez  a2, pc - 8
C0:       4910 [1] pc=[000000008000078e] W[r 0=0000000000000000][0] R[r 6=0000000080002576] R[r11=0000000000000000] inst=[00b30023] sb      a1, 0(t1)
C0:       4911 [1] pc=[0000000080000792] W[r12=00000000000000d9][1] R[r12=00000000000000da] R[r 0=0000000000000000] inst=[0000167d] c.addi  a2, -1
C0:       4912 [1] pc=[0000000080000794] W[r 6=0000000080002577][1] R[r 6=0000000080002576] R[r 0=0000000000000000] inst=[00000305] c.addi  t1, 1
C0:       4913 [1] pc=[0000000080000796] W[r 0=0000000000000000][0] R[r12=00000000000000d9] R[r 0=0000000000000000] inst=[0000fe65] c.bnez  a2, pc - 8
C0:       4914 [1] pc=[000000008000078e] W[r 0=0000000000000000][0] R[r 6=0000000080002577] R[r11=0000000000000000] inst=[00b30023] sb      a1, 0(t1)
C0:       4915 [1] pc=[0000000080000792] W[r12=00000000000000d8][1] R[r12=00000000000000d9] R[r 0=0000000000000000] inst=[0000167d] c.addi  a2, -1
C0:       4916 [1] pc=[0000000080000794] W[r 6=0000000080002578][1] R[r 6=0000000080002577] R[r 0=0000000000000000] inst=[00000305] c.addi  t1, 1
C0:       4917 [1] pc=[0000000080000796] W[r 0=0000000000000000][0] R[r12=00000000000000d8] R[r 0=0000000000000000] inst=[0000fe65] c.bnez  a2, pc - 8
C0:       4918 [1] pc=[000000008000078e] W[r 0=0000000000000000][0] R[r 6=0000000080002578] R[r11=0000000000000000] inst=[00b30023] sb      a1, 0(t1)
C0:       4919 [1] pc=[0000000080000792] W[r12=00000000000000d7][1] R[r12=00000000000000d8] R[r 0=0000000000000000] inst=[0000167d] c.addi  a2, -1
C0:       4920 [1] pc=[0000000080000794] W[r 6=0000000080002579][1] R[r 6=0000000080002578] R[r 0=0000000000000000] inst=[00000305] c.addi  t1, 1
C0:       4921 [1] pc=[0000000080000796] W[r 0=0000000000000000][0] R[r12=00000000000000d7] R[r 0=0000000000000000] inst=[0000fe65] c.bnez  a2, pc - 8
C0:       4922 [1] pc=[000000008000078e] W[r 0=0000000000000000][0] R[r 6=0000000080002579] R[r11=0000000000000000] inst=[00b30023] sb      a1, 0(t1)
C0:       4923 [1] pc=[0000000080000792] W[r12=00000000000000d6][1] R[r12=00000000000000d7] R[r 0=0000000000000000] inst=[0000167d] c.addi  a2, -1
C0:       4924 [1] pc=[0000000080000794] W[r 6=000000008000257a][1] R[r 6=0000000080002579] R[r 0=0000000000000000] inst=[00000305] c.addi  t1, 1
C0:       4925 [1] pc=[0000000080000796] W[r 0=0000000000000000][0] R[r12=00000000000000d6] R[r 0=0000000000000000] inst=[0000fe65] c.bnez  a2, pc - 8
C0:       4926 [1] pc=[000000008000078e] W[r 0=0000000000000000][0] R[r 6=000000008000257a] R[r11=0000000000000000] inst=[00b30023] sb      a1, 0(t1)
C0:       4927 [1] pc=[0000000080000792] W[r12=00000000000000d5][1] R[r12=00000000000000d6] R[r 0=0000000000000000] inst=[0000167d] c.addi  a2, -1
C0:       4928 [1] pc=[0000000080000794] W[r 6=000000008000257b][1] R[r 6=000000008000257a] R[r 0=0000000000000000] inst=[00000305] c.addi  t1, 1
C0:       4929 [1] pc=[0000000080000796] W[r 0=0000000000000000][0] R[r12=00000000000000d5] R[r 0=0000000000000000] inst=[0000fe65] c.bnez  a2, pc - 8
C0:       4930 [1] pc=[000000008000078e] W[r 0=0000000000000000][0] R[r 6=000000008000257b] R[r11=0000000000000000] inst=[00b30023] sb      a1, 0(t1)
C0:       4931 [1] pc=[0000000080000792] W[r12=00000000000000d4][1] R[r12=00000000000000d5] R[r 0=0000000000000000] inst=[0000167d] c.addi  a2, -1
C0:       4932 [1] pc=[0000000080000794] W[r 6=000000008000257c][1] R[r 6=000000008000257b] R[r 0=0000000000000000] inst=[00000305] c.addi  t1, 1
C0:       4933 [1] pc=[0000000080000796] W[r 0=0000000000000000][0] R[r12=00000000000000d4] R[r 0=0000000000000000] inst=[0000fe65] c.bnez  a2, pc - 8
C0:       4934 [1] pc=[000000008000078e] W[r 0=0000000000000000][0] R[r 6=000000008000257c] R[r11=0000000000000000] inst=[00b30023] sb      a1, 0(t1)
C0:       4935 [1] pc=[0000000080000792] W[r12=00000000000000d3][1] R[r12=00000000000000d4] R[r 0=0000000000000000] inst=[0000167d] c.addi  a2, -1
C0:       4936 [1] pc=[0000000080000794] W[r 6=000000008000257d][1] R[r 6=000000008000257c] R[r 0=0000000000000000] inst=[00000305] c.addi  t1, 1
C0:       4937 [1] pc=[0000000080000796] W[r 0=0000000000000000][0] R[r12=00000000000000d3] R[r 0=0000000000000000] inst=[0000fe65] c.bnez  a2, pc - 8
C0:       4938 [1] pc=[000000008000078e] W[r 0=0000000000000000][0] R[r 6=000000008000257d] R[r11=0000000000000000] inst=[00b30023] sb      a1, 0(t1)
C0:       4939 [1] pc=[0000000080000792] W[r12=00000000000000d2][1] R[r12=00000000000000d3] R[r 0=0000000000000000] inst=[0000167d] c.addi  a2, -1
C0:       4940 [1] pc=[0000000080000794] W[r 6=000000008000257e][1] R[r 6=000000008000257d] R[r 0=0000000000000000] inst=[00000305] c.addi  t1, 1
C0:       4941 [1] pc=[0000000080000796] W[r 0=0000000000000000][0] R[r12=00000000000000d2] R[r 0=0000000000000000] inst=[0000fe65] c.bnez  a2, pc - 8
C0:       4942 [1] pc=[000000008000078e] W[r 0=0000000000000000][0] R[r 6=000000008000257e] R[r11=0000000000000000] inst=[00b30023] sb      a1, 0(t1)
C0:       4943 [1] pc=[0000000080000792] W[r12=00000000000000d1][1] R[r12=00000000000000d2] R[r 0=0000000000000000] inst=[0000167d] c.addi  a2, -1
C0:       4944 [1] pc=[0000000080000794] W[r 6=000000008000257f][1] R[r 6=000000008000257e] R[r 0=0000000000000000] inst=[00000305] c.addi  t1, 1
C0:       4945 [1] pc=[0000000080000796] W[r 0=0000000000000000][0] R[r12=00000000000000d1] R[r 0=0000000000000000] inst=[0000fe65] c.bnez  a2, pc - 8
C0:       4946 [1] pc=[000000008000078e] W[r 0=0000000000000000][0] R[r 6=000000008000257f] R[r11=0000000000000000] inst=[00b30023] sb      a1, 0(t1)
C0:       4947 [1] pc=[0000000080000792] W[r12=00000000000000d0][1] R[r12=00000000000000d1] R[r 0=0000000000000000] inst=[0000167d] c.addi  a2, -1
C0:       4948 [1] pc=[0000000080000794] W[r 6=0000000080002580][1] R[r 6=000000008000257f] R[r 0=0000000000000000] inst=[00000305] c.addi  t1, 1
C0:       4949 [1] pc=[0000000080000796] W[r 0=0000000000000000][0] R[r12=00000000000000d0] R[r 0=0000000000000000] inst=[0000fe65] c.bnez  a2, pc - 8
C0:       4976 [1] pc=[000000008000078e] W[r 0=0000000000000000][0] R[r 6=0000000080002580] R[r11=0000000000000000] inst=[00b30023] sb      a1, 0(t1)
C0:       4977 [1] pc=[0000000080000792] W[r12=00000000000000cf][1] R[r12=00000000000000d0] R[r 0=0000000000000000] inst=[0000167d] c.addi  a2, -1
C0:       4978 [1] pc=[0000000080000794] W[r 6=0000000080002581][1] R[r 6=0000000080002580] R[r 0=0000000000000000] inst=[00000305] c.addi  t1, 1
C0:       4979 [1] pc=[0000000080000796] W[r 0=0000000000000000][0] R[r12=00000000000000cf] R[r 0=0000000000000000] inst=[0000fe65] c.bnez  a2, pc - 8
C0:       4980 [1] pc=[000000008000078e] W[r 0=0000000000000000][0] R[r 6=0000000080002581] R[r11=0000000000000000] inst=[00b30023] sb      a1, 0(t1)
C0:       4981 [1] pc=[0000000080000792] W[r12=00000000000000ce][1] R[r12=00000000000000cf] R[r 0=0000000000000000] inst=[0000167d] c.addi  a2, -1
C0:       4982 [1] pc=[0000000080000794] W[r 6=0000000080002582][1] R[r 6=0000000080002581] R[r 0=0000000000000000] inst=[00000305] c.addi  t1, 1
C0:       4983 [1] pc=[0000000080000796] W[r 0=0000000000000000][0] R[r12=00000000000000ce] R[r 0=0000000000000000] inst=[0000fe65] c.bnez  a2, pc - 8
C0:       4984 [1] pc=[000000008000078e] W[r 0=0000000000000000][0] R[r 6=0000000080002582] R[r11=0000000000000000] inst=[00b30023] sb      a1, 0(t1)
C0:       4985 [1] pc=[0000000080000792] W[r12=00000000000000cd][1] R[r12=00000000000000ce] R[r 0=0000000000000000] inst=[0000167d] c.addi  a2, -1
C0:       4986 [1] pc=[0000000080000794] W[r 6=0000000080002583][1] R[r 6=0000000080002582] R[r 0=0000000000000000] inst=[00000305] c.addi  t1, 1
C0:       4987 [1] pc=[0000000080000796] W[r 0=0000000000000000][0] R[r12=00000000000000cd] R[r 0=0000000000000000] inst=[0000fe65] c.bnez  a2, pc - 8
C0:       4988 [1] pc=[000000008000078e] W[r 0=0000000000000000][0] R[r 6=0000000080002583] R[r11=0000000000000000] inst=[00b30023] sb      a1, 0(t1)
C0:       4989 [1] pc=[0000000080000792] W[r12=00000000000000cc][1] R[r12=00000000000000cd] R[r 0=0000000000000000] inst=[0000167d] c.addi  a2, -1
C0:       4990 [1] pc=[0000000080000794] W[r 6=0000000080002584][1] R[r 6=0000000080002583] R[r 0=0000000000000000] inst=[00000305] c.addi  t1, 1
C0:       4991 [1] pc=[0000000080000796] W[r 0=0000000000000000][0] R[r12=00000000000000cc] R[r 0=0000000000000000] inst=[0000fe65] c.bnez  a2, pc - 8
C0:       4992 [1] pc=[000000008000078e] W[r 0=0000000000000000][0] R[r 6=0000000080002584] R[r11=0000000000000000] inst=[00b30023] sb      a1, 0(t1)
C0:       4993 [1] pc=[0000000080000792] W[r12=00000000000000cb][1] R[r12=00000000000000cc] R[r 0=0000000000000000] inst=[0000167d] c.addi  a2, -1
C0:       4994 [1] pc=[0000000080000794] W[r 6=0000000080002585][1] R[r 6=0000000080002584] R[r 0=0000000000000000] inst=[00000305] c.addi  t1, 1
C0:       4995 [1] pc=[0000000080000796] W[r 0=0000000000000000][0] R[r12=00000000000000cb] R[r 0=0000000000000000] inst=[0000fe65] c.bnez  a2, pc - 8
C0:       4996 [1] pc=[000000008000078e] W[r 0=0000000000000000][0] R[r 6=0000000080002585] R[r11=0000000000000000] inst=[00b30023] sb      a1, 0(t1)
C0:       4997 [1] pc=[0000000080000792] W[r12=00000000000000ca][1] R[r12=00000000000000cb] R[r 0=0000000000000000] inst=[0000167d] c.addi  a2, -1
C0:       4998 [1] pc=[0000000080000794] W[r 6=0000000080002586][1] R[r 6=0000000080002585] R[r 0=0000000000000000] inst=[00000305] c.addi  t1, 1
C0:       4999 [1] pc=[0000000080000796] W[r 0=0000000000000000][0] R[r12=00000000000000ca] R[r 0=0000000000000000] inst=[0000fe65] c.bnez  a2, pc - 8
C0:       5000 [1] pc=[000000008000078e] W[r 0=0000000000000000][0] R[r 6=0000000080002586] R[r11=0000000000000000] inst=[00b30023] sb      a1, 0(t1)
C0:       5001 [1] pc=[0000000080000792] W[r12=00000000000000c9][1] R[r12=00000000000000ca] R[r 0=0000000000000000] inst=[0000167d] c.addi  a2, -1
C0:       5002 [1] pc=[0000000080000794] W[r 6=0000000080002587][1] R[r 6=0000000080002586] R[r 0=0000000000000000] inst=[00000305] c.addi  t1, 1
C0:       5003 [1] pc=[0000000080000796] W[r 0=0000000000000000][0] R[r12=00000000000000c9] R[r 0=0000000000000000] inst=[0000fe65] c.bnez  a2, pc - 8
C0:       5004 [1] pc=[000000008000078e] W[r 0=0000000000000000][0] R[r 6=0000000080002587] R[r11=0000000000000000] inst=[00b30023] sb      a1, 0(t1)
C0:       5005 [1] pc=[0000000080000792] W[r12=00000000000000c8][1] R[r12=00000000000000c9] R[r 0=0000000000000000] inst=[0000167d] c.addi  a2, -1
C0:       5006 [1] pc=[0000000080000794] W[r 6=0000000080002588][1] R[r 6=0000000080002587] R[r 0=0000000000000000] inst=[00000305] c.addi  t1, 1
C0:       5007 [1] pc=[0000000080000796] W[r 0=0000000000000000][0] R[r12=00000000000000c8] R[r 0=0000000000000000] inst=[0000fe65] c.bnez  a2, pc - 8
C0:       5008 [1] pc=[000000008000078e] W[r 0=0000000000000000][0] R[r 6=0000000080002588] R[r11=0000000000000000] inst=[00b30023] sb      a1, 0(t1)
C0:       5009 [1] pc=[0000000080000792] W[r12=00000000000000c7][1] R[r12=00000000000000c8] R[r 0=0000000000000000] inst=[0000167d] c.addi  a2, -1
C0:       5010 [1] pc=[0000000080000794] W[r 6=0000000080002589][1] R[r 6=0000000080002588] R[r 0=0000000000000000] inst=[00000305] c.addi  t1, 1
C0:       5011 [1] pc=[0000000080000796] W[r 0=0000000000000000][0] R[r12=00000000000000c7] R[r 0=0000000000000000] inst=[0000fe65] c.bnez  a2, pc - 8
C0:       5012 [1] pc=[000000008000078e] W[r 0=0000000000000000][0] R[r 6=0000000080002589] R[r11=0000000000000000] inst=[00b30023] sb      a1, 0(t1)
C0:       5013 [1] pc=[0000000080000792] W[r12=00000000000000c6][1] R[r12=00000000000000c7] R[r 0=0000000000000000] inst=[0000167d] c.addi  a2, -1
C0:       5014 [1] pc=[0000000080000794] W[r 6=000000008000258a][1] R[r 6=0000000080002589] R[r 0=0000000000000000] inst=[00000305] c.addi  t1, 1
C0:       5015 [1] pc=[0000000080000796] W[r 0=0000000000000000][0] R[r12=00000000000000c6] R[r 0=0000000000000000] inst=[0000fe65] c.bnez  a2, pc - 8
C0:       5016 [1] pc=[000000008000078e] W[r 0=0000000000000000][0] R[r 6=000000008000258a] R[r11=0000000000000000] inst=[00b30023] sb      a1, 0(t1)
C0:       5017 [1] pc=[0000000080000792] W[r12=00000000000000c5][1] R[r12=00000000000000c6] R[r 0=0000000000000000] inst=[0000167d] c.addi  a2, -1
C0:       5018 [1] pc=[0000000080000794] W[r 6=000000008000258b][1] R[r 6=000000008000258a] R[r 0=0000000000000000] inst=[00000305] c.addi  t1, 1
C0:       5019 [1] pc=[0000000080000796] W[r 0=0000000000000000][0] R[r12=00000000000000c5] R[r 0=0000000000000000] inst=[0000fe65] c.bnez  a2, pc - 8
C0:       5020 [1] pc=[000000008000078e] W[r 0=0000000000000000][0] R[r 6=000000008000258b] R[r11=0000000000000000] inst=[00b30023] sb      a1, 0(t1)
C0:       5021 [1] pc=[0000000080000792] W[r12=00000000000000c4][1] R[r12=00000000000000c5] R[r 0=0000000000000000] inst=[0000167d] c.addi  a2, -1
C0:       5022 [1] pc=[0000000080000794] W[r 6=000000008000258c][1] R[r 6=000000008000258b] R[r 0=0000000000000000] inst=[00000305] c.addi  t1, 1
C0:       5023 [1] pc=[0000000080000796] W[r 0=0000000000000000][0] R[r12=00000000000000c4] R[r 0=0000000000000000] inst=[0000fe65] c.bnez  a2, pc - 8
C0:       5024 [1] pc=[000000008000078e] W[r 0=0000000000000000][0] R[r 6=000000008000258c] R[r11=0000000000000000] inst=[00b30023] sb      a1, 0(t1)
C0:       5025 [1] pc=[0000000080000792] W[r12=00000000000000c3][1] R[r12=00000000000000c4] R[r 0=0000000000000000] inst=[0000167d] c.addi  a2, -1
C0:       5026 [1] pc=[0000000080000794] W[r 6=000000008000258d][1] R[r 6=000000008000258c] R[r 0=0000000000000000] inst=[00000305] c.addi  t1, 1
C0:       5027 [1] pc=[0000000080000796] W[r 0=0000000000000000][0] R[r12=00000000000000c3] R[r 0=0000000000000000] inst=[0000fe65] c.bnez  a2, pc - 8
C0:       5028 [1] pc=[000000008000078e] W[r 0=0000000000000000][0] R[r 6=000000008000258d] R[r11=0000000000000000] inst=[00b30023] sb      a1, 0(t1)
C0:       5029 [1] pc=[0000000080000792] W[r12=00000000000000c2][1] R[r12=00000000000000c3] R[r 0=0000000000000000] inst=[0000167d] c.addi  a2, -1
C0:       5030 [1] pc=[0000000080000794] W[r 6=000000008000258e][1] R[r 6=000000008000258d] R[r 0=0000000000000000] inst=[00000305] c.addi  t1, 1
C0:       5031 [1] pc=[0000000080000796] W[r 0=0000000000000000][0] R[r12=00000000000000c2] R[r 0=0000000000000000] inst=[0000fe65] c.bnez  a2, pc - 8
C0:       5032 [1] pc=[000000008000078e] W[r 0=0000000000000000][0] R[r 6=000000008000258e] R[r11=0000000000000000] inst=[00b30023] sb      a1, 0(t1)
C0:       5033 [1] pc=[0000000080000792] W[r12=00000000000000c1][1] R[r12=00000000000000c2] R[r 0=0000000000000000] inst=[0000167d] c.addi  a2, -1
C0:       5034 [1] pc=[0000000080000794] W[r 6=000000008000258f][1] R[r 6=000000008000258e] R[r 0=0000000000000000] inst=[00000305] c.addi  t1, 1
C0:       5035 [1] pc=[0000000080000796] W[r 0=0000000000000000][0] R[r12=00000000000000c1] R[r 0=0000000000000000] inst=[0000fe65] c.bnez  a2, pc - 8
C0:       5036 [1] pc=[000000008000078e] W[r 0=0000000000000000][0] R[r 6=000000008000258f] R[r11=0000000000000000] inst=[00b30023] sb      a1, 0(t1)
C0:       5037 [1] pc=[0000000080000792] W[r12=00000000000000c0][1] R[r12=00000000000000c1] R[r 0=0000000000000000] inst=[0000167d] c.addi  a2, -1
C0:       5038 [1] pc=[0000000080000794] W[r 6=0000000080002590][1] R[r 6=000000008000258f] R[r 0=0000000000000000] inst=[00000305] c.addi  t1, 1
C0:       5039 [1] pc=[0000000080000796] W[r 0=0000000000000000][0] R[r12=00000000000000c0] R[r 0=0000000000000000] inst=[0000fe65] c.bnez  a2, pc - 8
C0:       5040 [1] pc=[000000008000078e] W[r 0=0000000000000000][0] R[r 6=0000000080002590] R[r11=0000000000000000] inst=[00b30023] sb      a1, 0(t1)
C0:       5041 [1] pc=[0000000080000792] W[r12=00000000000000bf][1] R[r12=00000000000000c0] R[r 0=0000000000000000] inst=[0000167d] c.addi  a2, -1
C0:       5042 [1] pc=[0000000080000794] W[r 6=0000000080002591][1] R[r 6=0000000080002590] R[r 0=0000000000000000] inst=[00000305] c.addi  t1, 1
C0:       5043 [1] pc=[0000000080000796] W[r 0=0000000000000000][0] R[r12=00000000000000bf] R[r 0=0000000000000000] inst=[0000fe65] c.bnez  a2, pc - 8
C0:       5044 [1] pc=[000000008000078e] W[r 0=0000000000000000][0] R[r 6=0000000080002591] R[r11=0000000000000000] inst=[00b30023] sb      a1, 0(t1)
C0:       5045 [1] pc=[0000000080000792] W[r12=00000000000000be][1] R[r12=00000000000000bf] R[r 0=0000000000000000] inst=[0000167d] c.addi  a2, -1
C0:       5046 [1] pc=[0000000080000794] W[r 6=0000000080002592][1] R[r 6=0000000080002591] R[r 0=0000000000000000] inst=[00000305] c.addi  t1, 1
C0:       5047 [1] pc=[0000000080000796] W[r 0=0000000000000000][0] R[r12=00000000000000be] R[r 0=0000000000000000] inst=[0000fe65] c.bnez  a2, pc - 8
C0:       5048 [1] pc=[000000008000078e] W[r 0=0000000000000000][0] R[r 6=0000000080002592] R[r11=0000000000000000] inst=[00b30023] sb      a1, 0(t1)
C0:       5049 [1] pc=[0000000080000792] W[r12=00000000000000bd][1] R[r12=00000000000000be] R[r 0=0000000000000000] inst=[0000167d] c.addi  a2, -1
C0:       5050 [1] pc=[0000000080000794] W[r 6=0000000080002593][1] R[r 6=0000000080002592] R[r 0=0000000000000000] inst=[00000305] c.addi  t1, 1
C0:       5051 [1] pc=[0000000080000796] W[r 0=0000000000000000][0] R[r12=00000000000000bd] R[r 0=0000000000000000] inst=[0000fe65] c.bnez  a2, pc - 8
C0:       5052 [1] pc=[000000008000078e] W[r 0=0000000000000000][0] R[r 6=0000000080002593] R[r11=0000000000000000] inst=[00b30023] sb      a1, 0(t1)
C0:       5053 [1] pc=[0000000080000792] W[r12=00000000000000bc][1] R[r12=00000000000000bd] R[r 0=0000000000000000] inst=[0000167d] c.addi  a2, -1
C0:       5054 [1] pc=[0000000080000794] W[r 6=0000000080002594][1] R[r 6=0000000080002593] R[r 0=0000000000000000] inst=[00000305] c.addi  t1, 1
C0:       5055 [1] pc=[0000000080000796] W[r 0=0000000000000000][0] R[r12=00000000000000bc] R[r 0=0000000000000000] inst=[0000fe65] c.bnez  a2, pc - 8
C0:       5056 [1] pc=[000000008000078e] W[r 0=0000000000000000][0] R[r 6=0000000080002594] R[r11=0000000000000000] inst=[00b30023] sb      a1, 0(t1)
C0:       5057 [1] pc=[0000000080000792] W[r12=00000000000000bb][1] R[r12=00000000000000bc] R[r 0=0000000000000000] inst=[0000167d] c.addi  a2, -1
C0:       5058 [1] pc=[0000000080000794] W[r 6=0000000080002595][1] R[r 6=0000000080002594] R[r 0=0000000000000000] inst=[00000305] c.addi  t1, 1
C0:       5059 [1] pc=[0000000080000796] W[r 0=0000000000000000][0] R[r12=00000000000000bb] R[r 0=0000000000000000] inst=[0000fe65] c.bnez  a2, pc - 8
C0:       5060 [1] pc=[000000008000078e] W[r 0=0000000000000000][0] R[r 6=0000000080002595] R[r11=0000000000000000] inst=[00b30023] sb      a1, 0(t1)
C0:       5061 [1] pc=[0000000080000792] W[r12=00000000000000ba][1] R[r12=00000000000000bb] R[r 0=0000000000000000] inst=[0000167d] c.addi  a2, -1
C0:       5062 [1] pc=[0000000080000794] W[r 6=0000000080002596][1] R[r 6=0000000080002595] R[r 0=0000000000000000] inst=[00000305] c.addi  t1, 1
C0:       5063 [1] pc=[0000000080000796] W[r 0=0000000000000000][0] R[r12=00000000000000ba] R[r 0=0000000000000000] inst=[0000fe65] c.bnez  a2, pc - 8
C0:       5064 [1] pc=[000000008000078e] W[r 0=0000000000000000][0] R[r 6=0000000080002596] R[r11=0000000000000000] inst=[00b30023] sb      a1, 0(t1)
C0:       5065 [1] pc=[0000000080000792] W[r12=00000000000000b9][1] R[r12=00000000000000ba] R[r 0=0000000000000000] inst=[0000167d] c.addi  a2, -1
C0:       5066 [1] pc=[0000000080000794] W[r 6=0000000080002597][1] R[r 6=0000000080002596] R[r 0=0000000000000000] inst=[00000305] c.addi  t1, 1
C0:       5067 [1] pc=[0000000080000796] W[r 0=0000000000000000][0] R[r12=00000000000000b9] R[r 0=0000000000000000] inst=[0000fe65] c.bnez  a2, pc - 8
C0:       5068 [1] pc=[000000008000078e] W[r 0=0000000000000000][0] R[r 6=0000000080002597] R[r11=0000000000000000] inst=[00b30023] sb      a1, 0(t1)
C0:       5069 [1] pc=[0000000080000792] W[r12=00000000000000b8][1] R[r12=00000000000000b9] R[r 0=0000000000000000] inst=[0000167d] c.addi  a2, -1
C0:       5070 [1] pc=[0000000080000794] W[r 6=0000000080002598][1] R[r 6=0000000080002597] R[r 0=0000000000000000] inst=[00000305] c.addi  t1, 1
C0:       5071 [1] pc=[0000000080000796] W[r 0=0000000000000000][0] R[r12=00000000000000b8] R[r 0=0000000000000000] inst=[0000fe65] c.bnez  a2, pc - 8
C0:       5072 [1] pc=[000000008000078e] W[r 0=0000000000000000][0] R[r 6=0000000080002598] R[r11=0000000000000000] inst=[00b30023] sb      a1, 0(t1)
C0:       5073 [1] pc=[0000000080000792] W[r12=00000000000000b7][1] R[r12=00000000000000b8] R[r 0=0000000000000000] inst=[0000167d] c.addi  a2, -1
C0:       5074 [1] pc=[0000000080000794] W[r 6=0000000080002599][1] R[r 6=0000000080002598] R[r 0=0000000000000000] inst=[00000305] c.addi  t1, 1
C0:       5075 [1] pc=[0000000080000796] W[r 0=0000000000000000][0] R[r12=00000000000000b7] R[r 0=0000000000000000] inst=[0000fe65] c.bnez  a2, pc - 8
C0:       5076 [1] pc=[000000008000078e] W[r 0=0000000000000000][0] R[r 6=0000000080002599] R[r11=0000000000000000] inst=[00b30023] sb      a1, 0(t1)
C0:       5077 [1] pc=[0000000080000792] W[r12=00000000000000b6][1] R[r12=00000000000000b7] R[r 0=0000000000000000] inst=[0000167d] c.addi  a2, -1
C0:       5078 [1] pc=[0000000080000794] W[r 6=000000008000259a][1] R[r 6=0000000080002599] R[r 0=0000000000000000] inst=[00000305] c.addi  t1, 1
C0:       5079 [1] pc=[0000000080000796] W[r 0=0000000000000000][0] R[r12=00000000000000b6] R[r 0=0000000000000000] inst=[0000fe65] c.bnez  a2, pc - 8
C0:       5080 [1] pc=[000000008000078e] W[r 0=0000000000000000][0] R[r 6=000000008000259a] R[r11=0000000000000000] inst=[00b30023] sb      a1, 0(t1)
C0:       5081 [1] pc=[0000000080000792] W[r12=00000000000000b5][1] R[r12=00000000000000b6] R[r 0=0000000000000000] inst=[0000167d] c.addi  a2, -1
C0:       5082 [1] pc=[0000000080000794] W[r 6=000000008000259b][1] R[r 6=000000008000259a] R[r 0=0000000000000000] inst=[00000305] c.addi  t1, 1
C0:       5083 [1] pc=[0000000080000796] W[r 0=0000000000000000][0] R[r12=00000000000000b5] R[r 0=0000000000000000] inst=[0000fe65] c.bnez  a2, pc - 8
C0:       5084 [1] pc=[000000008000078e] W[r 0=0000000000000000][0] R[r 6=000000008000259b] R[r11=0000000000000000] inst=[00b30023] sb      a1, 0(t1)
C0:       5085 [1] pc=[0000000080000792] W[r12=00000000000000b4][1] R[r12=00000000000000b5] R[r 0=0000000000000000] inst=[0000167d] c.addi  a2, -1
C0:       5086 [1] pc=[0000000080000794] W[r 6=000000008000259c][1] R[r 6=000000008000259b] R[r 0=0000000000000000] inst=[00000305] c.addi  t1, 1
C0:       5087 [1] pc=[0000000080000796] W[r 0=0000000000000000][0] R[r12=00000000000000b4] R[r 0=0000000000000000] inst=[0000fe65] c.bnez  a2, pc - 8
C0:       5088 [1] pc=[000000008000078e] W[r 0=0000000000000000][0] R[r 6=000000008000259c] R[r11=0000000000000000] inst=[00b30023] sb      a1, 0(t1)
C0:       5089 [1] pc=[0000000080000792] W[r12=00000000000000b3][1] R[r12=00000000000000b4] R[r 0=0000000000000000] inst=[0000167d] c.addi  a2, -1
C0:       5090 [1] pc=[0000000080000794] W[r 6=000000008000259d][1] R[r 6=000000008000259c] R[r 0=0000000000000000] inst=[00000305] c.addi  t1, 1
C0:       5091 [1] pc=[0000000080000796] W[r 0=0000000000000000][0] R[r12=00000000000000b3] R[r 0=0000000000000000] inst=[0000fe65] c.bnez  a2, pc - 8
C0:       5092 [1] pc=[000000008000078e] W[r 0=0000000000000000][0] R[r 6=000000008000259d] R[r11=0000000000000000] inst=[00b30023] sb      a1, 0(t1)
C0:       5093 [1] pc=[0000000080000792] W[r12=00000000000000b2][1] R[r12=00000000000000b3] R[r 0=0000000000000000] inst=[0000167d] c.addi  a2, -1
C0:       5094 [1] pc=[0000000080000794] W[r 6=000000008000259e][1] R[r 6=000000008000259d] R[r 0=0000000000000000] inst=[00000305] c.addi  t1, 1
C0:       5095 [1] pc=[0000000080000796] W[r 0=0000000000000000][0] R[r12=00000000000000b2] R[r 0=0000000000000000] inst=[0000fe65] c.bnez  a2, pc - 8
C0:       5096 [1] pc=[000000008000078e] W[r 0=0000000000000000][0] R[r 6=000000008000259e] R[r11=0000000000000000] inst=[00b30023] sb      a1, 0(t1)
C0:       5097 [1] pc=[0000000080000792] W[r12=00000000000000b1][1] R[r12=00000000000000b2] R[r 0=0000000000000000] inst=[0000167d] c.addi  a2, -1
C0:       5098 [1] pc=[0000000080000794] W[r 6=000000008000259f][1] R[r 6=000000008000259e] R[r 0=0000000000000000] inst=[00000305] c.addi  t1, 1
C0:       5099 [1] pc=[0000000080000796] W[r 0=0000000000000000][0] R[r12=00000000000000b1] R[r 0=0000000000000000] inst=[0000fe65] c.bnez  a2, pc - 8
C0:       5100 [1] pc=[000000008000078e] W[r 0=0000000000000000][0] R[r 6=000000008000259f] R[r11=0000000000000000] inst=[00b30023] sb      a1, 0(t1)
C0:       5101 [1] pc=[0000000080000792] W[r12=00000000000000b0][1] R[r12=00000000000000b1] R[r 0=0000000000000000] inst=[0000167d] c.addi  a2, -1
C0:       5102 [1] pc=[0000000080000794] W[r 6=00000000800025a0][1] R[r 6=000000008000259f] R[r 0=0000000000000000] inst=[00000305] c.addi  t1, 1
C0:       5103 [1] pc=[0000000080000796] W[r 0=0000000000000000][0] R[r12=00000000000000b0] R[r 0=0000000000000000] inst=[0000fe65] c.bnez  a2, pc - 8
C0:       5104 [1] pc=[000000008000078e] W[r 0=0000000000000000][0] R[r 6=00000000800025a0] R[r11=0000000000000000] inst=[00b30023] sb      a1, 0(t1)
C0:       5105 [1] pc=[0000000080000792] W[r12=00000000000000af][1] R[r12=00000000000000b0] R[r 0=0000000000000000] inst=[0000167d] c.addi  a2, -1
C0:       5106 [1] pc=[0000000080000794] W[r 6=00000000800025a1][1] R[r 6=00000000800025a0] R[r 0=0000000000000000] inst=[00000305] c.addi  t1, 1
C0:       5107 [1] pc=[0000000080000796] W[r 0=0000000000000000][0] R[r12=00000000000000af] R[r 0=0000000000000000] inst=[0000fe65] c.bnez  a2, pc - 8
C0:       5108 [1] pc=[000000008000078e] W[r 0=0000000000000000][0] R[r 6=00000000800025a1] R[r11=0000000000000000] inst=[00b30023] sb      a1, 0(t1)
C0:       5109 [1] pc=[0000000080000792] W[r12=00000000000000ae][1] R[r12=00000000000000af] R[r 0=0000000000000000] inst=[0000167d] c.addi  a2, -1
C0:       5110 [1] pc=[0000000080000794] W[r 6=00000000800025a2][1] R[r 6=00000000800025a1] R[r 0=0000000000000000] inst=[00000305] c.addi  t1, 1
C0:       5111 [1] pc=[0000000080000796] W[r 0=0000000000000000][0] R[r12=00000000000000ae] R[r 0=0000000000000000] inst=[0000fe65] c.bnez  a2, pc - 8
C0:       5112 [1] pc=[000000008000078e] W[r 0=0000000000000000][0] R[r 6=00000000800025a2] R[r11=0000000000000000] inst=[00b30023] sb      a1, 0(t1)
C0:       5113 [1] pc=[0000000080000792] W[r12=00000000000000ad][1] R[r12=00000000000000ae] R[r 0=0000000000000000] inst=[0000167d] c.addi  a2, -1
C0:       5114 [1] pc=[0000000080000794] W[r 6=00000000800025a3][1] R[r 6=00000000800025a2] R[r 0=0000000000000000] inst=[00000305] c.addi  t1, 1
C0:       5115 [1] pc=[0000000080000796] W[r 0=0000000000000000][0] R[r12=00000000000000ad] R[r 0=0000000000000000] inst=[0000fe65] c.bnez  a2, pc - 8
C0:       5116 [1] pc=[000000008000078e] W[r 0=0000000000000000][0] R[r 6=00000000800025a3] R[r11=0000000000000000] inst=[00b30023] sb      a1, 0(t1)
C0:       5117 [1] pc=[0000000080000792] W[r12=00000000000000ac][1] R[r12=00000000000000ad] R[r 0=0000000000000000] inst=[0000167d] c.addi  a2, -1
C0:       5118 [1] pc=[0000000080000794] W[r 6=00000000800025a4][1] R[r 6=00000000800025a3] R[r 0=0000000000000000] inst=[00000305] c.addi  t1, 1
C0:       5119 [1] pc=[0000000080000796] W[r 0=0000000000000000][0] R[r12=00000000000000ac] R[r 0=0000000000000000] inst=[0000fe65] c.bnez  a2, pc - 8
C0:       5120 [1] pc=[000000008000078e] W[r 0=0000000000000000][0] R[r 6=00000000800025a4] R[r11=0000000000000000] inst=[00b30023] sb      a1, 0(t1)
C0:       5121 [1] pc=[0000000080000792] W[r12=00000000000000ab][1] R[r12=00000000000000ac] R[r 0=0000000000000000] inst=[0000167d] c.addi  a2, -1
C0:       5122 [1] pc=[0000000080000794] W[r 6=00000000800025a5][1] R[r 6=00000000800025a4] R[r 0=0000000000000000] inst=[00000305] c.addi  t1, 1
C0:       5123 [1] pc=[0000000080000796] W[r 0=0000000000000000][0] R[r12=00000000000000ab] R[r 0=0000000000000000] inst=[0000fe65] c.bnez  a2, pc - 8
C0:       5124 [1] pc=[000000008000078e] W[r 0=0000000000000000][0] R[r 6=00000000800025a5] R[r11=0000000000000000] inst=[00b30023] sb      a1, 0(t1)
C0:       5125 [1] pc=[0000000080000792] W[r12=00000000000000aa][1] R[r12=00000000000000ab] R[r 0=0000000000000000] inst=[0000167d] c.addi  a2, -1
C0:       5126 [1] pc=[0000000080000794] W[r 6=00000000800025a6][1] R[r 6=00000000800025a5] R[r 0=0000000000000000] inst=[00000305] c.addi  t1, 1
C0:       5127 [1] pc=[0000000080000796] W[r 0=0000000000000000][0] R[r12=00000000000000aa] R[r 0=0000000000000000] inst=[0000fe65] c.bnez  a2, pc - 8
C0:       5128 [1] pc=[000000008000078e] W[r 0=0000000000000000][0] R[r 6=00000000800025a6] R[r11=0000000000000000] inst=[00b30023] sb      a1, 0(t1)
C0:       5129 [1] pc=[0000000080000792] W[r12=00000000000000a9][1] R[r12=00000000000000aa] R[r 0=0000000000000000] inst=[0000167d] c.addi  a2, -1
C0:       5130 [1] pc=[0000000080000794] W[r 6=00000000800025a7][1] R[r 6=00000000800025a6] R[r 0=0000000000000000] inst=[00000305] c.addi  t1, 1
C0:       5131 [1] pc=[0000000080000796] W[r 0=0000000000000000][0] R[r12=00000000000000a9] R[r 0=0000000000000000] inst=[0000fe65] c.bnez  a2, pc - 8
C0:       5132 [1] pc=[000000008000078e] W[r 0=0000000000000000][0] R[r 6=00000000800025a7] R[r11=0000000000000000] inst=[00b30023] sb      a1, 0(t1)
C0:       5133 [1] pc=[0000000080000792] W[r12=00000000000000a8][1] R[r12=00000000000000a9] R[r 0=0000000000000000] inst=[0000167d] c.addi  a2, -1
C0:       5134 [1] pc=[0000000080000794] W[r 6=00000000800025a8][1] R[r 6=00000000800025a7] R[r 0=0000000000000000] inst=[00000305] c.addi  t1, 1
C0:       5135 [1] pc=[0000000080000796] W[r 0=0000000000000000][0] R[r12=00000000000000a8] R[r 0=0000000000000000] inst=[0000fe65] c.bnez  a2, pc - 8
C0:       5136 [1] pc=[000000008000078e] W[r 0=0000000000000000][0] R[r 6=00000000800025a8] R[r11=0000000000000000] inst=[00b30023] sb      a1, 0(t1)
C0:       5137 [1] pc=[0000000080000792] W[r12=00000000000000a7][1] R[r12=00000000000000a8] R[r 0=0000000000000000] inst=[0000167d] c.addi  a2, -1
C0:       5138 [1] pc=[0000000080000794] W[r 6=00000000800025a9][1] R[r 6=00000000800025a8] R[r 0=0000000000000000] inst=[00000305] c.addi  t1, 1
C0:       5139 [1] pc=[0000000080000796] W[r 0=0000000000000000][0] R[r12=00000000000000a7] R[r 0=0000000000000000] inst=[0000fe65] c.bnez  a2, pc - 8
C0:       5140 [1] pc=[000000008000078e] W[r 0=0000000000000000][0] R[r 6=00000000800025a9] R[r11=0000000000000000] inst=[00b30023] sb      a1, 0(t1)
C0:       5141 [1] pc=[0000000080000792] W[r12=00000000000000a6][1] R[r12=00000000000000a7] R[r 0=0000000000000000] inst=[0000167d] c.addi  a2, -1
C0:       5142 [1] pc=[0000000080000794] W[r 6=00000000800025aa][1] R[r 6=00000000800025a9] R[r 0=0000000000000000] inst=[00000305] c.addi  t1, 1
C0:       5143 [1] pc=[0000000080000796] W[r 0=0000000000000000][0] R[r12=00000000000000a6] R[r 0=0000000000000000] inst=[0000fe65] c.bnez  a2, pc - 8
C0:       5144 [1] pc=[000000008000078e] W[r 0=0000000000000000][0] R[r 6=00000000800025aa] R[r11=0000000000000000] inst=[00b30023] sb      a1, 0(t1)
C0:       5145 [1] pc=[0000000080000792] W[r12=00000000000000a5][1] R[r12=00000000000000a6] R[r 0=0000000000000000] inst=[0000167d] c.addi  a2, -1
C0:       5146 [1] pc=[0000000080000794] W[r 6=00000000800025ab][1] R[r 6=00000000800025aa] R[r 0=0000000000000000] inst=[00000305] c.addi  t1, 1
C0:       5147 [1] pc=[0000000080000796] W[r 0=0000000000000000][0] R[r12=00000000000000a5] R[r 0=0000000000000000] inst=[0000fe65] c.bnez  a2, pc - 8
C0:       5148 [1] pc=[000000008000078e] W[r 0=0000000000000000][0] R[r 6=00000000800025ab] R[r11=0000000000000000] inst=[00b30023] sb      a1, 0(t1)
C0:       5149 [1] pc=[0000000080000792] W[r12=00000000000000a4][1] R[r12=00000000000000a5] R[r 0=0000000000000000] inst=[0000167d] c.addi  a2, -1
C0:       5150 [1] pc=[0000000080000794] W[r 6=00000000800025ac][1] R[r 6=00000000800025ab] R[r 0=0000000000000000] inst=[00000305] c.addi  t1, 1
C0:       5151 [1] pc=[0000000080000796] W[r 0=0000000000000000][0] R[r12=00000000000000a4] R[r 0=0000000000000000] inst=[0000fe65] c.bnez  a2, pc - 8
C0:       5152 [1] pc=[000000008000078e] W[r 0=0000000000000000][0] R[r 6=00000000800025ac] R[r11=0000000000000000] inst=[00b30023] sb      a1, 0(t1)
C0:       5153 [1] pc=[0000000080000792] W[r12=00000000000000a3][1] R[r12=00000000000000a4] R[r 0=0000000000000000] inst=[0000167d] c.addi  a2, -1
C0:       5154 [1] pc=[0000000080000794] W[r 6=00000000800025ad][1] R[r 6=00000000800025ac] R[r 0=0000000000000000] inst=[00000305] c.addi  t1, 1
C0:       5155 [1] pc=[0000000080000796] W[r 0=0000000000000000][0] R[r12=00000000000000a3] R[r 0=0000000000000000] inst=[0000fe65] c.bnez  a2, pc - 8
C0:       5156 [1] pc=[000000008000078e] W[r 0=0000000000000000][0] R[r 6=00000000800025ad] R[r11=0000000000000000] inst=[00b30023] sb      a1, 0(t1)
C0:       5157 [1] pc=[0000000080000792] W[r12=00000000000000a2][1] R[r12=00000000000000a3] R[r 0=0000000000000000] inst=[0000167d] c.addi  a2, -1
C0:       5158 [1] pc=[0000000080000794] W[r 6=00000000800025ae][1] R[r 6=00000000800025ad] R[r 0=0000000000000000] inst=[00000305] c.addi  t1, 1
C0:       5159 [1] pc=[0000000080000796] W[r 0=0000000000000000][0] R[r12=00000000000000a2] R[r 0=0000000000000000] inst=[0000fe65] c.bnez  a2, pc - 8
C0:       5160 [1] pc=[000000008000078e] W[r 0=0000000000000000][0] R[r 6=00000000800025ae] R[r11=0000000000000000] inst=[00b30023] sb      a1, 0(t1)
C0:       5161 [1] pc=[0000000080000792] W[r12=00000000000000a1][1] R[r12=00000000000000a2] R[r 0=0000000000000000] inst=[0000167d] c.addi  a2, -1
C0:       5162 [1] pc=[0000000080000794] W[r 6=00000000800025af][1] R[r 6=00000000800025ae] R[r 0=0000000000000000] inst=[00000305] c.addi  t1, 1
C0:       5163 [1] pc=[0000000080000796] W[r 0=0000000000000000][0] R[r12=00000000000000a1] R[r 0=0000000000000000] inst=[0000fe65] c.bnez  a2, pc - 8
C0:       5164 [1] pc=[000000008000078e] W[r 0=0000000000000000][0] R[r 6=00000000800025af] R[r11=0000000000000000] inst=[00b30023] sb      a1, 0(t1)
C0:       5165 [1] pc=[0000000080000792] W[r12=00000000000000a0][1] R[r12=00000000000000a1] R[r 0=0000000000000000] inst=[0000167d] c.addi  a2, -1
C0:       5166 [1] pc=[0000000080000794] W[r 6=00000000800025b0][1] R[r 6=00000000800025af] R[r 0=0000000000000000] inst=[00000305] c.addi  t1, 1
C0:       5167 [1] pc=[0000000080000796] W[r 0=0000000000000000][0] R[r12=00000000000000a0] R[r 0=0000000000000000] inst=[0000fe65] c.bnez  a2, pc - 8
C0:       5168 [1] pc=[000000008000078e] W[r 0=0000000000000000][0] R[r 6=00000000800025b0] R[r11=0000000000000000] inst=[00b30023] sb      a1, 0(t1)
C0:       5169 [1] pc=[0000000080000792] W[r12=000000000000009f][1] R[r12=00000000000000a0] R[r 0=0000000000000000] inst=[0000167d] c.addi  a2, -1
C0:       5170 [1] pc=[0000000080000794] W[r 6=00000000800025b1][1] R[r 6=00000000800025b0] R[r 0=0000000000000000] inst=[00000305] c.addi  t1, 1
C0:       5171 [1] pc=[0000000080000796] W[r 0=0000000000000000][0] R[r12=000000000000009f] R[r 0=0000000000000000] inst=[0000fe65] c.bnez  a2, pc - 8
C0:       5172 [1] pc=[000000008000078e] W[r 0=0000000000000000][0] R[r 6=00000000800025b1] R[r11=0000000000000000] inst=[00b30023] sb      a1, 0(t1)
C0:       5173 [1] pc=[0000000080000792] W[r12=000000000000009e][1] R[r12=000000000000009f] R[r 0=0000000000000000] inst=[0000167d] c.addi  a2, -1
C0:       5174 [1] pc=[0000000080000794] W[r 6=00000000800025b2][1] R[r 6=00000000800025b1] R[r 0=0000000000000000] inst=[00000305] c.addi  t1, 1
C0:       5175 [1] pc=[0000000080000796] W[r 0=0000000000000000][0] R[r12=000000000000009e] R[r 0=0000000000000000] inst=[0000fe65] c.bnez  a2, pc - 8
C0:       5176 [1] pc=[000000008000078e] W[r 0=0000000000000000][0] R[r 6=00000000800025b2] R[r11=0000000000000000] inst=[00b30023] sb      a1, 0(t1)
C0:       5177 [1] pc=[0000000080000792] W[r12=000000000000009d][1] R[r12=000000000000009e] R[r 0=0000000000000000] inst=[0000167d] c.addi  a2, -1
C0:       5178 [1] pc=[0000000080000794] W[r 6=00000000800025b3][1] R[r 6=00000000800025b2] R[r 0=0000000000000000] inst=[00000305] c.addi  t1, 1
C0:       5179 [1] pc=[0000000080000796] W[r 0=0000000000000000][0] R[r12=000000000000009d] R[r 0=0000000000000000] inst=[0000fe65] c.bnez  a2, pc - 8
C0:       5180 [1] pc=[000000008000078e] W[r 0=0000000000000000][0] R[r 6=00000000800025b3] R[r11=0000000000000000] inst=[00b30023] sb      a1, 0(t1)
C0:       5181 [1] pc=[0000000080000792] W[r12=000000000000009c][1] R[r12=000000000000009d] R[r 0=0000000000000000] inst=[0000167d] c.addi  a2, -1
C0:       5182 [1] pc=[0000000080000794] W[r 6=00000000800025b4][1] R[r 6=00000000800025b3] R[r 0=0000000000000000] inst=[00000305] c.addi  t1, 1
C0:       5183 [1] pc=[0000000080000796] W[r 0=0000000000000000][0] R[r12=000000000000009c] R[r 0=0000000000000000] inst=[0000fe65] c.bnez  a2, pc - 8
C0:       5184 [1] pc=[000000008000078e] W[r 0=0000000000000000][0] R[r 6=00000000800025b4] R[r11=0000000000000000] inst=[00b30023] sb      a1, 0(t1)
C0:       5185 [1] pc=[0000000080000792] W[r12=000000000000009b][1] R[r12=000000000000009c] R[r 0=0000000000000000] inst=[0000167d] c.addi  a2, -1
C0:       5186 [1] pc=[0000000080000794] W[r 6=00000000800025b5][1] R[r 6=00000000800025b4] R[r 0=0000000000000000] inst=[00000305] c.addi  t1, 1
C0:       5187 [1] pc=[0000000080000796] W[r 0=0000000000000000][0] R[r12=000000000000009b] R[r 0=0000000000000000] inst=[0000fe65] c.bnez  a2, pc - 8
C0:       5188 [1] pc=[000000008000078e] W[r 0=0000000000000000][0] R[r 6=00000000800025b5] R[r11=0000000000000000] inst=[00b30023] sb      a1, 0(t1)
C0:       5189 [1] pc=[0000000080000792] W[r12=000000000000009a][1] R[r12=000000000000009b] R[r 0=0000000000000000] inst=[0000167d] c.addi  a2, -1
C0:       5190 [1] pc=[0000000080000794] W[r 6=00000000800025b6][1] R[r 6=00000000800025b5] R[r 0=0000000000000000] inst=[00000305] c.addi  t1, 1
C0:       5191 [1] pc=[0000000080000796] W[r 0=0000000000000000][0] R[r12=000000000000009a] R[r 0=0000000000000000] inst=[0000fe65] c.bnez  a2, pc - 8
C0:       5192 [1] pc=[000000008000078e] W[r 0=0000000000000000][0] R[r 6=00000000800025b6] R[r11=0000000000000000] inst=[00b30023] sb      a1, 0(t1)
C0:       5193 [1] pc=[0000000080000792] W[r12=0000000000000099][1] R[r12=000000000000009a] R[r 0=0000000000000000] inst=[0000167d] c.addi  a2, -1
C0:       5194 [1] pc=[0000000080000794] W[r 6=00000000800025b7][1] R[r 6=00000000800025b6] R[r 0=0000000000000000] inst=[00000305] c.addi  t1, 1
C0:       5195 [1] pc=[0000000080000796] W[r 0=0000000000000000][0] R[r12=0000000000000099] R[r 0=0000000000000000] inst=[0000fe65] c.bnez  a2, pc - 8
C0:       5196 [1] pc=[000000008000078e] W[r 0=0000000000000000][0] R[r 6=00000000800025b7] R[r11=0000000000000000] inst=[00b30023] sb      a1, 0(t1)
C0:       5197 [1] pc=[0000000080000792] W[r12=0000000000000098][1] R[r12=0000000000000099] R[r 0=0000000000000000] inst=[0000167d] c.addi  a2, -1
C0:       5198 [1] pc=[0000000080000794] W[r 6=00000000800025b8][1] R[r 6=00000000800025b7] R[r 0=0000000000000000] inst=[00000305] c.addi  t1, 1
C0:       5199 [1] pc=[0000000080000796] W[r 0=0000000000000000][0] R[r12=0000000000000098] R[r 0=0000000000000000] inst=[0000fe65] c.bnez  a2, pc - 8
C0:       5200 [1] pc=[000000008000078e] W[r 0=0000000000000000][0] R[r 6=00000000800025b8] R[r11=0000000000000000] inst=[00b30023] sb      a1, 0(t1)
C0:       5201 [1] pc=[0000000080000792] W[r12=0000000000000097][1] R[r12=0000000000000098] R[r 0=0000000000000000] inst=[0000167d] c.addi  a2, -1
C0:       5202 [1] pc=[0000000080000794] W[r 6=00000000800025b9][1] R[r 6=00000000800025b8] R[r 0=0000000000000000] inst=[00000305] c.addi  t1, 1
C0:       5203 [1] pc=[0000000080000796] W[r 0=0000000000000000][0] R[r12=0000000000000097] R[r 0=0000000000000000] inst=[0000fe65] c.bnez  a2, pc - 8
C0:       5204 [1] pc=[000000008000078e] W[r 0=0000000000000000][0] R[r 6=00000000800025b9] R[r11=0000000000000000] inst=[00b30023] sb      a1, 0(t1)
C0:       5205 [1] pc=[0000000080000792] W[r12=0000000000000096][1] R[r12=0000000000000097] R[r 0=0000000000000000] inst=[0000167d] c.addi  a2, -1
C0:       5206 [1] pc=[0000000080000794] W[r 6=00000000800025ba][1] R[r 6=00000000800025b9] R[r 0=0000000000000000] inst=[00000305] c.addi  t1, 1
C0:       5207 [1] pc=[0000000080000796] W[r 0=0000000000000000][0] R[r12=0000000000000096] R[r 0=0000000000000000] inst=[0000fe65] c.bnez  a2, pc - 8
C0:       5208 [1] pc=[000000008000078e] W[r 0=0000000000000000][0] R[r 6=00000000800025ba] R[r11=0000000000000000] inst=[00b30023] sb      a1, 0(t1)
C0:       5209 [1] pc=[0000000080000792] W[r12=0000000000000095][1] R[r12=0000000000000096] R[r 0=0000000000000000] inst=[0000167d] c.addi  a2, -1
C0:       5210 [1] pc=[0000000080000794] W[r 6=00000000800025bb][1] R[r 6=00000000800025ba] R[r 0=0000000000000000] inst=[00000305] c.addi  t1, 1
C0:       5211 [1] pc=[0000000080000796] W[r 0=0000000000000000][0] R[r12=0000000000000095] R[r 0=0000000000000000] inst=[0000fe65] c.bnez  a2, pc - 8
C0:       5212 [1] pc=[000000008000078e] W[r 0=0000000000000000][0] R[r 6=00000000800025bb] R[r11=0000000000000000] inst=[00b30023] sb      a1, 0(t1)
C0:       5213 [1] pc=[0000000080000792] W[r12=0000000000000094][1] R[r12=0000000000000095] R[r 0=0000000000000000] inst=[0000167d] c.addi  a2, -1
C0:       5214 [1] pc=[0000000080000794] W[r 6=00000000800025bc][1] R[r 6=00000000800025bb] R[r 0=0000000000000000] inst=[00000305] c.addi  t1, 1
C0:       5215 [1] pc=[0000000080000796] W[r 0=0000000000000000][0] R[r12=0000000000000094] R[r 0=0000000000000000] inst=[0000fe65] c.bnez  a2, pc - 8
C0:       5216 [1] pc=[000000008000078e] W[r 0=0000000000000000][0] R[r 6=00000000800025bc] R[r11=0000000000000000] inst=[00b30023] sb      a1, 0(t1)
C0:       5217 [1] pc=[0000000080000792] W[r12=0000000000000093][1] R[r12=0000000000000094] R[r 0=0000000000000000] inst=[0000167d] c.addi  a2, -1
C0:       5218 [1] pc=[0000000080000794] W[r 6=00000000800025bd][1] R[r 6=00000000800025bc] R[r 0=0000000000000000] inst=[00000305] c.addi  t1, 1
C0:       5219 [1] pc=[0000000080000796] W[r 0=0000000000000000][0] R[r12=0000000000000093] R[r 0=0000000000000000] inst=[0000fe65] c.bnez  a2, pc - 8
C0:       5220 [1] pc=[000000008000078e] W[r 0=0000000000000000][0] R[r 6=00000000800025bd] R[r11=0000000000000000] inst=[00b30023] sb      a1, 0(t1)
C0:       5221 [1] pc=[0000000080000792] W[r12=0000000000000092][1] R[r12=0000000000000093] R[r 0=0000000000000000] inst=[0000167d] c.addi  a2, -1
C0:       5222 [1] pc=[0000000080000794] W[r 6=00000000800025be][1] R[r 6=00000000800025bd] R[r 0=0000000000000000] inst=[00000305] c.addi  t1, 1
C0:       5223 [1] pc=[0000000080000796] W[r 0=0000000000000000][0] R[r12=0000000000000092] R[r 0=0000000000000000] inst=[0000fe65] c.bnez  a2, pc - 8
C0:       5224 [1] pc=[000000008000078e] W[r 0=0000000000000000][0] R[r 6=00000000800025be] R[r11=0000000000000000] inst=[00b30023] sb      a1, 0(t1)
C0:       5225 [1] pc=[0000000080000792] W[r12=0000000000000091][1] R[r12=0000000000000092] R[r 0=0000000000000000] inst=[0000167d] c.addi  a2, -1
C0:       5226 [1] pc=[0000000080000794] W[r 6=00000000800025bf][1] R[r 6=00000000800025be] R[r 0=0000000000000000] inst=[00000305] c.addi  t1, 1
C0:       5227 [1] pc=[0000000080000796] W[r 0=0000000000000000][0] R[r12=0000000000000091] R[r 0=0000000000000000] inst=[0000fe65] c.bnez  a2, pc - 8
C0:       5228 [1] pc=[000000008000078e] W[r 0=0000000000000000][0] R[r 6=00000000800025bf] R[r11=0000000000000000] inst=[00b30023] sb      a1, 0(t1)
C0:       5229 [1] pc=[0000000080000792] W[r12=0000000000000090][1] R[r12=0000000000000091] R[r 0=0000000000000000] inst=[0000167d] c.addi  a2, -1
C0:       5230 [1] pc=[0000000080000794] W[r 6=00000000800025c0][1] R[r 6=00000000800025bf] R[r 0=0000000000000000] inst=[00000305] c.addi  t1, 1
C0:       5231 [1] pc=[0000000080000796] W[r 0=0000000000000000][0] R[r12=0000000000000090] R[r 0=0000000000000000] inst=[0000fe65] c.bnez  a2, pc - 8
C0:       5258 [1] pc=[000000008000078e] W[r 0=0000000000000000][0] R[r 6=00000000800025c0] R[r11=0000000000000000] inst=[00b30023] sb      a1, 0(t1)
C0:       5259 [1] pc=[0000000080000792] W[r12=000000000000008f][1] R[r12=0000000000000090] R[r 0=0000000000000000] inst=[0000167d] c.addi  a2, -1
C0:       5260 [1] pc=[0000000080000794] W[r 6=00000000800025c1][1] R[r 6=00000000800025c0] R[r 0=0000000000000000] inst=[00000305] c.addi  t1, 1
C0:       5261 [1] pc=[0000000080000796] W[r 0=0000000000000000][0] R[r12=000000000000008f] R[r 0=0000000000000000] inst=[0000fe65] c.bnez  a2, pc - 8
C0:       5262 [1] pc=[000000008000078e] W[r 0=0000000000000000][0] R[r 6=00000000800025c1] R[r11=0000000000000000] inst=[00b30023] sb      a1, 0(t1)
C0:       5263 [1] pc=[0000000080000792] W[r12=000000000000008e][1] R[r12=000000000000008f] R[r 0=0000000000000000] inst=[0000167d] c.addi  a2, -1
C0:       5264 [1] pc=[0000000080000794] W[r 6=00000000800025c2][1] R[r 6=00000000800025c1] R[r 0=0000000000000000] inst=[00000305] c.addi  t1, 1
C0:       5265 [1] pc=[0000000080000796] W[r 0=0000000000000000][0] R[r12=000000000000008e] R[r 0=0000000000000000] inst=[0000fe65] c.bnez  a2, pc - 8
C0:       5266 [1] pc=[000000008000078e] W[r 0=0000000000000000][0] R[r 6=00000000800025c2] R[r11=0000000000000000] inst=[00b30023] sb      a1, 0(t1)
C0:       5267 [1] pc=[0000000080000792] W[r12=000000000000008d][1] R[r12=000000000000008e] R[r 0=0000000000000000] inst=[0000167d] c.addi  a2, -1
C0:       5268 [1] pc=[0000000080000794] W[r 6=00000000800025c3][1] R[r 6=00000000800025c2] R[r 0=0000000000000000] inst=[00000305] c.addi  t1, 1
C0:       5269 [1] pc=[0000000080000796] W[r 0=0000000000000000][0] R[r12=000000000000008d] R[r 0=0000000000000000] inst=[0000fe65] c.bnez  a2, pc - 8
C0:       5270 [1] pc=[000000008000078e] W[r 0=0000000000000000][0] R[r 6=00000000800025c3] R[r11=0000000000000000] inst=[00b30023] sb      a1, 0(t1)
C0:       5271 [1] pc=[0000000080000792] W[r12=000000000000008c][1] R[r12=000000000000008d] R[r 0=0000000000000000] inst=[0000167d] c.addi  a2, -1
C0:       5272 [1] pc=[0000000080000794] W[r 6=00000000800025c4][1] R[r 6=00000000800025c3] R[r 0=0000000000000000] inst=[00000305] c.addi  t1, 1
C0:       5273 [1] pc=[0000000080000796] W[r 0=0000000000000000][0] R[r12=000000000000008c] R[r 0=0000000000000000] inst=[0000fe65] c.bnez  a2, pc - 8
C0:       5274 [1] pc=[000000008000078e] W[r 0=0000000000000000][0] R[r 6=00000000800025c4] R[r11=0000000000000000] inst=[00b30023] sb      a1, 0(t1)
C0:       5275 [1] pc=[0000000080000792] W[r12=000000000000008b][1] R[r12=000000000000008c] R[r 0=0000000000000000] inst=[0000167d] c.addi  a2, -1
C0:       5276 [1] pc=[0000000080000794] W[r 6=00000000800025c5][1] R[r 6=00000000800025c4] R[r 0=0000000000000000] inst=[00000305] c.addi  t1, 1
C0:       5277 [1] pc=[0000000080000796] W[r 0=0000000000000000][0] R[r12=000000000000008b] R[r 0=0000000000000000] inst=[0000fe65] c.bnez  a2, pc - 8
C0:       5278 [1] pc=[000000008000078e] W[r 0=0000000000000000][0] R[r 6=00000000800025c5] R[r11=0000000000000000] inst=[00b30023] sb      a1, 0(t1)
C0:       5279 [1] pc=[0000000080000792] W[r12=000000000000008a][1] R[r12=000000000000008b] R[r 0=0000000000000000] inst=[0000167d] c.addi  a2, -1
C0:       5280 [1] pc=[0000000080000794] W[r 6=00000000800025c6][1] R[r 6=00000000800025c5] R[r 0=0000000000000000] inst=[00000305] c.addi  t1, 1
C0:       5281 [1] pc=[0000000080000796] W[r 0=0000000000000000][0] R[r12=000000000000008a] R[r 0=0000000000000000] inst=[0000fe65] c.bnez  a2, pc - 8
C0:       5282 [1] pc=[000000008000078e] W[r 0=0000000000000000][0] R[r 6=00000000800025c6] R[r11=0000000000000000] inst=[00b30023] sb      a1, 0(t1)
C0:       5283 [1] pc=[0000000080000792] W[r12=0000000000000089][1] R[r12=000000000000008a] R[r 0=0000000000000000] inst=[0000167d] c.addi  a2, -1
C0:       5284 [1] pc=[0000000080000794] W[r 6=00000000800025c7][1] R[r 6=00000000800025c6] R[r 0=0000000000000000] inst=[00000305] c.addi  t1, 1
C0:       5285 [1] pc=[0000000080000796] W[r 0=0000000000000000][0] R[r12=0000000000000089] R[r 0=0000000000000000] inst=[0000fe65] c.bnez  a2, pc - 8
C0:       5286 [1] pc=[000000008000078e] W[r 0=0000000000000000][0] R[r 6=00000000800025c7] R[r11=0000000000000000] inst=[00b30023] sb      a1, 0(t1)
C0:       5287 [1] pc=[0000000080000792] W[r12=0000000000000088][1] R[r12=0000000000000089] R[r 0=0000000000000000] inst=[0000167d] c.addi  a2, -1
C0:       5288 [1] pc=[0000000080000794] W[r 6=00000000800025c8][1] R[r 6=00000000800025c7] R[r 0=0000000000000000] inst=[00000305] c.addi  t1, 1
C0:       5289 [1] pc=[0000000080000796] W[r 0=0000000000000000][0] R[r12=0000000000000088] R[r 0=0000000000000000] inst=[0000fe65] c.bnez  a2, pc - 8
C0:       5290 [1] pc=[000000008000078e] W[r 0=0000000000000000][0] R[r 6=00000000800025c8] R[r11=0000000000000000] inst=[00b30023] sb      a1, 0(t1)
C0:       5291 [1] pc=[0000000080000792] W[r12=0000000000000087][1] R[r12=0000000000000088] R[r 0=0000000000000000] inst=[0000167d] c.addi  a2, -1
C0:       5292 [1] pc=[0000000080000794] W[r 6=00000000800025c9][1] R[r 6=00000000800025c8] R[r 0=0000000000000000] inst=[00000305] c.addi  t1, 1
C0:       5293 [1] pc=[0000000080000796] W[r 0=0000000000000000][0] R[r12=0000000000000087] R[r 0=0000000000000000] inst=[0000fe65] c.bnez  a2, pc - 8
C0:       5294 [1] pc=[000000008000078e] W[r 0=0000000000000000][0] R[r 6=00000000800025c9] R[r11=0000000000000000] inst=[00b30023] sb      a1, 0(t1)
C0:       5295 [1] pc=[0000000080000792] W[r12=0000000000000086][1] R[r12=0000000000000087] R[r 0=0000000000000000] inst=[0000167d] c.addi  a2, -1
C0:       5296 [1] pc=[0000000080000794] W[r 6=00000000800025ca][1] R[r 6=00000000800025c9] R[r 0=0000000000000000] inst=[00000305] c.addi  t1, 1
C0:       5297 [1] pc=[0000000080000796] W[r 0=0000000000000000][0] R[r12=0000000000000086] R[r 0=0000000000000000] inst=[0000fe65] c.bnez  a2, pc - 8
C0:       5298 [1] pc=[000000008000078e] W[r 0=0000000000000000][0] R[r 6=00000000800025ca] R[r11=0000000000000000] inst=[00b30023] sb      a1, 0(t1)
C0:       5299 [1] pc=[0000000080000792] W[r12=0000000000000085][1] R[r12=0000000000000086] R[r 0=0000000000000000] inst=[0000167d] c.addi  a2, -1
C0:       5300 [1] pc=[0000000080000794] W[r 6=00000000800025cb][1] R[r 6=00000000800025ca] R[r 0=0000000000000000] inst=[00000305] c.addi  t1, 1
C0:       5301 [1] pc=[0000000080000796] W[r 0=0000000000000000][0] R[r12=0000000000000085] R[r 0=0000000000000000] inst=[0000fe65] c.bnez  a2, pc - 8
C0:       5302 [1] pc=[000000008000078e] W[r 0=0000000000000000][0] R[r 6=00000000800025cb] R[r11=0000000000000000] inst=[00b30023] sb      a1, 0(t1)
C0:       5303 [1] pc=[0000000080000792] W[r12=0000000000000084][1] R[r12=0000000000000085] R[r 0=0000000000000000] inst=[0000167d] c.addi  a2, -1
C0:       5304 [1] pc=[0000000080000794] W[r 6=00000000800025cc][1] R[r 6=00000000800025cb] R[r 0=0000000000000000] inst=[00000305] c.addi  t1, 1
C0:       5305 [1] pc=[0000000080000796] W[r 0=0000000000000000][0] R[r12=0000000000000084] R[r 0=0000000000000000] inst=[0000fe65] c.bnez  a2, pc - 8
C0:       5306 [1] pc=[000000008000078e] W[r 0=0000000000000000][0] R[r 6=00000000800025cc] R[r11=0000000000000000] inst=[00b30023] sb      a1, 0(t1)
C0:       5307 [1] pc=[0000000080000792] W[r12=0000000000000083][1] R[r12=0000000000000084] R[r 0=0000000000000000] inst=[0000167d] c.addi  a2, -1
C0:       5308 [1] pc=[0000000080000794] W[r 6=00000000800025cd][1] R[r 6=00000000800025cc] R[r 0=0000000000000000] inst=[00000305] c.addi  t1, 1
C0:       5309 [1] pc=[0000000080000796] W[r 0=0000000000000000][0] R[r12=0000000000000083] R[r 0=0000000000000000] inst=[0000fe65] c.bnez  a2, pc - 8
C0:       5310 [1] pc=[000000008000078e] W[r 0=0000000000000000][0] R[r 6=00000000800025cd] R[r11=0000000000000000] inst=[00b30023] sb      a1, 0(t1)
C0:       5311 [1] pc=[0000000080000792] W[r12=0000000000000082][1] R[r12=0000000000000083] R[r 0=0000000000000000] inst=[0000167d] c.addi  a2, -1
C0:       5312 [1] pc=[0000000080000794] W[r 6=00000000800025ce][1] R[r 6=00000000800025cd] R[r 0=0000000000000000] inst=[00000305] c.addi  t1, 1
C0:       5313 [1] pc=[0000000080000796] W[r 0=0000000000000000][0] R[r12=0000000000000082] R[r 0=0000000000000000] inst=[0000fe65] c.bnez  a2, pc - 8
C0:       5314 [1] pc=[000000008000078e] W[r 0=0000000000000000][0] R[r 6=00000000800025ce] R[r11=0000000000000000] inst=[00b30023] sb      a1, 0(t1)
C0:       5315 [1] pc=[0000000080000792] W[r12=0000000000000081][1] R[r12=0000000000000082] R[r 0=0000000000000000] inst=[0000167d] c.addi  a2, -1
C0:       5316 [1] pc=[0000000080000794] W[r 6=00000000800025cf][1] R[r 6=00000000800025ce] R[r 0=0000000000000000] inst=[00000305] c.addi  t1, 1
C0:       5317 [1] pc=[0000000080000796] W[r 0=0000000000000000][0] R[r12=0000000000000081] R[r 0=0000000000000000] inst=[0000fe65] c.bnez  a2, pc - 8
C0:       5318 [1] pc=[000000008000078e] W[r 0=0000000000000000][0] R[r 6=00000000800025cf] R[r11=0000000000000000] inst=[00b30023] sb      a1, 0(t1)
C0:       5319 [1] pc=[0000000080000792] W[r12=0000000000000080][1] R[r12=0000000000000081] R[r 0=0000000000000000] inst=[0000167d] c.addi  a2, -1
C0:       5320 [1] pc=[0000000080000794] W[r 6=00000000800025d0][1] R[r 6=00000000800025cf] R[r 0=0000000000000000] inst=[00000305] c.addi  t1, 1
C0:       5321 [1] pc=[0000000080000796] W[r 0=0000000000000000][0] R[r12=0000000000000080] R[r 0=0000000000000000] inst=[0000fe65] c.bnez  a2, pc - 8
C0:       5322 [1] pc=[000000008000078e] W[r 0=0000000000000000][0] R[r 6=00000000800025d0] R[r11=0000000000000000] inst=[00b30023] sb      a1, 0(t1)
C0:       5323 [1] pc=[0000000080000792] W[r12=000000000000007f][1] R[r12=0000000000000080] R[r 0=0000000000000000] inst=[0000167d] c.addi  a2, -1
C0:       5324 [1] pc=[0000000080000794] W[r 6=00000000800025d1][1] R[r 6=00000000800025d0] R[r 0=0000000000000000] inst=[00000305] c.addi  t1, 1
C0:       5325 [1] pc=[0000000080000796] W[r 0=0000000000000000][0] R[r12=000000000000007f] R[r 0=0000000000000000] inst=[0000fe65] c.bnez  a2, pc - 8
C0:       5326 [1] pc=[000000008000078e] W[r 0=0000000000000000][0] R[r 6=00000000800025d1] R[r11=0000000000000000] inst=[00b30023] sb      a1, 0(t1)
C0:       5327 [1] pc=[0000000080000792] W[r12=000000000000007e][1] R[r12=000000000000007f] R[r 0=0000000000000000] inst=[0000167d] c.addi  a2, -1
C0:       5328 [1] pc=[0000000080000794] W[r 6=00000000800025d2][1] R[r 6=00000000800025d1] R[r 0=0000000000000000] inst=[00000305] c.addi  t1, 1
C0:       5329 [1] pc=[0000000080000796] W[r 0=0000000000000000][0] R[r12=000000000000007e] R[r 0=0000000000000000] inst=[0000fe65] c.bnez  a2, pc - 8
C0:       5330 [1] pc=[000000008000078e] W[r 0=0000000000000000][0] R[r 6=00000000800025d2] R[r11=0000000000000000] inst=[00b30023] sb      a1, 0(t1)
C0:       5331 [1] pc=[0000000080000792] W[r12=000000000000007d][1] R[r12=000000000000007e] R[r 0=0000000000000000] inst=[0000167d] c.addi  a2, -1
C0:       5332 [1] pc=[0000000080000794] W[r 6=00000000800025d3][1] R[r 6=00000000800025d2] R[r 0=0000000000000000] inst=[00000305] c.addi  t1, 1
C0:       5333 [1] pc=[0000000080000796] W[r 0=0000000000000000][0] R[r12=000000000000007d] R[r 0=0000000000000000] inst=[0000fe65] c.bnez  a2, pc - 8
C0:       5334 [1] pc=[000000008000078e] W[r 0=0000000000000000][0] R[r 6=00000000800025d3] R[r11=0000000000000000] inst=[00b30023] sb      a1, 0(t1)
C0:       5335 [1] pc=[0000000080000792] W[r12=000000000000007c][1] R[r12=000000000000007d] R[r 0=0000000000000000] inst=[0000167d] c.addi  a2, -1
C0:       5336 [1] pc=[0000000080000794] W[r 6=00000000800025d4][1] R[r 6=00000000800025d3] R[r 0=0000000000000000] inst=[00000305] c.addi  t1, 1
C0:       5337 [1] pc=[0000000080000796] W[r 0=0000000000000000][0] R[r12=000000000000007c] R[r 0=0000000000000000] inst=[0000fe65] c.bnez  a2, pc - 8
C0:       5338 [1] pc=[000000008000078e] W[r 0=0000000000000000][0] R[r 6=00000000800025d4] R[r11=0000000000000000] inst=[00b30023] sb      a1, 0(t1)
C0:       5339 [1] pc=[0000000080000792] W[r12=000000000000007b][1] R[r12=000000000000007c] R[r 0=0000000000000000] inst=[0000167d] c.addi  a2, -1
C0:       5340 [1] pc=[0000000080000794] W[r 6=00000000800025d5][1] R[r 6=00000000800025d4] R[r 0=0000000000000000] inst=[00000305] c.addi  t1, 1
C0:       5341 [1] pc=[0000000080000796] W[r 0=0000000000000000][0] R[r12=000000000000007b] R[r 0=0000000000000000] inst=[0000fe65] c.bnez  a2, pc - 8
C0:       5342 [1] pc=[000000008000078e] W[r 0=0000000000000000][0] R[r 6=00000000800025d5] R[r11=0000000000000000] inst=[00b30023] sb      a1, 0(t1)
C0:       5343 [1] pc=[0000000080000792] W[r12=000000000000007a][1] R[r12=000000000000007b] R[r 0=0000000000000000] inst=[0000167d] c.addi  a2, -1
C0:       5344 [1] pc=[0000000080000794] W[r 6=00000000800025d6][1] R[r 6=00000000800025d5] R[r 0=0000000000000000] inst=[00000305] c.addi  t1, 1
C0:       5345 [1] pc=[0000000080000796] W[r 0=0000000000000000][0] R[r12=000000000000007a] R[r 0=0000000000000000] inst=[0000fe65] c.bnez  a2, pc - 8
C0:       5346 [1] pc=[000000008000078e] W[r 0=0000000000000000][0] R[r 6=00000000800025d6] R[r11=0000000000000000] inst=[00b30023] sb      a1, 0(t1)
C0:       5347 [1] pc=[0000000080000792] W[r12=0000000000000079][1] R[r12=000000000000007a] R[r 0=0000000000000000] inst=[0000167d] c.addi  a2, -1
C0:       5348 [1] pc=[0000000080000794] W[r 6=00000000800025d7][1] R[r 6=00000000800025d6] R[r 0=0000000000000000] inst=[00000305] c.addi  t1, 1
C0:       5349 [1] pc=[0000000080000796] W[r 0=0000000000000000][0] R[r12=0000000000000079] R[r 0=0000000000000000] inst=[0000fe65] c.bnez  a2, pc - 8
C0:       5350 [1] pc=[000000008000078e] W[r 0=0000000000000000][0] R[r 6=00000000800025d7] R[r11=0000000000000000] inst=[00b30023] sb      a1, 0(t1)
C0:       5351 [1] pc=[0000000080000792] W[r12=0000000000000078][1] R[r12=0000000000000079] R[r 0=0000000000000000] inst=[0000167d] c.addi  a2, -1
C0:       5352 [1] pc=[0000000080000794] W[r 6=00000000800025d8][1] R[r 6=00000000800025d7] R[r 0=0000000000000000] inst=[00000305] c.addi  t1, 1
C0:       5353 [1] pc=[0000000080000796] W[r 0=0000000000000000][0] R[r12=0000000000000078] R[r 0=0000000000000000] inst=[0000fe65] c.bnez  a2, pc - 8
C0:       5354 [1] pc=[000000008000078e] W[r 0=0000000000000000][0] R[r 6=00000000800025d8] R[r11=0000000000000000] inst=[00b30023] sb      a1, 0(t1)
C0:       5355 [1] pc=[0000000080000792] W[r12=0000000000000077][1] R[r12=0000000000000078] R[r 0=0000000000000000] inst=[0000167d] c.addi  a2, -1
C0:       5356 [1] pc=[0000000080000794] W[r 6=00000000800025d9][1] R[r 6=00000000800025d8] R[r 0=0000000000000000] inst=[00000305] c.addi  t1, 1
C0:       5357 [1] pc=[0000000080000796] W[r 0=0000000000000000][0] R[r12=0000000000000077] R[r 0=0000000000000000] inst=[0000fe65] c.bnez  a2, pc - 8
C0:       5358 [1] pc=[000000008000078e] W[r 0=0000000000000000][0] R[r 6=00000000800025d9] R[r11=0000000000000000] inst=[00b30023] sb      a1, 0(t1)
C0:       5359 [1] pc=[0000000080000792] W[r12=0000000000000076][1] R[r12=0000000000000077] R[r 0=0000000000000000] inst=[0000167d] c.addi  a2, -1
C0:       5360 [1] pc=[0000000080000794] W[r 6=00000000800025da][1] R[r 6=00000000800025d9] R[r 0=0000000000000000] inst=[00000305] c.addi  t1, 1
C0:       5361 [1] pc=[0000000080000796] W[r 0=0000000000000000][0] R[r12=0000000000000076] R[r 0=0000000000000000] inst=[0000fe65] c.bnez  a2, pc - 8
C0:       5362 [1] pc=[000000008000078e] W[r 0=0000000000000000][0] R[r 6=00000000800025da] R[r11=0000000000000000] inst=[00b30023] sb      a1, 0(t1)
C0:       5363 [1] pc=[0000000080000792] W[r12=0000000000000075][1] R[r12=0000000000000076] R[r 0=0000000000000000] inst=[0000167d] c.addi  a2, -1
C0:       5364 [1] pc=[0000000080000794] W[r 6=00000000800025db][1] R[r 6=00000000800025da] R[r 0=0000000000000000] inst=[00000305] c.addi  t1, 1
C0:       5365 [1] pc=[0000000080000796] W[r 0=0000000000000000][0] R[r12=0000000000000075] R[r 0=0000000000000000] inst=[0000fe65] c.bnez  a2, pc - 8
C0:       5366 [1] pc=[000000008000078e] W[r 0=0000000000000000][0] R[r 6=00000000800025db] R[r11=0000000000000000] inst=[00b30023] sb      a1, 0(t1)
C0:       5367 [1] pc=[0000000080000792] W[r12=0000000000000074][1] R[r12=0000000000000075] R[r 0=0000000000000000] inst=[0000167d] c.addi  a2, -1
C0:       5368 [1] pc=[0000000080000794] W[r 6=00000000800025dc][1] R[r 6=00000000800025db] R[r 0=0000000000000000] inst=[00000305] c.addi  t1, 1
C0:       5369 [1] pc=[0000000080000796] W[r 0=0000000000000000][0] R[r12=0000000000000074] R[r 0=0000000000000000] inst=[0000fe65] c.bnez  a2, pc - 8
C0:       5370 [1] pc=[000000008000078e] W[r 0=0000000000000000][0] R[r 6=00000000800025dc] R[r11=0000000000000000] inst=[00b30023] sb      a1, 0(t1)
C0:       5371 [1] pc=[0000000080000792] W[r12=0000000000000073][1] R[r12=0000000000000074] R[r 0=0000000000000000] inst=[0000167d] c.addi  a2, -1
C0:       5372 [1] pc=[0000000080000794] W[r 6=00000000800025dd][1] R[r 6=00000000800025dc] R[r 0=0000000000000000] inst=[00000305] c.addi  t1, 1
C0:       5373 [1] pc=[0000000080000796] W[r 0=0000000000000000][0] R[r12=0000000000000073] R[r 0=0000000000000000] inst=[0000fe65] c.bnez  a2, pc - 8
C0:       5374 [1] pc=[000000008000078e] W[r 0=0000000000000000][0] R[r 6=00000000800025dd] R[r11=0000000000000000] inst=[00b30023] sb      a1, 0(t1)
C0:       5375 [1] pc=[0000000080000792] W[r12=0000000000000072][1] R[r12=0000000000000073] R[r 0=0000000000000000] inst=[0000167d] c.addi  a2, -1
C0:       5376 [1] pc=[0000000080000794] W[r 6=00000000800025de][1] R[r 6=00000000800025dd] R[r 0=0000000000000000] inst=[00000305] c.addi  t1, 1
C0:       5377 [1] pc=[0000000080000796] W[r 0=0000000000000000][0] R[r12=0000000000000072] R[r 0=0000000000000000] inst=[0000fe65] c.bnez  a2, pc - 8
C0:       5378 [1] pc=[000000008000078e] W[r 0=0000000000000000][0] R[r 6=00000000800025de] R[r11=0000000000000000] inst=[00b30023] sb      a1, 0(t1)
C0:       5379 [1] pc=[0000000080000792] W[r12=0000000000000071][1] R[r12=0000000000000072] R[r 0=0000000000000000] inst=[0000167d] c.addi  a2, -1
C0:       5380 [1] pc=[0000000080000794] W[r 6=00000000800025df][1] R[r 6=00000000800025de] R[r 0=0000000000000000] inst=[00000305] c.addi  t1, 1
C0:       5381 [1] pc=[0000000080000796] W[r 0=0000000000000000][0] R[r12=0000000000000071] R[r 0=0000000000000000] inst=[0000fe65] c.bnez  a2, pc - 8
C0:       5382 [1] pc=[000000008000078e] W[r 0=0000000000000000][0] R[r 6=00000000800025df] R[r11=0000000000000000] inst=[00b30023] sb      a1, 0(t1)
C0:       5383 [1] pc=[0000000080000792] W[r12=0000000000000070][1] R[r12=0000000000000071] R[r 0=0000000000000000] inst=[0000167d] c.addi  a2, -1
C0:       5384 [1] pc=[0000000080000794] W[r 6=00000000800025e0][1] R[r 6=00000000800025df] R[r 0=0000000000000000] inst=[00000305] c.addi  t1, 1
C0:       5385 [1] pc=[0000000080000796] W[r 0=0000000000000000][0] R[r12=0000000000000070] R[r 0=0000000000000000] inst=[0000fe65] c.bnez  a2, pc - 8
C0:       5386 [1] pc=[000000008000078e] W[r 0=0000000000000000][0] R[r 6=00000000800025e0] R[r11=0000000000000000] inst=[00b30023] sb      a1, 0(t1)
C0:       5387 [1] pc=[0000000080000792] W[r12=000000000000006f][1] R[r12=0000000000000070] R[r 0=0000000000000000] inst=[0000167d] c.addi  a2, -1
C0:       5388 [1] pc=[0000000080000794] W[r 6=00000000800025e1][1] R[r 6=00000000800025e0] R[r 0=0000000000000000] inst=[00000305] c.addi  t1, 1
C0:       5389 [1] pc=[0000000080000796] W[r 0=0000000000000000][0] R[r12=000000000000006f] R[r 0=0000000000000000] inst=[0000fe65] c.bnez  a2, pc - 8
C0:       5390 [1] pc=[000000008000078e] W[r 0=0000000000000000][0] R[r 6=00000000800025e1] R[r11=0000000000000000] inst=[00b30023] sb      a1, 0(t1)
C0:       5391 [1] pc=[0000000080000792] W[r12=000000000000006e][1] R[r12=000000000000006f] R[r 0=0000000000000000] inst=[0000167d] c.addi  a2, -1
C0:       5392 [1] pc=[0000000080000794] W[r 6=00000000800025e2][1] R[r 6=00000000800025e1] R[r 0=0000000000000000] inst=[00000305] c.addi  t1, 1
C0:       5393 [1] pc=[0000000080000796] W[r 0=0000000000000000][0] R[r12=000000000000006e] R[r 0=0000000000000000] inst=[0000fe65] c.bnez  a2, pc - 8
C0:       5394 [1] pc=[000000008000078e] W[r 0=0000000000000000][0] R[r 6=00000000800025e2] R[r11=0000000000000000] inst=[00b30023] sb      a1, 0(t1)
C0:       5395 [1] pc=[0000000080000792] W[r12=000000000000006d][1] R[r12=000000000000006e] R[r 0=0000000000000000] inst=[0000167d] c.addi  a2, -1
C0:       5396 [1] pc=[0000000080000794] W[r 6=00000000800025e3][1] R[r 6=00000000800025e2] R[r 0=0000000000000000] inst=[00000305] c.addi  t1, 1
C0:       5397 [1] pc=[0000000080000796] W[r 0=0000000000000000][0] R[r12=000000000000006d] R[r 0=0000000000000000] inst=[0000fe65] c.bnez  a2, pc - 8
C0:       5398 [1] pc=[000000008000078e] W[r 0=0000000000000000][0] R[r 6=00000000800025e3] R[r11=0000000000000000] inst=[00b30023] sb      a1, 0(t1)
C0:       5399 [1] pc=[0000000080000792] W[r12=000000000000006c][1] R[r12=000000000000006d] R[r 0=0000000000000000] inst=[0000167d] c.addi  a2, -1
C0:       5400 [1] pc=[0000000080000794] W[r 6=00000000800025e4][1] R[r 6=00000000800025e3] R[r 0=0000000000000000] inst=[00000305] c.addi  t1, 1
C0:       5401 [1] pc=[0000000080000796] W[r 0=0000000000000000][0] R[r12=000000000000006c] R[r 0=0000000000000000] inst=[0000fe65] c.bnez  a2, pc - 8
C0:       5402 [1] pc=[000000008000078e] W[r 0=0000000000000000][0] R[r 6=00000000800025e4] R[r11=0000000000000000] inst=[00b30023] sb      a1, 0(t1)
C0:       5403 [1] pc=[0000000080000792] W[r12=000000000000006b][1] R[r12=000000000000006c] R[r 0=0000000000000000] inst=[0000167d] c.addi  a2, -1
C0:       5404 [1] pc=[0000000080000794] W[r 6=00000000800025e5][1] R[r 6=00000000800025e4] R[r 0=0000000000000000] inst=[00000305] c.addi  t1, 1
C0:       5405 [1] pc=[0000000080000796] W[r 0=0000000000000000][0] R[r12=000000000000006b] R[r 0=0000000000000000] inst=[0000fe65] c.bnez  a2, pc - 8
C0:       5406 [1] pc=[000000008000078e] W[r 0=0000000000000000][0] R[r 6=00000000800025e5] R[r11=0000000000000000] inst=[00b30023] sb      a1, 0(t1)
C0:       5407 [1] pc=[0000000080000792] W[r12=000000000000006a][1] R[r12=000000000000006b] R[r 0=0000000000000000] inst=[0000167d] c.addi  a2, -1
C0:       5408 [1] pc=[0000000080000794] W[r 6=00000000800025e6][1] R[r 6=00000000800025e5] R[r 0=0000000000000000] inst=[00000305] c.addi  t1, 1
C0:       5409 [1] pc=[0000000080000796] W[r 0=0000000000000000][0] R[r12=000000000000006a] R[r 0=0000000000000000] inst=[0000fe65] c.bnez  a2, pc - 8
C0:       5410 [1] pc=[000000008000078e] W[r 0=0000000000000000][0] R[r 6=00000000800025e6] R[r11=0000000000000000] inst=[00b30023] sb      a1, 0(t1)
C0:       5411 [1] pc=[0000000080000792] W[r12=0000000000000069][1] R[r12=000000000000006a] R[r 0=0000000000000000] inst=[0000167d] c.addi  a2, -1
C0:       5412 [1] pc=[0000000080000794] W[r 6=00000000800025e7][1] R[r 6=00000000800025e6] R[r 0=0000000000000000] inst=[00000305] c.addi  t1, 1
C0:       5413 [1] pc=[0000000080000796] W[r 0=0000000000000000][0] R[r12=0000000000000069] R[r 0=0000000000000000] inst=[0000fe65] c.bnez  a2, pc - 8
C0:       5414 [1] pc=[000000008000078e] W[r 0=0000000000000000][0] R[r 6=00000000800025e7] R[r11=0000000000000000] inst=[00b30023] sb      a1, 0(t1)
C0:       5415 [1] pc=[0000000080000792] W[r12=0000000000000068][1] R[r12=0000000000000069] R[r 0=0000000000000000] inst=[0000167d] c.addi  a2, -1
C0:       5416 [1] pc=[0000000080000794] W[r 6=00000000800025e8][1] R[r 6=00000000800025e7] R[r 0=0000000000000000] inst=[00000305] c.addi  t1, 1
C0:       5417 [1] pc=[0000000080000796] W[r 0=0000000000000000][0] R[r12=0000000000000068] R[r 0=0000000000000000] inst=[0000fe65] c.bnez  a2, pc - 8
C0:       5418 [1] pc=[000000008000078e] W[r 0=0000000000000000][0] R[r 6=00000000800025e8] R[r11=0000000000000000] inst=[00b30023] sb      a1, 0(t1)
C0:       5419 [1] pc=[0000000080000792] W[r12=0000000000000067][1] R[r12=0000000000000068] R[r 0=0000000000000000] inst=[0000167d] c.addi  a2, -1
C0:       5420 [1] pc=[0000000080000794] W[r 6=00000000800025e9][1] R[r 6=00000000800025e8] R[r 0=0000000000000000] inst=[00000305] c.addi  t1, 1
C0:       5421 [1] pc=[0000000080000796] W[r 0=0000000000000000][0] R[r12=0000000000000067] R[r 0=0000000000000000] inst=[0000fe65] c.bnez  a2, pc - 8
C0:       5422 [1] pc=[000000008000078e] W[r 0=0000000000000000][0] R[r 6=00000000800025e9] R[r11=0000000000000000] inst=[00b30023] sb      a1, 0(t1)
C0:       5423 [1] pc=[0000000080000792] W[r12=0000000000000066][1] R[r12=0000000000000067] R[r 0=0000000000000000] inst=[0000167d] c.addi  a2, -1
C0:       5424 [1] pc=[0000000080000794] W[r 6=00000000800025ea][1] R[r 6=00000000800025e9] R[r 0=0000000000000000] inst=[00000305] c.addi  t1, 1
C0:       5425 [1] pc=[0000000080000796] W[r 0=0000000000000000][0] R[r12=0000000000000066] R[r 0=0000000000000000] inst=[0000fe65] c.bnez  a2, pc - 8
C0:       5426 [1] pc=[000000008000078e] W[r 0=0000000000000000][0] R[r 6=00000000800025ea] R[r11=0000000000000000] inst=[00b30023] sb      a1, 0(t1)
C0:       5427 [1] pc=[0000000080000792] W[r12=0000000000000065][1] R[r12=0000000000000066] R[r 0=0000000000000000] inst=[0000167d] c.addi  a2, -1
C0:       5428 [1] pc=[0000000080000794] W[r 6=00000000800025eb][1] R[r 6=00000000800025ea] R[r 0=0000000000000000] inst=[00000305] c.addi  t1, 1
C0:       5429 [1] pc=[0000000080000796] W[r 0=0000000000000000][0] R[r12=0000000000000065] R[r 0=0000000000000000] inst=[0000fe65] c.bnez  a2, pc - 8
C0:       5430 [1] pc=[000000008000078e] W[r 0=0000000000000000][0] R[r 6=00000000800025eb] R[r11=0000000000000000] inst=[00b30023] sb      a1, 0(t1)
C0:       5431 [1] pc=[0000000080000792] W[r12=0000000000000064][1] R[r12=0000000000000065] R[r 0=0000000000000000] inst=[0000167d] c.addi  a2, -1
C0:       5432 [1] pc=[0000000080000794] W[r 6=00000000800025ec][1] R[r 6=00000000800025eb] R[r 0=0000000000000000] inst=[00000305] c.addi  t1, 1
C0:       5433 [1] pc=[0000000080000796] W[r 0=0000000000000000][0] R[r12=0000000000000064] R[r 0=0000000000000000] inst=[0000fe65] c.bnez  a2, pc - 8
C0:       5434 [1] pc=[000000008000078e] W[r 0=0000000000000000][0] R[r 6=00000000800025ec] R[r11=0000000000000000] inst=[00b30023] sb      a1, 0(t1)
C0:       5435 [1] pc=[0000000080000792] W[r12=0000000000000063][1] R[r12=0000000000000064] R[r 0=0000000000000000] inst=[0000167d] c.addi  a2, -1
C0:       5436 [1] pc=[0000000080000794] W[r 6=00000000800025ed][1] R[r 6=00000000800025ec] R[r 0=0000000000000000] inst=[00000305] c.addi  t1, 1
C0:       5437 [1] pc=[0000000080000796] W[r 0=0000000000000000][0] R[r12=0000000000000063] R[r 0=0000000000000000] inst=[0000fe65] c.bnez  a2, pc - 8
C0:       5438 [1] pc=[000000008000078e] W[r 0=0000000000000000][0] R[r 6=00000000800025ed] R[r11=0000000000000000] inst=[00b30023] sb      a1, 0(t1)
C0:       5439 [1] pc=[0000000080000792] W[r12=0000000000000062][1] R[r12=0000000000000063] R[r 0=0000000000000000] inst=[0000167d] c.addi  a2, -1
C0:       5440 [1] pc=[0000000080000794] W[r 6=00000000800025ee][1] R[r 6=00000000800025ed] R[r 0=0000000000000000] inst=[00000305] c.addi  t1, 1
C0:       5441 [1] pc=[0000000080000796] W[r 0=0000000000000000][0] R[r12=0000000000000062] R[r 0=0000000000000000] inst=[0000fe65] c.bnez  a2, pc - 8
C0:       5442 [1] pc=[000000008000078e] W[r 0=0000000000000000][0] R[r 6=00000000800025ee] R[r11=0000000000000000] inst=[00b30023] sb      a1, 0(t1)
C0:       5443 [1] pc=[0000000080000792] W[r12=0000000000000061][1] R[r12=0000000000000062] R[r 0=0000000000000000] inst=[0000167d] c.addi  a2, -1
C0:       5444 [1] pc=[0000000080000794] W[r 6=00000000800025ef][1] R[r 6=00000000800025ee] R[r 0=0000000000000000] inst=[00000305] c.addi  t1, 1
C0:       5445 [1] pc=[0000000080000796] W[r 0=0000000000000000][0] R[r12=0000000000000061] R[r 0=0000000000000000] inst=[0000fe65] c.bnez  a2, pc - 8
C0:       5446 [1] pc=[000000008000078e] W[r 0=0000000000000000][0] R[r 6=00000000800025ef] R[r11=0000000000000000] inst=[00b30023] sb      a1, 0(t1)
C0:       5447 [1] pc=[0000000080000792] W[r12=0000000000000060][1] R[r12=0000000000000061] R[r 0=0000000000000000] inst=[0000167d] c.addi  a2, -1
C0:       5448 [1] pc=[0000000080000794] W[r 6=00000000800025f0][1] R[r 6=00000000800025ef] R[r 0=0000000000000000] inst=[00000305] c.addi  t1, 1
C0:       5449 [1] pc=[0000000080000796] W[r 0=0000000000000000][0] R[r12=0000000000000060] R[r 0=0000000000000000] inst=[0000fe65] c.bnez  a2, pc - 8
C0:       5450 [1] pc=[000000008000078e] W[r 0=0000000000000000][0] R[r 6=00000000800025f0] R[r11=0000000000000000] inst=[00b30023] sb      a1, 0(t1)
C0:       5451 [1] pc=[0000000080000792] W[r12=000000000000005f][1] R[r12=0000000000000060] R[r 0=0000000000000000] inst=[0000167d] c.addi  a2, -1
C0:       5452 [1] pc=[0000000080000794] W[r 6=00000000800025f1][1] R[r 6=00000000800025f0] R[r 0=0000000000000000] inst=[00000305] c.addi  t1, 1
C0:       5453 [1] pc=[0000000080000796] W[r 0=0000000000000000][0] R[r12=000000000000005f] R[r 0=0000000000000000] inst=[0000fe65] c.bnez  a2, pc - 8
C0:       5454 [1] pc=[000000008000078e] W[r 0=0000000000000000][0] R[r 6=00000000800025f1] R[r11=0000000000000000] inst=[00b30023] sb      a1, 0(t1)
C0:       5455 [1] pc=[0000000080000792] W[r12=000000000000005e][1] R[r12=000000000000005f] R[r 0=0000000000000000] inst=[0000167d] c.addi  a2, -1
C0:       5456 [1] pc=[0000000080000794] W[r 6=00000000800025f2][1] R[r 6=00000000800025f1] R[r 0=0000000000000000] inst=[00000305] c.addi  t1, 1
C0:       5457 [1] pc=[0000000080000796] W[r 0=0000000000000000][0] R[r12=000000000000005e] R[r 0=0000000000000000] inst=[0000fe65] c.bnez  a2, pc - 8
C0:       5458 [1] pc=[000000008000078e] W[r 0=0000000000000000][0] R[r 6=00000000800025f2] R[r11=0000000000000000] inst=[00b30023] sb      a1, 0(t1)
C0:       5459 [1] pc=[0000000080000792] W[r12=000000000000005d][1] R[r12=000000000000005e] R[r 0=0000000000000000] inst=[0000167d] c.addi  a2, -1
C0:       5460 [1] pc=[0000000080000794] W[r 6=00000000800025f3][1] R[r 6=00000000800025f2] R[r 0=0000000000000000] inst=[00000305] c.addi  t1, 1
C0:       5461 [1] pc=[0000000080000796] W[r 0=0000000000000000][0] R[r12=000000000000005d] R[r 0=0000000000000000] inst=[0000fe65] c.bnez  a2, pc - 8
C0:       5462 [1] pc=[000000008000078e] W[r 0=0000000000000000][0] R[r 6=00000000800025f3] R[r11=0000000000000000] inst=[00b30023] sb      a1, 0(t1)
C0:       5463 [1] pc=[0000000080000792] W[r12=000000000000005c][1] R[r12=000000000000005d] R[r 0=0000000000000000] inst=[0000167d] c.addi  a2, -1
C0:       5464 [1] pc=[0000000080000794] W[r 6=00000000800025f4][1] R[r 6=00000000800025f3] R[r 0=0000000000000000] inst=[00000305] c.addi  t1, 1
C0:       5465 [1] pc=[0000000080000796] W[r 0=0000000000000000][0] R[r12=000000000000005c] R[r 0=0000000000000000] inst=[0000fe65] c.bnez  a2, pc - 8
C0:       5466 [1] pc=[000000008000078e] W[r 0=0000000000000000][0] R[r 6=00000000800025f4] R[r11=0000000000000000] inst=[00b30023] sb      a1, 0(t1)
C0:       5467 [1] pc=[0000000080000792] W[r12=000000000000005b][1] R[r12=000000000000005c] R[r 0=0000000000000000] inst=[0000167d] c.addi  a2, -1
C0:       5468 [1] pc=[0000000080000794] W[r 6=00000000800025f5][1] R[r 6=00000000800025f4] R[r 0=0000000000000000] inst=[00000305] c.addi  t1, 1
C0:       5469 [1] pc=[0000000080000796] W[r 0=0000000000000000][0] R[r12=000000000000005b] R[r 0=0000000000000000] inst=[0000fe65] c.bnez  a2, pc - 8
C0:       5470 [1] pc=[000000008000078e] W[r 0=0000000000000000][0] R[r 6=00000000800025f5] R[r11=0000000000000000] inst=[00b30023] sb      a1, 0(t1)
C0:       5471 [1] pc=[0000000080000792] W[r12=000000000000005a][1] R[r12=000000000000005b] R[r 0=0000000000000000] inst=[0000167d] c.addi  a2, -1
C0:       5472 [1] pc=[0000000080000794] W[r 6=00000000800025f6][1] R[r 6=00000000800025f5] R[r 0=0000000000000000] inst=[00000305] c.addi  t1, 1
C0:       5473 [1] pc=[0000000080000796] W[r 0=0000000000000000][0] R[r12=000000000000005a] R[r 0=0000000000000000] inst=[0000fe65] c.bnez  a2, pc - 8
C0:       5474 [1] pc=[000000008000078e] W[r 0=0000000000000000][0] R[r 6=00000000800025f6] R[r11=0000000000000000] inst=[00b30023] sb      a1, 0(t1)
C0:       5475 [1] pc=[0000000080000792] W[r12=0000000000000059][1] R[r12=000000000000005a] R[r 0=0000000000000000] inst=[0000167d] c.addi  a2, -1
C0:       5476 [1] pc=[0000000080000794] W[r 6=00000000800025f7][1] R[r 6=00000000800025f6] R[r 0=0000000000000000] inst=[00000305] c.addi  t1, 1
C0:       5477 [1] pc=[0000000080000796] W[r 0=0000000000000000][0] R[r12=0000000000000059] R[r 0=0000000000000000] inst=[0000fe65] c.bnez  a2, pc - 8
C0:       5478 [1] pc=[000000008000078e] W[r 0=0000000000000000][0] R[r 6=00000000800025f7] R[r11=0000000000000000] inst=[00b30023] sb      a1, 0(t1)
C0:       5479 [1] pc=[0000000080000792] W[r12=0000000000000058][1] R[r12=0000000000000059] R[r 0=0000000000000000] inst=[0000167d] c.addi  a2, -1
C0:       5480 [1] pc=[0000000080000794] W[r 6=00000000800025f8][1] R[r 6=00000000800025f7] R[r 0=0000000000000000] inst=[00000305] c.addi  t1, 1
C0:       5481 [1] pc=[0000000080000796] W[r 0=0000000000000000][0] R[r12=0000000000000058] R[r 0=0000000000000000] inst=[0000fe65] c.bnez  a2, pc - 8
C0:       5482 [1] pc=[000000008000078e] W[r 0=0000000000000000][0] R[r 6=00000000800025f8] R[r11=0000000000000000] inst=[00b30023] sb      a1, 0(t1)
C0:       5483 [1] pc=[0000000080000792] W[r12=0000000000000057][1] R[r12=0000000000000058] R[r 0=0000000000000000] inst=[0000167d] c.addi  a2, -1
C0:       5484 [1] pc=[0000000080000794] W[r 6=00000000800025f9][1] R[r 6=00000000800025f8] R[r 0=0000000000000000] inst=[00000305] c.addi  t1, 1
C0:       5485 [1] pc=[0000000080000796] W[r 0=0000000000000000][0] R[r12=0000000000000057] R[r 0=0000000000000000] inst=[0000fe65] c.bnez  a2, pc - 8
C0:       5486 [1] pc=[000000008000078e] W[r 0=0000000000000000][0] R[r 6=00000000800025f9] R[r11=0000000000000000] inst=[00b30023] sb      a1, 0(t1)
C0:       5487 [1] pc=[0000000080000792] W[r12=0000000000000056][1] R[r12=0000000000000057] R[r 0=0000000000000000] inst=[0000167d] c.addi  a2, -1
C0:       5488 [1] pc=[0000000080000794] W[r 6=00000000800025fa][1] R[r 6=00000000800025f9] R[r 0=0000000000000000] inst=[00000305] c.addi  t1, 1
C0:       5489 [1] pc=[0000000080000796] W[r 0=0000000000000000][0] R[r12=0000000000000056] R[r 0=0000000000000000] inst=[0000fe65] c.bnez  a2, pc - 8
C0:       5490 [1] pc=[000000008000078e] W[r 0=0000000000000000][0] R[r 6=00000000800025fa] R[r11=0000000000000000] inst=[00b30023] sb      a1, 0(t1)
C0:       5491 [1] pc=[0000000080000792] W[r12=0000000000000055][1] R[r12=0000000000000056] R[r 0=0000000000000000] inst=[0000167d] c.addi  a2, -1
C0:       5492 [1] pc=[0000000080000794] W[r 6=00000000800025fb][1] R[r 6=00000000800025fa] R[r 0=0000000000000000] inst=[00000305] c.addi  t1, 1
C0:       5493 [1] pc=[0000000080000796] W[r 0=0000000000000000][0] R[r12=0000000000000055] R[r 0=0000000000000000] inst=[0000fe65] c.bnez  a2, pc - 8
C0:       5494 [1] pc=[000000008000078e] W[r 0=0000000000000000][0] R[r 6=00000000800025fb] R[r11=0000000000000000] inst=[00b30023] sb      a1, 0(t1)
C0:       5495 [1] pc=[0000000080000792] W[r12=0000000000000054][1] R[r12=0000000000000055] R[r 0=0000000000000000] inst=[0000167d] c.addi  a2, -1
C0:       5496 [1] pc=[0000000080000794] W[r 6=00000000800025fc][1] R[r 6=00000000800025fb] R[r 0=0000000000000000] inst=[00000305] c.addi  t1, 1
C0:       5497 [1] pc=[0000000080000796] W[r 0=0000000000000000][0] R[r12=0000000000000054] R[r 0=0000000000000000] inst=[0000fe65] c.bnez  a2, pc - 8
C0:       5498 [1] pc=[000000008000078e] W[r 0=0000000000000000][0] R[r 6=00000000800025fc] R[r11=0000000000000000] inst=[00b30023] sb      a1, 0(t1)
C0:       5499 [1] pc=[0000000080000792] W[r12=0000000000000053][1] R[r12=0000000000000054] R[r 0=0000000000000000] inst=[0000167d] c.addi  a2, -1
C0:       5500 [1] pc=[0000000080000794] W[r 6=00000000800025fd][1] R[r 6=00000000800025fc] R[r 0=0000000000000000] inst=[00000305] c.addi  t1, 1
C0:       5501 [1] pc=[0000000080000796] W[r 0=0000000000000000][0] R[r12=0000000000000053] R[r 0=0000000000000000] inst=[0000fe65] c.bnez  a2, pc - 8
C0:       5502 [1] pc=[000000008000078e] W[r 0=0000000000000000][0] R[r 6=00000000800025fd] R[r11=0000000000000000] inst=[00b30023] sb      a1, 0(t1)
C0:       5503 [1] pc=[0000000080000792] W[r12=0000000000000052][1] R[r12=0000000000000053] R[r 0=0000000000000000] inst=[0000167d] c.addi  a2, -1
C0:       5504 [1] pc=[0000000080000794] W[r 6=00000000800025fe][1] R[r 6=00000000800025fd] R[r 0=0000000000000000] inst=[00000305] c.addi  t1, 1
C0:       5505 [1] pc=[0000000080000796] W[r 0=0000000000000000][0] R[r12=0000000000000052] R[r 0=0000000000000000] inst=[0000fe65] c.bnez  a2, pc - 8
C0:       5506 [1] pc=[000000008000078e] W[r 0=0000000000000000][0] R[r 6=00000000800025fe] R[r11=0000000000000000] inst=[00b30023] sb      a1, 0(t1)
C0:       5507 [1] pc=[0000000080000792] W[r12=0000000000000051][1] R[r12=0000000000000052] R[r 0=0000000000000000] inst=[0000167d] c.addi  a2, -1
C0:       5508 [1] pc=[0000000080000794] W[r 6=00000000800025ff][1] R[r 6=00000000800025fe] R[r 0=0000000000000000] inst=[00000305] c.addi  t1, 1
C0:       5509 [1] pc=[0000000080000796] W[r 0=0000000000000000][0] R[r12=0000000000000051] R[r 0=0000000000000000] inst=[0000fe65] c.bnez  a2, pc - 8
C0:       5510 [1] pc=[000000008000078e] W[r 0=0000000000000000][0] R[r 6=00000000800025ff] R[r11=0000000000000000] inst=[00b30023] sb      a1, 0(t1)
C0:       5511 [1] pc=[0000000080000792] W[r12=0000000000000050][1] R[r12=0000000000000051] R[r 0=0000000000000000] inst=[0000167d] c.addi  a2, -1
C0:       5512 [1] pc=[0000000080000794] W[r 6=0000000080002600][1] R[r 6=00000000800025ff] R[r 0=0000000000000000] inst=[00000305] c.addi  t1, 1
C0:       5513 [1] pc=[0000000080000796] W[r 0=0000000000000000][0] R[r12=0000000000000050] R[r 0=0000000000000000] inst=[0000fe65] c.bnez  a2, pc - 8
C0:       5540 [1] pc=[000000008000078e] W[r 0=0000000000000000][0] R[r 6=0000000080002600] R[r11=0000000000000000] inst=[00b30023] sb      a1, 0(t1)
C0:       5541 [1] pc=[0000000080000792] W[r12=000000000000004f][1] R[r12=0000000000000050] R[r 0=0000000000000000] inst=[0000167d] c.addi  a2, -1
C0:       5542 [1] pc=[0000000080000794] W[r 6=0000000080002601][1] R[r 6=0000000080002600] R[r 0=0000000000000000] inst=[00000305] c.addi  t1, 1
C0:       5543 [1] pc=[0000000080000796] W[r 0=0000000000000000][0] R[r12=000000000000004f] R[r 0=0000000000000000] inst=[0000fe65] c.bnez  a2, pc - 8
C0:       5544 [1] pc=[000000008000078e] W[r 0=0000000000000000][0] R[r 6=0000000080002601] R[r11=0000000000000000] inst=[00b30023] sb      a1, 0(t1)
C0:       5545 [1] pc=[0000000080000792] W[r12=000000000000004e][1] R[r12=000000000000004f] R[r 0=0000000000000000] inst=[0000167d] c.addi  a2, -1
C0:       5546 [1] pc=[0000000080000794] W[r 6=0000000080002602][1] R[r 6=0000000080002601] R[r 0=0000000000000000] inst=[00000305] c.addi  t1, 1
C0:       5547 [1] pc=[0000000080000796] W[r 0=0000000000000000][0] R[r12=000000000000004e] R[r 0=0000000000000000] inst=[0000fe65] c.bnez  a2, pc - 8
C0:       5548 [1] pc=[000000008000078e] W[r 0=0000000000000000][0] R[r 6=0000000080002602] R[r11=0000000000000000] inst=[00b30023] sb      a1, 0(t1)
C0:       5549 [1] pc=[0000000080000792] W[r12=000000000000004d][1] R[r12=000000000000004e] R[r 0=0000000000000000] inst=[0000167d] c.addi  a2, -1
C0:       5550 [1] pc=[0000000080000794] W[r 6=0000000080002603][1] R[r 6=0000000080002602] R[r 0=0000000000000000] inst=[00000305] c.addi  t1, 1
C0:       5551 [1] pc=[0000000080000796] W[r 0=0000000000000000][0] R[r12=000000000000004d] R[r 0=0000000000000000] inst=[0000fe65] c.bnez  a2, pc - 8
C0:       5552 [1] pc=[000000008000078e] W[r 0=0000000000000000][0] R[r 6=0000000080002603] R[r11=0000000000000000] inst=[00b30023] sb      a1, 0(t1)
C0:       5553 [1] pc=[0000000080000792] W[r12=000000000000004c][1] R[r12=000000000000004d] R[r 0=0000000000000000] inst=[0000167d] c.addi  a2, -1
C0:       5554 [1] pc=[0000000080000794] W[r 6=0000000080002604][1] R[r 6=0000000080002603] R[r 0=0000000000000000] inst=[00000305] c.addi  t1, 1
C0:       5555 [1] pc=[0000000080000796] W[r 0=0000000000000000][0] R[r12=000000000000004c] R[r 0=0000000000000000] inst=[0000fe65] c.bnez  a2, pc - 8
C0:       5556 [1] pc=[000000008000078e] W[r 0=0000000000000000][0] R[r 6=0000000080002604] R[r11=0000000000000000] inst=[00b30023] sb      a1, 0(t1)
C0:       5557 [1] pc=[0000000080000792] W[r12=000000000000004b][1] R[r12=000000000000004c] R[r 0=0000000000000000] inst=[0000167d] c.addi  a2, -1
C0:       5558 [1] pc=[0000000080000794] W[r 6=0000000080002605][1] R[r 6=0000000080002604] R[r 0=0000000000000000] inst=[00000305] c.addi  t1, 1
C0:       5559 [1] pc=[0000000080000796] W[r 0=0000000000000000][0] R[r12=000000000000004b] R[r 0=0000000000000000] inst=[0000fe65] c.bnez  a2, pc - 8
C0:       5560 [1] pc=[000000008000078e] W[r 0=0000000000000000][0] R[r 6=0000000080002605] R[r11=0000000000000000] inst=[00b30023] sb      a1, 0(t1)
C0:       5561 [1] pc=[0000000080000792] W[r12=000000000000004a][1] R[r12=000000000000004b] R[r 0=0000000000000000] inst=[0000167d] c.addi  a2, -1
C0:       5562 [1] pc=[0000000080000794] W[r 6=0000000080002606][1] R[r 6=0000000080002605] R[r 0=0000000000000000] inst=[00000305] c.addi  t1, 1
C0:       5563 [1] pc=[0000000080000796] W[r 0=0000000000000000][0] R[r12=000000000000004a] R[r 0=0000000000000000] inst=[0000fe65] c.bnez  a2, pc - 8
C0:       5564 [1] pc=[000000008000078e] W[r 0=0000000000000000][0] R[r 6=0000000080002606] R[r11=0000000000000000] inst=[00b30023] sb      a1, 0(t1)
C0:       5565 [1] pc=[0000000080000792] W[r12=0000000000000049][1] R[r12=000000000000004a] R[r 0=0000000000000000] inst=[0000167d] c.addi  a2, -1
C0:       5566 [1] pc=[0000000080000794] W[r 6=0000000080002607][1] R[r 6=0000000080002606] R[r 0=0000000000000000] inst=[00000305] c.addi  t1, 1
C0:       5567 [1] pc=[0000000080000796] W[r 0=0000000000000000][0] R[r12=0000000000000049] R[r 0=0000000000000000] inst=[0000fe65] c.bnez  a2, pc - 8
C0:       5568 [1] pc=[000000008000078e] W[r 0=0000000000000000][0] R[r 6=0000000080002607] R[r11=0000000000000000] inst=[00b30023] sb      a1, 0(t1)
C0:       5569 [1] pc=[0000000080000792] W[r12=0000000000000048][1] R[r12=0000000000000049] R[r 0=0000000000000000] inst=[0000167d] c.addi  a2, -1
C0:       5570 [1] pc=[0000000080000794] W[r 6=0000000080002608][1] R[r 6=0000000080002607] R[r 0=0000000000000000] inst=[00000305] c.addi  t1, 1
C0:       5571 [1] pc=[0000000080000796] W[r 0=0000000000000000][0] R[r12=0000000000000048] R[r 0=0000000000000000] inst=[0000fe65] c.bnez  a2, pc - 8
C0:       5572 [1] pc=[000000008000078e] W[r 0=0000000000000000][0] R[r 6=0000000080002608] R[r11=0000000000000000] inst=[00b30023] sb      a1, 0(t1)
C0:       5573 [1] pc=[0000000080000792] W[r12=0000000000000047][1] R[r12=0000000000000048] R[r 0=0000000000000000] inst=[0000167d] c.addi  a2, -1
C0:       5574 [1] pc=[0000000080000794] W[r 6=0000000080002609][1] R[r 6=0000000080002608] R[r 0=0000000000000000] inst=[00000305] c.addi  t1, 1
C0:       5575 [1] pc=[0000000080000796] W[r 0=0000000000000000][0] R[r12=0000000000000047] R[r 0=0000000000000000] inst=[0000fe65] c.bnez  a2, pc - 8
C0:       5576 [1] pc=[000000008000078e] W[r 0=0000000000000000][0] R[r 6=0000000080002609] R[r11=0000000000000000] inst=[00b30023] sb      a1, 0(t1)
C0:       5577 [1] pc=[0000000080000792] W[r12=0000000000000046][1] R[r12=0000000000000047] R[r 0=0000000000000000] inst=[0000167d] c.addi  a2, -1
C0:       5578 [1] pc=[0000000080000794] W[r 6=000000008000260a][1] R[r 6=0000000080002609] R[r 0=0000000000000000] inst=[00000305] c.addi  t1, 1
C0:       5579 [1] pc=[0000000080000796] W[r 0=0000000000000000][0] R[r12=0000000000000046] R[r 0=0000000000000000] inst=[0000fe65] c.bnez  a2, pc - 8
C0:       5580 [1] pc=[000000008000078e] W[r 0=0000000000000000][0] R[r 6=000000008000260a] R[r11=0000000000000000] inst=[00b30023] sb      a1, 0(t1)
C0:       5581 [1] pc=[0000000080000792] W[r12=0000000000000045][1] R[r12=0000000000000046] R[r 0=0000000000000000] inst=[0000167d] c.addi  a2, -1
C0:       5582 [1] pc=[0000000080000794] W[r 6=000000008000260b][1] R[r 6=000000008000260a] R[r 0=0000000000000000] inst=[00000305] c.addi  t1, 1
C0:       5583 [1] pc=[0000000080000796] W[r 0=0000000000000000][0] R[r12=0000000000000045] R[r 0=0000000000000000] inst=[0000fe65] c.bnez  a2, pc - 8
C0:       5584 [1] pc=[000000008000078e] W[r 0=0000000000000000][0] R[r 6=000000008000260b] R[r11=0000000000000000] inst=[00b30023] sb      a1, 0(t1)
C0:       5585 [1] pc=[0000000080000792] W[r12=0000000000000044][1] R[r12=0000000000000045] R[r 0=0000000000000000] inst=[0000167d] c.addi  a2, -1
C0:       5586 [1] pc=[0000000080000794] W[r 6=000000008000260c][1] R[r 6=000000008000260b] R[r 0=0000000000000000] inst=[00000305] c.addi  t1, 1
C0:       5587 [1] pc=[0000000080000796] W[r 0=0000000000000000][0] R[r12=0000000000000044] R[r 0=0000000000000000] inst=[0000fe65] c.bnez  a2, pc - 8
C0:       5588 [1] pc=[000000008000078e] W[r 0=0000000000000000][0] R[r 6=000000008000260c] R[r11=0000000000000000] inst=[00b30023] sb      a1, 0(t1)
C0:       5589 [1] pc=[0000000080000792] W[r12=0000000000000043][1] R[r12=0000000000000044] R[r 0=0000000000000000] inst=[0000167d] c.addi  a2, -1
C0:       5590 [1] pc=[0000000080000794] W[r 6=000000008000260d][1] R[r 6=000000008000260c] R[r 0=0000000000000000] inst=[00000305] c.addi  t1, 1
C0:       5591 [1] pc=[0000000080000796] W[r 0=0000000000000000][0] R[r12=0000000000000043] R[r 0=0000000000000000] inst=[0000fe65] c.bnez  a2, pc - 8
C0:       5592 [1] pc=[000000008000078e] W[r 0=0000000000000000][0] R[r 6=000000008000260d] R[r11=0000000000000000] inst=[00b30023] sb      a1, 0(t1)
C0:       5593 [1] pc=[0000000080000792] W[r12=0000000000000042][1] R[r12=0000000000000043] R[r 0=0000000000000000] inst=[0000167d] c.addi  a2, -1
C0:       5594 [1] pc=[0000000080000794] W[r 6=000000008000260e][1] R[r 6=000000008000260d] R[r 0=0000000000000000] inst=[00000305] c.addi  t1, 1
C0:       5595 [1] pc=[0000000080000796] W[r 0=0000000000000000][0] R[r12=0000000000000042] R[r 0=0000000000000000] inst=[0000fe65] c.bnez  a2, pc - 8
C0:       5596 [1] pc=[000000008000078e] W[r 0=0000000000000000][0] R[r 6=000000008000260e] R[r11=0000000000000000] inst=[00b30023] sb      a1, 0(t1)
C0:       5597 [1] pc=[0000000080000792] W[r12=0000000000000041][1] R[r12=0000000000000042] R[r 0=0000000000000000] inst=[0000167d] c.addi  a2, -1
C0:       5598 [1] pc=[0000000080000794] W[r 6=000000008000260f][1] R[r 6=000000008000260e] R[r 0=0000000000000000] inst=[00000305] c.addi  t1, 1
C0:       5599 [1] pc=[0000000080000796] W[r 0=0000000000000000][0] R[r12=0000000000000041] R[r 0=0000000000000000] inst=[0000fe65] c.bnez  a2, pc - 8
C0:       5600 [1] pc=[000000008000078e] W[r 0=0000000000000000][0] R[r 6=000000008000260f] R[r11=0000000000000000] inst=[00b30023] sb      a1, 0(t1)
C0:       5601 [1] pc=[0000000080000792] W[r12=0000000000000040][1] R[r12=0000000000000041] R[r 0=0000000000000000] inst=[0000167d] c.addi  a2, -1
C0:       5602 [1] pc=[0000000080000794] W[r 6=0000000080002610][1] R[r 6=000000008000260f] R[r 0=0000000000000000] inst=[00000305] c.addi  t1, 1
C0:       5603 [1] pc=[0000000080000796] W[r 0=0000000000000000][0] R[r12=0000000000000040] R[r 0=0000000000000000] inst=[0000fe65] c.bnez  a2, pc - 8
C0:       5604 [1] pc=[000000008000078e] W[r 0=0000000000000000][0] R[r 6=0000000080002610] R[r11=0000000000000000] inst=[00b30023] sb      a1, 0(t1)
C0:       5605 [1] pc=[0000000080000792] W[r12=000000000000003f][1] R[r12=0000000000000040] R[r 0=0000000000000000] inst=[0000167d] c.addi  a2, -1
C0:       5606 [1] pc=[0000000080000794] W[r 6=0000000080002611][1] R[r 6=0000000080002610] R[r 0=0000000000000000] inst=[00000305] c.addi  t1, 1
C0:       5607 [1] pc=[0000000080000796] W[r 0=0000000000000000][0] R[r12=000000000000003f] R[r 0=0000000000000000] inst=[0000fe65] c.bnez  a2, pc - 8
C0:       5608 [1] pc=[000000008000078e] W[r 0=0000000000000000][0] R[r 6=0000000080002611] R[r11=0000000000000000] inst=[00b30023] sb      a1, 0(t1)
C0:       5609 [1] pc=[0000000080000792] W[r12=000000000000003e][1] R[r12=000000000000003f] R[r 0=0000000000000000] inst=[0000167d] c.addi  a2, -1
C0:       5610 [1] pc=[0000000080000794] W[r 6=0000000080002612][1] R[r 6=0000000080002611] R[r 0=0000000000000000] inst=[00000305] c.addi  t1, 1
C0:       5611 [1] pc=[0000000080000796] W[r 0=0000000000000000][0] R[r12=000000000000003e] R[r 0=0000000000000000] inst=[0000fe65] c.bnez  a2, pc - 8
C0:       5612 [1] pc=[000000008000078e] W[r 0=0000000000000000][0] R[r 6=0000000080002612] R[r11=0000000000000000] inst=[00b30023] sb      a1, 0(t1)
C0:       5613 [1] pc=[0000000080000792] W[r12=000000000000003d][1] R[r12=000000000000003e] R[r 0=0000000000000000] inst=[0000167d] c.addi  a2, -1
C0:       5614 [1] pc=[0000000080000794] W[r 6=0000000080002613][1] R[r 6=0000000080002612] R[r 0=0000000000000000] inst=[00000305] c.addi  t1, 1
C0:       5615 [1] pc=[0000000080000796] W[r 0=0000000000000000][0] R[r12=000000000000003d] R[r 0=0000000000000000] inst=[0000fe65] c.bnez  a2, pc - 8
C0:       5616 [1] pc=[000000008000078e] W[r 0=0000000000000000][0] R[r 6=0000000080002613] R[r11=0000000000000000] inst=[00b30023] sb      a1, 0(t1)
C0:       5617 [1] pc=[0000000080000792] W[r12=000000000000003c][1] R[r12=000000000000003d] R[r 0=0000000000000000] inst=[0000167d] c.addi  a2, -1
C0:       5618 [1] pc=[0000000080000794] W[r 6=0000000080002614][1] R[r 6=0000000080002613] R[r 0=0000000000000000] inst=[00000305] c.addi  t1, 1
C0:       5619 [1] pc=[0000000080000796] W[r 0=0000000000000000][0] R[r12=000000000000003c] R[r 0=0000000000000000] inst=[0000fe65] c.bnez  a2, pc - 8
C0:       5620 [1] pc=[000000008000078e] W[r 0=0000000000000000][0] R[r 6=0000000080002614] R[r11=0000000000000000] inst=[00b30023] sb      a1, 0(t1)
C0:       5621 [1] pc=[0000000080000792] W[r12=000000000000003b][1] R[r12=000000000000003c] R[r 0=0000000000000000] inst=[0000167d] c.addi  a2, -1
C0:       5622 [1] pc=[0000000080000794] W[r 6=0000000080002615][1] R[r 6=0000000080002614] R[r 0=0000000000000000] inst=[00000305] c.addi  t1, 1
C0:       5623 [1] pc=[0000000080000796] W[r 0=0000000000000000][0] R[r12=000000000000003b] R[r 0=0000000000000000] inst=[0000fe65] c.bnez  a2, pc - 8
C0:       5624 [1] pc=[000000008000078e] W[r 0=0000000000000000][0] R[r 6=0000000080002615] R[r11=0000000000000000] inst=[00b30023] sb      a1, 0(t1)
C0:       5625 [1] pc=[0000000080000792] W[r12=000000000000003a][1] R[r12=000000000000003b] R[r 0=0000000000000000] inst=[0000167d] c.addi  a2, -1
C0:       5626 [1] pc=[0000000080000794] W[r 6=0000000080002616][1] R[r 6=0000000080002615] R[r 0=0000000000000000] inst=[00000305] c.addi  t1, 1
C0:       5627 [1] pc=[0000000080000796] W[r 0=0000000000000000][0] R[r12=000000000000003a] R[r 0=0000000000000000] inst=[0000fe65] c.bnez  a2, pc - 8
C0:       5628 [1] pc=[000000008000078e] W[r 0=0000000000000000][0] R[r 6=0000000080002616] R[r11=0000000000000000] inst=[00b30023] sb      a1, 0(t1)
C0:       5629 [1] pc=[0000000080000792] W[r12=0000000000000039][1] R[r12=000000000000003a] R[r 0=0000000000000000] inst=[0000167d] c.addi  a2, -1
C0:       5630 [1] pc=[0000000080000794] W[r 6=0000000080002617][1] R[r 6=0000000080002616] R[r 0=0000000000000000] inst=[00000305] c.addi  t1, 1
C0:       5631 [1] pc=[0000000080000796] W[r 0=0000000000000000][0] R[r12=0000000000000039] R[r 0=0000000000000000] inst=[0000fe65] c.bnez  a2, pc - 8
C0:       5632 [1] pc=[000000008000078e] W[r 0=0000000000000000][0] R[r 6=0000000080002617] R[r11=0000000000000000] inst=[00b30023] sb      a1, 0(t1)
C0:       5633 [1] pc=[0000000080000792] W[r12=0000000000000038][1] R[r12=0000000000000039] R[r 0=0000000000000000] inst=[0000167d] c.addi  a2, -1
C0:       5634 [1] pc=[0000000080000794] W[r 6=0000000080002618][1] R[r 6=0000000080002617] R[r 0=0000000000000000] inst=[00000305] c.addi  t1, 1
C0:       5635 [1] pc=[0000000080000796] W[r 0=0000000000000000][0] R[r12=0000000000000038] R[r 0=0000000000000000] inst=[0000fe65] c.bnez  a2, pc - 8
C0:       5636 [1] pc=[000000008000078e] W[r 0=0000000000000000][0] R[r 6=0000000080002618] R[r11=0000000000000000] inst=[00b30023] sb      a1, 0(t1)
C0:       5637 [1] pc=[0000000080000792] W[r12=0000000000000037][1] R[r12=0000000000000038] R[r 0=0000000000000000] inst=[0000167d] c.addi  a2, -1
C0:       5638 [1] pc=[0000000080000794] W[r 6=0000000080002619][1] R[r 6=0000000080002618] R[r 0=0000000000000000] inst=[00000305] c.addi  t1, 1
C0:       5639 [1] pc=[0000000080000796] W[r 0=0000000000000000][0] R[r12=0000000000000037] R[r 0=0000000000000000] inst=[0000fe65] c.bnez  a2, pc - 8
C0:       5640 [1] pc=[000000008000078e] W[r 0=0000000000000000][0] R[r 6=0000000080002619] R[r11=0000000000000000] inst=[00b30023] sb      a1, 0(t1)
C0:       5641 [1] pc=[0000000080000792] W[r12=0000000000000036][1] R[r12=0000000000000037] R[r 0=0000000000000000] inst=[0000167d] c.addi  a2, -1
C0:       5642 [1] pc=[0000000080000794] W[r 6=000000008000261a][1] R[r 6=0000000080002619] R[r 0=0000000000000000] inst=[00000305] c.addi  t1, 1
C0:       5643 [1] pc=[0000000080000796] W[r 0=0000000000000000][0] R[r12=0000000000000036] R[r 0=0000000000000000] inst=[0000fe65] c.bnez  a2, pc - 8
C0:       5644 [1] pc=[000000008000078e] W[r 0=0000000000000000][0] R[r 6=000000008000261a] R[r11=0000000000000000] inst=[00b30023] sb      a1, 0(t1)
C0:       5645 [1] pc=[0000000080000792] W[r12=0000000000000035][1] R[r12=0000000000000036] R[r 0=0000000000000000] inst=[0000167d] c.addi  a2, -1
C0:       5646 [1] pc=[0000000080000794] W[r 6=000000008000261b][1] R[r 6=000000008000261a] R[r 0=0000000000000000] inst=[00000305] c.addi  t1, 1
C0:       5647 [1] pc=[0000000080000796] W[r 0=0000000000000000][0] R[r12=0000000000000035] R[r 0=0000000000000000] inst=[0000fe65] c.bnez  a2, pc - 8
C0:       5648 [1] pc=[000000008000078e] W[r 0=0000000000000000][0] R[r 6=000000008000261b] R[r11=0000000000000000] inst=[00b30023] sb      a1, 0(t1)
C0:       5649 [1] pc=[0000000080000792] W[r12=0000000000000034][1] R[r12=0000000000000035] R[r 0=0000000000000000] inst=[0000167d] c.addi  a2, -1
C0:       5650 [1] pc=[0000000080000794] W[r 6=000000008000261c][1] R[r 6=000000008000261b] R[r 0=0000000000000000] inst=[00000305] c.addi  t1, 1
C0:       5651 [1] pc=[0000000080000796] W[r 0=0000000000000000][0] R[r12=0000000000000034] R[r 0=0000000000000000] inst=[0000fe65] c.bnez  a2, pc - 8
C0:       5652 [1] pc=[000000008000078e] W[r 0=0000000000000000][0] R[r 6=000000008000261c] R[r11=0000000000000000] inst=[00b30023] sb      a1, 0(t1)
C0:       5653 [1] pc=[0000000080000792] W[r12=0000000000000033][1] R[r12=0000000000000034] R[r 0=0000000000000000] inst=[0000167d] c.addi  a2, -1
C0:       5654 [1] pc=[0000000080000794] W[r 6=000000008000261d][1] R[r 6=000000008000261c] R[r 0=0000000000000000] inst=[00000305] c.addi  t1, 1
C0:       5655 [1] pc=[0000000080000796] W[r 0=0000000000000000][0] R[r12=0000000000000033] R[r 0=0000000000000000] inst=[0000fe65] c.bnez  a2, pc - 8
C0:       5656 [1] pc=[000000008000078e] W[r 0=0000000000000000][0] R[r 6=000000008000261d] R[r11=0000000000000000] inst=[00b30023] sb      a1, 0(t1)
C0:       5657 [1] pc=[0000000080000792] W[r12=0000000000000032][1] R[r12=0000000000000033] R[r 0=0000000000000000] inst=[0000167d] c.addi  a2, -1
C0:       5658 [1] pc=[0000000080000794] W[r 6=000000008000261e][1] R[r 6=000000008000261d] R[r 0=0000000000000000] inst=[00000305] c.addi  t1, 1
C0:       5659 [1] pc=[0000000080000796] W[r 0=0000000000000000][0] R[r12=0000000000000032] R[r 0=0000000000000000] inst=[0000fe65] c.bnez  a2, pc - 8
C0:       5660 [1] pc=[000000008000078e] W[r 0=0000000000000000][0] R[r 6=000000008000261e] R[r11=0000000000000000] inst=[00b30023] sb      a1, 0(t1)
C0:       5661 [1] pc=[0000000080000792] W[r12=0000000000000031][1] R[r12=0000000000000032] R[r 0=0000000000000000] inst=[0000167d] c.addi  a2, -1
C0:       5662 [1] pc=[0000000080000794] W[r 6=000000008000261f][1] R[r 6=000000008000261e] R[r 0=0000000000000000] inst=[00000305] c.addi  t1, 1
C0:       5663 [1] pc=[0000000080000796] W[r 0=0000000000000000][0] R[r12=0000000000000031] R[r 0=0000000000000000] inst=[0000fe65] c.bnez  a2, pc - 8
C0:       5664 [1] pc=[000000008000078e] W[r 0=0000000000000000][0] R[r 6=000000008000261f] R[r11=0000000000000000] inst=[00b30023] sb      a1, 0(t1)
C0:       5665 [1] pc=[0000000080000792] W[r12=0000000000000030][1] R[r12=0000000000000031] R[r 0=0000000000000000] inst=[0000167d] c.addi  a2, -1
C0:       5666 [1] pc=[0000000080000794] W[r 6=0000000080002620][1] R[r 6=000000008000261f] R[r 0=0000000000000000] inst=[00000305] c.addi  t1, 1
C0:       5667 [1] pc=[0000000080000796] W[r 0=0000000000000000][0] R[r12=0000000000000030] R[r 0=0000000000000000] inst=[0000fe65] c.bnez  a2, pc - 8
C0:       5668 [1] pc=[000000008000078e] W[r 0=0000000000000000][0] R[r 6=0000000080002620] R[r11=0000000000000000] inst=[00b30023] sb      a1, 0(t1)
C0:       5669 [1] pc=[0000000080000792] W[r12=000000000000002f][1] R[r12=0000000000000030] R[r 0=0000000000000000] inst=[0000167d] c.addi  a2, -1
C0:       5670 [1] pc=[0000000080000794] W[r 6=0000000080002621][1] R[r 6=0000000080002620] R[r 0=0000000000000000] inst=[00000305] c.addi  t1, 1
C0:       5671 [1] pc=[0000000080000796] W[r 0=0000000000000000][0] R[r12=000000000000002f] R[r 0=0000000000000000] inst=[0000fe65] c.bnez  a2, pc - 8
C0:       5672 [1] pc=[000000008000078e] W[r 0=0000000000000000][0] R[r 6=0000000080002621] R[r11=0000000000000000] inst=[00b30023] sb      a1, 0(t1)
C0:       5673 [1] pc=[0000000080000792] W[r12=000000000000002e][1] R[r12=000000000000002f] R[r 0=0000000000000000] inst=[0000167d] c.addi  a2, -1
C0:       5674 [1] pc=[0000000080000794] W[r 6=0000000080002622][1] R[r 6=0000000080002621] R[r 0=0000000000000000] inst=[00000305] c.addi  t1, 1
C0:       5675 [1] pc=[0000000080000796] W[r 0=0000000000000000][0] R[r12=000000000000002e] R[r 0=0000000000000000] inst=[0000fe65] c.bnez  a2, pc - 8
C0:       5676 [1] pc=[000000008000078e] W[r 0=0000000000000000][0] R[r 6=0000000080002622] R[r11=0000000000000000] inst=[00b30023] sb      a1, 0(t1)
C0:       5677 [1] pc=[0000000080000792] W[r12=000000000000002d][1] R[r12=000000000000002e] R[r 0=0000000000000000] inst=[0000167d] c.addi  a2, -1
C0:       5678 [1] pc=[0000000080000794] W[r 6=0000000080002623][1] R[r 6=0000000080002622] R[r 0=0000000000000000] inst=[00000305] c.addi  t1, 1
C0:       5679 [1] pc=[0000000080000796] W[r 0=0000000000000000][0] R[r12=000000000000002d] R[r 0=0000000000000000] inst=[0000fe65] c.bnez  a2, pc - 8
C0:       5680 [1] pc=[000000008000078e] W[r 0=0000000000000000][0] R[r 6=0000000080002623] R[r11=0000000000000000] inst=[00b30023] sb      a1, 0(t1)
C0:       5681 [1] pc=[0000000080000792] W[r12=000000000000002c][1] R[r12=000000000000002d] R[r 0=0000000000000000] inst=[0000167d] c.addi  a2, -1
C0:       5682 [1] pc=[0000000080000794] W[r 6=0000000080002624][1] R[r 6=0000000080002623] R[r 0=0000000000000000] inst=[00000305] c.addi  t1, 1
C0:       5683 [1] pc=[0000000080000796] W[r 0=0000000000000000][0] R[r12=000000000000002c] R[r 0=0000000000000000] inst=[0000fe65] c.bnez  a2, pc - 8
C0:       5684 [1] pc=[000000008000078e] W[r 0=0000000000000000][0] R[r 6=0000000080002624] R[r11=0000000000000000] inst=[00b30023] sb      a1, 0(t1)
C0:       5685 [1] pc=[0000000080000792] W[r12=000000000000002b][1] R[r12=000000000000002c] R[r 0=0000000000000000] inst=[0000167d] c.addi  a2, -1
C0:       5686 [1] pc=[0000000080000794] W[r 6=0000000080002625][1] R[r 6=0000000080002624] R[r 0=0000000000000000] inst=[00000305] c.addi  t1, 1
C0:       5687 [1] pc=[0000000080000796] W[r 0=0000000000000000][0] R[r12=000000000000002b] R[r 0=0000000000000000] inst=[0000fe65] c.bnez  a2, pc - 8
C0:       5688 [1] pc=[000000008000078e] W[r 0=0000000000000000][0] R[r 6=0000000080002625] R[r11=0000000000000000] inst=[00b30023] sb      a1, 0(t1)
C0:       5689 [1] pc=[0000000080000792] W[r12=000000000000002a][1] R[r12=000000000000002b] R[r 0=0000000000000000] inst=[0000167d] c.addi  a2, -1
C0:       5690 [1] pc=[0000000080000794] W[r 6=0000000080002626][1] R[r 6=0000000080002625] R[r 0=0000000000000000] inst=[00000305] c.addi  t1, 1
C0:       5691 [1] pc=[0000000080000796] W[r 0=0000000000000000][0] R[r12=000000000000002a] R[r 0=0000000000000000] inst=[0000fe65] c.bnez  a2, pc - 8
C0:       5692 [1] pc=[000000008000078e] W[r 0=0000000000000000][0] R[r 6=0000000080002626] R[r11=0000000000000000] inst=[00b30023] sb      a1, 0(t1)
C0:       5693 [1] pc=[0000000080000792] W[r12=0000000000000029][1] R[r12=000000000000002a] R[r 0=0000000000000000] inst=[0000167d] c.addi  a2, -1
C0:       5694 [1] pc=[0000000080000794] W[r 6=0000000080002627][1] R[r 6=0000000080002626] R[r 0=0000000000000000] inst=[00000305] c.addi  t1, 1
C0:       5695 [1] pc=[0000000080000796] W[r 0=0000000000000000][0] R[r12=0000000000000029] R[r 0=0000000000000000] inst=[0000fe65] c.bnez  a2, pc - 8
C0:       5696 [1] pc=[000000008000078e] W[r 0=0000000000000000][0] R[r 6=0000000080002627] R[r11=0000000000000000] inst=[00b30023] sb      a1, 0(t1)
C0:       5697 [1] pc=[0000000080000792] W[r12=0000000000000028][1] R[r12=0000000000000029] R[r 0=0000000000000000] inst=[0000167d] c.addi  a2, -1
C0:       5698 [1] pc=[0000000080000794] W[r 6=0000000080002628][1] R[r 6=0000000080002627] R[r 0=0000000000000000] inst=[00000305] c.addi  t1, 1
C0:       5699 [1] pc=[0000000080000796] W[r 0=0000000000000000][0] R[r12=0000000000000028] R[r 0=0000000000000000] inst=[0000fe65] c.bnez  a2, pc - 8
C0:       5700 [1] pc=[000000008000078e] W[r 0=0000000000000000][0] R[r 6=0000000080002628] R[r11=0000000000000000] inst=[00b30023] sb      a1, 0(t1)
C0:       5701 [1] pc=[0000000080000792] W[r12=0000000000000027][1] R[r12=0000000000000028] R[r 0=0000000000000000] inst=[0000167d] c.addi  a2, -1
C0:       5702 [1] pc=[0000000080000794] W[r 6=0000000080002629][1] R[r 6=0000000080002628] R[r 0=0000000000000000] inst=[00000305] c.addi  t1, 1
C0:       5703 [1] pc=[0000000080000796] W[r 0=0000000000000000][0] R[r12=0000000000000027] R[r 0=0000000000000000] inst=[0000fe65] c.bnez  a2, pc - 8
C0:       5704 [1] pc=[000000008000078e] W[r 0=0000000000000000][0] R[r 6=0000000080002629] R[r11=0000000000000000] inst=[00b30023] sb      a1, 0(t1)
C0:       5705 [1] pc=[0000000080000792] W[r12=0000000000000026][1] R[r12=0000000000000027] R[r 0=0000000000000000] inst=[0000167d] c.addi  a2, -1
C0:       5706 [1] pc=[0000000080000794] W[r 6=000000008000262a][1] R[r 6=0000000080002629] R[r 0=0000000000000000] inst=[00000305] c.addi  t1, 1
C0:       5707 [1] pc=[0000000080000796] W[r 0=0000000000000000][0] R[r12=0000000000000026] R[r 0=0000000000000000] inst=[0000fe65] c.bnez  a2, pc - 8
C0:       5708 [1] pc=[000000008000078e] W[r 0=0000000000000000][0] R[r 6=000000008000262a] R[r11=0000000000000000] inst=[00b30023] sb      a1, 0(t1)
C0:       5709 [1] pc=[0000000080000792] W[r12=0000000000000025][1] R[r12=0000000000000026] R[r 0=0000000000000000] inst=[0000167d] c.addi  a2, -1
C0:       5710 [1] pc=[0000000080000794] W[r 6=000000008000262b][1] R[r 6=000000008000262a] R[r 0=0000000000000000] inst=[00000305] c.addi  t1, 1
C0:       5711 [1] pc=[0000000080000796] W[r 0=0000000000000000][0] R[r12=0000000000000025] R[r 0=0000000000000000] inst=[0000fe65] c.bnez  a2, pc - 8
C0:       5712 [1] pc=[000000008000078e] W[r 0=0000000000000000][0] R[r 6=000000008000262b] R[r11=0000000000000000] inst=[00b30023] sb      a1, 0(t1)
C0:       5713 [1] pc=[0000000080000792] W[r12=0000000000000024][1] R[r12=0000000000000025] R[r 0=0000000000000000] inst=[0000167d] c.addi  a2, -1
C0:       5714 [1] pc=[0000000080000794] W[r 6=000000008000262c][1] R[r 6=000000008000262b] R[r 0=0000000000000000] inst=[00000305] c.addi  t1, 1
C0:       5715 [1] pc=[0000000080000796] W[r 0=0000000000000000][0] R[r12=0000000000000024] R[r 0=0000000000000000] inst=[0000fe65] c.bnez  a2, pc - 8
C0:       5716 [1] pc=[000000008000078e] W[r 0=0000000000000000][0] R[r 6=000000008000262c] R[r11=0000000000000000] inst=[00b30023] sb      a1, 0(t1)
C0:       5717 [1] pc=[0000000080000792] W[r12=0000000000000023][1] R[r12=0000000000000024] R[r 0=0000000000000000] inst=[0000167d] c.addi  a2, -1
C0:       5718 [1] pc=[0000000080000794] W[r 6=000000008000262d][1] R[r 6=000000008000262c] R[r 0=0000000000000000] inst=[00000305] c.addi  t1, 1
C0:       5719 [1] pc=[0000000080000796] W[r 0=0000000000000000][0] R[r12=0000000000000023] R[r 0=0000000000000000] inst=[0000fe65] c.bnez  a2, pc - 8
C0:       5720 [1] pc=[000000008000078e] W[r 0=0000000000000000][0] R[r 6=000000008000262d] R[r11=0000000000000000] inst=[00b30023] sb      a1, 0(t1)
C0:       5721 [1] pc=[0000000080000792] W[r12=0000000000000022][1] R[r12=0000000000000023] R[r 0=0000000000000000] inst=[0000167d] c.addi  a2, -1
C0:       5722 [1] pc=[0000000080000794] W[r 6=000000008000262e][1] R[r 6=000000008000262d] R[r 0=0000000000000000] inst=[00000305] c.addi  t1, 1
C0:       5723 [1] pc=[0000000080000796] W[r 0=0000000000000000][0] R[r12=0000000000000022] R[r 0=0000000000000000] inst=[0000fe65] c.bnez  a2, pc - 8
C0:       5724 [1] pc=[000000008000078e] W[r 0=0000000000000000][0] R[r 6=000000008000262e] R[r11=0000000000000000] inst=[00b30023] sb      a1, 0(t1)
C0:       5725 [1] pc=[0000000080000792] W[r12=0000000000000021][1] R[r12=0000000000000022] R[r 0=0000000000000000] inst=[0000167d] c.addi  a2, -1
C0:       5726 [1] pc=[0000000080000794] W[r 6=000000008000262f][1] R[r 6=000000008000262e] R[r 0=0000000000000000] inst=[00000305] c.addi  t1, 1
C0:       5727 [1] pc=[0000000080000796] W[r 0=0000000000000000][0] R[r12=0000000000000021] R[r 0=0000000000000000] inst=[0000fe65] c.bnez  a2, pc - 8
C0:       5728 [1] pc=[000000008000078e] W[r 0=0000000000000000][0] R[r 6=000000008000262f] R[r11=0000000000000000] inst=[00b30023] sb      a1, 0(t1)
C0:       5729 [1] pc=[0000000080000792] W[r12=0000000000000020][1] R[r12=0000000000000021] R[r 0=0000000000000000] inst=[0000167d] c.addi  a2, -1
C0:       5730 [1] pc=[0000000080000794] W[r 6=0000000080002630][1] R[r 6=000000008000262f] R[r 0=0000000000000000] inst=[00000305] c.addi  t1, 1
C0:       5731 [1] pc=[0000000080000796] W[r 0=0000000000000000][0] R[r12=0000000000000020] R[r 0=0000000000000000] inst=[0000fe65] c.bnez  a2, pc - 8
C0:       5732 [1] pc=[000000008000078e] W[r 0=0000000000000000][0] R[r 6=0000000080002630] R[r11=0000000000000000] inst=[00b30023] sb      a1, 0(t1)
C0:       5733 [1] pc=[0000000080000792] W[r12=000000000000001f][1] R[r12=0000000000000020] R[r 0=0000000000000000] inst=[0000167d] c.addi  a2, -1
C0:       5734 [1] pc=[0000000080000794] W[r 6=0000000080002631][1] R[r 6=0000000080002630] R[r 0=0000000000000000] inst=[00000305] c.addi  t1, 1
C0:       5735 [1] pc=[0000000080000796] W[r 0=0000000000000000][0] R[r12=000000000000001f] R[r 0=0000000000000000] inst=[0000fe65] c.bnez  a2, pc - 8
C0:       5736 [1] pc=[000000008000078e] W[r 0=0000000000000000][0] R[r 6=0000000080002631] R[r11=0000000000000000] inst=[00b30023] sb      a1, 0(t1)
C0:       5737 [1] pc=[0000000080000792] W[r12=000000000000001e][1] R[r12=000000000000001f] R[r 0=0000000000000000] inst=[0000167d] c.addi  a2, -1
C0:       5738 [1] pc=[0000000080000794] W[r 6=0000000080002632][1] R[r 6=0000000080002631] R[r 0=0000000000000000] inst=[00000305] c.addi  t1, 1
C0:       5739 [1] pc=[0000000080000796] W[r 0=0000000000000000][0] R[r12=000000000000001e] R[r 0=0000000000000000] inst=[0000fe65] c.bnez  a2, pc - 8
C0:       5740 [1] pc=[000000008000078e] W[r 0=0000000000000000][0] R[r 6=0000000080002632] R[r11=0000000000000000] inst=[00b30023] sb      a1, 0(t1)
C0:       5741 [1] pc=[0000000080000792] W[r12=000000000000001d][1] R[r12=000000000000001e] R[r 0=0000000000000000] inst=[0000167d] c.addi  a2, -1
C0:       5742 [1] pc=[0000000080000794] W[r 6=0000000080002633][1] R[r 6=0000000080002632] R[r 0=0000000000000000] inst=[00000305] c.addi  t1, 1
C0:       5743 [1] pc=[0000000080000796] W[r 0=0000000000000000][0] R[r12=000000000000001d] R[r 0=0000000000000000] inst=[0000fe65] c.bnez  a2, pc - 8
C0:       5744 [1] pc=[000000008000078e] W[r 0=0000000000000000][0] R[r 6=0000000080002633] R[r11=0000000000000000] inst=[00b30023] sb      a1, 0(t1)
C0:       5745 [1] pc=[0000000080000792] W[r12=000000000000001c][1] R[r12=000000000000001d] R[r 0=0000000000000000] inst=[0000167d] c.addi  a2, -1
C0:       5746 [1] pc=[0000000080000794] W[r 6=0000000080002634][1] R[r 6=0000000080002633] R[r 0=0000000000000000] inst=[00000305] c.addi  t1, 1
C0:       5747 [1] pc=[0000000080000796] W[r 0=0000000000000000][0] R[r12=000000000000001c] R[r 0=0000000000000000] inst=[0000fe65] c.bnez  a2, pc - 8
C0:       5748 [1] pc=[000000008000078e] W[r 0=0000000000000000][0] R[r 6=0000000080002634] R[r11=0000000000000000] inst=[00b30023] sb      a1, 0(t1)
C0:       5749 [1] pc=[0000000080000792] W[r12=000000000000001b][1] R[r12=000000000000001c] R[r 0=0000000000000000] inst=[0000167d] c.addi  a2, -1
C0:       5750 [1] pc=[0000000080000794] W[r 6=0000000080002635][1] R[r 6=0000000080002634] R[r 0=0000000000000000] inst=[00000305] c.addi  t1, 1
C0:       5751 [1] pc=[0000000080000796] W[r 0=0000000000000000][0] R[r12=000000000000001b] R[r 0=0000000000000000] inst=[0000fe65] c.bnez  a2, pc - 8
C0:       5752 [1] pc=[000000008000078e] W[r 0=0000000000000000][0] R[r 6=0000000080002635] R[r11=0000000000000000] inst=[00b30023] sb      a1, 0(t1)
C0:       5753 [1] pc=[0000000080000792] W[r12=000000000000001a][1] R[r12=000000000000001b] R[r 0=0000000000000000] inst=[0000167d] c.addi  a2, -1
C0:       5754 [1] pc=[0000000080000794] W[r 6=0000000080002636][1] R[r 6=0000000080002635] R[r 0=0000000000000000] inst=[00000305] c.addi  t1, 1
C0:       5755 [1] pc=[0000000080000796] W[r 0=0000000000000000][0] R[r12=000000000000001a] R[r 0=0000000000000000] inst=[0000fe65] c.bnez  a2, pc - 8
C0:       5756 [1] pc=[000000008000078e] W[r 0=0000000000000000][0] R[r 6=0000000080002636] R[r11=0000000000000000] inst=[00b30023] sb      a1, 0(t1)
C0:       5757 [1] pc=[0000000080000792] W[r12=0000000000000019][1] R[r12=000000000000001a] R[r 0=0000000000000000] inst=[0000167d] c.addi  a2, -1
C0:       5758 [1] pc=[0000000080000794] W[r 6=0000000080002637][1] R[r 6=0000000080002636] R[r 0=0000000000000000] inst=[00000305] c.addi  t1, 1
C0:       5759 [1] pc=[0000000080000796] W[r 0=0000000000000000][0] R[r12=0000000000000019] R[r 0=0000000000000000] inst=[0000fe65] c.bnez  a2, pc - 8
C0:       5760 [1] pc=[000000008000078e] W[r 0=0000000000000000][0] R[r 6=0000000080002637] R[r11=0000000000000000] inst=[00b30023] sb      a1, 0(t1)
C0:       5761 [1] pc=[0000000080000792] W[r12=0000000000000018][1] R[r12=0000000000000019] R[r 0=0000000000000000] inst=[0000167d] c.addi  a2, -1
C0:       5762 [1] pc=[0000000080000794] W[r 6=0000000080002638][1] R[r 6=0000000080002637] R[r 0=0000000000000000] inst=[00000305] c.addi  t1, 1
C0:       5763 [1] pc=[0000000080000796] W[r 0=0000000000000000][0] R[r12=0000000000000018] R[r 0=0000000000000000] inst=[0000fe65] c.bnez  a2, pc - 8
C0:       5764 [1] pc=[000000008000078e] W[r 0=0000000000000000][0] R[r 6=0000000080002638] R[r11=0000000000000000] inst=[00b30023] sb      a1, 0(t1)
C0:       5765 [1] pc=[0000000080000792] W[r12=0000000000000017][1] R[r12=0000000000000018] R[r 0=0000000000000000] inst=[0000167d] c.addi  a2, -1
C0:       5766 [1] pc=[0000000080000794] W[r 6=0000000080002639][1] R[r 6=0000000080002638] R[r 0=0000000000000000] inst=[00000305] c.addi  t1, 1
C0:       5767 [1] pc=[0000000080000796] W[r 0=0000000000000000][0] R[r12=0000000000000017] R[r 0=0000000000000000] inst=[0000fe65] c.bnez  a2, pc - 8
C0:       5768 [1] pc=[000000008000078e] W[r 0=0000000000000000][0] R[r 6=0000000080002639] R[r11=0000000000000000] inst=[00b30023] sb      a1, 0(t1)
C0:       5769 [1] pc=[0000000080000792] W[r12=0000000000000016][1] R[r12=0000000000000017] R[r 0=0000000000000000] inst=[0000167d] c.addi  a2, -1
C0:       5770 [1] pc=[0000000080000794] W[r 6=000000008000263a][1] R[r 6=0000000080002639] R[r 0=0000000000000000] inst=[00000305] c.addi  t1, 1
C0:       5771 [1] pc=[0000000080000796] W[r 0=0000000000000000][0] R[r12=0000000000000016] R[r 0=0000000000000000] inst=[0000fe65] c.bnez  a2, pc - 8
C0:       5772 [1] pc=[000000008000078e] W[r 0=0000000000000000][0] R[r 6=000000008000263a] R[r11=0000000000000000] inst=[00b30023] sb      a1, 0(t1)
C0:       5773 [1] pc=[0000000080000792] W[r12=0000000000000015][1] R[r12=0000000000000016] R[r 0=0000000000000000] inst=[0000167d] c.addi  a2, -1
C0:       5774 [1] pc=[0000000080000794] W[r 6=000000008000263b][1] R[r 6=000000008000263a] R[r 0=0000000000000000] inst=[00000305] c.addi  t1, 1
C0:       5775 [1] pc=[0000000080000796] W[r 0=0000000000000000][0] R[r12=0000000000000015] R[r 0=0000000000000000] inst=[0000fe65] c.bnez  a2, pc - 8
C0:       5776 [1] pc=[000000008000078e] W[r 0=0000000000000000][0] R[r 6=000000008000263b] R[r11=0000000000000000] inst=[00b30023] sb      a1, 0(t1)
C0:       5777 [1] pc=[0000000080000792] W[r12=0000000000000014][1] R[r12=0000000000000015] R[r 0=0000000000000000] inst=[0000167d] c.addi  a2, -1
C0:       5778 [1] pc=[0000000080000794] W[r 6=000000008000263c][1] R[r 6=000000008000263b] R[r 0=0000000000000000] inst=[00000305] c.addi  t1, 1
C0:       5779 [1] pc=[0000000080000796] W[r 0=0000000000000000][0] R[r12=0000000000000014] R[r 0=0000000000000000] inst=[0000fe65] c.bnez  a2, pc - 8
C0:       5780 [1] pc=[000000008000078e] W[r 0=0000000000000000][0] R[r 6=000000008000263c] R[r11=0000000000000000] inst=[00b30023] sb      a1, 0(t1)
C0:       5781 [1] pc=[0000000080000792] W[r12=0000000000000013][1] R[r12=0000000000000014] R[r 0=0000000000000000] inst=[0000167d] c.addi  a2, -1
C0:       5782 [1] pc=[0000000080000794] W[r 6=000000008000263d][1] R[r 6=000000008000263c] R[r 0=0000000000000000] inst=[00000305] c.addi  t1, 1
C0:       5783 [1] pc=[0000000080000796] W[r 0=0000000000000000][0] R[r12=0000000000000013] R[r 0=0000000000000000] inst=[0000fe65] c.bnez  a2, pc - 8
C0:       5784 [1] pc=[000000008000078e] W[r 0=0000000000000000][0] R[r 6=000000008000263d] R[r11=0000000000000000] inst=[00b30023] sb      a1, 0(t1)
C0:       5785 [1] pc=[0000000080000792] W[r12=0000000000000012][1] R[r12=0000000000000013] R[r 0=0000000000000000] inst=[0000167d] c.addi  a2, -1
C0:       5786 [1] pc=[0000000080000794] W[r 6=000000008000263e][1] R[r 6=000000008000263d] R[r 0=0000000000000000] inst=[00000305] c.addi  t1, 1
C0:       5787 [1] pc=[0000000080000796] W[r 0=0000000000000000][0] R[r12=0000000000000012] R[r 0=0000000000000000] inst=[0000fe65] c.bnez  a2, pc - 8
C0:       5788 [1] pc=[000000008000078e] W[r 0=0000000000000000][0] R[r 6=000000008000263e] R[r11=0000000000000000] inst=[00b30023] sb      a1, 0(t1)
C0:       5789 [1] pc=[0000000080000792] W[r12=0000000000000011][1] R[r12=0000000000000012] R[r 0=0000000000000000] inst=[0000167d] c.addi  a2, -1
C0:       5790 [1] pc=[0000000080000794] W[r 6=000000008000263f][1] R[r 6=000000008000263e] R[r 0=0000000000000000] inst=[00000305] c.addi  t1, 1
C0:       5791 [1] pc=[0000000080000796] W[r 0=0000000000000000][0] R[r12=0000000000000011] R[r 0=0000000000000000] inst=[0000fe65] c.bnez  a2, pc - 8
C0:       5792 [1] pc=[000000008000078e] W[r 0=0000000000000000][0] R[r 6=000000008000263f] R[r11=0000000000000000] inst=[00b30023] sb      a1, 0(t1)
C0:       5793 [1] pc=[0000000080000792] W[r12=0000000000000010][1] R[r12=0000000000000011] R[r 0=0000000000000000] inst=[0000167d] c.addi  a2, -1
C0:       5794 [1] pc=[0000000080000794] W[r 6=0000000080002640][1] R[r 6=000000008000263f] R[r 0=0000000000000000] inst=[00000305] c.addi  t1, 1
C0:       5795 [1] pc=[0000000080000796] W[r 0=0000000000000000][0] R[r12=0000000000000010] R[r 0=0000000000000000] inst=[0000fe65] c.bnez  a2, pc - 8
C0:       5822 [1] pc=[000000008000078e] W[r 0=0000000000000000][0] R[r 6=0000000080002640] R[r11=0000000000000000] inst=[00b30023] sb      a1, 0(t1)
C0:       5823 [1] pc=[0000000080000792] W[r12=000000000000000f][1] R[r12=0000000000000010] R[r 0=0000000000000000] inst=[0000167d] c.addi  a2, -1
C0:       5824 [1] pc=[0000000080000794] W[r 6=0000000080002641][1] R[r 6=0000000080002640] R[r 0=0000000000000000] inst=[00000305] c.addi  t1, 1
C0:       5825 [1] pc=[0000000080000796] W[r 0=0000000000000000][0] R[r12=000000000000000f] R[r 0=0000000000000000] inst=[0000fe65] c.bnez  a2, pc - 8
C0:       5826 [1] pc=[000000008000078e] W[r 0=0000000000000000][0] R[r 6=0000000080002641] R[r11=0000000000000000] inst=[00b30023] sb      a1, 0(t1)
C0:       5827 [1] pc=[0000000080000792] W[r12=000000000000000e][1] R[r12=000000000000000f] R[r 0=0000000000000000] inst=[0000167d] c.addi  a2, -1
C0:       5828 [1] pc=[0000000080000794] W[r 6=0000000080002642][1] R[r 6=0000000080002641] R[r 0=0000000000000000] inst=[00000305] c.addi  t1, 1
C0:       5829 [1] pc=[0000000080000796] W[r 0=0000000000000000][0] R[r12=000000000000000e] R[r 0=0000000000000000] inst=[0000fe65] c.bnez  a2, pc - 8
C0:       5830 [1] pc=[000000008000078e] W[r 0=0000000000000000][0] R[r 6=0000000080002642] R[r11=0000000000000000] inst=[00b30023] sb      a1, 0(t1)
C0:       5831 [1] pc=[0000000080000792] W[r12=000000000000000d][1] R[r12=000000000000000e] R[r 0=0000000000000000] inst=[0000167d] c.addi  a2, -1
C0:       5832 [1] pc=[0000000080000794] W[r 6=0000000080002643][1] R[r 6=0000000080002642] R[r 0=0000000000000000] inst=[00000305] c.addi  t1, 1
C0:       5833 [1] pc=[0000000080000796] W[r 0=0000000000000000][0] R[r12=000000000000000d] R[r 0=0000000000000000] inst=[0000fe65] c.bnez  a2, pc - 8
C0:       5834 [1] pc=[000000008000078e] W[r 0=0000000000000000][0] R[r 6=0000000080002643] R[r11=0000000000000000] inst=[00b30023] sb      a1, 0(t1)
C0:       5835 [1] pc=[0000000080000792] W[r12=000000000000000c][1] R[r12=000000000000000d] R[r 0=0000000000000000] inst=[0000167d] c.addi  a2, -1
C0:       5836 [1] pc=[0000000080000794] W[r 6=0000000080002644][1] R[r 6=0000000080002643] R[r 0=0000000000000000] inst=[00000305] c.addi  t1, 1
C0:       5837 [1] pc=[0000000080000796] W[r 0=0000000000000000][0] R[r12=000000000000000c] R[r 0=0000000000000000] inst=[0000fe65] c.bnez  a2, pc - 8
C0:       5838 [1] pc=[000000008000078e] W[r 0=0000000000000000][0] R[r 6=0000000080002644] R[r11=0000000000000000] inst=[00b30023] sb      a1, 0(t1)
C0:       5839 [1] pc=[0000000080000792] W[r12=000000000000000b][1] R[r12=000000000000000c] R[r 0=0000000000000000] inst=[0000167d] c.addi  a2, -1
C0:       5840 [1] pc=[0000000080000794] W[r 6=0000000080002645][1] R[r 6=0000000080002644] R[r 0=0000000000000000] inst=[00000305] c.addi  t1, 1
C0:       5841 [1] pc=[0000000080000796] W[r 0=0000000000000000][0] R[r12=000000000000000b] R[r 0=0000000000000000] inst=[0000fe65] c.bnez  a2, pc - 8
C0:       5842 [1] pc=[000000008000078e] W[r 0=0000000000000000][0] R[r 6=0000000080002645] R[r11=0000000000000000] inst=[00b30023] sb      a1, 0(t1)
C0:       5843 [1] pc=[0000000080000792] W[r12=000000000000000a][1] R[r12=000000000000000b] R[r 0=0000000000000000] inst=[0000167d] c.addi  a2, -1
C0:       5844 [1] pc=[0000000080000794] W[r 6=0000000080002646][1] R[r 6=0000000080002645] R[r 0=0000000000000000] inst=[00000305] c.addi  t1, 1
C0:       5845 [1] pc=[0000000080000796] W[r 0=0000000000000000][0] R[r12=000000000000000a] R[r 0=0000000000000000] inst=[0000fe65] c.bnez  a2, pc - 8
C0:       5846 [1] pc=[000000008000078e] W[r 0=0000000000000000][0] R[r 6=0000000080002646] R[r11=0000000000000000] inst=[00b30023] sb      a1, 0(t1)
C0:       5847 [1] pc=[0000000080000792] W[r12=0000000000000009][1] R[r12=000000000000000a] R[r 0=0000000000000000] inst=[0000167d] c.addi  a2, -1
C0:       5848 [1] pc=[0000000080000794] W[r 6=0000000080002647][1] R[r 6=0000000080002646] R[r 0=0000000000000000] inst=[00000305] c.addi  t1, 1
C0:       5849 [1] pc=[0000000080000796] W[r 0=0000000000000000][0] R[r12=0000000000000009] R[r 0=0000000000000000] inst=[0000fe65] c.bnez  a2, pc - 8
C0:       5850 [1] pc=[000000008000078e] W[r 0=0000000000000000][0] R[r 6=0000000080002647] R[r11=0000000000000000] inst=[00b30023] sb      a1, 0(t1)
C0:       5851 [1] pc=[0000000080000792] W[r12=0000000000000008][1] R[r12=0000000000000009] R[r 0=0000000000000000] inst=[0000167d] c.addi  a2, -1
C0:       5852 [1] pc=[0000000080000794] W[r 6=0000000080002648][1] R[r 6=0000000080002647] R[r 0=0000000000000000] inst=[00000305] c.addi  t1, 1
C0:       5853 [1] pc=[0000000080000796] W[r 0=0000000000000000][0] R[r12=0000000000000008] R[r 0=0000000000000000] inst=[0000fe65] c.bnez  a2, pc - 8
C0:       5854 [1] pc=[000000008000078e] W[r 0=0000000000000000][0] R[r 6=0000000080002648] R[r11=0000000000000000] inst=[00b30023] sb      a1, 0(t1)
C0:       5855 [1] pc=[0000000080000792] W[r12=0000000000000007][1] R[r12=0000000000000008] R[r 0=0000000000000000] inst=[0000167d] c.addi  a2, -1
C0:       5856 [1] pc=[0000000080000794] W[r 6=0000000080002649][1] R[r 6=0000000080002648] R[r 0=0000000000000000] inst=[00000305] c.addi  t1, 1
C0:       5857 [1] pc=[0000000080000796] W[r 0=0000000000000000][0] R[r12=0000000000000007] R[r 0=0000000000000000] inst=[0000fe65] c.bnez  a2, pc - 8
C0:       5858 [1] pc=[000000008000078e] W[r 0=0000000000000000][0] R[r 6=0000000080002649] R[r11=0000000000000000] inst=[00b30023] sb      a1, 0(t1)
C0:       5859 [1] pc=[0000000080000792] W[r12=0000000000000006][1] R[r12=0000000000000007] R[r 0=0000000000000000] inst=[0000167d] c.addi  a2, -1
C0:       5860 [1] pc=[0000000080000794] W[r 6=000000008000264a][1] R[r 6=0000000080002649] R[r 0=0000000000000000] inst=[00000305] c.addi  t1, 1
C0:       5861 [1] pc=[0000000080000796] W[r 0=0000000000000000][0] R[r12=0000000000000006] R[r 0=0000000000000000] inst=[0000fe65] c.bnez  a2, pc - 8
C0:       5862 [1] pc=[000000008000078e] W[r 0=0000000000000000][0] R[r 6=000000008000264a] R[r11=0000000000000000] inst=[00b30023] sb      a1, 0(t1)
C0:       5863 [1] pc=[0000000080000792] W[r12=0000000000000005][1] R[r12=0000000000000006] R[r 0=0000000000000000] inst=[0000167d] c.addi  a2, -1
C0:       5864 [1] pc=[0000000080000794] W[r 6=000000008000264b][1] R[r 6=000000008000264a] R[r 0=0000000000000000] inst=[00000305] c.addi  t1, 1
C0:       5865 [1] pc=[0000000080000796] W[r 0=0000000000000000][0] R[r12=0000000000000005] R[r 0=0000000000000000] inst=[0000fe65] c.bnez  a2, pc - 8
C0:       5866 [1] pc=[000000008000078e] W[r 0=0000000000000000][0] R[r 6=000000008000264b] R[r11=0000000000000000] inst=[00b30023] sb      a1, 0(t1)
C0:       5867 [1] pc=[0000000080000792] W[r12=0000000000000004][1] R[r12=0000000000000005] R[r 0=0000000000000000] inst=[0000167d] c.addi  a2, -1
C0:       5868 [1] pc=[0000000080000794] W[r 6=000000008000264c][1] R[r 6=000000008000264b] R[r 0=0000000000000000] inst=[00000305] c.addi  t1, 1
C0:       5869 [1] pc=[0000000080000796] W[r 0=0000000000000000][0] R[r12=0000000000000004] R[r 0=0000000000000000] inst=[0000fe65] c.bnez  a2, pc - 8
C0:       5870 [1] pc=[000000008000078e] W[r 0=0000000000000000][0] R[r 6=000000008000264c] R[r11=0000000000000000] inst=[00b30023] sb      a1, 0(t1)
C0:       5871 [1] pc=[0000000080000792] W[r12=0000000000000003][1] R[r12=0000000000000004] R[r 0=0000000000000000] inst=[0000167d] c.addi  a2, -1
C0:       5872 [1] pc=[0000000080000794] W[r 6=000000008000264d][1] R[r 6=000000008000264c] R[r 0=0000000000000000] inst=[00000305] c.addi  t1, 1
C0:       5873 [1] pc=[0000000080000796] W[r 0=0000000000000000][0] R[r12=0000000000000003] R[r 0=0000000000000000] inst=[0000fe65] c.bnez  a2, pc - 8
C0:       5874 [1] pc=[000000008000078e] W[r 0=0000000000000000][0] R[r 6=000000008000264d] R[r11=0000000000000000] inst=[00b30023] sb      a1, 0(t1)
C0:       5875 [1] pc=[0000000080000792] W[r12=0000000000000002][1] R[r12=0000000000000003] R[r 0=0000000000000000] inst=[0000167d] c.addi  a2, -1
C0:       5876 [1] pc=[0000000080000794] W[r 6=000000008000264e][1] R[r 6=000000008000264d] R[r 0=0000000000000000] inst=[00000305] c.addi  t1, 1
C0:       5877 [1] pc=[0000000080000796] W[r 0=0000000000000000][0] R[r12=0000000000000002] R[r 0=0000000000000000] inst=[0000fe65] c.bnez  a2, pc - 8
C0:       5878 [1] pc=[000000008000078e] W[r 0=0000000000000000][0] R[r 6=000000008000264e] R[r11=0000000000000000] inst=[00b30023] sb      a1, 0(t1)
C0:       5879 [1] pc=[0000000080000792] W[r12=0000000000000001][1] R[r12=0000000000000002] R[r 0=0000000000000000] inst=[0000167d] c.addi  a2, -1
C0:       5880 [1] pc=[0000000080000794] W[r 6=000000008000264f][1] R[r 6=000000008000264e] R[r 0=0000000000000000] inst=[00000305] c.addi  t1, 1
C0:       5881 [1] pc=[0000000080000796] W[r 0=0000000000000000][0] R[r12=0000000000000001] R[r 0=0000000000000000] inst=[0000fe65] c.bnez  a2, pc - 8
C0:       5882 [1] pc=[000000008000078e] W[r 0=0000000000000000][0] R[r 6=000000008000264f] R[r11=0000000000000000] inst=[00b30023] sb      a1, 0(t1)
C0:       5883 [1] pc=[0000000080000792] W[r12=0000000000000000][1] R[r12=0000000000000001] R[r 0=0000000000000000] inst=[0000167d] c.addi  a2, -1
C0:       5884 [1] pc=[0000000080000794] W[r 6=0000000080002650][1] R[r 6=000000008000264f] R[r 0=0000000000000000] inst=[00000305] c.addi  t1, 1
C0:       5885 [1] pc=[0000000080000796] W[r 0=0000000000000000][0] R[r12=0000000000000000] R[r 0=0000000000000000] inst=[0000fe65] c.bnez  a2, pc - 8
C0:       5889 [1] pc=[0000000080000798] W[r 0=000000008000079a][1] R[r 1=0000000080000562] R[r 0=0000000000000000] inst=[00008082] ret
C0:       5890 [1] pc=[0000000080000562] W[r 1=0000000080000680][1] R[r 2=000000008002aee0] R[r 0=0000000000000000] inst=[000060e2] c.ldsp  ra, 24(sp)
C0:       5891 [1] pc=[0000000080000564] W[r10=0000000080002378][1] R[r 0=0000000000000000] R[r 8=0000000080002378] inst=[00008522] c.mv    a0, s0
C0:       5892 [1] pc=[0000000080000566] W[r 8=0000000000000000][1] R[r 2=000000008002aee0] R[r 0=0000000000000000] inst=[00006442] c.ldsp  s0, 16(sp)
C0:       5893 [1] pc=[0000000080000568] W[r 9=00000000800021d0][1] R[r 2=000000008002aee0] R[r 0=0000000000000000] inst=[000064a2] c.ldsp  s1, 8(sp)
C0:       5894 [1] pc=[000000008000056a] W[r18=0000000080002150][1] R[r 2=000000008002aee0] R[r 0=0000000000000000] inst=[00006902] c.ldsp  s2, 0(sp)
C0:       5895 [1] pc=[000000008000056c] W[r 2=000000008002af00][1] R[r 2=000000008002aee0] R[r 0=0000000000000000] inst=[00006105] c.addi16sp sp, 32
C0:       5896 [1] pc=[000000008000056e] W[r 0=0000000080000570][1] R[r 1=0000000080000680] R[r 0=0000000000000000] inst=[00008082] ret
C0:       5921 [1] pc=[0000000080000680] W[r 0=0000000000000000][0] R[r 9=00000000800021d0] R[r10=0000000080002378] inst=[0000e088] c.sd    a0, 0(s1)
C0:       5922 [1] pc=[0000000080000682] W[r 8=0000000080002378][1] R[r 0=0000000000000000] R[r10=0000000080002378] inst=[0000842a] c.mv    s0, a0
C0:       5923 [1] pc=[0000000080000684] W[r 0=0000000000000000][0] R[r10=0000000080002378] R[r 0=0000000000000000] inst=[0000fd51] c.bnez  a0, pc - 100
C0:       5927 [1] pc=[0000000080000620] W[r 9=0000000080002378][1] R[r 9=00000000800021d0] R[r 0=0000000000000000] inst=[00006084] c.ld    s1, 0(s1)
C0:       5928 [1] pc=[0000000080000622] W[r 0=0000000080000624][1] R[r 0=0000000000000000] R[r 0=0000000000000000] inst=[0000bfc5] c.j     pc - 16
C0:       5929 [1] pc=[0000000080000612] W[r 8=0000000080002390][1] R[r 9=0000000080002378] R[r 0=0000000000000000] inst=[00006880] c.ld    s0, 16(s1)
C0:       5930 [1] pc=[0000000080000614] W[r15=0000000000000004][1] R[r 9=0000000080002378] R[r 0=0000000000000000] inst=[0000449c] c.lw    a5, 8(s1)
C0:       5932 [1] pc=[0000000080000616] W[r15=0000000000000003][1] R[r15=0000000000000004] R[r 0=0000000000000000] inst=[000037fd] c.addiw a5, -1
C0:       5933 [1] pc=[0000000080000618] W[r 0=0000000000000000][0] R[r15=0000000000000003] R[r 0=0000000000000000] inst=[0007d663] bgez    a5, pc + 12
C0:       5937 [1] pc=[0000000080000624] W[r14=0000000000000000][1] R[r 8=0000000080002390] R[r 0=0000000000000000] inst=[01041703] lh      a4, 16(s0)
C0:       5940 [1] pc=[0000000080000628] W[r 0=0000000000000000][0] R[r14=0000000000000000] R[r 0=0000000000000000] inst=[0000e729] c.bnez  a4, pc + 74
C0:       5941 [1] pc=[000000008000062a] W[r15=ffffffffffff0000][1] R[r 0=0000000000000000] R[r 0=0000000000000000] inst=[000077c1] c.lui   a5, 0xffff0
C0:       5942 [1] pc=[000000008000062c] W[r15=ffffffffffff0001][1] R[r15=ffffffffffff0000] R[r 0=0000000000000000] inst=[00000785] c.addi  a5, 1
C0:       5943 [1] pc=[000000008000062e] W[r 0=0000000000000000][0] R[r 8=0000000080002390] R[r 0=0000000000000000] inst=[0a042623] sw      zero, 172(s0)
C0:       5944 [1] pc=[0000000080000632] W[r 0=0000000000000000][0] R[r 8=0000000080002390] R[r 0=0000000000000000] inst=[00043023] sd      zero, 0(s0)
C0:       5945 [1] pc=[0000000080000636] W[r 0=0000000000000000][0] R[r 8=0000000080002390] R[r 0=0000000000000000] inst=[00043423] sd      zero, 8(s0)
C0:       5946 [1] pc=[000000008000063a] W[r 0=0000000000000000][0] R[r 8=0000000080002390] R[r15=ffffffffffff0001] inst=[0000c81c] c.sw    a5, 16(s0)
C0:       5947 [1] pc=[000000008000063c] W[r 0=0000000000000000][0] R[r 8=0000000080002390] R[r 0=0000000000000000] inst=[00043c23] sd      zero, 24(s0)
C0:       5948 [1] pc=[0000000080000640] W[r 0=0000000000000000][0] R[r 8=0000000080002390] R[r 0=0000000000000000] inst=[02042023] sw      zero, 32(s0)
C0:       5949 [1] pc=[0000000080000644] W[r 0=0000000000000000][0] R[r 8=0000000080002390] R[r 0=0000000000000000] inst=[02042423] sw      zero, 40(s0)
C0:       5950 [1] pc=[0000000080000648] W[r12=0000000000000008][1] R[r 0=0000000000000000] R[r 0=0000000000000000] inst=[00004621] c.li    a2, 8
C0:       5951 [1] pc=[000000008000064a] W[r11=0000000000000000][1] R[r 0=0000000000000000] R[r 0=0000000000000000] inst=[00004581] c.li    a1, 0
C0:       5952 [1] pc=[000000008000064c] W[r10=0000000080002434][1] R[r 8=0000000080002390] R[r 0=0000000000000000] inst=[0a440513] addi    a0, s0, 164
C0:       5953 [1] pc=[0000000080000650] W[r 1=0000000080000654][1] R[r 0=0000000000000000] R[r 0=0000000000000000] inst=[13a000ef] jal     pc + 0x13a
C0:       5954 [1] pc=[000000008000078a] W[r 6=0000000080002434][1] R[r 0=0000000000000000] R[r10=0000000080002434] inst=[0000832a] c.mv    t1, a0
C0:       5955 [1] pc=[000000008000078c] W[r 0=0000000000000000][0] R[r12=0000000000000008] R[r 0=0000000000000000] inst=[0000c611] c.beqz  a2, pc + 12
C0:       5956 [1] pc=[000000008000078e] W[r 0=0000000000000000][0] R[r 6=0000000080002434] R[r11=0000000000000000] inst=[00b30023] sb      a1, 0(t1)
C0:       5957 [1] pc=[0000000080000792] W[r12=0000000000000007][1] R[r12=0000000000000008] R[r 0=0000000000000000] inst=[0000167d] c.addi  a2, -1
C0:       5958 [1] pc=[0000000080000794] W[r 6=0000000080002435][1] R[r 6=0000000080002434] R[r 0=0000000000000000] inst=[00000305] c.addi  t1, 1
C0:       5959 [1] pc=[0000000080000796] W[r 0=0000000000000000][0] R[r12=0000000000000007] R[r 0=0000000000000000] inst=[0000fe65] c.bnez  a2, pc - 8
C0:       5960 [1] pc=[000000008000078e] W[r 0=0000000000000000][0] R[r 6=0000000080002435] R[r11=0000000000000000] inst=[00b30023] sb      a1, 0(t1)
C0:       5961 [1] pc=[0000000080000792] W[r12=0000000000000006][1] R[r12=0000000000000007] R[r 0=0000000000000000] inst=[0000167d] c.addi  a2, -1
C0:       5962 [1] pc=[0000000080000794] W[r 6=0000000080002436][1] R[r 6=0000000080002435] R[r 0=0000000000000000] inst=[00000305] c.addi  t1, 1
C0:       5963 [1] pc=[0000000080000796] W[r 0=0000000000000000][0] R[r12=0000000000000006] R[r 0=0000000000000000] inst=[0000fe65] c.bnez  a2, pc - 8
C0:       5964 [1] pc=[000000008000078e] W[r 0=0000000000000000][0] R[r 6=0000000080002436] R[r11=0000000000000000] inst=[00b30023] sb      a1, 0(t1)
C0:       5965 [1] pc=[0000000080000792] W[r12=0000000000000005][1] R[r12=0000000000000006] R[r 0=0000000000000000] inst=[0000167d] c.addi  a2, -1
C0:       5966 [1] pc=[0000000080000794] W[r 6=0000000080002437][1] R[r 6=0000000080002436] R[r 0=0000000000000000] inst=[00000305] c.addi  t1, 1
C0:       5967 [1] pc=[0000000080000796] W[r 0=0000000000000000][0] R[r12=0000000000000005] R[r 0=0000000000000000] inst=[0000fe65] c.bnez  a2, pc - 8
C0:       5968 [1] pc=[000000008000078e] W[r 0=0000000000000000][0] R[r 6=0000000080002437] R[r11=0000000000000000] inst=[00b30023] sb      a1, 0(t1)
C0:       5969 [1] pc=[0000000080000792] W[r12=0000000000000004][1] R[r12=0000000000000005] R[r 0=0000000000000000] inst=[0000167d] c.addi  a2, -1
C0:       5970 [1] pc=[0000000080000794] W[r 6=0000000080002438][1] R[r 6=0000000080002437] R[r 0=0000000000000000] inst=[00000305] c.addi  t1, 1
C0:       5971 [1] pc=[0000000080000796] W[r 0=0000000000000000][0] R[r12=0000000000000004] R[r 0=0000000000000000] inst=[0000fe65] c.bnez  a2, pc - 8
C0:       5972 [1] pc=[000000008000078e] W[r 0=0000000000000000][0] R[r 6=0000000080002438] R[r11=0000000000000000] inst=[00b30023] sb      a1, 0(t1)
C0:       5973 [1] pc=[0000000080000792] W[r12=0000000000000003][1] R[r12=0000000000000004] R[r 0=0000000000000000] inst=[0000167d] c.addi  a2, -1
C0:       5974 [1] pc=[0000000080000794] W[r 6=0000000080002439][1] R[r 6=0000000080002438] R[r 0=0000000000000000] inst=[00000305] c.addi  t1, 1
C0:       5975 [1] pc=[0000000080000796] W[r 0=0000000000000000][0] R[r12=0000000000000003] R[r 0=0000000000000000] inst=[0000fe65] c.bnez  a2, pc - 8
C0:       5976 [1] pc=[000000008000078e] W[r 0=0000000000000000][0] R[r 6=0000000080002439] R[r11=0000000000000000] inst=[00b30023] sb      a1, 0(t1)
C0:       5977 [1] pc=[0000000080000792] W[r12=0000000000000002][1] R[r12=0000000000000003] R[r 0=0000000000000000] inst=[0000167d] c.addi  a2, -1
C0:       5978 [1] pc=[0000000080000794] W[r 6=000000008000243a][1] R[r 6=0000000080002439] R[r 0=0000000000000000] inst=[00000305] c.addi  t1, 1
C0:       5979 [1] pc=[0000000080000796] W[r 0=0000000000000000][0] R[r12=0000000000000002] R[r 0=0000000000000000] inst=[0000fe65] c.bnez  a2, pc - 8
C0:       5980 [1] pc=[000000008000078e] W[r 0=0000000000000000][0] R[r 6=000000008000243a] R[r11=0000000000000000] inst=[00b30023] sb      a1, 0(t1)
C0:       5981 [1] pc=[0000000080000792] W[r12=0000000000000001][1] R[r12=0000000000000002] R[r 0=0000000000000000] inst=[0000167d] c.addi  a2, -1
C0:       5982 [1] pc=[0000000080000794] W[r 6=000000008000243b][1] R[r 6=000000008000243a] R[r 0=0000000000000000] inst=[00000305] c.addi  t1, 1
C0:       5983 [1] pc=[0000000080000796] W[r 0=0000000000000000][0] R[r12=0000000000000001] R[r 0=0000000000000000] inst=[0000fe65] c.bnez  a2, pc - 8
C0:       5984 [1] pc=[000000008000078e] W[r 0=0000000000000000][0] R[r 6=000000008000243b] R[r11=0000000000000000] inst=[00b30023] sb      a1, 0(t1)
C0:       5985 [1] pc=[0000000080000792] W[r12=0000000000000000][1] R[r12=0000000000000001] R[r 0=0000000000000000] inst=[0000167d] c.addi  a2, -1
C0:       5986 [1] pc=[0000000080000794] W[r 6=000000008000243c][1] R[r 6=000000008000243b] R[r 0=0000000000000000] inst=[00000305] c.addi  t1, 1
C0:       5987 [1] pc=[0000000080000796] W[r 0=0000000000000000][0] R[r12=0000000000000000] R[r 0=0000000000000000] inst=[0000fe65] c.bnez  a2, pc - 8
C0:       5991 [1] pc=[0000000080000798] W[r 0=000000008000079a][1] R[r 1=0000000080000654] R[r 0=0000000000000000] inst=[00008082] ret
C0:       5995 [1] pc=[0000000080000654] W[r 0=0000000000000000][0] R[r 8=0000000080002390] R[r 0=0000000000000000] inst=[06043023] sd      zero, 96(s0)
C0:       5996 [1] pc=[0000000080000658] W[r 0=0000000000000000][0] R[r 8=0000000080002390] R[r 0=0000000000000000] inst=[06042423] sw      zero, 104(s0)
C0:       5997 [1] pc=[000000008000065c] W[r 0=0000000000000000][0] R[r 8=0000000080002390] R[r 0=0000000000000000] inst=[08043023] sd      zero, 128(s0)
C0:       5998 [1] pc=[0000000080000660] W[r 0=0000000000000000][0] R[r 8=0000000080002390] R[r 0=0000000000000000] inst=[08042423] sw      zero, 136(s0)
C0:       5999 [1] pc=[0000000080000664] W[r 1=00000000800005b2][1] R[r 2=000000008002af00] R[r 0=0000000000000000] inst=[000060e2] c.ldsp  ra, 24(sp)
C0:       6000 [1] pc=[0000000080000666] W[r10=0000000080002390][1] R[r 0=0000000000000000] R[r 8=0000000080002390] inst=[00008522] c.mv    a0, s0
C0:       6001 [1] pc=[0000000080000668] W[r 8=0000000080002150][1] R[r 2=000000008002af00] R[r 0=0000000000000000] inst=[00006442] c.ldsp  s0, 16(sp)
C0:       6002 [1] pc=[000000008000066a] W[r 9=0000000000000000][1] R[r 2=000000008002af00] R[r 0=0000000000000000] inst=[000064a2] c.ldsp  s1, 8(sp)
C0:       6003 [1] pc=[000000008000066c] W[r18=0000000000000000][1] R[r 2=000000008002af00] R[r 0=0000000000000000] inst=[00006902] c.ldsp  s2, 0(sp)
C0:       6004 [1] pc=[000000008000066e] W[r 2=000000008002af20][1] R[r 2=000000008002af00] R[r 0=0000000000000000] inst=[00006105] c.addi16sp sp, 32
C0:       6005 [1] pc=[0000000080000670] W[r 0=0000000080000672][1] R[r 1=00000000800005b2] R[r 0=0000000000000000] inst=[00008082] ret
C0:       6025 [1] pc=[00000000800005b2] W[r 0=0000000000000000][0] R[r 8=0000000080002150] R[r10=0000000080002390] inst=[0000e408] c.sd    a0, 8(s0)
C0:       6026 [1] pc=[00000000800005b4] W[r10=0000000080002150][1] R[r 0=0000000000000000] R[r 8=0000000080002150] inst=[00008522] c.mv    a0, s0
C0:       6027 [1] pc=[00000000800005b6] W[r 1=00000000800005ba][1] R[r 0=0000000000000000] R[r 0=0000000000000000] inst=[03a000ef] jal     pc + 0x3a
C0:       6028 [1] pc=[00000000800005f0] W[r 2=000000008002af00][1] R[r 2=000000008002af20] R[r 0=0000000000000000] inst=[00001101] c.addi  sp, -32
C0:       6029 [1] pc=[00000000800005f2] W[r 0=0000000000000000][0] R[r 2=000000008002af00] R[r 9=0000000000000000] inst=[0000e426] c.sdsp  s1, 8(sp)
C0:       6030 [1] pc=[00000000800005f4] W[r 9=00000000800025f4][1] R[r 0=0000000000000000] R[r 0=0000000000000000] inst=[00002497] auipc   s1, 0x2
C0:       6031 [1] pc=[00000000800005f8] W[r 9=0000000080002150][1] R[r 9=00000000800025f4] R[r 0=0000000000000000] inst=[aec4b483] ld      s1, -1300(s1)
C0:       6050 [1] pc=[00000000800005fc] W[r15=0000000000000001][1] R[r 9=0000000080002150] R[r 0=0000000000000000] inst=[0000589c] c.lw    a5, 48(s1)
C0:       6051 [1] pc=[00000000800005fe] W[r 0=0000000000000000][0] R[r 2=000000008002af00] R[r18=0000000000000000] inst=[0000e04a] c.sdsp  s2, 0(sp)
C0:       6052 [1] pc=[0000000080000600] W[r 0=0000000000000000][0] R[r 2=000000008002af00] R[r 1=00000000800005ba] inst=[0000ec06] c.sdsp  ra, 24(sp)
C0:       6053 [1] pc=[0000000080000602] W[r 0=0000000000000000][0] R[r 2=000000008002af00] R[r 8=0000000080002150] inst=[0000e822] c.sdsp  s0, 16(sp)
C0:       6054 [1] pc=[0000000080000604] W[r18=0000000080002150][1] R[r 0=0000000000000000] R[r10=0000000080002150] inst=[0000892a] c.mv    s2, a0
C0:       6055 [1] pc=[0000000080000606] W[r 0=0000000000000000][0] R[r15=0000000000000001] R[r 0=0000000000000000] inst=[0000e781] c.bnez  a5, pc + 8
C0:       6060 [1] pc=[000000008000060e] W[r 9=00000000800021d0][1] R[r 9=0000000080002150] R[r 0=0000000000000000] inst=[08048493] addi    s1, s1, 128
C0:       6061 [1] pc=[0000000080000612] W[r 8=0000000000000000][1] R[r 9=00000000800021d0] R[r 0=0000000000000000] inst=[00006880] c.ld    s0, 16(s1)
C0:       6062 [1] pc=[0000000080000614] W[r15=0000000000000000][1] R[r 9=00000000800021d0] R[r 0=0000000000000000] inst=[0000449c] c.lw    a5, 8(s1)
C0:       6064 [1] pc=[0000000080000616] W[r15=ffffffffffffffff][1] R[r15=0000000000000000] R[r 0=0000000000000000] inst=[000037fd] c.addiw a5, -1
C0:       6065 [1] pc=[0000000080000618] W[r 0=0000000000000000][0] R[r15=ffffffffffffffff] R[r 0=0000000000000000] inst=[0007d663] bgez    a5, pc + 12
C0:       6066 [1] pc=[000000008000061c] W[r15=0000000080002378][1] R[r 9=00000000800021d0] R[r 0=0000000000000000] inst=[0000609c] c.ld    a5, 0(s1)
C0:       6068 [1] pc=[000000008000061e] W[r 0=0000000000000000][0] R[r15=0000000080002378] R[r 0=0000000000000000] inst=[0000cfa9] c.beqz  a5, pc + 90
C0:       6069 [1] pc=[0000000080000620] W[r 9=0000000080002378][1] R[r 9=00000000800021d0] R[r 0=0000000000000000] inst=[00006084] c.ld    s1, 0(s1)
C0:       6070 [1] pc=[0000000080000622] W[r 0=0000000080000624][1] R[r 0=0000000000000000] R[r 0=0000000000000000] inst=[0000bfc5] c.j     pc - 16
C0:       6071 [1] pc=[0000000080000612] W[r 8=0000000080002390][1] R[r 9=0000000080002378] R[r 0=0000000000000000] inst=[00006880] c.ld    s0, 16(s1)
C0:       6072 [1] pc=[0000000080000614] W[r15=0000000000000004][1] R[r 9=0000000080002378] R[r 0=0000000000000000] inst=[0000449c] c.lw    a5, 8(s1)
C0:       6074 [1] pc=[0000000080000616] W[r15=0000000000000003][1] R[r15=0000000000000004] R[r 0=0000000000000000] inst=[000037fd] c.addiw a5, -1
C0:       6075 [1] pc=[0000000080000618] W[r 0=0000000000000000][0] R[r15=0000000000000003] R[r 0=0000000000000000] inst=[0007d663] bgez    a5, pc + 12
C0:       6079 [1] pc=[0000000080000624] W[r14=0000000000000001][1] R[r 8=0000000080002390] R[r 0=0000000000000000] inst=[01041703] lh      a4, 16(s0)
C0:       6082 [1] pc=[0000000080000628] W[r 0=0000000000000000][0] R[r14=0000000000000001] R[r 0=0000000000000000] inst=[0000e729] c.bnez  a4, pc + 74
C0:       6087 [1] pc=[0000000080000672] W[r 8=0000000080002440][1] R[r 8=0000000080002390] R[r 0=0000000000000000] inst=[0b040413] addi    s0, s0, 176
C0:       6088 [1] pc=[0000000080000676] W[r 0=0000000080000678][1] R[r 0=0000000000000000] R[r 0=0000000000000000] inst=[0000b745] c.j     pc - 96
C0:       6089 [1] pc=[0000000080000616] W[r15=0000000000000002][1] R[r15=0000000000000003] R[r 0=0000000000000000] inst=[000037fd] c.addiw a5, -1
C0:       6090 [1] pc=[0000000080000618] W[r 0=0000000000000000][0] R[r15=0000000000000002] R[r 0=0000000000000000] inst=[0007d663] bgez    a5, pc + 12
C0:       6094 [1] pc=[0000000080000624] W[r14=0000000000000000][1] R[r 8=0000000080002440] R[r 0=0000000000000000] inst=[01041703] lh      a4, 16(s0)
C0:       6097 [1] pc=[0000000080000628] W[r 0=0000000000000000][0] R[r14=0000000000000000] R[r 0=0000000000000000] inst=[0000e729] c.bnez  a4, pc + 74
C0:       6101 [1] pc=[000000008000062a] W[r15=ffffffffffff0000][1] R[r 0=0000000000000000] R[r 0=0000000000000000] inst=[000077c1] c.lui   a5, 0xffff0
C0:       6102 [1] pc=[000000008000062c] W[r15=ffffffffffff0001][1] R[r15=ffffffffffff0000] R[r 0=0000000000000000] inst=[00000785] c.addi  a5, 1
C0:       6103 [1] pc=[000000008000062e] W[r 0=0000000000000000][0] R[r 8=0000000080002440] R[r 0=0000000000000000] inst=[0a042623] sw      zero, 172(s0)
C0:       6104 [1] pc=[0000000080000632] W[r 0=0000000000000000][0] R[r 8=0000000080002440] R[r 0=0000000000000000] inst=[00043023] sd      zero, 0(s0)
C0:       6105 [1] pc=[0000000080000636] W[r 0=0000000000000000][0] R[r 8=0000000080002440] R[r 0=0000000000000000] inst=[00043423] sd      zero, 8(s0)
C0:       6106 [1] pc=[000000008000063a] W[r 0=0000000000000000][0] R[r 8=0000000080002440] R[r15=ffffffffffff0001] inst=[0000c81c] c.sw    a5, 16(s0)
C0:       6107 [1] pc=[000000008000063c] W[r 0=0000000000000000][0] R[r 8=0000000080002440] R[r 0=0000000000000000] inst=[00043c23] sd      zero, 24(s0)
C0:       6108 [1] pc=[0000000080000640] W[r 0=0000000000000000][0] R[r 8=0000000080002440] R[r 0=0000000000000000] inst=[02042023] sw      zero, 32(s0)
C0:       6109 [1] pc=[0000000080000644] W[r 0=0000000000000000][0] R[r 8=0000000080002440] R[r 0=0000000000000000] inst=[02042423] sw      zero, 40(s0)
C0:       6110 [1] pc=[0000000080000648] W[r12=0000000000000008][1] R[r 0=0000000000000000] R[r 0=0000000000000000] inst=[00004621] c.li    a2, 8
C0:       6111 [1] pc=[000000008000064a] W[r11=0000000000000000][1] R[r 0=0000000000000000] R[r 0=0000000000000000] inst=[00004581] c.li    a1, 0
C0:       6112 [1] pc=[000000008000064c] W[r10=00000000800024e4][1] R[r 8=0000000080002440] R[r 0=0000000000000000] inst=[0a440513] addi    a0, s0, 164
C0:       6113 [1] pc=[0000000080000650] W[r 1=0000000080000654][1] R[r 0=0000000000000000] R[r 0=0000000000000000] inst=[13a000ef] jal     pc + 0x13a
C0:       6114 [1] pc=[000000008000078a] W[r 6=00000000800024e4][1] R[r 0=0000000000000000] R[r10=00000000800024e4] inst=[0000832a] c.mv    t1, a0
C0:       6115 [1] pc=[000000008000078c] W[r 0=0000000000000000][0] R[r12=0000000000000008] R[r 0=0000000000000000] inst=[0000c611] c.beqz  a2, pc + 12
C0:       6116 [1] pc=[000000008000078e] W[r 0=0000000000000000][0] R[r 6=00000000800024e4] R[r11=0000000000000000] inst=[00b30023] sb      a1, 0(t1)
C0:       6117 [1] pc=[0000000080000792] W[r12=0000000000000007][1] R[r12=0000000000000008] R[r 0=0000000000000000] inst=[0000167d] c.addi  a2, -1
C0:       6118 [1] pc=[0000000080000794] W[r 6=00000000800024e5][1] R[r 6=00000000800024e4] R[r 0=0000000000000000] inst=[00000305] c.addi  t1, 1
C0:       6119 [1] pc=[0000000080000796] W[r 0=0000000000000000][0] R[r12=0000000000000007] R[r 0=0000000000000000] inst=[0000fe65] c.bnez  a2, pc - 8
C0:       6124 [1] pc=[000000008000078e] W[r 0=0000000000000000][0] R[r 6=00000000800024e5] R[r11=0000000000000000] inst=[00b30023] sb      a1, 0(t1)
C0:       6125 [1] pc=[0000000080000792] W[r12=0000000000000006][1] R[r12=0000000000000007] R[r 0=0000000000000000] inst=[0000167d] c.addi  a2, -1
C0:       6126 [1] pc=[0000000080000794] W[r 6=00000000800024e6][1] R[r 6=00000000800024e5] R[r 0=0000000000000000] inst=[00000305] c.addi  t1, 1
C0:       6127 [1] pc=[0000000080000796] W[r 0=0000000000000000][0] R[r12=0000000000000006] R[r 0=0000000000000000] inst=[0000fe65] c.bnez  a2, pc - 8
C0:       6128 [1] pc=[000000008000078e] W[r 0=0000000000000000][0] R[r 6=00000000800024e6] R[r11=0000000000000000] inst=[00b30023] sb      a1, 0(t1)
C0:       6129 [1] pc=[0000000080000792] W[r12=0000000000000005][1] R[r12=0000000000000006] R[r 0=0000000000000000] inst=[0000167d] c.addi  a2, -1
C0:       6130 [1] pc=[0000000080000794] W[r 6=00000000800024e7][1] R[r 6=00000000800024e6] R[r 0=0000000000000000] inst=[00000305] c.addi  t1, 1
C0:       6131 [1] pc=[0000000080000796] W[r 0=0000000000000000][0] R[r12=0000000000000005] R[r 0=0000000000000000] inst=[0000fe65] c.bnez  a2, pc - 8
C0:       6132 [1] pc=[000000008000078e] W[r 0=0000000000000000][0] R[r 6=00000000800024e7] R[r11=0000000000000000] inst=[00b30023] sb      a1, 0(t1)
C0:       6133 [1] pc=[0000000080000792] W[r12=0000000000000004][1] R[r12=0000000000000005] R[r 0=0000000000000000] inst=[0000167d] c.addi  a2, -1
C0:       6134 [1] pc=[0000000080000794] W[r 6=00000000800024e8][1] R[r 6=00000000800024e7] R[r 0=0000000000000000] inst=[00000305] c.addi  t1, 1
C0:       6135 [1] pc=[0000000080000796] W[r 0=0000000000000000][0] R[r12=0000000000000004] R[r 0=0000000000000000] inst=[0000fe65] c.bnez  a2, pc - 8
C0:       6136 [1] pc=[000000008000078e] W[r 0=0000000000000000][0] R[r 6=00000000800024e8] R[r11=0000000000000000] inst=[00b30023] sb      a1, 0(t1)
C0:       6137 [1] pc=[0000000080000792] W[r12=0000000000000003][1] R[r12=0000000000000004] R[r 0=0000000000000000] inst=[0000167d] c.addi  a2, -1
C0:       6138 [1] pc=[0000000080000794] W[r 6=00000000800024e9][1] R[r 6=00000000800024e8] R[r 0=0000000000000000] inst=[00000305] c.addi  t1, 1
C0:       6139 [1] pc=[0000000080000796] W[r 0=0000000000000000][0] R[r12=0000000000000003] R[r 0=0000000000000000] inst=[0000fe65] c.bnez  a2, pc - 8
C0:       6140 [1] pc=[000000008000078e] W[r 0=0000000000000000][0] R[r 6=00000000800024e9] R[r11=0000000000000000] inst=[00b30023] sb      a1, 0(t1)
C0:       6141 [1] pc=[0000000080000792] W[r12=0000000000000002][1] R[r12=0000000000000003] R[r 0=0000000000000000] inst=[0000167d] c.addi  a2, -1
C0:       6142 [1] pc=[0000000080000794] W[r 6=00000000800024ea][1] R[r 6=00000000800024e9] R[r 0=0000000000000000] inst=[00000305] c.addi  t1, 1
C0:       6143 [1] pc=[0000000080000796] W[r 0=0000000000000000][0] R[r12=0000000000000002] R[r 0=0000000000000000] inst=[0000fe65] c.bnez  a2, pc - 8
C0:       6144 [1] pc=[000000008000078e] W[r 0=0000000000000000][0] R[r 6=00000000800024ea] R[r11=0000000000000000] inst=[00b30023] sb      a1, 0(t1)
C0:       6145 [1] pc=[0000000080000792] W[r12=0000000000000001][1] R[r12=0000000000000002] R[r 0=0000000000000000] inst=[0000167d] c.addi  a2, -1
C0:       6146 [1] pc=[0000000080000794] W[r 6=00000000800024eb][1] R[r 6=00000000800024ea] R[r 0=0000000000000000] inst=[00000305] c.addi  t1, 1
C0:       6147 [1] pc=[0000000080000796] W[r 0=0000000000000000][0] R[r12=0000000000000001] R[r 0=0000000000000000] inst=[0000fe65] c.bnez  a2, pc - 8
C0:       6148 [1] pc=[000000008000078e] W[r 0=0000000000000000][0] R[r 6=00000000800024eb] R[r11=0000000000000000] inst=[00b30023] sb      a1, 0(t1)
C0:       6149 [1] pc=[0000000080000792] W[r12=0000000000000000][1] R[r12=0000000000000001] R[r 0=0000000000000000] inst=[0000167d] c.addi  a2, -1
C0:       6150 [1] pc=[0000000080000794] W[r 6=00000000800024ec][1] R[r 6=00000000800024eb] R[r 0=0000000000000000] inst=[00000305] c.addi  t1, 1
C0:       6151 [1] pc=[0000000080000796] W[r 0=0000000000000000][0] R[r12=0000000000000000] R[r 0=0000000000000000] inst=[0000fe65] c.bnez  a2, pc - 8
C0:       6152 [1] pc=[0000000080000798] W[r 0=000000008000079a][1] R[r 1=0000000080000654] R[r 0=0000000000000000] inst=[00008082] ret
C0:       6156 [1] pc=[0000000080000654] W[r 0=0000000000000000][0] R[r 8=0000000080002440] R[r 0=0000000000000000] inst=[06043023] sd      zero, 96(s0)
C0:       6157 [1] pc=[0000000080000658] W[r 0=0000000000000000][0] R[r 8=0000000080002440] R[r 0=0000000000000000] inst=[06042423] sw      zero, 104(s0)
C0:       6158 [1] pc=[000000008000065c] W[r 0=0000000000000000][0] R[r 8=0000000080002440] R[r 0=0000000000000000] inst=[08043023] sd      zero, 128(s0)
C0:       6159 [1] pc=[0000000080000660] W[r 0=0000000000000000][0] R[r 8=0000000080002440] R[r 0=0000000000000000] inst=[08042423] sw      zero, 136(s0)
C0:       6160 [1] pc=[0000000080000664] W[r 1=00000000800005ba][1] R[r 2=000000008002af00] R[r 0=0000000000000000] inst=[000060e2] c.ldsp  ra, 24(sp)
C0:       6161 [1] pc=[0000000080000666] W[r10=0000000080002440][1] R[r 0=0000000000000000] R[r 8=0000000080002440] inst=[00008522] c.mv    a0, s0
C0:       6162 [1] pc=[0000000080000668] W[r 8=0000000080002150][1] R[r 2=000000008002af00] R[r 0=0000000000000000] inst=[00006442] c.ldsp  s0, 16(sp)
C0:       6163 [1] pc=[000000008000066a] W[r 9=0000000000000000][1] R[r 2=000000008002af00] R[r 0=0000000000000000] inst=[000064a2] c.ldsp  s1, 8(sp)
C0:       6164 [1] pc=[000000008000066c] W[r18=0000000000000000][1] R[r 2=000000008002af00] R[r 0=0000000000000000] inst=[00006902] c.ldsp  s2, 0(sp)
C0:       6165 [1] pc=[000000008000066e] W[r 2=000000008002af20][1] R[r 2=000000008002af00] R[r 0=0000000000000000] inst=[00006105] c.addi16sp sp, 32
C0:       6166 [1] pc=[0000000080000670] W[r 0=0000000080000672][1] R[r 1=00000000800005ba] R[r 0=0000000000000000] inst=[00008082] ret
C0:       6176 [1] pc=[00000000800005ba] W[r 0=0000000000000000][0] R[r 8=0000000080002150] R[r10=0000000080002440] inst=[0000e808] c.sd    a0, 16(s0)
C0:       6177 [1] pc=[00000000800005bc] W[r10=0000000080002150][1] R[r 0=0000000000000000] R[r 8=0000000080002150] inst=[00008522] c.mv    a0, s0
C0:       6178 [1] pc=[00000000800005be] W[r 1=00000000800005c2][1] R[r 0=0000000000000000] R[r 0=0000000000000000] inst=[032000ef] jal     pc + 0x32
C0:       6179 [1] pc=[00000000800005f0] W[r 2=000000008002af00][1] R[r 2=000000008002af20] R[r 0=0000000000000000] inst=[00001101] c.addi  sp, -32
C0:       6180 [1] pc=[00000000800005f2] W[r 0=0000000000000000][0] R[r 2=000000008002af00] R[r 9=0000000000000000] inst=[0000e426] c.sdsp  s1, 8(sp)
C0:       6181 [1] pc=[00000000800005f4] W[r 9=00000000800025f4][1] R[r 0=0000000000000000] R[r 0=0000000000000000] inst=[00002497] auipc   s1, 0x2
C0:       6182 [1] pc=[00000000800005f8] W[r 9=0000000080002150][1] R[r 9=00000000800025f4] R[r 0=0000000000000000] inst=[aec4b483] ld      s1, -1300(s1)
C0:       6184 [1] pc=[00000000800005fc] W[r15=0000000000000001][1] R[r 9=0000000080002150] R[r 0=0000000000000000] inst=[0000589c] c.lw    a5, 48(s1)
C0:       6185 [1] pc=[00000000800005fe] W[r 0=0000000000000000][0] R[r 2=000000008002af00] R[r18=0000000000000000] inst=[0000e04a] c.sdsp  s2, 0(sp)
C0:       6186 [1] pc=[0000000080000600] W[r 0=0000000000000000][0] R[r 2=000000008002af00] R[r 1=00000000800005c2] inst=[0000ec06] c.sdsp  ra, 24(sp)
C0:       6187 [1] pc=[0000000080000602] W[r 0=0000000000000000][0] R[r 2=000000008002af00] R[r 8=0000000080002150] inst=[0000e822] c.sdsp  s0, 16(sp)
C0:       6188 [1] pc=[0000000080000604] W[r18=0000000080002150][1] R[r 0=0000000000000000] R[r10=0000000080002150] inst=[0000892a] c.mv    s2, a0
C0:       6189 [1] pc=[0000000080000606] W[r 0=0000000000000000][0] R[r15=0000000000000001] R[r 0=0000000000000000] inst=[0000e781] c.bnez  a5, pc + 8
C0:       6194 [1] pc=[000000008000060e] W[r 9=00000000800021d0][1] R[r 9=0000000080002150] R[r 0=0000000000000000] inst=[08048493] addi    s1, s1, 128
C0:       6195 [1] pc=[0000000080000612] W[r 8=0000000000000000][1] R[r 9=00000000800021d0] R[r 0=0000000000000000] inst=[00006880] c.ld    s0, 16(s1)
C0:       6214 [1] pc=[0000000080000614] W[r15=0000000000000000][1] R[r 9=00000000800021d0] R[r 0=0000000000000000] inst=[0000449c] c.lw    a5, 8(s1)
C0:       6216 [1] pc=[0000000080000616] W[r15=ffffffffffffffff][1] R[r15=0000000000000000] R[r 0=0000000000000000] inst=[000037fd] c.addiw a5, -1
C0:       6217 [1] pc=[0000000080000618] W[r 0=0000000000000000][0] R[r15=ffffffffffffffff] R[r 0=0000000000000000] inst=[0007d663] bgez    a5, pc + 12
C0:       6218 [1] pc=[000000008000061c] W[r15=0000000080002378][1] R[r 9=00000000800021d0] R[r 0=0000000000000000] inst=[0000609c] c.ld    a5, 0(s1)
C0:       6220 [1] pc=[000000008000061e] W[r 0=0000000000000000][0] R[r15=0000000080002378] R[r 0=0000000000000000] inst=[0000cfa9] c.beqz  a5, pc + 90
C0:       6224 [1] pc=[0000000080000620] W[r 9=0000000080002378][1] R[r 9=00000000800021d0] R[r 0=0000000000000000] inst=[00006084] c.ld    s1, 0(s1)
C0:       6225 [1] pc=[0000000080000622] W[r 0=0000000080000624][1] R[r 0=0000000000000000] R[r 0=0000000000000000] inst=[0000bfc5] c.j     pc - 16
C0:       6226 [1] pc=[0000000080000612] W[r 8=0000000080002390][1] R[r 9=0000000080002378] R[r 0=0000000000000000] inst=[00006880] c.ld    s0, 16(s1)
C0:       6227 [1] pc=[0000000080000614] W[r15=0000000000000004][1] R[r 9=0000000080002378] R[r 0=0000000000000000] inst=[0000449c] c.lw    a5, 8(s1)
C0:       6229 [1] pc=[0000000080000616] W[r15=0000000000000003][1] R[r15=0000000000000004] R[r 0=0000000000000000] inst=[000037fd] c.addiw a5, -1
C0:       6230 [1] pc=[0000000080000618] W[r 0=0000000000000000][0] R[r15=0000000000000003] R[r 0=0000000000000000] inst=[0007d663] bgez    a5, pc + 12
C0:       6234 [1] pc=[0000000080000624] W[r14=0000000000000001][1] R[r 8=0000000080002390] R[r 0=0000000000000000] inst=[01041703] lh      a4, 16(s0)
C0:       6237 [1] pc=[0000000080000628] W[r 0=0000000000000000][0] R[r14=0000000000000001] R[r 0=0000000000000000] inst=[0000e729] c.bnez  a4, pc + 74
C0:       6242 [1] pc=[0000000080000672] W[r 8=0000000080002440][1] R[r 8=0000000080002390] R[r 0=0000000000000000] inst=[0b040413] addi    s0, s0, 176
C0:       6243 [1] pc=[0000000080000676] W[r 0=0000000080000678][1] R[r 0=0000000000000000] R[r 0=0000000000000000] inst=[0000b745] c.j     pc - 96
C0:       6244 [1] pc=[0000000080000616] W[r15=0000000000000002][1] R[r15=0000000000000003] R[r 0=0000000000000000] inst=[000037fd] c.addiw a5, -1
C0:       6245 [1] pc=[0000000080000618] W[r 0=0000000000000000][0] R[r15=0000000000000002] R[r 0=0000000000000000] inst=[0007d663] bgez    a5, pc + 12
C0:       6246 [1] pc=[0000000080000624] W[r14=0000000000000001][1] R[r 8=0000000080002440] R[r 0=0000000000000000] inst=[01041703] lh      a4, 16(s0)
C0:       6249 [1] pc=[0000000080000628] W[r 0=0000000000000000][0] R[r14=0000000000000001] R[r 0=0000000000000000] inst=[0000e729] c.bnez  a4, pc + 74
C0:       6251 [1] pc=[0000000080000672] W[r 8=00000000800024f0][1] R[r 8=0000000080002440] R[r 0=0000000000000000] inst=[0b040413] addi    s0, s0, 176
C0:       6252 [1] pc=[0000000080000676] W[r 0=0000000080000678][1] R[r 0=0000000000000000] R[r 0=0000000000000000] inst=[0000b745] c.j     pc - 96
C0:       6253 [1] pc=[0000000080000616] W[r15=0000000000000001][1] R[r15=0000000000000002] R[r 0=0000000000000000] inst=[000037fd] c.addiw a5, -1
C0:       6254 [1] pc=[0000000080000618] W[r 0=0000000000000000][0] R[r15=0000000000000001] R[r 0=0000000000000000] inst=[0007d663] bgez    a5, pc + 12
C0:       6258 [1] pc=[0000000080000624] W[r14=0000000000000000][1] R[r 8=00000000800024f0] R[r 0=0000000000000000] inst=[01041703] lh      a4, 16(s0)
C0:       6261 [1] pc=[0000000080000628] W[r 0=0000000000000000][0] R[r14=0000000000000000] R[r 0=0000000000000000] inst=[0000e729] c.bnez  a4, pc + 74
C0:       6262 [1] pc=[000000008000062a] W[r15=ffffffffffff0000][1] R[r 0=0000000000000000] R[r 0=0000000000000000] inst=[000077c1] c.lui   a5, 0xffff0
C0:       6263 [1] pc=[000000008000062c] W[r15=ffffffffffff0001][1] R[r15=ffffffffffff0000] R[r 0=0000000000000000] inst=[00000785] c.addi  a5, 1
C0:       6264 [1] pc=[000000008000062e] W[r 0=0000000000000000][0] R[r 8=00000000800024f0] R[r 0=0000000000000000] inst=[0a042623] sw      zero, 172(s0)
C0:       6265 [1] pc=[0000000080000632] W[r 0=0000000000000000][0] R[r 8=00000000800024f0] R[r 0=0000000000000000] inst=[00043023] sd      zero, 0(s0)
C0:       6266 [1] pc=[0000000080000636] W[r 0=0000000000000000][0] R[r 8=00000000800024f0] R[r 0=0000000000000000] inst=[00043423] sd      zero, 8(s0)
C0:       6267 [1] pc=[000000008000063a] W[r 0=0000000000000000][0] R[r 8=00000000800024f0] R[r15=ffffffffffff0001] inst=[0000c81c] c.sw    a5, 16(s0)
C0:       6268 [1] pc=[000000008000063c] W[r 0=0000000000000000][0] R[r 8=00000000800024f0] R[r 0=0000000000000000] inst=[00043c23] sd      zero, 24(s0)
C0:       6269 [1] pc=[0000000080000640] W[r 0=0000000000000000][0] R[r 8=00000000800024f0] R[r 0=0000000000000000] inst=[02042023] sw      zero, 32(s0)
C0:       6270 [1] pc=[0000000080000644] W[r 0=0000000000000000][0] R[r 8=00000000800024f0] R[r 0=0000000000000000] inst=[02042423] sw      zero, 40(s0)
C0:       6271 [1] pc=[0000000080000648] W[r12=0000000000000008][1] R[r 0=0000000000000000] R[r 0=0000000000000000] inst=[00004621] c.li    a2, 8
C0:       6272 [1] pc=[000000008000064a] W[r11=0000000000000000][1] R[r 0=0000000000000000] R[r 0=0000000000000000] inst=[00004581] c.li    a1, 0
C0:       6273 [1] pc=[000000008000064c] W[r10=0000000080002594][1] R[r 8=00000000800024f0] R[r 0=0000000000000000] inst=[0a440513] addi    a0, s0, 164
C0:       6274 [1] pc=[0000000080000650] W[r 1=0000000080000654][1] R[r 0=0000000000000000] R[r 0=0000000000000000] inst=[13a000ef] jal     pc + 0x13a
C0:       6275 [1] pc=[000000008000078a] W[r 6=0000000080002594][1] R[r 0=0000000000000000] R[r10=0000000080002594] inst=[0000832a] c.mv    t1, a0
C0:       6276 [1] pc=[000000008000078c] W[r 0=0000000000000000][0] R[r12=0000000000000008] R[r 0=0000000000000000] inst=[0000c611] c.beqz  a2, pc + 12
C0:       6277 [1] pc=[000000008000078e] W[r 0=0000000000000000][0] R[r 6=0000000080002594] R[r11=0000000000000000] inst=[00b30023] sb      a1, 0(t1)
C0:       6278 [1] pc=[0000000080000792] W[r12=0000000000000007][1] R[r12=0000000000000008] R[r 0=0000000000000000] inst=[0000167d] c.addi  a2, -1
C0:       6279 [1] pc=[0000000080000794] W[r 6=0000000080002595][1] R[r 6=0000000080002594] R[r 0=0000000000000000] inst=[00000305] c.addi  t1, 1
C0:       6280 [1] pc=[0000000080000796] W[r 0=0000000000000000][0] R[r12=0000000000000007] R[r 0=0000000000000000] inst=[0000fe65] c.bnez  a2, pc - 8
C0:       6281 [1] pc=[000000008000078e] W[r 0=0000000000000000][0] R[r 6=0000000080002595] R[r11=0000000000000000] inst=[00b30023] sb      a1, 0(t1)
C0:       6282 [1] pc=[0000000080000792] W[r12=0000000000000006][1] R[r12=0000000000000007] R[r 0=0000000000000000] inst=[0000167d] c.addi  a2, -1
C0:       6283 [1] pc=[0000000080000794] W[r 6=0000000080002596][1] R[r 6=0000000080002595] R[r 0=0000000000000000] inst=[00000305] c.addi  t1, 1
C0:       6284 [1] pc=[0000000080000796] W[r 0=0000000000000000][0] R[r12=0000000000000006] R[r 0=0000000000000000] inst=[0000fe65] c.bnez  a2, pc - 8
C0:       6289 [1] pc=[000000008000078e] W[r 0=0000000000000000][0] R[r 6=0000000080002596] R[r11=0000000000000000] inst=[00b30023] sb      a1, 0(t1)
C0:       6290 [1] pc=[0000000080000792] W[r12=0000000000000005][1] R[r12=0000000000000006] R[r 0=0000000000000000] inst=[0000167d] c.addi  a2, -1
C0:       6291 [1] pc=[0000000080000794] W[r 6=0000000080002597][1] R[r 6=0000000080002596] R[r 0=0000000000000000] inst=[00000305] c.addi  t1, 1
C0:       6292 [1] pc=[0000000080000796] W[r 0=0000000000000000][0] R[r12=0000000000000005] R[r 0=0000000000000000] inst=[0000fe65] c.bnez  a2, pc - 8
C0:       6293 [1] pc=[000000008000078e] W[r 0=0000000000000000][0] R[r 6=0000000080002597] R[r11=0000000000000000] inst=[00b30023] sb      a1, 0(t1)
C0:       6294 [1] pc=[0000000080000792] W[r12=0000000000000004][1] R[r12=0000000000000005] R[r 0=0000000000000000] inst=[0000167d] c.addi  a2, -1
C0:       6295 [1] pc=[0000000080000794] W[r 6=0000000080002598][1] R[r 6=0000000080002597] R[r 0=0000000000000000] inst=[00000305] c.addi  t1, 1
C0:       6296 [1] pc=[0000000080000796] W[r 0=0000000000000000][0] R[r12=0000000000000004] R[r 0=0000000000000000] inst=[0000fe65] c.bnez  a2, pc - 8
C0:       6297 [1] pc=[000000008000078e] W[r 0=0000000000000000][0] R[r 6=0000000080002598] R[r11=0000000000000000] inst=[00b30023] sb      a1, 0(t1)
C0:       6298 [1] pc=[0000000080000792] W[r12=0000000000000003][1] R[r12=0000000000000004] R[r 0=0000000000000000] inst=[0000167d] c.addi  a2, -1
C0:       6299 [1] pc=[0000000080000794] W[r 6=0000000080002599][1] R[r 6=0000000080002598] R[r 0=0000000000000000] inst=[00000305] c.addi  t1, 1
C0:       6300 [1] pc=[0000000080000796] W[r 0=0000000000000000][0] R[r12=0000000000000003] R[r 0=0000000000000000] inst=[0000fe65] c.bnez  a2, pc - 8
C0:       6301 [1] pc=[000000008000078e] W[r 0=0000000000000000][0] R[r 6=0000000080002599] R[r11=0000000000000000] inst=[00b30023] sb      a1, 0(t1)
C0:       6302 [1] pc=[0000000080000792] W[r12=0000000000000002][1] R[r12=0000000000000003] R[r 0=0000000000000000] inst=[0000167d] c.addi  a2, -1
C0:       6303 [1] pc=[0000000080000794] W[r 6=000000008000259a][1] R[r 6=0000000080002599] R[r 0=0000000000000000] inst=[00000305] c.addi  t1, 1
C0:       6304 [1] pc=[0000000080000796] W[r 0=0000000000000000][0] R[r12=0000000000000002] R[r 0=0000000000000000] inst=[0000fe65] c.bnez  a2, pc - 8
C0:       6305 [1] pc=[000000008000078e] W[r 0=0000000000000000][0] R[r 6=000000008000259a] R[r11=0000000000000000] inst=[00b30023] sb      a1, 0(t1)
C0:       6306 [1] pc=[0000000080000792] W[r12=0000000000000001][1] R[r12=0000000000000002] R[r 0=0000000000000000] inst=[0000167d] c.addi  a2, -1
C0:       6307 [1] pc=[0000000080000794] W[r 6=000000008000259b][1] R[r 6=000000008000259a] R[r 0=0000000000000000] inst=[00000305] c.addi  t1, 1
C0:       6308 [1] pc=[0000000080000796] W[r 0=0000000000000000][0] R[r12=0000000000000001] R[r 0=0000000000000000] inst=[0000fe65] c.bnez  a2, pc - 8
C0:       6309 [1] pc=[000000008000078e] W[r 0=0000000000000000][0] R[r 6=000000008000259b] R[r11=0000000000000000] inst=[00b30023] sb      a1, 0(t1)
C0:       6310 [1] pc=[0000000080000792] W[r12=0000000000000000][1] R[r12=0000000000000001] R[r 0=0000000000000000] inst=[0000167d] c.addi  a2, -1
C0:       6311 [1] pc=[0000000080000794] W[r 6=000000008000259c][1] R[r 6=000000008000259b] R[r 0=0000000000000000] inst=[00000305] c.addi  t1, 1
C0:       6312 [1] pc=[0000000080000796] W[r 0=0000000000000000][0] R[r12=0000000000000000] R[r 0=0000000000000000] inst=[0000fe65] c.bnez  a2, pc - 8
C0:       6316 [1] pc=[0000000080000798] W[r 0=000000008000079a][1] R[r 1=0000000080000654] R[r 0=0000000000000000] inst=[00008082] ret
C0:       6320 [1] pc=[0000000080000654] W[r 0=0000000000000000][0] R[r 8=00000000800024f0] R[r 0=0000000000000000] inst=[06043023] sd      zero, 96(s0)
C0:       6321 [1] pc=[0000000080000658] W[r 0=0000000000000000][0] R[r 8=00000000800024f0] R[r 0=0000000000000000] inst=[06042423] sw      zero, 104(s0)
C0:       6322 [1] pc=[000000008000065c] W[r 0=0000000000000000][0] R[r 8=00000000800024f0] R[r 0=0000000000000000] inst=[08043023] sd      zero, 128(s0)
C0:       6323 [1] pc=[0000000080000660] W[r 0=0000000000000000][0] R[r 8=00000000800024f0] R[r 0=0000000000000000] inst=[08042423] sw      zero, 136(s0)
C0:       6324 [1] pc=[0000000080000664] W[r 1=00000000800005c2][1] R[r 2=000000008002af00] R[r 0=0000000000000000] inst=[000060e2] c.ldsp  ra, 24(sp)
C0:       6325 [1] pc=[0000000080000666] W[r10=00000000800024f0][1] R[r 0=0000000000000000] R[r 8=00000000800024f0] inst=[00008522] c.mv    a0, s0
C0:       6326 [1] pc=[0000000080000668] W[r 8=0000000080002150][1] R[r 2=000000008002af00] R[r 0=0000000000000000] inst=[00006442] c.ldsp  s0, 16(sp)
C0:       6327 [1] pc=[000000008000066a] W[r 9=0000000000000000][1] R[r 2=000000008002af00] R[r 0=0000000000000000] inst=[000064a2] c.ldsp  s1, 8(sp)
C0:       6328 [1] pc=[000000008000066c] W[r18=0000000000000000][1] R[r 2=000000008002af00] R[r 0=0000000000000000] inst=[00006902] c.ldsp  s2, 0(sp)
C0:       6329 [1] pc=[000000008000066e] W[r 2=000000008002af20][1] R[r 2=000000008002af00] R[r 0=0000000000000000] inst=[00006105] c.addi16sp sp, 32
C0:       6330 [1] pc=[0000000080000670] W[r 0=0000000080000672][1] R[r 1=00000000800005c2] R[r 0=0000000000000000] inst=[00008082] ret
C0:       6343 [1] pc=[00000000800005c2] W[r 0=0000000000000000][0] R[r 8=0000000080002150] R[r10=00000000800024f0] inst=[0000ec08] c.sd    a0, 24(s0)
C0:       6344 [1] pc=[00000000800005c4] W[r10=0000000080002390][1] R[r 8=0000000080002150] R[r 0=0000000000000000] inst=[00006408] c.ld    a0, 8(s0)
C0:       6345 [1] pc=[00000000800005c6] W[r12=0000000000000000][1] R[r 0=0000000000000000] R[r 0=0000000000000000] inst=[00004601] c.li    a2, 0
C0:       6346 [1] pc=[00000000800005c8] W[r11=0000000000000004][1] R[r 0=0000000000000000] R[r 0=0000000000000000] inst=[00004591] c.li    a1, 4
C0:       6347 [1] pc=[00000000800005ca] W[r 1=00000000800005ce][1] R[r 0=0000000000000000] R[r 0=0000000000000000] inst=[eebff0ef] jal     pc - 0x116
C0:       6351 [1] pc=[00000000800004b4] W[r 2=000000008002af10][1] R[r 2=000000008002af20] R[r 0=0000000000000000] inst=[00001141] c.addi  sp, -16
C0:       6352 [1] pc=[00000000800004b6] W[r 0=0000000000000000][0] R[r 2=000000008002af10] R[r 8=0000000080002150] inst=[0000e022] c.sdsp  s0, 0(sp)
C0:       6353 [1] pc=[00000000800004b8] W[r 0=0000000000000000][0] R[r 2=000000008002af10] R[r 1=00000000800005ce] inst=[0000e406] c.sdsp  ra, 8(sp)
C0:       6354 [1] pc=[00000000800004ba] W[r 8=0000000080002390][1] R[r 0=0000000000000000] R[r10=0000000080002390] inst=[0000842a] c.mv    s0, a0
C0:       6355 [1] pc=[00000000800004bc] W[r 0=0000000000000000][0] R[r10=0000000080002390] R[r11=0000000000000004] inst=[00b51823] sh      a1, 16(a0)
C0:       6377 [1] pc=[00000000800004c0] W[r 0=0000000000000000][0] R[r10=0000000080002390] R[r12=0000000000000000] inst=[00c51923] sh      a2, 18(a0)
C0:       6378 [1] pc=[00000000800004c4] W[r 0=0000000000000000][0] R[r10=0000000080002390] R[r 0=0000000000000000] inst=[00053023] sd      zero, 0(a0)
C0:       6379 [1] pc=[00000000800004c8] W[r 0=0000000000000000][0] R[r10=0000000080002390] R[r 0=0000000000000000] inst=[00053423] sd      zero, 8(a0)
C0:       6380 [1] pc=[00000000800004cc] W[r 0=0000000000000000][0] R[r10=0000000080002390] R[r 0=0000000000000000] inst=[0a052623] sw      zero, 172(a0)
C0:       6381 [1] pc=[00000000800004d0] W[r 0=0000000000000000][0] R[r10=0000000080002390] R[r 0=0000000000000000] inst=[00053c23] sd      zero, 24(a0)
C0:       6382 [1] pc=[00000000800004d4] W[r 0=0000000000000000][0] R[r10=0000000080002390] R[r 0=0000000000000000] inst=[02052023] sw      zero, 32(a0)
C0:       6383 [1] pc=[00000000800004d8] W[r 0=0000000000000000][0] R[r10=0000000080002390] R[r 0=0000000000000000] inst=[02052423] sw      zero, 40(a0)
C0:       6384 [1] pc=[00000000800004dc] W[r12=0000000000000008][1] R[r 0=0000000000000000] R[r 0=0000000000000000] inst=[00004621] c.li    a2, 8
C0:       6385 [1] pc=[00000000800004de] W[r11=0000000000000000][1] R[r 0=0000000000000000] R[r 0=0000000000000000] inst=[00004581] c.li    a1, 0
C0:       6386 [1] pc=[00000000800004e0] W[r10=0000000080002434][1] R[r10=0000000080002390] R[r 0=0000000000000000] inst=[0a450513] addi    a0, a0, 164
C0:       6387 [1] pc=[00000000800004e4] W[r 1=00000000800004e8][1] R[r 0=0000000000000000] R[r 0=0000000000000000] inst=[2a6000ef] jal     pc + 0x2a6
C0:       6388 [1] pc=[000000008000078a] W[r 6=0000000080002434][1] R[r 0=0000000000000000] R[r10=0000000080002434] inst=[0000832a] c.mv    t1, a0
C0:       6389 [1] pc=[000000008000078c] W[r 0=0000000000000000][0] R[r12=0000000000000008] R[r 0=0000000000000000] inst=[0000c611] c.beqz  a2, pc + 12
C0:       6390 [1] pc=[000000008000078e] W[r 0=0000000000000000][0] R[r 6=0000000080002434] R[r11=0000000000000000] inst=[00b30023] sb      a1, 0(t1)
C0:       6391 [1] pc=[0000000080000792] W[r12=0000000000000007][1] R[r12=0000000000000008] R[r 0=0000000000000000] inst=[0000167d] c.addi  a2, -1
C0:       6392 [1] pc=[0000000080000794] W[r 6=0000000080002435][1] R[r 6=0000000080002434] R[r 0=0000000000000000] inst=[00000305] c.addi  t1, 1
C0:       6393 [1] pc=[0000000080000796] W[r 0=0000000000000000][0] R[r12=0000000000000007] R[r 0=0000000000000000] inst=[0000fe65] c.bnez  a2, pc - 8
C0:       6394 [1] pc=[000000008000078e] W[r 0=0000000000000000][0] R[r 6=0000000080002435] R[r11=0000000000000000] inst=[00b30023] sb      a1, 0(t1)
C0:       6395 [1] pc=[0000000080000792] W[r12=0000000000000006][1] R[r12=0000000000000007] R[r 0=0000000000000000] inst=[0000167d] c.addi  a2, -1
C0:       6396 [1] pc=[0000000080000794] W[r 6=0000000080002436][1] R[r 6=0000000080002435] R[r 0=0000000000000000] inst=[00000305] c.addi  t1, 1
C0:       6397 [1] pc=[0000000080000796] W[r 0=0000000000000000][0] R[r12=0000000000000006] R[r 0=0000000000000000] inst=[0000fe65] c.bnez  a2, pc - 8
C0:       6402 [1] pc=[000000008000078e] W[r 0=0000000000000000][0] R[r 6=0000000080002436] R[r11=0000000000000000] inst=[00b30023] sb      a1, 0(t1)
C0:       6403 [1] pc=[0000000080000792] W[r12=0000000000000005][1] R[r12=0000000000000006] R[r 0=0000000000000000] inst=[0000167d] c.addi  a2, -1
C0:       6404 [1] pc=[0000000080000794] W[r 6=0000000080002437][1] R[r 6=0000000080002436] R[r 0=0000000000000000] inst=[00000305] c.addi  t1, 1
C0:       6405 [1] pc=[0000000080000796] W[r 0=0000000000000000][0] R[r12=0000000000000005] R[r 0=0000000000000000] inst=[0000fe65] c.bnez  a2, pc - 8
C0:       6406 [1] pc=[000000008000078e] W[r 0=0000000000000000][0] R[r 6=0000000080002437] R[r11=0000000000000000] inst=[00b30023] sb      a1, 0(t1)
C0:       6407 [1] pc=[0000000080000792] W[r12=0000000000000004][1] R[r12=0000000000000005] R[r 0=0000000000000000] inst=[0000167d] c.addi  a2, -1
C0:       6408 [1] pc=[0000000080000794] W[r 6=0000000080002438][1] R[r 6=0000000080002437] R[r 0=0000000000000000] inst=[00000305] c.addi  t1, 1
C0:       6409 [1] pc=[0000000080000796] W[r 0=0000000000000000][0] R[r12=0000000000000004] R[r 0=0000000000000000] inst=[0000fe65] c.bnez  a2, pc - 8
C0:       6410 [1] pc=[000000008000078e] W[r 0=0000000000000000][0] R[r 6=0000000080002438] R[r11=0000000000000000] inst=[00b30023] sb      a1, 0(t1)
C0:       6411 [1] pc=[0000000080000792] W[r12=0000000000000003][1] R[r12=0000000000000004] R[r 0=0000000000000000] inst=[0000167d] c.addi  a2, -1
C0:       6412 [1] pc=[0000000080000794] W[r 6=0000000080002439][1] R[r 6=0000000080002438] R[r 0=0000000000000000] inst=[00000305] c.addi  t1, 1
C0:       6413 [1] pc=[0000000080000796] W[r 0=0000000000000000][0] R[r12=0000000000000003] R[r 0=0000000000000000] inst=[0000fe65] c.bnez  a2, pc - 8
C0:       6414 [1] pc=[000000008000078e] W[r 0=0000000000000000][0] R[r 6=0000000080002439] R[r11=0000000000000000] inst=[00b30023] sb      a1, 0(t1)
C0:       6415 [1] pc=[0000000080000792] W[r12=0000000000000002][1] R[r12=0000000000000003] R[r 0=0000000000000000] inst=[0000167d] c.addi  a2, -1
C0:       6416 [1] pc=[0000000080000794] W[r 6=000000008000243a][1] R[r 6=0000000080002439] R[r 0=0000000000000000] inst=[00000305] c.addi  t1, 1
C0:       6417 [1] pc=[0000000080000796] W[r 0=0000000000000000][0] R[r12=0000000000000002] R[r 0=0000000000000000] inst=[0000fe65] c.bnez  a2, pc - 8
C0:       6418 [1] pc=[000000008000078e] W[r 0=0000000000000000][0] R[r 6=000000008000243a] R[r11=0000000000000000] inst=[00b30023] sb      a1, 0(t1)
C0:       6419 [1] pc=[0000000080000792] W[r12=0000000000000001][1] R[r12=0000000000000002] R[r 0=0000000000000000] inst=[0000167d] c.addi  a2, -1
C0:       6420 [1] pc=[0000000080000794] W[r 6=000000008000243b][1] R[r 6=000000008000243a] R[r 0=0000000000000000] inst=[00000305] c.addi  t1, 1
C0:       6421 [1] pc=[0000000080000796] W[r 0=0000000000000000][0] R[r12=0000000000000001] R[r 0=0000000000000000] inst=[0000fe65] c.bnez  a2, pc - 8
C0:       6422 [1] pc=[000000008000078e] W[r 0=0000000000000000][0] R[r 6=000000008000243b] R[r11=0000000000000000] inst=[00b30023] sb      a1, 0(t1)
C0:       6423 [1] pc=[0000000080000792] W[r12=0000000000000000][1] R[r12=0000000000000001] R[r 0=0000000000000000] inst=[0000167d] c.addi  a2, -1
C0:       6424 [1] pc=[0000000080000794] W[r 6=000000008000243c][1] R[r 6=000000008000243b] R[r 0=0000000000000000] inst=[00000305] c.addi  t1, 1
C0:       6425 [1] pc=[0000000080000796] W[r 0=0000000000000000][0] R[r12=0000000000000000] R[r 0=0000000000000000] inst=[0000fe65] c.bnez  a2, pc - 8
C0:       6429 [1] pc=[0000000080000798] W[r 0=000000008000079a][1] R[r 1=00000000800004e8] R[r 0=0000000000000000] inst=[00008082] ret
C0:       6433 [1] pc=[00000000800004e8] W[r15=00000000800004e8][1] R[r 0=0000000000000000] R[r 0=0000000000000000] inst=[00000797] auipc   a5, 0x0
C0:       6434 [1] pc=[00000000800004ec] W[r15=0000000080000c08][1] R[r15=00000000800004e8] R[r 0=0000000000000000] inst=[72078793] addi    a5, a5, 1824
C0:       6435 [1] pc=[00000000800004f0] W[r 0=0000000000000000][0] R[r 8=0000000080002390] R[r15=0000000080000c08] inst=[0000e03c] c.sd    a5, 64(s0)
C0:       6436 [1] pc=[00000000800004f2] W[r15=00000000800004f2][1] R[r 0=0000000000000000] R[r 0=0000000000000000] inst=[00000797] auipc   a5, 0x0
C0:       6437 [1] pc=[00000000800004f6] W[r15=0000000080000c3e][1] R[r15=00000000800004f2] R[r 0=0000000000000000] inst=[74c78793] addi    a5, a5, 1868
C0:       6438 [1] pc=[00000000800004fa] W[r 0=0000000000000000][0] R[r 8=0000000080002390] R[r15=0000000080000c3e] inst=[0000e43c] c.sd    a5, 72(s0)
C0:       6439 [1] pc=[00000000800004fc] W[r15=00000000800004fc][1] R[r 0=0000000000000000] R[r 0=0000000000000000] inst=[00000797] auipc   a5, 0x0
C0:       6440 [1] pc=[0000000080000500] W[r15=0000000080000c8e][1] R[r15=00000000800004fc] R[r 0=0000000000000000] inst=[79278793] addi    a5, a5, 1938
C0:       6441 [1] pc=[0000000080000504] W[r 0=0000000000000000][0] R[r 8=0000000080002390] R[r15=0000000080000c8e] inst=[0000e83c] c.sd    a5, 80(s0)
C0:       6442 [1] pc=[0000000080000506] W[r15=0000000080000506][1] R[r 0=0000000000000000] R[r 0=0000000000000000] inst=[00000797] auipc   a5, 0x0
C0:       6443 [1] pc=[000000008000050a] W[r15=0000000080000cc6][1] R[r15=0000000080000506] R[r 0=0000000000000000] inst=[7c078793] addi    a5, a5, 1984
C0:       6444 [1] pc=[000000008000050e] W[r 1=00000000800005ce][1] R[r 2=000000008002af10] R[r 0=0000000000000000] inst=[000060a2] c.ldsp  ra, 8(sp)
C0:       6445 [1] pc=[0000000080000510] W[r 0=0000000000000000][0] R[r 8=0000000080002390] R[r 8=0000000080002390] inst=[0000fc00] c.sd    s0, 56(s0)
C0:       6446 [1] pc=[0000000080000512] W[r 0=0000000000000000][0] R[r 8=0000000080002390] R[r15=0000000080000cc6] inst=[0000ec3c] c.sd    a5, 88(s0)
C0:       6447 [1] pc=[0000000080000514] W[r 8=0000000080002150][1] R[r 2=000000008002af10] R[r 0=0000000000000000] inst=[00006402] c.ldsp  s0, 0(sp)
C0:       6448 [1] pc=[0000000080000516] W[r 2=000000008002af20][1] R[r 2=000000008002af10] R[r 0=0000000000000000] inst=[00000141] c.addi  sp, 16
C0:       6449 [1] pc=[0000000080000518] W[r 0=000000008000051a][1] R[r 1=00000000800005ce] R[r 0=0000000000000000] inst=[00008082] ret
C0:       6450 [1] pc=[00000000800005ce] W[r10=0000000080002440][1] R[r 8=0000000080002150] R[r 0=0000000000000000] inst=[00006808] c.ld    a0, 16(s0)
C0:       6451 [1] pc=[00000000800005d0] W[r12=0000000000000001][1] R[r 0=0000000000000000] R[r 0=0000000000000000] inst=[00004605] c.li    a2, 1
C0:       6452 [1] pc=[00000000800005d2] W[r11=0000000000000009][1] R[r 0=0000000000000000] R[r 0=0000000000000000] inst=[000045a5] c.li    a1, 9
C0:       6453 [1] pc=[00000000800005d4] W[r 1=00000000800005d8][1] R[r 0=0000000000000000] R[r 0=0000000000000000] inst=[ee1ff0ef] jal     pc - 0x120
C0:       6454 [1] pc=[00000000800004b4] W[r 2=000000008002af10][1] R[r 2=000000008002af20] R[r 0=0000000000000000] inst=[00001141] c.addi  sp, -16
C0:       6455 [1] pc=[00000000800004b6] W[r 0=0000000000000000][0] R[r 2=000000008002af10] R[r 8=0000000080002150] inst=[0000e022] c.sdsp  s0, 0(sp)
C0:       6456 [1] pc=[00000000800004b8] W[r 0=0000000000000000][0] R[r 2=000000008002af10] R[r 1=00000000800005d8] inst=[0000e406] c.sdsp  ra, 8(sp)
C0:       6457 [1] pc=[00000000800004ba] W[r 8=0000000080002440][1] R[r 0=0000000000000000] R[r10=0000000080002440] inst=[0000842a] c.mv    s0, a0
C0:       6458 [1] pc=[00000000800004bc] W[r 0=0000000000000000][0] R[r10=0000000080002440] R[r11=0000000000000009] inst=[00b51823] sh      a1, 16(a0)
C0:       6459 [1] pc=[00000000800004c0] W[r 0=0000000000000000][0] R[r10=0000000080002440] R[r12=0000000000000001] inst=[00c51923] sh      a2, 18(a0)
C0:       6460 [1] pc=[00000000800004c4] W[r 0=0000000000000000][0] R[r10=0000000080002440] R[r 0=0000000000000000] inst=[00053023] sd      zero, 0(a0)
C0:       6461 [1] pc=[00000000800004c8] W[r 0=0000000000000000][0] R[r10=0000000080002440] R[r 0=0000000000000000] inst=[00053423] sd      zero, 8(a0)
C0:       6462 [1] pc=[00000000800004cc] W[r 0=0000000000000000][0] R[r10=0000000080002440] R[r 0=0000000000000000] inst=[0a052623] sw      zero, 172(a0)
C0:       6463 [1] pc=[00000000800004d0] W[r 0=0000000000000000][0] R[r10=0000000080002440] R[r 0=0000000000000000] inst=[00053c23] sd      zero, 24(a0)
C0:       6464 [1] pc=[00000000800004d4] W[r 0=0000000000000000][0] R[r10=0000000080002440] R[r 0=0000000000000000] inst=[02052023] sw      zero, 32(a0)
C0:       6465 [1] pc=[00000000800004d8] W[r 0=0000000000000000][0] R[r10=0000000080002440] R[r 0=0000000000000000] inst=[02052423] sw      zero, 40(a0)
C0:       6466 [1] pc=[00000000800004dc] W[r12=0000000000000008][1] R[r 0=0000000000000000] R[r 0=0000000000000000] inst=[00004621] c.li    a2, 8
C0:       6467 [1] pc=[00000000800004de] W[r11=0000000000000000][1] R[r 0=0000000000000000] R[r 0=0000000000000000] inst=[00004581] c.li    a1, 0
C0:       6468 [1] pc=[00000000800004e0] W[r10=00000000800024e4][1] R[r10=0000000080002440] R[r 0=0000000000000000] inst=[0a450513] addi    a0, a0, 164
C0:       6469 [1] pc=[00000000800004e4] W[r 1=00000000800004e8][1] R[r 0=0000000000000000] R[r 0=0000000000000000] inst=[2a6000ef] jal     pc + 0x2a6
C0:       6470 [1] pc=[000000008000078a] W[r 6=00000000800024e4][1] R[r 0=0000000000000000] R[r10=00000000800024e4] inst=[0000832a] c.mv    t1, a0
C0:       6471 [1] pc=[000000008000078c] W[r 0=0000000000000000][0] R[r12=0000000000000008] R[r 0=0000000000000000] inst=[0000c611] c.beqz  a2, pc + 12
C0:       6472 [1] pc=[000000008000078e] W[r 0=0000000000000000][0] R[r 6=00000000800024e4] R[r11=0000000000000000] inst=[00b30023] sb      a1, 0(t1)
C0:       6473 [1] pc=[0000000080000792] W[r12=0000000000000007][1] R[r12=0000000000000008] R[r 0=0000000000000000] inst=[0000167d] c.addi  a2, -1
C0:       6474 [1] pc=[0000000080000794] W[r 6=00000000800024e5][1] R[r 6=00000000800024e4] R[r 0=0000000000000000] inst=[00000305] c.addi  t1, 1
C0:       6475 [1] pc=[0000000080000796] W[r 0=0000000000000000][0] R[r12=0000000000000007] R[r 0=0000000000000000] inst=[0000fe65] c.bnez  a2, pc - 8
C0:       6476 [1] pc=[000000008000078e] W[r 0=0000000000000000][0] R[r 6=00000000800024e5] R[r11=0000000000000000] inst=[00b30023] sb      a1, 0(t1)
C0:       6477 [1] pc=[0000000080000792] W[r12=0000000000000006][1] R[r12=0000000000000007] R[r 0=0000000000000000] inst=[0000167d] c.addi  a2, -1
C0:       6478 [1] pc=[0000000080000794] W[r 6=00000000800024e6][1] R[r 6=00000000800024e5] R[r 0=0000000000000000] inst=[00000305] c.addi  t1, 1
C0:       6479 [1] pc=[0000000080000796] W[r 0=0000000000000000][0] R[r12=0000000000000006] R[r 0=0000000000000000] inst=[0000fe65] c.bnez  a2, pc - 8
C0:       6484 [1] pc=[000000008000078e] W[r 0=0000000000000000][0] R[r 6=00000000800024e6] R[r11=0000000000000000] inst=[00b30023] sb      a1, 0(t1)
C0:       6485 [1] pc=[0000000080000792] W[r12=0000000000000005][1] R[r12=0000000000000006] R[r 0=0000000000000000] inst=[0000167d] c.addi  a2, -1
C0:       6486 [1] pc=[0000000080000794] W[r 6=00000000800024e7][1] R[r 6=00000000800024e6] R[r 0=0000000000000000] inst=[00000305] c.addi  t1, 1
C0:       6487 [1] pc=[0000000080000796] W[r 0=0000000000000000][0] R[r12=0000000000000005] R[r 0=0000000000000000] inst=[0000fe65] c.bnez  a2, pc - 8
C0:       6488 [1] pc=[000000008000078e] W[r 0=0000000000000000][0] R[r 6=00000000800024e7] R[r11=0000000000000000] inst=[00b30023] sb      a1, 0(t1)
C0:       6489 [1] pc=[0000000080000792] W[r12=0000000000000004][1] R[r12=0000000000000005] R[r 0=0000000000000000] inst=[0000167d] c.addi  a2, -1
C0:       6490 [1] pc=[0000000080000794] W[r 6=00000000800024e8][1] R[r 6=00000000800024e7] R[r 0=0000000000000000] inst=[00000305] c.addi  t1, 1
C0:       6491 [1] pc=[0000000080000796] W[r 0=0000000000000000][0] R[r12=0000000000000004] R[r 0=0000000000000000] inst=[0000fe65] c.bnez  a2, pc - 8
C0:       6492 [1] pc=[000000008000078e] W[r 0=0000000000000000][0] R[r 6=00000000800024e8] R[r11=0000000000000000] inst=[00b30023] sb      a1, 0(t1)
C0:       6493 [1] pc=[0000000080000792] W[r12=0000000000000003][1] R[r12=0000000000000004] R[r 0=0000000000000000] inst=[0000167d] c.addi  a2, -1
C0:       6494 [1] pc=[0000000080000794] W[r 6=00000000800024e9][1] R[r 6=00000000800024e8] R[r 0=0000000000000000] inst=[00000305] c.addi  t1, 1
C0:       6495 [1] pc=[0000000080000796] W[r 0=0000000000000000][0] R[r12=0000000000000003] R[r 0=0000000000000000] inst=[0000fe65] c.bnez  a2, pc - 8
C0:       6496 [1] pc=[000000008000078e] W[r 0=0000000000000000][0] R[r 6=00000000800024e9] R[r11=0000000000000000] inst=[00b30023] sb      a1, 0(t1)
C0:       6497 [1] pc=[0000000080000792] W[r12=0000000000000002][1] R[r12=0000000000000003] R[r 0=0000000000000000] inst=[0000167d] c.addi  a2, -1
C0:       6498 [1] pc=[0000000080000794] W[r 6=00000000800024ea][1] R[r 6=00000000800024e9] R[r 0=0000000000000000] inst=[00000305] c.addi  t1, 1
C0:       6499 [1] pc=[0000000080000796] W[r 0=0000000000000000][0] R[r12=0000000000000002] R[r 0=0000000000000000] inst=[0000fe65] c.bnez  a2, pc - 8
C0:       6500 [1] pc=[000000008000078e] W[r 0=0000000000000000][0] R[r 6=00000000800024ea] R[r11=0000000000000000] inst=[00b30023] sb      a1, 0(t1)
C0:       6501 [1] pc=[0000000080000792] W[r12=0000000000000001][1] R[r12=0000000000000002] R[r 0=0000000000000000] inst=[0000167d] c.addi  a2, -1
C0:       6502 [1] pc=[0000000080000794] W[r 6=00000000800024eb][1] R[r 6=00000000800024ea] R[r 0=0000000000000000] inst=[00000305] c.addi  t1, 1
C0:       6503 [1] pc=[0000000080000796] W[r 0=0000000000000000][0] R[r12=0000000000000001] R[r 0=0000000000000000] inst=[0000fe65] c.bnez  a2, pc - 8
C0:       6504 [1] pc=[000000008000078e] W[r 0=0000000000000000][0] R[r 6=00000000800024eb] R[r11=0000000000000000] inst=[00b30023] sb      a1, 0(t1)
C0:       6505 [1] pc=[0000000080000792] W[r12=0000000000000000][1] R[r12=0000000000000001] R[r 0=0000000000000000] inst=[0000167d] c.addi  a2, -1
C0:       6506 [1] pc=[0000000080000794] W[r 6=00000000800024ec][1] R[r 6=00000000800024eb] R[r 0=0000000000000000] inst=[00000305] c.addi  t1, 1
C0:       6507 [1] pc=[0000000080000796] W[r 0=0000000000000000][0] R[r12=0000000000000000] R[r 0=0000000000000000] inst=[0000fe65] c.bnez  a2, pc - 8
C0:       6511 [1] pc=[0000000080000798] W[r 0=000000008000079a][1] R[r 1=00000000800004e8] R[r 0=0000000000000000] inst=[00008082] ret
C0:       6515 [1] pc=[00000000800004e8] W[r15=00000000800004e8][1] R[r 0=0000000000000000] R[r 0=0000000000000000] inst=[00000797] auipc   a5, 0x0
C0:       6516 [1] pc=[00000000800004ec] W[r15=0000000080000c08][1] R[r15=00000000800004e8] R[r 0=0000000000000000] inst=[72078793] addi    a5, a5, 1824
C0:       6517 [1] pc=[00000000800004f0] W[r 0=0000000000000000][0] R[r 8=0000000080002440] R[r15=0000000080000c08] inst=[0000e03c] c.sd    a5, 64(s0)
C0:       6518 [1] pc=[00000000800004f2] W[r15=00000000800004f2][1] R[r 0=0000000000000000] R[r 0=0000000000000000] inst=[00000797] auipc   a5, 0x0
C0:       6519 [1] pc=[00000000800004f6] W[r15=0000000080000c3e][1] R[r15=00000000800004f2] R[r 0=0000000000000000] inst=[74c78793] addi    a5, a5, 1868
C0:       6520 [1] pc=[00000000800004fa] W[r 0=0000000000000000][0] R[r 8=0000000080002440] R[r15=0000000080000c3e] inst=[0000e43c] c.sd    a5, 72(s0)
C0:       6521 [1] pc=[00000000800004fc] W[r15=00000000800004fc][1] R[r 0=0000000000000000] R[r 0=0000000000000000] inst=[00000797] auipc   a5, 0x0
C0:       6522 [1] pc=[0000000080000500] W[r15=0000000080000c8e][1] R[r15=00000000800004fc] R[r 0=0000000000000000] inst=[79278793] addi    a5, a5, 1938
C0:       6523 [1] pc=[0000000080000504] W[r 0=0000000000000000][0] R[r 8=0000000080002440] R[r15=0000000080000c8e] inst=[0000e83c] c.sd    a5, 80(s0)
C0:       6524 [1] pc=[0000000080000506] W[r15=0000000080000506][1] R[r 0=0000000000000000] R[r 0=0000000000000000] inst=[00000797] auipc   a5, 0x0
C0:       6525 [1] pc=[000000008000050a] W[r15=0000000080000cc6][1] R[r15=0000000080000506] R[r 0=0000000000000000] inst=[7c078793] addi    a5, a5, 1984
C0:       6526 [1] pc=[000000008000050e] W[r 1=00000000800005d8][1] R[r 2=000000008002af10] R[r 0=0000000000000000] inst=[000060a2] c.ldsp  ra, 8(sp)
C0:       6527 [1] pc=[0000000080000510] W[r 0=0000000000000000][0] R[r 8=0000000080002440] R[r 8=0000000080002440] inst=[0000fc00] c.sd    s0, 56(s0)
C0:       6528 [1] pc=[0000000080000512] W[r 0=0000000000000000][0] R[r 8=0000000080002440] R[r15=0000000080000cc6] inst=[0000ec3c] c.sd    a5, 88(s0)
C0:       6529 [1] pc=[0000000080000514] W[r 8=0000000080002150][1] R[r 2=000000008002af10] R[r 0=0000000000000000] inst=[00006402] c.ldsp  s0, 0(sp)
C0:       6530 [1] pc=[0000000080000516] W[r 2=000000008002af20][1] R[r 2=000000008002af10] R[r 0=0000000000000000] inst=[00000141] c.addi  sp, 16
C0:       6531 [1] pc=[0000000080000518] W[r 0=000000008000051a][1] R[r 1=00000000800005d8] R[r 0=0000000000000000] inst=[00008082] ret
C0:       6535 [1] pc=[00000000800005d8] W[r10=00000000800024f0][1] R[r 8=0000000080002150] R[r 0=0000000000000000] inst=[00006c08] c.ld    a0, 24(s0)
C0:       6536 [1] pc=[00000000800005da] W[r12=0000000000000002][1] R[r 0=0000000000000000] R[r 0=0000000000000000] inst=[00004609] c.li    a2, 2
C0:       6537 [1] pc=[00000000800005dc] W[r11=0000000000000012][1] R[r 0=0000000000000000] R[r 0=0000000000000000] inst=[000045c9] c.li    a1, 18
C0:       6538 [1] pc=[00000000800005de] W[r 1=00000000800005e2][1] R[r 0=0000000000000000] R[r 0=0000000000000000] inst=[ed7ff0ef] jal     pc - 0x12a
C0:       6539 [1] pc=[00000000800004b4] W[r 2=000000008002af10][1] R[r 2=000000008002af20] R[r 0=0000000000000000] inst=[00001141] c.addi  sp, -16
C0:       6540 [1] pc=[00000000800004b6] W[r 0=0000000000000000][0] R[r 2=000000008002af10] R[r 8=0000000080002150] inst=[0000e022] c.sdsp  s0, 0(sp)
C0:       6541 [1] pc=[00000000800004b8] W[r 0=0000000000000000][0] R[r 2=000000008002af10] R[r 1=00000000800005e2] inst=[0000e406] c.sdsp  ra, 8(sp)
C0:       6542 [1] pc=[00000000800004ba] W[r 8=00000000800024f0][1] R[r 0=0000000000000000] R[r10=00000000800024f0] inst=[0000842a] c.mv    s0, a0
C0:       6543 [1] pc=[00000000800004bc] W[r 0=0000000000000000][0] R[r10=00000000800024f0] R[r11=0000000000000012] inst=[00b51823] sh      a1, 16(a0)
C0:       6544 [1] pc=[00000000800004c0] W[r 0=0000000000000000][0] R[r10=00000000800024f0] R[r12=0000000000000002] inst=[00c51923] sh      a2, 18(a0)
C0:       6545 [1] pc=[00000000800004c4] W[r 0=0000000000000000][0] R[r10=00000000800024f0] R[r 0=0000000000000000] inst=[00053023] sd      zero, 0(a0)
C0:       6546 [1] pc=[00000000800004c8] W[r 0=0000000000000000][0] R[r10=00000000800024f0] R[r 0=0000000000000000] inst=[00053423] sd      zero, 8(a0)
C0:       6547 [1] pc=[00000000800004cc] W[r 0=0000000000000000][0] R[r10=00000000800024f0] R[r 0=0000000000000000] inst=[0a052623] sw      zero, 172(a0)
C0:       6548 [1] pc=[00000000800004d0] W[r 0=0000000000000000][0] R[r10=00000000800024f0] R[r 0=0000000000000000] inst=[00053c23] sd      zero, 24(a0)
C0:       6549 [1] pc=[00000000800004d4] W[r 0=0000000000000000][0] R[r10=00000000800024f0] R[r 0=0000000000000000] inst=[02052023] sw      zero, 32(a0)
C0:       6550 [1] pc=[00000000800004d8] W[r 0=0000000000000000][0] R[r10=00000000800024f0] R[r 0=0000000000000000] inst=[02052423] sw      zero, 40(a0)
C0:       6551 [1] pc=[00000000800004dc] W[r12=0000000000000008][1] R[r 0=0000000000000000] R[r 0=0000000000000000] inst=[00004621] c.li    a2, 8
C0:       6552 [1] pc=[00000000800004de] W[r11=0000000000000000][1] R[r 0=0000000000000000] R[r 0=0000000000000000] inst=[00004581] c.li    a1, 0
C0:       6553 [1] pc=[00000000800004e0] W[r10=0000000080002594][1] R[r10=00000000800024f0] R[r 0=0000000000000000] inst=[0a450513] addi    a0, a0, 164
C0:       6554 [1] pc=[00000000800004e4] W[r 1=00000000800004e8][1] R[r 0=0000000000000000] R[r 0=0000000000000000] inst=[2a6000ef] jal     pc + 0x2a6
C0:       6555 [1] pc=[000000008000078a] W[r 6=0000000080002594][1] R[r 0=0000000000000000] R[r10=0000000080002594] inst=[0000832a] c.mv    t1, a0
C0:       6556 [1] pc=[000000008000078c] W[r 0=0000000000000000][0] R[r12=0000000000000008] R[r 0=0000000000000000] inst=[0000c611] c.beqz  a2, pc + 12
C0:       6557 [1] pc=[000000008000078e] W[r 0=0000000000000000][0] R[r 6=0000000080002594] R[r11=0000000000000000] inst=[00b30023] sb      a1, 0(t1)
C0:       6558 [1] pc=[0000000080000792] W[r12=0000000000000007][1] R[r12=0000000000000008] R[r 0=0000000000000000] inst=[0000167d] c.addi  a2, -1
C0:       6559 [1] pc=[0000000080000794] W[r 6=0000000080002595][1] R[r 6=0000000080002594] R[r 0=0000000000000000] inst=[00000305] c.addi  t1, 1
C0:       6560 [1] pc=[0000000080000796] W[r 0=0000000000000000][0] R[r12=0000000000000007] R[r 0=0000000000000000] inst=[0000fe65] c.bnez  a2, pc - 8
C0:       6561 [1] pc=[000000008000078e] W[r 0=0000000000000000][0] R[r 6=0000000080002595] R[r11=0000000000000000] inst=[00b30023] sb      a1, 0(t1)
C0:       6562 [1] pc=[0000000080000792] W[r12=0000000000000006][1] R[r12=0000000000000007] R[r 0=0000000000000000] inst=[0000167d] c.addi  a2, -1
C0:       6563 [1] pc=[0000000080000794] W[r 6=0000000080002596][1] R[r 6=0000000080002595] R[r 0=0000000000000000] inst=[00000305] c.addi  t1, 1
C0:       6564 [1] pc=[0000000080000796] W[r 0=0000000000000000][0] R[r12=0000000000000006] R[r 0=0000000000000000] inst=[0000fe65] c.bnez  a2, pc - 8
C0:       6569 [1] pc=[000000008000078e] W[r 0=0000000000000000][0] R[r 6=0000000080002596] R[r11=0000000000000000] inst=[00b30023] sb      a1, 0(t1)
C0:       6570 [1] pc=[0000000080000792] W[r12=0000000000000005][1] R[r12=0000000000000006] R[r 0=0000000000000000] inst=[0000167d] c.addi  a2, -1
C0:       6571 [1] pc=[0000000080000794] W[r 6=0000000080002597][1] R[r 6=0000000080002596] R[r 0=0000000000000000] inst=[00000305] c.addi  t1, 1
C0:       6572 [1] pc=[0000000080000796] W[r 0=0000000000000000][0] R[r12=0000000000000005] R[r 0=0000000000000000] inst=[0000fe65] c.bnez  a2, pc - 8
C0:       6573 [1] pc=[000000008000078e] W[r 0=0000000000000000][0] R[r 6=0000000080002597] R[r11=0000000000000000] inst=[00b30023] sb      a1, 0(t1)
C0:       6574 [1] pc=[0000000080000792] W[r12=0000000000000004][1] R[r12=0000000000000005] R[r 0=0000000000000000] inst=[0000167d] c.addi  a2, -1
C0:       6575 [1] pc=[0000000080000794] W[r 6=0000000080002598][1] R[r 6=0000000080002597] R[r 0=0000000000000000] inst=[00000305] c.addi  t1, 1
C0:       6576 [1] pc=[0000000080000796] W[r 0=0000000000000000][0] R[r12=0000000000000004] R[r 0=0000000000000000] inst=[0000fe65] c.bnez  a2, pc - 8
C0:       6577 [1] pc=[000000008000078e] W[r 0=0000000000000000][0] R[r 6=0000000080002598] R[r11=0000000000000000] inst=[00b30023] sb      a1, 0(t1)
C0:       6578 [1] pc=[0000000080000792] W[r12=0000000000000003][1] R[r12=0000000000000004] R[r 0=0000000000000000] inst=[0000167d] c.addi  a2, -1
C0:       6579 [1] pc=[0000000080000794] W[r 6=0000000080002599][1] R[r 6=0000000080002598] R[r 0=0000000000000000] inst=[00000305] c.addi  t1, 1
C0:       6580 [1] pc=[0000000080000796] W[r 0=0000000000000000][0] R[r12=0000000000000003] R[r 0=0000000000000000] inst=[0000fe65] c.bnez  a2, pc - 8
C0:       6581 [1] pc=[000000008000078e] W[r 0=0000000000000000][0] R[r 6=0000000080002599] R[r11=0000000000000000] inst=[00b30023] sb      a1, 0(t1)
C0:       6582 [1] pc=[0000000080000792] W[r12=0000000000000002][1] R[r12=0000000000000003] R[r 0=0000000000000000] inst=[0000167d] c.addi  a2, -1
C0:       6583 [1] pc=[0000000080000794] W[r 6=000000008000259a][1] R[r 6=0000000080002599] R[r 0=0000000000000000] inst=[00000305] c.addi  t1, 1
C0:       6584 [1] pc=[0000000080000796] W[r 0=0000000000000000][0] R[r12=0000000000000002] R[r 0=0000000000000000] inst=[0000fe65] c.bnez  a2, pc - 8
C0:       6585 [1] pc=[000000008000078e] W[r 0=0000000000000000][0] R[r 6=000000008000259a] R[r11=0000000000000000] inst=[00b30023] sb      a1, 0(t1)
C0:       6586 [1] pc=[0000000080000792] W[r12=0000000000000001][1] R[r12=0000000000000002] R[r 0=0000000000000000] inst=[0000167d] c.addi  a2, -1
C0:       6587 [1] pc=[0000000080000794] W[r 6=000000008000259b][1] R[r 6=000000008000259a] R[r 0=0000000000000000] inst=[00000305] c.addi  t1, 1
C0:       6588 [1] pc=[0000000080000796] W[r 0=0000000000000000][0] R[r12=0000000000000001] R[r 0=0000000000000000] inst=[0000fe65] c.bnez  a2, pc - 8
C0:       6589 [1] pc=[000000008000078e] W[r 0=0000000000000000][0] R[r 6=000000008000259b] R[r11=0000000000000000] inst=[00b30023] sb      a1, 0(t1)
C0:       6590 [1] pc=[0000000080000792] W[r12=0000000000000000][1] R[r12=0000000000000001] R[r 0=0000000000000000] inst=[0000167d] c.addi  a2, -1
C0:       6591 [1] pc=[0000000080000794] W[r 6=000000008000259c][1] R[r 6=000000008000259b] R[r 0=0000000000000000] inst=[00000305] c.addi  t1, 1
C0:       6592 [1] pc=[0000000080000796] W[r 0=0000000000000000][0] R[r12=0000000000000000] R[r 0=0000000000000000] inst=[0000fe65] c.bnez  a2, pc - 8
C0:       6596 [1] pc=[0000000080000798] W[r 0=000000008000079a][1] R[r 1=00000000800004e8] R[r 0=0000000000000000] inst=[00008082] ret
C0:       6600 [1] pc=[00000000800004e8] W[r15=00000000800004e8][1] R[r 0=0000000000000000] R[r 0=0000000000000000] inst=[00000797] auipc   a5, 0x0
C0:       6601 [1] pc=[00000000800004ec] W[r15=0000000080000c08][1] R[r15=00000000800004e8] R[r 0=0000000000000000] inst=[72078793] addi    a5, a5, 1824
C0:       6602 [1] pc=[00000000800004f0] W[r 0=0000000000000000][0] R[r 8=00000000800024f0] R[r15=0000000080000c08] inst=[0000e03c] c.sd    a5, 64(s0)
C0:       6603 [1] pc=[00000000800004f2] W[r15=00000000800004f2][1] R[r 0=0000000000000000] R[r 0=0000000000000000] inst=[00000797] auipc   a5, 0x0
C0:       6604 [1] pc=[00000000800004f6] W[r15=0000000080000c3e][1] R[r15=00000000800004f2] R[r 0=0000000000000000] inst=[74c78793] addi    a5, a5, 1868
C0:       6605 [1] pc=[00000000800004fa] W[r 0=0000000000000000][0] R[r 8=00000000800024f0] R[r15=0000000080000c3e] inst=[0000e43c] c.sd    a5, 72(s0)
C0:       6606 [1] pc=[00000000800004fc] W[r15=00000000800004fc][1] R[r 0=0000000000000000] R[r 0=0000000000000000] inst=[00000797] auipc   a5, 0x0
C0:       6607 [1] pc=[0000000080000500] W[r15=0000000080000c8e][1] R[r15=00000000800004fc] R[r 0=0000000000000000] inst=[79278793] addi    a5, a5, 1938
C0:       6608 [1] pc=[0000000080000504] W[r 0=0000000000000000][0] R[r 8=00000000800024f0] R[r15=0000000080000c8e] inst=[0000e83c] c.sd    a5, 80(s0)
C0:       6609 [1] pc=[0000000080000506] W[r15=0000000080000506][1] R[r 0=0000000000000000] R[r 0=0000000000000000] inst=[00000797] auipc   a5, 0x0
C0:       6610 [1] pc=[000000008000050a] W[r15=0000000080000cc6][1] R[r15=0000000080000506] R[r 0=0000000000000000] inst=[7c078793] addi    a5, a5, 1984
C0:       6611 [1] pc=[000000008000050e] W[r 1=00000000800005e2][1] R[r 2=000000008002af10] R[r 0=0000000000000000] inst=[000060a2] c.ldsp  ra, 8(sp)
C0:       6612 [1] pc=[0000000080000510] W[r 0=0000000000000000][0] R[r 8=00000000800024f0] R[r 8=00000000800024f0] inst=[0000fc00] c.sd    s0, 56(s0)
C0:       6613 [1] pc=[0000000080000512] W[r 0=0000000000000000][0] R[r 8=00000000800024f0] R[r15=0000000080000cc6] inst=[0000ec3c] c.sd    a5, 88(s0)
C0:       6614 [1] pc=[0000000080000514] W[r 8=0000000080002150][1] R[r 2=000000008002af10] R[r 0=0000000000000000] inst=[00006402] c.ldsp  s0, 0(sp)
C0:       6615 [1] pc=[0000000080000516] W[r 2=000000008002af20][1] R[r 2=000000008002af10] R[r 0=0000000000000000] inst=[00000141] c.addi  sp, 16
C0:       6616 [1] pc=[0000000080000518] W[r 0=000000008000051a][1] R[r 1=00000000800005e2] R[r 0=0000000000000000] inst=[00008082] ret
C0:       6620 [1] pc=[00000000800005e2] W[r15=0000000000000001][1] R[r 0=0000000000000000] R[r 0=0000000000000000] inst=[00004785] c.li    a5, 1
C0:       6621 [1] pc=[00000000800005e4] W[r 1=000000008000049a][1] R[r 2=000000008002af20] R[r 0=0000000000000000] inst=[000060a2] c.ldsp  ra, 8(sp)
C0:       6622 [1] pc=[00000000800005e6] W[r 0=0000000000000000][0] R[r 8=0000000080002150] R[r15=0000000000000001] inst=[0000d81c] c.sw    a5, 48(s0)
C0:       6623 [1] pc=[00000000800005e8] W[r 8=0000000080001f10][1] R[r 2=000000008002af20] R[r 0=0000000000000000] inst=[00006402] c.ldsp  s0, 0(sp)
C0:       6624 [1] pc=[00000000800005ea] W[r 2=000000008002af30][1] R[r 2=000000008002af20] R[r 0=0000000000000000] inst=[00000141] c.addi  sp, 16
C0:       6625 [1] pc=[00000000800005ec] W[r 0=00000000800005ee][1] R[r 1=000000008000049a] R[r 0=0000000000000000] inst=[00008082] ret
C0:       6629 [1] pc=[000000008000049a] W[r10=0000000080002150][1] R[r 2=000000008002af30] R[r 0=0000000000000000] inst=[00006522] c.ldsp  a0, 8(sp)
C0:       6631 [1] pc=[000000008000049c] W[r11=0000000080002440][1] R[r10=0000000080002150] R[r 0=0000000000000000] inst=[0000690c] c.ld    a1, 16(a0)
C0:       6632 [1] pc=[000000008000049e] W[r13=000000008002af68][1] R[r 2=000000008002af30] R[r 0=0000000000000000] inst=[00001834] c.addi4spn a3, sp, 56
C0:       6633 [1] pc=[00000000800004a0] W[r12=0000000080001f10][1] R[r 0=0000000000000000] R[r 8=0000000080001f10] inst=[00008622] c.mv    a2, s0
C0:       6634 [1] pc=[00000000800004a2] W[r 0=0000000000000000][0] R[r 2=000000008002af30] R[r13=000000008002af68] inst=[0000ec36] c.sdsp  a3, 24(sp)
C0:       6635 [1] pc=[00000000800004a4] W[r 1=00000000800004a8][1] R[r 0=0000000000000000] R[r 0=0000000000000000] inst=[47a000ef] jal     pc + 0x47a
C0:       6657 [1] pc=[000000008000091e] W[r 2=000000008002ae60][1] R[r 2=000000008002af30] R[r 0=0000000000000000] inst=[00007155] c.addi16sp sp, -208
C0:       6658 [1] pc=[0000000080000920] W[r 0=0000000000000000][0] R[r 2=000000008002ae60] R[r 8=0000000080001f10] inst=[0000e1a2] c.sdsp  s0, 192(sp)
C0:       6659 [1] pc=[0000000080000922] W[r 0=0000000000000000][0] R[r 2=000000008002ae60] R[r 9=0000000000000000] inst=[0000fd26] c.sdsp  s1, 184(sp)
C0:       6660 [1] pc=[0000000080000924] W[r 0=0000000000000000][0] R[r 2=000000008002ae60] R[r18=0000000000000000] inst=[0000f94a] c.sdsp  s2, 176(sp)
C0:       6661 [1] pc=[0000000080000926] W[r 0=0000000000000000][0] R[r 2=000000008002ae60] R[r19=0000000000000000] inst=[0000f54e] c.sdsp  s3, 168(sp)
C0:       6662 [1] pc=[0000000080000928] W[r 0=0000000000000000][0] R[r 2=000000008002ae60] R[r20=0000000000000000] inst=[0000f152] c.sdsp  s4, 160(sp)
C0:       6663 [1] pc=[000000008000092a] W[r 0=0000000000000000][0] R[r 2=000000008002ae60] R[r 1=00000000800004a8] inst=[0000e586] c.sdsp  ra, 200(sp)
C0:       6664 [1] pc=[000000008000092c] W[r 0=0000000000000000][0] R[r 2=000000008002ae60] R[r21=0000000000000000] inst=[0000ed56] c.sdsp  s5, 152(sp)
C0:       6665 [1] pc=[000000008000092e] W[r 0=0000000000000000][0] R[r 2=000000008002ae60] R[r22=0000000000000000] inst=[0000e95a] c.sdsp  s6, 144(sp)
C0:       6666 [1] pc=[0000000080000930] W[r 0=0000000000000000][0] R[r 2=000000008002ae60] R[r23=0000000000000000] inst=[0000e55e] c.sdsp  s7, 136(sp)
C0:       6667 [1] pc=[0000000080000932] W[r 0=0000000000000000][0] R[r 2=000000008002ae60] R[r24=0000000000000000] inst=[0000e162] c.sdsp  s8, 128(sp)
C0:       6668 [1] pc=[0000000080000934] W[r 0=0000000000000000][0] R[r 2=000000008002ae60] R[r25=0000000000000000] inst=[0000fce6] c.sdsp  s9, 120(sp)
C0:       6669 [1] pc=[0000000080000936] W[r 0=0000000000000000][0] R[r 2=000000008002ae60] R[r26=0000000000000000] inst=[0000f8ea] c.sdsp  s10, 112(sp)
C0:       6670 [1] pc=[0000000080000938] W[r19=0000000080002150][1] R[r 0=0000000000000000] R[r10=0000000080002150] inst=[000089aa] c.mv    s3, a0
C0:       6671 [1] pc=[000000008000093a] W[r 9=0000000080002440][1] R[r 0=0000000000000000] R[r11=0000000080002440] inst=[000084ae] c.mv    s1, a1
C0:       6672 [1] pc=[000000008000093c] W[r18=0000000080001f10][1] R[r 0=0000000000000000] R[r12=0000000080001f10] inst=[00008932] c.mv    s2, a2
C0:       6673 [1] pc=[000000008000093e] W[r 8=000000008002af68][1] R[r 0=0000000000000000] R[r13=000000008002af68] inst=[00008436] c.mv    s0, a3
C0:       6695 [1] pc=[0000000080000940] W[r20=0000000000000000][1] R[r 0=0000000000000000] R[r 0=0000000000000000] inst=[00004a01] c.li    s4, 0
C0:       6696 [1] pc=[0000000080000942] W[r 0=0000000000000000][0] R[r10=0000000080002150] R[r 0=0000000000000000] inst=[0000c509] c.beqz  a0, pc + 10
C0:       6697 [1] pc=[0000000080000944] W[r15=0000000000000001][1] R[r10=0000000080002150] R[r 0=0000000000000000] inst=[0000591c] c.lw    a5, 48(a0)
C0:       6699 [1] pc=[0000000080000946] W[r 0=0000000000000000][0] R[r15=0000000000000001] R[r 0=0000000000000000] inst=[0000e399] c.bnez  a5, pc + 6
C0:       6700 [1] pc=[000000008000094c] W[r15=000000008000194c][1] R[r 0=0000000000000000] R[r 0=0000000000000000] inst=[00001797] auipc   a5, 0x1
C0:       6701 [1] pc=[0000000080000950] W[r15=0000000080001fb0][1] R[r15=000000008000194c] R[r 0=0000000000000000] inst=[66478793] addi    a5, a5, 1636
C0:       6702 [1] pc=[0000000080000954] W[r 0=0000000000000000][0] R[r 9=0000000080002440] R[r15=0000000080001fb0] inst=[0cf49e63] bne     s1, a5, pc + 220
C0:       6729 [1] pc=[0000000080000a30] W[r15=0000000080001a30][1] R[r 0=0000000000000000] R[r 0=0000000000000000] inst=[00001797] auipc   a5, 0x1
C0:       6730 [1] pc=[0000000080000a34] W[r15=0000000080001fe8][1] R[r15=0000000080001a30] R[r 0=0000000000000000] inst=[5b878793] addi    a5, a5, 1464
C0:       6731 [1] pc=[0000000080000a38] W[r 0=0000000000000000][0] R[r 9=0000000080002440] R[r15=0000000080001fe8] inst=[00f49563] bne     s1, a5, pc + 10
C0:       6757 [1] pc=[0000000080000a42] W[r15=0000000080001a42][1] R[r 0=0000000000000000] R[r 0=0000000000000000] inst=[00001797] auipc   a5, 0x1
C0:       6758 [1] pc=[0000000080000a46] W[r15=0000000080001f78][1] R[r15=0000000080001a42] R[r 0=0000000000000000] inst=[53678793] addi    a5, a5, 1334
C0:       6759 [1] pc=[0000000080000a4a] W[r 0=0000000000000000][0] R[r 9=0000000080002440] R[r15=0000000080001f78] inst=[f0f499e3] bne     s1, a5, pc - 238
C0:       6763 [1] pc=[000000008000095c] W[r15=0000000000000009][1] R[r 9=0000000080002440] R[r 0=0000000000000000] inst=[0104d783] lhu     a5, 16(s1)
C0:       6766 [1] pc=[0000000080000960] W[r15=0000000000000008][1] R[r15=0000000000000009] R[r 0=0000000000000000] inst=[00008ba1] c.andi  a5, 8
C0:       6767 [1] pc=[0000000080000962] W[r 0=0000000000000000][0] R[r15=0000000000000008] R[r 0=0000000000000000] inst=[0000cbed] c.beqz  a5, pc + 242
C0:       6768 [1] pc=[0000000080000964] W[r15=0000000000000000][1] R[r 9=0000000080002440] R[r 0=0000000000000000] inst=[00006c9c] c.ld    a5, 24(s1)
C0:       6770 [1] pc=[0000000080000966] W[r 0=0000000000000000][0] R[r15=0000000000000000] R[r 0=0000000000000000] inst=[0000c7fd] c.beqz  a5, pc + 238
C0:       6774 [1] pc=[0000000080000a54] W[r11=0000000080002440][1] R[r 0=0000000000000000] R[r 9=0000000080002440] inst=[000085a6] c.mv    a1, s1
C0:       6775 [1] pc=[0000000080000a56] W[r10=0000000080002150][1] R[r 0=0000000000000000] R[r19=0000000080002150] inst=[0000854e] c.mv    a0, s3
C0:       6776 [1] pc=[0000000080000a58] W[r 1=0000000080000a5c][1] R[r 0=0000000000000000] R[r 0=0000000000000000] inst=[374000ef] jal     pc + 0x374
C0:       6798 [1] pc=[0000000080000dcc] W[r 2=000000008002ae40][1] R[r 2=000000008002ae60] R[r 0=0000000000000000] inst=[00001101] c.addi  sp, -32
C0:       6824 [1] pc=[0000000080000dce] W[r 0=0000000000000000][0] R[r 2=000000008002ae40] R[r 8=000000008002af68] inst=[0000e822] c.sdsp  s0, 16(sp)
C0:       6825 [1] pc=[0000000080000dd0] W[r 0=0000000000000000][0] R[r 2=000000008002ae40] R[r 9=0000000080002440] inst=[0000e426] c.sdsp  s1, 8(sp)
C0:       6826 [1] pc=[0000000080000dd2] W[r 0=0000000000000000][0] R[r 2=000000008002ae40] R[r18=0000000080001f10] inst=[0000e04a] c.sdsp  s2, 0(sp)
C0:       6827 [1] pc=[0000000080000dd4] W[r 0=0000000000000000][0] R[r 2=000000008002ae40] R[r 1=0000000080000a5c] inst=[0000ec06] c.sdsp  ra, 24(sp)
C0:       6828 [1] pc=[0000000080000dd6] W[r 9=0000000080001dd6][1] R[r 0=0000000000000000] R[r 0=0000000000000000] inst=[00001497] auipc   s1, 0x1
C0:       6829 [1] pc=[0000000080000dda] W[r 9=0000000080002150][1] R[r 9=0000000080001dd6] R[r 0=0000000000000000] inst=[42a4b483] ld      s1, 1066(s1)
C0:       6830 [1] pc=[0000000080000dde] W[r18=0000000080002150][1] R[r 0=0000000000000000] R[r10=0000000080002150] inst=[0000892a] c.mv    s2, a0
C0:       6831 [1] pc=[0000000080000de0] W[r 8=0000000080002440][1] R[r 0=0000000000000000] R[r11=0000000080002440] inst=[0000842e] c.mv    s0, a1
C0:       6832 [1] pc=[0000000080000de2] W[r 0=0000000000000000][0] R[r 9=0000000080002150] R[r 0=0000000000000000] inst=[0000c491] c.beqz  s1, pc + 12
C0:       6833 [1] pc=[0000000080000de4] W[r15=0000000000000001][1] R[r 9=0000000080002150] R[r 0=0000000000000000] inst=[0000589c] c.lw    a5, 48(s1)
C0:       6835 [1] pc=[0000000080000de6] W[r 0=0000000000000000][0] R[r15=0000000000000001] R[r 0=0000000000000000] inst=[0000e781] c.bnez  a5, pc + 8
C0:       6840 [1] pc=[0000000080000dee] W[r15=0000000080001dee][1] R[r 0=0000000000000000] R[r 0=0000000000000000] inst=[00001797] auipc   a5, 0x1
C0:       6841 [1] pc=[0000000080000df2] W[r15=0000000080001fb0][1] R[r15=0000000080001dee] R[r 0=0000000000000000] inst=[1c278793] addi    a5, a5, 450
C0:       6842 [1] pc=[0000000080000df6] W[r 0=0000000000000000][0] R[r 8=0000000080002440] R[r15=0000000080001fb0] inst=[02f41763] bne     s0, a5, pc + 46
C0:       6867 [1] pc=[0000000080000e24] W[r15=0000000080001e24][1] R[r 0=0000000000000000] R[r 0=0000000000000000] inst=[00001797] auipc   a5, 0x1
C0:       6868 [1] pc=[0000000080000e28] W[r15=0000000080001fe8][1] R[r15=0000000080001e24] R[r 0=0000000000000000] inst=[1c478793] addi    a5, a5, 452
C0:       6869 [1] pc=[0000000080000e2c] W[r 0=0000000000000000][0] R[r 8=0000000080002440] R[r15=0000000080001fe8] inst=[00f41463] bne     s0, a5, pc + 8
C0:       6873 [1] pc=[0000000080000e34] W[r15=0000000080001e34][1] R[r 0=0000000000000000] R[r 0=0000000000000000] inst=[00001797] auipc   a5, 0x1
C0:       6874 [1] pc=[0000000080000e38] W[r15=0000000080001f78][1] R[r15=0000000080001e34] R[r 0=0000000000000000] inst=[14478793] addi    a5, a5, 324
C0:       6875 [1] pc=[0000000080000e3c] W[r 0=0000000000000000][0] R[r 8=0000000080002440] R[r15=0000000080001f78] inst=[fcf410e3] bne     s0, a5, pc - 64
C0:       6879 [1] pc=[0000000080000dfc] W[r15=0000000000000009][1] R[r 8=0000000080002440] R[r 0=0000000000000000] inst=[01041783] lh      a5, 16(s0)
C0:       6882 [1] pc=[0000000080000e00] W[r14=0009000000000000][1] R[r15=0000000000000009] R[r 0=0000000000000000] inst=[03079713] slli    a4, a5, 48
C0:       6883 [1] pc=[0000000080000e04] W[r13=0000000000000008][1] R[r15=0000000000000009] R[r 0=0000000000000000] inst=[0087f693] andi    a3, a5, 8
C0:       6884 [1] pc=[0000000080000e08] W[r14=0000000000000009][1] R[r14=0009000000000000] R[r 0=0000000000000000] inst=[00009341] c.srli  a4, 48
C0:       6885 [1] pc=[0000000080000e0a] W[r 0=0000000000000000][0] R[r13=0000000000000008] R[r 0=0000000000000000] inst=[0000eab5] c.bnez  a3, pc + 116
C0:       6910 [1] pc=[0000000080000e7e] W[r15=0000000000000000][1] R[r 8=0000000080002440] R[r 0=0000000000000000] inst=[00006c1c] c.ld    a5, 24(s0)
C0:       6927 [1] pc=[0000000080000e80] W[r 0=0000000000000000][0] R[r15=0000000000000000] R[r 0=0000000000000000] inst=[0000ef89] c.bnez  a5, pc + 26
C0:       6928 [1] pc=[0000000080000e82] W[r15=0000000000000009][1] R[r 8=0000000080002440] R[r 0=0000000000000000] inst=[01045783] lhu     a5, 16(s0)
C0:       6929 [1] pc=[0000000080000e86] W[r14=0000000000000200][1] R[r 0=0000000000000000] R[r 0=0000000000000000] inst=[20000713] li      a4, 512
C0:       6931 [1] pc=[0000000080000e8a] W[r15=0000000000000000][1] R[r15=0000000000000009] R[r 0=0000000000000000] inst=[2807f793] andi    a5, a5, 640
C0:       6932 [1] pc=[0000000080000e8e] W[r 0=0000000000000000][0] R[r15=0000000000000000] R[r14=0000000000000200] inst=[00e78663] beq     a5, a4, pc + 12
C0:       6936 [1] pc=[0000000080000e92] W[r11=0000000080002440][1] R[r 0=0000000000000000] R[r 8=0000000080002440] inst=[000085a2] c.mv    a1, s0
C0:       6937 [1] pc=[0000000080000e94] W[r10=0000000080002150][1] R[r 0=0000000000000000] R[r18=0000000080002150] inst=[0000854a] c.mv    a0, s2
C0:       6938 [1] pc=[0000000080000e96] W[r 1=0000000080000e9a][1] R[r 0=0000000000000000] R[r 0=0000000000000000] inst=[5a8000ef] jal     pc + 0x5a8
C0:       6978 [1] pc=[000000008000143e] W[r15=0000000000000009][1] R[r11=0000000080002440] R[r 0=0000000000000000] inst=[0105d783] lhu     a5, 16(a1)
C0:       6979 [1] pc=[0000000080001442] W[r 2=000000008002ae10][1] R[r 2=000000008002ae40] R[r 0=0000000000000000] inst=[00007179] c.addi16sp sp, -48
C0:       7005 [1] pc=[0000000080001444] W[r 0=0000000000000000][0] R[r 2=000000008002ae10] R[r 8=0000000080002440] inst=[0000f022] c.sdsp  s0, 32(sp)
C0:       7006 [1] pc=[0000000080001446] W[r 0=0000000000000000][0] R[r 2=000000008002ae10] R[r 1=0000000080000e9a] inst=[0000f406] c.sdsp  ra, 40(sp)
C0:       7007 [1] pc=[0000000080001448] W[r 0=0000000000000000][0] R[r 2=000000008002ae10] R[r 9=0000000080002150] inst=[0000ec26] c.sdsp  s1, 24(sp)
C0:       7008 [1] pc=[000000008000144a] W[r 0=0000000000000000][0] R[r 2=000000008002ae10] R[r18=0000000080002150] inst=[0000e84a] c.sdsp  s2, 16(sp)
C0:       7009 [1] pc=[000000008000144c] W[r15=0000000000000000][1] R[r15=0000000000000009] R[r 0=0000000000000000] inst=[00008b89] c.andi  a5, 2
C0:       7010 [1] pc=[000000008000144e] W[r 8=0000000080002440][1] R[r 0=0000000000000000] R[r11=0000000080002440] inst=[0000842e] c.mv    s0, a1
C0:       7011 [1] pc=[0000000080001450] W[r 0=0000000000000000][0] R[r15=0000000000000000] R[r 0=0000000000000000] inst=[0000cf89] c.beqz  a5, pc + 26
C0:       7015 [1] pc=[000000008000146a] W[r13=000000008002ae14][1] R[r 2=000000008002ae10] R[r 0=0000000000000000] inst=[00000054] c.addi4spn a3, sp, 4
C0:       7016 [1] pc=[000000008000146c] W[r12=000000008002ae18][1] R[r 2=000000008002ae10] R[r 0=0000000000000000] inst=[00000030] c.addi4spn a2, sp, 8
C0:       7017 [1] pc=[000000008000146e] W[r18=0000000080002150][1] R[r 0=0000000000000000] R[r10=0000000080002150] inst=[0000892a] c.mv    s2, a0
C0:       7018 [1] pc=[0000000080001470] W[r 1=0000000080001474][1] R[r 0=0000000000000000] R[r 0=0000000000000000] inst=[f73ff0ef] jal     pc - 0x8e
C0:       7040 [1] pc=[00000000800013e2] W[r 2=000000008002ad80][1] R[r 2=000000008002ae10] R[r 0=0000000000000000] inst=[00007175] c.addi16sp sp, -144
C0:       7066 [1] pc=[00000000800013e4] W[r 0=0000000000000000][0] R[r 2=000000008002ad80] R[r18=0000000080002150] inst=[0000f8ca] c.sdsp  s2, 112(sp)
C0:       7067 [1] pc=[00000000800013e6] W[r18=0000000080002440][1] R[r 0=0000000000000000] R[r11=0000000080002440] inst=[0000892e] c.mv    s2, a1
C0:       7068 [1] pc=[00000000800013e8] W[r11=0000000000000001][1] R[r11=0000000080002440] R[r 0=0000000000000000] inst=[01259583] lh      a1, 18(a1)
C0:       7069 [1] pc=[00000000800013ec] W[r 0=0000000000000000][0] R[r 2=000000008002ad80] R[r 8=0000000080002440] inst=[0000e122] c.sdsp  s0, 128(sp)
C0:       7070 [1] pc=[00000000800013ee] W[r 0=0000000000000000][0] R[r 2=000000008002ad80] R[r 9=0000000080002150] inst=[0000fca6] c.sdsp  s1, 120(sp)
C0:       7071 [1] pc=[00000000800013f0] W[r 0=0000000000000000][0] R[r 2=000000008002ad80] R[r 1=0000000080001474] inst=[0000e506] c.sdsp  ra, 136(sp)
C0:       7072 [1] pc=[00000000800013f2] W[r 8=000000008002ae18][1] R[r 0=0000000000000000] R[r12=000000008002ae18] inst=[00008432] c.mv    s0, a2
C0:       7073 [1] pc=[00000000800013f4] W[r 9=000000008002ae14][1] R[r 0=0000000000000000] R[r13=000000008002ae14] inst=[000084b6] c.mv    s1, a3
C0:       7074 [1] pc=[00000000800013f6] W[r 0=0000000000000000][0] R[r11=0000000000000001] R[r 0=0000000000000000] inst=[0005dc63] bgez    a1, pc + 24
C0:       7078 [1] pc=[000000008000140e] W[r12=000000008002ad88][1] R[r 2=000000008002ad80] R[r 0=0000000000000000] inst=[00000030] c.addi4spn a2, sp, 8
C0:       7079 [1] pc=[0000000080001410] W[r 1=0000000080001414][1] R[r 0=0000000000000000] R[r 0=0000000000000000] inst=[714000ef] jal     pc + 0x714
C0:       7102 [1] pc=[0000000080001b24] W[r 2=000000008002ad70][1] R[r 2=000000008002ad80] R[r 0=0000000000000000] inst=[00001141] c.addi  sp, -16
C0:       7128 [1] pc=[0000000080001b26] W[r 0=0000000000000000][0] R[r 2=000000008002ad70] R[r 8=000000008002ae18] inst=[0000e022] c.sdsp  s0, 0(sp)
C0:       7129 [1] pc=[0000000080001b28] W[r 8=0000000080002150][1] R[r 0=0000000000000000] R[r10=0000000080002150] inst=[0000842a] c.mv    s0, a0
C0:       7130 [1] pc=[0000000080001b2a] W[r10=0000000000000001][1] R[r 0=0000000000000000] R[r11=0000000000000001] inst=[0000852e] c.mv    a0, a1
C0:       7131 [1] pc=[0000000080001b2c] W[r11=000000008002ad88][1] R[r 0=0000000000000000] R[r12=000000008002ad88] inst=[000085b2] c.mv    a1, a2
C0:       7132 [1] pc=[0000000080001b2e] W[r 0=0000000000000000][0] R[r 3=0000000080002a00] R[r 0=0000000000000000] inst=[9601a423] sw      zero, -1688(gp)
C0:       7133 [1] pc=[0000000080001b32] W[r 0=0000000000000000][0] R[r 2=000000008002ad70] R[r 1=0000000080001414] inst=[0000e406] c.sdsp  ra, 8(sp)
C0:       7134 [1] pc=[0000000080001b34] W[r 1=0000000080001b38][1] R[r 0=0000000000000000] R[r 0=0000000000000000] inst=[076000ef] jal     pc + 0x76
C0:       7156 [1] pc=[0000000080001baa] W[r 2=000000008002ad60][1] R[r 2=000000008002ad70] R[r 0=0000000000000000] inst=[00001141] c.addi  sp, -16
C0:       7157 [1] pc=[0000000080001bac] W[r 0=0000000000000000][0] R[r 2=000000008002ad60] R[r 1=0000000080001b38] inst=[0000e406] c.sdsp  ra, 8(sp)
C0:       7158 [1] pc=[0000000080001bae] W[r 1=0000000080001bb2][1] R[r 0=0000000000000000] R[r 0=0000000000000000] inst=[148000ef] jal     pc + 0x148
C0:       7161 [1] pc=[0000000080001cf6] W[r10=0000000080001cf6][1] R[r 0=0000000000000000] R[r 0=0000000000000000] inst=[00000517] auipc   a0, 0x0
C0:       7162 [1] pc=[0000000080001cfa] W[r10=0000000080002150][1] R[r10=0000000080001cf6] R[r 0=0000000000000000] inst=[50a53503] ld      a0, 1290(a0)
C0:       7163 [1] pc=[0000000080001cfe] W[r 0=0000000080001d00][1] R[r 1=0000000080001bb2] R[r 0=0000000000000000] inst=[00008082] ret
C0:       7164 [1] pc=[0000000080001bb2] W[r 1=0000000080001b38][1] R[r 2=000000008002ad60] R[r 0=0000000000000000] inst=[000060a2] c.ldsp  ra, 8(sp)
C0:       7165 [1] pc=[0000000080001bb4] W[r15=0000000000000009][1] R[r 0=0000000000000000] R[r 0=0000000000000000] inst=[000047a5] c.li    a5, 9
C0:       7175 [1] pc=[0000000080001bb6] W[r 0=0000000000000000][0] R[r10=0000000080002150] R[r15=0000000000000009] inst=[0000c11c] c.sw    a5, 0(a0)
C0:       7176 [1] pc=[0000000080001bb8] W[r10=ffffffffffffffff][1] R[r 0=0000000000000000] R[r 0=0000000000000000] inst=[0000557d] c.li    a0, -1
C0:       7177 [1] pc=[0000000080001bba] W[r 2=000000008002ad70][1] R[r 2=000000008002ad60] R[r 0=0000000000000000] inst=[00000141] c.addi  sp, 16
C0:       7178 [1] pc=[0000000080001bbc] W[r 0=0000000080001bbe][1] R[r 1=0000000080001b38] R[r 0=0000000000000000] inst=[00008082] ret
C0:       7179 [1] pc=[0000000080001b38] W[r15=ffffffffffffffff][1] R[r 0=0000000000000000] R[r 0=0000000000000000] inst=[000057fd] c.li    a5, -1
C0:       7180 [1] pc=[0000000080001b3a] W[r 0=0000000000000000][0] R[r10=ffffffffffffffff] R[r15=ffffffffffffffff] inst=[00f51663] bne     a0, a5, pc + 12
C0:       7203 [1] pc=[0000000080001b3e] W[r15=0000000000000000][1] R[r 3=0000000080002a00] R[r 0=0000000000000000] inst=[9681a783] lw      a5, -1688(gp)
C0:       7205 [1] pc=[0000000080001b42] W[r 0=0000000000000000][0] R[r15=0000000000000000] R[r 0=0000000000000000] inst=[0000c391] c.beqz  a5, pc + 4
C0:       7209 [1] pc=[0000000080001b46] W[r 1=0000000080001414][1] R[r 2=000000008002ad70] R[r 0=0000000000000000] inst=[000060a2] c.ldsp  ra, 8(sp)
C0:       7210 [1] pc=[0000000080001b48] W[r 8=000000008002ae18][1] R[r 2=000000008002ad70] R[r 0=0000000000000000] inst=[00006402] c.ldsp  s0, 0(sp)
C0:       7211 [1] pc=[0000000080001b4a] W[r 2=000000008002ad80][1] R[r 2=000000008002ad70] R[r 0=0000000000000000] inst=[00000141] c.addi  sp, 16
C0:       7212 [1] pc=[0000000080001b4c] W[r 0=0000000080001b4e][1] R[r 1=0000000080001414] R[r 0=0000000000000000] inst=[00008082] ret
C0:       7216 [1] pc=[0000000080001414] W[r 0=0000000000000000][0] R[r10=ffffffffffffffff] R[r 0=0000000000000000] inst=[fe0543e3] bltz    a0, pc - 26
C0:       7221 [1] pc=[00000000800013fa] W[r15=0000000000000009][1] R[r18=0000000080002440] R[r 0=0000000000000000] inst=[01095783] lhu     a5, 16(s2)
C0:       7222 [1] pc=[00000000800013fe] W[r 0=0000000000000000][0] R[r 9=000000008002ae14] R[r 0=0000000000000000] inst=[0004a023] sw      zero, 0(s1)
C0:       7224 [1] pc=[0000000080001402] W[r15=0000000000000000][1] R[r15=0000000000000009] R[r 0=0000000000000000] inst=[0807f793] andi    a5, a5, 128
C0:       7225 [1] pc=[0000000080001406] W[r 0=0000000000000000][0] R[r15=0000000000000000] R[r 0=0000000000000000] inst=[0000e395] c.bnez  a5, pc + 36
C0:       7226 [1] pc=[0000000080001408] W[r15=0000000000000400][1] R[r 0=0000000000000000] R[r 0=0000000000000000] inst=[40000793] li      a5, 1024
C0:       7227 [1] pc=[000000008000140c] W[r 0=000000008000140e][1] R[r 0=0000000000000000] R[r 0=0000000000000000] inst=[0000a00d] c.j     pc + 34
C0:       7228 [1] pc=[000000008000142e] W[r 1=0000000080001474][1] R[r 2=000000008002ad80] R[r 0=0000000000000000] inst=[000060aa] c.ldsp  ra, 136(sp)
C0:       7229 [1] pc=[0000000080001430] W[r 0=0000000000000000][0] R[r 8=000000008002ae18] R[r15=0000000000000400] inst=[0000e01c] c.sd    a5, 0(s0)
C0:       7230 [1] pc=[0000000080001432] W[r 8=0000000080002440][1] R[r 2=000000008002ad80] R[r 0=0000000000000000] inst=[0000640a] c.ldsp  s0, 128(sp)
C0:       7231 [1] pc=[0000000080001434] W[r 9=0000000080002150][1] R[r 2=000000008002ad80] R[r 0=0000000000000000] inst=[000074e6] c.ldsp  s1, 120(sp)
C0:       7232 [1] pc=[0000000080001436] W[r18=0000000080002150][1] R[r 2=000000008002ad80] R[r 0=0000000000000000] inst=[00007946] c.ldsp  s2, 112(sp)
C0:       7233 [1] pc=[0000000080001438] W[r10=0000000000000000][1] R[r 0=0000000000000000] R[r 0=0000000000000000] inst=[00004501] c.li    a0, 0
C0:       7234 [1] pc=[000000008000143a] W[r 2=000000008002ae10][1] R[r 2=000000008002ad80] R[r 0=0000000000000000] inst=[00006149] c.addi16sp sp, 144
C0:       7235 [1] pc=[000000008000143c] W[r 0=000000008000143e][1] R[r 1=0000000080001474] R[r 0=0000000000000000] inst=[00008082] ret
C0:       7239 [1] pc=[0000000080001474] W[r11=0000000000000400][1] R[r 2=000000008002ae10] R[r 0=0000000000000000] inst=[000065a2] c.ldsp  a1, 8(sp)
C0:       7240 [1] pc=[0000000080001476] W[r 9=0000000000000000][1] R[r 0=0000000000000000] R[r10=0000000000000000] inst=[000084aa] c.mv    s1, a0
C0:       7241 [1] pc=[0000000080001478] W[r10=0000000080002150][1] R[r 0=0000000000000000] R[r18=0000000080002150] inst=[0000854a] c.mv    a0, s2
C0:       7242 [1] pc=[000000008000147a] W[r 1=000000008000147e][1] R[r 0=0000000000000000] R[r 0=0000000000000000] inst=[b20ff0ef] jal     pc - 0xce0
C0:       7244 [1] pc=[000000008000079a] W[r15=0000000000000407][1] R[r11=0000000000000400] R[r 0=0000000000000000] inst=[00758793] addi    a5, a1, 7
C0:       7245 [1] pc=[000000008000079e] W[r 2=000000008002ade0][1] R[r 2=000000008002ae10] R[r 0=0000000000000000] inst=[00007179] c.addi16sp sp, -48
C0:       7246 [1] pc=[00000000800007a0] W[r15=0000000000000400][1] R[r15=0000000000000407] R[r 0=0000000000000000] inst=[00009be1] c.andi  a5, -8
C0:       7247 [1] pc=[00000000800007a2] W[r 0=0000000000000000][0] R[r 2=000000008002ade0] R[r 9=0000000000000000] inst=[0000ec26] c.sdsp  s1, 24(sp)
C0:       7248 [1] pc=[00000000800007a4] W[r 0=0000000000000000][0] R[r 2=000000008002ade0] R[r18=0000000080002150] inst=[0000e84a] c.sdsp  s2, 16(sp)
C0:       7249 [1] pc=[00000000800007a6] W[r 0=0000000000000000][0] R[r 2=000000008002ade0] R[r 1=000000008000147e] inst=[0000f406] c.sdsp  ra, 40(sp)
C0:       7250 [1] pc=[00000000800007a8] W[r 0=0000000000000000][0] R[r 2=000000008002ade0] R[r 8=0000000080002440] inst=[0000f022] c.sdsp  s0, 32(sp)
C0:       7251 [1] pc=[00000000800007aa] W[r 0=0000000000000000][0] R[r 2=000000008002ade0] R[r19=0000000080002150] inst=[0000e44e] c.sdsp  s3, 8(sp)
C0:       7252 [1] pc=[00000000800007ac] W[r15=0000000000000408][1] R[r15=0000000000000400] R[r 0=0000000000000000] inst=[000007a1] c.addi  a5, 8
C0:       7253 [1] pc=[00000000800007ae] W[r14=0000000000000010][1] R[r 0=0000000000000000] R[r 0=0000000000000000] inst=[00004741] c.li    a4, 16
C0:       7254 [1] pc=[00000000800007b0] W[r 9=0000000080002150][1] R[r 0=0000000000000000] R[r10=0000000080002150] inst=[000084aa] c.mv    s1, a0
C0:       7255 [1] pc=[00000000800007b2] W[r18=0000000000000010][1] R[r 0=0000000000000000] R[r 0=0000000000000000] inst=[00004941] c.li    s2, 16
C0:       7256 [1] pc=[00000000800007b4] W[r 0=0000000000000000][0] R[r15=0000000000000408] R[r14=0000000000000010] inst=[00e7e363] bltu    a5, a4, pc + 6
C0:       7257 [1] pc=[00000000800007b8] W[r18=0000000000000408][1] R[r 0=0000000000000000] R[r15=0000000000000408] inst=[0000893e] c.mv    s2, a5
C0:       7258 [1] pc=[00000000800007ba] W[r14=ffffffff80000000][1] R[r 0=0000000000000000] R[r 0=0000000000000000] inst=[80000737] lui     a4, 0x80000
C0:       7259 [1] pc=[00000000800007be] W[r14=000000007fffffff][1] R[r14=ffffffff80000000] R[r 0=0000000000000000] inst=[fff74713] not     a4, a4
C0:       7260 [1] pc=[00000000800007c2] W[r 0=0000000000000000][0] R[r14=000000007fffffff] R[r15=0000000000000408] inst=[00f76463] bltu    a4, a5, pc + 8
C0:       7261 [1] pc=[00000000800007c6] W[r 0=0000000000000000][0] R[r18=0000000000000408] R[r11=0000000000000400] inst=[00b97c63] bgeu    s2, a1, pc + 24
C0:       7265 [1] pc=[00000000800007de] W[r10=0000000080002150][1] R[r 0=0000000000000000] R[r 9=0000000080002150] inst=[00008526] c.mv    a0, s1
C0:       7266 [1] pc=[00000000800007e0] W[r 1=00000000800007e4][1] R[r 0=0000000000000000] R[r 0=0000000000000000] inst=[557000ef] jal     pc + 0xd56
C0:       7268 [1] pc=[0000000080001536] W[r 0=0000000080001538][1] R[r 1=00000000800007e4] R[r 0=0000000000000000] inst=[00008082] ret
C0:       7270 [1] pc=[00000000800007e4] W[r15=0000000080002220][1] R[r 3=0000000080002a00] R[r 0=0000000000000000] inst=[82018793] addi    a5, gp, -2016
C0:       7271 [1] pc=[00000000800007e8] W[r14=0000000000000000][1] R[r15=0000000080002220] R[r 0=0000000000000000] inst=[00006398] c.ld    a4, 0(a5)
C0:       7272 [1] pc=[00000000800007ea] W[r13=0000000080002220][1] R[r 0=0000000000000000] R[r15=0000000080002220] inst=[000086be] c.mv    a3, a5
C0:       7273 [1] pc=[00000000800007ec] W[r 8=0000000000000000][1] R[r 0=0000000000000000] R[r14=0000000000000000] inst=[0000843a] c.mv    s0, a4
C0:       7274 [1] pc=[00000000800007ee] W[r 0=0000000000000000][0] R[r 8=0000000000000000] R[r 0=0000000000000000] inst=[0000e41d] c.bnez  s0, pc + 46
C0:       7275 [1] pc=[00000000800007f0] W[r 8=0000000080002228][1] R[r 3=0000000080002a00] R[r 0=0000000000000000] inst=[82818413] addi    s0, gp, -2008
C0:       7276 [1] pc=[00000000800007f4] W[r15=0000000080002370][1] R[r 8=0000000080002228] R[r 0=0000000000000000] inst=[0000601c] c.ld    a5, 0(s0)
C0:       7278 [1] pc=[00000000800007f6] W[r 0=0000000000000000][0] R[r15=0000000080002370] R[r 0=0000000000000000] inst=[0000e791] c.bnez  a5, pc + 12
C0:       7282 [1] pc=[0000000080000802] W[r11=0000000000000408][1] R[r 0=0000000000000000] R[r18=0000000000000408] inst=[000085ca] c.mv    a1, s2
C0:       7283 [1] pc=[0000000080000804] W[r10=0000000080002150][1] R[r 0=0000000000000000] R[r 9=0000000080002150] inst=[00008526] c.mv    a0, s1
C0:       7284 [1] pc=[0000000080000806] W[r 1=000000008000080a][1] R[r 0=0000000000000000] R[r 0=0000000000000000] inst=[3da000ef] jal     pc + 0x3da
C0:       7286 [1] pc=[0000000080000be0] W[r 2=000000008002add0][1] R[r 2=000000008002ade0] R[r 0=0000000000000000] inst=[00001141] c.addi  sp, -16
C0:       7287 [1] pc=[0000000080000be2] W[r 0=0000000000000000][0] R[r 2=000000008002add0] R[r 8=0000000080002228] inst=[0000e022] c.sdsp  s0, 0(sp)
C0:       7288 [1] pc=[0000000080000be4] W[r 8=0000000080002150][1] R[r 0=0000000000000000] R[r10=0000000080002150] inst=[0000842a] c.mv    s0, a0
C0:       7289 [1] pc=[0000000080000be6] W[r10=0000000000000408][1] R[r 0=0000000000000000] R[r11=0000000000000408] inst=[0000852e] c.mv    a0, a1
C0:       7290 [1] pc=[0000000080000be8] W[r 0=0000000000000000][0] R[r 3=0000000080002a00] R[r 0=0000000000000000] inst=[9601a423] sw      zero, -1688(gp)
C0:       7291 [1] pc=[0000000080000bec] W[r 0=0000000000000000][0] R[r 2=000000008002add0] R[r 1=000000008000080a] inst=[0000e406] c.sdsp  ra, 8(sp)
C0:       7292 [1] pc=[0000000080000bee] W[r 1=0000000080000bf2][1] R[r 0=0000000000000000] R[r 0=0000000000000000] inst=[002010ef] jal     pc + 0x1002
C0:       7293 [1] pc=[0000000080001bf0] W[r14=0000000080001bf0][1] R[r 0=0000000000000000] R[r 0=0000000000000000] inst=[00000717] auipc   a4, 0x0
C0:       7294 [1] pc=[0000000080001bf4] W[r14=0000000080002208][1] R[r14=0000000080001bf0] R[r 0=0000000000000000] inst=[61870713] addi    a4, a4, 1560
C0:       7295 [1] pc=[0000000080001bf8] W[r15=0000000080002650][1] R[r14=0000000080002208] R[r 0=0000000000000000] inst=[0000631c] c.ld    a5, 0(a4)
C0:       7296 [1] pc=[0000000080001bfa] W[r13=0000000080002370][1] R[r 3=0000000080002a00] R[r 0=0000000000000000] inst=[97018693] addi    a3, gp, -1680
C0:       7297 [1] pc=[0000000080001bfe] W[r10=0000000080002a58][1] R[r10=0000000000000408] R[r15=0000000080002650] inst=[0000953e] c.add   a0, a5
C0:       7298 [1] pc=[0000000080001c00] W[r 0=0000000000000000][0] R[r10=0000000080002a58] R[r13=0000000080002370] inst=[00d56b63] bltu    a0, a3, pc + 22
C0:       7299 [1] pc=[0000000080001c04] W[r13=0000000080022c04][1] R[r 0=0000000000000000] R[r 0=0000000000000000] inst=[00021697] auipc   a3, 0x21
C0:       7300 [1] pc=[0000000080001c08] W[r13=0000000080023000][1] R[r13=0000000080022c04] R[r 0=0000000000000000] inst=[3fc68693] addi    a3, a3, 1020
C0:       7301 [1] pc=[0000000080001c0c] W[r 0=0000000000000000][0] R[r10=0000000080002a58] R[r13=0000000080023000] inst=[00d57563] bgeu    a0, a3, pc + 10
C0:       7302 [1] pc=[0000000080001c10] W[r 0=0000000000000000][0] R[r14=0000000080002208] R[r10=0000000080002a58] inst=[0000e308] c.sd    a0, 0(a4)
C0:       7303 [1] pc=[0000000080001c12] W[r10=0000000080002650][1] R[r 0=0000000000000000] R[r15=0000000080002650] inst=[0000853e] c.mv    a0, a5
C0:       7304 [1] pc=[0000000080001c14] W[r 0=0000000080001c16][1] R[r 1=0000000080000bf2] R[r 0=0000000000000000] inst=[00008082] ret
C0:       7305 [1] pc=[0000000080000bf2] W[r15=ffffffffffffffff][1] R[r 0=0000000000000000] R[r 0=0000000000000000] inst=[000057fd] c.li    a5, -1
C0:       7306 [1] pc=[0000000080000bf4] W[r 0=0000000000000000][0] R[r10=0000000080002650] R[r15=ffffffffffffffff] inst=[00f51663] bne     a0, a5, pc + 12
C0:       7307 [1] pc=[0000000080000c00] W[r 1=000000008000080a][1] R[r 2=000000008002add0] R[r 0=0000000000000000] inst=[000060a2] c.ldsp  ra, 8(sp)
C0:       7308 [1] pc=[0000000080000c02] W[r 8=0000000080002228][1] R[r 2=000000008002add0] R[r 0=0000000000000000] inst=[00006402] c.ldsp  s0, 0(sp)
C0:       7309 [1] pc=[0000000080000c04] W[r 2=000000008002ade0][1] R[r 2=000000008002add0] R[r 0=0000000000000000] inst=[00000141] c.addi  sp, 16
C0:       7310 [1] pc=[0000000080000c06] W[r 0=0000000080000c08][1] R[r 1=000000008000080a] R[r 0=0000000000000000] inst=[00008082] ret
C0:       7311 [1] pc=[000000008000080a] W[r19=ffffffffffffffff][1] R[r 0=0000000000000000] R[r 0=0000000000000000] inst=[000059fd] c.li    s3, -1
C0:       7312 [1] pc=[000000008000080c] W[r 0=0000000000000000][0] R[r10=0000000080002650] R[r19=ffffffffffffffff] inst=[05351e63] bne     a0, s3, pc + 92
C0:       7316 [1] pc=[0000000080000868] W[r 8=0000000080002657][1] R[r10=0000000080002650] R[r 0=0000000000000000] inst=[00750413] addi    s0, a0, 7
C0:       7317 [1] pc=[000000008000086c] W[r 8=0000000080002650][1] R[r 8=0000000080002657] R[r 0=0000000000000000] inst=[00009861] c.andi  s0, -8
C0:       7318 [1] pc=[000000008000086e] W[r 0=0000000000000000][0] R[r10=0000000080002650] R[r 8=0000000080002650] inst=[fc8501e3] beq     a0, s0, pc - 62
C0:       7322 [1] pc=[0000000080000830] W[r 0=0000000000000000][0] R[r 8=0000000080002650] R[r18=0000000000000408] inst=[01243023] sd      s2, 0(s0)
C0:       7323 [1] pc=[0000000080000834] W[r 0=0000000080000836][1] R[r 0=0000000000000000] R[r 0=0000000000000000] inst=[0000a029] c.j     pc + 10
C0:       7325 [1] pc=[000000008000083e] W[r10=0000000080002150][1] R[r 0=0000000000000000] R[r 9=0000000080002150] inst=[00008526] c.mv    a0, s1
C0:       7326 [1] pc=[0000000080000840] W[r 1=0000000080000844][1] R[r 0=0000000000000000] R[r 0=0000000000000000] inst=[4f9000ef] jal     pc + 0xcf8
C0:       7328 [1] pc=[0000000080001538] W[r 0=000000008000153a][1] R[r 1=0000000080000844] R[r 0=0000000000000000] inst=[00008082] ret
C0:       7330 [1] pc=[0000000080000844] W[r10=000000008000265f][1] R[r 8=0000000080002650] R[r 0=0000000000000000] inst=[00f40513] addi    a0, s0, 15
C0:       7331 [1] pc=[0000000080000848] W[r15=0000000080002658][1] R[r 8=0000000080002650] R[r 0=0000000000000000] inst=[00840793] addi    a5, s0, 8
C0:       7332 [1] pc=[000000008000084c] W[r10=0000000080002658][1] R[r10=000000008000265f] R[r 0=0000000000000000] inst=[00009961] c.andi  a0, -8
C0:       7333 [1] pc=[000000008000084e] W[r15=0000000000000000][1] R[r10=0000000080002658] R[r15=0000000080002658] inst=[40f507bb] subw    a5, a0, a5
C0:       7334 [1] pc=[0000000080000852] W[r 0=0000000000000000][0] R[r15=0000000000000000] R[r 0=0000000000000000] inst=[0000dfbd] c.beqz  a5, pc - 130
C0:       7338 [1] pc=[00000000800007d0] W[r 1=000000008000147e][1] R[r 2=000000008002ade0] R[r 0=0000000000000000] inst=[000070a2] c.ldsp  ra, 40(sp)
C0:       7339 [1] pc=[00000000800007d2] W[r 8=0000000080002440][1] R[r 2=000000008002ade0] R[r 0=0000000000000000] inst=[00007402] c.ldsp  s0, 32(sp)
C0:       7340 [1] pc=[00000000800007d4] W[r 9=0000000000000000][1] R[r 2=000000008002ade0] R[r 0=0000000000000000] inst=[000064e2] c.ldsp  s1, 24(sp)
C0:       7341 [1] pc=[00000000800007d6] W[r18=0000000080002150][1] R[r 2=000000008002ade0] R[r 0=0000000000000000] inst=[00006942] c.ldsp  s2, 16(sp)
C0:       7342 [1] pc=[00000000800007d8] W[r19=0000000080002150][1] R[r 2=000000008002ade0] R[r 0=0000000000000000] inst=[000069a2] c.ldsp  s3, 8(sp)
C0:       7343 [1] pc=[00000000800007da] W[r 2=000000008002ae10][1] R[r 2=000000008002ade0] R[r 0=0000000000000000] inst=[00006145] c.addi16sp sp, 48
C0:       7344 [1] pc=[00000000800007dc] W[r 0=00000000800007de][1] R[r 1=000000008000147e] R[r 0=0000000000000000] inst=[00008082] ret
C0:       7348 [1] pc=[000000008000147e] W[r 0=0000000000000000][0] R[r10=0000000080002658] R[r 0=0000000000000000] inst=[0000ed01] c.bnez  a0, pc + 24
C0:       7372 [1] pc=[0000000080001496] W[r15=0000000080000496][1] R[r 0=0000000000000000] R[r 0=0000000000000000] inst=[fffff797] auipc   a5, 0xfffff
C0:       7373 [1] pc=[000000008000149a] W[r15=000000008000051a][1] R[r15=0000000080000496] R[r 0=0000000000000000] inst=[08478793] addi    a5, a5, 132
C0:       7374 [1] pc=[000000008000149e] W[r 0=0000000000000000][0] R[r18=0000000080002150] R[r15=000000008000051a] inst=[04f93423] sd      a5, 72(s2)
C0:       7375 [1] pc=[00000000800014a2] W[r15=0000000000000009][1] R[r 8=0000000080002440] R[r 0=0000000000000000] inst=[01045783] lhu     a5, 16(s0)
C0:       7376 [1] pc=[00000000800014a6] W[r 0=0000000000000000][0] R[r 8=0000000080002440] R[r10=0000000080002658] inst=[0000e008] c.sd    a0, 0(s0)
C0:       7377 [1] pc=[00000000800014a8] W[r 0=0000000000000000][0] R[r 8=0000000080002440] R[r10=0000000080002658] inst=[0000ec08] c.sd    a0, 24(s0)
C0:       7378 [1] pc=[00000000800014aa] W[r15=0000000000000089][1] R[r15=0000000000000009] R[r 0=0000000000000000] inst=[0807e793] ori     a5, a5, 128
C0:       7379 [1] pc=[00000000800014ae] W[r 0=0000000000000000][0] R[r 8=0000000080002440] R[r15=0000000000000089] inst=[00f41823] sh      a5, 16(s0)
C0:       7380 [1] pc=[00000000800014b2] W[r15=0000000000000400][1] R[r 2=000000008002ae10] R[r 0=0000000000000000] inst=[000067a2] c.ldsp  a5, 8(sp)
C0:       7382 [1] pc=[00000000800014b4] W[r 0=0000000000000000][0] R[r 8=0000000080002440] R[r15=0000000000000400] inst=[0000d01c] c.sw    a5, 32(s0)
C0:       7383 [1] pc=[00000000800014b6] W[r15=0000000000000000][1] R[r 2=000000008002ae10] R[r 0=0000000000000000] inst=[00004792] c.lwsp  a5, 4(sp)
C0:       7385 [1] pc=[00000000800014b8] W[r 0=0000000000000000][0] R[r15=0000000000000000] R[r 0=0000000000000000] inst=[0000cf91] c.beqz  a5, pc + 28
C0:       7389 [1] pc=[00000000800014d4] W[r10=0000000000000089][1] R[r 8=0000000080002440] R[r 0=0000000000000000] inst=[01045503] lhu     a0, 16(s0)
C0:       7392 [1] pc=[00000000800014d8] W[r 9=0000000000000089][1] R[r 9=0000000000000000] R[r10=0000000000000089] inst=[00008cc9] c.or    s1, a0
C0:       7393 [1] pc=[00000000800014da] W[r 0=0000000000000000][0] R[r 8=0000000080002440] R[r 9=0000000000000089] inst=[00941823] sh      s1, 16(s0)
C0:       7394 [1] pc=[00000000800014de] W[r 0=00000000800014e0][1] R[r 0=0000000000000000] R[r 0=0000000000000000] inst=[0000b741] c.j     pc - 128
C0:       7395 [1] pc=[000000008000145e] W[r 1=0000000080000e9a][1] R[r 2=000000008002ae10] R[r 0=0000000000000000] inst=[000070a2] c.ldsp  ra, 40(sp)
C0:       7396 [1] pc=[0000000080001460] W[r 8=0000000080002440][1] R[r 2=000000008002ae10] R[r 0=0000000000000000] inst=[00007402] c.ldsp  s0, 32(sp)
C0:       7397 [1] pc=[0000000080001462] W[r 9=0000000080002150][1] R[r 2=000000008002ae10] R[r 0=0000000000000000] inst=[000064e2] c.ldsp  s1, 24(sp)
C0:       7398 [1] pc=[0000000080001464] W[r18=0000000080002150][1] R[r 2=000000008002ae10] R[r 0=0000000000000000] inst=[00006942] c.ldsp  s2, 16(sp)
C0:       7399 [1] pc=[0000000080001466] W[r 2=000000008002ae40][1] R[r 2=000000008002ae10] R[r 0=0000000000000000] inst=[00006145] c.addi16sp sp, 48
C0:       7400 [1] pc=[0000000080001468] W[r 0=000000008000146a][1] R[r 1=0000000080000e9a] R[r 0=0000000000000000] inst=[00008082] ret
C0:       7405 [1] pc=[0000000080000e9a] W[r15=0000000000000089][1] R[r 8=0000000080002440] R[r 0=0000000000000000] inst=[01041783] lh      a5, 16(s0)
C0:       7408 [1] pc=[0000000080000e9e] W[r14=0089000000000000][1] R[r15=0000000000000089] R[r 0=0000000000000000] inst=[03079713] slli    a4, a5, 48
C0:       7409 [1] pc=[0000000080000ea2] W[r13=0000000000000001][1] R[r15=0000000000000089] R[r 0=0000000000000000] inst=[0017f693] andi    a3, a5, 1
C0:       7410 [1] pc=[0000000080000ea6] W[r14=0000000000000089][1] R[r14=0089000000000000] R[r 0=0000000000000000] inst=[00009341] c.srli  a4, 48
C0:       7411 [1] pc=[0000000080000ea8] W[r 0=0000000000000000][0] R[r13=0000000000000001] R[r 0=0000000000000000] inst=[0000c29d] c.beqz  a3, pc + 38
C0:       7412 [1] pc=[0000000080000eaa] W[r13=0000000000000400][1] R[r 8=0000000080002440] R[r 0=0000000000000000] inst=[00005014] c.lw    a3, 32(s0)
C0:       7413 [1] pc=[0000000080000eac] W[r 0=0000000000000000][0] R[r 8=0000000080002440] R[r 0=0000000000000000] inst=[00042623] sw      zero, 12(s0)
C0:       7414 [1] pc=[0000000080000eb0] W[r13=fffffffffffffc00][1] R[r 0=0000000000000000] R[r13=0000000000000400] inst=[40d006bb] subw    a3, zero, a3
C0:       7415 [1] pc=[0000000080000eb4] W[r 0=0000000000000000][0] R[r 8=0000000080002440] R[r13=fffffffffffffc00] inst=[0000d414] c.sw    a3, 40(s0)
C0:       7416 [1] pc=[0000000080000eb6] W[r13=0000000080002658][1] R[r 8=0000000080002440] R[r 0=0000000000000000] inst=[00006c14] c.ld    a3, 24(s0)
C0:       7417 [1] pc=[0000000080000eb8] W[r10=0000000000000000][1] R[r 0=0000000000000000] R[r 0=0000000000000000] inst=[00004501] c.li    a0, 0
C0:       7418 [1] pc=[0000000080000eba] W[r 0=0000000000000000][0] R[r13=0000000080002658] R[r 0=0000000000000000] inst=[0000e681] c.bnez  a3, pc + 8
C0:       7443 [1] pc=[0000000080000ec2] W[r 1=0000000080000a5c][1] R[r 2=000000008002ae40] R[r 0=0000000000000000] inst=[000060e2] c.ldsp  ra, 24(sp)
C0:       7444 [1] pc=[0000000080000ec4] W[r 8=000000008002af68][1] R[r 2=000000008002ae40] R[r 0=0000000000000000] inst=[00006442] c.ldsp  s0, 16(sp)
C0:       7445 [1] pc=[0000000080000ec6] W[r 9=0000000080002440][1] R[r 2=000000008002ae40] R[r 0=0000000000000000] inst=[000064a2] c.ldsp  s1, 8(sp)
C0:       7446 [1] pc=[0000000080000ec8] W[r18=0000000080001f10][1] R[r 2=000000008002ae40] R[r 0=0000000000000000] inst=[00006902] c.ldsp  s2, 0(sp)
C0:       7447 [1] pc=[0000000080000eca] W[r 2=000000008002ae60][1] R[r 2=000000008002ae40] R[r 0=0000000000000000] inst=[00006105] c.addi16sp sp, 32
C0:       7448 [1] pc=[0000000080000ecc] W[r 0=0000000080000ece][1] R[r 1=0000000080000a5c] R[r 0=0000000000000000] inst=[00008082] ret
C0:       7452 [1] pc=[0000000080000a5c] W[r 0=0000000000000000][0] R[r10=0000000000000000] R[r 0=0000000000000000] inst=[0000d511] c.beqz  a0, pc - 244
C0:       7456 [1] pc=[0000000080000968] W[r15=0000000000000020][1] R[r 0=0000000000000000] R[r 0=0000000000000000] inst=[02000793] li      a5, 32
C0:       7457 [1] pc=[000000008000096c] W[r 0=0000000000000000][0] R[r 2=000000008002ae60] R[r15=0000000000000020] inst=[02f104a3] sb      a5, 41(sp)
C0:       7458 [1] pc=[0000000080000970] W[r21=ffffffffffffffff][1] R[r 0=0000000000000000] R[r 0=0000000000000000] inst=[00005afd] c.li    s5, -1
C0:       7459 [1] pc=[0000000080000972] W[r15=0000000000000030][1] R[r 0=0000000000000000] R[r 0=0000000000000000] inst=[03000793] li      a5, 48
C0:       7460 [1] pc=[0000000080000976] W[r 0=0000000000000000][0] R[r 2=000000008002ae60] R[r 0=0000000000000000] inst=[0000d202] c.swsp  zero, 36(sp)
C0:       7461 [1] pc=[0000000080000978] W[r 0=0000000000000000][0] R[r 2=000000008002ae60] R[r15=0000000000000030] inst=[02f10523] sb      a5, 42(sp)
C0:       7462 [1] pc=[000000008000097c] W[r 0=0000000000000000][0] R[r 2=000000008002ae60] R[r 8=000000008002af68] inst=[0000e422] c.sdsp  s0, 8(sp)
C0:       7485 [1] pc=[000000008000097e] W[r23=0000000000000025][1] R[r 0=0000000000000000] R[r 0=0000000000000000] inst=[02500b93] li      s7, 37
C0:       7486 [1] pc=[0000000080000982] W[r24=ffffffff00000000][1] R[r21=ffffffffffffffff] R[r 0=0000000000000000] inst=[020a9c13] slli    s8, s5, 32
C0:       7487 [1] pc=[0000000080000986] W[r22=0000000080001986][1] R[r 0=0000000000000000] R[r 0=0000000000000000] inst=[00001b17] auipc   s6, 0x1
C0:       7488 [1] pc=[000000008000098a] W[r22=0000000080002020][1] R[r22=0000000080001986] R[r 0=0000000000000000] inst=[69ab0b13] addi    s6, s6, 1690
C0:       7489 [1] pc=[000000008000098e] W[r25=0000000000000001][1] R[r 0=0000000000000000] R[r 0=0000000000000000] inst=[00004c85] c.li    s9, 1
C0:       7490 [1] pc=[0000000080000990] W[r 8=0000000080001f10][1] R[r 0=0000000000000000] R[r18=0000000080001f10] inst=[0000844a] c.mv    s0, s2
C0:       7508 [1] pc=[0000000080000992] W[r15=000000000000005b][1] R[r 8=0000000080001f10] R[r 0=0000000000000000] inst=[00044783] lbu     a5, 0(s0)
C0:       7511 [1] pc=[0000000080000996] W[r 0=0000000000000000][0] R[r15=000000000000005b] R[r 0=0000000000000000] inst=[0000c399] c.beqz  a5, pc + 6
C0:       7512 [1] pc=[0000000080000998] W[r 0=0000000000000000][0] R[r15=000000000000005b] R[r23=0000000000000025] inst=[0f779263] bne     a5, s7, pc + 228
C0:       7516 [1] pc=[0000000080000a7c] W[r 8=0000000080001f11][1] R[r 8=0000000080001f10] R[r 0=0000000000000000] inst=[00000405] c.addi  s0, 1
C0:       7517 [1] pc=[0000000080000a7e] W[r 0=0000000080000a80][1] R[r 0=0000000000000000] R[r 0=0000000000000000] inst=[0000bf11] c.j     pc - 236
C0:       7519 [1] pc=[0000000080000992] W[r15=0000000000000000][1] R[r 8=0000000080001f11] R[r 0=0000000000000000] inst=[00044783] lbu     a5, 0(s0)
C0:       7522 [1] pc=[0000000080000996] W[r 0=0000000000000000][0] R[r15=0000000000000000] R[r 0=0000000000000000] inst=[0000c399] c.beqz  a5, pc + 6
C0:       7526 [1] pc=[000000008000099c] W[r26=0000000000000001][1] R[r 8=0000000080001f11] R[r18=0000000080001f10] inst=[41240d3b] subw    s10, s0, s2
C0:       7527 [1] pc=[00000000800009a0] W[r 0=0000000000000000][0] R[r26=0000000000000001] R[r 0=0000000000000000] inst=[000d0e63] beqz    s10, pc + 28
C0:       7528 [1] pc=[00000000800009a4] W[r13=0000000000000001][1] R[r 0=0000000000000000] R[r26=0000000000000001] inst=[000086ea] c.mv    a3, s10
C0:       7529 [1] pc=[00000000800009a6] W[r12=0000000080001f10][1] R[r 0=0000000000000000] R[r18=0000000080001f10] inst=[0000864a] c.mv    a2, s2
C0:       7530 [1] pc=[00000000800009a8] W[r11=0000000080002440][1] R[r 0=0000000000000000] R[r 9=0000000080002440] inst=[000085a6] c.mv    a1, s1
C0:       7531 [1] pc=[00000000800009aa] W[r10=0000000080002150][1] R[r 0=0000000000000000] R[r19=0000000080002150] inst=[0000854e] c.mv    a0, s3
C0:       7532 [1] pc=[00000000800009ac] W[r 1=00000000800009b0][1] R[r 0=0000000000000000] R[r 0=0000000000000000] inst=[f07ff0ef] jal     pc - 0xfa
C0:       7554 [1] pc=[00000000800008b2] W[r 2=000000008002ae30][1] R[r 2=000000008002ae60] R[r 0=0000000000000000] inst=[00007179] c.addi16sp sp, -48
C0:       7555 [1] pc=[00000000800008b4] W[r 0=0000000000000000][0] R[r 2=000000008002ae30] R[r 8=0000000080001f11] inst=[0000f022] c.sdsp  s0, 32(sp)
C0:       7556 [1] pc=[00000000800008b6] W[r 0=0000000000000000][0] R[r 2=000000008002ae30] R[r 9=0000000080002440] inst=[0000ec26] c.sdsp  s1, 24(sp)
C0:       7557 [1] pc=[00000000800008b8] W[r 0=0000000000000000][0] R[r 2=000000008002ae30] R[r18=0000000080001f10] inst=[0000e84a] c.sdsp  s2, 16(sp)
C0:       7558 [1] pc=[00000000800008ba] W[r 0=0000000000000000][0] R[r 2=000000008002ae30] R[r19=0000000080002150] inst=[0000e44e] c.sdsp  s3, 8(sp)
C0:       7559 [1] pc=[00000000800008bc] W[r 0=0000000000000000][0] R[r 2=000000008002ae30] R[r20=0000000000000000] inst=[0000e052] c.sdsp  s4, 0(sp)
C0:       7560 [1] pc=[00000000800008be] W[r 0=0000000000000000][0] R[r 2=000000008002ae30] R[r 1=00000000800009b0] inst=[0000f406] c.sdsp  ra, 40(sp)
C0:       7582 [1] pc=[00000000800008c0] W[r18=0000000080002150][1] R[r 0=0000000000000000] R[r10=0000000080002150] inst=[0000892a] c.mv    s2, a0
C0:       7583 [1] pc=[00000000800008c2] W[r19=0000000080002440][1] R[r 0=0000000000000000] R[r11=0000000080002440] inst=[000089ae] c.mv    s3, a1
C0:       7584 [1] pc=[00000000800008c4] W[r 8=0000000080001f10][1] R[r 0=0000000000000000] R[r12=0000000080001f10] inst=[00008432] c.mv    s0, a2
C0:       7585 [1] pc=[00000000800008c6] W[r 9=0000000080001f11][1] R[r12=0000000080001f10] R[r13=0000000000000001] inst=[00d604b3] add     s1, a2, a3
C0:       7586 [1] pc=[00000000800008ca] W[r20=ffffffffffffffff][1] R[r 0=0000000000000000] R[r 0=0000000000000000] inst=[00005a7d] c.li    s4, -1
C0:       7587 [1] pc=[00000000800008cc] W[r 0=0000000000000000][0] R[r 8=0000000080001f10] R[r 9=0000000080001f11] inst=[00941463] bne     s0, s1, pc + 8
C0:       7591 [1] pc=[00000000800008d4] W[r11=000000000000005b][1] R[r 8=0000000080001f10] R[r 0=0000000000000000] inst=[00044583] lbu     a1, 0(s0)
C0:       7592 [1] pc=[00000000800008d8] W[r12=0000000080002440][1] R[r 0=0000000000000000] R[r19=0000000080002440] inst=[0000864e] c.mv    a2, s3
C0:       7593 [1] pc=[00000000800008da] W[r10=0000000080002150][1] R[r 0=0000000000000000] R[r18=0000000080002150] inst=[0000854a] c.mv    a0, s2
C0:       7594 [1] pc=[00000000800008dc] W[r 1=00000000800008e0][1] R[r 0=0000000000000000] R[r 0=0000000000000000] inst=[fa7ff0ef] jal     pc - 0x5a
C0:       7595 [1] pc=[0000000080000882] W[r15=0000000000000000][1] R[r12=0000000080002440] R[r 0=0000000000000000] inst=[0000465c] c.lw    a5, 12(a2)
C0:       7597 [1] pc=[0000000080000884] W[r15=ffffffffffffffff][1] R[r15=0000000000000000] R[r 0=0000000000000000] inst=[000037fd] c.addiw a5, -1
C0:       7598 [1] pc=[0000000080000886] W[r 0=0000000000000000][0] R[r12=0000000080002440] R[r15=ffffffffffffffff] inst=[0000c65c] c.sw    a5, 12(a2)
C0:       7599 [1] pc=[0000000080000888] W[r13=ffffffff00000000][1] R[r15=ffffffffffffffff] R[r 0=0000000000000000] inst=[02079693] slli    a3, a5, 32
C0:       7600 [1] pc=[000000008000088c] W[r14=ffffffffffffffff][1] R[r15=ffffffffffffffff] R[r 0=0000000000000000] inst=[0007871b] sext.w  a4, a5
C0:       7601 [1] pc=[0000000080000890] W[r 0=0000000000000000][0] R[r13=ffffffff00000000] R[r 0=0000000000000000] inst=[0006d963] bgez    a3, pc + 18
C0:       7605 [1] pc=[0000000080000894] W[r15=fffffffffffffc00][1] R[r12=0000000080002440] R[r 0=0000000000000000] inst=[0000561c] c.lw    a5, 40(a2)
C0:       7607 [1] pc=[0000000080000896] W[r 0=0000000000000000][0] R[r14=ffffffffffffffff] R[r15=fffffffffffffc00] inst=[00f74563] blt     a4, a5, pc + 10
C0:       7608 [1] pc=[000000008000089a] W[r15=000000000000000a][1] R[r 0=0000000000000000] R[r 0=0000000000000000] inst=[000047a9] c.li    a5, 10
C0:       7609 [1] pc=[000000008000089c] W[r 0=0000000000000000][0] R[r11=000000000000005b] R[r15=000000000000000a] inst=[00f59363] bne     a1, a5, pc + 6
C0:       7613 [1] pc=[00000000800008a2] W[r15=0000000080002658][1] R[r12=0000000080002440] R[r 0=0000000000000000] inst=[0000621c] c.ld    a5, 0(a2)
C0:       7614 [1] pc=[00000000800008a4] W[r10=000000000000005b][1] R[r 0=0000000000000000] R[r11=000000000000005b] inst=[0000852e] c.mv    a0, a1
C0:       7615 [1] pc=[00000000800008a6] W[r14=0000000080002659][1] R[r15=0000000080002658] R[r 0=0000000000000000] inst=[00178713] addi    a4, a5, 1
C0:       7616 [1] pc=[00000000800008aa] W[r 0=0000000000000000][0] R[r12=0000000080002440] R[r14=0000000080002659] inst=[0000e218] c.sd    a4, 0(a2)
C0:       7617 [1] pc=[00000000800008ac] W[r 0=0000000000000000][0] R[r15=0000000080002658] R[r11=000000000000005b] inst=[00b78023] sb      a1, 0(a5)
C0:       7618 [1] pc=[00000000800008b0] W[r 0=00000000800008b2][1] R[r 1=00000000800008e0] R[r 0=0000000000000000] inst=[00008082] ret
C0:       7619 [1] pc=[00000000800008e0] W[r 8=0000000080001f11][1] R[r 8=0000000080001f10] R[r 0=0000000000000000] inst=[00000405] c.addi  s0, 1
C0:       7620 [1] pc=[00000000800008e2] W[r 0=0000000000000000][0] R[r10=000000000000005b] R[r20=ffffffffffffffff] inst=[ff4515e3] bne     a0, s4, pc - 22
C0:       7624 [1] pc=[00000000800008cc] W[r 0=0000000000000000][0] R[r 8=0000000080001f11] R[r 9=0000000080001f11] inst=[00941463] bne     s0, s1, pc + 8
C0:       7628 [1] pc=[00000000800008d0] W[r10=0000000000000000][1] R[r 0=0000000000000000] R[r 0=0000000000000000] inst=[00004501] c.li    a0, 0
C0:       7629 [1] pc=[00000000800008d2] W[r 0=00000000800008d4][1] R[r 0=0000000000000000] R[r 0=0000000000000000] inst=[0000a811] c.j     pc + 20
C0:       7630 [1] pc=[00000000800008e6] W[r 1=00000000800009b0][1] R[r 2=000000008002ae30] R[r 0=0000000000000000] inst=[000070a2] c.ldsp  ra, 40(sp)
C0:       7631 [1] pc=[00000000800008e8] W[r 8=0000000080001f11][1] R[r 2=000000008002ae30] R[r 0=0000000000000000] inst=[00007402] c.ldsp  s0, 32(sp)
C0:       7632 [1] pc=[00000000800008ea] W[r 9=0000000080002440][1] R[r 2=000000008002ae30] R[r 0=0000000000000000] inst=[000064e2] c.ldsp  s1, 24(sp)
C0:       7633 [1] pc=[00000000800008ec] W[r18=0000000080001f10][1] R[r 2=000000008002ae30] R[r 0=0000000000000000] inst=[00006942] c.ldsp  s2, 16(sp)
C0:       7634 [1] pc=[00000000800008ee] W[r19=0000000080002150][1] R[r 2=000000008002ae30] R[r 0=0000000000000000] inst=[000069a2] c.ldsp  s3, 8(sp)
C0:       7635 [1] pc=[00000000800008f0] W[r20=0000000000000000][1] R[r 2=000000008002ae30] R[r 0=0000000000000000] inst=[00006a02] c.ldsp  s4, 0(sp)
C0:       7636 [1] pc=[00000000800008f2] W[r 2=000000008002ae60][1] R[r 2=000000008002ae30] R[r 0=0000000000000000] inst=[00006145] c.addi16sp sp, 48
C0:       7637 [1] pc=[00000000800008f4] W[r 0=00000000800008f6][1] R[r 1=00000000800009b0] R[r 0=0000000000000000] inst=[00008082] ret
C0:       7638 [1] pc=[00000000800009b0] W[r 0=0000000000000000][0] R[r10=0000000000000000] R[r21=ffffffffffffffff] inst=[1f550d63] beq     a0, s5, pc + 506
C0:       7639 [1] pc=[00000000800009b4] W[r15=0000000000000000][1] R[r 2=000000008002ae60] R[r 0=0000000000000000] inst=[00005792] c.lwsp  a5, 36(sp)
C0:       7641 [1] pc=[00000000800009b6] W[r15=0000000000000001][1] R[r15=0000000000000000] R[r26=0000000000000001] inst=[01a787bb] addw    a5, a5, s10
C0:       7642 [1] pc=[00000000800009ba] W[r 0=0000000000000000][0] R[r 2=000000008002ae60] R[r15=0000000000000001] inst=[0000d23e] c.swsp  a5, 36(sp)
C0:       7643 [1] pc=[00000000800009bc] W[r15=0000000000000000][1] R[r 8=0000000080001f11] R[r 0=0000000000000000] inst=[00044783] lbu     a5, 0(s0)
C0:       7665 [1] pc=[00000000800009c0] W[r 0=0000000000000000][0] R[r15=0000000000000000] R[r 0=0000000000000000] inst=[1e078563] beqz    a5, pc + 490
C0:       7691 [1] pc=[0000000080000baa] W[r15=0000000000000089][1] R[r 9=0000000080002440] R[r 0=0000000000000000] inst=[0104d783] lhu     a5, 16(s1)
C0:       7694 [1] pc=[0000000080000bae] W[r15=0000000000000000][1] R[r15=0000000000000089] R[r 0=0000000000000000] inst=[0407f793] andi    a5, a5, 64
C0:       7695 [1] pc=[0000000080000bb2] W[r 0=0000000000000000][0] R[r15=0000000000000000] R[r 0=0000000000000000] inst=[ea0796e3] bnez    a5, pc - 340
C0:       7696 [1] pc=[0000000080000bb6] W[r10=0000000000000001][1] R[r 2=000000008002ae60] R[r 0=0000000000000000] inst=[00005512] c.lwsp  a0, 36(sp)
C0:       7697 [1] pc=[0000000080000bb8] W[r 0=0000000080000bba][1] R[r 0=0000000000000000] R[r 0=0000000000000000] inst=[0000b565] c.j     pc - 344
C0:       7698 [1] pc=[0000000080000a60] W[r 1=00000000800004a8][1] R[r 2=000000008002ae60] R[r 0=0000000000000000] inst=[000060ae] c.ldsp  ra, 200(sp)
C0:       7699 [1] pc=[0000000080000a62] W[r 8=0000000080001f10][1] R[r 2=000000008002ae60] R[r 0=0000000000000000] inst=[0000640e] c.ldsp  s0, 192(sp)
C0:       7700 [1] pc=[0000000080000a64] W[r 9=0000000000000000][1] R[r 2=000000008002ae60] R[r 0=0000000000000000] inst=[000074ea] c.ldsp  s1, 184(sp)
C0:       7701 [1] pc=[0000000080000a66] W[r18=0000000000000000][1] R[r 2=000000008002ae60] R[r 0=0000000000000000] inst=[0000794a] c.ldsp  s2, 176(sp)
C0:       7702 [1] pc=[0000000080000a68] W[r19=0000000000000000][1] R[r 2=000000008002ae60] R[r 0=0000000000000000] inst=[000079aa] c.ldsp  s3, 168(sp)
C0:       7703 [1] pc=[0000000080000a6a] W[r20=0000000000000000][1] R[r 2=000000008002ae60] R[r 0=0000000000000000] inst=[00007a0a] c.ldsp  s4, 160(sp)
C0:       7704 [1] pc=[0000000080000a6c] W[r21=0000000000000000][1] R[r 2=000000008002ae60] R[r 0=0000000000000000] inst=[00006aea] c.ldsp  s5, 152(sp)
C0:       7705 [1] pc=[0000000080000a6e] W[r22=0000000000000000][1] R[r 2=000000008002ae60] R[r 0=0000000000000000] inst=[00006b4a] c.ldsp  s6, 144(sp)
C0:       7706 [1] pc=[0000000080000a70] W[r23=0000000000000000][1] R[r 2=000000008002ae60] R[r 0=0000000000000000] inst=[00006baa] c.ldsp  s7, 136(sp)
C0:       7707 [1] pc=[0000000080000a72] W[r24=0000000000000000][1] R[r 2=000000008002ae60] R[r 0=0000000000000000] inst=[00006c0a] c.ldsp  s8, 128(sp)
C0:       7708 [1] pc=[0000000080000a74] W[r25=0000000000000000][1] R[r 2=000000008002ae60] R[r 0=0000000000000000] inst=[00007ce6] c.ldsp  s9, 120(sp)
C0:       7709 [1] pc=[0000000080000a76] W[r26=0000000000000000][1] R[r 2=000000008002ae60] R[r 0=0000000000000000] inst=[00007d46] c.ldsp  s10, 112(sp)
C0:       7710 [1] pc=[0000000080000a78] W[r 2=000000008002af30][1] R[r 2=000000008002ae60] R[r 0=0000000000000000] inst=[00006169] c.addi16sp sp, 208
C0:       7711 [1] pc=[0000000080000a7a] W[r 0=0000000080000a7c][1] R[r 1=00000000800004a8] R[r 0=0000000000000000] inst=[00008082] ret
C0:       7715 [1] pc=[00000000800004a8] W[r 1=000000008000038e][1] R[r 2=000000008002af30] R[r 0=0000000000000000] inst=[000070a2] c.ldsp  ra, 40(sp)
C0:       7716 [1] pc=[00000000800004aa] W[r 8=000000008002b000][1] R[r 2=000000008002af30] R[r 0=0000000000000000] inst=[00007402] c.ldsp  s0, 32(sp)
C0:       7717 [1] pc=[00000000800004ac] W[r 2=000000008002afa0][1] R[r 2=000000008002af30] R[r 0=0000000000000000] inst=[00006165] c.addi16sp sp, 112
C0:       7718 [1] pc=[00000000800004ae] W[r 0=00000000800004b0][1] R[r 1=000000008000038e] R[r 0=0000000000000000] inst=[00008082] ret
C0:       7723 [1] pc=[000000008000038e] W[r 0=0000000000000000][0] R[r 8=000000008002b000] R[r 0=0000000000000000] inst=[fc042e23] sw      zero, -36(s0)
C0:       7724 [1] pc=[0000000080000392] W[r 0=0000000080000394][1] R[r 0=0000000000000000] R[r 0=0000000000000000] inst=[0000a0a9] c.j     pc + 74
C0:       7746 [1] pc=[00000000800003dc] W[r15=0000000000000000][1] R[r 8=000000008002b000] R[r 0=0000000000000000] inst=[fdc42783] lw      a5, -36(s0)
C0:       7748 [1] pc=[00000000800003e0] W[r14=0000000000000000][1] R[r15=0000000000000000] R[r 0=0000000000000000] inst=[0007871b] sext.w  a4, a5
C0:       7749 [1] pc=[00000000800003e4] W[r15=0000000000000001][1] R[r 0=0000000000000000] R[r 0=0000000000000000] inst=[00004785] c.li    a5, 1
C0:       7750 [1] pc=[00000000800003e6] W[r 0=0000000000000000][0] R[r15=0000000000000001] R[r14=0000000000000000] inst=[fae7d7e3] bge     a5, a4, pc - 82
C0:       7754 [1] pc=[0000000080000394] W[r10=0000000080002394][1] R[r 0=0000000000000000] R[r 0=0000000000000000] inst=[00002517] auipc   a0, 0x2
C0:       7755 [1] pc=[0000000080000398] W[r10=0000000080001f10][1] R[r10=0000000080002394] R[r 0=0000000000000000] inst=[b7c50513] addi    a0, a0, -1156
C0:       7756 [1] pc=[000000008000039c] W[r 1=00000000800003a0][1] R[r 0=0000000000000000] R[r 0=0000000000000000] inst=[0d4000ef] jal     pc + 0xd4
C0:       7779 [1] pc=[0000000080000470] W[r 2=000000008002af30][1] R[r 2=000000008002afa0] R[r 0=0000000000000000] inst=[00007159] c.addi16sp sp, -112
C0:       7780 [1] pc=[0000000080000472] W[r 0=0000000000000000][0] R[r 2=000000008002af30] R[r 8=000000008002b000] inst=[0000f022] c.sdsp  s0, 32(sp)
C0:       7781 [1] pc=[0000000080000474] W[r 0=0000000000000000][0] R[r 2=000000008002af30] R[r 1=00000000800003a0] inst=[0000f406] c.sdsp  ra, 40(sp)
C0:       7782 [1] pc=[0000000080000476] W[r 8=0000000080001f10][1] R[r 0=0000000000000000] R[r10=0000000080001f10] inst=[0000842a] c.mv    s0, a0
C0:       7783 [1] pc=[0000000080000478] W[r 0=0000000000000000][0] R[r 2=000000008002af30] R[r11=000000000000005b] inst=[0000fc2e] c.sdsp  a1, 56(sp)
C0:       7784 [1] pc=[000000008000047a] W[r 0=0000000000000000][0] R[r 2=000000008002af30] R[r12=0000000080002440] inst=[0000e0b2] c.sdsp  a2, 64(sp)
C0:       7785 [1] pc=[000000008000047c] W[r 0=0000000000000000][0] R[r 2=000000008002af30] R[r13=ffffffff00000000] inst=[0000e4b6] c.sdsp  a3, 72(sp)
C0:       7786 [1] pc=[000000008000047e] W[r 0=0000000000000000][0] R[r 2=000000008002af30] R[r14=0000000000000000] inst=[0000e8ba] c.sdsp  a4, 80(sp)
C0:       7787 [1] pc=[0000000080000480] W[r 0=0000000000000000][0] R[r 2=000000008002af30] R[r15=0000000000000001] inst=[0000ecbe] c.sdsp  a5, 88(sp)
C0:       7788 [1] pc=[0000000080000482] W[r 0=0000000000000000][0] R[r 2=000000008002af30] R[r16=000000000000001f] inst=[0000f0c2] c.sdsp  a6, 96(sp)
C0:       7789 [1] pc=[0000000080000484] W[r 0=0000000000000000][0] R[r 2=000000008002af30] R[r17=0000000000000000] inst=[0000f4c6] c.sdsp  a7, 104(sp)
C0:       7790 [1] pc=[0000000080000486] W[r10=0000000080002486][1] R[r 0=0000000000000000] R[r 0=0000000000000000] inst=[00002517] auipc   a0, 0x2
C0:       7791 [1] pc=[000000008000048a] W[r10=0000000080002150][1] R[r10=0000000080002486] R[r 0=0000000000000000] inst=[d7a53503] ld      a0, -646(a0)
C0:       7793 [1] pc=[000000008000048e] W[r 0=0000000000000000][0] R[r10=0000000080002150] R[r 0=0000000000000000] inst=[0000c519] c.beqz  a0, pc + 14
C0:       7794 [1] pc=[0000000080000490] W[r15=0000000000000001][1] R[r10=0000000080002150] R[r 0=0000000000000000] inst=[0000591c] c.lw    a5, 48(a0)
C0:       7796 [1] pc=[0000000080000492] W[r 0=0000000000000000][0] R[r15=0000000000000001] R[r 0=0000000000000000] inst=[0000e789] c.bnez  a5, pc + 10
C0:       7800 [1] pc=[000000008000049c] W[r11=0000000080002440][1] R[r10=0000000080002150] R[r 0=0000000000000000] inst=[0000690c] c.ld    a1, 16(a0)
C0:       7801 [1] pc=[000000008000049e] W[r13=000000008002af68][1] R[r 2=000000008002af30] R[r 0=0000000000000000] inst=[00001834] c.addi4spn a3, sp, 56
C0:       7802 [1] pc=[00000000800004a0] W[r12=0000000080001f10][1] R[r 0=0000000000000000] R[r 8=0000000080001f10] inst=[00008622] c.mv    a2, s0
C0:       7803 [1] pc=[00000000800004a2] W[r 0=0000000000000000][0] R[r 2=000000008002af30] R[r13=000000008002af68] inst=[0000ec36] c.sdsp  a3, 24(sp)
C0:       7804 [1] pc=[00000000800004a4] W[r 1=00000000800004a8][1] R[r 0=0000000000000000] R[r 0=0000000000000000] inst=[47a000ef] jal     pc + 0x47a
C0:       7805 [1] pc=[000000008000091e] W[r 2=000000008002ae60][1] R[r 2=000000008002af30] R[r 0=0000000000000000] inst=[00007155] c.addi16sp sp, -208
C0:       7806 [1] pc=[0000000080000920] W[r 0=0000000000000000][0] R[r 2=000000008002ae60] R[r 8=0000000080001f10] inst=[0000e1a2] c.sdsp  s0, 192(sp)
C0:       7807 [1] pc=[0000000080000922] W[r 0=0000000000000000][0] R[r 2=000000008002ae60] R[r 9=0000000000000000] inst=[0000fd26] c.sdsp  s1, 184(sp)
C0:       7808 [1] pc=[0000000080000924] W[r 0=0000000000000000][0] R[r 2=000000008002ae60] R[r18=0000000000000000] inst=[0000f94a] c.sdsp  s2, 176(sp)
C0:       7809 [1] pc=[0000000080000926] W[r 0=0000000000000000][0] R[r 2=000000008002ae60] R[r19=0000000000000000] inst=[0000f54e] c.sdsp  s3, 168(sp)
C0:       7810 [1] pc=[0000000080000928] W[r 0=0000000000000000][0] R[r 2=000000008002ae60] R[r20=0000000000000000] inst=[0000f152] c.sdsp  s4, 160(sp)
C0:       7811 [1] pc=[000000008000092a] W[r 0=0000000000000000][0] R[r 2=000000008002ae60] R[r 1=00000000800004a8] inst=[0000e586] c.sdsp  ra, 200(sp)
C0:       7812 [1] pc=[000000008000092c] W[r 0=0000000000000000][0] R[r 2=000000008002ae60] R[r21=0000000000000000] inst=[0000ed56] c.sdsp  s5, 152(sp)
C0:       7813 [1] pc=[000000008000092e] W[r 0=0000000000000000][0] R[r 2=000000008002ae60] R[r22=0000000000000000] inst=[0000e95a] c.sdsp  s6, 144(sp)
C0:       7814 [1] pc=[0000000080000930] W[r 0=0000000000000000][0] R[r 2=000000008002ae60] R[r23=0000000000000000] inst=[0000e55e] c.sdsp  s7, 136(sp)
C0:       7815 [1] pc=[0000000080000932] W[r 0=0000000000000000][0] R[r 2=000000008002ae60] R[r24=0000000000000000] inst=[0000e162] c.sdsp  s8, 128(sp)
C0:       7816 [1] pc=[0000000080000934] W[r 0=0000000000000000][0] R[r 2=000000008002ae60] R[r25=0000000000000000] inst=[0000fce6] c.sdsp  s9, 120(sp)
C0:       7817 [1] pc=[0000000080000936] W[r 0=0000000000000000][0] R[r 2=000000008002ae60] R[r26=0000000000000000] inst=[0000f8ea] c.sdsp  s10, 112(sp)
C0:       7818 [1] pc=[0000000080000938] W[r19=0000000080002150][1] R[r 0=0000000000000000] R[r10=0000000080002150] inst=[000089aa] c.mv    s3, a0
C0:       7819 [1] pc=[000000008000093a] W[r 9=0000000080002440][1] R[r 0=0000000000000000] R[r11=0000000080002440] inst=[000084ae] c.mv    s1, a1
C0:       7820 [1] pc=[000000008000093c] W[r18=0000000080001f10][1] R[r 0=0000000000000000] R[r12=0000000080001f10] inst=[00008932] c.mv    s2, a2
C0:       7821 [1] pc=[000000008000093e] W[r 8=000000008002af68][1] R[r 0=0000000000000000] R[r13=000000008002af68] inst=[00008436] c.mv    s0, a3
C0:       7822 [1] pc=[0000000080000940] W[r20=0000000000000000][1] R[r 0=0000000000000000] R[r 0=0000000000000000] inst=[00004a01] c.li    s4, 0
C0:       7823 [1] pc=[0000000080000942] W[r 0=0000000000000000][0] R[r10=0000000080002150] R[r 0=0000000000000000] inst=[0000c509] c.beqz  a0, pc + 10
C0:       7824 [1] pc=[0000000080000944] W[r15=0000000000000001][1] R[r10=0000000080002150] R[r 0=0000000000000000] inst=[0000591c] c.lw    a5, 48(a0)
C0:       7826 [1] pc=[0000000080000946] W[r 0=0000000000000000][0] R[r15=0000000000000001] R[r 0=0000000000000000] inst=[0000e399] c.bnez  a5, pc + 6
C0:       7830 [1] pc=[000000008000094c] W[r15=000000008000194c][1] R[r 0=0000000000000000] R[r 0=0000000000000000] inst=[00001797] auipc   a5, 0x1
C0:       7831 [1] pc=[0000000080000950] W[r15=0000000080001fb0][1] R[r15=000000008000194c] R[r 0=0000000000000000] inst=[66478793] addi    a5, a5, 1636
C0:       7832 [1] pc=[0000000080000954] W[r 0=0000000000000000][0] R[r 9=0000000080002440] R[r15=0000000080001fb0] inst=[0cf49e63] bne     s1, a5, pc + 220
C0:       7836 [1] pc=[0000000080000a30] W[r15=0000000080001a30][1] R[r 0=0000000000000000] R[r 0=0000000000000000] inst=[00001797] auipc   a5, 0x1
C0:       7837 [1] pc=[0000000080000a34] W[r15=0000000080001fe8][1] R[r15=0000000080001a30] R[r 0=0000000000000000] inst=[5b878793] addi    a5, a5, 1464
C0:       7838 [1] pc=[0000000080000a38] W[r 0=0000000000000000][0] R[r 9=0000000080002440] R[r15=0000000080001fe8] inst=[00f49563] bne     s1, a5, pc + 10
C0:       7843 [1] pc=[0000000080000a42] W[r15=0000000080001a42][1] R[r 0=0000000000000000] R[r 0=0000000000000000] inst=[00001797] auipc   a5, 0x1
C0:       7844 [1] pc=[0000000080000a46] W[r15=0000000080001f78][1] R[r15=0000000080001a42] R[r 0=0000000000000000] inst=[53678793] addi    a5, a5, 1334
C0:       7845 [1] pc=[0000000080000a4a] W[r 0=0000000000000000][0] R[r 9=0000000080002440] R[r15=0000000080001f78] inst=[f0f499e3] bne     s1, a5, pc - 238
C0:       7849 [1] pc=[000000008000095c] W[r15=0000000000000089][1] R[r 9=0000000080002440] R[r 0=0000000000000000] inst=[0104d783] lhu     a5, 16(s1)
C0:       7852 [1] pc=[0000000080000960] W[r15=0000000000000008][1] R[r15=0000000000000089] R[r 0=0000000000000000] inst=[00008ba1] c.andi  a5, 8
C0:       7853 [1] pc=[0000000080000962] W[r 0=0000000000000000][0] R[r15=0000000000000008] R[r 0=0000000000000000] inst=[0000cbed] c.beqz  a5, pc + 242
C0:       7854 [1] pc=[0000000080000964] W[r15=0000000080002658][1] R[r 9=0000000080002440] R[r 0=0000000000000000] inst=[00006c9c] c.ld    a5, 24(s1)
C0:       7856 [1] pc=[0000000080000966] W[r 0=0000000000000000][0] R[r15=0000000080002658] R[r 0=0000000000000000] inst=[0000c7fd] c.beqz  a5, pc + 238
C0:       7860 [1] pc=[0000000080000968] W[r15=0000000000000020][1] R[r 0=0000000000000000] R[r 0=0000000000000000] inst=[02000793] li      a5, 32
C0:       7861 [1] pc=[000000008000096c] W[r 0=0000000000000000][0] R[r 2=000000008002ae60] R[r15=0000000000000020] inst=[02f104a3] sb      a5, 41(sp)
C0:       7862 [1] pc=[0000000080000970] W[r21=ffffffffffffffff][1] R[r 0=0000000000000000] R[r 0=0000000000000000] inst=[00005afd] c.li    s5, -1
C0:       7863 [1] pc=[0000000080000972] W[r15=0000000000000030][1] R[r 0=0000000000000000] R[r 0=0000000000000000] inst=[03000793] li      a5, 48
C0:       7864 [1] pc=[0000000080000976] W[r 0=0000000000000000][0] R[r 2=000000008002ae60] R[r 0=0000000000000000] inst=[0000d202] c.swsp  zero, 36(sp)
C0:       7865 [1] pc=[0000000080000978] W[r 0=0000000000000000][0] R[r 2=000000008002ae60] R[r15=0000000000000030] inst=[02f10523] sb      a5, 42(sp)
C0:       7866 [1] pc=[000000008000097c] W[r 0=0000000000000000][0] R[r 2=000000008002ae60] R[r 8=000000008002af68] inst=[0000e422] c.sdsp  s0, 8(sp)
C0:       7867 [1] pc=[000000008000097e] W[r23=0000000000000025][1] R[r 0=0000000000000000] R[r 0=0000000000000000] inst=[02500b93] li      s7, 37
C0:       7868 [1] pc=[0000000080000982] W[r24=ffffffff00000000][1] R[r21=ffffffffffffffff] R[r 0=0000000000000000] inst=[020a9c13] slli    s8, s5, 32
C0:       7869 [1] pc=[0000000080000986] W[r22=0000000080001986][1] R[r 0=0000000000000000] R[r 0=0000000000000000] inst=[00001b17] auipc   s6, 0x1
C0:       7870 [1] pc=[000000008000098a] W[r22=0000000080002020][1] R[r22=0000000080001986] R[r 0=0000000000000000] inst=[69ab0b13] addi    s6, s6, 1690
C0:       7871 [1] pc=[000000008000098e] W[r25=0000000000000001][1] R[r 0=0000000000000000] R[r 0=0000000000000000] inst=[00004c85] c.li    s9, 1
C0:       7872 [1] pc=[0000000080000990] W[r 8=0000000080001f10][1] R[r 0=0000000000000000] R[r18=0000000080001f10] inst=[0000844a] c.mv    s0, s2
C0:       7873 [1] pc=[0000000080000992] W[r15=000000000000005b][1] R[r 8=0000000080001f10] R[r 0=0000000000000000] inst=[00044783] lbu     a5, 0(s0)
C0:       7876 [1] pc=[0000000080000996] W[r 0=0000000000000000][0] R[r15=000000000000005b] R[r 0=0000000000000000] inst=[0000c399] c.beqz  a5, pc + 6
C0:       7877 [1] pc=[0000000080000998] W[r 0=0000000000000000][0] R[r15=000000000000005b] R[r23=0000000000000025] inst=[0f779263] bne     a5, s7, pc + 228
C0:       7881 [1] pc=[0000000080000a7c] W[r 8=0000000080001f11][1] R[r 8=0000000080001f10] R[r 0=0000000000000000] inst=[00000405] c.addi  s0, 1
C0:       7882 [1] pc=[0000000080000a7e] W[r 0=0000000080000a80][1] R[r 0=0000000000000000] R[r 0=0000000000000000] inst=[0000bf11] c.j     pc - 236
C0:       7883 [1] pc=[0000000080000992] W[r15=0000000000000000][1] R[r 8=0000000080001f11] R[r 0=0000000000000000] inst=[00044783] lbu     a5, 0(s0)
C0:       7886 [1] pc=[0000000080000996] W[r 0=0000000000000000][0] R[r15=0000000000000000] R[r 0=0000000000000000] inst=[0000c399] c.beqz  a5, pc + 6
C0:       7887 [1] pc=[000000008000099c] W[r26=0000000000000001][1] R[r 8=0000000080001f11] R[r18=0000000080001f10] inst=[41240d3b] subw    s10, s0, s2
C0:       7888 [1] pc=[00000000800009a0] W[r 0=0000000000000000][0] R[r26=0000000000000001] R[r 0=0000000000000000] inst=[000d0e63] beqz    s10, pc + 28
C0:       7889 [1] pc=[00000000800009a4] W[r13=0000000000000001][1] R[r 0=0000000000000000] R[r26=0000000000000001] inst=[000086ea] c.mv    a3, s10
C0:       7890 [1] pc=[00000000800009a6] W[r12=0000000080001f10][1] R[r 0=0000000000000000] R[r18=0000000080001f10] inst=[0000864a] c.mv    a2, s2
C0:       7891 [1] pc=[00000000800009a8] W[r11=0000000080002440][1] R[r 0=0000000000000000] R[r 9=0000000080002440] inst=[000085a6] c.mv    a1, s1
C0:       7892 [1] pc=[00000000800009aa] W[r10=0000000080002150][1] R[r 0=0000000000000000] R[r19=0000000080002150] inst=[0000854e] c.mv    a0, s3
C0:       7893 [1] pc=[00000000800009ac] W[r 1=00000000800009b0][1] R[r 0=0000000000000000] R[r 0=0000000000000000] inst=[f07ff0ef] jal     pc - 0xfa
C0:       7894 [1] pc=[00000000800008b2] W[r 2=000000008002ae30][1] R[r 2=000000008002ae60] R[r 0=0000000000000000] inst=[00007179] c.addi16sp sp, -48
C0:       7895 [1] pc=[00000000800008b4] W[r 0=0000000000000000][0] R[r 2=000000008002ae30] R[r 8=0000000080001f11] inst=[0000f022] c.sdsp  s0, 32(sp)
C0:       7896 [1] pc=[00000000800008b6] W[r 0=0000000000000000][0] R[r 2=000000008002ae30] R[r 9=0000000080002440] inst=[0000ec26] c.sdsp  s1, 24(sp)
C0:       7897 [1] pc=[00000000800008b8] W[r 0=0000000000000000][0] R[r 2=000000008002ae30] R[r18=0000000080001f10] inst=[0000e84a] c.sdsp  s2, 16(sp)
C0:       7898 [1] pc=[00000000800008ba] W[r 0=0000000000000000][0] R[r 2=000000008002ae30] R[r19=0000000080002150] inst=[0000e44e] c.sdsp  s3, 8(sp)
C0:       7899 [1] pc=[00000000800008bc] W[r 0=0000000000000000][0] R[r 2=000000008002ae30] R[r20=0000000000000000] inst=[0000e052] c.sdsp  s4, 0(sp)
C0:       7900 [1] pc=[00000000800008be] W[r 0=0000000000000000][0] R[r 2=000000008002ae30] R[r 1=00000000800009b0] inst=[0000f406] c.sdsp  ra, 40(sp)
C0:       7901 [1] pc=[00000000800008c0] W[r18=0000000080002150][1] R[r 0=0000000000000000] R[r10=0000000080002150] inst=[0000892a] c.mv    s2, a0
C0:       7902 [1] pc=[00000000800008c2] W[r19=0000000080002440][1] R[r 0=0000000000000000] R[r11=0000000080002440] inst=[000089ae] c.mv    s3, a1
C0:       7903 [1] pc=[00000000800008c4] W[r 8=0000000080001f10][1] R[r 0=0000000000000000] R[r12=0000000080001f10] inst=[00008432] c.mv    s0, a2
C0:       7904 [1] pc=[00000000800008c6] W[r 9=0000000080001f11][1] R[r12=0000000080001f10] R[r13=0000000000000001] inst=[00d604b3] add     s1, a2, a3
C0:       7905 [1] pc=[00000000800008ca] W[r20=ffffffffffffffff][1] R[r 0=0000000000000000] R[r 0=0000000000000000] inst=[00005a7d] c.li    s4, -1
C0:       7906 [1] pc=[00000000800008cc] W[r 0=0000000000000000][0] R[r 8=0000000080001f10] R[r 9=0000000080001f11] inst=[00941463] bne     s0, s1, pc + 8
C0:       7910 [1] pc=[00000000800008d4] W[r11=000000000000005b][1] R[r 8=0000000080001f10] R[r 0=0000000000000000] inst=[00044583] lbu     a1, 0(s0)
C0:       7911 [1] pc=[00000000800008d8] W[r12=0000000080002440][1] R[r 0=0000000000000000] R[r19=0000000080002440] inst=[0000864e] c.mv    a2, s3
C0:       7912 [1] pc=[00000000800008da] W[r10=0000000080002150][1] R[r 0=0000000000000000] R[r18=0000000080002150] inst=[0000854a] c.mv    a0, s2
C0:       7913 [1] pc=[00000000800008dc] W[r 1=00000000800008e0][1] R[r 0=0000000000000000] R[r 0=0000000000000000] inst=[fa7ff0ef] jal     pc - 0x5a
C0:       7914 [1] pc=[0000000080000882] W[r15=ffffffffffffffff][1] R[r12=0000000080002440] R[r 0=0000000000000000] inst=[0000465c] c.lw    a5, 12(a2)
C0:       7916 [1] pc=[0000000080000884] W[r15=fffffffffffffffe][1] R[r15=ffffffffffffffff] R[r 0=0000000000000000] inst=[000037fd] c.addiw a5, -1
C0:       7917 [1] pc=[0000000080000886] W[r 0=0000000000000000][0] R[r12=0000000080002440] R[r15=fffffffffffffffe] inst=[0000c65c] c.sw    a5, 12(a2)
C0:       7918 [1] pc=[0000000080000888] W[r13=fffffffe00000000][1] R[r15=fffffffffffffffe] R[r 0=0000000000000000] inst=[02079693] slli    a3, a5, 32
C0:       7919 [1] pc=[000000008000088c] W[r14=fffffffffffffffe][1] R[r15=fffffffffffffffe] R[r 0=0000000000000000] inst=[0007871b] sext.w  a4, a5
C0:       7920 [1] pc=[0000000080000890] W[r 0=0000000000000000][0] R[r13=fffffffe00000000] R[r 0=0000000000000000] inst=[0006d963] bgez    a3, pc + 18
C0:       7921 [1] pc=[0000000080000894] W[r15=fffffffffffffc00][1] R[r12=0000000080002440] R[r 0=0000000000000000] inst=[0000561c] c.lw    a5, 40(a2)
C0:       7923 [1] pc=[0000000080000896] W[r 0=0000000000000000][0] R[r14=fffffffffffffffe] R[r15=fffffffffffffc00] inst=[00f74563] blt     a4, a5, pc + 10
C0:       7924 [1] pc=[000000008000089a] W[r15=000000000000000a][1] R[r 0=0000000000000000] R[r 0=0000000000000000] inst=[000047a9] c.li    a5, 10
C0:       7925 [1] pc=[000000008000089c] W[r 0=0000000000000000][0] R[r11=000000000000005b] R[r15=000000000000000a] inst=[00f59363] bne     a1, a5, pc + 6
C0:       7929 [1] pc=[00000000800008a2] W[r15=0000000080002659][1] R[r12=0000000080002440] R[r 0=0000000000000000] inst=[0000621c] c.ld    a5, 0(a2)
C0:       7930 [1] pc=[00000000800008a4] W[r10=000000000000005b][1] R[r 0=0000000000000000] R[r11=000000000000005b] inst=[0000852e] c.mv    a0, a1
C0:       7931 [1] pc=[00000000800008a6] W[r14=000000008000265a][1] R[r15=0000000080002659] R[r 0=0000000000000000] inst=[00178713] addi    a4, a5, 1
C0:       7932 [1] pc=[00000000800008aa] W[r 0=0000000000000000][0] R[r12=0000000080002440] R[r14=000000008000265a] inst=[0000e218] c.sd    a4, 0(a2)
C0:       7933 [1] pc=[00000000800008ac] W[r 0=0000000000000000][0] R[r15=0000000080002659] R[r11=000000000000005b] inst=[00b78023] sb      a1, 0(a5)
C0:       7934 [1] pc=[00000000800008b0] W[r 0=00000000800008b2][1] R[r 1=00000000800008e0] R[r 0=0000000000000000] inst=[00008082] ret
C0:       7935 [1] pc=[00000000800008e0] W[r 8=0000000080001f11][1] R[r 8=0000000080001f10] R[r 0=0000000000000000] inst=[00000405] c.addi  s0, 1
C0:       7936 [1] pc=[00000000800008e2] W[r 0=0000000000000000][0] R[r10=000000000000005b] R[r20=ffffffffffffffff] inst=[ff4515e3] bne     a0, s4, pc - 22
C0:       7937 [1] pc=[00000000800008cc] W[r 0=0000000000000000][0] R[r 8=0000000080001f11] R[r 9=0000000080001f11] inst=[00941463] bne     s0, s1, pc + 8
C0:       7938 [1] pc=[00000000800008d0] W[r10=0000000000000000][1] R[r 0=0000000000000000] R[r 0=0000000000000000] inst=[00004501] c.li    a0, 0
C0:       7939 [1] pc=[00000000800008d2] W[r 0=00000000800008d4][1] R[r 0=0000000000000000] R[r 0=0000000000000000] inst=[0000a811] c.j     pc + 20
C0:       7940 [1] pc=[00000000800008e6] W[r 1=00000000800009b0][1] R[r 2=000000008002ae30] R[r 0=0000000000000000] inst=[000070a2] c.ldsp  ra, 40(sp)
C0:       7941 [1] pc=[00000000800008e8] W[r 8=0000000080001f11][1] R[r 2=000000008002ae30] R[r 0=0000000000000000] inst=[00007402] c.ldsp  s0, 32(sp)
C0:       7942 [1] pc=[00000000800008ea] W[r 9=0000000080002440][1] R[r 2=000000008002ae30] R[r 0=0000000000000000] inst=[000064e2] c.ldsp  s1, 24(sp)
C0:       7943 [1] pc=[00000000800008ec] W[r18=0000000080001f10][1] R[r 2=000000008002ae30] R[r 0=0000000000000000] inst=[00006942] c.ldsp  s2, 16(sp)
C0:       7944 [1] pc=[00000000800008ee] W[r19=0000000080002150][1] R[r 2=000000008002ae30] R[r 0=0000000000000000] inst=[000069a2] c.ldsp  s3, 8(sp)
C0:       7945 [1] pc=[00000000800008f0] W[r20=0000000000000000][1] R[r 2=000000008002ae30] R[r 0=0000000000000000] inst=[00006a02] c.ldsp  s4, 0(sp)
C0:       7946 [1] pc=[00000000800008f2] W[r 2=000000008002ae60][1] R[r 2=000000008002ae30] R[r 0=0000000000000000] inst=[00006145] c.addi16sp sp, 48
C0:       7947 [1] pc=[00000000800008f4] W[r 0=00000000800008f6][1] R[r 1=00000000800009b0] R[r 0=0000000000000000] inst=[00008082] ret
C0:       7948 [1] pc=[00000000800009b0] W[r 0=0000000000000000][0] R[r10=0000000000000000] R[r21=ffffffffffffffff] inst=[1f550d63] beq     a0, s5, pc + 506
C0:       7949 [1] pc=[00000000800009b4] W[r15=0000000000000000][1] R[r 2=000000008002ae60] R[r 0=0000000000000000] inst=[00005792] c.lwsp  a5, 36(sp)
C0:       7951 [1] pc=[00000000800009b6] W[r15=0000000000000001][1] R[r15=0000000000000000] R[r26=0000000000000001] inst=[01a787bb] addw    a5, a5, s10
C0:       7952 [1] pc=[00000000800009ba] W[r 0=0000000000000000][0] R[r 2=000000008002ae60] R[r15=0000000000000001] inst=[0000d23e] c.swsp  a5, 36(sp)
C0:       7953 [1] pc=[00000000800009bc] W[r15=0000000000000000][1] R[r 8=0000000080001f11] R[r 0=0000000000000000] inst=[00044783] lbu     a5, 0(s0)
C0:       7956 [1] pc=[00000000800009c0] W[r 0=0000000000000000][0] R[r15=0000000000000000] R[r 0=0000000000000000] inst=[1e078563] beqz    a5, pc + 490
C0:       7961 [1] pc=[0000000080000baa] W[r15=0000000000000089][1] R[r 9=0000000080002440] R[r 0=0000000000000000] inst=[0104d783] lhu     a5, 16(s1)
C0:       7964 [1] pc=[0000000080000bae] W[r15=0000000000000000][1] R[r15=0000000000000089] R[r 0=0000000000000000] inst=[0407f793] andi    a5, a5, 64
C0:       7965 [1] pc=[0000000080000bb2] W[r 0=0000000000000000][0] R[r15=0000000000000000] R[r 0=0000000000000000] inst=[ea0796e3] bnez    a5, pc - 340
C0:       7969 [1] pc=[0000000080000bb6] W[r10=0000000000000001][1] R[r 2=000000008002ae60] R[r 0=0000000000000000] inst=[00005512] c.lwsp  a0, 36(sp)
C0:       7970 [1] pc=[0000000080000bb8] W[r 0=0000000080000bba][1] R[r 0=0000000000000000] R[r 0=0000000000000000] inst=[0000b565] c.j     pc - 344
C0:       7972 [1] pc=[0000000080000a60] W[r 1=00000000800004a8][1] R[r 2=000000008002ae60] R[r 0=0000000000000000] inst=[000060ae] c.ldsp  ra, 200(sp)
C0:       7973 [1] pc=[0000000080000a62] W[r 8=0000000080001f10][1] R[r 2=000000008002ae60] R[r 0=0000000000000000] inst=[0000640e] c.ldsp  s0, 192(sp)
C0:       7974 [1] pc=[0000000080000a64] W[r 9=0000000000000000][1] R[r 2=000000008002ae60] R[r 0=0000000000000000] inst=[000074ea] c.ldsp  s1, 184(sp)
C0:       7975 [1] pc=[0000000080000a66] W[r18=0000000000000000][1] R[r 2=000000008002ae60] R[r 0=0000000000000000] inst=[0000794a] c.ldsp  s2, 176(sp)
C0:       7976 [1] pc=[0000000080000a68] W[r19=0000000000000000][1] R[r 2=000000008002ae60] R[r 0=0000000000000000] inst=[000079aa] c.ldsp  s3, 168(sp)
C0:       7977 [1] pc=[0000000080000a6a] W[r20=0000000000000000][1] R[r 2=000000008002ae60] R[r 0=0000000000000000] inst=[00007a0a] c.ldsp  s4, 160(sp)
C0:       7978 [1] pc=[0000000080000a6c] W[r21=0000000000000000][1] R[r 2=000000008002ae60] R[r 0=0000000000000000] inst=[00006aea] c.ldsp  s5, 152(sp)
C0:       7979 [1] pc=[0000000080000a6e] W[r22=0000000000000000][1] R[r 2=000000008002ae60] R[r 0=0000000000000000] inst=[00006b4a] c.ldsp  s6, 144(sp)
C0:       7980 [1] pc=[0000000080000a70] W[r23=0000000000000000][1] R[r 2=000000008002ae60] R[r 0=0000000000000000] inst=[00006baa] c.ldsp  s7, 136(sp)
C0:       7981 [1] pc=[0000000080000a72] W[r24=0000000000000000][1] R[r 2=000000008002ae60] R[r 0=0000000000000000] inst=[00006c0a] c.ldsp  s8, 128(sp)
C0:       7982 [1] pc=[0000000080000a74] W[r25=0000000000000000][1] R[r 2=000000008002ae60] R[r 0=0000000000000000] inst=[00007ce6] c.ldsp  s9, 120(sp)
C0:       7983 [1] pc=[0000000080000a76] W[r26=0000000000000000][1] R[r 2=000000008002ae60] R[r 0=0000000000000000] inst=[00007d46] c.ldsp  s10, 112(sp)
C0:       7984 [1] pc=[0000000080000a78] W[r 2=000000008002af30][1] R[r 2=000000008002ae60] R[r 0=0000000000000000] inst=[00006169] c.addi16sp sp, 208
C0:       7985 [1] pc=[0000000080000a7a] W[r 0=0000000080000a7c][1] R[r 1=00000000800004a8] R[r 0=0000000000000000] inst=[00008082] ret
C0:       7989 [1] pc=[00000000800004a8] W[r 1=00000000800003a0][1] R[r 2=000000008002af30] R[r 0=0000000000000000] inst=[000070a2] c.ldsp  ra, 40(sp)
C0:       7990 [1] pc=[00000000800004aa] W[r 8=000000008002b000][1] R[r 2=000000008002af30] R[r 0=0000000000000000] inst=[00007402] c.ldsp  s0, 32(sp)
C0:       7991 [1] pc=[00000000800004ac] W[r 2=000000008002afa0][1] R[r 2=000000008002af30] R[r 0=0000000000000000] inst=[00006165] c.addi16sp sp, 112
C0:       7992 [1] pc=[00000000800004ae] W[r 0=00000000800004b0][1] R[r 1=00000000800003a0] R[r 0=0000000000000000] inst=[00008082] ret
C0:       7996 [1] pc=[00000000800003a0] W[r15=0000000000000000][1] R[r 8=000000008002b000] R[r 0=0000000000000000] inst=[fdc42783] lw      a5, -36(s0)
C0:       7997 [1] pc=[00000000800003a4] W[r14=0000000000000000][1] R[r 8=000000008002b000] R[r 0=0000000000000000] inst=[fe042703] lw      a4, -32(s0)
C0:       7999 [1] pc=[00000000800003a8] W[r14=0000000000000000][1] R[r14=0000000000000000] R[r 0=0000000000000000] inst=[00000706] c.slli  a4, 1
C0:       8000 [1] pc=[00000000800003aa] W[r15=0000000000000000][1] R[r15=0000000000000000] R[r14=0000000000000000] inst=[000097ba] c.add   a5, a4
C0:       8001 [1] pc=[00000000800003ac] W[r15=0000000000000000][1] R[r15=0000000000000000] R[r 0=0000000000000000] inst=[0000078a] c.slli  a5, 2
C0:       8002 [1] pc=[00000000800003ae] W[r14=000000008002aff0][1] R[r 8=000000008002b000] R[r 0=0000000000000000] inst=[ff040713] addi    a4, s0, -16
C0:       8003 [1] pc=[00000000800003b2] W[r15=000000008002aff0][1] R[r15=0000000000000000] R[r14=000000008002aff0] inst=[000097ba] c.add   a5, a4
C0:       8004 [1] pc=[00000000800003b4] W[r15=0000000000000007][1] R[r15=000000008002aff0] R[r 0=0000000000000000] inst=[fb07a783] lw      a5, -80(a5)
C0:       8006 [1] pc=[00000000800003b8] W[r11=0000000000000007][1] R[r 0=0000000000000000] R[r15=0000000000000007] inst=[000085be] c.mv    a1, a5
C0:       8007 [1] pc=[00000000800003ba] W[r10=00000000800023ba][1] R[r 0=0000000000000000] R[r 0=0000000000000000] inst=[00002517] auipc   a0, 0x2
C0:       8008 [1] pc=[00000000800003be] W[r10=0000000080001f18][1] R[r10=00000000800023ba] R[r 0=0000000000000000] inst=[b5e50513] addi    a0, a0, -1186
C0:       8009 [1] pc=[00000000800003c2] W[r 1=00000000800003c6][1] R[r 0=0000000000000000] R[r 0=0000000000000000] inst=[0ae000ef] jal     pc + 0xae
C0:       8010 [1] pc=[0000000080000470] W[r 2=000000008002af30][1] R[r 2=000000008002afa0] R[r 0=0000000000000000] inst=[00007159] c.addi16sp sp, -112
C0:       8011 [1] pc=[0000000080000472] W[r 0=0000000000000000][0] R[r 2=000000008002af30] R[r 8=000000008002b000] inst=[0000f022] c.sdsp  s0, 32(sp)
C0:       8012 [1] pc=[0000000080000474] W[r 0=0000000000000000][0] R[r 2=000000008002af30] R[r 1=00000000800003c6] inst=[0000f406] c.sdsp  ra, 40(sp)
C0:       8013 [1] pc=[0000000080000476] W[r 8=0000000080001f18][1] R[r 0=0000000000000000] R[r10=0000000080001f18] inst=[0000842a] c.mv    s0, a0
C0:       8014 [1] pc=[0000000080000478] W[r 0=0000000000000000][0] R[r 2=000000008002af30] R[r11=0000000000000007] inst=[0000fc2e] c.sdsp  a1, 56(sp)
C0:       8015 [1] pc=[000000008000047a] W[r 0=0000000000000000][0] R[r 2=000000008002af30] R[r12=0000000080002440] inst=[0000e0b2] c.sdsp  a2, 64(sp)
C0:       8016 [1] pc=[000000008000047c] W[r 0=0000000000000000][0] R[r 2=000000008002af30] R[r13=fffffffe00000000] inst=[0000e4b6] c.sdsp  a3, 72(sp)
C0:       8017 [1] pc=[000000008000047e] W[r 0=0000000000000000][0] R[r 2=000000008002af30] R[r14=000000008002aff0] inst=[0000e8ba] c.sdsp  a4, 80(sp)
C0:       8018 [1] pc=[0000000080000480] W[r 0=0000000000000000][0] R[r 2=000000008002af30] R[r15=0000000000000007] inst=[0000ecbe] c.sdsp  a5, 88(sp)
C0:       8019 [1] pc=[0000000080000482] W[r 0=0000000000000000][0] R[r 2=000000008002af30] R[r16=000000000000001f] inst=[0000f0c2] c.sdsp  a6, 96(sp)
C0:       8020 [1] pc=[0000000080000484] W[r 0=0000000000000000][0] R[r 2=000000008002af30] R[r17=0000000000000000] inst=[0000f4c6] c.sdsp  a7, 104(sp)
C0:       8021 [1] pc=[0000000080000486] W[r10=0000000080002486][1] R[r 0=0000000000000000] R[r 0=0000000000000000] inst=[00002517] auipc   a0, 0x2
C0:       8022 [1] pc=[000000008000048a] W[r10=0000000080002150][1] R[r10=0000000080002486] R[r 0=0000000000000000] inst=[d7a53503] ld      a0, -646(a0)
C0:       8024 [1] pc=[000000008000048e] W[r 0=0000000000000000][0] R[r10=0000000080002150] R[r 0=0000000000000000] inst=[0000c519] c.beqz  a0, pc + 14
C0:       8025 [1] pc=[0000000080000490] W[r15=0000000000000001][1] R[r10=0000000080002150] R[r 0=0000000000000000] inst=[0000591c] c.lw    a5, 48(a0)
C0:       8027 [1] pc=[0000000080000492] W[r 0=0000000000000000][0] R[r15=0000000000000001] R[r 0=0000000000000000] inst=[0000e789] c.bnez  a5, pc + 10
C0:       8031 [1] pc=[000000008000049c] W[r11=0000000080002440][1] R[r10=0000000080002150] R[r 0=0000000000000000] inst=[0000690c] c.ld    a1, 16(a0)
C0:       8032 [1] pc=[000000008000049e] W[r13=000000008002af68][1] R[r 2=000000008002af30] R[r 0=0000000000000000] inst=[00001834] c.addi4spn a3, sp, 56
C0:       8033 [1] pc=[00000000800004a0] W[r12=0000000080001f18][1] R[r 0=0000000000000000] R[r 8=0000000080001f18] inst=[00008622] c.mv    a2, s0
C0:       8034 [1] pc=[00000000800004a2] W[r 0=0000000000000000][0] R[r 2=000000008002af30] R[r13=000000008002af68] inst=[0000ec36] c.sdsp  a3, 24(sp)
C0:       8035 [1] pc=[00000000800004a4] W[r 1=00000000800004a8][1] R[r 0=0000000000000000] R[r 0=0000000000000000] inst=[47a000ef] jal     pc + 0x47a
C0:       8036 [1] pc=[000000008000091e] W[r 2=000000008002ae60][1] R[r 2=000000008002af30] R[r 0=0000000000000000] inst=[00007155] c.addi16sp sp, -208
C0:       8037 [1] pc=[0000000080000920] W[r 0=0000000000000000][0] R[r 2=000000008002ae60] R[r 8=0000000080001f18] inst=[0000e1a2] c.sdsp  s0, 192(sp)
C0:       8038 [1] pc=[0000000080000922] W[r 0=0000000000000000][0] R[r 2=000000008002ae60] R[r 9=0000000000000000] inst=[0000fd26] c.sdsp  s1, 184(sp)
C0:       8039 [1] pc=[0000000080000924] W[r 0=0000000000000000][0] R[r 2=000000008002ae60] R[r18=0000000000000000] inst=[0000f94a] c.sdsp  s2, 176(sp)
C0:       8040 [1] pc=[0000000080000926] W[r 0=0000000000000000][0] R[r 2=000000008002ae60] R[r19=0000000000000000] inst=[0000f54e] c.sdsp  s3, 168(sp)
C0:       8041 [1] pc=[0000000080000928] W[r 0=0000000000000000][0] R[r 2=000000008002ae60] R[r20=0000000000000000] inst=[0000f152] c.sdsp  s4, 160(sp)
C0:       8042 [1] pc=[000000008000092a] W[r 0=0000000000000000][0] R[r 2=000000008002ae60] R[r 1=00000000800004a8] inst=[0000e586] c.sdsp  ra, 200(sp)
C0:       8043 [1] pc=[000000008000092c] W[r 0=0000000000000000][0] R[r 2=000000008002ae60] R[r21=0000000000000000] inst=[0000ed56] c.sdsp  s5, 152(sp)
C0:       8044 [1] pc=[000000008000092e] W[r 0=0000000000000000][0] R[r 2=000000008002ae60] R[r22=0000000000000000] inst=[0000e95a] c.sdsp  s6, 144(sp)
C0:       8045 [1] pc=[0000000080000930] W[r 0=0000000000000000][0] R[r 2=000000008002ae60] R[r23=0000000000000000] inst=[0000e55e] c.sdsp  s7, 136(sp)
C0:       8046 [1] pc=[0000000080000932] W[r 0=0000000000000000][0] R[r 2=000000008002ae60] R[r24=0000000000000000] inst=[0000e162] c.sdsp  s8, 128(sp)
C0:       8047 [1] pc=[0000000080000934] W[r 0=0000000000000000][0] R[r 2=000000008002ae60] R[r25=0000000000000000] inst=[0000fce6] c.sdsp  s9, 120(sp)
C0:       8048 [1] pc=[0000000080000936] W[r 0=0000000000000000][0] R[r 2=000000008002ae60] R[r26=0000000000000000] inst=[0000f8ea] c.sdsp  s10, 112(sp)
C0:       8049 [1] pc=[0000000080000938] W[r19=0000000080002150][1] R[r 0=0000000000000000] R[r10=0000000080002150] inst=[000089aa] c.mv    s3, a0
C0:       8050 [1] pc=[000000008000093a] W[r 9=0000000080002440][1] R[r 0=0000000000000000] R[r11=0000000080002440] inst=[000084ae] c.mv    s1, a1
C0:       8051 [1] pc=[000000008000093c] W[r18=0000000080001f18][1] R[r 0=0000000000000000] R[r12=0000000080001f18] inst=[00008932] c.mv    s2, a2
C0:       8052 [1] pc=[000000008000093e] W[r 8=000000008002af68][1] R[r 0=0000000000000000] R[r13=000000008002af68] inst=[00008436] c.mv    s0, a3
C0:       8053 [1] pc=[0000000080000940] W[r20=0000000000000000][1] R[r 0=0000000000000000] R[r 0=0000000000000000] inst=[00004a01] c.li    s4, 0
C0:       8054 [1] pc=[0000000080000942] W[r 0=0000000000000000][0] R[r10=0000000080002150] R[r 0=0000000000000000] inst=[0000c509] c.beqz  a0, pc + 10
C0:       8055 [1] pc=[0000000080000944] W[r15=0000000000000001][1] R[r10=0000000080002150] R[r 0=0000000000000000] inst=[0000591c] c.lw    a5, 48(a0)
C0:       8057 [1] pc=[0000000080000946] W[r 0=0000000000000000][0] R[r15=0000000000000001] R[r 0=0000000000000000] inst=[0000e399] c.bnez  a5, pc + 6
C0:       8058 [1] pc=[000000008000094c] W[r15=000000008000194c][1] R[r 0=0000000000000000] R[r 0=0000000000000000] inst=[00001797] auipc   a5, 0x1
C0:       8059 [1] pc=[0000000080000950] W[r15=0000000080001fb0][1] R[r15=000000008000194c] R[r 0=0000000000000000] inst=[66478793] addi    a5, a5, 1636
C0:       8060 [1] pc=[0000000080000954] W[r 0=0000000000000000][0] R[r 9=0000000080002440] R[r15=0000000080001fb0] inst=[0cf49e63] bne     s1, a5, pc + 220
C0:       8064 [1] pc=[0000000080000a30] W[r15=0000000080001a30][1] R[r 0=0000000000000000] R[r 0=0000000000000000] inst=[00001797] auipc   a5, 0x1
C0:       8065 [1] pc=[0000000080000a34] W[r15=0000000080001fe8][1] R[r15=0000000080001a30] R[r 0=0000000000000000] inst=[5b878793] addi    a5, a5, 1464
C0:       8066 [1] pc=[0000000080000a38] W[r 0=0000000000000000][0] R[r 9=0000000080002440] R[r15=0000000080001fe8] inst=[00f49563] bne     s1, a5, pc + 10
C0:       8071 [1] pc=[0000000080000a42] W[r15=0000000080001a42][1] R[r 0=0000000000000000] R[r 0=0000000000000000] inst=[00001797] auipc   a5, 0x1
C0:       8072 [1] pc=[0000000080000a46] W[r15=0000000080001f78][1] R[r15=0000000080001a42] R[r 0=0000000000000000] inst=[53678793] addi    a5, a5, 1334
C0:       8073 [1] pc=[0000000080000a4a] W[r 0=0000000000000000][0] R[r 9=0000000080002440] R[r15=0000000080001f78] inst=[f0f499e3] bne     s1, a5, pc - 238
C0:       8077 [1] pc=[000000008000095c] W[r15=0000000000000089][1] R[r 9=0000000080002440] R[r 0=0000000000000000] inst=[0104d783] lhu     a5, 16(s1)
C0:       8080 [1] pc=[0000000080000960] W[r15=0000000000000008][1] R[r15=0000000000000089] R[r 0=0000000000000000] inst=[00008ba1] c.andi  a5, 8
C0:       8081 [1] pc=[0000000080000962] W[r 0=0000000000000000][0] R[r15=0000000000000008] R[r 0=0000000000000000] inst=[0000cbed] c.beqz  a5, pc + 242
C0:       8082 [1] pc=[0000000080000964] W[r15=0000000080002658][1] R[r 9=0000000080002440] R[r 0=0000000000000000] inst=[00006c9c] c.ld    a5, 24(s1)
C0:       8084 [1] pc=[0000000080000966] W[r 0=0000000000000000][0] R[r15=0000000080002658] R[r 0=0000000000000000] inst=[0000c7fd] c.beqz  a5, pc + 238
C0:       8085 [1] pc=[0000000080000968] W[r15=0000000000000020][1] R[r 0=0000000000000000] R[r 0=0000000000000000] inst=[02000793] li      a5, 32
C0:       8086 [1] pc=[000000008000096c] W[r 0=0000000000000000][0] R[r 2=000000008002ae60] R[r15=0000000000000020] inst=[02f104a3] sb      a5, 41(sp)
C0:       8087 [1] pc=[0000000080000970] W[r21=ffffffffffffffff][1] R[r 0=0000000000000000] R[r 0=0000000000000000] inst=[00005afd] c.li    s5, -1
C0:       8088 [1] pc=[0000000080000972] W[r15=0000000000000030][1] R[r 0=0000000000000000] R[r 0=0000000000000000] inst=[03000793] li      a5, 48
C0:       8089 [1] pc=[0000000080000976] W[r 0=0000000000000000][0] R[r 2=000000008002ae60] R[r 0=0000000000000000] inst=[0000d202] c.swsp  zero, 36(sp)
C0:       8090 [1] pc=[0000000080000978] W[r 0=0000000000000000][0] R[r 2=000000008002ae60] R[r15=0000000000000030] inst=[02f10523] sb      a5, 42(sp)
C0:       8091 [1] pc=[000000008000097c] W[r 0=0000000000000000][0] R[r 2=000000008002ae60] R[r 8=000000008002af68] inst=[0000e422] c.sdsp  s0, 8(sp)
C0:       8092 [1] pc=[000000008000097e] W[r23=0000000000000025][1] R[r 0=0000000000000000] R[r 0=0000000000000000] inst=[02500b93] li      s7, 37
C0:       8093 [1] pc=[0000000080000982] W[r24=ffffffff00000000][1] R[r21=ffffffffffffffff] R[r 0=0000000000000000] inst=[020a9c13] slli    s8, s5, 32
C0:       8094 [1] pc=[0000000080000986] W[r22=0000000080001986][1] R[r 0=0000000000000000] R[r 0=0000000000000000] inst=[00001b17] auipc   s6, 0x1
C0:       8095 [1] pc=[000000008000098a] W[r22=0000000080002020][1] R[r22=0000000080001986] R[r 0=0000000000000000] inst=[69ab0b13] addi    s6, s6, 1690
C0:       8096 [1] pc=[000000008000098e] W[r25=0000000000000001][1] R[r 0=0000000000000000] R[r 0=0000000000000000] inst=[00004c85] c.li    s9, 1
C0:       8097 [1] pc=[0000000080000990] W[r 8=0000000080001f18][1] R[r 0=0000000000000000] R[r18=0000000080001f18] inst=[0000844a] c.mv    s0, s2
C0:       8098 [1] pc=[0000000080000992] W[r15=0000000000000025][1] R[r 8=0000000080001f18] R[r 0=0000000000000000] inst=[00044783] lbu     a5, 0(s0)
C0:       8101 [1] pc=[0000000080000996] W[r 0=0000000000000000][0] R[r15=0000000000000025] R[r 0=0000000000000000] inst=[0000c399] c.beqz  a5, pc + 6
C0:       8105 [1] pc=[0000000080000998] W[r 0=0000000000000000][0] R[r15=0000000000000025] R[r23=0000000000000025] inst=[0f779263] bne     a5, s7, pc + 228
C0:       8109 [1] pc=[000000008000099c] W[r26=0000000000000000][1] R[r 8=0000000080001f18] R[r18=0000000080001f18] inst=[41240d3b] subw    s10, s0, s2
C0:       8110 [1] pc=[00000000800009a0] W[r 0=0000000000000000][0] R[r26=0000000000000000] R[r 0=0000000000000000] inst=[000d0e63] beqz    s10, pc + 28
C0:       8114 [1] pc=[00000000800009bc] W[r15=0000000000000025][1] R[r 8=0000000080001f18] R[r 0=0000000000000000] inst=[00044783] lbu     a5, 0(s0)
C0:       8117 [1] pc=[00000000800009c0] W[r 0=0000000000000000][0] R[r15=0000000000000025] R[r 0=0000000000000000] inst=[1e078563] beqz    a5, pc + 490
C0:       8118 [1] pc=[00000000800009c4] W[r18=0000000080001f19][1] R[r 8=0000000080001f18] R[r 0=0000000000000000] inst=[00140913] addi    s2, s0, 1
C0:       8119 [1] pc=[00000000800009c8] W[r 0=0000000000000000][0] R[r 2=000000008002ae60] R[r24=ffffffff00000000] inst=[0000e862] c.sdsp  s8, 16(sp)
C0:       8120 [1] pc=[00000000800009ca] W[r 0=0000000000000000][0] R[r 2=000000008002ae60] R[r 0=0000000000000000] inst=[0000ec02] c.sdsp  zero, 24(sp)
C0:       8121 [1] pc=[00000000800009cc] W[r 0=0000000000000000][0] R[r 2=000000008002ae60] R[r 0=0000000000000000] inst=[040109a3] sb      zero, 83(sp)
C0:       8122 [1] pc=[00000000800009d0] W[r 0=0000000000000000][0] R[r 2=000000008002ae60] R[r 0=0000000000000000] inst=[0000d482] c.swsp  zero, 104(sp)
C0:       8123 [1] pc=[00000000800009d2] W[r11=0000000000000064][1] R[r18=0000000080001f19] R[r 0=0000000000000000] inst=[00094583] lbu     a1, 0(s2)
C0:       8124 [1] pc=[00000000800009d6] W[r12=0000000000000005][1] R[r 0=0000000000000000] R[r 0=0000000000000000] inst=[00004615] c.li    a2, 5
C0:       8125 [1] pc=[00000000800009d8] W[r10=0000000080002020][1] R[r 0=0000000000000000] R[r22=0000000080002020] inst=[0000855a] c.mv    a0, s6
C0:       8126 [1] pc=[00000000800009da] W[r 1=00000000800009de][1] R[r 0=0000000000000000] R[r 0=0000000000000000] inst=[307000ef] jal     pc + 0xb06
C0:       8127 [1] pc=[00000000800014e0] W[r11=0000000000000064][1] R[r11=0000000000000064] R[r 0=0000000000000000] inst=[0ff5f593] andi    a1, a1, 255
C0:       8128 [1] pc=[00000000800014e4] W[r12=0000000080002025][1] R[r12=0000000000000005] R[r10=0000000080002020] inst=[0000962a] c.add   a2, a0
C0:       8129 [1] pc=[00000000800014e6] W[r 0=0000000000000000][0] R[r10=0000000080002020] R[r12=0000000080002025] inst=[00c51463] bne     a0, a2, pc + 8
C0:       8148 [1] pc=[00000000800014ee] W[r15=0000000000000023][1] R[r10=0000000080002020] R[r 0=0000000000000000] inst=[00054783] lbu     a5, 0(a0)
C0:       8151 [1] pc=[00000000800014f2] W[r 0=0000000000000000][0] R[r15=0000000000000023] R[r11=0000000000000064] inst=[feb78de3] beq     a5, a1, pc - 6
C0:       8152 [1] pc=[00000000800014f6] W[r10=0000000080002021][1] R[r10=0000000080002020] R[r 0=0000000000000000] inst=[00000505] c.addi  a0, 1
C0:       8153 [1] pc=[00000000800014f8] W[r 0=00000000800014fa][1] R[r 0=0000000000000000] R[r 0=0000000000000000] inst=[0000b7fd] c.j     pc - 18
C0:       8154 [1] pc=[00000000800014e6] W[r 0=0000000000000000][0] R[r10=0000000080002021] R[r12=0000000080002025] inst=[00c51463] bne     a0, a2, pc + 8
C0:       8159 [1] pc=[00000000800014ee] W[r15=000000000000002d][1] R[r10=0000000080002021] R[r 0=0000000000000000] inst=[00054783] lbu     a5, 0(a0)
C0:       8162 [1] pc=[00000000800014f2] W[r 0=0000000000000000][0] R[r15=000000000000002d] R[r11=0000000000000064] inst=[feb78de3] beq     a5, a1, pc - 6
C0:       8163 [1] pc=[00000000800014f6] W[r10=0000000080002022][1] R[r10=0000000080002021] R[r 0=0000000000000000] inst=[00000505] c.addi  a0, 1
C0:       8164 [1] pc=[00000000800014f8] W[r 0=00000000800014fa][1] R[r 0=0000000000000000] R[r 0=0000000000000000] inst=[0000b7fd] c.j     pc - 18
C0:       8165 [1] pc=[00000000800014e6] W[r 0=0000000000000000][0] R[r10=0000000080002022] R[r12=0000000080002025] inst=[00c51463] bne     a0, a2, pc + 8
C0:       8170 [1] pc=[00000000800014ee] W[r15=0000000000000030][1] R[r10=0000000080002022] R[r 0=0000000000000000] inst=[00054783] lbu     a5, 0(a0)
C0:       8173 [1] pc=[00000000800014f2] W[r 0=0000000000000000][0] R[r15=0000000000000030] R[r11=0000000000000064] inst=[feb78de3] beq     a5, a1, pc - 6
C0:       8174 [1] pc=[00000000800014f6] W[r10=0000000080002023][1] R[r10=0000000080002022] R[r 0=0000000000000000] inst=[00000505] c.addi  a0, 1
C0:       8175 [1] pc=[00000000800014f8] W[r 0=00000000800014fa][1] R[r 0=0000000000000000] R[r 0=0000000000000000] inst=[0000b7fd] c.j     pc - 18
C0:       8176 [1] pc=[00000000800014e6] W[r 0=0000000000000000][0] R[r10=0000000080002023] R[r12=0000000080002025] inst=[00c51463] bne     a0, a2, pc + 8
C0:       8178 [1] pc=[00000000800014ee] W[r15=000000000000002b][1] R[r10=0000000080002023] R[r 0=0000000000000000] inst=[00054783] lbu     a5, 0(a0)
C0:       8181 [1] pc=[00000000800014f2] W[r 0=0000000000000000][0] R[r15=000000000000002b] R[r11=0000000000000064] inst=[feb78de3] beq     a5, a1, pc - 6
C0:       8182 [1] pc=[00000000800014f6] W[r10=0000000080002024][1] R[r10=0000000080002023] R[r 0=0000000000000000] inst=[00000505] c.addi  a0, 1
C0:       8183 [1] pc=[00000000800014f8] W[r 0=00000000800014fa][1] R[r 0=0000000000000000] R[r 0=0000000000000000] inst=[0000b7fd] c.j     pc - 18
C0:       8184 [1] pc=[00000000800014e6] W[r 0=0000000000000000][0] R[r10=0000000080002024] R[r12=0000000080002025] inst=[00c51463] bne     a0, a2, pc + 8
C0:       8186 [1] pc=[00000000800014ee] W[r15=0000000000000020][1] R[r10=0000000080002024] R[r 0=0000000000000000] inst=[00054783] lbu     a5, 0(a0)
C0:       8189 [1] pc=[00000000800014f2] W[r 0=0000000000000000][0] R[r15=0000000000000020] R[r11=0000000000000064] inst=[feb78de3] beq     a5, a1, pc - 6
C0:       8190 [1] pc=[00000000800014f6] W[r10=0000000080002025][1] R[r10=0000000080002024] R[r 0=0000000000000000] inst=[00000505] c.addi  a0, 1
C0:       8191 [1] pc=[00000000800014f8] W[r 0=00000000800014fa][1] R[r 0=0000000000000000] R[r 0=0000000000000000] inst=[0000b7fd] c.j     pc - 18
C0:       8192 [1] pc=[00000000800014e6] W[r 0=0000000000000000][0] R[r10=0000000080002025] R[r12=0000000080002025] inst=[00c51463] bne     a0, a2, pc + 8
C0:       8193 [1] pc=[00000000800014ea] W[r10=0000000000000000][1] R[r 0=0000000000000000] R[r 0=0000000000000000] inst=[00004501] c.li    a0, 0
C0:       8194 [1] pc=[00000000800014ec] W[r 0=00000000800014ee][1] R[r 1=00000000800009de] R[r 0=0000000000000000] inst=[00008082] ret
C0:       8199 [1] pc=[00000000800009de] W[r 8=0000000080001f1a][1] R[r18=0000000080001f19] R[r 0=0000000000000000] inst=[00190413] addi    s0, s2, 1
C0:       8200 [1] pc=[00000000800009e2] W[r 0=0000000000000000][0] R[r10=0000000000000000] R[r 0=0000000000000000] inst=[0000ed59] c.bnez  a0, pc + 158
C0:       8201 [1] pc=[00000000800009e4] W[r15=0000000000000000][1] R[r 2=000000008002ae60] R[r 0=0000000000000000] inst=[000047c2] c.lwsp  a5, 16(sp)
C0:       8203 [1] pc=[00000000800009e6] W[r14=0000000000000000][1] R[r15=0000000000000000] R[r 0=0000000000000000] inst=[0107f713] andi    a4, a5, 16
C0:       8204 [1] pc=[00000000800009ea] W[r 0=0000000000000000][0] R[r14=0000000000000000] R[r 0=0000000000000000] inst=[0000c709] c.beqz  a4, pc + 10
C0:       8208 [1] pc=[00000000800009f4] W[r14=0000000000000000][1] R[r15=0000000000000000] R[r 0=0000000000000000] inst=[0087f713] andi    a4, a5, 8
C0:       8209 [1] pc=[00000000800009f8] W[r 0=0000000000000000][0] R[r14=0000000000000000] R[r 0=0000000000000000] inst=[0000c709] c.beqz  a4, pc + 10
C0:       8214 [1] pc=[0000000080000a02] W[r13=0000000000000064][1] R[r18=0000000080001f19] R[r 0=0000000000000000] inst=[00094683] lbu     a3, 0(s2)
C0:       8215 [1] pc=[0000000080000a06] W[r14=000000000000002a][1] R[r 0=0000000000000000] R[r 0=0000000000000000] inst=[02a00713] li      a4, 42
C0:       8217 [1] pc=[0000000080000a0a] W[r 0=0000000000000000][0] R[r13=0000000000000064] R[r14=000000000000002a] inst=[08e68463] beq     a3, a4, pc + 136
C0:       8218 [1] pc=[0000000080000a0e] W[r15=0000000000000000][1] R[r 2=000000008002ae60] R[r 0=0000000000000000] inst=[000047f2] c.lwsp  a5, 28(sp)
C0:       8219 [1] pc=[0000000080000a10] W[r 8=0000000080001f19][1] R[r 0=0000000000000000] R[r18=0000000080001f19] inst=[0000844a] c.mv    s0, s2
C0:       8220 [1] pc=[0000000080000a12] W[r13=0000000000000000][1] R[r 0=0000000000000000] R[r 0=0000000000000000] inst=[00004681] c.li    a3, 0
C0:       8221 [1] pc=[0000000080000a14] W[r12=0000000000000009][1] R[r 0=0000000000000000] R[r 0=0000000000000000] inst=[00004625] c.li    a2, 9
C0:       8222 [1] pc=[0000000080000a16] W[r16=000000000000000a][1] R[r 0=0000000000000000] R[r 0=0000000000000000] inst=[00004829] c.li    a6, 10
C0:       8223 [1] pc=[0000000080000a18] W[r14=0000000000000064][1] R[r 8=0000000080001f19] R[r 0=0000000000000000] inst=[00044703] lbu     a4, 0(s0)
C0:       8224 [1] pc=[0000000080000a1c] W[r10=0000000080001f1a][1] R[r 8=0000000080001f19] R[r 0=0000000000000000] inst=[00140513] addi    a0, s0, 1
C0:       8226 [1] pc=[0000000080000a20] W[r11=0000000000000034][1] R[r14=0000000000000064] R[r 0=0000000000000000] inst=[fd07059b] addiw   a1, a4, -48
C0:       8227 [1] pc=[0000000080000a24] W[r14=0000000000000034][1] R[r 0=0000000000000000] R[r11=0000000000000034] inst=[0000872e] c.mv    a4, a1
C0:       8228 [1] pc=[0000000080000a26] W[r 0=0000000000000000][0] R[r12=0000000000000009] R[r11=0000000000000034] inst=[0ab67b63] bgeu    a2, a1, pc + 182
C0:       8232 [1] pc=[0000000080000a2a] W[r 0=0000000000000000][0] R[r13=0000000000000000] R[r 0=0000000000000000] inst=[0000cea5] c.beqz  a3, pc + 120
C0:       8258 [1] pc=[0000000080000aa2] W[r14=0000000000000064][1] R[r 8=0000000080001f19] R[r 0=0000000000000000] inst=[00044703] lbu     a4, 0(s0)
C0:       8259 [1] pc=[0000000080000aa6] W[r15=000000000000002e][1] R[r 0=0000000000000000] R[r 0=0000000000000000] inst=[02e00793] li      a5, 46
C0:       8261 [1] pc=[0000000080000aaa] W[r 0=0000000000000000][0] R[r14=0000000000000064] R[r15=000000000000002e] inst=[04f71063] bne     a4, a5, pc + 64
C0:       8289 [1] pc=[0000000080000aea] W[r11=0000000000000064][1] R[r 8=0000000080001f19] R[r 0=0000000000000000] inst=[00044583] lbu     a1, 0(s0)
C0:       8290 [1] pc=[0000000080000aee] W[r12=0000000000000003][1] R[r 0=0000000000000000] R[r 0=0000000000000000] inst=[0000460d] c.li    a2, 3
C0:       8291 [1] pc=[0000000080000af0] W[r10=0000000080001af0][1] R[r 0=0000000000000000] R[r 0=0000000000000000] inst=[00001517] auipc   a0, 0x1
C0:       8292 [1] pc=[0000000080000af4] W[r10=0000000080002028][1] R[r10=0000000080001af0] R[r 0=0000000000000000] inst=[53850513] addi    a0, a0, 1336
C0:       8293 [1] pc=[0000000080000af8] W[r 1=0000000080000afc][1] R[r 0=0000000000000000] R[r 0=0000000000000000] inst=[1e9000ef] jal     pc + 0x9e8
C0:       8294 [1] pc=[00000000800014e0] W[r11=0000000000000064][1] R[r11=0000000000000064] R[r 0=0000000000000000] inst=[0ff5f593] andi    a1, a1, 255
C0:       8295 [1] pc=[00000000800014e4] W[r12=000000008000202b][1] R[r12=0000000000000003] R[r10=0000000080002028] inst=[0000962a] c.add   a2, a0
C0:       8296 [1] pc=[00000000800014e6] W[r 0=0000000000000000][0] R[r10=0000000080002028] R[r12=000000008000202b] inst=[00c51463] bne     a0, a2, pc + 8
C0:       8301 [1] pc=[00000000800014ee] W[r15=0000000000000068][1] R[r10=0000000080002028] R[r 0=0000000000000000] inst=[00054783] lbu     a5, 0(a0)
C0:       8304 [1] pc=[00000000800014f2] W[r 0=0000000000000000][0] R[r15=0000000000000068] R[r11=0000000000000064] inst=[feb78de3] beq     a5, a1, pc - 6
C0:       8305 [1] pc=[00000000800014f6] W[r10=0000000080002029][1] R[r10=0000000080002028] R[r 0=0000000000000000] inst=[00000505] c.addi  a0, 1
C0:       8306 [1] pc=[00000000800014f8] W[r 0=00000000800014fa][1] R[r 0=0000000000000000] R[r 0=0000000000000000] inst=[0000b7fd] c.j     pc - 18
C0:       8307 [1] pc=[00000000800014e6] W[r 0=0000000000000000][0] R[r10=0000000080002029] R[r12=000000008000202b] inst=[00c51463] bne     a0, a2, pc + 8
C0:       8309 [1] pc=[00000000800014ee] W[r15=000000000000006c][1] R[r10=0000000080002029] R[r 0=0000000000000000] inst=[00054783] lbu     a5, 0(a0)
C0:       8312 [1] pc=[00000000800014f2] W[r 0=0000000000000000][0] R[r15=000000000000006c] R[r11=0000000000000064] inst=[feb78de3] beq     a5, a1, pc - 6
C0:       8316 [1] pc=[00000000800014f6] W[r10=000000008000202a][1] R[r10=0000000080002029] R[r 0=0000000000000000] inst=[00000505] c.addi  a0, 1
C0:       8317 [1] pc=[00000000800014f8] W[r 0=00000000800014fa][1] R[r 0=0000000000000000] R[r 0=0000000000000000] inst=[0000b7fd] c.j     pc - 18
C0:       8319 [1] pc=[00000000800014e6] W[r 0=0000000000000000][0] R[r10=000000008000202a] R[r12=000000008000202b] inst=[00c51463] bne     a0, a2, pc + 8
C0:       8324 [1] pc=[00000000800014ee] W[r15=000000000000004c][1] R[r10=000000008000202a] R[r 0=0000000000000000] inst=[00054783] lbu     a5, 0(a0)
C0:       8327 [1] pc=[00000000800014f2] W[r 0=0000000000000000][0] R[r15=000000000000004c] R[r11=0000000000000064] inst=[feb78de3] beq     a5, a1, pc - 6
C0:       8328 [1] pc=[00000000800014f6] W[r10=000000008000202b][1] R[r10=000000008000202a] R[r 0=0000000000000000] inst=[00000505] c.addi  a0, 1
C0:       8329 [1] pc=[00000000800014f8] W[r 0=00000000800014fa][1] R[r 0=0000000000000000] R[r 0=0000000000000000] inst=[0000b7fd] c.j     pc - 18
C0:       8330 [1] pc=[00000000800014e6] W[r 0=0000000000000000][0] R[r10=000000008000202b] R[r12=000000008000202b] inst=[00c51463] bne     a0, a2, pc + 8
C0:       8334 [1] pc=[00000000800014ea] W[r10=0000000000000000][1] R[r 0=0000000000000000] R[r 0=0000000000000000] inst=[00004501] c.li    a0, 0
C0:       8335 [1] pc=[00000000800014ec] W[r 0=00000000800014ee][1] R[r 1=0000000080000afc] R[r 0=0000000000000000] inst=[00008082] ret
C0:       8339 [1] pc=[0000000080000afc] W[r 0=0000000000000000][0] R[r10=0000000000000000] R[r 0=0000000000000000] inst=[0000cd11] c.beqz  a0, pc + 28
C0:       8364 [1] pc=[0000000080000b18] W[r11=0000000000000064][1] R[r 8=0000000080001f19] R[r 0=0000000000000000] inst=[00044583] lbu     a1, 0(s0)
C0:       8365 [1] pc=[0000000080000b1c] W[r12=0000000000000006][1] R[r 0=0000000000000000] R[r 0=0000000000000000] inst=[00004619] c.li    a2, 6
C0:       8366 [1] pc=[0000000080000b1e] W[r10=0000000080001b1e][1] R[r 0=0000000000000000] R[r 0=0000000000000000] inst=[00001517] auipc   a0, 0x1
C0:       8367 [1] pc=[0000000080000b22] W[r10=0000000080002030][1] R[r10=0000000080001b1e] R[r 0=0000000000000000] inst=[51250513] addi    a0, a0, 1298
C0:       8368 [1] pc=[0000000080000b26] W[r18=0000000080001f1a][1] R[r 8=0000000080001f19] R[r 0=0000000000000000] inst=[00140913] addi    s2, s0, 1
C0:       8369 [1] pc=[0000000080000b2a] W[r 0=0000000000000000][0] R[r 2=000000008002ae60] R[r11=0000000000000064] inst=[02b10423] sb      a1, 40(sp)
C0:       8370 [1] pc=[0000000080000b2e] W[r 1=0000000080000b32][1] R[r 0=0000000000000000] R[r 0=0000000000000000] inst=[1b3000ef] jal     pc + 0x9b2
C0:       8372 [1] pc=[00000000800014e0] W[r11=0000000000000064][1] R[r11=0000000000000064] R[r 0=0000000000000000] inst=[0ff5f593] andi    a1, a1, 255
C0:       8373 [1] pc=[00000000800014e4] W[r12=0000000080002036][1] R[r12=0000000000000006] R[r10=0000000080002030] inst=[0000962a] c.add   a2, a0
C0:       8374 [1] pc=[00000000800014e6] W[r 0=0000000000000000][0] R[r10=0000000080002030] R[r12=0000000080002036] inst=[00c51463] bne     a0, a2, pc + 8
C0:       8379 [1] pc=[00000000800014ee] W[r15=0000000000000065][1] R[r10=0000000080002030] R[r 0=0000000000000000] inst=[00054783] lbu     a5, 0(a0)
C0:       8382 [1] pc=[00000000800014f2] W[r 0=0000000000000000][0] R[r15=0000000000000065] R[r11=0000000000000064] inst=[feb78de3] beq     a5, a1, pc - 6
C0:       8383 [1] pc=[00000000800014f6] W[r10=0000000080002031][1] R[r10=0000000080002030] R[r 0=0000000000000000] inst=[00000505] c.addi  a0, 1
C0:       8384 [1] pc=[00000000800014f8] W[r 0=00000000800014fa][1] R[r 0=0000000000000000] R[r 0=0000000000000000] inst=[0000b7fd] c.j     pc - 18
C0:       8385 [1] pc=[00000000800014e6] W[r 0=0000000000000000][0] R[r10=0000000080002031] R[r12=0000000080002036] inst=[00c51463] bne     a0, a2, pc + 8
C0:       8390 [1] pc=[00000000800014ee] W[r15=0000000000000066][1] R[r10=0000000080002031] R[r 0=0000000000000000] inst=[00054783] lbu     a5, 0(a0)
C0:       8393 [1] pc=[00000000800014f2] W[r 0=0000000000000000][0] R[r15=0000000000000066] R[r11=0000000000000064] inst=[feb78de3] beq     a5, a1, pc - 6
C0:       8394 [1] pc=[00000000800014f6] W[r10=0000000080002032][1] R[r10=0000000080002031] R[r 0=0000000000000000] inst=[00000505] c.addi  a0, 1
C0:       8395 [1] pc=[00000000800014f8] W[r 0=00000000800014fa][1] R[r 0=0000000000000000] R[r 0=0000000000000000] inst=[0000b7fd] c.j     pc - 18
C0:       8396 [1] pc=[00000000800014e6] W[r 0=0000000000000000][0] R[r10=0000000080002032] R[r12=0000000080002036] inst=[00c51463] bne     a0, a2, pc + 8
C0:       8398 [1] pc=[00000000800014ee] W[r15=0000000000000067][1] R[r10=0000000080002032] R[r 0=0000000000000000] inst=[00054783] lbu     a5, 0(a0)
C0:       8401 [1] pc=[00000000800014f2] W[r 0=0000000000000000][0] R[r15=0000000000000067] R[r11=0000000000000064] inst=[feb78de3] beq     a5, a1, pc - 6
C0:       8402 [1] pc=[00000000800014f6] W[r10=0000000080002033][1] R[r10=0000000080002032] R[r 0=0000000000000000] inst=[00000505] c.addi  a0, 1
C0:       8403 [1] pc=[00000000800014f8] W[r 0=00000000800014fa][1] R[r 0=0000000000000000] R[r 0=0000000000000000] inst=[0000b7fd] c.j     pc - 18
C0:       8404 [1] pc=[00000000800014e6] W[r 0=0000000000000000][0] R[r10=0000000080002033] R[r12=0000000080002036] inst=[00c51463] bne     a0, a2, pc + 8
C0:       8406 [1] pc=[00000000800014ee] W[r15=0000000000000045][1] R[r10=0000000080002033] R[r 0=0000000000000000] inst=[00054783] lbu     a5, 0(a0)
C0:       8409 [1] pc=[00000000800014f2] W[r 0=0000000000000000][0] R[r15=0000000000000045] R[r11=0000000000000064] inst=[feb78de3] beq     a5, a1, pc - 6
C0:       8410 [1] pc=[00000000800014f6] W[r10=0000000080002034][1] R[r10=0000000080002033] R[r 0=0000000000000000] inst=[00000505] c.addi  a0, 1
C0:       8411 [1] pc=[00000000800014f8] W[r 0=00000000800014fa][1] R[r 0=0000000000000000] R[r 0=0000000000000000] inst=[0000b7fd] c.j     pc - 18
C0:       8412 [1] pc=[00000000800014e6] W[r 0=0000000000000000][0] R[r10=0000000080002034] R[r12=0000000080002036] inst=[00c51463] bne     a0, a2, pc + 8
C0:       8414 [1] pc=[00000000800014ee] W[r15=0000000000000046][1] R[r10=0000000080002034] R[r 0=0000000000000000] inst=[00054783] lbu     a5, 0(a0)
C0:       8417 [1] pc=[00000000800014f2] W[r 0=0000000000000000][0] R[r15=0000000000000046] R[r11=0000000000000064] inst=[feb78de3] beq     a5, a1, pc - 6
C0:       8418 [1] pc=[00000000800014f6] W[r10=0000000080002035][1] R[r10=0000000080002034] R[r 0=0000000000000000] inst=[00000505] c.addi  a0, 1
C0:       8419 [1] pc=[00000000800014f8] W[r 0=00000000800014fa][1] R[r 0=0000000000000000] R[r 0=0000000000000000] inst=[0000b7fd] c.j     pc - 18
C0:       8420 [1] pc=[00000000800014e6] W[r 0=0000000000000000][0] R[r10=0000000080002035] R[r12=0000000080002036] inst=[00c51463] bne     a0, a2, pc + 8
C0:       8422 [1] pc=[00000000800014ee] W[r15=0000000000000047][1] R[r10=0000000080002035] R[r 0=0000000000000000] inst=[00054783] lbu     a5, 0(a0)
C0:       8425 [1] pc=[00000000800014f2] W[r 0=0000000000000000][0] R[r15=0000000000000047] R[r11=0000000000000064] inst=[feb78de3] beq     a5, a1, pc - 6
C0:       8426 [1] pc=[00000000800014f6] W[r10=0000000080002036][1] R[r10=0000000080002035] R[r 0=0000000000000000] inst=[00000505] c.addi  a0, 1
C0:       8427 [1] pc=[00000000800014f8] W[r 0=00000000800014fa][1] R[r 0=0000000000000000] R[r 0=0000000000000000] inst=[0000b7fd] c.j     pc - 18
C0:       8428 [1] pc=[00000000800014e6] W[r 0=0000000000000000][0] R[r10=0000000080002036] R[r12=0000000080002036] inst=[00c51463] bne     a0, a2, pc + 8
C0:       8432 [1] pc=[00000000800014ea] W[r10=0000000000000000][1] R[r 0=0000000000000000] R[r 0=0000000000000000] inst=[00004501] c.li    a0, 0
C0:       8433 [1] pc=[00000000800014ec] W[r 0=00000000800014ee][1] R[r 1=0000000080000b32] R[r 0=0000000000000000] inst=[00008082] ret
C0:       8437 [1] pc=[0000000080000b32] W[r 0=0000000000000000][0] R[r10=0000000000000000] R[r 0=0000000000000000] inst=[0000c541] c.beqz  a0, pc + 136
C0:       8441 [1] pc=[0000000080000bba] W[r14=000000008002ae68][1] R[r 2=000000008002ae60] R[r 0=0000000000000000] inst=[00000038] c.addi4spn a4, sp, 8
C0:       8442 [1] pc=[0000000080000bbc] W[r13=0000000080000bbc][1] R[r 0=0000000000000000] R[r 0=0000000000000000] inst=[00000697] auipc   a3, 0x0
C0:       8443 [1] pc=[0000000080000bc0] W[r13=00000000800008b2][1] R[r13=0000000080000bbc] R[r 0=0000000000000000] inst=[cf668693] addi    a3, a3, -778
C0:       8444 [1] pc=[0000000080000bc4] W[r12=0000000080002440][1] R[r 0=0000000000000000] R[r 9=0000000080002440] inst=[00008626] c.mv    a2, s1
C0:       8445 [1] pc=[0000000080000bc6] W[r11=000000008002ae70][1] R[r 2=000000008002ae60] R[r 0=0000000000000000] inst=[0000080c] c.addi4spn a1, sp, 16
C0:       8446 [1] pc=[0000000080000bc8] W[r10=0000000080002150][1] R[r 0=0000000000000000] R[r19=0000000080002150] inst=[0000854e] c.mv    a0, s3
C0:       8447 [1] pc=[0000000080000bca] W[r 1=0000000080000bce][1] R[r 0=0000000000000000] R[r 0=0000000000000000] inst=[3a1000ef] jal     pc + 0xba0
C0:       8469 [1] pc=[000000008000176a] W[r 2=000000008002ae10][1] R[r 2=000000008002ae60] R[r 0=0000000000000000] inst=[0000715d] c.addi16sp sp, -80
C0:       8470 [1] pc=[000000008000176c] W[r 0=0000000000000000][0] R[r 2=000000008002ae10] R[r 8=0000000080001f19] inst=[0000e0a2] c.sdsp  s0, 64(sp)
C0:       8471 [1] pc=[000000008000176e] W[r 0=0000000000000000][0] R[r 2=000000008002ae10] R[r18=0000000080001f1a] inst=[0000f84a] c.sdsp  s2, 48(sp)
C0:       8472 [1] pc=[0000000080001770] W[r 0=0000000000000000][0] R[r 2=000000008002ae10] R[r19=0000000080002150] inst=[0000f44e] c.sdsp  s3, 40(sp)
C0:       8473 [1] pc=[0000000080001772] W[r 0=0000000000000000][0] R[r 2=000000008002ae10] R[r20=0000000000000000] inst=[0000f052] c.sdsp  s4, 32(sp)
C0:       8474 [1] pc=[0000000080001774] W[r 0=0000000000000000][0] R[r 2=000000008002ae10] R[r 1=0000000080000bce] inst=[0000e486] c.sdsp  ra, 72(sp)
C0:       8475 [1] pc=[0000000080001776] W[r 0=0000000000000000][0] R[r 2=000000008002ae10] R[r 9=0000000080002440] inst=[0000fc26] c.sdsp  s1, 56(sp)
C0:       8476 [1] pc=[0000000080001778] W[r 0=0000000000000000][0] R[r 2=000000008002ae10] R[r21=ffffffffffffffff] inst=[0000ec56] c.sdsp  s5, 24(sp)
C0:       8477 [1] pc=[000000008000177a] W[r 0=0000000000000000][0] R[r 2=000000008002ae10] R[r22=0000000080002020] inst=[0000e85a] c.sdsp  s6, 16(sp)
C0:       8478 [1] pc=[000000008000177c] W[r 8=000000008002ae70][1] R[r 0=0000000000000000] R[r11=000000008002ae70] inst=[0000842e] c.mv    s0, a1
C0:       8479 [1] pc=[000000008000177e] W[r20=00000000800008b2][1] R[r 0=0000000000000000] R[r13=00000000800008b2] inst=[00008a36] c.mv    s4, a3
C0:       8501 [1] pc=[0000000080001780] W[r13=000000008002aeb3][1] R[r11=000000008002ae70] R[r 0=0000000000000000] inst=[04358693] addi    a3, a1, 67
C0:       8502 [1] pc=[0000000080001784] W[r11=0000000000000064][1] R[r11=000000008002ae70] R[r 0=0000000000000000] inst=[0185c583] lbu     a1, 24(a1)
C0:       8503 [1] pc=[0000000080001788] W[r15=0000000000000078][1] R[r 0=0000000000000000] R[r 0=0000000000000000] inst=[07800793] li      a5, 120
C0:       8504 [1] pc=[000000008000178c] W[r18=0000000080002150][1] R[r 0=0000000000000000] R[r10=0000000080002150] inst=[0000892a] c.mv    s2, a0
C0:       8505 [1] pc=[000000008000178e] W[r19=0000000080002440][1] R[r 0=0000000000000000] R[r12=0000000080002440] inst=[000089b2] c.mv    s3, a2
C0:       8506 [1] pc=[0000000080001790] W[r 0=0000000000000000][0] R[r15=0000000000000078] R[r11=0000000000000064] inst=[00b7ec63] bltu    a5, a1, pc + 24
C0:       8507 [1] pc=[0000000080001794] W[r15=0000000000000062][1] R[r 0=0000000000000000] R[r 0=0000000000000000] inst=[06200793] li      a5, 98
C0:       8508 [1] pc=[0000000080001798] W[r 0=0000000000000000][0] R[r15=0000000000000062] R[r11=0000000000000064] inst=[00b7ed63] bltu    a5, a1, pc + 26
C0:       8513 [1] pc=[00000000800017b2] W[r15=0000000000000001][1] R[r11=0000000000000064] R[r 0=0000000000000000] inst=[f9d5879b] addiw   a5, a1, -99
C0:       8514 [1] pc=[00000000800017b6] W[r15=0000000000000001][1] R[r15=0000000000000001] R[r 0=0000000000000000] inst=[0ff7f793] andi    a5, a5, 255
C0:       8515 [1] pc=[00000000800017ba] W[r12=0000000000000015][1] R[r 0=0000000000000000] R[r 0=0000000000000000] inst=[00004655] c.li    a2, 21
C0:       8516 [1] pc=[00000000800017bc] W[r 0=0000000000000000][0] R[r12=0000000000000015] R[r15=0000000000000001] inst=[fef666e3] bltu    a2, a5, pc - 20
C0:       8538 [1] pc=[00000000800017c0] W[r12=00000000800027c0][1] R[r 0=0000000000000000] R[r 0=0000000000000000] inst=[00001617] auipc   a2, 0x1
C0:       8539 [1] pc=[00000000800017c4] W[r12=0000000080002068][1] R[r12=00000000800027c0] R[r 0=0000000000000000] inst=[8a860613] addi    a2, a2, -1880
C0:       8540 [1] pc=[00000000800017c8] W[r15=0000000000000004][1] R[r15=0000000000000001] R[r 0=0000000000000000] inst=[0000078a] c.slli  a5, 2
C0:       8541 [1] pc=[00000000800017ca] W[r15=000000008000206c][1] R[r15=0000000000000004] R[r12=0000000080002068] inst=[000097b2] c.add   a5, a2
C0:       8558 [1] pc=[00000000800017cc] W[r15=fffffffffffff780][1] R[r15=000000008000206c] R[r 0=0000000000000000] inst=[0000439c] c.lw    a5, 0(a5)
C0:       8560 [1] pc=[00000000800017ce] W[r15=00000000800017e8][1] R[r15=fffffffffffff780] R[r12=0000000080002068] inst=[000097b2] c.add   a5, a2
C0:       8561 [1] pc=[00000000800017d0] W[r 0=00000000800017d2][1] R[r15=00000000800017e8] R[r 0=0000000000000000] inst=[00008782] c.jr    a5
C0:       8565 [1] pc=[00000000800017e8] W[r12=0000000000000000][1] R[r 8=000000008002ae70] R[r 0=0000000000000000] inst=[00004010] c.lw    a2, 0(s0)
C0:       8566 [1] pc=[00000000800017ea] W[r15=000000008002af68][1] R[r14=000000008002ae68] R[r 0=0000000000000000] inst=[0000631c] c.ld    a5, 0(a4)
C0:       8567 [1] pc=[00000000800017ec] W[r10=0000000000000000][1] R[r12=0000000000000000] R[r 0=0000000000000000] inst=[08067513] andi    a0, a2, 128
C0:       8568 [1] pc=[00000000800017f0] W[r11=000000008002af70][1] R[r15=000000008002af68] R[r 0=0000000000000000] inst=[00878593] addi    a1, a5, 8
C0:       8569 [1] pc=[00000000800017f4] W[r 0=0000000000000000][0] R[r10=0000000000000000] R[r 0=0000000000000000] inst=[0000c10d] c.beqz  a0, pc + 34
C0:       8595 [1] pc=[0000000080001816] W[r12=0000000000000000][1] R[r12=0000000000000000] R[r 0=0000000000000000] inst=[04067613] andi    a2, a2, 64
C0:       8596 [1] pc=[000000008000181a] W[r 0=0000000000000000][0] R[r14=000000008002ae68] R[r11=000000008002af70] inst=[0000e30c] c.sd    a1, 0(a4)
C0:       8597 [1] pc=[000000008000181c] W[r 0=0000000000000000][0] R[r12=0000000000000000] R[r 0=0000000000000000] inst=[0000c601] c.beqz  a2, pc + 8
C0:       8601 [1] pc=[0000000080001824] W[r15=0000000000000007][1] R[r15=000000008002af68] R[r 0=0000000000000000] inst=[0000439c] c.lw    a5, 0(a5)
C0:       8602 [1] pc=[0000000080001826] W[r 0=0000000080001828][1] R[r 0=0000000000000000] R[r 0=0000000000000000] inst=[0000bfd1] c.j     pc - 44
C0:       8604 [1] pc=[00000000800017fa] W[r 0=0000000000000000][0] R[r15=0000000000000007] R[r 0=0000000000000000] inst=[0007d863] bgez    a5, pc + 16
C0:       8609 [1] pc=[000000008000180a] W[r12=000000008000280a][1] R[r 0=0000000000000000] R[r 0=0000000000000000] inst=[00001617] auipc   a2, 0x1
C0:       8610 [1] pc=[000000008000180e] W[r12=0000000080002038][1] R[r12=000000008000280a] R[r 0=0000000000000000] inst=[82e60613] addi    a2, a2, -2002
C0:       8611 [1] pc=[0000000080001812] W[r14=000000000000000a][1] R[r 0=0000000000000000] R[r 0=0000000000000000] inst=[00004729] c.li    a4, 10
C0:       8612 [1] pc=[0000000080001814] W[r 0=0000000080001816][1] R[r 0=0000000000000000] R[r 0=0000000000000000] inst=[0000a83d] c.j     pc + 62
C0:       8634 [1] pc=[0000000080001852] W[r11=ffffffffffffffff][1] R[r 8=000000008002ae70] R[r 0=0000000000000000] inst=[0000404c] c.lw    a1, 4(s0)
C0:       8636 [1] pc=[0000000080001854] W[r 0=0000000000000000][0] R[r 8=000000008002ae70] R[r11=ffffffffffffffff] inst=[0000c40c] c.sw    a1, 8(s0)
C0:       8637 [1] pc=[0000000080001856] W[r 0=0000000000000000][0] R[r11=ffffffffffffffff] R[r 0=0000000000000000] inst=[0005c563] bltz    a1, pc + 10
C0:       8641 [1] pc=[0000000080001860] W[r 0=0000000000000000][0] R[r15=0000000000000007] R[r 0=0000000000000000] inst=[0000e399] c.bnez  a5, pc + 6
C0:       8645 [1] pc=[0000000080001866] W[r 9=000000008002aeb3][1] R[r 0=0000000000000000] R[r13=000000008002aeb3] inst=[000084b6] c.mv    s1, a3
C0:       8646 [1] pc=[0000000080001868] W[r11=0000000000000000][0] R[r15=0000000000000007] R[r14=000000000000000a] inst=[02e7f5b3] remu    a1, a5, a4
C0:       8647 [1] pc=[000000008000186c] W[r 9=000000008002aeb2][1] R[r 9=000000008002aeb3] R[r 0=0000000000000000] inst=[000014fd] c.addi  s1, -1
C0:       8713 [1] pc=[000000008000186e] W[r11=000000008000203f][1] R[r11=0000000000000007] R[r12=0000000080002038] inst=[000095b2] c.add   a1, a2
C0:       8714 [1] pc=[0000000080001870] W[r11=0000000000000037][1] R[r11=000000008000203f] R[r 0=0000000000000000] inst=[0005c583] lbu     a1, 0(a1)
C0:       8717 [1] pc=[0000000080001874] W[r 0=0000000000000000][0] R[r 9=000000008002aeb2] R[r11=0000000000000037] inst=[00b48023] sb      a1, 0(s1)
C0:       8718 [1] pc=[0000000080001878] W[r11=0000000000000007][1] R[r 0=0000000000000000] R[r15=0000000000000007] inst=[000085be] c.mv    a1, a5
C0:       8719 [1] pc=[000000008000187a] W[r15=0000000000000000][0] R[r15=0000000000000007] R[r14=000000000000000a] inst=[02e7d7b3] divu    a5, a5, a4
C0:       8742 [1] pc=[000000008000187e] W[r 0=0000000000000000][0] R[r11=0000000000000007] R[r14=000000000000000a] inst=[fee5f5e3] bgeu    a1, a4, pc - 22
C0:       8786 [1] pc=[0000000080001882] W[r15=0000000000000008][1] R[r 0=0000000000000000] R[r 0=0000000000000000] inst=[000047a1] c.li    a5, 8
C0:       8787 [1] pc=[0000000080001884] W[r 0=0000000000000000][0] R[r14=000000000000000a] R[r15=0000000000000008] inst=[00f71e63] bne     a4, a5, pc + 28
C0:       8791 [1] pc=[00000000800018a0] W[r13=0000000000000001][1] R[r13=000000008002aeb3] R[r 9=000000008002aeb2] inst=[00008e85] c.sub   a3, s1
C0:       8792 [1] pc=[00000000800018a2] W[r 0=0000000000000000][0] R[r 8=000000008002ae70] R[r13=0000000000000001] inst=[0000c814] c.sw    a3, 16(s0)
C0:       8793 [1] pc=[00000000800018a4] W[r14=00000000800008b2][1] R[r 0=0000000000000000] R[r20=00000000800008b2] inst=[00008752] c.mv    a4, s4
C0:       8794 [1] pc=[00000000800018a6] W[r13=0000000080002440][1] R[r 0=0000000000000000] R[r19=0000000080002440] inst=[000086ce] c.mv    a3, s3
C0:       8795 [1] pc=[00000000800018a8] W[r12=000000008002ae1c][1] R[r 2=000000008002ae10] R[r 0=0000000000000000] inst=[00000070] c.addi4spn a2, sp, 12
C0:       8796 [1] pc=[00000000800018aa] W[r11=000000008002ae70][1] R[r 0=0000000000000000] R[r 8=000000008002ae70] inst=[000085a2] c.mv    a1, s0
C0:       8797 [1] pc=[00000000800018ac] W[r10=0000000080002150][1] R[r 0=0000000000000000] R[r18=0000000080002150] inst=[0000854a] c.mv    a0, s2
C0:       8798 [1] pc=[00000000800018ae] W[r 1=00000000800018b2][1] R[r 0=0000000000000000] R[r 0=0000000000000000] inst=[d97ff0ef] jal     pc - 0x26a
C0:       8820 [1] pc=[0000000080001644] W[r 2=000000008002adc0][1] R[r 2=000000008002ae10] R[r 0=0000000000000000] inst=[0000715d] c.addi16sp sp, -80
C0:       8821 [1] pc=[0000000080001646] W[r15=0000000000000001][1] R[r11=000000008002ae70] R[r 0=0000000000000000] inst=[0000499c] c.lw    a5, 16(a1)
C0:       8822 [1] pc=[0000000080001648] W[r 0=0000000000000000][0] R[r 2=000000008002adc0] R[r20=00000000800008b2] inst=[0000f052] c.sdsp  s4, 32(sp)
C0:       8823 [1] pc=[000000008000164a] W[r20=00000000800008b2][1] R[r 0=0000000000000000] R[r14=00000000800008b2] inst=[00008a3a] c.mv    s4, a4
C0:       8824 [1] pc=[000000008000164c] W[r14=ffffffffffffffff][1] R[r11=000000008002ae70] R[r 0=0000000000000000] inst=[00004598] c.lw    a4, 8(a1)
C0:       8825 [1] pc=[000000008000164e] W[r 0=0000000000000000][0] R[r 2=000000008002adc0] R[r 8=000000008002ae70] inst=[0000e0a2] c.sdsp  s0, 64(sp)
C0:       8826 [1] pc=[0000000080001650] W[r 0=0000000000000000][0] R[r 2=000000008002adc0] R[r18=0000000080002150] inst=[0000f84a] c.sdsp  s2, 48(sp)
C0:       8827 [1] pc=[0000000080001652] W[r 0=0000000000000000][0] R[r 2=000000008002adc0] R[r19=0000000080002440] inst=[0000f44e] c.sdsp  s3, 40(sp)
C0:       8828 [1] pc=[0000000080001654] W[r 0=0000000000000000][0] R[r 2=000000008002adc0] R[r21=ffffffffffffffff] inst=[0000ec56] c.sdsp  s5, 24(sp)
C0:       8829 [1] pc=[0000000080001656] W[r18=000000008002ae1c][1] R[r 0=0000000000000000] R[r12=000000008002ae1c] inst=[00008932] c.mv    s2, a2
C0:       8830 [1] pc=[0000000080001658] W[r21=0000000080002440][1] R[r 0=0000000000000000] R[r13=0000000080002440] inst=[00008ab6] c.mv    s5, a3
C0:       8831 [1] pc=[000000008000165a] W[r 0=0000000000000000][0] R[r 2=000000008002adc0] R[r 1=00000000800018b2] inst=[0000e486] c.sdsp  ra, 72(sp)
C0:       8832 [1] pc=[000000008000165c] W[r 0=0000000000000000][0] R[r 2=000000008002adc0] R[r 9=000000008002aeb2] inst=[0000fc26] c.sdsp  s1, 56(sp)
C0:       8833 [1] pc=[000000008000165e] W[r 0=0000000000000000][0] R[r 2=000000008002adc0] R[r22=0000000080002020] inst=[0000e85a] c.sdsp  s6, 16(sp)
C0:       8834 [1] pc=[0000000080001660] W[r 0=0000000000000000][0] R[r 2=000000008002adc0] R[r23=0000000000000025] inst=[0000e45e] c.sdsp  s7, 8(sp)
C0:       8835 [1] pc=[0000000080001662] W[r12=0000000000000001][1] R[r15=0000000000000001] R[r 0=0000000000000000] inst=[0007861b] sext.w  a2, a5
C0:       8836 [1] pc=[0000000080001666] W[r13=ffffffffffffffff][1] R[r14=ffffffffffffffff] R[r 0=0000000000000000] inst=[0007069b] sext.w  a3, a4
C0:       8837 [1] pc=[000000008000166a] W[r19=0000000080002150][1] R[r 0=0000000000000000] R[r10=0000000080002150] inst=[000089aa] c.mv    s3, a0
C0:       8838 [1] pc=[000000008000166c] W[r 8=000000008002ae70][1] R[r 0=0000000000000000] R[r11=000000008002ae70] inst=[0000842e] c.mv    s0, a1
C0:       8839 [1] pc=[000000008000166e] W[r 0=0000000000000000][0] R[r12=0000000000000001] R[r13=ffffffffffffffff] inst=[00d65363] bge     a2, a3, pc + 6
C0:       8843 [1] pc=[0000000080001674] W[r 0=0000000000000000][0] R[r18=000000008002ae1c] R[r15=0000000000000001] inst=[00f92023] sw      a5, 0(s2)
C0:       8844 [1] pc=[0000000080001678] W[r14=0000000000000000][1] R[r 8=000000008002ae70] R[r 0=0000000000000000] inst=[04344703] lbu     a4, 67(s0)
C0:       8847 [1] pc=[000000008000167c] W[r 0=0000000000000000][0] R[r14=0000000000000000] R[r 0=0000000000000000] inst=[0000c701] c.beqz  a4, pc + 8
C0:       8872 [1] pc=[0000000080001684] W[r15=0000000000000000][1] R[r 8=000000008002ae70] R[r 0=0000000000000000] inst=[0000401c] c.lw    a5, 0(s0)
C0:       8874 [1] pc=[0000000080001686] W[r15=0000000000000000][1] R[r15=0000000000000000] R[r 0=0000000000000000] inst=[0207f793] andi    a5, a5, 32
C0:       8875 [1] pc=[000000008000168a] W[r 0=0000000000000000][0] R[r15=0000000000000000] R[r 0=0000000000000000] inst=[0000c791] c.beqz  a5, pc + 12
C0:       8879 [1] pc=[0000000080001696] W[r 9=0000000000000000][1] R[r 8=000000008002ae70] R[r 0=0000000000000000] inst=[00004004] c.lw    s1, 0(s0)
C0:       8881 [1] pc=[0000000080001698] W[r 9=0000000000000000][1] R[r 9=0000000000000000] R[r 0=0000000000000000] inst=[00008899] c.andi  s1, 6
C0:       8882 [1] pc=[000000008000169a] W[r 0=0000000000000000][0] R[r 9=0000000000000000] R[r 0=0000000000000000] inst=[0000e891] c.bnez  s1, pc + 20
C0:       8883 [1] pc=[000000008000169c] W[r22=000000008002ae89][1] R[r 8=000000008002ae70] R[r 0=0000000000000000] inst=[01940b13] addi    s6, s0, 25
C0:       8884 [1] pc=[00000000800016a0] W[r23=ffffffffffffffff][1] R[r 0=0000000000000000] R[r 0=0000000000000000] inst=[00005bfd] c.li    s7, -1
C0:       8885 [1] pc=[00000000800016a2] W[r15=0000000000000000][1] R[r 8=000000008002ae70] R[r 0=0000000000000000] inst=[0000445c] c.lw    a5, 12(s0)
C0:       8886 [1] pc=[00000000800016a4] W[r14=0000000000000001][1] R[r18=000000008002ae1c] R[r 0=0000000000000000] inst=[00092703] lw      a4, 0(s2)
C0:       8888 [1] pc=[00000000800016a8] W[r15=ffffffffffffffff][1] R[r15=0000000000000000] R[r14=0000000000000001] inst=[00009f99] c.subw  a5, a4
C0:       8889 [1] pc=[00000000800016aa] W[r 0=0000000000000000][0] R[r 9=0000000000000000] R[r15=ffffffffffffffff] inst=[06f4c163] blt     s1, a5, pc + 98
C0:       8890 [1] pc=[00000000800016ae] W[r15=0000000000000000][1] R[r 8=000000008002ae70] R[r 0=0000000000000000] inst=[04344783] lbu     a5, 67(s0)
C0:       8893 [1] pc=[00000000800016b2] W[r14=0000000000000000][1] R[r 0=0000000000000000] R[r15=0000000000000000] inst=[00f03733] snez    a4, a5
C0:       8894 [1] pc=[00000000800016b6] W[r13=0000000000000000][1] R[r 0=0000000000000000] R[r15=0000000000000000] inst=[00f036b3] snez    a3, a5
C0:       8895 [1] pc=[00000000800016ba] W[r15=0000000000000000][1] R[r 8=000000008002ae70] R[r 0=0000000000000000] inst=[0000401c] c.lw    a5, 0(s0)
C0:       8897 [1] pc=[00000000800016bc] W[r15=0000000000000000][1] R[r15=0000000000000000] R[r 0=0000000000000000] inst=[0207f793] andi    a5, a5, 32
C0:       8919 [1] pc=[00000000800016c0] W[r 0=0000000000000000][0] R[r15=0000000000000000] R[r 0=0000000000000000] inst=[0000ebbd] c.bnez  a5, pc + 118
C0:       8924 [1] pc=[00000000800016c2] W[r12=000000008002aeb3][1] R[r 8=000000008002ae70] R[r 0=0000000000000000] inst=[04340613] addi    a2, s0, 67
C0:       8925 [1] pc=[00000000800016c6] W[r11=0000000080002440][1] R[r 0=0000000000000000] R[r21=0000000080002440] inst=[000085d6] c.mv    a1, s5
C0:       8926 [1] pc=[00000000800016c8] W[r10=0000000080002150][1] R[r 0=0000000000000000] R[r19=0000000080002150] inst=[0000854e] c.mv    a0, s3
C0:       8927 [1] pc=[00000000800016ca] W[r 1=00000000800016cc][1] R[r20=00000000800008b2] R[r 0=0000000000000000] inst=[00009a02] c.jalr  s4
C0:       8931 [1] pc=[00000000800008b2] W[r 2=000000008002ad90][1] R[r 2=000000008002adc0] R[r 0=0000000000000000] inst=[00007179] c.addi16sp sp, -48
C0:       8957 [1] pc=[00000000800008b4] W[r 0=0000000000000000][0] R[r 2=000000008002ad90] R[r 8=000000008002ae70] inst=[0000f022] c.sdsp  s0, 32(sp)
C0:       8958 [1] pc=[00000000800008b6] W[r 0=0000000000000000][0] R[r 2=000000008002ad90] R[r 9=0000000000000000] inst=[0000ec26] c.sdsp  s1, 24(sp)
C0:       8959 [1] pc=[00000000800008b8] W[r 0=0000000000000000][0] R[r 2=000000008002ad90] R[r18=000000008002ae1c] inst=[0000e84a] c.sdsp  s2, 16(sp)
C0:       8960 [1] pc=[00000000800008ba] W[r 0=0000000000000000][0] R[r 2=000000008002ad90] R[r19=0000000080002150] inst=[0000e44e] c.sdsp  s3, 8(sp)
C0:       8961 [1] pc=[00000000800008bc] W[r 0=0000000000000000][0] R[r 2=000000008002ad90] R[r20=00000000800008b2] inst=[0000e052] c.sdsp  s4, 0(sp)
C0:       8962 [1] pc=[00000000800008be] W[r 0=0000000000000000][0] R[r 2=000000008002ad90] R[r 1=00000000800016cc] inst=[0000f406] c.sdsp  ra, 40(sp)
C0:       8963 [1] pc=[00000000800008c0] W[r18=0000000080002150][1] R[r 0=0000000000000000] R[r10=0000000080002150] inst=[0000892a] c.mv    s2, a0
C0:       8964 [1] pc=[00000000800008c2] W[r19=0000000080002440][1] R[r 0=0000000000000000] R[r11=0000000080002440] inst=[000089ae] c.mv    s3, a1
C0:       8965 [1] pc=[00000000800008c4] W[r 8=000000008002aeb3][1] R[r 0=0000000000000000] R[r12=000000008002aeb3] inst=[00008432] c.mv    s0, a2
C0:       8966 [1] pc=[00000000800008c6] W[r 9=000000008002aeb3][1] R[r12=000000008002aeb3] R[r13=0000000000000000] inst=[00d604b3] add     s1, a2, a3
C0:       8967 [1] pc=[00000000800008ca] W[r20=ffffffffffffffff][1] R[r 0=0000000000000000] R[r 0=0000000000000000] inst=[00005a7d] c.li    s4, -1
C0:       8968 [1] pc=[00000000800008cc] W[r 0=0000000000000000][0] R[r 8=000000008002aeb3] R[r 9=000000008002aeb3] inst=[00941463] bne     s0, s1, pc + 8
C0:       8969 [1] pc=[00000000800008d0] W[r10=0000000000000000][1] R[r 0=0000000000000000] R[r 0=0000000000000000] inst=[00004501] c.li    a0, 0
C0:       8970 [1] pc=[00000000800008d2] W[r 0=00000000800008d4][1] R[r 0=0000000000000000] R[r 0=0000000000000000] inst=[0000a811] c.j     pc + 20
C0:       8971 [1] pc=[00000000800008e6] W[r 1=00000000800016cc][1] R[r 2=000000008002ad90] R[r 0=0000000000000000] inst=[000070a2] c.ldsp  ra, 40(sp)
C0:       8972 [1] pc=[00000000800008e8] W[r 8=000000008002ae70][1] R[r 2=000000008002ad90] R[r 0=0000000000000000] inst=[00007402] c.ldsp  s0, 32(sp)
C0:       8973 [1] pc=[00000000800008ea] W[r 9=0000000000000000][1] R[r 2=000000008002ad90] R[r 0=0000000000000000] inst=[000064e2] c.ldsp  s1, 24(sp)
C0:       8974 [1] pc=[00000000800008ec] W[r18=000000008002ae1c][1] R[r 2=000000008002ad90] R[r 0=0000000000000000] inst=[00006942] c.ldsp  s2, 16(sp)
C0:       8975 [1] pc=[00000000800008ee] W[r19=0000000080002150][1] R[r 2=000000008002ad90] R[r 0=0000000000000000] inst=[000069a2] c.ldsp  s3, 8(sp)
C0:       8976 [1] pc=[00000000800008f0] W[r20=00000000800008b2][1] R[r 2=000000008002ad90] R[r 0=0000000000000000] inst=[00006a02] c.ldsp  s4, 0(sp)
C0:       8977 [1] pc=[00000000800008f2] W[r 2=000000008002adc0][1] R[r 2=000000008002ad90] R[r 0=0000000000000000] inst=[00006145] c.addi16sp sp, 48
C0:       8978 [1] pc=[00000000800008f4] W[r 0=00000000800008f6][1] R[r 1=00000000800016cc] R[r 0=0000000000000000] inst=[00008082] ret
C0:       8979 [1] pc=[00000000800016cc] W[r15=ffffffffffffffff][1] R[r 0=0000000000000000] R[r 0=0000000000000000] inst=[000057fd] c.li    a5, -1
C0:       8980 [1] pc=[00000000800016ce] W[r 0=0000000000000000][0] R[r10=0000000000000000] R[r15=ffffffffffffffff] inst=[04f50663] beq     a0, a5, pc + 76
C0:       8981 [1] pc=[00000000800016d2] W[r15=0000000000000000][1] R[r 8=000000008002ae70] R[r 0=0000000000000000] inst=[0000401c] c.lw    a5, 0(s0)
C0:       8982 [1] pc=[00000000800016d4] W[r12=0000000000000004][1] R[r 0=0000000000000000] R[r 0=0000000000000000] inst=[00004611] c.li    a2, 4
C0:       8983 [1] pc=[00000000800016d6] W[r13=0000000000000000][1] R[r 8=000000008002ae70] R[r 0=0000000000000000] inst=[00004454] c.lw    a3, 12(s0)
C0:       8984 [1] pc=[00000000800016d8] W[r15=0000000000000000][1] R[r15=0000000000000000] R[r 0=0000000000000000] inst=[00008b99] c.andi  a5, 6
C0:       8985 [1] pc=[00000000800016da] W[r14=0000000000000001][1] R[r18=000000008002ae1c] R[r 0=0000000000000000] inst=[00092703] lw      a4, 0(s2)
C0:       8986 [1] pc=[00000000800016de] W[r 9=0000000000000000][1] R[r 0=0000000000000000] R[r 0=0000000000000000] inst=[00004481] c.li    s1, 0
C0:       8987 [1] pc=[00000000800016e0] W[r 0=0000000000000000][0] R[r15=0000000000000000] R[r12=0000000000000004] inst=[00c79963] bne     a5, a2, pc + 18
C0:       8991 [1] pc=[00000000800016f2] W[r15=ffffffffffffffff][1] R[r 8=000000008002ae70] R[r 0=0000000000000000] inst=[0000441c] c.lw    a5, 8(s0)
C0:       8992 [1] pc=[00000000800016f4] W[r14=0000000000000001][1] R[r 8=000000008002ae70] R[r 0=0000000000000000] inst=[00004818] c.lw    a4, 16(s0)
C0:       8994 [1] pc=[00000000800016f6] W[r 0=0000000000000000][0] R[r14=0000000000000001] R[r15=ffffffffffffffff] inst=[00f75463] bge     a4, a5, pc + 8
C0:       8995 [1] pc=[00000000800016fe] W[r18=0000000000000000][1] R[r 0=0000000000000000] R[r 0=0000000000000000] inst=[00004901] c.li    s2, 0
C0:       9017 [1] pc=[0000000080001700] W[r 8=000000008002ae8a][1] R[r 8=000000008002ae70] R[r 0=0000000000000000] inst=[00000469] c.addi  s0, 26
C0:       9018 [1] pc=[0000000080001702] W[r22=ffffffffffffffff][1] R[r 0=0000000000000000] R[r 0=0000000000000000] inst=[00005b7d] c.li    s6, -1
C0:       9019 [1] pc=[0000000080001704] W[r 0=0000000000000000][0] R[r 9=0000000000000000] R[r18=0000000000000000] inst=[05249a63] bne     s1, s2, pc + 84
C0:       9020 [1] pc=[0000000080001708] W[r10=0000000000000000][1] R[r 0=0000000000000000] R[r 0=0000000000000000] inst=[00004501] c.li    a0, 0
C0:       9021 [1] pc=[000000008000170a] W[r 0=000000008000170c][1] R[r 0=0000000000000000] R[r 0=0000000000000000] inst=[0000a809] c.j     pc + 18
C0:       9022 [1] pc=[000000008000171c] W[r 1=00000000800018b2][1] R[r 2=000000008002adc0] R[r 0=0000000000000000] inst=[000060a6] c.ldsp  ra, 72(sp)
C0:       9023 [1] pc=[000000008000171e] W[r 8=000000008002ae70][1] R[r 2=000000008002adc0] R[r 0=0000000000000000] inst=[00006406] c.ldsp  s0, 64(sp)
C0:       9024 [1] pc=[0000000080001720] W[r 9=000000008002aeb2][1] R[r 2=000000008002adc0] R[r 0=0000000000000000] inst=[000074e2] c.ldsp  s1, 56(sp)
C0:       9025 [1] pc=[0000000080001722] W[r18=0000000080002150][1] R[r 2=000000008002adc0] R[r 0=0000000000000000] inst=[00007942] c.ldsp  s2, 48(sp)
C0:       9026 [1] pc=[0000000080001724] W[r19=0000000080002440][1] R[r 2=000000008002adc0] R[r 0=0000000000000000] inst=[000079a2] c.ldsp  s3, 40(sp)
C0:       9027 [1] pc=[0000000080001726] W[r20=00000000800008b2][1] R[r 2=000000008002adc0] R[r 0=0000000000000000] inst=[00007a02] c.ldsp  s4, 32(sp)
C0:       9028 [1] pc=[0000000080001728] W[r21=ffffffffffffffff][1] R[r 2=000000008002adc0] R[r 0=0000000000000000] inst=[00006ae2] c.ldsp  s5, 24(sp)
C0:       9029 [1] pc=[000000008000172a] W[r22=0000000080002020][1] R[r 2=000000008002adc0] R[r 0=0000000000000000] inst=[00006b42] c.ldsp  s6, 16(sp)
C0:       9030 [1] pc=[000000008000172c] W[r23=0000000000000025][1] R[r 2=000000008002adc0] R[r 0=0000000000000000] inst=[00006ba2] c.ldsp  s7, 8(sp)
C0:       9031 [1] pc=[000000008000172e] W[r 2=000000008002ae10][1] R[r 2=000000008002adc0] R[r 0=0000000000000000] inst=[00006161] c.addi16sp sp, 80
C0:       9032 [1] pc=[0000000080001730] W[r 0=0000000080001732][1] R[r 1=00000000800018b2] R[r 0=0000000000000000] inst=[00008082] ret
C0:       9033 [1] pc=[00000000800018b2] W[r21=ffffffffffffffff][1] R[r 0=0000000000000000] R[r 0=0000000000000000] inst=[00005afd] c.li    s5, -1
C0:       9034 [1] pc=[00000000800018b4] W[r 0=0000000000000000][0] R[r10=0000000000000000] R[r21=ffffffffffffffff] inst=[0f551c63] bne     a0, s5, pc + 248
C0:       9059 [1] pc=[00000000800019ac] W[r13=0000000000000001][1] R[r 8=000000008002ae70] R[r 0=0000000000000000] inst=[00004814] c.lw    a3, 16(s0)
C0:       9060 [1] pc=[00000000800019ae] W[r12=000000008002aeb2][1] R[r 0=0000000000000000] R[r 9=000000008002aeb2] inst=[00008626] c.mv    a2, s1
C0:       9061 [1] pc=[00000000800019b0] W[r11=0000000080002440][1] R[r 0=0000000000000000] R[r19=0000000080002440] inst=[000085ce] c.mv    a1, s3
C0:       9062 [1] pc=[00000000800019b2] W[r10=0000000080002150][1] R[r 0=0000000000000000] R[r18=0000000080002150] inst=[0000854a] c.mv    a0, s2
C0:       9063 [1] pc=[00000000800019b4] W[r 1=00000000800019b6][1] R[r20=00000000800008b2] R[r 0=0000000000000000] inst=[00009a02] c.jalr  s4
C0:       9067 [1] pc=[00000000800008b2] W[r 2=000000008002ade0][1] R[r 2=000000008002ae10] R[r 0=0000000000000000] inst=[00007179] c.addi16sp sp, -48
C0:       9068 [1] pc=[00000000800008b4] W[r 0=0000000000000000][0] R[r 2=000000008002ade0] R[r 8=000000008002ae70] inst=[0000f022] c.sdsp  s0, 32(sp)
C0:       9069 [1] pc=[00000000800008b6] W[r 0=0000000000000000][0] R[r 2=000000008002ade0] R[r 9=000000008002aeb2] inst=[0000ec26] c.sdsp  s1, 24(sp)
C0:       9070 [1] pc=[00000000800008b8] W[r 0=0000000000000000][0] R[r 2=000000008002ade0] R[r18=0000000080002150] inst=[0000e84a] c.sdsp  s2, 16(sp)
C0:       9071 [1] pc=[00000000800008ba] W[r 0=0000000000000000][0] R[r 2=000000008002ade0] R[r19=0000000080002440] inst=[0000e44e] c.sdsp  s3, 8(sp)
C0:       9072 [1] pc=[00000000800008bc] W[r 0=0000000000000000][0] R[r 2=000000008002ade0] R[r20=00000000800008b2] inst=[0000e052] c.sdsp  s4, 0(sp)
C0:       9073 [1] pc=[00000000800008be] W[r 0=0000000000000000][0] R[r 2=000000008002ade0] R[r 1=00000000800019b6] inst=[0000f406] c.sdsp  ra, 40(sp)
C0:       9074 [1] pc=[00000000800008c0] W[r18=0000000080002150][1] R[r 0=0000000000000000] R[r10=0000000080002150] inst=[0000892a] c.mv    s2, a0
C0:       9075 [1] pc=[00000000800008c2] W[r19=0000000080002440][1] R[r 0=0000000000000000] R[r11=0000000080002440] inst=[000089ae] c.mv    s3, a1
C0:       9076 [1] pc=[00000000800008c4] W[r 8=000000008002aeb2][1] R[r 0=0000000000000000] R[r12=000000008002aeb2] inst=[00008432] c.mv    s0, a2
C0:       9077 [1] pc=[00000000800008c6] W[r 9=000000008002aeb3][1] R[r12=000000008002aeb2] R[r13=0000000000000001] inst=[00d604b3] add     s1, a2, a3
C0:       9078 [1] pc=[00000000800008ca] W[r20=ffffffffffffffff][1] R[r 0=0000000000000000] R[r 0=0000000000000000] inst=[00005a7d] c.li    s4, -1
C0:       9079 [1] pc=[00000000800008cc] W[r 0=0000000000000000][0] R[r 8=000000008002aeb2] R[r 9=000000008002aeb3] inst=[00941463] bne     s0, s1, pc + 8
C0:       9083 [1] pc=[00000000800008d4] W[r11=0000000000000037][1] R[r 8=000000008002aeb2] R[r 0=0000000000000000] inst=[00044583] lbu     a1, 0(s0)
C0:       9084 [1] pc=[00000000800008d8] W[r12=0000000080002440][1] R[r 0=0000000000000000] R[r19=0000000080002440] inst=[0000864e] c.mv    a2, s3
C0:       9085 [1] pc=[00000000800008da] W[r10=0000000080002150][1] R[r 0=0000000000000000] R[r18=0000000080002150] inst=[0000854a] c.mv    a0, s2
C0:       9086 [1] pc=[00000000800008dc] W[r 1=00000000800008e0][1] R[r 0=0000000000000000] R[r 0=0000000000000000] inst=[fa7ff0ef] jal     pc - 0x5a
C0:       9087 [1] pc=[0000000080000882] W[r15=fffffffffffffffe][1] R[r12=0000000080002440] R[r 0=0000000000000000] inst=[0000465c] c.lw    a5, 12(a2)
C0:       9089 [1] pc=[0000000080000884] W[r15=fffffffffffffffd][1] R[r15=fffffffffffffffe] R[r 0=0000000000000000] inst=[000037fd] c.addiw a5, -1
C0:       9090 [1] pc=[0000000080000886] W[r 0=0000000000000000][0] R[r12=0000000080002440] R[r15=fffffffffffffffd] inst=[0000c65c] c.sw    a5, 12(a2)
C0:       9091 [1] pc=[0000000080000888] W[r13=fffffffd00000000][1] R[r15=fffffffffffffffd] R[r 0=0000000000000000] inst=[02079693] slli    a3, a5, 32
C0:       9092 [1] pc=[000000008000088c] W[r14=fffffffffffffffd][1] R[r15=fffffffffffffffd] R[r 0=0000000000000000] inst=[0007871b] sext.w  a4, a5
C0:       9093 [1] pc=[0000000080000890] W[r 0=0000000000000000][0] R[r13=fffffffd00000000] R[r 0=0000000000000000] inst=[0006d963] bgez    a3, pc + 18
C0:       9094 [1] pc=[0000000080000894] W[r15=fffffffffffffc00][1] R[r12=0000000080002440] R[r 0=0000000000000000] inst=[0000561c] c.lw    a5, 40(a2)
C0:       9096 [1] pc=[0000000080000896] W[r 0=0000000000000000][0] R[r14=fffffffffffffffd] R[r15=fffffffffffffc00] inst=[00f74563] blt     a4, a5, pc + 10
C0:       9097 [1] pc=[000000008000089a] W[r15=000000000000000a][1] R[r 0=0000000000000000] R[r 0=0000000000000000] inst=[000047a9] c.li    a5, 10
C0:       9098 [1] pc=[000000008000089c] W[r 0=0000000000000000][0] R[r11=0000000000000037] R[r15=000000000000000a] inst=[00f59363] bne     a1, a5, pc + 6
C0:       9102 [1] pc=[00000000800008a2] W[r15=000000008000265a][1] R[r12=0000000080002440] R[r 0=0000000000000000] inst=[0000621c] c.ld    a5, 0(a2)
C0:       9103 [1] pc=[00000000800008a4] W[r10=0000000000000037][1] R[r 0=0000000000000000] R[r11=0000000000000037] inst=[0000852e] c.mv    a0, a1
C0:       9104 [1] pc=[00000000800008a6] W[r14=000000008000265b][1] R[r15=000000008000265a] R[r 0=0000000000000000] inst=[00178713] addi    a4, a5, 1
C0:       9105 [1] pc=[00000000800008aa] W[r 0=0000000000000000][0] R[r12=0000000080002440] R[r14=000000008000265b] inst=[0000e218] c.sd    a4, 0(a2)
C0:       9106 [1] pc=[00000000800008ac] W[r 0=0000000000000000][0] R[r15=000000008000265a] R[r11=0000000000000037] inst=[00b78023] sb      a1, 0(a5)
C0:       9107 [1] pc=[00000000800008b0] W[r 0=00000000800008b2][1] R[r 1=00000000800008e0] R[r 0=0000000000000000] inst=[00008082] ret
C0:       9108 [1] pc=[00000000800008e0] W[r 8=000000008002aeb3][1] R[r 8=000000008002aeb2] R[r 0=0000000000000000] inst=[00000405] c.addi  s0, 1
C0:       9109 [1] pc=[00000000800008e2] W[r 0=0000000000000000][0] R[r10=0000000000000037] R[r20=ffffffffffffffff] inst=[ff4515e3] bne     a0, s4, pc - 22
C0:       9111 [1] pc=[00000000800008cc] W[r 0=0000000000000000][0] R[r 8=000000008002aeb3] R[r 9=000000008002aeb3] inst=[00941463] bne     s0, s1, pc + 8
C0:       9112 [1] pc=[00000000800008d0] W[r10=0000000000000000][1] R[r 0=0000000000000000] R[r 0=0000000000000000] inst=[00004501] c.li    a0, 0
C0:       9113 [1] pc=[00000000800008d2] W[r 0=00000000800008d4][1] R[r 0=0000000000000000] R[r 0=0000000000000000] inst=[0000a811] c.j     pc + 20
C0:       9114 [1] pc=[00000000800008e6] W[r 1=00000000800019b6][1] R[r 2=000000008002ade0] R[r 0=0000000000000000] inst=[000070a2] c.ldsp  ra, 40(sp)
C0:       9115 [1] pc=[00000000800008e8] W[r 8=000000008002ae70][1] R[r 2=000000008002ade0] R[r 0=0000000000000000] inst=[00007402] c.ldsp  s0, 32(sp)
C0:       9116 [1] pc=[00000000800008ea] W[r 9=000000008002aeb2][1] R[r 2=000000008002ade0] R[r 0=0000000000000000] inst=[000064e2] c.ldsp  s1, 24(sp)
C0:       9117 [1] pc=[00000000800008ec] W[r18=0000000080002150][1] R[r 2=000000008002ade0] R[r 0=0000000000000000] inst=[00006942] c.ldsp  s2, 16(sp)
C0:       9118 [1] pc=[00000000800008ee] W[r19=0000000080002440][1] R[r 2=000000008002ade0] R[r 0=0000000000000000] inst=[000069a2] c.ldsp  s3, 8(sp)
C0:       9119 [1] pc=[00000000800008f0] W[r20=00000000800008b2][1] R[r 2=000000008002ade0] R[r 0=0000000000000000] inst=[00006a02] c.ldsp  s4, 0(sp)
C0:       9120 [1] pc=[00000000800008f2] W[r 2=000000008002ae10][1] R[r 2=000000008002ade0] R[r 0=0000000000000000] inst=[00006145] c.addi16sp sp, 48
C0:       9121 [1] pc=[00000000800008f4] W[r 0=00000000800008f6][1] R[r 1=00000000800019b6] R[r 0=0000000000000000] inst=[00008082] ret
C0:       9122 [1] pc=[00000000800019b6] W[r 0=0000000000000000][0] R[r10=0000000000000000] R[r21=ffffffffffffffff] inst=[f15501e3] beq     a0, s5, pc - 254
C0:       9123 [1] pc=[00000000800019ba] W[r15=0000000000000000][1] R[r 8=000000008002ae70] R[r 0=0000000000000000] inst=[0000401c] c.lw    a5, 0(s0)
C0:       9125 [1] pc=[00000000800019bc] W[r15=0000000000000000][1] R[r15=0000000000000000] R[r 0=0000000000000000] inst=[00008b89] c.andi  a5, 2
C0:       9126 [1] pc=[00000000800019be] W[r 0=0000000000000000][0] R[r15=0000000000000000] R[r 0=0000000000000000] inst=[0000eb95] c.bnez  a5, pc + 52
C0:       9148 [1] pc=[00000000800019c0] W[r15=0000000000000001][1] R[r 2=000000008002ae10] R[r 0=0000000000000000] inst=[000047b2] c.lwsp  a5, 12(sp)
C0:       9149 [1] pc=[00000000800019c2] W[r10=0000000000000000][1] R[r 8=000000008002ae70] R[r 0=0000000000000000] inst=[00004448] c.lw    a0, 12(s0)
C0:       9150 [1] pc=[00000000800019c4] W[r14=0000000000000001][1] R[r15=0000000000000001] R[r 0=0000000000000000] inst=[0007871b] sext.w  a4, a5
C0:       9151 [1] pc=[00000000800019c8] W[r13=0000000000000000][1] R[r10=0000000000000000] R[r 0=0000000000000000] inst=[0005069b] sext.w  a3, a0
C0:       9152 [1] pc=[00000000800019cc] W[r 0=0000000000000000][0] R[r13=0000000000000000] R[r14=0000000000000001] inst=[00e6d363] bge     a3, a4, pc + 6
C0:       9153 [1] pc=[00000000800019d0] W[r10=0000000000000001][1] R[r 0=0000000000000000] R[r15=0000000000000001] inst=[0000853e] c.mv    a0, a5
C0:       9154 [1] pc=[00000000800019d2] W[r10=0000000000000001][1] R[r10=0000000000000001] R[r 0=0000000000000000] inst=[00002501] c.addiw a0, 0
C0:       9155 [1] pc=[00000000800019d4] W[r 0=00000000800019d6][1] R[r 0=0000000000000000] R[r 0=0000000000000000] inst=[0000b5dd] c.j     pc - 282
C0:       9156 [1] pc=[00000000800018ba] W[r 1=0000000080000bce][1] R[r 2=000000008002ae10] R[r 0=0000000000000000] inst=[000060a6] c.ldsp  ra, 72(sp)
C0:       9157 [1] pc=[00000000800018bc] W[r 8=0000000080001f19][1] R[r 2=000000008002ae10] R[r 0=0000000000000000] inst=[00006406] c.ldsp  s0, 64(sp)
C0:       9158 [1] pc=[00000000800018be] W[r 9=0000000080002440][1] R[r 2=000000008002ae10] R[r 0=0000000000000000] inst=[000074e2] c.ldsp  s1, 56(sp)
C0:       9180 [1] pc=[00000000800018c0] W[r18=0000000080001f1a][1] R[r 2=000000008002ae10] R[r 0=0000000000000000] inst=[00007942] c.ldsp  s2, 48(sp)
C0:       9181 [1] pc=[00000000800018c2] W[r19=0000000080002150][1] R[r 2=000000008002ae10] R[r 0=0000000000000000] inst=[000079a2] c.ldsp  s3, 40(sp)
C0:       9182 [1] pc=[00000000800018c4] W[r20=0000000000000000][1] R[r 2=000000008002ae10] R[r 0=0000000000000000] inst=[00007a02] c.ldsp  s4, 32(sp)
C0:       9183 [1] pc=[00000000800018c6] W[r21=ffffffffffffffff][1] R[r 2=000000008002ae10] R[r 0=0000000000000000] inst=[00006ae2] c.ldsp  s5, 24(sp)
C0:       9184 [1] pc=[00000000800018c8] W[r22=0000000080002020][1] R[r 2=000000008002ae10] R[r 0=0000000000000000] inst=[00006b42] c.ldsp  s6, 16(sp)
C0:       9185 [1] pc=[00000000800018ca] W[r 2=000000008002ae60][1] R[r 2=000000008002ae10] R[r 0=0000000000000000] inst=[00006161] c.addi16sp sp, 80
C0:       9186 [1] pc=[00000000800018cc] W[r 0=00000000800018ce][1] R[r 1=0000000080000bce] R[r 0=0000000000000000] inst=[00008082] ret
C0:       9187 [1] pc=[0000000080000bce] W[r 0=0000000080000bd0][1] R[r 0=0000000000000000] R[r 0=0000000000000000] inst=[0000bfd9] c.j     pc - 42
C0:       9188 [1] pc=[0000000080000ba4] W[r20=0000000000000001][1] R[r 0=0000000000000000] R[r10=0000000000000001] inst=[00008a2a] c.mv    s4, a0
C0:       9189 [1] pc=[0000000080000ba6] W[r 0=0000000000000000][0] R[r10=0000000000000001] R[r21=ffffffffffffffff] inst=[fb5515e3] bne     a0, s5, pc - 86
C0:       9214 [1] pc=[0000000080000b50] W[r15=0000000000000000][1] R[r 2=000000008002ae60] R[r 0=0000000000000000] inst=[00005792] c.lwsp  a5, 36(sp)
C0:       9216 [1] pc=[0000000080000b52] W[r15=0000000000000001][1] R[r15=0000000000000000] R[r20=0000000000000001] inst=[014787bb] addw    a5, a5, s4
C0:       9217 [1] pc=[0000000080000b56] W[r 0=0000000000000000][0] R[r 2=000000008002ae60] R[r15=0000000000000001] inst=[0000d23e] c.swsp  a5, 36(sp)
C0:       9218 [1] pc=[0000000080000b58] W[r 0=0000000080000b5a][1] R[r 0=0000000000000000] R[r 0=0000000000000000] inst=[0000bd25] c.j     pc - 456
C0:       9219 [1] pc=[0000000080000990] W[r 8=0000000080001f1a][1] R[r 0=0000000000000000] R[r18=0000000080001f1a] inst=[0000844a] c.mv    s0, s2
C0:       9220 [1] pc=[0000000080000992] W[r15=0000000000000000][1] R[r 8=0000000080001f1a] R[r 0=0000000000000000] inst=[00044783] lbu     a5, 0(s0)
C0:       9223 [1] pc=[0000000080000996] W[r 0=0000000000000000][0] R[r15=0000000000000000] R[r 0=0000000000000000] inst=[0000c399] c.beqz  a5, pc + 6
C0:       9227 [1] pc=[000000008000099c] W[r26=0000000000000000][1] R[r 8=0000000080001f1a] R[r18=0000000080001f1a] inst=[41240d3b] subw    s10, s0, s2
C0:       9228 [1] pc=[00000000800009a0] W[r 0=0000000000000000][0] R[r26=0000000000000000] R[r 0=0000000000000000] inst=[000d0e63] beqz    s10, pc + 28
C0:       9232 [1] pc=[00000000800009bc] W[r15=0000000000000000][1] R[r 8=0000000080001f1a] R[r 0=0000000000000000] inst=[00044783] lbu     a5, 0(s0)
C0:       9235 [1] pc=[00000000800009c0] W[r 0=0000000000000000][0] R[r15=0000000000000000] R[r 0=0000000000000000] inst=[1e078563] beqz    a5, pc + 490
C0:       9237 [1] pc=[0000000080000baa] W[r15=0000000000000089][1] R[r 9=0000000080002440] R[r 0=0000000000000000] inst=[0104d783] lhu     a5, 16(s1)
C0:       9240 [1] pc=[0000000080000bae] W[r15=0000000000000000][1] R[r15=0000000000000089] R[r 0=0000000000000000] inst=[0407f793] andi    a5, a5, 64
C0:       9241 [1] pc=[0000000080000bb2] W[r 0=0000000000000000][0] R[r15=0000000000000000] R[r 0=0000000000000000] inst=[ea0796e3] bnez    a5, pc - 340
C0:       9242 [1] pc=[0000000080000bb6] W[r10=0000000000000001][1] R[r 2=000000008002ae60] R[r 0=0000000000000000] inst=[00005512] c.lwsp  a0, 36(sp)
C0:       9243 [1] pc=[0000000080000bb8] W[r 0=0000000080000bba][1] R[r 0=0000000000000000] R[r 0=0000000000000000] inst=[0000b565] c.j     pc - 344
C0:       9244 [1] pc=[0000000080000a60] W[r 1=00000000800004a8][1] R[r 2=000000008002ae60] R[r 0=0000000000000000] inst=[000060ae] c.ldsp  ra, 200(sp)
C0:       9245 [1] pc=[0000000080000a62] W[r 8=0000000080001f18][1] R[r 2=000000008002ae60] R[r 0=0000000000000000] inst=[0000640e] c.ldsp  s0, 192(sp)
C0:       9246 [1] pc=[0000000080000a64] W[r 9=0000000000000000][1] R[r 2=000000008002ae60] R[r 0=0000000000000000] inst=[000074ea] c.ldsp  s1, 184(sp)
C0:       9247 [1] pc=[0000000080000a66] W[r18=0000000000000000][1] R[r 2=000000008002ae60] R[r 0=0000000000000000] inst=[0000794a] c.ldsp  s2, 176(sp)
C0:       9248 [1] pc=[0000000080000a68] W[r19=0000000000000000][1] R[r 2=000000008002ae60] R[r 0=0000000000000000] inst=[000079aa] c.ldsp  s3, 168(sp)
C0:       9249 [1] pc=[0000000080000a6a] W[r20=0000000000000000][1] R[r 2=000000008002ae60] R[r 0=0000000000000000] inst=[00007a0a] c.ldsp  s4, 160(sp)
C0:       9250 [1] pc=[0000000080000a6c] W[r21=0000000000000000][1] R[r 2=000000008002ae60] R[r 0=0000000000000000] inst=[00006aea] c.ldsp  s5, 152(sp)
C0:       9251 [1] pc=[0000000080000a6e] W[r22=0000000000000000][1] R[r 2=000000008002ae60] R[r 0=0000000000000000] inst=[00006b4a] c.ldsp  s6, 144(sp)
C0:       9252 [1] pc=[0000000080000a70] W[r23=0000000000000000][1] R[r 2=000000008002ae60] R[r 0=0000000000000000] inst=[00006baa] c.ldsp  s7, 136(sp)
C0:       9253 [1] pc=[0000000080000a72] W[r24=0000000000000000][1] R[r 2=000000008002ae60] R[r 0=0000000000000000] inst=[00006c0a] c.ldsp  s8, 128(sp)
C0:       9254 [1] pc=[0000000080000a74] W[r25=0000000000000000][1] R[r 2=000000008002ae60] R[r 0=0000000000000000] inst=[00007ce6] c.ldsp  s9, 120(sp)
C0:       9255 [1] pc=[0000000080000a76] W[r26=0000000000000000][1] R[r 2=000000008002ae60] R[r 0=0000000000000000] inst=[00007d46] c.ldsp  s10, 112(sp)
C0:       9256 [1] pc=[0000000080000a78] W[r 2=000000008002af30][1] R[r 2=000000008002ae60] R[r 0=0000000000000000] inst=[00006169] c.addi16sp sp, 208
C0:       9257 [1] pc=[0000000080000a7a] W[r 0=0000000080000a7c][1] R[r 1=00000000800004a8] R[r 0=0000000000000000] inst=[00008082] ret
C0:       9261 [1] pc=[00000000800004a8] W[r 1=00000000800003c6][1] R[r 2=000000008002af30] R[r 0=0000000000000000] inst=[000070a2] c.ldsp  ra, 40(sp)
C0:       9262 [1] pc=[00000000800004aa] W[r 8=000000008002b000][1] R[r 2=000000008002af30] R[r 0=0000000000000000] inst=[00007402] c.ldsp  s0, 32(sp)
C0:       9263 [1] pc=[00000000800004ac] W[r 2=000000008002afa0][1] R[r 2=000000008002af30] R[r 0=0000000000000000] inst=[00006165] c.addi16sp sp, 112
C0:       9264 [1] pc=[00000000800004ae] W[r 0=00000000800004b0][1] R[r 1=00000000800003c6] R[r 0=0000000000000000] inst=[00008082] ret
C0:       9269 [1] pc=[00000000800003c6] W[r10=00000000800023c6][1] R[r 0=0000000000000000] R[r 0=0000000000000000] inst=[00002517] auipc   a0, 0x2
C0:       9270 [1] pc=[00000000800003ca] W[r10=0000000080001f20][1] R[r10=00000000800023c6] R[r 0=0000000000000000] inst=[b5a50513] addi    a0, a0, -1190
C0:       9271 [1] pc=[00000000800003ce] W[r 1=00000000800003d2][1] R[r 0=0000000000000000] R[r 0=0000000000000000] inst=[0a2000ef] jal     pc + 0xa2
C0:       9273 [1] pc=[0000000080000470] W[r 2=000000008002af30][1] R[r 2=000000008002afa0] R[r 0=0000000000000000] inst=[00007159] c.addi16sp sp, -112
C0:       9274 [1] pc=[0000000080000472] W[r 0=0000000000000000][0] R[r 2=000000008002af30] R[r 8=000000008002b000] inst=[0000f022] c.sdsp  s0, 32(sp)
C0:       9275 [1] pc=[0000000080000474] W[r 0=0000000000000000][0] R[r 2=000000008002af30] R[r 1=00000000800003d2] inst=[0000f406] c.sdsp  ra, 40(sp)
C0:       9276 [1] pc=[0000000080000476] W[r 8=0000000080001f20][1] R[r 0=0000000000000000] R[r10=0000000080001f20] inst=[0000842a] c.mv    s0, a0
C0:       9277 [1] pc=[0000000080000478] W[r 0=0000000000000000][0] R[r 2=000000008002af30] R[r11=0000000000000037] inst=[0000fc2e] c.sdsp  a1, 56(sp)
C0:       9278 [1] pc=[000000008000047a] W[r 0=0000000000000000][0] R[r 2=000000008002af30] R[r12=0000000080002440] inst=[0000e0b2] c.sdsp  a2, 64(sp)
C0:       9279 [1] pc=[000000008000047c] W[r 0=0000000000000000][0] R[r 2=000000008002af30] R[r13=0000000000000000] inst=[0000e4b6] c.sdsp  a3, 72(sp)
C0:       9280 [1] pc=[000000008000047e] W[r 0=0000000000000000][0] R[r 2=000000008002af30] R[r14=0000000000000001] inst=[0000e8ba] c.sdsp  a4, 80(sp)
C0:       9281 [1] pc=[0000000080000480] W[r 0=0000000000000000][0] R[r 2=000000008002af30] R[r15=0000000000000000] inst=[0000ecbe] c.sdsp  a5, 88(sp)
C0:       9282 [1] pc=[0000000080000482] W[r 0=0000000000000000][0] R[r 2=000000008002af30] R[r16=000000000000000a] inst=[0000f0c2] c.sdsp  a6, 96(sp)
C0:       9283 [1] pc=[0000000080000484] W[r 0=0000000000000000][0] R[r 2=000000008002af30] R[r17=0000000000000000] inst=[0000f4c6] c.sdsp  a7, 104(sp)
C0:       9284 [1] pc=[0000000080000486] W[r10=0000000080002486][1] R[r 0=0000000000000000] R[r 0=0000000000000000] inst=[00002517] auipc   a0, 0x2
C0:       9285 [1] pc=[000000008000048a] W[r10=0000000080002150][1] R[r10=0000000080002486] R[r 0=0000000000000000] inst=[d7a53503] ld      a0, -646(a0)
C0:       9287 [1] pc=[000000008000048e] W[r 0=0000000000000000][0] R[r10=0000000080002150] R[r 0=0000000000000000] inst=[0000c519] c.beqz  a0, pc + 14
C0:       9288 [1] pc=[0000000080000490] W[r15=0000000000000001][1] R[r10=0000000080002150] R[r 0=0000000000000000] inst=[0000591c] c.lw    a5, 48(a0)
C0:       9290 [1] pc=[0000000080000492] W[r 0=0000000000000000][0] R[r15=0000000000000001] R[r 0=0000000000000000] inst=[0000e789] c.bnez  a5, pc + 10
C0:       9291 [1] pc=[000000008000049c] W[r11=0000000080002440][1] R[r10=0000000080002150] R[r 0=0000000000000000] inst=[0000690c] c.ld    a1, 16(a0)
C0:       9292 [1] pc=[000000008000049e] W[r13=000000008002af68][1] R[r 2=000000008002af30] R[r 0=0000000000000000] inst=[00001834] c.addi4spn a3, sp, 56
C0:       9293 [1] pc=[00000000800004a0] W[r12=0000000080001f20][1] R[r 0=0000000000000000] R[r 8=0000000080001f20] inst=[00008622] c.mv    a2, s0
C0:       9294 [1] pc=[00000000800004a2] W[r 0=0000000000000000][0] R[r 2=000000008002af30] R[r13=000000008002af68] inst=[0000ec36] c.sdsp  a3, 24(sp)
C0:       9295 [1] pc=[00000000800004a4] W[r 1=00000000800004a8][1] R[r 0=0000000000000000] R[r 0=0000000000000000] inst=[47a000ef] jal     pc + 0x47a
C0:       9296 [1] pc=[000000008000091e] W[r 2=000000008002ae60][1] R[r 2=000000008002af30] R[r 0=0000000000000000] inst=[00007155] c.addi16sp sp, -208
C0:       9297 [1] pc=[0000000080000920] W[r 0=0000000000000000][0] R[r 2=000000008002ae60] R[r 8=0000000080001f20] inst=[0000e1a2] c.sdsp  s0, 192(sp)
C0:       9298 [1] pc=[0000000080000922] W[r 0=0000000000000000][0] R[r 2=000000008002ae60] R[r 9=0000000000000000] inst=[0000fd26] c.sdsp  s1, 184(sp)
C0:       9299 [1] pc=[0000000080000924] W[r 0=0000000000000000][0] R[r 2=000000008002ae60] R[r18=0000000000000000] inst=[0000f94a] c.sdsp  s2, 176(sp)
C0:       9300 [1] pc=[0000000080000926] W[r 0=0000000000000000][0] R[r 2=000000008002ae60] R[r19=0000000000000000] inst=[0000f54e] c.sdsp  s3, 168(sp)
C0:       9301 [1] pc=[0000000080000928] W[r 0=0000000000000000][0] R[r 2=000000008002ae60] R[r20=0000000000000000] inst=[0000f152] c.sdsp  s4, 160(sp)
C0:       9302 [1] pc=[000000008000092a] W[r 0=0000000000000000][0] R[r 2=000000008002ae60] R[r 1=00000000800004a8] inst=[0000e586] c.sdsp  ra, 200(sp)
C0:       9303 [1] pc=[000000008000092c] W[r 0=0000000000000000][0] R[r 2=000000008002ae60] R[r21=0000000000000000] inst=[0000ed56] c.sdsp  s5, 152(sp)
C0:       9304 [1] pc=[000000008000092e] W[r 0=0000000000000000][0] R[r 2=000000008002ae60] R[r22=0000000000000000] inst=[0000e95a] c.sdsp  s6, 144(sp)
C0:       9305 [1] pc=[0000000080000930] W[r 0=0000000000000000][0] R[r 2=000000008002ae60] R[r23=0000000000000000] inst=[0000e55e] c.sdsp  s7, 136(sp)
C0:       9306 [1] pc=[0000000080000932] W[r 0=0000000000000000][0] R[r 2=000000008002ae60] R[r24=0000000000000000] inst=[0000e162] c.sdsp  s8, 128(sp)
C0:       9307 [1] pc=[0000000080000934] W[r 0=0000000000000000][0] R[r 2=000000008002ae60] R[r25=0000000000000000] inst=[0000fce6] c.sdsp  s9, 120(sp)
C0:       9308 [1] pc=[0000000080000936] W[r 0=0000000000000000][0] R[r 2=000000008002ae60] R[r26=0000000000000000] inst=[0000f8ea] c.sdsp  s10, 112(sp)
C0:       9309 [1] pc=[0000000080000938] W[r19=0000000080002150][1] R[r 0=0000000000000000] R[r10=0000000080002150] inst=[000089aa] c.mv    s3, a0
C0:       9310 [1] pc=[000000008000093a] W[r 9=0000000080002440][1] R[r 0=0000000000000000] R[r11=0000000080002440] inst=[000084ae] c.mv    s1, a1
C0:       9311 [1] pc=[000000008000093c] W[r18=0000000080001f20][1] R[r 0=0000000000000000] R[r12=0000000080001f20] inst=[00008932] c.mv    s2, a2
C0:       9312 [1] pc=[000000008000093e] W[r 8=000000008002af68][1] R[r 0=0000000000000000] R[r13=000000008002af68] inst=[00008436] c.mv    s0, a3
C0:       9313 [1] pc=[0000000080000940] W[r20=0000000000000000][1] R[r 0=0000000000000000] R[r 0=0000000000000000] inst=[00004a01] c.li    s4, 0
C0:       9314 [1] pc=[0000000080000942] W[r 0=0000000000000000][0] R[r10=0000000080002150] R[r 0=0000000000000000] inst=[0000c509] c.beqz  a0, pc + 10
C0:       9315 [1] pc=[0000000080000944] W[r15=0000000000000001][1] R[r10=0000000080002150] R[r 0=0000000000000000] inst=[0000591c] c.lw    a5, 48(a0)
C0:       9317 [1] pc=[0000000080000946] W[r 0=0000000000000000][0] R[r15=0000000000000001] R[r 0=0000000000000000] inst=[0000e399] c.bnez  a5, pc + 6
C0:       9318 [1] pc=[000000008000094c] W[r15=000000008000194c][1] R[r 0=0000000000000000] R[r 0=0000000000000000] inst=[00001797] auipc   a5, 0x1
C0:       9319 [1] pc=[0000000080000950] W[r15=0000000080001fb0][1] R[r15=000000008000194c] R[r 0=0000000000000000] inst=[66478793] addi    a5, a5, 1636
C0:       9320 [1] pc=[0000000080000954] W[r 0=0000000000000000][0] R[r 9=0000000080002440] R[r15=0000000080001fb0] inst=[0cf49e63] bne     s1, a5, pc + 220
C0:       9324 [1] pc=[0000000080000a30] W[r15=0000000080001a30][1] R[r 0=0000000000000000] R[r 0=0000000000000000] inst=[00001797] auipc   a5, 0x1
C0:       9325 [1] pc=[0000000080000a34] W[r15=0000000080001fe8][1] R[r15=0000000080001a30] R[r 0=0000000000000000] inst=[5b878793] addi    a5, a5, 1464
C0:       9326 [1] pc=[0000000080000a38] W[r 0=0000000000000000][0] R[r 9=0000000080002440] R[r15=0000000080001fe8] inst=[00f49563] bne     s1, a5, pc + 10
C0:       9331 [1] pc=[0000000080000a42] W[r15=0000000080001a42][1] R[r 0=0000000000000000] R[r 0=0000000000000000] inst=[00001797] auipc   a5, 0x1
C0:       9332 [1] pc=[0000000080000a46] W[r15=0000000080001f78][1] R[r15=0000000080001a42] R[r 0=0000000000000000] inst=[53678793] addi    a5, a5, 1334
C0:       9333 [1] pc=[0000000080000a4a] W[r 0=0000000000000000][0] R[r 9=0000000080002440] R[r15=0000000080001f78] inst=[f0f499e3] bne     s1, a5, pc - 238
C0:       9335 [1] pc=[000000008000095c] W[r15=0000000000000089][1] R[r 9=0000000080002440] R[r 0=0000000000000000] inst=[0104d783] lhu     a5, 16(s1)
C0:       9338 [1] pc=[0000000080000960] W[r15=0000000000000008][1] R[r15=0000000000000089] R[r 0=0000000000000000] inst=[00008ba1] c.andi  a5, 8
C0:       9339 [1] pc=[0000000080000962] W[r 0=0000000000000000][0] R[r15=0000000000000008] R[r 0=0000000000000000] inst=[0000cbed] c.beqz  a5, pc + 242
C0:       9340 [1] pc=[0000000080000964] W[r15=0000000080002658][1] R[r 9=0000000080002440] R[r 0=0000000000000000] inst=[00006c9c] c.ld    a5, 24(s1)
C0:       9342 [1] pc=[0000000080000966] W[r 0=0000000000000000][0] R[r15=0000000080002658] R[r 0=0000000000000000] inst=[0000c7fd] c.beqz  a5, pc + 238
C0:       9343 [1] pc=[0000000080000968] W[r15=0000000000000020][1] R[r 0=0000000000000000] R[r 0=0000000000000000] inst=[02000793] li      a5, 32
C0:       9344 [1] pc=[000000008000096c] W[r 0=0000000000000000][0] R[r 2=000000008002ae60] R[r15=0000000000000020] inst=[02f104a3] sb      a5, 41(sp)
C0:       9345 [1] pc=[0000000080000970] W[r21=ffffffffffffffff][1] R[r 0=0000000000000000] R[r 0=0000000000000000] inst=[00005afd] c.li    s5, -1
C0:       9346 [1] pc=[0000000080000972] W[r15=0000000000000030][1] R[r 0=0000000000000000] R[r 0=0000000000000000] inst=[03000793] li      a5, 48
C0:       9347 [1] pc=[0000000080000976] W[r 0=0000000000000000][0] R[r 2=000000008002ae60] R[r 0=0000000000000000] inst=[0000d202] c.swsp  zero, 36(sp)
C0:       9348 [1] pc=[0000000080000978] W[r 0=0000000000000000][0] R[r 2=000000008002ae60] R[r15=0000000000000030] inst=[02f10523] sb      a5, 42(sp)
C0:       9349 [1] pc=[000000008000097c] W[r 0=0000000000000000][0] R[r 2=000000008002ae60] R[r 8=000000008002af68] inst=[0000e422] c.sdsp  s0, 8(sp)
C0:       9350 [1] pc=[000000008000097e] W[r23=0000000000000025][1] R[r 0=0000000000000000] R[r 0=0000000000000000] inst=[02500b93] li      s7, 37
C0:       9351 [1] pc=[0000000080000982] W[r24=ffffffff00000000][1] R[r21=ffffffffffffffff] R[r 0=0000000000000000] inst=[020a9c13] slli    s8, s5, 32
C0:       9352 [1] pc=[0000000080000986] W[r22=0000000080001986][1] R[r 0=0000000000000000] R[r 0=0000000000000000] inst=[00001b17] auipc   s6, 0x1
C0:       9353 [1] pc=[000000008000098a] W[r22=0000000080002020][1] R[r22=0000000080001986] R[r 0=0000000000000000] inst=[69ab0b13] addi    s6, s6, 1690
C0:       9354 [1] pc=[000000008000098e] W[r25=0000000000000001][1] R[r 0=0000000000000000] R[r 0=0000000000000000] inst=[00004c85] c.li    s9, 1
C0:       9355 [1] pc=[0000000080000990] W[r 8=0000000080001f20][1] R[r 0=0000000000000000] R[r18=0000000080001f20] inst=[0000844a] c.mv    s0, s2
C0:       9356 [1] pc=[0000000080000992] W[r15=000000000000005d][1] R[r 8=0000000080001f20] R[r 0=0000000000000000] inst=[00044783] lbu     a5, 0(s0)
C0:       9359 [1] pc=[0000000080000996] W[r 0=0000000000000000][0] R[r15=000000000000005d] R[r 0=0000000000000000] inst=[0000c399] c.beqz  a5, pc + 6
C0:       9363 [1] pc=[0000000080000998] W[r 0=0000000000000000][0] R[r15=000000000000005d] R[r23=0000000000000025] inst=[0f779263] bne     a5, s7, pc + 228
C0:       9367 [1] pc=[0000000080000a7c] W[r 8=0000000080001f21][1] R[r 8=0000000080001f20] R[r 0=0000000000000000] inst=[00000405] c.addi  s0, 1
C0:       9368 [1] pc=[0000000080000a7e] W[r 0=0000000080000a80][1] R[r 0=0000000000000000] R[r 0=0000000000000000] inst=[0000bf11] c.j     pc - 236
C0:       9370 [1] pc=[0000000080000992] W[r15=0000000000000000][1] R[r 8=0000000080001f21] R[r 0=0000000000000000] inst=[00044783] lbu     a5, 0(s0)
C0:       9373 [1] pc=[0000000080000996] W[r 0=0000000000000000][0] R[r15=0000000000000000] R[r 0=0000000000000000] inst=[0000c399] c.beqz  a5, pc + 6
C0:       9374 [1] pc=[000000008000099c] W[r26=0000000000000001][1] R[r 8=0000000080001f21] R[r18=0000000080001f20] inst=[41240d3b] subw    s10, s0, s2
C0:       9375 [1] pc=[00000000800009a0] W[r 0=0000000000000000][0] R[r26=0000000000000001] R[r 0=0000000000000000] inst=[000d0e63] beqz    s10, pc + 28
C0:       9376 [1] pc=[00000000800009a4] W[r13=0000000000000001][1] R[r 0=0000000000000000] R[r26=0000000000000001] inst=[000086ea] c.mv    a3, s10
C0:       9377 [1] pc=[00000000800009a6] W[r12=0000000080001f20][1] R[r 0=0000000000000000] R[r18=0000000080001f20] inst=[0000864a] c.mv    a2, s2
C0:       9378 [1] pc=[00000000800009a8] W[r11=0000000080002440][1] R[r 0=0000000000000000] R[r 9=0000000080002440] inst=[000085a6] c.mv    a1, s1
C0:       9379 [1] pc=[00000000800009aa] W[r10=0000000080002150][1] R[r 0=0000000000000000] R[r19=0000000080002150] inst=[0000854e] c.mv    a0, s3
C0:       9380 [1] pc=[00000000800009ac] W[r 1=00000000800009b0][1] R[r 0=0000000000000000] R[r 0=0000000000000000] inst=[f07ff0ef] jal     pc - 0xfa
C0:       9381 [1] pc=[00000000800008b2] W[r 2=000000008002ae30][1] R[r 2=000000008002ae60] R[r 0=0000000000000000] inst=[00007179] c.addi16sp sp, -48
C0:       9382 [1] pc=[00000000800008b4] W[r 0=0000000000000000][0] R[r 2=000000008002ae30] R[r 8=0000000080001f21] inst=[0000f022] c.sdsp  s0, 32(sp)
C0:       9383 [1] pc=[00000000800008b6] W[r 0=0000000000000000][0] R[r 2=000000008002ae30] R[r 9=0000000080002440] inst=[0000ec26] c.sdsp  s1, 24(sp)
C0:       9384 [1] pc=[00000000800008b8] W[r 0=0000000000000000][0] R[r 2=000000008002ae30] R[r18=0000000080001f20] inst=[0000e84a] c.sdsp  s2, 16(sp)
C0:       9385 [1] pc=[00000000800008ba] W[r 0=0000000000000000][0] R[r 2=000000008002ae30] R[r19=0000000080002150] inst=[0000e44e] c.sdsp  s3, 8(sp)
C0:       9386 [1] pc=[00000000800008bc] W[r 0=0000000000000000][0] R[r 2=000000008002ae30] R[r20=0000000000000000] inst=[0000e052] c.sdsp  s4, 0(sp)
C0:       9387 [1] pc=[00000000800008be] W[r 0=0000000000000000][0] R[r 2=000000008002ae30] R[r 1=00000000800009b0] inst=[0000f406] c.sdsp  ra, 40(sp)
C0:       9388 [1] pc=[00000000800008c0] W[r18=0000000080002150][1] R[r 0=0000000000000000] R[r10=0000000080002150] inst=[0000892a] c.mv    s2, a0
C0:       9389 [1] pc=[00000000800008c2] W[r19=0000000080002440][1] R[r 0=0000000000000000] R[r11=0000000080002440] inst=[000089ae] c.mv    s3, a1
C0:       9390 [1] pc=[00000000800008c4] W[r 8=0000000080001f20][1] R[r 0=0000000000000000] R[r12=0000000080001f20] inst=[00008432] c.mv    s0, a2
C0:       9391 [1] pc=[00000000800008c6] W[r 9=0000000080001f21][1] R[r12=0000000080001f20] R[r13=0000000000000001] inst=[00d604b3] add     s1, a2, a3
C0:       9392 [1] pc=[00000000800008ca] W[r20=ffffffffffffffff][1] R[r 0=0000000000000000] R[r 0=0000000000000000] inst=[00005a7d] c.li    s4, -1
C0:       9393 [1] pc=[00000000800008cc] W[r 0=0000000000000000][0] R[r 8=0000000080001f20] R[r 9=0000000080001f21] inst=[00941463] bne     s0, s1, pc + 8
C0:       9397 [1] pc=[00000000800008d4] W[r11=000000000000005d][1] R[r 8=0000000080001f20] R[r 0=0000000000000000] inst=[00044583] lbu     a1, 0(s0)
C0:       9398 [1] pc=[00000000800008d8] W[r12=0000000080002440][1] R[r 0=0000000000000000] R[r19=0000000080002440] inst=[0000864e] c.mv    a2, s3
C0:       9399 [1] pc=[00000000800008da] W[r10=0000000080002150][1] R[r 0=0000000000000000] R[r18=0000000080002150] inst=[0000854a] c.mv    a0, s2
C0:       9400 [1] pc=[00000000800008dc] W[r 1=00000000800008e0][1] R[r 0=0000000000000000] R[r 0=0000000000000000] inst=[fa7ff0ef] jal     pc - 0x5a
C0:       9401 [1] pc=[0000000080000882] W[r15=fffffffffffffffd][1] R[r12=0000000080002440] R[r 0=0000000000000000] inst=[0000465c] c.lw    a5, 12(a2)
C0:       9403 [1] pc=[0000000080000884] W[r15=fffffffffffffffc][1] R[r15=fffffffffffffffd] R[r 0=0000000000000000] inst=[000037fd] c.addiw a5, -1
C0:       9404 [1] pc=[0000000080000886] W[r 0=0000000000000000][0] R[r12=0000000080002440] R[r15=fffffffffffffffc] inst=[0000c65c] c.sw    a5, 12(a2)
C0:       9405 [1] pc=[0000000080000888] W[r13=fffffffc00000000][1] R[r15=fffffffffffffffc] R[r 0=0000000000000000] inst=[02079693] slli    a3, a5, 32
C0:       9406 [1] pc=[000000008000088c] W[r14=fffffffffffffffc][1] R[r15=fffffffffffffffc] R[r 0=0000000000000000] inst=[0007871b] sext.w  a4, a5
C0:       9407 [1] pc=[0000000080000890] W[r 0=0000000000000000][0] R[r13=fffffffc00000000] R[r 0=0000000000000000] inst=[0006d963] bgez    a3, pc + 18
C0:       9408 [1] pc=[0000000080000894] W[r15=fffffffffffffc00][1] R[r12=0000000080002440] R[r 0=0000000000000000] inst=[0000561c] c.lw    a5, 40(a2)
C0:       9410 [1] pc=[0000000080000896] W[r 0=0000000000000000][0] R[r14=fffffffffffffffc] R[r15=fffffffffffffc00] inst=[00f74563] blt     a4, a5, pc + 10
C0:       9411 [1] pc=[000000008000089a] W[r15=000000000000000a][1] R[r 0=0000000000000000] R[r 0=0000000000000000] inst=[000047a9] c.li    a5, 10
C0:       9412 [1] pc=[000000008000089c] W[r 0=0000000000000000][0] R[r11=000000000000005d] R[r15=000000000000000a] inst=[00f59363] bne     a1, a5, pc + 6
C0:       9413 [1] pc=[00000000800008a2] W[r15=000000008000265b][1] R[r12=0000000080002440] R[r 0=0000000000000000] inst=[0000621c] c.ld    a5, 0(a2)
C0:       9414 [1] pc=[00000000800008a4] W[r10=000000000000005d][1] R[r 0=0000000000000000] R[r11=000000000000005d] inst=[0000852e] c.mv    a0, a1
C0:       9415 [1] pc=[00000000800008a6] W[r14=000000008000265c][1] R[r15=000000008000265b] R[r 0=0000000000000000] inst=[00178713] addi    a4, a5, 1
C0:       9416 [1] pc=[00000000800008aa] W[r 0=0000000000000000][0] R[r12=0000000080002440] R[r14=000000008000265c] inst=[0000e218] c.sd    a4, 0(a2)
C0:       9417 [1] pc=[00000000800008ac] W[r 0=0000000000000000][0] R[r15=000000008000265b] R[r11=000000000000005d] inst=[00b78023] sb      a1, 0(a5)
C0:       9418 [1] pc=[00000000800008b0] W[r 0=00000000800008b2][1] R[r 1=00000000800008e0] R[r 0=0000000000000000] inst=[00008082] ret
C0:       9419 [1] pc=[00000000800008e0] W[r 8=0000000080001f21][1] R[r 8=0000000080001f20] R[r 0=0000000000000000] inst=[00000405] c.addi  s0, 1
C0:       9420 [1] pc=[00000000800008e2] W[r 0=0000000000000000][0] R[r10=000000000000005d] R[r20=ffffffffffffffff] inst=[ff4515e3] bne     a0, s4, pc - 22
C0:       9421 [1] pc=[00000000800008cc] W[r 0=0000000000000000][0] R[r 8=0000000080001f21] R[r 9=0000000080001f21] inst=[00941463] bne     s0, s1, pc + 8
C0:       9425 [1] pc=[00000000800008d0] W[r10=0000000000000000][1] R[r 0=0000000000000000] R[r 0=0000000000000000] inst=[00004501] c.li    a0, 0
C0:       9426 [1] pc=[00000000800008d2] W[r 0=00000000800008d4][1] R[r 0=0000000000000000] R[r 0=0000000000000000] inst=[0000a811] c.j     pc + 20
C0:       9427 [1] pc=[00000000800008e6] W[r 1=00000000800009b0][1] R[r 2=000000008002ae30] R[r 0=0000000000000000] inst=[000070a2] c.ldsp  ra, 40(sp)
C0:       9428 [1] pc=[00000000800008e8] W[r 8=0000000080001f21][1] R[r 2=000000008002ae30] R[r 0=0000000000000000] inst=[00007402] c.ldsp  s0, 32(sp)
C0:       9429 [1] pc=[00000000800008ea] W[r 9=0000000080002440][1] R[r 2=000000008002ae30] R[r 0=0000000000000000] inst=[000064e2] c.ldsp  s1, 24(sp)
C0:       9430 [1] pc=[00000000800008ec] W[r18=0000000080001f20][1] R[r 2=000000008002ae30] R[r 0=0000000000000000] inst=[00006942] c.ldsp  s2, 16(sp)
C0:       9431 [1] pc=[00000000800008ee] W[r19=0000000080002150][1] R[r 2=000000008002ae30] R[r 0=0000000000000000] inst=[000069a2] c.ldsp  s3, 8(sp)
C0:       9432 [1] pc=[00000000800008f0] W[r20=0000000000000000][1] R[r 2=000000008002ae30] R[r 0=0000000000000000] inst=[00006a02] c.ldsp  s4, 0(sp)
C0:       9433 [1] pc=[00000000800008f2] W[r 2=000000008002ae60][1] R[r 2=000000008002ae30] R[r 0=0000000000000000] inst=[00006145] c.addi16sp sp, 48
C0:       9434 [1] pc=[00000000800008f4] W[r 0=00000000800008f6][1] R[r 1=00000000800009b0] R[r 0=0000000000000000] inst=[00008082] ret
C0:       9438 [1] pc=[00000000800009b0] W[r 0=0000000000000000][0] R[r10=0000000000000000] R[r21=ffffffffffffffff] inst=[1f550d63] beq     a0, s5, pc + 506
C0:       9439 [1] pc=[00000000800009b4] W[r15=0000000000000000][1] R[r 2=000000008002ae60] R[r 0=0000000000000000] inst=[00005792] c.lwsp  a5, 36(sp)
C0:       9441 [1] pc=[00000000800009b6] W[r15=0000000000000001][1] R[r15=0000000000000000] R[r26=0000000000000001] inst=[01a787bb] addw    a5, a5, s10
C0:       9442 [1] pc=[00000000800009ba] W[r 0=0000000000000000][0] R[r 2=000000008002ae60] R[r15=0000000000000001] inst=[0000d23e] c.swsp  a5, 36(sp)
C0:       9443 [1] pc=[00000000800009bc] W[r15=0000000000000000][1] R[r 8=0000000080001f21] R[r 0=0000000000000000] inst=[00044783] lbu     a5, 0(s0)
C0:       9446 [1] pc=[00000000800009c0] W[r 0=0000000000000000][0] R[r15=0000000000000000] R[r 0=0000000000000000] inst=[1e078563] beqz    a5, pc + 490
C0:       9451 [1] pc=[0000000080000baa] W[r15=0000000000000089][1] R[r 9=0000000080002440] R[r 0=0000000000000000] inst=[0104d783] lhu     a5, 16(s1)
C0:       9454 [1] pc=[0000000080000bae] W[r15=0000000000000000][1] R[r15=0000000000000089] R[r 0=0000000000000000] inst=[0407f793] andi    a5, a5, 64
C0:       9455 [1] pc=[0000000080000bb2] W[r 0=0000000000000000][0] R[r15=0000000000000000] R[r 0=0000000000000000] inst=[ea0796e3] bnez    a5, pc - 340
C0:       9456 [1] pc=[0000000080000bb6] W[r10=0000000000000001][1] R[r 2=000000008002ae60] R[r 0=0000000000000000] inst=[00005512] c.lwsp  a0, 36(sp)
C0:       9457 [1] pc=[0000000080000bb8] W[r 0=0000000080000bba][1] R[r 0=0000000000000000] R[r 0=0000000000000000] inst=[0000b565] c.j     pc - 344
C0:       9458 [1] pc=[0000000080000a60] W[r 1=00000000800004a8][1] R[r 2=000000008002ae60] R[r 0=0000000000000000] inst=[000060ae] c.ldsp  ra, 200(sp)
C0:       9459 [1] pc=[0000000080000a62] W[r 8=0000000080001f20][1] R[r 2=000000008002ae60] R[r 0=0000000000000000] inst=[0000640e] c.ldsp  s0, 192(sp)
C0:       9460 [1] pc=[0000000080000a64] W[r 9=0000000000000000][1] R[r 2=000000008002ae60] R[r 0=0000000000000000] inst=[000074ea] c.ldsp  s1, 184(sp)
C0:       9461 [1] pc=[0000000080000a66] W[r18=0000000000000000][1] R[r 2=000000008002ae60] R[r 0=0000000000000000] inst=[0000794a] c.ldsp  s2, 176(sp)
C0:       9462 [1] pc=[0000000080000a68] W[r19=0000000000000000][1] R[r 2=000000008002ae60] R[r 0=0000000000000000] inst=[000079aa] c.ldsp  s3, 168(sp)
C0:       9463 [1] pc=[0000000080000a6a] W[r20=0000000000000000][1] R[r 2=000000008002ae60] R[r 0=0000000000000000] inst=[00007a0a] c.ldsp  s4, 160(sp)
C0:       9464 [1] pc=[0000000080000a6c] W[r21=0000000000000000][1] R[r 2=000000008002ae60] R[r 0=0000000000000000] inst=[00006aea] c.ldsp  s5, 152(sp)
C0:       9465 [1] pc=[0000000080000a6e] W[r22=0000000000000000][1] R[r 2=000000008002ae60] R[r 0=0000000000000000] inst=[00006b4a] c.ldsp  s6, 144(sp)
C0:       9466 [1] pc=[0000000080000a70] W[r23=0000000000000000][1] R[r 2=000000008002ae60] R[r 0=0000000000000000] inst=[00006baa] c.ldsp  s7, 136(sp)
C0:       9467 [1] pc=[0000000080000a72] W[r24=0000000000000000][1] R[r 2=000000008002ae60] R[r 0=0000000000000000] inst=[00006c0a] c.ldsp  s8, 128(sp)
C0:       9468 [1] pc=[0000000080000a74] W[r25=0000000000000000][1] R[r 2=000000008002ae60] R[r 0=0000000000000000] inst=[00007ce6] c.ldsp  s9, 120(sp)
C0:       9469 [1] pc=[0000000080000a76] W[r26=0000000000000000][1] R[r 2=000000008002ae60] R[r 0=0000000000000000] inst=[00007d46] c.ldsp  s10, 112(sp)
C0:       9470 [1] pc=[0000000080000a78] W[r 2=000000008002af30][1] R[r 2=000000008002ae60] R[r 0=0000000000000000] inst=[00006169] c.addi16sp sp, 208
C0:       9471 [1] pc=[0000000080000a7a] W[r 0=0000000080000a7c][1] R[r 1=00000000800004a8] R[r 0=0000000000000000] inst=[00008082] ret
C0:       9475 [1] pc=[00000000800004a8] W[r 1=00000000800003d2][1] R[r 2=000000008002af30] R[r 0=0000000000000000] inst=[000070a2] c.ldsp  ra, 40(sp)
C0:       9476 [1] pc=[00000000800004aa] W[r 8=000000008002b000][1] R[r 2=000000008002af30] R[r 0=0000000000000000] inst=[00007402] c.ldsp  s0, 32(sp)
C0:       9477 [1] pc=[00000000800004ac] W[r 2=000000008002afa0][1] R[r 2=000000008002af30] R[r 0=0000000000000000] inst=[00006165] c.addi16sp sp, 112
C0:       9478 [1] pc=[00000000800004ae] W[r 0=00000000800004b0][1] R[r 1=00000000800003d2] R[r 0=0000000000000000] inst=[00008082] ret
C0:       9483 [1] pc=[00000000800003d2] W[r15=0000000000000000][1] R[r 8=000000008002b000] R[r 0=0000000000000000] inst=[fdc42783] lw      a5, -36(s0)
C0:       9485 [1] pc=[00000000800003d6] W[r15=0000000000000001][1] R[r15=0000000000000000] R[r 0=0000000000000000] inst=[00002785] c.addiw a5, 1
C0:       9486 [1] pc=[00000000800003d8] W[r 0=0000000000000000][0] R[r 8=000000008002b000] R[r15=0000000000000001] inst=[fcf42e23] sw      a5, -36(s0)
C0:       9492 [1] pc=[00000000800003dc] W[r15=0000000000000001][1] R[r 8=000000008002b000] R[r 0=0000000000000000] inst=[fdc42783] lw      a5, -36(s0)
C0:       9494 [1] pc=[00000000800003e0] W[r14=0000000000000001][1] R[r15=0000000000000001] R[r 0=0000000000000000] inst=[0007871b] sext.w  a4, a5
C0:       9495 [1] pc=[00000000800003e4] W[r15=0000000000000001][1] R[r 0=0000000000000000] R[r 0=0000000000000000] inst=[00004785] c.li    a5, 1
C0:       9496 [1] pc=[00000000800003e6] W[r 0=0000000000000000][0] R[r15=0000000000000001] R[r14=0000000000000001] inst=[fae7d7e3] bge     a5, a4, pc - 82
C0:       9500 [1] pc=[0000000080000394] W[r10=0000000080002394][1] R[r 0=0000000000000000] R[r 0=0000000000000000] inst=[00002517] auipc   a0, 0x2
C0:       9501 [1] pc=[0000000080000398] W[r10=0000000080001f10][1] R[r10=0000000080002394] R[r 0=0000000000000000] inst=[b7c50513] addi    a0, a0, -1156
C0:       9502 [1] pc=[000000008000039c] W[r 1=00000000800003a0][1] R[r 0=0000000000000000] R[r 0=0000000000000000] inst=[0d4000ef] jal     pc + 0xd4
C0:       9504 [1] pc=[0000000080000470] W[r 2=000000008002af30][1] R[r 2=000000008002afa0] R[r 0=0000000000000000] inst=[00007159] c.addi16sp sp, -112
C0:       9505 [1] pc=[0000000080000472] W[r 0=0000000000000000][0] R[r 2=000000008002af30] R[r 8=000000008002b000] inst=[0000f022] c.sdsp  s0, 32(sp)
C0:       9506 [1] pc=[0000000080000474] W[r 0=0000000000000000][0] R[r 2=000000008002af30] R[r 1=00000000800003a0] inst=[0000f406] c.sdsp  ra, 40(sp)
C0:       9507 [1] pc=[0000000080000476] W[r 8=0000000080001f10][1] R[r 0=0000000000000000] R[r10=0000000080001f10] inst=[0000842a] c.mv    s0, a0
C0:       9508 [1] pc=[0000000080000478] W[r 0=0000000000000000][0] R[r 2=000000008002af30] R[r11=000000000000005d] inst=[0000fc2e] c.sdsp  a1, 56(sp)
C0:       9509 [1] pc=[000000008000047a] W[r 0=0000000000000000][0] R[r 2=000000008002af30] R[r12=0000000080002440] inst=[0000e0b2] c.sdsp  a2, 64(sp)
C0:       9510 [1] pc=[000000008000047c] W[r 0=0000000000000000][0] R[r 2=000000008002af30] R[r13=fffffffc00000000] inst=[0000e4b6] c.sdsp  a3, 72(sp)
C0:       9511 [1] pc=[000000008000047e] W[r 0=0000000000000000][0] R[r 2=000000008002af30] R[r14=0000000000000001] inst=[0000e8ba] c.sdsp  a4, 80(sp)
C0:       9512 [1] pc=[0000000080000480] W[r 0=0000000000000000][0] R[r 2=000000008002af30] R[r15=0000000000000001] inst=[0000ecbe] c.sdsp  a5, 88(sp)
C0:       9513 [1] pc=[0000000080000482] W[r 0=0000000000000000][0] R[r 2=000000008002af30] R[r16=000000000000000a] inst=[0000f0c2] c.sdsp  a6, 96(sp)
C0:       9514 [1] pc=[0000000080000484] W[r 0=0000000000000000][0] R[r 2=000000008002af30] R[r17=0000000000000000] inst=[0000f4c6] c.sdsp  a7, 104(sp)
C0:       9515 [1] pc=[0000000080000486] W[r10=0000000080002486][1] R[r 0=0000000000000000] R[r 0=0000000000000000] inst=[00002517] auipc   a0, 0x2
C0:       9516 [1] pc=[000000008000048a] W[r10=0000000080002150][1] R[r10=0000000080002486] R[r 0=0000000000000000] inst=[d7a53503] ld      a0, -646(a0)
C0:       9518 [1] pc=[000000008000048e] W[r 0=0000000000000000][0] R[r10=0000000080002150] R[r 0=0000000000000000] inst=[0000c519] c.beqz  a0, pc + 14
C0:       9519 [1] pc=[0000000080000490] W[r15=0000000000000001][1] R[r10=0000000080002150] R[r 0=0000000000000000] inst=[0000591c] c.lw    a5, 48(a0)
C0:       9521 [1] pc=[0000000080000492] W[r 0=0000000000000000][0] R[r15=0000000000000001] R[r 0=0000000000000000] inst=[0000e789] c.bnez  a5, pc + 10
C0:       9525 [1] pc=[000000008000049c] W[r11=0000000080002440][1] R[r10=0000000080002150] R[r 0=0000000000000000] inst=[0000690c] c.ld    a1, 16(a0)
C0:       9526 [1] pc=[000000008000049e] W[r13=000000008002af68][1] R[r 2=000000008002af30] R[r 0=0000000000000000] inst=[00001834] c.addi4spn a3, sp, 56
C0:       9527 [1] pc=[00000000800004a0] W[r12=0000000080001f10][1] R[r 0=0000000000000000] R[r 8=0000000080001f10] inst=[00008622] c.mv    a2, s0
C0:       9528 [1] pc=[00000000800004a2] W[r 0=0000000000000000][0] R[r 2=000000008002af30] R[r13=000000008002af68] inst=[0000ec36] c.sdsp  a3, 24(sp)
C0:       9529 [1] pc=[00000000800004a4] W[r 1=00000000800004a8][1] R[r 0=0000000000000000] R[r 0=0000000000000000] inst=[47a000ef] jal     pc + 0x47a
C0:       9530 [1] pc=[000000008000091e] W[r 2=000000008002ae60][1] R[r 2=000000008002af30] R[r 0=0000000000000000] inst=[00007155] c.addi16sp sp, -208
C0:       9531 [1] pc=[0000000080000920] W[r 0=0000000000000000][0] R[r 2=000000008002ae60] R[r 8=0000000080001f10] inst=[0000e1a2] c.sdsp  s0, 192(sp)
C0:       9532 [1] pc=[0000000080000922] W[r 0=0000000000000000][0] R[r 2=000000008002ae60] R[r 9=0000000000000000] inst=[0000fd26] c.sdsp  s1, 184(sp)
C0:       9533 [1] pc=[0000000080000924] W[r 0=0000000000000000][0] R[r 2=000000008002ae60] R[r18=0000000000000000] inst=[0000f94a] c.sdsp  s2, 176(sp)
C0:       9534 [1] pc=[0000000080000926] W[r 0=0000000000000000][0] R[r 2=000000008002ae60] R[r19=0000000000000000] inst=[0000f54e] c.sdsp  s3, 168(sp)
C0:       9535 [1] pc=[0000000080000928] W[r 0=0000000000000000][0] R[r 2=000000008002ae60] R[r20=0000000000000000] inst=[0000f152] c.sdsp  s4, 160(sp)
C0:       9536 [1] pc=[000000008000092a] W[r 0=0000000000000000][0] R[r 2=000000008002ae60] R[r 1=00000000800004a8] inst=[0000e586] c.sdsp  ra, 200(sp)
C0:       9537 [1] pc=[000000008000092c] W[r 0=0000000000000000][0] R[r 2=000000008002ae60] R[r21=0000000000000000] inst=[0000ed56] c.sdsp  s5, 152(sp)
C0:       9538 [1] pc=[000000008000092e] W[r 0=0000000000000000][0] R[r 2=000000008002ae60] R[r22=0000000000000000] inst=[0000e95a] c.sdsp  s6, 144(sp)
C0:       9539 [1] pc=[0000000080000930] W[r 0=0000000000000000][0] R[r 2=000000008002ae60] R[r23=0000000000000000] inst=[0000e55e] c.sdsp  s7, 136(sp)
C0:       9540 [1] pc=[0000000080000932] W[r 0=0000000000000000][0] R[r 2=000000008002ae60] R[r24=0000000000000000] inst=[0000e162] c.sdsp  s8, 128(sp)
C0:       9541 [1] pc=[0000000080000934] W[r 0=0000000000000000][0] R[r 2=000000008002ae60] R[r25=0000000000000000] inst=[0000fce6] c.sdsp  s9, 120(sp)
C0:       9542 [1] pc=[0000000080000936] W[r 0=0000000000000000][0] R[r 2=000000008002ae60] R[r26=0000000000000000] inst=[0000f8ea] c.sdsp  s10, 112(sp)
C0:       9543 [1] pc=[0000000080000938] W[r19=0000000080002150][1] R[r 0=0000000000000000] R[r10=0000000080002150] inst=[000089aa] c.mv    s3, a0
C0:       9544 [1] pc=[000000008000093a] W[r 9=0000000080002440][1] R[r 0=0000000000000000] R[r11=0000000080002440] inst=[000084ae] c.mv    s1, a1
C0:       9545 [1] pc=[000000008000093c] W[r18=0000000080001f10][1] R[r 0=0000000000000000] R[r12=0000000080001f10] inst=[00008932] c.mv    s2, a2
C0:       9546 [1] pc=[000000008000093e] W[r 8=000000008002af68][1] R[r 0=0000000000000000] R[r13=000000008002af68] inst=[00008436] c.mv    s0, a3
C0:       9547 [1] pc=[0000000080000940] W[r20=0000000000000000][1] R[r 0=0000000000000000] R[r 0=0000000000000000] inst=[00004a01] c.li    s4, 0
C0:       9548 [1] pc=[0000000080000942] W[r 0=0000000000000000][0] R[r10=0000000080002150] R[r 0=0000000000000000] inst=[0000c509] c.beqz  a0, pc + 10
C0:       9549 [1] pc=[0000000080000944] W[r15=0000000000000001][1] R[r10=0000000080002150] R[r 0=0000000000000000] inst=[0000591c] c.lw    a5, 48(a0)
C0:       9551 [1] pc=[0000000080000946] W[r 0=0000000000000000][0] R[r15=0000000000000001] R[r 0=0000000000000000] inst=[0000e399] c.bnez  a5, pc + 6
C0:       9555 [1] pc=[000000008000094c] W[r15=000000008000194c][1] R[r 0=0000000000000000] R[r 0=0000000000000000] inst=[00001797] auipc   a5, 0x1
C0:       9556 [1] pc=[0000000080000950] W[r15=0000000080001fb0][1] R[r15=000000008000194c] R[r 0=0000000000000000] inst=[66478793] addi    a5, a5, 1636
C0:       9557 [1] pc=[0000000080000954] W[r 0=0000000000000000][0] R[r 9=0000000080002440] R[r15=0000000080001fb0] inst=[0cf49e63] bne     s1, a5, pc + 220
C0:       9559 [1] pc=[0000000080000a30] W[r15=0000000080001a30][1] R[r 0=0000000000000000] R[r 0=0000000000000000] inst=[00001797] auipc   a5, 0x1
C0:       9560 [1] pc=[0000000080000a34] W[r15=0000000080001fe8][1] R[r15=0000000080001a30] R[r 0=0000000000000000] inst=[5b878793] addi    a5, a5, 1464
C0:       9561 [1] pc=[0000000080000a38] W[r 0=0000000000000000][0] R[r 9=0000000080002440] R[r15=0000000080001fe8] inst=[00f49563] bne     s1, a5, pc + 10
C0:       9564 [1] pc=[0000000080000a42] W[r15=0000000080001a42][1] R[r 0=0000000000000000] R[r 0=0000000000000000] inst=[00001797] auipc   a5, 0x1
C0:       9565 [1] pc=[0000000080000a46] W[r15=0000000080001f78][1] R[r15=0000000080001a42] R[r 0=0000000000000000] inst=[53678793] addi    a5, a5, 1334
C0:       9566 [1] pc=[0000000080000a4a] W[r 0=0000000000000000][0] R[r 9=0000000080002440] R[r15=0000000080001f78] inst=[f0f499e3] bne     s1, a5, pc - 238
C0:       9570 [1] pc=[000000008000095c] W[r15=0000000000000089][1] R[r 9=0000000080002440] R[r 0=0000000000000000] inst=[0104d783] lhu     a5, 16(s1)
C0:       9573 [1] pc=[0000000080000960] W[r15=0000000000000008][1] R[r15=0000000000000089] R[r 0=0000000000000000] inst=[00008ba1] c.andi  a5, 8
C0:       9574 [1] pc=[0000000080000962] W[r 0=0000000000000000][0] R[r15=0000000000000008] R[r 0=0000000000000000] inst=[0000cbed] c.beqz  a5, pc + 242
C0:       9575 [1] pc=[0000000080000964] W[r15=0000000080002658][1] R[r 9=0000000080002440] R[r 0=0000000000000000] inst=[00006c9c] c.ld    a5, 24(s1)
C0:       9577 [1] pc=[0000000080000966] W[r 0=0000000000000000][0] R[r15=0000000080002658] R[r 0=0000000000000000] inst=[0000c7fd] c.beqz  a5, pc + 238
C0:       9578 [1] pc=[0000000080000968] W[r15=0000000000000020][1] R[r 0=0000000000000000] R[r 0=0000000000000000] inst=[02000793] li      a5, 32
C0:       9579 [1] pc=[000000008000096c] W[r 0=0000000000000000][0] R[r 2=000000008002ae60] R[r15=0000000000000020] inst=[02f104a3] sb      a5, 41(sp)
C0:       9580 [1] pc=[0000000080000970] W[r21=ffffffffffffffff][1] R[r 0=0000000000000000] R[r 0=0000000000000000] inst=[00005afd] c.li    s5, -1
C0:       9581 [1] pc=[0000000080000972] W[r15=0000000000000030][1] R[r 0=0000000000000000] R[r 0=0000000000000000] inst=[03000793] li      a5, 48
C0:       9582 [1] pc=[0000000080000976] W[r 0=0000000000000000][0] R[r 2=000000008002ae60] R[r 0=0000000000000000] inst=[0000d202] c.swsp  zero, 36(sp)
C0:       9583 [1] pc=[0000000080000978] W[r 0=0000000000000000][0] R[r 2=000000008002ae60] R[r15=0000000000000030] inst=[02f10523] sb      a5, 42(sp)
C0:       9584 [1] pc=[000000008000097c] W[r 0=0000000000000000][0] R[r 2=000000008002ae60] R[r 8=000000008002af68] inst=[0000e422] c.sdsp  s0, 8(sp)
C0:       9585 [1] pc=[000000008000097e] W[r23=0000000000000025][1] R[r 0=0000000000000000] R[r 0=0000000000000000] inst=[02500b93] li      s7, 37
C0:       9586 [1] pc=[0000000080000982] W[r24=ffffffff00000000][1] R[r21=ffffffffffffffff] R[r 0=0000000000000000] inst=[020a9c13] slli    s8, s5, 32
C0:       9587 [1] pc=[0000000080000986] W[r22=0000000080001986][1] R[r 0=0000000000000000] R[r 0=0000000000000000] inst=[00001b17] auipc   s6, 0x1
C0:       9588 [1] pc=[000000008000098a] W[r22=0000000080002020][1] R[r22=0000000080001986] R[r 0=0000000000000000] inst=[69ab0b13] addi    s6, s6, 1690
C0:       9589 [1] pc=[000000008000098e] W[r25=0000000000000001][1] R[r 0=0000000000000000] R[r 0=0000000000000000] inst=[00004c85] c.li    s9, 1
C0:       9590 [1] pc=[0000000080000990] W[r 8=0000000080001f10][1] R[r 0=0000000000000000] R[r18=0000000080001f10] inst=[0000844a] c.mv    s0, s2
C0:       9591 [1] pc=[0000000080000992] W[r15=000000000000005b][1] R[r 8=0000000080001f10] R[r 0=0000000000000000] inst=[00044783] lbu     a5, 0(s0)
C0:       9594 [1] pc=[0000000080000996] W[r 0=0000000000000000][0] R[r15=000000000000005b] R[r 0=0000000000000000] inst=[0000c399] c.beqz  a5, pc + 6
C0:       9595 [1] pc=[0000000080000998] W[r 0=0000000000000000][0] R[r15=000000000000005b] R[r23=0000000000000025] inst=[0f779263] bne     a5, s7, pc + 228
C0:       9599 [1] pc=[0000000080000a7c] W[r 8=0000000080001f11][1] R[r 8=0000000080001f10] R[r 0=0000000000000000] inst=[00000405] c.addi  s0, 1
C0:       9600 [1] pc=[0000000080000a7e] W[r 0=0000000080000a80][1] R[r 0=0000000000000000] R[r 0=0000000000000000] inst=[0000bf11] c.j     pc - 236
C0:       9601 [1] pc=[0000000080000992] W[r15=0000000000000000][1] R[r 8=0000000080001f11] R[r 0=0000000000000000] inst=[00044783] lbu     a5, 0(s0)
C0:       9604 [1] pc=[0000000080000996] W[r 0=0000000000000000][0] R[r15=0000000000000000] R[r 0=0000000000000000] inst=[0000c399] c.beqz  a5, pc + 6
C0:       9608 [1] pc=[000000008000099c] W[r26=0000000000000001][1] R[r 8=0000000080001f11] R[r18=0000000080001f10] inst=[41240d3b] subw    s10, s0, s2
C0:       9609 [1] pc=[00000000800009a0] W[r 0=0000000000000000][0] R[r26=0000000000000001] R[r 0=0000000000000000] inst=[000d0e63] beqz    s10, pc + 28
C0:       9610 [1] pc=[00000000800009a4] W[r13=0000000000000001][1] R[r 0=0000000000000000] R[r26=0000000000000001] inst=[000086ea] c.mv    a3, s10
C0:       9611 [1] pc=[00000000800009a6] W[r12=0000000080001f10][1] R[r 0=0000000000000000] R[r18=0000000080001f10] inst=[0000864a] c.mv    a2, s2
C0:       9612 [1] pc=[00000000800009a8] W[r11=0000000080002440][1] R[r 0=0000000000000000] R[r 9=0000000080002440] inst=[000085a6] c.mv    a1, s1
C0:       9613 [1] pc=[00000000800009aa] W[r10=0000000080002150][1] R[r 0=0000000000000000] R[r19=0000000080002150] inst=[0000854e] c.mv    a0, s3
C0:       9614 [1] pc=[00000000800009ac] W[r 1=00000000800009b0][1] R[r 0=0000000000000000] R[r 0=0000000000000000] inst=[f07ff0ef] jal     pc - 0xfa
C0:       9615 [1] pc=[00000000800008b2] W[r 2=000000008002ae30][1] R[r 2=000000008002ae60] R[r 0=0000000000000000] inst=[00007179] c.addi16sp sp, -48
C0:       9616 [1] pc=[00000000800008b4] W[r 0=0000000000000000][0] R[r 2=000000008002ae30] R[r 8=0000000080001f11] inst=[0000f022] c.sdsp  s0, 32(sp)
C0:       9617 [1] pc=[00000000800008b6] W[r 0=0000000000000000][0] R[r 2=000000008002ae30] R[r 9=0000000080002440] inst=[0000ec26] c.sdsp  s1, 24(sp)
C0:       9618 [1] pc=[00000000800008b8] W[r 0=0000000000000000][0] R[r 2=000000008002ae30] R[r18=0000000080001f10] inst=[0000e84a] c.sdsp  s2, 16(sp)
C0:       9619 [1] pc=[00000000800008ba] W[r 0=0000000000000000][0] R[r 2=000000008002ae30] R[r19=0000000080002150] inst=[0000e44e] c.sdsp  s3, 8(sp)
C0:       9620 [1] pc=[00000000800008bc] W[r 0=0000000000000000][0] R[r 2=000000008002ae30] R[r20=0000000000000000] inst=[0000e052] c.sdsp  s4, 0(sp)
C0:       9621 [1] pc=[00000000800008be] W[r 0=0000000000000000][0] R[r 2=000000008002ae30] R[r 1=00000000800009b0] inst=[0000f406] c.sdsp  ra, 40(sp)
C0:       9622 [1] pc=[00000000800008c0] W[r18=0000000080002150][1] R[r 0=0000000000000000] R[r10=0000000080002150] inst=[0000892a] c.mv    s2, a0
C0:       9623 [1] pc=[00000000800008c2] W[r19=0000000080002440][1] R[r 0=0000000000000000] R[r11=0000000080002440] inst=[000089ae] c.mv    s3, a1
C0:       9624 [1] pc=[00000000800008c4] W[r 8=0000000080001f10][1] R[r 0=0000000000000000] R[r12=0000000080001f10] inst=[00008432] c.mv    s0, a2
C0:       9625 [1] pc=[00000000800008c6] W[r 9=0000000080001f11][1] R[r12=0000000080001f10] R[r13=0000000000000001] inst=[00d604b3] add     s1, a2, a3
C0:       9626 [1] pc=[00000000800008ca] W[r20=ffffffffffffffff][1] R[r 0=0000000000000000] R[r 0=0000000000000000] inst=[00005a7d] c.li    s4, -1
C0:       9627 [1] pc=[00000000800008cc] W[r 0=0000000000000000][0] R[r 8=0000000080001f10] R[r 9=0000000080001f11] inst=[00941463] bne     s0, s1, pc + 8
C0:       9628 [1] pc=[00000000800008d4] W[r11=000000000000005b][1] R[r 8=0000000080001f10] R[r 0=0000000000000000] inst=[00044583] lbu     a1, 0(s0)
C0:       9629 [1] pc=[00000000800008d8] W[r12=0000000080002440][1] R[r 0=0000000000000000] R[r19=0000000080002440] inst=[0000864e] c.mv    a2, s3
C0:       9630 [1] pc=[00000000800008da] W[r10=0000000080002150][1] R[r 0=0000000000000000] R[r18=0000000080002150] inst=[0000854a] c.mv    a0, s2
C0:       9631 [1] pc=[00000000800008dc] W[r 1=00000000800008e0][1] R[r 0=0000000000000000] R[r 0=0000000000000000] inst=[fa7ff0ef] jal     pc - 0x5a
C0:       9632 [1] pc=[0000000080000882] W[r15=fffffffffffffffc][1] R[r12=0000000080002440] R[r 0=0000000000000000] inst=[0000465c] c.lw    a5, 12(a2)
C0:       9634 [1] pc=[0000000080000884] W[r15=fffffffffffffffb][1] R[r15=fffffffffffffffc] R[r 0=0000000000000000] inst=[000037fd] c.addiw a5, -1
C0:       9635 [1] pc=[0000000080000886] W[r 0=0000000000000000][0] R[r12=0000000080002440] R[r15=fffffffffffffffb] inst=[0000c65c] c.sw    a5, 12(a2)
C0:       9636 [1] pc=[0000000080000888] W[r13=fffffffb00000000][1] R[r15=fffffffffffffffb] R[r 0=0000000000000000] inst=[02079693] slli    a3, a5, 32
C0:       9637 [1] pc=[000000008000088c] W[r14=fffffffffffffffb][1] R[r15=fffffffffffffffb] R[r 0=0000000000000000] inst=[0007871b] sext.w  a4, a5
C0:       9638 [1] pc=[0000000080000890] W[r 0=0000000000000000][0] R[r13=fffffffb00000000] R[r 0=0000000000000000] inst=[0006d963] bgez    a3, pc + 18
C0:       9642 [1] pc=[0000000080000894] W[r15=fffffffffffffc00][1] R[r12=0000000080002440] R[r 0=0000000000000000] inst=[0000561c] c.lw    a5, 40(a2)
C0:       9644 [1] pc=[0000000080000896] W[r 0=0000000000000000][0] R[r14=fffffffffffffffb] R[r15=fffffffffffffc00] inst=[00f74563] blt     a4, a5, pc + 10
C0:       9648 [1] pc=[000000008000089a] W[r15=000000000000000a][1] R[r 0=0000000000000000] R[r 0=0000000000000000] inst=[000047a9] c.li    a5, 10
C0:       9649 [1] pc=[000000008000089c] W[r 0=0000000000000000][0] R[r11=000000000000005b] R[r15=000000000000000a] inst=[00f59363] bne     a1, a5, pc + 6
C0:       9650 [1] pc=[00000000800008a2] W[r15=000000008000265c][1] R[r12=0000000080002440] R[r 0=0000000000000000] inst=[0000621c] c.ld    a5, 0(a2)
C0:       9651 [1] pc=[00000000800008a4] W[r10=000000000000005b][1] R[r 0=0000000000000000] R[r11=000000000000005b] inst=[0000852e] c.mv    a0, a1
C0:       9652 [1] pc=[00000000800008a6] W[r14=000000008000265d][1] R[r15=000000008000265c] R[r 0=0000000000000000] inst=[00178713] addi    a4, a5, 1
C0:       9653 [1] pc=[00000000800008aa] W[r 0=0000000000000000][0] R[r12=0000000080002440] R[r14=000000008000265d] inst=[0000e218] c.sd    a4, 0(a2)
C0:       9654 [1] pc=[00000000800008ac] W[r 0=0000000000000000][0] R[r15=000000008000265c] R[r11=000000000000005b] inst=[00b78023] sb      a1, 0(a5)
C0:       9655 [1] pc=[00000000800008b0] W[r 0=00000000800008b2][1] R[r 1=00000000800008e0] R[r 0=0000000000000000] inst=[00008082] ret
C0:       9656 [1] pc=[00000000800008e0] W[r 8=0000000080001f11][1] R[r 8=0000000080001f10] R[r 0=0000000000000000] inst=[00000405] c.addi  s0, 1
C0:       9657 [1] pc=[00000000800008e2] W[r 0=0000000000000000][0] R[r10=000000000000005b] R[r20=ffffffffffffffff] inst=[ff4515e3] bne     a0, s4, pc - 22
C0:       9658 [1] pc=[00000000800008cc] W[r 0=0000000000000000][0] R[r 8=0000000080001f11] R[r 9=0000000080001f11] inst=[00941463] bne     s0, s1, pc + 8
C0:       9659 [1] pc=[00000000800008d0] W[r10=0000000000000000][1] R[r 0=0000000000000000] R[r 0=0000000000000000] inst=[00004501] c.li    a0, 0
C0:       9660 [1] pc=[00000000800008d2] W[r 0=00000000800008d4][1] R[r 0=0000000000000000] R[r 0=0000000000000000] inst=[0000a811] c.j     pc + 20
C0:       9661 [1] pc=[00000000800008e6] W[r 1=00000000800009b0][1] R[r 2=000000008002ae30] R[r 0=0000000000000000] inst=[000070a2] c.ldsp  ra, 40(sp)
C0:       9662 [1] pc=[00000000800008e8] W[r 8=0000000080001f11][1] R[r 2=000000008002ae30] R[r 0=0000000000000000] inst=[00007402] c.ldsp  s0, 32(sp)
C0:       9663 [1] pc=[00000000800008ea] W[r 9=0000000080002440][1] R[r 2=000000008002ae30] R[r 0=0000000000000000] inst=[000064e2] c.ldsp  s1, 24(sp)
C0:       9664 [1] pc=[00000000800008ec] W[r18=0000000080001f10][1] R[r 2=000000008002ae30] R[r 0=0000000000000000] inst=[00006942] c.ldsp  s2, 16(sp)
C0:       9665 [1] pc=[00000000800008ee] W[r19=0000000080002150][1] R[r 2=000000008002ae30] R[r 0=0000000000000000] inst=[000069a2] c.ldsp  s3, 8(sp)
C0:       9666 [1] pc=[00000000800008f0] W[r20=0000000000000000][1] R[r 2=000000008002ae30] R[r 0=0000000000000000] inst=[00006a02] c.ldsp  s4, 0(sp)
C0:       9667 [1] pc=[00000000800008f2] W[r 2=000000008002ae60][1] R[r 2=000000008002ae30] R[r 0=0000000000000000] inst=[00006145] c.addi16sp sp, 48
C0:       9668 [1] pc=[00000000800008f4] W[r 0=00000000800008f6][1] R[r 1=00000000800009b0] R[r 0=0000000000000000] inst=[00008082] ret
C0:       9669 [1] pc=[00000000800009b0] W[r 0=0000000000000000][0] R[r10=0000000000000000] R[r21=ffffffffffffffff] inst=[1f550d63] beq     a0, s5, pc + 506
C0:       9670 [1] pc=[00000000800009b4] W[r15=0000000000000000][1] R[r 2=000000008002ae60] R[r 0=0000000000000000] inst=[00005792] c.lwsp  a5, 36(sp)
C0:       9672 [1] pc=[00000000800009b6] W[r15=0000000000000001][1] R[r15=0000000000000000] R[r26=0000000000000001] inst=[01a787bb] addw    a5, a5, s10
C0:       9673 [1] pc=[00000000800009ba] W[r 0=0000000000000000][0] R[r 2=000000008002ae60] R[r15=0000000000000001] inst=[0000d23e] c.swsp  a5, 36(sp)
C0:       9674 [1] pc=[00000000800009bc] W[r15=0000000000000000][1] R[r 8=0000000080001f11] R[r 0=0000000000000000] inst=[00044783] lbu     a5, 0(s0)
C0:       9677 [1] pc=[00000000800009c0] W[r 0=0000000000000000][0] R[r15=0000000000000000] R[r 0=0000000000000000] inst=[1e078563] beqz    a5, pc + 490
C0:       9679 [1] pc=[0000000080000baa] W[r15=0000000000000089][1] R[r 9=0000000080002440] R[r 0=0000000000000000] inst=[0104d783] lhu     a5, 16(s1)
C0:       9682 [1] pc=[0000000080000bae] W[r15=0000000000000000][1] R[r15=0000000000000089] R[r 0=0000000000000000] inst=[0407f793] andi    a5, a5, 64
C0:       9683 [1] pc=[0000000080000bb2] W[r 0=0000000000000000][0] R[r15=0000000000000000] R[r 0=0000000000000000] inst=[ea0796e3] bnez    a5, pc - 340
C0:       9684 [1] pc=[0000000080000bb6] W[r10=0000000000000001][1] R[r 2=000000008002ae60] R[r 0=0000000000000000] inst=[00005512] c.lwsp  a0, 36(sp)
C0:       9685 [1] pc=[0000000080000bb8] W[r 0=0000000080000bba][1] R[r 0=0000000000000000] R[r 0=0000000000000000] inst=[0000b565] c.j     pc - 344
C0:       9686 [1] pc=[0000000080000a60] W[r 1=00000000800004a8][1] R[r 2=000000008002ae60] R[r 0=0000000000000000] inst=[000060ae] c.ldsp  ra, 200(sp)
C0:       9687 [1] pc=[0000000080000a62] W[r 8=0000000080001f10][1] R[r 2=000000008002ae60] R[r 0=0000000000000000] inst=[0000640e] c.ldsp  s0, 192(sp)
C0:       9688 [1] pc=[0000000080000a64] W[r 9=0000000000000000][1] R[r 2=000000008002ae60] R[r 0=0000000000000000] inst=[000074ea] c.ldsp  s1, 184(sp)
C0:       9689 [1] pc=[0000000080000a66] W[r18=0000000000000000][1] R[r 2=000000008002ae60] R[r 0=0000000000000000] inst=[0000794a] c.ldsp  s2, 176(sp)
C0:       9690 [1] pc=[0000000080000a68] W[r19=0000000000000000][1] R[r 2=000000008002ae60] R[r 0=0000000000000000] inst=[000079aa] c.ldsp  s3, 168(sp)
C0:       9691 [1] pc=[0000000080000a6a] W[r20=0000000000000000][1] R[r 2=000000008002ae60] R[r 0=0000000000000000] inst=[00007a0a] c.ldsp  s4, 160(sp)
C0:       9692 [1] pc=[0000000080000a6c] W[r21=0000000000000000][1] R[r 2=000000008002ae60] R[r 0=0000000000000000] inst=[00006aea] c.ldsp  s5, 152(sp)
C0:       9693 [1] pc=[0000000080000a6e] W[r22=0000000000000000][1] R[r 2=000000008002ae60] R[r 0=0000000000000000] inst=[00006b4a] c.ldsp  s6, 144(sp)
C0:       9694 [1] pc=[0000000080000a70] W[r23=0000000000000000][1] R[r 2=000000008002ae60] R[r 0=0000000000000000] inst=[00006baa] c.ldsp  s7, 136(sp)
C0:       9695 [1] pc=[0000000080000a72] W[r24=0000000000000000][1] R[r 2=000000008002ae60] R[r 0=0000000000000000] inst=[00006c0a] c.ldsp  s8, 128(sp)
C0:       9696 [1] pc=[0000000080000a74] W[r25=0000000000000000][1] R[r 2=000000008002ae60] R[r 0=0000000000000000] inst=[00007ce6] c.ldsp  s9, 120(sp)
C0:       9697 [1] pc=[0000000080000a76] W[r26=0000000000000000][1] R[r 2=000000008002ae60] R[r 0=0000000000000000] inst=[00007d46] c.ldsp  s10, 112(sp)
C0:       9698 [1] pc=[0000000080000a78] W[r 2=000000008002af30][1] R[r 2=000000008002ae60] R[r 0=0000000000000000] inst=[00006169] c.addi16sp sp, 208
C0:       9699 [1] pc=[0000000080000a7a] W[r 0=0000000080000a7c][1] R[r 1=00000000800004a8] R[r 0=0000000000000000] inst=[00008082] ret
C0:       9703 [1] pc=[00000000800004a8] W[r 1=00000000800003a0][1] R[r 2=000000008002af30] R[r 0=0000000000000000] inst=[000070a2] c.ldsp  ra, 40(sp)
C0:       9704 [1] pc=[00000000800004aa] W[r 8=000000008002b000][1] R[r 2=000000008002af30] R[r 0=0000000000000000] inst=[00007402] c.ldsp  s0, 32(sp)
C0:       9705 [1] pc=[00000000800004ac] W[r 2=000000008002afa0][1] R[r 2=000000008002af30] R[r 0=0000000000000000] inst=[00006165] c.addi16sp sp, 112
C0:       9706 [1] pc=[00000000800004ae] W[r 0=00000000800004b0][1] R[r 1=00000000800003a0] R[r 0=0000000000000000] inst=[00008082] ret
C0:       9710 [1] pc=[00000000800003a0] W[r15=0000000000000001][1] R[r 8=000000008002b000] R[r 0=0000000000000000] inst=[fdc42783] lw      a5, -36(s0)
C0:       9711 [1] pc=[00000000800003a4] W[r14=0000000000000000][1] R[r 8=000000008002b000] R[r 0=0000000000000000] inst=[fe042703] lw      a4, -32(s0)
C0:       9713 [1] pc=[00000000800003a8] W[r14=0000000000000000][1] R[r14=0000000000000000] R[r 0=0000000000000000] inst=[00000706] c.slli  a4, 1
C0:       9714 [1] pc=[00000000800003aa] W[r15=0000000000000001][1] R[r15=0000000000000001] R[r14=0000000000000000] inst=[000097ba] c.add   a5, a4
C0:       9715 [1] pc=[00000000800003ac] W[r15=0000000000000004][1] R[r15=0000000000000001] R[r 0=0000000000000000] inst=[0000078a] c.slli  a5, 2
C0:       9716 [1] pc=[00000000800003ae] W[r14=000000008002aff0][1] R[r 8=000000008002b000] R[r 0=0000000000000000] inst=[ff040713] addi    a4, s0, -16
C0:       9717 [1] pc=[00000000800003b2] W[r15=000000008002aff4][1] R[r15=0000000000000004] R[r14=000000008002aff0] inst=[000097ba] c.add   a5, a4
C0:       9718 [1] pc=[00000000800003b4] W[r15=000000000000000a][1] R[r15=000000008002aff4] R[r 0=0000000000000000] inst=[fb07a783] lw      a5, -80(a5)
C0:       9720 [1] pc=[00000000800003b8] W[r11=000000000000000a][1] R[r 0=0000000000000000] R[r15=000000000000000a] inst=[000085be] c.mv    a1, a5
C0:       9721 [1] pc=[00000000800003ba] W[r10=00000000800023ba][1] R[r 0=0000000000000000] R[r 0=0000000000000000] inst=[00002517] auipc   a0, 0x2
C0:       9722 [1] pc=[00000000800003be] W[r10=0000000080001f18][1] R[r10=00000000800023ba] R[r 0=0000000000000000] inst=[b5e50513] addi    a0, a0, -1186
C0:       9723 [1] pc=[00000000800003c2] W[r 1=00000000800003c6][1] R[r 0=0000000000000000] R[r 0=0000000000000000] inst=[0ae000ef] jal     pc + 0xae
C0:       9724 [1] pc=[0000000080000470] W[r 2=000000008002af30][1] R[r 2=000000008002afa0] R[r 0=0000000000000000] inst=[00007159] c.addi16sp sp, -112
C0:       9725 [1] pc=[0000000080000472] W[r 0=0000000000000000][0] R[r 2=000000008002af30] R[r 8=000000008002b000] inst=[0000f022] c.sdsp  s0, 32(sp)
C0:       9726 [1] pc=[0000000080000474] W[r 0=0000000000000000][0] R[r 2=000000008002af30] R[r 1=00000000800003c6] inst=[0000f406] c.sdsp  ra, 40(sp)
C0:       9727 [1] pc=[0000000080000476] W[r 8=0000000080001f18][1] R[r 0=0000000000000000] R[r10=0000000080001f18] inst=[0000842a] c.mv    s0, a0
C0:       9728 [1] pc=[0000000080000478] W[r 0=0000000000000000][0] R[r 2=000000008002af30] R[r11=000000000000000a] inst=[0000fc2e] c.sdsp  a1, 56(sp)
C0:       9729 [1] pc=[000000008000047a] W[r 0=0000000000000000][0] R[r 2=000000008002af30] R[r12=0000000080002440] inst=[0000e0b2] c.sdsp  a2, 64(sp)
C0:       9730 [1] pc=[000000008000047c] W[r 0=0000000000000000][0] R[r 2=000000008002af30] R[r13=fffffffb00000000] inst=[0000e4b6] c.sdsp  a3, 72(sp)
C0:       9731 [1] pc=[000000008000047e] W[r 0=0000000000000000][0] R[r 2=000000008002af30] R[r14=000000008002aff0] inst=[0000e8ba] c.sdsp  a4, 80(sp)
C0:       9732 [1] pc=[0000000080000480] W[r 0=0000000000000000][0] R[r 2=000000008002af30] R[r15=000000000000000a] inst=[0000ecbe] c.sdsp  a5, 88(sp)
C0:       9733 [1] pc=[0000000080000482] W[r 0=0000000000000000][0] R[r 2=000000008002af30] R[r16=000000000000000a] inst=[0000f0c2] c.sdsp  a6, 96(sp)
C0:       9734 [1] pc=[0000000080000484] W[r 0=0000000000000000][0] R[r 2=000000008002af30] R[r17=0000000000000000] inst=[0000f4c6] c.sdsp  a7, 104(sp)
C0:       9735 [1] pc=[0000000080000486] W[r10=0000000080002486][1] R[r 0=0000000000000000] R[r 0=0000000000000000] inst=[00002517] auipc   a0, 0x2
C0:       9736 [1] pc=[000000008000048a] W[r10=0000000080002150][1] R[r10=0000000080002486] R[r 0=0000000000000000] inst=[d7a53503] ld      a0, -646(a0)
C0:       9738 [1] pc=[000000008000048e] W[r 0=0000000000000000][0] R[r10=0000000080002150] R[r 0=0000000000000000] inst=[0000c519] c.beqz  a0, pc + 14
C0:       9739 [1] pc=[0000000080000490] W[r15=0000000000000001][1] R[r10=0000000080002150] R[r 0=0000000000000000] inst=[0000591c] c.lw    a5, 48(a0)
C0:       9741 [1] pc=[0000000080000492] W[r 0=0000000000000000][0] R[r15=0000000000000001] R[r 0=0000000000000000] inst=[0000e789] c.bnez  a5, pc + 10
C0:       9742 [1] pc=[000000008000049c] W[r11=0000000080002440][1] R[r10=0000000080002150] R[r 0=0000000000000000] inst=[0000690c] c.ld    a1, 16(a0)
C0:       9743 [1] pc=[000000008000049e] W[r13=000000008002af68][1] R[r 2=000000008002af30] R[r 0=0000000000000000] inst=[00001834] c.addi4spn a3, sp, 56
C0:       9744 [1] pc=[00000000800004a0] W[r12=0000000080001f18][1] R[r 0=0000000000000000] R[r 8=0000000080001f18] inst=[00008622] c.mv    a2, s0
C0:       9745 [1] pc=[00000000800004a2] W[r 0=0000000000000000][0] R[r 2=000000008002af30] R[r13=000000008002af68] inst=[0000ec36] c.sdsp  a3, 24(sp)
C0:       9746 [1] pc=[00000000800004a4] W[r 1=00000000800004a8][1] R[r 0=0000000000000000] R[r 0=0000000000000000] inst=[47a000ef] jal     pc + 0x47a
C0:       9747 [1] pc=[000000008000091e] W[r 2=000000008002ae60][1] R[r 2=000000008002af30] R[r 0=0000000000000000] inst=[00007155] c.addi16sp sp, -208
C0:       9748 [1] pc=[0000000080000920] W[r 0=0000000000000000][0] R[r 2=000000008002ae60] R[r 8=0000000080001f18] inst=[0000e1a2] c.sdsp  s0, 192(sp)
C0:       9749 [1] pc=[0000000080000922] W[r 0=0000000000000000][0] R[r 2=000000008002ae60] R[r 9=0000000000000000] inst=[0000fd26] c.sdsp  s1, 184(sp)
C0:       9750 [1] pc=[0000000080000924] W[r 0=0000000000000000][0] R[r 2=000000008002ae60] R[r18=0000000000000000] inst=[0000f94a] c.sdsp  s2, 176(sp)
C0:       9751 [1] pc=[0000000080000926] W[r 0=0000000000000000][0] R[r 2=000000008002ae60] R[r19=0000000000000000] inst=[0000f54e] c.sdsp  s3, 168(sp)
C0:       9752 [1] pc=[0000000080000928] W[r 0=0000000000000000][0] R[r 2=000000008002ae60] R[r20=0000000000000000] inst=[0000f152] c.sdsp  s4, 160(sp)
C0:       9753 [1] pc=[000000008000092a] W[r 0=0000000000000000][0] R[r 2=000000008002ae60] R[r 1=00000000800004a8] inst=[0000e586] c.sdsp  ra, 200(sp)
C0:       9754 [1] pc=[000000008000092c] W[r 0=0000000000000000][0] R[r 2=000000008002ae60] R[r21=0000000000000000] inst=[0000ed56] c.sdsp  s5, 152(sp)
C0:       9755 [1] pc=[000000008000092e] W[r 0=0000000000000000][0] R[r 2=000000008002ae60] R[r22=0000000000000000] inst=[0000e95a] c.sdsp  s6, 144(sp)
C0:       9756 [1] pc=[0000000080000930] W[r 0=0000000000000000][0] R[r 2=000000008002ae60] R[r23=0000000000000000] inst=[0000e55e] c.sdsp  s7, 136(sp)
C0:       9757 [1] pc=[0000000080000932] W[r 0=0000000000000000][0] R[r 2=000000008002ae60] R[r24=0000000000000000] inst=[0000e162] c.sdsp  s8, 128(sp)
C0:       9758 [1] pc=[0000000080000934] W[r 0=0000000000000000][0] R[r 2=000000008002ae60] R[r25=0000000000000000] inst=[0000fce6] c.sdsp  s9, 120(sp)
C0:       9759 [1] pc=[0000000080000936] W[r 0=0000000000000000][0] R[r 2=000000008002ae60] R[r26=0000000000000000] inst=[0000f8ea] c.sdsp  s10, 112(sp)
C0:       9760 [1] pc=[0000000080000938] W[r19=0000000080002150][1] R[r 0=0000000000000000] R[r10=0000000080002150] inst=[000089aa] c.mv    s3, a0
C0:       9761 [1] pc=[000000008000093a] W[r 9=0000000080002440][1] R[r 0=0000000000000000] R[r11=0000000080002440] inst=[000084ae] c.mv    s1, a1
C0:       9762 [1] pc=[000000008000093c] W[r18=0000000080001f18][1] R[r 0=0000000000000000] R[r12=0000000080001f18] inst=[00008932] c.mv    s2, a2
C0:       9763 [1] pc=[000000008000093e] W[r 8=000000008002af68][1] R[r 0=0000000000000000] R[r13=000000008002af68] inst=[00008436] c.mv    s0, a3
C0:       9764 [1] pc=[0000000080000940] W[r20=0000000000000000][1] R[r 0=0000000000000000] R[r 0=0000000000000000] inst=[00004a01] c.li    s4, 0
C0:       9765 [1] pc=[0000000080000942] W[r 0=0000000000000000][0] R[r10=0000000080002150] R[r 0=0000000000000000] inst=[0000c509] c.beqz  a0, pc + 10
C0:       9766 [1] pc=[0000000080000944] W[r15=0000000000000001][1] R[r10=0000000080002150] R[r 0=0000000000000000] inst=[0000591c] c.lw    a5, 48(a0)
C0:       9768 [1] pc=[0000000080000946] W[r 0=0000000000000000][0] R[r15=0000000000000001] R[r 0=0000000000000000] inst=[0000e399] c.bnez  a5, pc + 6
C0:       9769 [1] pc=[000000008000094c] W[r15=000000008000194c][1] R[r 0=0000000000000000] R[r 0=0000000000000000] inst=[00001797] auipc   a5, 0x1
C0:       9770 [1] pc=[0000000080000950] W[r15=0000000080001fb0][1] R[r15=000000008000194c] R[r 0=0000000000000000] inst=[66478793] addi    a5, a5, 1636
C0:       9771 [1] pc=[0000000080000954] W[r 0=0000000000000000][0] R[r 9=0000000080002440] R[r15=0000000080001fb0] inst=[0cf49e63] bne     s1, a5, pc + 220
C0:       9772 [1] pc=[0000000080000a30] W[r15=0000000080001a30][1] R[r 0=0000000000000000] R[r 0=0000000000000000] inst=[00001797] auipc   a5, 0x1
C0:       9773 [1] pc=[0000000080000a34] W[r15=0000000080001fe8][1] R[r15=0000000080001a30] R[r 0=0000000000000000] inst=[5b878793] addi    a5, a5, 1464
C0:       9774 [1] pc=[0000000080000a38] W[r 0=0000000000000000][0] R[r 9=0000000080002440] R[r15=0000000080001fe8] inst=[00f49563] bne     s1, a5, pc + 10
C0:       9776 [1] pc=[0000000080000a42] W[r15=0000000080001a42][1] R[r 0=0000000000000000] R[r 0=0000000000000000] inst=[00001797] auipc   a5, 0x1
C0:       9777 [1] pc=[0000000080000a46] W[r15=0000000080001f78][1] R[r15=0000000080001a42] R[r 0=0000000000000000] inst=[53678793] addi    a5, a5, 1334
C0:       9778 [1] pc=[0000000080000a4a] W[r 0=0000000000000000][0] R[r 9=0000000080002440] R[r15=0000000080001f78] inst=[f0f499e3] bne     s1, a5, pc - 238
C0:       9780 [1] pc=[000000008000095c] W[r15=0000000000000089][1] R[r 9=0000000080002440] R[r 0=0000000000000000] inst=[0104d783] lhu     a5, 16(s1)
C0:       9783 [1] pc=[0000000080000960] W[r15=0000000000000008][1] R[r15=0000000000000089] R[r 0=0000000000000000] inst=[00008ba1] c.andi  a5, 8
C0:       9784 [1] pc=[0000000080000962] W[r 0=0000000000000000][0] R[r15=0000000000000008] R[r 0=0000000000000000] inst=[0000cbed] c.beqz  a5, pc + 242
C0:       9785 [1] pc=[0000000080000964] W[r15=0000000080002658][1] R[r 9=0000000080002440] R[r 0=0000000000000000] inst=[00006c9c] c.ld    a5, 24(s1)
C0:       9787 [1] pc=[0000000080000966] W[r 0=0000000000000000][0] R[r15=0000000080002658] R[r 0=0000000000000000] inst=[0000c7fd] c.beqz  a5, pc + 238
C0:       9788 [1] pc=[0000000080000968] W[r15=0000000000000020][1] R[r 0=0000000000000000] R[r 0=0000000000000000] inst=[02000793] li      a5, 32
C0:       9789 [1] pc=[000000008000096c] W[r 0=0000000000000000][0] R[r 2=000000008002ae60] R[r15=0000000000000020] inst=[02f104a3] sb      a5, 41(sp)
C0:       9790 [1] pc=[0000000080000970] W[r21=ffffffffffffffff][1] R[r 0=0000000000000000] R[r 0=0000000000000000] inst=[00005afd] c.li    s5, -1
C0:       9791 [1] pc=[0000000080000972] W[r15=0000000000000030][1] R[r 0=0000000000000000] R[r 0=0000000000000000] inst=[03000793] li      a5, 48
C0:       9792 [1] pc=[0000000080000976] W[r 0=0000000000000000][0] R[r 2=000000008002ae60] R[r 0=0000000000000000] inst=[0000d202] c.swsp  zero, 36(sp)
C0:       9793 [1] pc=[0000000080000978] W[r 0=0000000000000000][0] R[r 2=000000008002ae60] R[r15=0000000000000030] inst=[02f10523] sb      a5, 42(sp)
C0:       9794 [1] pc=[000000008000097c] W[r 0=0000000000000000][0] R[r 2=000000008002ae60] R[r 8=000000008002af68] inst=[0000e422] c.sdsp  s0, 8(sp)
C0:       9795 [1] pc=[000000008000097e] W[r23=0000000000000025][1] R[r 0=0000000000000000] R[r 0=0000000000000000] inst=[02500b93] li      s7, 37
C0:       9796 [1] pc=[0000000080000982] W[r24=ffffffff00000000][1] R[r21=ffffffffffffffff] R[r 0=0000000000000000] inst=[020a9c13] slli    s8, s5, 32
C0:       9797 [1] pc=[0000000080000986] W[r22=0000000080001986][1] R[r 0=0000000000000000] R[r 0=0000000000000000] inst=[00001b17] auipc   s6, 0x1
C0:       9798 [1] pc=[000000008000098a] W[r22=0000000080002020][1] R[r22=0000000080001986] R[r 0=0000000000000000] inst=[69ab0b13] addi    s6, s6, 1690
C0:       9799 [1] pc=[000000008000098e] W[r25=0000000000000001][1] R[r 0=0000000000000000] R[r 0=0000000000000000] inst=[00004c85] c.li    s9, 1
C0:       9800 [1] pc=[0000000080000990] W[r 8=0000000080001f18][1] R[r 0=0000000000000000] R[r18=0000000080001f18] inst=[0000844a] c.mv    s0, s2
C0:       9801 [1] pc=[0000000080000992] W[r15=0000000000000025][1] R[r 8=0000000080001f18] R[r 0=0000000000000000] inst=[00044783] lbu     a5, 0(s0)
C0:       9804 [1] pc=[0000000080000996] W[r 0=0000000000000000][0] R[r15=0000000000000025] R[r 0=0000000000000000] inst=[0000c399] c.beqz  a5, pc + 6
C0:       9808 [1] pc=[0000000080000998] W[r 0=0000000000000000][0] R[r15=0000000000000025] R[r23=0000000000000025] inst=[0f779263] bne     a5, s7, pc + 228
C0:       9809 [1] pc=[000000008000099c] W[r26=0000000000000000][1] R[r 8=0000000080001f18] R[r18=0000000080001f18] inst=[41240d3b] subw    s10, s0, s2
C0:       9810 [1] pc=[00000000800009a0] W[r 0=0000000000000000][0] R[r26=0000000000000000] R[r 0=0000000000000000] inst=[000d0e63] beqz    s10, pc + 28
C0:       9812 [1] pc=[00000000800009bc] W[r15=0000000000000025][1] R[r 8=0000000080001f18] R[r 0=0000000000000000] inst=[00044783] lbu     a5, 0(s0)
C0:       9815 [1] pc=[00000000800009c0] W[r 0=0000000000000000][0] R[r15=0000000000000025] R[r 0=0000000000000000] inst=[1e078563] beqz    a5, pc + 490
C0:       9816 [1] pc=[00000000800009c4] W[r18=0000000080001f19][1] R[r 8=0000000080001f18] R[r 0=0000000000000000] inst=[00140913] addi    s2, s0, 1
C0:       9817 [1] pc=[00000000800009c8] W[r 0=0000000000000000][0] R[r 2=000000008002ae60] R[r24=ffffffff00000000] inst=[0000e862] c.sdsp  s8, 16(sp)
C0:       9818 [1] pc=[00000000800009ca] W[r 0=0000000000000000][0] R[r 2=000000008002ae60] R[r 0=0000000000000000] inst=[0000ec02] c.sdsp  zero, 24(sp)
C0:       9819 [1] pc=[00000000800009cc] W[r 0=0000000000000000][0] R[r 2=000000008002ae60] R[r 0=0000000000000000] inst=[040109a3] sb      zero, 83(sp)
C0:       9820 [1] pc=[00000000800009d0] W[r 0=0000000000000000][0] R[r 2=000000008002ae60] R[r 0=0000000000000000] inst=[0000d482] c.swsp  zero, 104(sp)
C0:       9821 [1] pc=[00000000800009d2] W[r11=0000000000000064][1] R[r18=0000000080001f19] R[r 0=0000000000000000] inst=[00094583] lbu     a1, 0(s2)
C0:       9822 [1] pc=[00000000800009d6] W[r12=0000000000000005][1] R[r 0=0000000000000000] R[r 0=0000000000000000] inst=[00004615] c.li    a2, 5
C0:       9823 [1] pc=[00000000800009d8] W[r10=0000000080002020][1] R[r 0=0000000000000000] R[r22=0000000080002020] inst=[0000855a] c.mv    a0, s6
C0:       9824 [1] pc=[00000000800009da] W[r 1=00000000800009de][1] R[r 0=0000000000000000] R[r 0=0000000000000000] inst=[307000ef] jal     pc + 0xb06
C0:       9825 [1] pc=[00000000800014e0] W[r11=0000000000000064][1] R[r11=0000000000000064] R[r 0=0000000000000000] inst=[0ff5f593] andi    a1, a1, 255
C0:       9826 [1] pc=[00000000800014e4] W[r12=0000000080002025][1] R[r12=0000000000000005] R[r10=0000000080002020] inst=[0000962a] c.add   a2, a0
C0:       9827 [1] pc=[00000000800014e6] W[r 0=0000000000000000][0] R[r10=0000000080002020] R[r12=0000000080002025] inst=[00c51463] bne     a0, a2, pc + 8
C0:       9829 [1] pc=[00000000800014ee] W[r15=0000000000000023][1] R[r10=0000000080002020] R[r 0=0000000000000000] inst=[00054783] lbu     a5, 0(a0)
C0:       9832 [1] pc=[00000000800014f2] W[r 0=0000000000000000][0] R[r15=0000000000000023] R[r11=0000000000000064] inst=[feb78de3] beq     a5, a1, pc - 6
C0:       9833 [1] pc=[00000000800014f6] W[r10=0000000080002021][1] R[r10=0000000080002020] R[r 0=0000000000000000] inst=[00000505] c.addi  a0, 1
C0:       9834 [1] pc=[00000000800014f8] W[r 0=00000000800014fa][1] R[r 0=0000000000000000] R[r 0=0000000000000000] inst=[0000b7fd] c.j     pc - 18
C0:       9835 [1] pc=[00000000800014e6] W[r 0=0000000000000000][0] R[r10=0000000080002021] R[r12=0000000080002025] inst=[00c51463] bne     a0, a2, pc + 8
C0:       9840 [1] pc=[00000000800014ee] W[r15=000000000000002d][1] R[r10=0000000080002021] R[r 0=0000000000000000] inst=[00054783] lbu     a5, 0(a0)
C0:       9843 [1] pc=[00000000800014f2] W[r 0=0000000000000000][0] R[r15=000000000000002d] R[r11=0000000000000064] inst=[feb78de3] beq     a5, a1, pc - 6
C0:       9847 [1] pc=[00000000800014f6] W[r10=0000000080002022][1] R[r10=0000000080002021] R[r 0=0000000000000000] inst=[00000505] c.addi  a0, 1
C0:       9848 [1] pc=[00000000800014f8] W[r 0=00000000800014fa][1] R[r 0=0000000000000000] R[r 0=0000000000000000] inst=[0000b7fd] c.j     pc - 18
C0:       9851 [1] pc=[00000000800014e6] W[r 0=0000000000000000][0] R[r10=0000000080002022] R[r12=0000000080002025] inst=[00c51463] bne     a0, a2, pc + 8
C0:       9853 [1] pc=[00000000800014ee] W[r15=0000000000000030][1] R[r10=0000000080002022] R[r 0=0000000000000000] inst=[00054783] lbu     a5, 0(a0)
C0:       9856 [1] pc=[00000000800014f2] W[r 0=0000000000000000][0] R[r15=0000000000000030] R[r11=0000000000000064] inst=[feb78de3] beq     a5, a1, pc - 6
C0:       9857 [1] pc=[00000000800014f6] W[r10=0000000080002023][1] R[r10=0000000080002022] R[r 0=0000000000000000] inst=[00000505] c.addi  a0, 1
C0:       9858 [1] pc=[00000000800014f8] W[r 0=00000000800014fa][1] R[r 0=0000000000000000] R[r 0=0000000000000000] inst=[0000b7fd] c.j     pc - 18
C0:       9859 [1] pc=[00000000800014e6] W[r 0=0000000000000000][0] R[r10=0000000080002023] R[r12=0000000080002025] inst=[00c51463] bne     a0, a2, pc + 8
C0:       9864 [1] pc=[00000000800014ee] W[r15=000000000000002b][1] R[r10=0000000080002023] R[r 0=0000000000000000] inst=[00054783] lbu     a5, 0(a0)
C0:       9867 [1] pc=[00000000800014f2] W[r 0=0000000000000000][0] R[r15=000000000000002b] R[r11=0000000000000064] inst=[feb78de3] beq     a5, a1, pc - 6
C0:       9868 [1] pc=[00000000800014f6] W[r10=0000000080002024][1] R[r10=0000000080002023] R[r 0=0000000000000000] inst=[00000505] c.addi  a0, 1
C0:       9869 [1] pc=[00000000800014f8] W[r 0=00000000800014fa][1] R[r 0=0000000000000000] R[r 0=0000000000000000] inst=[0000b7fd] c.j     pc - 18
C0:       9870 [1] pc=[00000000800014e6] W[r 0=0000000000000000][0] R[r10=0000000080002024] R[r12=0000000080002025] inst=[00c51463] bne     a0, a2, pc + 8
C0:       9872 [1] pc=[00000000800014ee] W[r15=0000000000000020][1] R[r10=0000000080002024] R[r 0=0000000000000000] inst=[00054783] lbu     a5, 0(a0)
C0:       9875 [1] pc=[00000000800014f2] W[r 0=0000000000000000][0] R[r15=0000000000000020] R[r11=0000000000000064] inst=[feb78de3] beq     a5, a1, pc - 6
C0:       9876 [1] pc=[00000000800014f6] W[r10=0000000080002025][1] R[r10=0000000080002024] R[r 0=0000000000000000] inst=[00000505] c.addi  a0, 1
C0:       9877 [1] pc=[00000000800014f8] W[r 0=00000000800014fa][1] R[r 0=0000000000000000] R[r 0=0000000000000000] inst=[0000b7fd] c.j     pc - 18
C0:       9878 [1] pc=[00000000800014e6] W[r 0=0000000000000000][0] R[r10=0000000080002025] R[r12=0000000080002025] inst=[00c51463] bne     a0, a2, pc + 8
C0:       9882 [1] pc=[00000000800014ea] W[r10=0000000000000000][1] R[r 0=0000000000000000] R[r 0=0000000000000000] inst=[00004501] c.li    a0, 0
C0:       9883 [1] pc=[00000000800014ec] W[r 0=00000000800014ee][1] R[r 1=00000000800009de] R[r 0=0000000000000000] inst=[00008082] ret
C0:       9888 [1] pc=[00000000800009de] W[r 8=0000000080001f1a][1] R[r18=0000000080001f19] R[r 0=0000000000000000] inst=[00190413] addi    s0, s2, 1
C0:       9889 [1] pc=[00000000800009e2] W[r 0=0000000000000000][0] R[r10=0000000000000000] R[r 0=0000000000000000] inst=[0000ed59] c.bnez  a0, pc + 158
C0:       9890 [1] pc=[00000000800009e4] W[r15=0000000000000000][1] R[r 2=000000008002ae60] R[r 0=0000000000000000] inst=[000047c2] c.lwsp  a5, 16(sp)
C0:       9892 [1] pc=[00000000800009e6] W[r14=0000000000000000][1] R[r15=0000000000000000] R[r 0=0000000000000000] inst=[0107f713] andi    a4, a5, 16
C0:       9893 [1] pc=[00000000800009ea] W[r 0=0000000000000000][0] R[r14=0000000000000000] R[r 0=0000000000000000] inst=[0000c709] c.beqz  a4, pc + 10
C0:       9897 [1] pc=[00000000800009f4] W[r14=0000000000000000][1] R[r15=0000000000000000] R[r 0=0000000000000000] inst=[0087f713] andi    a4, a5, 8
C0:       9898 [1] pc=[00000000800009f8] W[r 0=0000000000000000][0] R[r14=0000000000000000] R[r 0=0000000000000000] inst=[0000c709] c.beqz  a4, pc + 10
C0:       9903 [1] pc=[0000000080000a02] W[r13=0000000000000064][1] R[r18=0000000080001f19] R[r 0=0000000000000000] inst=[00094683] lbu     a3, 0(s2)
C0:       9904 [1] pc=[0000000080000a06] W[r14=000000000000002a][1] R[r 0=0000000000000000] R[r 0=0000000000000000] inst=[02a00713] li      a4, 42
C0:       9906 [1] pc=[0000000080000a0a] W[r 0=0000000000000000][0] R[r13=0000000000000064] R[r14=000000000000002a] inst=[08e68463] beq     a3, a4, pc + 136
C0:       9910 [1] pc=[0000000080000a0e] W[r15=0000000000000000][1] R[r 2=000000008002ae60] R[r 0=0000000000000000] inst=[000047f2] c.lwsp  a5, 28(sp)
C0:       9911 [1] pc=[0000000080000a10] W[r 8=0000000080001f19][1] R[r 0=0000000000000000] R[r18=0000000080001f19] inst=[0000844a] c.mv    s0, s2
C0:       9912 [1] pc=[0000000080000a12] W[r13=0000000000000000][1] R[r 0=0000000000000000] R[r 0=0000000000000000] inst=[00004681] c.li    a3, 0
C0:       9913 [1] pc=[0000000080000a14] W[r12=0000000000000009][1] R[r 0=0000000000000000] R[r 0=0000000000000000] inst=[00004625] c.li    a2, 9
C0:       9914 [1] pc=[0000000080000a16] W[r16=000000000000000a][1] R[r 0=0000000000000000] R[r 0=0000000000000000] inst=[00004829] c.li    a6, 10
C0:       9915 [1] pc=[0000000080000a18] W[r14=0000000000000064][1] R[r 8=0000000080001f19] R[r 0=0000000000000000] inst=[00044703] lbu     a4, 0(s0)
C0:       9916 [1] pc=[0000000080000a1c] W[r10=0000000080001f1a][1] R[r 8=0000000080001f19] R[r 0=0000000000000000] inst=[00140513] addi    a0, s0, 1
C0:       9918 [1] pc=[0000000080000a20] W[r11=0000000000000034][1] R[r14=0000000000000064] R[r 0=0000000000000000] inst=[fd07059b] addiw   a1, a4, -48
C0:       9919 [1] pc=[0000000080000a24] W[r14=0000000000000034][1] R[r 0=0000000000000000] R[r11=0000000000000034] inst=[0000872e] c.mv    a4, a1
C0:       9920 [1] pc=[0000000080000a26] W[r 0=0000000000000000][0] R[r12=0000000000000009] R[r11=0000000000000034] inst=[0ab67b63] bgeu    a2, a1, pc + 182
C0:       9924 [1] pc=[0000000080000a2a] W[r 0=0000000000000000][0] R[r13=0000000000000000] R[r 0=0000000000000000] inst=[0000cea5] c.beqz  a3, pc + 120
C0:       9929 [1] pc=[0000000080000aa2] W[r14=0000000000000064][1] R[r 8=0000000080001f19] R[r 0=0000000000000000] inst=[00044703] lbu     a4, 0(s0)
C0:       9930 [1] pc=[0000000080000aa6] W[r15=000000000000002e][1] R[r 0=0000000000000000] R[r 0=0000000000000000] inst=[02e00793] li      a5, 46
C0:       9932 [1] pc=[0000000080000aaa] W[r 0=0000000000000000][0] R[r14=0000000000000064] R[r15=000000000000002e] inst=[04f71063] bne     a4, a5, pc + 64
C0:       9937 [1] pc=[0000000080000aea] W[r11=0000000000000064][1] R[r 8=0000000080001f19] R[r 0=0000000000000000] inst=[00044583] lbu     a1, 0(s0)
C0:       9938 [1] pc=[0000000080000aee] W[r12=0000000000000003][1] R[r 0=0000000000000000] R[r 0=0000000000000000] inst=[0000460d] c.li    a2, 3
C0:       9939 [1] pc=[0000000080000af0] W[r10=0000000080001af0][1] R[r 0=0000000000000000] R[r 0=0000000000000000] inst=[00001517] auipc   a0, 0x1
C0:       9940 [1] pc=[0000000080000af4] W[r10=0000000080002028][1] R[r10=0000000080001af0] R[r 0=0000000000000000] inst=[53850513] addi    a0, a0, 1336
C0:       9941 [1] pc=[0000000080000af8] W[r 1=0000000080000afc][1] R[r 0=0000000000000000] R[r 0=0000000000000000] inst=[1e9000ef] jal     pc + 0x9e8
C0:       9942 [1] pc=[00000000800014e0] W[r11=0000000000000064][1] R[r11=0000000000000064] R[r 0=0000000000000000] inst=[0ff5f593] andi    a1, a1, 255
C0:       9943 [1] pc=[00000000800014e4] W[r12=000000008000202b][1] R[r12=0000000000000003] R[r10=0000000080002028] inst=[0000962a] c.add   a2, a0
C0:       9944 [1] pc=[00000000800014e6] W[r 0=0000000000000000][0] R[r10=0000000080002028] R[r12=000000008000202b] inst=[00c51463] bne     a0, a2, pc + 8
C0:       9947 [1] pc=[00000000800014ee] W[r15=0000000000000068][1] R[r10=0000000080002028] R[r 0=0000000000000000] inst=[00054783] lbu     a5, 0(a0)
C0:       9950 [1] pc=[00000000800014f2] W[r 0=0000000000000000][0] R[r15=0000000000000068] R[r11=0000000000000064] inst=[feb78de3] beq     a5, a1, pc - 6
C0:       9954 [1] pc=[00000000800014f6] W[r10=0000000080002029][1] R[r10=0000000080002028] R[r 0=0000000000000000] inst=[00000505] c.addi  a0, 1
C0:       9955 [1] pc=[00000000800014f8] W[r 0=00000000800014fa][1] R[r 0=0000000000000000] R[r 0=0000000000000000] inst=[0000b7fd] c.j     pc - 18
C0:       9957 [1] pc=[00000000800014e6] W[r 0=0000000000000000][0] R[r10=0000000080002029] R[r12=000000008000202b] inst=[00c51463] bne     a0, a2, pc + 8
C0:       9959 [1] pc=[00000000800014ee] W[r15=000000000000006c][1] R[r10=0000000080002029] R[r 0=0000000000000000] inst=[00054783] lbu     a5, 0(a0)
C0:       9962 [1] pc=[00000000800014f2] W[r 0=0000000000000000][0] R[r15=000000000000006c] R[r11=0000000000000064] inst=[feb78de3] beq     a5, a1, pc - 6
C0:       9966 [1] pc=[00000000800014f6] W[r10=000000008000202a][1] R[r10=0000000080002029] R[r 0=0000000000000000] inst=[00000505] c.addi  a0, 1
C0:       9967 [1] pc=[00000000800014f8] W[r 0=00000000800014fa][1] R[r 0=0000000000000000] R[r 0=0000000000000000] inst=[0000b7fd] c.j     pc - 18
C0:       9969 [1] pc=[00000000800014e6] W[r 0=0000000000000000][0] R[r10=000000008000202a] R[r12=000000008000202b] inst=[00c51463] bne     a0, a2, pc + 8
C0:       9974 [1] pc=[00000000800014ee] W[r15=000000000000004c][1] R[r10=000000008000202a] R[r 0=0000000000000000] inst=[00054783] lbu     a5, 0(a0)
C0:       9977 [1] pc=[00000000800014f2] W[r 0=0000000000000000][0] R[r15=000000000000004c] R[r11=0000000000000064] inst=[feb78de3] beq     a5, a1, pc - 6
C0:       9978 [1] pc=[00000000800014f6] W[r10=000000008000202b][1] R[r10=000000008000202a] R[r 0=0000000000000000] inst=[00000505] c.addi  a0, 1
C0:       9979 [1] pc=[00000000800014f8] W[r 0=00000000800014fa][1] R[r 0=0000000000000000] R[r 0=0000000000000000] inst=[0000b7fd] c.j     pc - 18
C0:       9980 [1] pc=[00000000800014e6] W[r 0=0000000000000000][0] R[r10=000000008000202b] R[r12=000000008000202b] inst=[00c51463] bne     a0, a2, pc + 8
C0:       9984 [1] pc=[00000000800014ea] W[r10=0000000000000000][1] R[r 0=0000000000000000] R[r 0=0000000000000000] inst=[00004501] c.li    a0, 0
C0:       9985 [1] pc=[00000000800014ec] W[r 0=00000000800014ee][1] R[r 1=0000000080000afc] R[r 0=0000000000000000] inst=[00008082] ret
C0:       9989 [1] pc=[0000000080000afc] W[r 0=0000000000000000][0] R[r10=0000000000000000] R[r 0=0000000000000000] inst=[0000cd11] c.beqz  a0, pc + 28
C0:       9991 [1] pc=[0000000080000b18] W[r11=0000000000000064][1] R[r 8=0000000080001f19] R[r 0=0000000000000000] inst=[00044583] lbu     a1, 0(s0)
C0:       9992 [1] pc=[0000000080000b1c] W[r12=0000000000000006][1] R[r 0=0000000000000000] R[r 0=0000000000000000] inst=[00004619] c.li    a2, 6
C0:       9993 [1] pc=[0000000080000b1e] W[r10=0000000080001b1e][1] R[r 0=0000000000000000] R[r 0=0000000000000000] inst=[00001517] auipc   a0, 0x1
C0:       9994 [1] pc=[0000000080000b22] W[r10=0000000080002030][1] R[r10=0000000080001b1e] R[r 0=0000000000000000] inst=[51250513] addi    a0, a0, 1298
C0:       9995 [1] pc=[0000000080000b26] W[r18=0000000080001f1a][1] R[r 8=0000000080001f19] R[r 0=0000000000000000] inst=[00140913] addi    s2, s0, 1
C0:       9996 [1] pc=[0000000080000b2a] W[r 0=0000000000000000][0] R[r 2=000000008002ae60] R[r11=0000000000000064] inst=[02b10423] sb      a1, 40(sp)
C0:       9997 [1] pc=[0000000080000b2e] W[r 1=0000000080000b32][1] R[r 0=0000000000000000] R[r 0=0000000000000000] inst=[1b3000ef] jal     pc + 0x9b2
C0:       9999 [1] pc=[00000000800014e0] W[r11=0000000000000064][1] R[r11=0000000000000064] R[r 0=0000000000000000] inst=[0ff5f593] andi    a1, a1, 255
C0:      10000 [1] pc=[00000000800014e4] W[r12=0000000080002036][1] R[r12=0000000000000006] R[r10=0000000080002030] inst=[0000962a] c.add   a2, a0
C0:      10001 [1] pc=[00000000800014e6] W[r 0=0000000000000000][0] R[r10=0000000080002030] R[r12=0000000080002036] inst=[00c51463] bne     a0, a2, pc + 8
C0:      10003 [1] pc=[00000000800014ee] W[r15=0000000000000065][1] R[r10=0000000080002030] R[r 0=0000000000000000] inst=[00054783] lbu     a5, 0(a0)
C0:      10006 [1] pc=[00000000800014f2] W[r 0=0000000000000000][0] R[r15=0000000000000065] R[r11=0000000000000064] inst=[feb78de3] beq     a5, a1, pc - 6
C0:      10007 [1] pc=[00000000800014f6] W[r10=0000000080002031][1] R[r10=0000000080002030] R[r 0=0000000000000000] inst=[00000505] c.addi  a0, 1
C0:      10008 [1] pc=[00000000800014f8] W[r 0=00000000800014fa][1] R[r 0=0000000000000000] R[r 0=0000000000000000] inst=[0000b7fd] c.j     pc - 18
C0:      10009 [1] pc=[00000000800014e6] W[r 0=0000000000000000][0] R[r10=0000000080002031] R[r12=0000000080002036] inst=[00c51463] bne     a0, a2, pc + 8
C0:      10011 [1] pc=[00000000800014ee] W[r15=0000000000000066][1] R[r10=0000000080002031] R[r 0=0000000000000000] inst=[00054783] lbu     a5, 0(a0)
C0:      10014 [1] pc=[00000000800014f2] W[r 0=0000000000000000][0] R[r15=0000000000000066] R[r11=0000000000000064] inst=[feb78de3] beq     a5, a1, pc - 6
C0:      10015 [1] pc=[00000000800014f6] W[r10=0000000080002032][1] R[r10=0000000080002031] R[r 0=0000000000000000] inst=[00000505] c.addi  a0, 1
C0:      10016 [1] pc=[00000000800014f8] W[r 0=00000000800014fa][1] R[r 0=0000000000000000] R[r 0=0000000000000000] inst=[0000b7fd] c.j     pc - 18
C0:      10017 [1] pc=[00000000800014e6] W[r 0=0000000000000000][0] R[r10=0000000080002032] R[r12=0000000080002036] inst=[00c51463] bne     a0, a2, pc + 8
C0:      10019 [1] pc=[00000000800014ee] W[r15=0000000000000067][1] R[r10=0000000080002032] R[r 0=0000000000000000] inst=[00054783] lbu     a5, 0(a0)
C0:      10022 [1] pc=[00000000800014f2] W[r 0=0000000000000000][0] R[r15=0000000000000067] R[r11=0000000000000064] inst=[feb78de3] beq     a5, a1, pc - 6
C0:      10023 [1] pc=[00000000800014f6] W[r10=0000000080002033][1] R[r10=0000000080002032] R[r 0=0000000000000000] inst=[00000505] c.addi  a0, 1
C0:      10024 [1] pc=[00000000800014f8] W[r 0=00000000800014fa][1] R[r 0=0000000000000000] R[r 0=0000000000000000] inst=[0000b7fd] c.j     pc - 18
C0:      10025 [1] pc=[00000000800014e6] W[r 0=0000000000000000][0] R[r10=0000000080002033] R[r12=0000000080002036] inst=[00c51463] bne     a0, a2, pc + 8
C0:      10027 [1] pc=[00000000800014ee] W[r15=0000000000000045][1] R[r10=0000000080002033] R[r 0=0000000000000000] inst=[00054783] lbu     a5, 0(a0)
C0:      10030 [1] pc=[00000000800014f2] W[r 0=0000000000000000][0] R[r15=0000000000000045] R[r11=0000000000000064] inst=[feb78de3] beq     a5, a1, pc - 6
C0:      10031 [1] pc=[00000000800014f6] W[r10=0000000080002034][1] R[r10=0000000080002033] R[r 0=0000000000000000] inst=[00000505] c.addi  a0, 1
C0:      10032 [1] pc=[00000000800014f8] W[r 0=00000000800014fa][1] R[r 0=0000000000000000] R[r 0=0000000000000000] inst=[0000b7fd] c.j     pc - 18
C0:      10033 [1] pc=[00000000800014e6] W[r 0=0000000000000000][0] R[r10=0000000080002034] R[r12=0000000080002036] inst=[00c51463] bne     a0, a2, pc + 8
C0:      10035 [1] pc=[00000000800014ee] W[r15=0000000000000046][1] R[r10=0000000080002034] R[r 0=0000000000000000] inst=[00054783] lbu     a5, 0(a0)
C0:      10038 [1] pc=[00000000800014f2] W[r 0=0000000000000000][0] R[r15=0000000000000046] R[r11=0000000000000064] inst=[feb78de3] beq     a5, a1, pc - 6
C0:      10039 [1] pc=[00000000800014f6] W[r10=0000000080002035][1] R[r10=0000000080002034] R[r 0=0000000000000000] inst=[00000505] c.addi  a0, 1
C0:      10040 [1] pc=[00000000800014f8] W[r 0=00000000800014fa][1] R[r 0=0000000000000000] R[r 0=0000000000000000] inst=[0000b7fd] c.j     pc - 18
C0:      10041 [1] pc=[00000000800014e6] W[r 0=0000000000000000][0] R[r10=0000000080002035] R[r12=0000000080002036] inst=[00c51463] bne     a0, a2, pc + 8
C0:      10043 [1] pc=[00000000800014ee] W[r15=0000000000000047][1] R[r10=0000000080002035] R[r 0=0000000000000000] inst=[00054783] lbu     a5, 0(a0)
C0:      10046 [1] pc=[00000000800014f2] W[r 0=0000000000000000][0] R[r15=0000000000000047] R[r11=0000000000000064] inst=[feb78de3] beq     a5, a1, pc - 6
C0:      10047 [1] pc=[00000000800014f6] W[r10=0000000080002036][1] R[r10=0000000080002035] R[r 0=0000000000000000] inst=[00000505] c.addi  a0, 1
C0:      10048 [1] pc=[00000000800014f8] W[r 0=00000000800014fa][1] R[r 0=0000000000000000] R[r 0=0000000000000000] inst=[0000b7fd] c.j     pc - 18
C0:      10049 [1] pc=[00000000800014e6] W[r 0=0000000000000000][0] R[r10=0000000080002036] R[r12=0000000080002036] inst=[00c51463] bne     a0, a2, pc + 8
C0:      10053 [1] pc=[00000000800014ea] W[r10=0000000000000000][1] R[r 0=0000000000000000] R[r 0=0000000000000000] inst=[00004501] c.li    a0, 0
C0:      10054 [1] pc=[00000000800014ec] W[r 0=00000000800014ee][1] R[r 1=0000000080000b32] R[r 0=0000000000000000] inst=[00008082] ret
C0:      10055 [1] pc=[0000000080000b32] W[r 0=0000000000000000][0] R[r10=0000000000000000] R[r 0=0000000000000000] inst=[0000c541] c.beqz  a0, pc + 136
C0:      10057 [1] pc=[0000000080000bba] W[r14=000000008002ae68][1] R[r 2=000000008002ae60] R[r 0=0000000000000000] inst=[00000038] c.addi4spn a4, sp, 8
C0:      10058 [1] pc=[0000000080000bbc] W[r13=0000000080000bbc][1] R[r 0=0000000000000000] R[r 0=0000000000000000] inst=[00000697] auipc   a3, 0x0
C0:      10059 [1] pc=[0000000080000bc0] W[r13=00000000800008b2][1] R[r13=0000000080000bbc] R[r 0=0000000000000000] inst=[cf668693] addi    a3, a3, -778
C0:      10060 [1] pc=[0000000080000bc4] W[r12=0000000080002440][1] R[r 0=0000000000000000] R[r 9=0000000080002440] inst=[00008626] c.mv    a2, s1
C0:      10061 [1] pc=[0000000080000bc6] W[r11=000000008002ae70][1] R[r 2=000000008002ae60] R[r 0=0000000000000000] inst=[0000080c] c.addi4spn a1, sp, 16
C0:      10062 [1] pc=[0000000080000bc8] W[r10=0000000080002150][1] R[r 0=0000000000000000] R[r19=0000000080002150] inst=[0000854e] c.mv    a0, s3
C0:      10063 [1] pc=[0000000080000bca] W[r 1=0000000080000bce][1] R[r 0=0000000000000000] R[r 0=0000000000000000] inst=[3a1000ef] jal     pc + 0xba0
C0:      10064 [1] pc=[000000008000176a] W[r 2=000000008002ae10][1] R[r 2=000000008002ae60] R[r 0=0000000000000000] inst=[0000715d] c.addi16sp sp, -80
C0:      10065 [1] pc=[000000008000176c] W[r 0=0000000000000000][0] R[r 2=000000008002ae10] R[r 8=0000000080001f19] inst=[0000e0a2] c.sdsp  s0, 64(sp)
C0:      10066 [1] pc=[000000008000176e] W[r 0=0000000000000000][0] R[r 2=000000008002ae10] R[r18=0000000080001f1a] inst=[0000f84a] c.sdsp  s2, 48(sp)
C0:      10067 [1] pc=[0000000080001770] W[r 0=0000000000000000][0] R[r 2=000000008002ae10] R[r19=0000000080002150] inst=[0000f44e] c.sdsp  s3, 40(sp)
C0:      10068 [1] pc=[0000000080001772] W[r 0=0000000000000000][0] R[r 2=000000008002ae10] R[r20=0000000000000000] inst=[0000f052] c.sdsp  s4, 32(sp)
C0:      10069 [1] pc=[0000000080001774] W[r 0=0000000000000000][0] R[r 2=000000008002ae10] R[r 1=0000000080000bce] inst=[0000e486] c.sdsp  ra, 72(sp)
C0:      10070 [1] pc=[0000000080001776] W[r 0=0000000000000000][0] R[r 2=000000008002ae10] R[r 9=0000000080002440] inst=[0000fc26] c.sdsp  s1, 56(sp)
C0:      10071 [1] pc=[0000000080001778] W[r 0=0000000000000000][0] R[r 2=000000008002ae10] R[r21=ffffffffffffffff] inst=[0000ec56] c.sdsp  s5, 24(sp)
C0:      10072 [1] pc=[000000008000177a] W[r 0=0000000000000000][0] R[r 2=000000008002ae10] R[r22=0000000080002020] inst=[0000e85a] c.sdsp  s6, 16(sp)
C0:      10073 [1] pc=[000000008000177c] W[r 8=000000008002ae70][1] R[r 0=0000000000000000] R[r11=000000008002ae70] inst=[0000842e] c.mv    s0, a1
C0:      10074 [1] pc=[000000008000177e] W[r20=00000000800008b2][1] R[r 0=0000000000000000] R[r13=00000000800008b2] inst=[00008a36] c.mv    s4, a3
C0:      10075 [1] pc=[0000000080001780] W[r13=000000008002aeb3][1] R[r11=000000008002ae70] R[r 0=0000000000000000] inst=[04358693] addi    a3, a1, 67
C0:      10076 [1] pc=[0000000080001784] W[r11=0000000000000064][1] R[r11=000000008002ae70] R[r 0=0000000000000000] inst=[0185c583] lbu     a1, 24(a1)
C0:      10077 [1] pc=[0000000080001788] W[r15=0000000000000078][1] R[r 0=0000000000000000] R[r 0=0000000000000000] inst=[07800793] li      a5, 120
C0:      10078 [1] pc=[000000008000178c] W[r18=0000000080002150][1] R[r 0=0000000000000000] R[r10=0000000080002150] inst=[0000892a] c.mv    s2, a0
C0:      10079 [1] pc=[000000008000178e] W[r19=0000000080002440][1] R[r 0=0000000000000000] R[r12=0000000080002440] inst=[000089b2] c.mv    s3, a2
C0:      10080 [1] pc=[0000000080001790] W[r 0=0000000000000000][0] R[r15=0000000000000078] R[r11=0000000000000064] inst=[00b7ec63] bltu    a5, a1, pc + 24
C0:      10081 [1] pc=[0000000080001794] W[r15=0000000000000062][1] R[r 0=0000000000000000] R[r 0=0000000000000000] inst=[06200793] li      a5, 98
C0:      10082 [1] pc=[0000000080001798] W[r 0=0000000000000000][0] R[r15=0000000000000062] R[r11=0000000000000064] inst=[00b7ed63] bltu    a5, a1, pc + 26
C0:      10084 [1] pc=[00000000800017b2] W[r15=0000000000000001][1] R[r11=0000000000000064] R[r 0=0000000000000000] inst=[f9d5879b] addiw   a5, a1, -99
C0:      10085 [1] pc=[00000000800017b6] W[r15=0000000000000001][1] R[r15=0000000000000001] R[r 0=0000000000000000] inst=[0ff7f793] andi    a5, a5, 255
C0:      10086 [1] pc=[00000000800017ba] W[r12=0000000000000015][1] R[r 0=0000000000000000] R[r 0=0000000000000000] inst=[00004655] c.li    a2, 21
C0:      10087 [1] pc=[00000000800017bc] W[r 0=0000000000000000][0] R[r12=0000000000000015] R[r15=0000000000000001] inst=[fef666e3] bltu    a2, a5, pc - 20
C0:      10088 [1] pc=[00000000800017c0] W[r12=00000000800027c0][1] R[r 0=0000000000000000] R[r 0=0000000000000000] inst=[00001617] auipc   a2, 0x1
C0:      10089 [1] pc=[00000000800017c4] W[r12=0000000080002068][1] R[r12=00000000800027c0] R[r 0=0000000000000000] inst=[8a860613] addi    a2, a2, -1880
C0:      10090 [1] pc=[00000000800017c8] W[r15=0000000000000004][1] R[r15=0000000000000001] R[r 0=0000000000000000] inst=[0000078a] c.slli  a5, 2
C0:      10091 [1] pc=[00000000800017ca] W[r15=000000008000206c][1] R[r15=0000000000000004] R[r12=0000000080002068] inst=[000097b2] c.add   a5, a2
C0:      10092 [1] pc=[00000000800017cc] W[r15=fffffffffffff780][1] R[r15=000000008000206c] R[r 0=0000000000000000] inst=[0000439c] c.lw    a5, 0(a5)
C0:      10094 [1] pc=[00000000800017ce] W[r15=00000000800017e8][1] R[r15=fffffffffffff780] R[r12=0000000080002068] inst=[000097b2] c.add   a5, a2
C0:      10095 [1] pc=[00000000800017d0] W[r 0=00000000800017d2][1] R[r15=00000000800017e8] R[r 0=0000000000000000] inst=[00008782] c.jr    a5
C0:      10099 [1] pc=[00000000800017e8] W[r12=0000000000000000][1] R[r 8=000000008002ae70] R[r 0=0000000000000000] inst=[00004010] c.lw    a2, 0(s0)
C0:      10100 [1] pc=[00000000800017ea] W[r15=000000008002af68][1] R[r14=000000008002ae68] R[r 0=0000000000000000] inst=[0000631c] c.ld    a5, 0(a4)
C0:      10101 [1] pc=[00000000800017ec] W[r10=0000000000000000][1] R[r12=0000000000000000] R[r 0=0000000000000000] inst=[08067513] andi    a0, a2, 128
C0:      10102 [1] pc=[00000000800017f0] W[r11=000000008002af70][1] R[r15=000000008002af68] R[r 0=0000000000000000] inst=[00878593] addi    a1, a5, 8
C0:      10103 [1] pc=[00000000800017f4] W[r 0=0000000000000000][0] R[r10=0000000000000000] R[r 0=0000000000000000] inst=[0000c10d] c.beqz  a0, pc + 34
C0:      10108 [1] pc=[0000000080001816] W[r12=0000000000000000][1] R[r12=0000000000000000] R[r 0=0000000000000000] inst=[04067613] andi    a2, a2, 64
C0:      10109 [1] pc=[000000008000181a] W[r 0=0000000000000000][0] R[r14=000000008002ae68] R[r11=000000008002af70] inst=[0000e30c] c.sd    a1, 0(a4)
C0:      10110 [1] pc=[000000008000181c] W[r 0=0000000000000000][0] R[r12=0000000000000000] R[r 0=0000000000000000] inst=[0000c601] c.beqz  a2, pc + 8
C0:      10111 [1] pc=[0000000080001824] W[r15=000000000000000a][1] R[r15=000000008002af68] R[r 0=0000000000000000] inst=[0000439c] c.lw    a5, 0(a5)
C0:      10112 [1] pc=[0000000080001826] W[r 0=0000000080001828][1] R[r 0=0000000000000000] R[r 0=0000000000000000] inst=[0000bfd1] c.j     pc - 44
C0:      10114 [1] pc=[00000000800017fa] W[r 0=0000000000000000][0] R[r15=000000000000000a] R[r 0=0000000000000000] inst=[0007d863] bgez    a5, pc + 16
C0:      10116 [1] pc=[000000008000180a] W[r12=000000008000280a][1] R[r 0=0000000000000000] R[r 0=0000000000000000] inst=[00001617] auipc   a2, 0x1
C0:      10117 [1] pc=[000000008000180e] W[r12=0000000080002038][1] R[r12=000000008000280a] R[r 0=0000000000000000] inst=[82e60613] addi    a2, a2, -2002
C0:      10118 [1] pc=[0000000080001812] W[r14=000000000000000a][1] R[r 0=0000000000000000] R[r 0=0000000000000000] inst=[00004729] c.li    a4, 10
C0:      10119 [1] pc=[0000000080001814] W[r 0=0000000080001816][1] R[r 0=0000000000000000] R[r 0=0000000000000000] inst=[0000a83d] c.j     pc + 62
C0:      10120 [1] pc=[0000000080001852] W[r11=ffffffffffffffff][1] R[r 8=000000008002ae70] R[r 0=0000000000000000] inst=[0000404c] c.lw    a1, 4(s0)
C0:      10122 [1] pc=[0000000080001854] W[r 0=0000000000000000][0] R[r 8=000000008002ae70] R[r11=ffffffffffffffff] inst=[0000c40c] c.sw    a1, 8(s0)
C0:      10123 [1] pc=[0000000080001856] W[r 0=0000000000000000][0] R[r11=ffffffffffffffff] R[r 0=0000000000000000] inst=[0005c563] bltz    a1, pc + 10
C0:      10124 [1] pc=[0000000080001860] W[r 0=0000000000000000][0] R[r15=000000000000000a] R[r 0=0000000000000000] inst=[0000e399] c.bnez  a5, pc + 6
C0:      10126 [1] pc=[0000000080001866] W[r 9=000000008002aeb3][1] R[r 0=0000000000000000] R[r13=000000008002aeb3] inst=[000084b6] c.mv    s1, a3
C0:      10127 [1] pc=[0000000080001868] W[r11=0000000000000000][0] R[r15=000000000000000a] R[r14=000000000000000a] inst=[02e7f5b3] remu    a1, a5, a4
C0:      10128 [1] pc=[000000008000186c] W[r 9=000000008002aeb2][1] R[r 9=000000008002aeb3] R[r 0=0000000000000000] inst=[000014fd] c.addi  s1, -1
C0:      10132 [1] pc=[000000008000186e] W[r11=0000000080002038][1] R[r11=0000000000000000] R[r12=0000000080002038] inst=[000095b2] c.add   a1, a2
C0:      10133 [1] pc=[0000000080001870] W[r11=0000000000000030][1] R[r11=0000000080002038] R[r 0=0000000000000000] inst=[0005c583] lbu     a1, 0(a1)
C0:      10136 [1] pc=[0000000080001874] W[r 0=0000000000000000][0] R[r 9=000000008002aeb2] R[r11=0000000000000030] inst=[00b48023] sb      a1, 0(s1)
C0:      10137 [1] pc=[0000000080001878] W[r11=000000000000000a][1] R[r 0=0000000000000000] R[r15=000000000000000a] inst=[000085be] c.mv    a1, a5
C0:      10138 [1] pc=[000000008000187a] W[r15=0000000000000000][0] R[r15=000000000000000a] R[r14=000000000000000a] inst=[02e7d7b3] divu    a5, a5, a4
C0:      10139 [1] pc=[000000008000187e] W[r 0=0000000000000000][0] R[r11=000000000000000a] R[r14=000000000000000a] inst=[fee5f5e3] bgeu    a1, a4, pc - 22
C0:      10143 [1] pc=[0000000080001868] W[r11=0000000000000000][0] R[r15=0000000000000001] R[r14=000000000000000a] inst=[02e7f5b3] remu    a1, a5, a4
C0:      10144 [1] pc=[000000008000186c] W[r 9=000000008002aeb1][1] R[r 9=000000008002aeb2] R[r 0=0000000000000000] inst=[000014fd] c.addi  s1, -1
C0:      10209 [1] pc=[000000008000186e] W[r11=0000000080002039][1] R[r11=0000000000000001] R[r12=0000000080002038] inst=[000095b2] c.add   a1, a2
C0:      10210 [1] pc=[0000000080001870] W[r11=0000000000000031][1] R[r11=0000000080002039] R[r 0=0000000000000000] inst=[0005c583] lbu     a1, 0(a1)
C0:      10213 [1] pc=[0000000080001874] W[r 0=0000000000000000][0] R[r 9=000000008002aeb1] R[r11=0000000000000031] inst=[00b48023] sb      a1, 0(s1)
C0:      10214 [1] pc=[0000000080001878] W[r11=0000000000000001][1] R[r 0=0000000000000000] R[r15=0000000000000001] inst=[000085be] c.mv    a1, a5
C0:      10215 [1] pc=[000000008000187a] W[r15=0000000000000000][0] R[r15=0000000000000001] R[r14=000000000000000a] inst=[02e7d7b3] divu    a5, a5, a4
C0:      10216 [1] pc=[000000008000187e] W[r 0=0000000000000000][0] R[r11=0000000000000001] R[r14=000000000000000a] inst=[fee5f5e3] bgeu    a1, a4, pc - 22
C0:      10281 [1] pc=[0000000080001882] W[r15=0000000000000008][1] R[r 0=0000000000000000] R[r 0=0000000000000000] inst=[000047a1] c.li    a5, 8
C0:      10282 [1] pc=[0000000080001884] W[r 0=0000000000000000][0] R[r14=000000000000000a] R[r15=0000000000000008] inst=[00f71e63] bne     a4, a5, pc + 28
C0:      10286 [1] pc=[00000000800018a0] W[r13=0000000000000002][1] R[r13=000000008002aeb3] R[r 9=000000008002aeb1] inst=[00008e85] c.sub   a3, s1
C0:      10287 [1] pc=[00000000800018a2] W[r 0=0000000000000000][0] R[r 8=000000008002ae70] R[r13=0000000000000002] inst=[0000c814] c.sw    a3, 16(s0)
C0:      10288 [1] pc=[00000000800018a4] W[r14=00000000800008b2][1] R[r 0=0000000000000000] R[r20=00000000800008b2] inst=[00008752] c.mv    a4, s4
C0:      10289 [1] pc=[00000000800018a6] W[r13=0000000080002440][1] R[r 0=0000000000000000] R[r19=0000000080002440] inst=[000086ce] c.mv    a3, s3
C0:      10290 [1] pc=[00000000800018a8] W[r12=000000008002ae1c][1] R[r 2=000000008002ae10] R[r 0=0000000000000000] inst=[00000070] c.addi4spn a2, sp, 12
C0:      10291 [1] pc=[00000000800018aa] W[r11=000000008002ae70][1] R[r 0=0000000000000000] R[r 8=000000008002ae70] inst=[000085a2] c.mv    a1, s0
C0:      10292 [1] pc=[00000000800018ac] W[r10=0000000080002150][1] R[r 0=0000000000000000] R[r18=0000000080002150] inst=[0000854a] c.mv    a0, s2
C0:      10293 [1] pc=[00000000800018ae] W[r 1=00000000800018b2][1] R[r 0=0000000000000000] R[r 0=0000000000000000] inst=[d97ff0ef] jal     pc - 0x26a
C0:      10294 [1] pc=[0000000080001644] W[r 2=000000008002adc0][1] R[r 2=000000008002ae10] R[r 0=0000000000000000] inst=[0000715d] c.addi16sp sp, -80
C0:      10295 [1] pc=[0000000080001646] W[r15=0000000000000002][1] R[r11=000000008002ae70] R[r 0=0000000000000000] inst=[0000499c] c.lw    a5, 16(a1)
C0:      10296 [1] pc=[0000000080001648] W[r 0=0000000000000000][0] R[r 2=000000008002adc0] R[r20=00000000800008b2] inst=[0000f052] c.sdsp  s4, 32(sp)
C0:      10297 [1] pc=[000000008000164a] W[r20=00000000800008b2][1] R[r 0=0000000000000000] R[r14=00000000800008b2] inst=[00008a3a] c.mv    s4, a4
C0:      10298 [1] pc=[000000008000164c] W[r14=ffffffffffffffff][1] R[r11=000000008002ae70] R[r 0=0000000000000000] inst=[00004598] c.lw    a4, 8(a1)
C0:      10299 [1] pc=[000000008000164e] W[r 0=0000000000000000][0] R[r 2=000000008002adc0] R[r 8=000000008002ae70] inst=[0000e0a2] c.sdsp  s0, 64(sp)
C0:      10300 [1] pc=[0000000080001650] W[r 0=0000000000000000][0] R[r 2=000000008002adc0] R[r18=0000000080002150] inst=[0000f84a] c.sdsp  s2, 48(sp)
C0:      10301 [1] pc=[0000000080001652] W[r 0=0000000000000000][0] R[r 2=000000008002adc0] R[r19=0000000080002440] inst=[0000f44e] c.sdsp  s3, 40(sp)
C0:      10302 [1] pc=[0000000080001654] W[r 0=0000000000000000][0] R[r 2=000000008002adc0] R[r21=ffffffffffffffff] inst=[0000ec56] c.sdsp  s5, 24(sp)
C0:      10303 [1] pc=[0000000080001656] W[r18=000000008002ae1c][1] R[r 0=0000000000000000] R[r12=000000008002ae1c] inst=[00008932] c.mv    s2, a2
C0:      10304 [1] pc=[0000000080001658] W[r21=0000000080002440][1] R[r 0=0000000000000000] R[r13=0000000080002440] inst=[00008ab6] c.mv    s5, a3
C0:      10305 [1] pc=[000000008000165a] W[r 0=0000000000000000][0] R[r 2=000000008002adc0] R[r 1=00000000800018b2] inst=[0000e486] c.sdsp  ra, 72(sp)
C0:      10306 [1] pc=[000000008000165c] W[r 0=0000000000000000][0] R[r 2=000000008002adc0] R[r 9=000000008002aeb1] inst=[0000fc26] c.sdsp  s1, 56(sp)
C0:      10307 [1] pc=[000000008000165e] W[r 0=0000000000000000][0] R[r 2=000000008002adc0] R[r22=0000000080002020] inst=[0000e85a] c.sdsp  s6, 16(sp)
C0:      10308 [1] pc=[0000000080001660] W[r 0=0000000000000000][0] R[r 2=000000008002adc0] R[r23=0000000000000025] inst=[0000e45e] c.sdsp  s7, 8(sp)
C0:      10309 [1] pc=[0000000080001662] W[r12=0000000000000002][1] R[r15=0000000000000002] R[r 0=0000000000000000] inst=[0007861b] sext.w  a2, a5
C0:      10310 [1] pc=[0000000080001666] W[r13=ffffffffffffffff][1] R[r14=ffffffffffffffff] R[r 0=0000000000000000] inst=[0007069b] sext.w  a3, a4
C0:      10311 [1] pc=[000000008000166a] W[r19=0000000080002150][1] R[r 0=0000000000000000] R[r10=0000000080002150] inst=[000089aa] c.mv    s3, a0
C0:      10312 [1] pc=[000000008000166c] W[r 8=000000008002ae70][1] R[r 0=0000000000000000] R[r11=000000008002ae70] inst=[0000842e] c.mv    s0, a1
C0:      10313 [1] pc=[000000008000166e] W[r 0=0000000000000000][0] R[r12=0000000000000002] R[r13=ffffffffffffffff] inst=[00d65363] bge     a2, a3, pc + 6
C0:      10317 [1] pc=[0000000080001674] W[r 0=0000000000000000][0] R[r18=000000008002ae1c] R[r15=0000000000000002] inst=[00f92023] sw      a5, 0(s2)
C0:      10318 [1] pc=[0000000080001678] W[r14=0000000000000000][1] R[r 8=000000008002ae70] R[r 0=0000000000000000] inst=[04344703] lbu     a4, 67(s0)
C0:      10321 [1] pc=[000000008000167c] W[r 0=0000000000000000][0] R[r14=0000000000000000] R[r 0=0000000000000000] inst=[0000c701] c.beqz  a4, pc + 8
C0:      10322 [1] pc=[0000000080001684] W[r15=0000000000000000][1] R[r 8=000000008002ae70] R[r 0=0000000000000000] inst=[0000401c] c.lw    a5, 0(s0)
C0:      10324 [1] pc=[0000000080001686] W[r15=0000000000000000][1] R[r15=0000000000000000] R[r 0=0000000000000000] inst=[0207f793] andi    a5, a5, 32
C0:      10325 [1] pc=[000000008000168a] W[r 0=0000000000000000][0] R[r15=0000000000000000] R[r 0=0000000000000000] inst=[0000c791] c.beqz  a5, pc + 12
C0:      10326 [1] pc=[0000000080001696] W[r 9=0000000000000000][1] R[r 8=000000008002ae70] R[r 0=0000000000000000] inst=[00004004] c.lw    s1, 0(s0)
C0:      10328 [1] pc=[0000000080001698] W[r 9=0000000000000000][1] R[r 9=0000000000000000] R[r 0=0000000000000000] inst=[00008899] c.andi  s1, 6
C0:      10329 [1] pc=[000000008000169a] W[r 0=0000000000000000][0] R[r 9=0000000000000000] R[r 0=0000000000000000] inst=[0000e891] c.bnez  s1, pc + 20
C0:      10330 [1] pc=[000000008000169c] W[r22=000000008002ae89][1] R[r 8=000000008002ae70] R[r 0=0000000000000000] inst=[01940b13] addi    s6, s0, 25
C0:      10331 [1] pc=[00000000800016a0] W[r23=ffffffffffffffff][1] R[r 0=0000000000000000] R[r 0=0000000000000000] inst=[00005bfd] c.li    s7, -1
C0:      10332 [1] pc=[00000000800016a2] W[r15=0000000000000000][1] R[r 8=000000008002ae70] R[r 0=0000000000000000] inst=[0000445c] c.lw    a5, 12(s0)
C0:      10333 [1] pc=[00000000800016a4] W[r14=0000000000000002][1] R[r18=000000008002ae1c] R[r 0=0000000000000000] inst=[00092703] lw      a4, 0(s2)
C0:      10335 [1] pc=[00000000800016a8] W[r15=fffffffffffffffe][1] R[r15=0000000000000000] R[r14=0000000000000002] inst=[00009f99] c.subw  a5, a4
C0:      10336 [1] pc=[00000000800016aa] W[r 0=0000000000000000][0] R[r 9=0000000000000000] R[r15=fffffffffffffffe] inst=[06f4c163] blt     s1, a5, pc + 98
C0:      10337 [1] pc=[00000000800016ae] W[r15=0000000000000000][1] R[r 8=000000008002ae70] R[r 0=0000000000000000] inst=[04344783] lbu     a5, 67(s0)
C0:      10340 [1] pc=[00000000800016b2] W[r14=0000000000000000][1] R[r 0=0000000000000000] R[r15=0000000000000000] inst=[00f03733] snez    a4, a5
C0:      10341 [1] pc=[00000000800016b6] W[r13=0000000000000000][1] R[r 0=0000000000000000] R[r15=0000000000000000] inst=[00f036b3] snez    a3, a5
C0:      10342 [1] pc=[00000000800016ba] W[r15=0000000000000000][1] R[r 8=000000008002ae70] R[r 0=0000000000000000] inst=[0000401c] c.lw    a5, 0(s0)
C0:      10344 [1] pc=[00000000800016bc] W[r15=0000000000000000][1] R[r15=0000000000000000] R[r 0=0000000000000000] inst=[0207f793] andi    a5, a5, 32
C0:      10345 [1] pc=[00000000800016c0] W[r 0=0000000000000000][0] R[r15=0000000000000000] R[r 0=0000000000000000] inst=[0000ebbd] c.bnez  a5, pc + 118
C0:      10346 [1] pc=[00000000800016c2] W[r12=000000008002aeb3][1] R[r 8=000000008002ae70] R[r 0=0000000000000000] inst=[04340613] addi    a2, s0, 67
C0:      10347 [1] pc=[00000000800016c6] W[r11=0000000080002440][1] R[r 0=0000000000000000] R[r21=0000000080002440] inst=[000085d6] c.mv    a1, s5
C0:      10348 [1] pc=[00000000800016c8] W[r10=0000000080002150][1] R[r 0=0000000000000000] R[r19=0000000080002150] inst=[0000854e] c.mv    a0, s3
C0:      10349 [1] pc=[00000000800016ca] W[r 1=00000000800016cc][1] R[r20=00000000800008b2] R[r 0=0000000000000000] inst=[00009a02] c.jalr  s4
C0:      10353 [1] pc=[00000000800008b2] W[r 2=000000008002ad90][1] R[r 2=000000008002adc0] R[r 0=0000000000000000] inst=[00007179] c.addi16sp sp, -48
C0:      10354 [1] pc=[00000000800008b4] W[r 0=0000000000000000][0] R[r 2=000000008002ad90] R[r 8=000000008002ae70] inst=[0000f022] c.sdsp  s0, 32(sp)
C0:      10355 [1] pc=[00000000800008b6] W[r 0=0000000000000000][0] R[r 2=000000008002ad90] R[r 9=0000000000000000] inst=[0000ec26] c.sdsp  s1, 24(sp)
C0:      10356 [1] pc=[00000000800008b8] W[r 0=0000000000000000][0] R[r 2=000000008002ad90] R[r18=000000008002ae1c] inst=[0000e84a] c.sdsp  s2, 16(sp)
C0:      10357 [1] pc=[00000000800008ba] W[r 0=0000000000000000][0] R[r 2=000000008002ad90] R[r19=0000000080002150] inst=[0000e44e] c.sdsp  s3, 8(sp)
C0:      10358 [1] pc=[00000000800008bc] W[r 0=0000000000000000][0] R[r 2=000000008002ad90] R[r20=00000000800008b2] inst=[0000e052] c.sdsp  s4, 0(sp)
C0:      10359 [1] pc=[00000000800008be] W[r 0=0000000000000000][0] R[r 2=000000008002ad90] R[r 1=00000000800016cc] inst=[0000f406] c.sdsp  ra, 40(sp)
C0:      10360 [1] pc=[00000000800008c0] W[r18=0000000080002150][1] R[r 0=0000000000000000] R[r10=0000000080002150] inst=[0000892a] c.mv    s2, a0
C0:      10361 [1] pc=[00000000800008c2] W[r19=0000000080002440][1] R[r 0=0000000000000000] R[r11=0000000080002440] inst=[000089ae] c.mv    s3, a1
C0:      10362 [1] pc=[00000000800008c4] W[r 8=000000008002aeb3][1] R[r 0=0000000000000000] R[r12=000000008002aeb3] inst=[00008432] c.mv    s0, a2
C0:      10363 [1] pc=[00000000800008c6] W[r 9=000000008002aeb3][1] R[r12=000000008002aeb3] R[r13=0000000000000000] inst=[00d604b3] add     s1, a2, a3
C0:      10364 [1] pc=[00000000800008ca] W[r20=ffffffffffffffff][1] R[r 0=0000000000000000] R[r 0=0000000000000000] inst=[00005a7d] c.li    s4, -1
C0:      10365 [1] pc=[00000000800008cc] W[r 0=0000000000000000][0] R[r 8=000000008002aeb3] R[r 9=000000008002aeb3] inst=[00941463] bne     s0, s1, pc + 8
C0:      10369 [1] pc=[00000000800008d0] W[r10=0000000000000000][1] R[r 0=0000000000000000] R[r 0=0000000000000000] inst=[00004501] c.li    a0, 0
C0:      10370 [1] pc=[00000000800008d2] W[r 0=00000000800008d4][1] R[r 0=0000000000000000] R[r 0=0000000000000000] inst=[0000a811] c.j     pc + 20
C0:      10371 [1] pc=[00000000800008e6] W[r 1=00000000800016cc][1] R[r 2=000000008002ad90] R[r 0=0000000000000000] inst=[000070a2] c.ldsp  ra, 40(sp)
C0:      10372 [1] pc=[00000000800008e8] W[r 8=000000008002ae70][1] R[r 2=000000008002ad90] R[r 0=0000000000000000] inst=[00007402] c.ldsp  s0, 32(sp)
C0:      10373 [1] pc=[00000000800008ea] W[r 9=0000000000000000][1] R[r 2=000000008002ad90] R[r 0=0000000000000000] inst=[000064e2] c.ldsp  s1, 24(sp)
C0:      10374 [1] pc=[00000000800008ec] W[r18=000000008002ae1c][1] R[r 2=000000008002ad90] R[r 0=0000000000000000] inst=[00006942] c.ldsp  s2, 16(sp)
C0:      10375 [1] pc=[00000000800008ee] W[r19=0000000080002150][1] R[r 2=000000008002ad90] R[r 0=0000000000000000] inst=[000069a2] c.ldsp  s3, 8(sp)
C0:      10376 [1] pc=[00000000800008f0] W[r20=00000000800008b2][1] R[r 2=000000008002ad90] R[r 0=0000000000000000] inst=[00006a02] c.ldsp  s4, 0(sp)
C0:      10377 [1] pc=[00000000800008f2] W[r 2=000000008002adc0][1] R[r 2=000000008002ad90] R[r 0=0000000000000000] inst=[00006145] c.addi16sp sp, 48
C0:      10378 [1] pc=[00000000800008f4] W[r 0=00000000800008f6][1] R[r 1=00000000800016cc] R[r 0=0000000000000000] inst=[00008082] ret
C0:      10382 [1] pc=[00000000800016cc] W[r15=ffffffffffffffff][1] R[r 0=0000000000000000] R[r 0=0000000000000000] inst=[000057fd] c.li    a5, -1
C0:      10383 [1] pc=[00000000800016ce] W[r 0=0000000000000000][0] R[r10=0000000000000000] R[r15=ffffffffffffffff] inst=[04f50663] beq     a0, a5, pc + 76
C0:      10384 [1] pc=[00000000800016d2] W[r15=0000000000000000][1] R[r 8=000000008002ae70] R[r 0=0000000000000000] inst=[0000401c] c.lw    a5, 0(s0)
C0:      10385 [1] pc=[00000000800016d4] W[r12=0000000000000004][1] R[r 0=0000000000000000] R[r 0=0000000000000000] inst=[00004611] c.li    a2, 4
C0:      10386 [1] pc=[00000000800016d6] W[r13=0000000000000000][1] R[r 8=000000008002ae70] R[r 0=0000000000000000] inst=[00004454] c.lw    a3, 12(s0)
C0:      10387 [1] pc=[00000000800016d8] W[r15=0000000000000000][1] R[r15=0000000000000000] R[r 0=0000000000000000] inst=[00008b99] c.andi  a5, 6
C0:      10388 [1] pc=[00000000800016da] W[r14=0000000000000002][1] R[r18=000000008002ae1c] R[r 0=0000000000000000] inst=[00092703] lw      a4, 0(s2)
C0:      10389 [1] pc=[00000000800016de] W[r 9=0000000000000000][1] R[r 0=0000000000000000] R[r 0=0000000000000000] inst=[00004481] c.li    s1, 0
C0:      10390 [1] pc=[00000000800016e0] W[r 0=0000000000000000][0] R[r15=0000000000000000] R[r12=0000000000000004] inst=[00c79963] bne     a5, a2, pc + 18
C0:      10391 [1] pc=[00000000800016f2] W[r15=ffffffffffffffff][1] R[r 8=000000008002ae70] R[r 0=0000000000000000] inst=[0000441c] c.lw    a5, 8(s0)
C0:      10392 [1] pc=[00000000800016f4] W[r14=0000000000000002][1] R[r 8=000000008002ae70] R[r 0=0000000000000000] inst=[00004818] c.lw    a4, 16(s0)
C0:      10394 [1] pc=[00000000800016f6] W[r 0=0000000000000000][0] R[r14=0000000000000002] R[r15=ffffffffffffffff] inst=[00f75463] bge     a4, a5, pc + 8
C0:      10395 [1] pc=[00000000800016fe] W[r18=0000000000000000][1] R[r 0=0000000000000000] R[r 0=0000000000000000] inst=[00004901] c.li    s2, 0
C0:      10396 [1] pc=[0000000080001700] W[r 8=000000008002ae8a][1] R[r 8=000000008002ae70] R[r 0=0000000000000000] inst=[00000469] c.addi  s0, 26
C0:      10397 [1] pc=[0000000080001702] W[r22=ffffffffffffffff][1] R[r 0=0000000000000000] R[r 0=0000000000000000] inst=[00005b7d] c.li    s6, -1
C0:      10398 [1] pc=[0000000080001704] W[r 0=0000000000000000][0] R[r 9=0000000000000000] R[r18=0000000000000000] inst=[05249a63] bne     s1, s2, pc + 84
C0:      10399 [1] pc=[0000000080001708] W[r10=0000000000000000][1] R[r 0=0000000000000000] R[r 0=0000000000000000] inst=[00004501] c.li    a0, 0
C0:      10400 [1] pc=[000000008000170a] W[r 0=000000008000170c][1] R[r 0=0000000000000000] R[r 0=0000000000000000] inst=[0000a809] c.j     pc + 18
C0:      10401 [1] pc=[000000008000171c] W[r 1=00000000800018b2][1] R[r 2=000000008002adc0] R[r 0=0000000000000000] inst=[000060a6] c.ldsp  ra, 72(sp)
C0:      10402 [1] pc=[000000008000171e] W[r 8=000000008002ae70][1] R[r 2=000000008002adc0] R[r 0=0000000000000000] inst=[00006406] c.ldsp  s0, 64(sp)
C0:      10403 [1] pc=[0000000080001720] W[r 9=000000008002aeb1][1] R[r 2=000000008002adc0] R[r 0=0000000000000000] inst=[000074e2] c.ldsp  s1, 56(sp)
C0:      10404 [1] pc=[0000000080001722] W[r18=0000000080002150][1] R[r 2=000000008002adc0] R[r 0=0000000000000000] inst=[00007942] c.ldsp  s2, 48(sp)
C0:      10405 [1] pc=[0000000080001724] W[r19=0000000080002440][1] R[r 2=000000008002adc0] R[r 0=0000000000000000] inst=[000079a2] c.ldsp  s3, 40(sp)
C0:      10406 [1] pc=[0000000080001726] W[r20=00000000800008b2][1] R[r 2=000000008002adc0] R[r 0=0000000000000000] inst=[00007a02] c.ldsp  s4, 32(sp)
C0:      10407 [1] pc=[0000000080001728] W[r21=ffffffffffffffff][1] R[r 2=000000008002adc0] R[r 0=0000000000000000] inst=[00006ae2] c.ldsp  s5, 24(sp)
C0:      10408 [1] pc=[000000008000172a] W[r22=0000000080002020][1] R[r 2=000000008002adc0] R[r 0=0000000000000000] inst=[00006b42] c.ldsp  s6, 16(sp)
C0:      10409 [1] pc=[000000008000172c] W[r23=0000000000000025][1] R[r 2=000000008002adc0] R[r 0=0000000000000000] inst=[00006ba2] c.ldsp  s7, 8(sp)
C0:      10410 [1] pc=[000000008000172e] W[r 2=000000008002ae10][1] R[r 2=000000008002adc0] R[r 0=0000000000000000] inst=[00006161] c.addi16sp sp, 80
C0:      10411 [1] pc=[0000000080001730] W[r 0=0000000080001732][1] R[r 1=00000000800018b2] R[r 0=0000000000000000] inst=[00008082] ret
C0:      10415 [1] pc=[00000000800018b2] W[r21=ffffffffffffffff][1] R[r 0=0000000000000000] R[r 0=0000000000000000] inst=[00005afd] c.li    s5, -1
C0:      10416 [1] pc=[00000000800018b4] W[r 0=0000000000000000][0] R[r10=0000000000000000] R[r21=ffffffffffffffff] inst=[0f551c63] bne     a0, s5, pc + 248
C0:      10418 [1] pc=[00000000800019ac] W[r13=0000000000000002][1] R[r 8=000000008002ae70] R[r 0=0000000000000000] inst=[00004814] c.lw    a3, 16(s0)
C0:      10419 [1] pc=[00000000800019ae] W[r12=000000008002aeb1][1] R[r 0=0000000000000000] R[r 9=000000008002aeb1] inst=[00008626] c.mv    a2, s1
C0:      10420 [1] pc=[00000000800019b0] W[r11=0000000080002440][1] R[r 0=0000000000000000] R[r19=0000000080002440] inst=[000085ce] c.mv    a1, s3
C0:      10421 [1] pc=[00000000800019b2] W[r10=0000000080002150][1] R[r 0=0000000000000000] R[r18=0000000080002150] inst=[0000854a] c.mv    a0, s2
C0:      10422 [1] pc=[00000000800019b4] W[r 1=00000000800019b6][1] R[r20=00000000800008b2] R[r 0=0000000000000000] inst=[00009a02] c.jalr  s4
C0:      10426 [1] pc=[00000000800008b2] W[r 2=000000008002ade0][1] R[r 2=000000008002ae10] R[r 0=0000000000000000] inst=[00007179] c.addi16sp sp, -48
C0:      10427 [1] pc=[00000000800008b4] W[r 0=0000000000000000][0] R[r 2=000000008002ade0] R[r 8=000000008002ae70] inst=[0000f022] c.sdsp  s0, 32(sp)
C0:      10428 [1] pc=[00000000800008b6] W[r 0=0000000000000000][0] R[r 2=000000008002ade0] R[r 9=000000008002aeb1] inst=[0000ec26] c.sdsp  s1, 24(sp)
C0:      10429 [1] pc=[00000000800008b8] W[r 0=0000000000000000][0] R[r 2=000000008002ade0] R[r18=0000000080002150] inst=[0000e84a] c.sdsp  s2, 16(sp)
C0:      10430 [1] pc=[00000000800008ba] W[r 0=0000000000000000][0] R[r 2=000000008002ade0] R[r19=0000000080002440] inst=[0000e44e] c.sdsp  s3, 8(sp)
C0:      10431 [1] pc=[00000000800008bc] W[r 0=0000000000000000][0] R[r 2=000000008002ade0] R[r20=00000000800008b2] inst=[0000e052] c.sdsp  s4, 0(sp)
C0:      10432 [1] pc=[00000000800008be] W[r 0=0000000000000000][0] R[r 2=000000008002ade0] R[r 1=00000000800019b6] inst=[0000f406] c.sdsp  ra, 40(sp)
C0:      10433 [1] pc=[00000000800008c0] W[r18=0000000080002150][1] R[r 0=0000000000000000] R[r10=0000000080002150] inst=[0000892a] c.mv    s2, a0
C0:      10434 [1] pc=[00000000800008c2] W[r19=0000000080002440][1] R[r 0=0000000000000000] R[r11=0000000080002440] inst=[000089ae] c.mv    s3, a1
C0:      10435 [1] pc=[00000000800008c4] W[r 8=000000008002aeb1][1] R[r 0=0000000000000000] R[r12=000000008002aeb1] inst=[00008432] c.mv    s0, a2
C0:      10436 [1] pc=[00000000800008c6] W[r 9=000000008002aeb3][1] R[r12=000000008002aeb1] R[r13=0000000000000002] inst=[00d604b3] add     s1, a2, a3
C0:      10437 [1] pc=[00000000800008ca] W[r20=ffffffffffffffff][1] R[r 0=0000000000000000] R[r 0=0000000000000000] inst=[00005a7d] c.li    s4, -1
C0:      10438 [1] pc=[00000000800008cc] W[r 0=0000000000000000][0] R[r 8=000000008002aeb1] R[r 9=000000008002aeb3] inst=[00941463] bne     s0, s1, pc + 8
C0:      10442 [1] pc=[00000000800008d4] W[r11=0000000000000031][1] R[r 8=000000008002aeb1] R[r 0=0000000000000000] inst=[00044583] lbu     a1, 0(s0)
C0:      10443 [1] pc=[00000000800008d8] W[r12=0000000080002440][1] R[r 0=0000000000000000] R[r19=0000000080002440] inst=[0000864e] c.mv    a2, s3
C0:      10444 [1] pc=[00000000800008da] W[r10=0000000080002150][1] R[r 0=0000000000000000] R[r18=0000000080002150] inst=[0000854a] c.mv    a0, s2
C0:      10445 [1] pc=[00000000800008dc] W[r 1=00000000800008e0][1] R[r 0=0000000000000000] R[r 0=0000000000000000] inst=[fa7ff0ef] jal     pc - 0x5a
C0:      10449 [1] pc=[0000000080000882] W[r15=fffffffffffffffb][1] R[r12=0000000080002440] R[r 0=0000000000000000] inst=[0000465c] c.lw    a5, 12(a2)
C0:      10451 [1] pc=[0000000080000884] W[r15=fffffffffffffffa][1] R[r15=fffffffffffffffb] R[r 0=0000000000000000] inst=[000037fd] c.addiw a5, -1
C0:      10452 [1] pc=[0000000080000886] W[r 0=0000000000000000][0] R[r12=0000000080002440] R[r15=fffffffffffffffa] inst=[0000c65c] c.sw    a5, 12(a2)
C0:      10453 [1] pc=[0000000080000888] W[r13=fffffffa00000000][1] R[r15=fffffffffffffffa] R[r 0=0000000000000000] inst=[02079693] slli    a3, a5, 32
C0:      10454 [1] pc=[000000008000088c] W[r14=fffffffffffffffa][1] R[r15=fffffffffffffffa] R[r 0=0000000000000000] inst=[0007871b] sext.w  a4, a5
C0:      10455 [1] pc=[0000000080000890] W[r 0=0000000000000000][0] R[r13=fffffffa00000000] R[r 0=0000000000000000] inst=[0006d963] bgez    a3, pc + 18
C0:      10456 [1] pc=[0000000080000894] W[r15=fffffffffffffc00][1] R[r12=0000000080002440] R[r 0=0000000000000000] inst=[0000561c] c.lw    a5, 40(a2)
C0:      10458 [1] pc=[0000000080000896] W[r 0=0000000000000000][0] R[r14=fffffffffffffffa] R[r15=fffffffffffffc00] inst=[00f74563] blt     a4, a5, pc + 10
C0:      10459 [1] pc=[000000008000089a] W[r15=000000000000000a][1] R[r 0=0000000000000000] R[r 0=0000000000000000] inst=[000047a9] c.li    a5, 10
C0:      10460 [1] pc=[000000008000089c] W[r 0=0000000000000000][0] R[r11=0000000000000031] R[r15=000000000000000a] inst=[00f59363] bne     a1, a5, pc + 6
C0:      10461 [1] pc=[00000000800008a2] W[r15=000000008000265d][1] R[r12=0000000080002440] R[r 0=0000000000000000] inst=[0000621c] c.ld    a5, 0(a2)
C0:      10462 [1] pc=[00000000800008a4] W[r10=0000000000000031][1] R[r 0=0000000000000000] R[r11=0000000000000031] inst=[0000852e] c.mv    a0, a1
C0:      10463 [1] pc=[00000000800008a6] W[r14=000000008000265e][1] R[r15=000000008000265d] R[r 0=0000000000000000] inst=[00178713] addi    a4, a5, 1
C0:      10464 [1] pc=[00000000800008aa] W[r 0=0000000000000000][0] R[r12=0000000080002440] R[r14=000000008000265e] inst=[0000e218] c.sd    a4, 0(a2)
C0:      10465 [1] pc=[00000000800008ac] W[r 0=0000000000000000][0] R[r15=000000008000265d] R[r11=0000000000000031] inst=[00b78023] sb      a1, 0(a5)
C0:      10466 [1] pc=[00000000800008b0] W[r 0=00000000800008b2][1] R[r 1=00000000800008e0] R[r 0=0000000000000000] inst=[00008082] ret
C0:      10467 [1] pc=[00000000800008e0] W[r 8=000000008002aeb2][1] R[r 8=000000008002aeb1] R[r 0=0000000000000000] inst=[00000405] c.addi  s0, 1
C0:      10468 [1] pc=[00000000800008e2] W[r 0=0000000000000000][0] R[r10=0000000000000031] R[r20=ffffffffffffffff] inst=[ff4515e3] bne     a0, s4, pc - 22
C0:      10470 [1] pc=[00000000800008cc] W[r 0=0000000000000000][0] R[r 8=000000008002aeb2] R[r 9=000000008002aeb3] inst=[00941463] bne     s0, s1, pc + 8
C0:      10471 [1] pc=[00000000800008d4] W[r11=0000000000000030][1] R[r 8=000000008002aeb2] R[r 0=0000000000000000] inst=[00044583] lbu     a1, 0(s0)
C0:      10472 [1] pc=[00000000800008d8] W[r12=0000000080002440][1] R[r 0=0000000000000000] R[r19=0000000080002440] inst=[0000864e] c.mv    a2, s3
C0:      10473 [1] pc=[00000000800008da] W[r10=0000000080002150][1] R[r 0=0000000000000000] R[r18=0000000080002150] inst=[0000854a] c.mv    a0, s2
C0:      10474 [1] pc=[00000000800008dc] W[r 1=00000000800008e0][1] R[r 0=0000000000000000] R[r 0=0000000000000000] inst=[fa7ff0ef] jal     pc - 0x5a
C0:      10475 [1] pc=[0000000080000882] W[r15=fffffffffffffffa][1] R[r12=0000000080002440] R[r 0=0000000000000000] inst=[0000465c] c.lw    a5, 12(a2)
C0:      10477 [1] pc=[0000000080000884] W[r15=fffffffffffffff9][1] R[r15=fffffffffffffffa] R[r 0=0000000000000000] inst=[000037fd] c.addiw a5, -1
C0:      10478 [1] pc=[0000000080000886] W[r 0=0000000000000000][0] R[r12=0000000080002440] R[r15=fffffffffffffff9] inst=[0000c65c] c.sw    a5, 12(a2)
C0:      10479 [1] pc=[0000000080000888] W[r13=fffffff900000000][1] R[r15=fffffffffffffff9] R[r 0=0000000000000000] inst=[02079693] slli    a3, a5, 32
C0:      10480 [1] pc=[000000008000088c] W[r14=fffffffffffffff9][1] R[r15=fffffffffffffff9] R[r 0=0000000000000000] inst=[0007871b] sext.w  a4, a5
C0:      10481 [1] pc=[0000000080000890] W[r 0=0000000000000000][0] R[r13=fffffff900000000] R[r 0=0000000000000000] inst=[0006d963] bgez    a3, pc + 18
C0:      10482 [1] pc=[0000000080000894] W[r15=fffffffffffffc00][1] R[r12=0000000080002440] R[r 0=0000000000000000] inst=[0000561c] c.lw    a5, 40(a2)
C0:      10484 [1] pc=[0000000080000896] W[r 0=0000000000000000][0] R[r14=fffffffffffffff9] R[r15=fffffffffffffc00] inst=[00f74563] blt     a4, a5, pc + 10
C0:      10485 [1] pc=[000000008000089a] W[r15=000000000000000a][1] R[r 0=0000000000000000] R[r 0=0000000000000000] inst=[000047a9] c.li    a5, 10
C0:      10486 [1] pc=[000000008000089c] W[r 0=0000000000000000][0] R[r11=0000000000000030] R[r15=000000000000000a] inst=[00f59363] bne     a1, a5, pc + 6
C0:      10487 [1] pc=[00000000800008a2] W[r15=000000008000265e][1] R[r12=0000000080002440] R[r 0=0000000000000000] inst=[0000621c] c.ld    a5, 0(a2)
C0:      10488 [1] pc=[00000000800008a4] W[r10=0000000000000030][1] R[r 0=0000000000000000] R[r11=0000000000000030] inst=[0000852e] c.mv    a0, a1
C0:      10489 [1] pc=[00000000800008a6] W[r14=000000008000265f][1] R[r15=000000008000265e] R[r 0=0000000000000000] inst=[00178713] addi    a4, a5, 1
C0:      10490 [1] pc=[00000000800008aa] W[r 0=0000000000000000][0] R[r12=0000000080002440] R[r14=000000008000265f] inst=[0000e218] c.sd    a4, 0(a2)
C0:      10491 [1] pc=[00000000800008ac] W[r 0=0000000000000000][0] R[r15=000000008000265e] R[r11=0000000000000030] inst=[00b78023] sb      a1, 0(a5)
C0:      10492 [1] pc=[00000000800008b0] W[r 0=00000000800008b2][1] R[r 1=00000000800008e0] R[r 0=0000000000000000] inst=[00008082] ret
C0:      10493 [1] pc=[00000000800008e0] W[r 8=000000008002aeb3][1] R[r 8=000000008002aeb2] R[r 0=0000000000000000] inst=[00000405] c.addi  s0, 1
C0:      10494 [1] pc=[00000000800008e2] W[r 0=0000000000000000][0] R[r10=0000000000000030] R[r20=ffffffffffffffff] inst=[ff4515e3] bne     a0, s4, pc - 22
C0:      10495 [1] pc=[00000000800008cc] W[r 0=0000000000000000][0] R[r 8=000000008002aeb3] R[r 9=000000008002aeb3] inst=[00941463] bne     s0, s1, pc + 8
C0:      10496 [1] pc=[00000000800008d0] W[r10=0000000000000000][1] R[r 0=0000000000000000] R[r 0=0000000000000000] inst=[00004501] c.li    a0, 0
C0:      10497 [1] pc=[00000000800008d2] W[r 0=00000000800008d4][1] R[r 0=0000000000000000] R[r 0=0000000000000000] inst=[0000a811] c.j     pc + 20
C0:      10498 [1] pc=[00000000800008e6] W[r 1=00000000800019b6][1] R[r 2=000000008002ade0] R[r 0=0000000000000000] inst=[000070a2] c.ldsp  ra, 40(sp)
C0:      10499 [1] pc=[00000000800008e8] W[r 8=000000008002ae70][1] R[r 2=000000008002ade0] R[r 0=0000000000000000] inst=[00007402] c.ldsp  s0, 32(sp)
C0:      10500 [1] pc=[00000000800008ea] W[r 9=000000008002aeb1][1] R[r 2=000000008002ade0] R[r 0=0000000000000000] inst=[000064e2] c.ldsp  s1, 24(sp)
C0:      10501 [1] pc=[00000000800008ec] W[r18=0000000080002150][1] R[r 2=000000008002ade0] R[r 0=0000000000000000] inst=[00006942] c.ldsp  s2, 16(sp)
C0:      10502 [1] pc=[00000000800008ee] W[r19=0000000080002440][1] R[r 2=000000008002ade0] R[r 0=0000000000000000] inst=[000069a2] c.ldsp  s3, 8(sp)
C0:      10503 [1] pc=[00000000800008f0] W[r20=00000000800008b2][1] R[r 2=000000008002ade0] R[r 0=0000000000000000] inst=[00006a02] c.ldsp  s4, 0(sp)
C0:      10504 [1] pc=[00000000800008f2] W[r 2=000000008002ae10][1] R[r 2=000000008002ade0] R[r 0=0000000000000000] inst=[00006145] c.addi16sp sp, 48
C0:      10505 [1] pc=[00000000800008f4] W[r 0=00000000800008f6][1] R[r 1=00000000800019b6] R[r 0=0000000000000000] inst=[00008082] ret
C0:      10506 [1] pc=[00000000800019b6] W[r 0=0000000000000000][0] R[r10=0000000000000000] R[r21=ffffffffffffffff] inst=[f15501e3] beq     a0, s5, pc - 254
C0:      10507 [1] pc=[00000000800019ba] W[r15=0000000000000000][1] R[r 8=000000008002ae70] R[r 0=0000000000000000] inst=[0000401c] c.lw    a5, 0(s0)
C0:      10509 [1] pc=[00000000800019bc] W[r15=0000000000000000][1] R[r15=0000000000000000] R[r 0=0000000000000000] inst=[00008b89] c.andi  a5, 2
C0:      10510 [1] pc=[00000000800019be] W[r 0=0000000000000000][0] R[r15=0000000000000000] R[r 0=0000000000000000] inst=[0000eb95] c.bnez  a5, pc + 52
C0:      10511 [1] pc=[00000000800019c0] W[r15=0000000000000002][1] R[r 2=000000008002ae10] R[r 0=0000000000000000] inst=[000047b2] c.lwsp  a5, 12(sp)
C0:      10512 [1] pc=[00000000800019c2] W[r10=0000000000000000][1] R[r 8=000000008002ae70] R[r 0=0000000000000000] inst=[00004448] c.lw    a0, 12(s0)
C0:      10513 [1] pc=[00000000800019c4] W[r14=0000000000000002][1] R[r15=0000000000000002] R[r 0=0000000000000000] inst=[0007871b] sext.w  a4, a5
C0:      10514 [1] pc=[00000000800019c8] W[r13=0000000000000000][1] R[r10=0000000000000000] R[r 0=0000000000000000] inst=[0005069b] sext.w  a3, a0
C0:      10515 [1] pc=[00000000800019cc] W[r 0=0000000000000000][0] R[r13=0000000000000000] R[r14=0000000000000002] inst=[00e6d363] bge     a3, a4, pc + 6
C0:      10516 [1] pc=[00000000800019d0] W[r10=0000000000000002][1] R[r 0=0000000000000000] R[r15=0000000000000002] inst=[0000853e] c.mv    a0, a5
C0:      10517 [1] pc=[00000000800019d2] W[r10=0000000000000002][1] R[r10=0000000000000002] R[r 0=0000000000000000] inst=[00002501] c.addiw a0, 0
C0:      10518 [1] pc=[00000000800019d4] W[r 0=00000000800019d6][1] R[r 0=0000000000000000] R[r 0=0000000000000000] inst=[0000b5dd] c.j     pc - 282
C0:      10519 [1] pc=[00000000800018ba] W[r 1=0000000080000bce][1] R[r 2=000000008002ae10] R[r 0=0000000000000000] inst=[000060a6] c.ldsp  ra, 72(sp)
C0:      10520 [1] pc=[00000000800018bc] W[r 8=0000000080001f19][1] R[r 2=000000008002ae10] R[r 0=0000000000000000] inst=[00006406] c.ldsp  s0, 64(sp)
C0:      10521 [1] pc=[00000000800018be] W[r 9=0000000080002440][1] R[r 2=000000008002ae10] R[r 0=0000000000000000] inst=[000074e2] c.ldsp  s1, 56(sp)
C0:      10522 [1] pc=[00000000800018c0] W[r18=0000000080001f1a][1] R[r 2=000000008002ae10] R[r 0=0000000000000000] inst=[00007942] c.ldsp  s2, 48(sp)
C0:      10523 [1] pc=[00000000800018c2] W[r19=0000000080002150][1] R[r 2=000000008002ae10] R[r 0=0000000000000000] inst=[000079a2] c.ldsp  s3, 40(sp)
C0:      10524 [1] pc=[00000000800018c4] W[r20=0000000000000000][1] R[r 2=000000008002ae10] R[r 0=0000000000000000] inst=[00007a02] c.ldsp  s4, 32(sp)
C0:      10525 [1] pc=[00000000800018c6] W[r21=ffffffffffffffff][1] R[r 2=000000008002ae10] R[r 0=0000000000000000] inst=[00006ae2] c.ldsp  s5, 24(sp)
C0:      10526 [1] pc=[00000000800018c8] W[r22=0000000080002020][1] R[r 2=000000008002ae10] R[r 0=0000000000000000] inst=[00006b42] c.ldsp  s6, 16(sp)
C0:      10527 [1] pc=[00000000800018ca] W[r 2=000000008002ae60][1] R[r 2=000000008002ae10] R[r 0=0000000000000000] inst=[00006161] c.addi16sp sp, 80
C0:      10528 [1] pc=[00000000800018cc] W[r 0=00000000800018ce][1] R[r 1=0000000080000bce] R[r 0=0000000000000000] inst=[00008082] ret
C0:      10532 [1] pc=[0000000080000bce] W[r 0=0000000080000bd0][1] R[r 0=0000000000000000] R[r 0=0000000000000000] inst=[0000bfd9] c.j     pc - 42
C0:      10534 [1] pc=[0000000080000ba4] W[r20=0000000000000002][1] R[r 0=0000000000000000] R[r10=0000000000000002] inst=[00008a2a] c.mv    s4, a0
C0:      10535 [1] pc=[0000000080000ba6] W[r 0=0000000000000000][0] R[r10=0000000000000002] R[r21=ffffffffffffffff] inst=[fb5515e3] bne     a0, s5, pc - 86
C0:      10539 [1] pc=[0000000080000b50] W[r15=0000000000000000][1] R[r 2=000000008002ae60] R[r 0=0000000000000000] inst=[00005792] c.lwsp  a5, 36(sp)
C0:      10541 [1] pc=[0000000080000b52] W[r15=0000000000000002][1] R[r15=0000000000000000] R[r20=0000000000000002] inst=[014787bb] addw    a5, a5, s4
C0:      10542 [1] pc=[0000000080000b56] W[r 0=0000000000000000][0] R[r 2=000000008002ae60] R[r15=0000000000000002] inst=[0000d23e] c.swsp  a5, 36(sp)
C0:      10543 [1] pc=[0000000080000b58] W[r 0=0000000080000b5a][1] R[r 0=0000000000000000] R[r 0=0000000000000000] inst=[0000bd25] c.j     pc - 456
C0:      10544 [1] pc=[0000000080000990] W[r 8=0000000080001f1a][1] R[r 0=0000000000000000] R[r18=0000000080001f1a] inst=[0000844a] c.mv    s0, s2
C0:      10545 [1] pc=[0000000080000992] W[r15=0000000000000000][1] R[r 8=0000000080001f1a] R[r 0=0000000000000000] inst=[00044783] lbu     a5, 0(s0)
C0:      10548 [1] pc=[0000000080000996] W[r 0=0000000000000000][0] R[r15=0000000000000000] R[r 0=0000000000000000] inst=[0000c399] c.beqz  a5, pc + 6
C0:      10552 [1] pc=[000000008000099c] W[r26=0000000000000000][1] R[r 8=0000000080001f1a] R[r18=0000000080001f1a] inst=[41240d3b] subw    s10, s0, s2
C0:      10553 [1] pc=[00000000800009a0] W[r 0=0000000000000000][0] R[r26=0000000000000000] R[r 0=0000000000000000] inst=[000d0e63] beqz    s10, pc + 28
C0:      10555 [1] pc=[00000000800009bc] W[r15=0000000000000000][1] R[r 8=0000000080001f1a] R[r 0=0000000000000000] inst=[00044783] lbu     a5, 0(s0)
C0:      10558 [1] pc=[00000000800009c0] W[r 0=0000000000000000][0] R[r15=0000000000000000] R[r 0=0000000000000000] inst=[1e078563] beqz    a5, pc + 490
C0:      10560 [1] pc=[0000000080000baa] W[r15=0000000000000089][1] R[r 9=0000000080002440] R[r 0=0000000000000000] inst=[0104d783] lhu     a5, 16(s1)
C0:      10563 [1] pc=[0000000080000bae] W[r15=0000000000000000][1] R[r15=0000000000000089] R[r 0=0000000000000000] inst=[0407f793] andi    a5, a5, 64
C0:      10564 [1] pc=[0000000080000bb2] W[r 0=0000000000000000][0] R[r15=0000000000000000] R[r 0=0000000000000000] inst=[ea0796e3] bnez    a5, pc - 340
C0:      10565 [1] pc=[0000000080000bb6] W[r10=0000000000000002][1] R[r 2=000000008002ae60] R[r 0=0000000000000000] inst=[00005512] c.lwsp  a0, 36(sp)
C0:      10566 [1] pc=[0000000080000bb8] W[r 0=0000000080000bba][1] R[r 0=0000000000000000] R[r 0=0000000000000000] inst=[0000b565] c.j     pc - 344
C0:      10567 [1] pc=[0000000080000a60] W[r 1=00000000800004a8][1] R[r 2=000000008002ae60] R[r 0=0000000000000000] inst=[000060ae] c.ldsp  ra, 200(sp)
C0:      10568 [1] pc=[0000000080000a62] W[r 8=0000000080001f18][1] R[r 2=000000008002ae60] R[r 0=0000000000000000] inst=[0000640e] c.ldsp  s0, 192(sp)
C0:      10569 [1] pc=[0000000080000a64] W[r 9=0000000000000000][1] R[r 2=000000008002ae60] R[r 0=0000000000000000] inst=[000074ea] c.ldsp  s1, 184(sp)
C0:      10570 [1] pc=[0000000080000a66] W[r18=0000000000000000][1] R[r 2=000000008002ae60] R[r 0=0000000000000000] inst=[0000794a] c.ldsp  s2, 176(sp)
C0:      10571 [1] pc=[0000000080000a68] W[r19=0000000000000000][1] R[r 2=000000008002ae60] R[r 0=0000000000000000] inst=[000079aa] c.ldsp  s3, 168(sp)
C0:      10572 [1] pc=[0000000080000a6a] W[r20=0000000000000000][1] R[r 2=000000008002ae60] R[r 0=0000000000000000] inst=[00007a0a] c.ldsp  s4, 160(sp)
C0:      10573 [1] pc=[0000000080000a6c] W[r21=0000000000000000][1] R[r 2=000000008002ae60] R[r 0=0000000000000000] inst=[00006aea] c.ldsp  s5, 152(sp)
C0:      10574 [1] pc=[0000000080000a6e] W[r22=0000000000000000][1] R[r 2=000000008002ae60] R[r 0=0000000000000000] inst=[00006b4a] c.ldsp  s6, 144(sp)
C0:      10575 [1] pc=[0000000080000a70] W[r23=0000000000000000][1] R[r 2=000000008002ae60] R[r 0=0000000000000000] inst=[00006baa] c.ldsp  s7, 136(sp)
C0:      10576 [1] pc=[0000000080000a72] W[r24=0000000000000000][1] R[r 2=000000008002ae60] R[r 0=0000000000000000] inst=[00006c0a] c.ldsp  s8, 128(sp)
C0:      10577 [1] pc=[0000000080000a74] W[r25=0000000000000000][1] R[r 2=000000008002ae60] R[r 0=0000000000000000] inst=[00007ce6] c.ldsp  s9, 120(sp)
C0:      10578 [1] pc=[0000000080000a76] W[r26=0000000000000000][1] R[r 2=000000008002ae60] R[r 0=0000000000000000] inst=[00007d46] c.ldsp  s10, 112(sp)
C0:      10579 [1] pc=[0000000080000a78] W[r 2=000000008002af30][1] R[r 2=000000008002ae60] R[r 0=0000000000000000] inst=[00006169] c.addi16sp sp, 208
C0:      10580 [1] pc=[0000000080000a7a] W[r 0=0000000080000a7c][1] R[r 1=00000000800004a8] R[r 0=0000000000000000] inst=[00008082] ret
C0:      10584 [1] pc=[00000000800004a8] W[r 1=00000000800003c6][1] R[r 2=000000008002af30] R[r 0=0000000000000000] inst=[000070a2] c.ldsp  ra, 40(sp)
C0:      10585 [1] pc=[00000000800004aa] W[r 8=000000008002b000][1] R[r 2=000000008002af30] R[r 0=0000000000000000] inst=[00007402] c.ldsp  s0, 32(sp)
C0:      10586 [1] pc=[00000000800004ac] W[r 2=000000008002afa0][1] R[r 2=000000008002af30] R[r 0=0000000000000000] inst=[00006165] c.addi16sp sp, 112
C0:      10587 [1] pc=[00000000800004ae] W[r 0=00000000800004b0][1] R[r 1=00000000800003c6] R[r 0=0000000000000000] inst=[00008082] ret
C0:      10592 [1] pc=[00000000800003c6] W[r10=00000000800023c6][1] R[r 0=0000000000000000] R[r 0=0000000000000000] inst=[00002517] auipc   a0, 0x2
C0:      10593 [1] pc=[00000000800003ca] W[r10=0000000080001f20][1] R[r10=00000000800023c6] R[r 0=0000000000000000] inst=[b5a50513] addi    a0, a0, -1190
C0:      10594 [1] pc=[00000000800003ce] W[r 1=00000000800003d2][1] R[r 0=0000000000000000] R[r 0=0000000000000000] inst=[0a2000ef] jal     pc + 0xa2
C0:      10596 [1] pc=[0000000080000470] W[r 2=000000008002af30][1] R[r 2=000000008002afa0] R[r 0=0000000000000000] inst=[00007159] c.addi16sp sp, -112
C0:      10597 [1] pc=[0000000080000472] W[r 0=0000000000000000][0] R[r 2=000000008002af30] R[r 8=000000008002b000] inst=[0000f022] c.sdsp  s0, 32(sp)
C0:      10598 [1] pc=[0000000080000474] W[r 0=0000000000000000][0] R[r 2=000000008002af30] R[r 1=00000000800003d2] inst=[0000f406] c.sdsp  ra, 40(sp)
C0:      10599 [1] pc=[0000000080000476] W[r 8=0000000080001f20][1] R[r 0=0000000000000000] R[r10=0000000080001f20] inst=[0000842a] c.mv    s0, a0
C0:      10600 [1] pc=[0000000080000478] W[r 0=0000000000000000][0] R[r 2=000000008002af30] R[r11=0000000000000030] inst=[0000fc2e] c.sdsp  a1, 56(sp)
C0:      10601 [1] pc=[000000008000047a] W[r 0=0000000000000000][0] R[r 2=000000008002af30] R[r12=0000000080002440] inst=[0000e0b2] c.sdsp  a2, 64(sp)
C0:      10602 [1] pc=[000000008000047c] W[r 0=0000000000000000][0] R[r 2=000000008002af30] R[r13=0000000000000000] inst=[0000e4b6] c.sdsp  a3, 72(sp)
C0:      10603 [1] pc=[000000008000047e] W[r 0=0000000000000000][0] R[r 2=000000008002af30] R[r14=0000000000000002] inst=[0000e8ba] c.sdsp  a4, 80(sp)
C0:      10604 [1] pc=[0000000080000480] W[r 0=0000000000000000][0] R[r 2=000000008002af30] R[r15=0000000000000000] inst=[0000ecbe] c.sdsp  a5, 88(sp)
C0:      10605 [1] pc=[0000000080000482] W[r 0=0000000000000000][0] R[r 2=000000008002af30] R[r16=000000000000000a] inst=[0000f0c2] c.sdsp  a6, 96(sp)
C0:      10606 [1] pc=[0000000080000484] W[r 0=0000000000000000][0] R[r 2=000000008002af30] R[r17=0000000000000000] inst=[0000f4c6] c.sdsp  a7, 104(sp)
C0:      10607 [1] pc=[0000000080000486] W[r10=0000000080002486][1] R[r 0=0000000000000000] R[r 0=0000000000000000] inst=[00002517] auipc   a0, 0x2
C0:      10608 [1] pc=[000000008000048a] W[r10=0000000080002150][1] R[r10=0000000080002486] R[r 0=0000000000000000] inst=[d7a53503] ld      a0, -646(a0)
C0:      10610 [1] pc=[000000008000048e] W[r 0=0000000000000000][0] R[r10=0000000080002150] R[r 0=0000000000000000] inst=[0000c519] c.beqz  a0, pc + 14
C0:      10611 [1] pc=[0000000080000490] W[r15=0000000000000001][1] R[r10=0000000080002150] R[r 0=0000000000000000] inst=[0000591c] c.lw    a5, 48(a0)
C0:      10613 [1] pc=[0000000080000492] W[r 0=0000000000000000][0] R[r15=0000000000000001] R[r 0=0000000000000000] inst=[0000e789] c.bnez  a5, pc + 10
C0:      10614 [1] pc=[000000008000049c] W[r11=0000000080002440][1] R[r10=0000000080002150] R[r 0=0000000000000000] inst=[0000690c] c.ld    a1, 16(a0)
C0:      10615 [1] pc=[000000008000049e] W[r13=000000008002af68][1] R[r 2=000000008002af30] R[r 0=0000000000000000] inst=[00001834] c.addi4spn a3, sp, 56
C0:      10616 [1] pc=[00000000800004a0] W[r12=0000000080001f20][1] R[r 0=0000000000000000] R[r 8=0000000080001f20] inst=[00008622] c.mv    a2, s0
C0:      10617 [1] pc=[00000000800004a2] W[r 0=0000000000000000][0] R[r 2=000000008002af30] R[r13=000000008002af68] inst=[0000ec36] c.sdsp  a3, 24(sp)
C0:      10618 [1] pc=[00000000800004a4] W[r 1=00000000800004a8][1] R[r 0=0000000000000000] R[r 0=0000000000000000] inst=[47a000ef] jal     pc + 0x47a
C0:      10619 [1] pc=[000000008000091e] W[r 2=000000008002ae60][1] R[r 2=000000008002af30] R[r 0=0000000000000000] inst=[00007155] c.addi16sp sp, -208
C0:      10620 [1] pc=[0000000080000920] W[r 0=0000000000000000][0] R[r 2=000000008002ae60] R[r 8=0000000080001f20] inst=[0000e1a2] c.sdsp  s0, 192(sp)
C0:      10621 [1] pc=[0000000080000922] W[r 0=0000000000000000][0] R[r 2=000000008002ae60] R[r 9=0000000000000000] inst=[0000fd26] c.sdsp  s1, 184(sp)
C0:      10622 [1] pc=[0000000080000924] W[r 0=0000000000000000][0] R[r 2=000000008002ae60] R[r18=0000000000000000] inst=[0000f94a] c.sdsp  s2, 176(sp)
C0:      10623 [1] pc=[0000000080000926] W[r 0=0000000000000000][0] R[r 2=000000008002ae60] R[r19=0000000000000000] inst=[0000f54e] c.sdsp  s3, 168(sp)
C0:      10624 [1] pc=[0000000080000928] W[r 0=0000000000000000][0] R[r 2=000000008002ae60] R[r20=0000000000000000] inst=[0000f152] c.sdsp  s4, 160(sp)
C0:      10625 [1] pc=[000000008000092a] W[r 0=0000000000000000][0] R[r 2=000000008002ae60] R[r 1=00000000800004a8] inst=[0000e586] c.sdsp  ra, 200(sp)
C0:      10626 [1] pc=[000000008000092c] W[r 0=0000000000000000][0] R[r 2=000000008002ae60] R[r21=0000000000000000] inst=[0000ed56] c.sdsp  s5, 152(sp)
C0:      10627 [1] pc=[000000008000092e] W[r 0=0000000000000000][0] R[r 2=000000008002ae60] R[r22=0000000000000000] inst=[0000e95a] c.sdsp  s6, 144(sp)
C0:      10628 [1] pc=[0000000080000930] W[r 0=0000000000000000][0] R[r 2=000000008002ae60] R[r23=0000000000000000] inst=[0000e55e] c.sdsp  s7, 136(sp)
C0:      10629 [1] pc=[0000000080000932] W[r 0=0000000000000000][0] R[r 2=000000008002ae60] R[r24=0000000000000000] inst=[0000e162] c.sdsp  s8, 128(sp)
C0:      10630 [1] pc=[0000000080000934] W[r 0=0000000000000000][0] R[r 2=000000008002ae60] R[r25=0000000000000000] inst=[0000fce6] c.sdsp  s9, 120(sp)
C0:      10631 [1] pc=[0000000080000936] W[r 0=0000000000000000][0] R[r 2=000000008002ae60] R[r26=0000000000000000] inst=[0000f8ea] c.sdsp  s10, 112(sp)
C0:      10632 [1] pc=[0000000080000938] W[r19=0000000080002150][1] R[r 0=0000000000000000] R[r10=0000000080002150] inst=[000089aa] c.mv    s3, a0
C0:      10633 [1] pc=[000000008000093a] W[r 9=0000000080002440][1] R[r 0=0000000000000000] R[r11=0000000080002440] inst=[000084ae] c.mv    s1, a1
C0:      10634 [1] pc=[000000008000093c] W[r18=0000000080001f20][1] R[r 0=0000000000000000] R[r12=0000000080001f20] inst=[00008932] c.mv    s2, a2
C0:      10635 [1] pc=[000000008000093e] W[r 8=000000008002af68][1] R[r 0=0000000000000000] R[r13=000000008002af68] inst=[00008436] c.mv    s0, a3
C0:      10636 [1] pc=[0000000080000940] W[r20=0000000000000000][1] R[r 0=0000000000000000] R[r 0=0000000000000000] inst=[00004a01] c.li    s4, 0
C0:      10637 [1] pc=[0000000080000942] W[r 0=0000000000000000][0] R[r10=0000000080002150] R[r 0=0000000000000000] inst=[0000c509] c.beqz  a0, pc + 10
C0:      10638 [1] pc=[0000000080000944] W[r15=0000000000000001][1] R[r10=0000000080002150] R[r 0=0000000000000000] inst=[0000591c] c.lw    a5, 48(a0)
C0:      10640 [1] pc=[0000000080000946] W[r 0=0000000000000000][0] R[r15=0000000000000001] R[r 0=0000000000000000] inst=[0000e399] c.bnez  a5, pc + 6
C0:      10641 [1] pc=[000000008000094c] W[r15=000000008000194c][1] R[r 0=0000000000000000] R[r 0=0000000000000000] inst=[00001797] auipc   a5, 0x1
C0:      10642 [1] pc=[0000000080000950] W[r15=0000000080001fb0][1] R[r15=000000008000194c] R[r 0=0000000000000000] inst=[66478793] addi    a5, a5, 1636
C0:      10643 [1] pc=[0000000080000954] W[r 0=0000000000000000][0] R[r 9=0000000080002440] R[r15=0000000080001fb0] inst=[0cf49e63] bne     s1, a5, pc + 220
C0:      10644 [1] pc=[0000000080000a30] W[r15=0000000080001a30][1] R[r 0=0000000000000000] R[r 0=0000000000000000] inst=[00001797] auipc   a5, 0x1
C0:      10645 [1] pc=[0000000080000a34] W[r15=0000000080001fe8][1] R[r15=0000000080001a30] R[r 0=0000000000000000] inst=[5b878793] addi    a5, a5, 1464
C0:      10646 [1] pc=[0000000080000a38] W[r 0=0000000000000000][0] R[r 9=0000000080002440] R[r15=0000000080001fe8] inst=[00f49563] bne     s1, a5, pc + 10
C0:      10649 [1] pc=[0000000080000a42] W[r15=0000000080001a42][1] R[r 0=0000000000000000] R[r 0=0000000000000000] inst=[00001797] auipc   a5, 0x1
C0:      10650 [1] pc=[0000000080000a46] W[r15=0000000080001f78][1] R[r15=0000000080001a42] R[r 0=0000000000000000] inst=[53678793] addi    a5, a5, 1334
C0:      10651 [1] pc=[0000000080000a4a] W[r 0=0000000000000000][0] R[r 9=0000000080002440] R[r15=0000000080001f78] inst=[f0f499e3] bne     s1, a5, pc - 238
C0:      10653 [1] pc=[000000008000095c] W[r15=0000000000000089][1] R[r 9=0000000080002440] R[r 0=0000000000000000] inst=[0104d783] lhu     a5, 16(s1)
C0:      10656 [1] pc=[0000000080000960] W[r15=0000000000000008][1] R[r15=0000000000000089] R[r 0=0000000000000000] inst=[00008ba1] c.andi  a5, 8
C0:      10657 [1] pc=[0000000080000962] W[r 0=0000000000000000][0] R[r15=0000000000000008] R[r 0=0000000000000000] inst=[0000cbed] c.beqz  a5, pc + 242
C0:      10658 [1] pc=[0000000080000964] W[r15=0000000080002658][1] R[r 9=0000000080002440] R[r 0=0000000000000000] inst=[00006c9c] c.ld    a5, 24(s1)
C0:      10660 [1] pc=[0000000080000966] W[r 0=0000000000000000][0] R[r15=0000000080002658] R[r 0=0000000000000000] inst=[0000c7fd] c.beqz  a5, pc + 238
C0:      10661 [1] pc=[0000000080000968] W[r15=0000000000000020][1] R[r 0=0000000000000000] R[r 0=0000000000000000] inst=[02000793] li      a5, 32
C0:      10662 [1] pc=[000000008000096c] W[r 0=0000000000000000][0] R[r 2=000000008002ae60] R[r15=0000000000000020] inst=[02f104a3] sb      a5, 41(sp)
C0:      10663 [1] pc=[0000000080000970] W[r21=ffffffffffffffff][1] R[r 0=0000000000000000] R[r 0=0000000000000000] inst=[00005afd] c.li    s5, -1
C0:      10664 [1] pc=[0000000080000972] W[r15=0000000000000030][1] R[r 0=0000000000000000] R[r 0=0000000000000000] inst=[03000793] li      a5, 48
C0:      10665 [1] pc=[0000000080000976] W[r 0=0000000000000000][0] R[r 2=000000008002ae60] R[r 0=0000000000000000] inst=[0000d202] c.swsp  zero, 36(sp)
C0:      10666 [1] pc=[0000000080000978] W[r 0=0000000000000000][0] R[r 2=000000008002ae60] R[r15=0000000000000030] inst=[02f10523] sb      a5, 42(sp)
C0:      10667 [1] pc=[000000008000097c] W[r 0=0000000000000000][0] R[r 2=000000008002ae60] R[r 8=000000008002af68] inst=[0000e422] c.sdsp  s0, 8(sp)
C0:      10668 [1] pc=[000000008000097e] W[r23=0000000000000025][1] R[r 0=0000000000000000] R[r 0=0000000000000000] inst=[02500b93] li      s7, 37
C0:      10669 [1] pc=[0000000080000982] W[r24=ffffffff00000000][1] R[r21=ffffffffffffffff] R[r 0=0000000000000000] inst=[020a9c13] slli    s8, s5, 32
C0:      10670 [1] pc=[0000000080000986] W[r22=0000000080001986][1] R[r 0=0000000000000000] R[r 0=0000000000000000] inst=[00001b17] auipc   s6, 0x1
C0:      10671 [1] pc=[000000008000098a] W[r22=0000000080002020][1] R[r22=0000000080001986] R[r 0=0000000000000000] inst=[69ab0b13] addi    s6, s6, 1690
C0:      10672 [1] pc=[000000008000098e] W[r25=0000000000000001][1] R[r 0=0000000000000000] R[r 0=0000000000000000] inst=[00004c85] c.li    s9, 1
C0:      10673 [1] pc=[0000000080000990] W[r 8=0000000080001f20][1] R[r 0=0000000000000000] R[r18=0000000080001f20] inst=[0000844a] c.mv    s0, s2
C0:      10674 [1] pc=[0000000080000992] W[r15=000000000000005d][1] R[r 8=0000000080001f20] R[r 0=0000000000000000] inst=[00044783] lbu     a5, 0(s0)
C0:      10677 [1] pc=[0000000080000996] W[r 0=0000000000000000][0] R[r15=000000000000005d] R[r 0=0000000000000000] inst=[0000c399] c.beqz  a5, pc + 6
C0:      10681 [1] pc=[0000000080000998] W[r 0=0000000000000000][0] R[r15=000000000000005d] R[r23=0000000000000025] inst=[0f779263] bne     a5, s7, pc + 228
C0:      10685 [1] pc=[0000000080000a7c] W[r 8=0000000080001f21][1] R[r 8=0000000080001f20] R[r 0=0000000000000000] inst=[00000405] c.addi  s0, 1
C0:      10686 [1] pc=[0000000080000a7e] W[r 0=0000000080000a80][1] R[r 0=0000000000000000] R[r 0=0000000000000000] inst=[0000bf11] c.j     pc - 236
C0:      10688 [1] pc=[0000000080000992] W[r15=0000000000000000][1] R[r 8=0000000080001f21] R[r 0=0000000000000000] inst=[00044783] lbu     a5, 0(s0)
C0:      10691 [1] pc=[0000000080000996] W[r 0=0000000000000000][0] R[r15=0000000000000000] R[r 0=0000000000000000] inst=[0000c399] c.beqz  a5, pc + 6
C0:      10692 [1] pc=[000000008000099c] W[r26=0000000000000001][1] R[r 8=0000000080001f21] R[r18=0000000080001f20] inst=[41240d3b] subw    s10, s0, s2
C0:      10693 [1] pc=[00000000800009a0] W[r 0=0000000000000000][0] R[r26=0000000000000001] R[r 0=0000000000000000] inst=[000d0e63] beqz    s10, pc + 28
C0:      10694 [1] pc=[00000000800009a4] W[r13=0000000000000001][1] R[r 0=0000000000000000] R[r26=0000000000000001] inst=[000086ea] c.mv    a3, s10
C0:      10695 [1] pc=[00000000800009a6] W[r12=0000000080001f20][1] R[r 0=0000000000000000] R[r18=0000000080001f20] inst=[0000864a] c.mv    a2, s2
C0:      10696 [1] pc=[00000000800009a8] W[r11=0000000080002440][1] R[r 0=0000000000000000] R[r 9=0000000080002440] inst=[000085a6] c.mv    a1, s1
C0:      10697 [1] pc=[00000000800009aa] W[r10=0000000080002150][1] R[r 0=0000000000000000] R[r19=0000000080002150] inst=[0000854e] c.mv    a0, s3
C0:      10698 [1] pc=[00000000800009ac] W[r 1=00000000800009b0][1] R[r 0=0000000000000000] R[r 0=0000000000000000] inst=[f07ff0ef] jal     pc - 0xfa
C0:      10699 [1] pc=[00000000800008b2] W[r 2=000000008002ae30][1] R[r 2=000000008002ae60] R[r 0=0000000000000000] inst=[00007179] c.addi16sp sp, -48
C0:      10700 [1] pc=[00000000800008b4] W[r 0=0000000000000000][0] R[r 2=000000008002ae30] R[r 8=0000000080001f21] inst=[0000f022] c.sdsp  s0, 32(sp)
C0:      10701 [1] pc=[00000000800008b6] W[r 0=0000000000000000][0] R[r 2=000000008002ae30] R[r 9=0000000080002440] inst=[0000ec26] c.sdsp  s1, 24(sp)
C0:      10702 [1] pc=[00000000800008b8] W[r 0=0000000000000000][0] R[r 2=000000008002ae30] R[r18=0000000080001f20] inst=[0000e84a] c.sdsp  s2, 16(sp)
C0:      10703 [1] pc=[00000000800008ba] W[r 0=0000000000000000][0] R[r 2=000000008002ae30] R[r19=0000000080002150] inst=[0000e44e] c.sdsp  s3, 8(sp)
C0:      10704 [1] pc=[00000000800008bc] W[r 0=0000000000000000][0] R[r 2=000000008002ae30] R[r20=0000000000000000] inst=[0000e052] c.sdsp  s4, 0(sp)
C0:      10705 [1] pc=[00000000800008be] W[r 0=0000000000000000][0] R[r 2=000000008002ae30] R[r 1=00000000800009b0] inst=[0000f406] c.sdsp  ra, 40(sp)
C0:      10706 [1] pc=[00000000800008c0] W[r18=0000000080002150][1] R[r 0=0000000000000000] R[r10=0000000080002150] inst=[0000892a] c.mv    s2, a0
C0:      10707 [1] pc=[00000000800008c2] W[r19=0000000080002440][1] R[r 0=0000000000000000] R[r11=0000000080002440] inst=[000089ae] c.mv    s3, a1
C0:      10708 [1] pc=[00000000800008c4] W[r 8=0000000080001f20][1] R[r 0=0000000000000000] R[r12=0000000080001f20] inst=[00008432] c.mv    s0, a2
C0:      10709 [1] pc=[00000000800008c6] W[r 9=0000000080001f21][1] R[r12=0000000080001f20] R[r13=0000000000000001] inst=[00d604b3] add     s1, a2, a3
C0:      10710 [1] pc=[00000000800008ca] W[r20=ffffffffffffffff][1] R[r 0=0000000000000000] R[r 0=0000000000000000] inst=[00005a7d] c.li    s4, -1
C0:      10711 [1] pc=[00000000800008cc] W[r 0=0000000000000000][0] R[r 8=0000000080001f20] R[r 9=0000000080001f21] inst=[00941463] bne     s0, s1, pc + 8
C0:      10715 [1] pc=[00000000800008d4] W[r11=000000000000005d][1] R[r 8=0000000080001f20] R[r 0=0000000000000000] inst=[00044583] lbu     a1, 0(s0)
C0:      10716 [1] pc=[00000000800008d8] W[r12=0000000080002440][1] R[r 0=0000000000000000] R[r19=0000000080002440] inst=[0000864e] c.mv    a2, s3
C0:      10717 [1] pc=[00000000800008da] W[r10=0000000080002150][1] R[r 0=0000000000000000] R[r18=0000000080002150] inst=[0000854a] c.mv    a0, s2
C0:      10718 [1] pc=[00000000800008dc] W[r 1=00000000800008e0][1] R[r 0=0000000000000000] R[r 0=0000000000000000] inst=[fa7ff0ef] jal     pc - 0x5a
C0:      10719 [1] pc=[0000000080000882] W[r15=fffffffffffffff9][1] R[r12=0000000080002440] R[r 0=0000000000000000] inst=[0000465c] c.lw    a5, 12(a2)
C0:      10721 [1] pc=[0000000080000884] W[r15=fffffffffffffff8][1] R[r15=fffffffffffffff9] R[r 0=0000000000000000] inst=[000037fd] c.addiw a5, -1
C0:      10722 [1] pc=[0000000080000886] W[r 0=0000000000000000][0] R[r12=0000000080002440] R[r15=fffffffffffffff8] inst=[0000c65c] c.sw    a5, 12(a2)
C0:      10723 [1] pc=[0000000080000888] W[r13=fffffff800000000][1] R[r15=fffffffffffffff8] R[r 0=0000000000000000] inst=[02079693] slli    a3, a5, 32
C0:      10724 [1] pc=[000000008000088c] W[r14=fffffffffffffff8][1] R[r15=fffffffffffffff8] R[r 0=0000000000000000] inst=[0007871b] sext.w  a4, a5
C0:      10725 [1] pc=[0000000080000890] W[r 0=0000000000000000][0] R[r13=fffffff800000000] R[r 0=0000000000000000] inst=[0006d963] bgez    a3, pc + 18
C0:      10726 [1] pc=[0000000080000894] W[r15=fffffffffffffc00][1] R[r12=0000000080002440] R[r 0=0000000000000000] inst=[0000561c] c.lw    a5, 40(a2)
C0:      10728 [1] pc=[0000000080000896] W[r 0=0000000000000000][0] R[r14=fffffffffffffff8] R[r15=fffffffffffffc00] inst=[00f74563] blt     a4, a5, pc + 10
C0:      10729 [1] pc=[000000008000089a] W[r15=000000000000000a][1] R[r 0=0000000000000000] R[r 0=0000000000000000] inst=[000047a9] c.li    a5, 10
C0:      10730 [1] pc=[000000008000089c] W[r 0=0000000000000000][0] R[r11=000000000000005d] R[r15=000000000000000a] inst=[00f59363] bne     a1, a5, pc + 6
C0:      10731 [1] pc=[00000000800008a2] W[r15=000000008000265f][1] R[r12=0000000080002440] R[r 0=0000000000000000] inst=[0000621c] c.ld    a5, 0(a2)
C0:      10732 [1] pc=[00000000800008a4] W[r10=000000000000005d][1] R[r 0=0000000000000000] R[r11=000000000000005d] inst=[0000852e] c.mv    a0, a1
C0:      10733 [1] pc=[00000000800008a6] W[r14=0000000080002660][1] R[r15=000000008000265f] R[r 0=0000000000000000] inst=[00178713] addi    a4, a5, 1
C0:      10734 [1] pc=[00000000800008aa] W[r 0=0000000000000000][0] R[r12=0000000080002440] R[r14=0000000080002660] inst=[0000e218] c.sd    a4, 0(a2)
C0:      10735 [1] pc=[00000000800008ac] W[r 0=0000000000000000][0] R[r15=000000008000265f] R[r11=000000000000005d] inst=[00b78023] sb      a1, 0(a5)
C0:      10736 [1] pc=[00000000800008b0] W[r 0=00000000800008b2][1] R[r 1=00000000800008e0] R[r 0=0000000000000000] inst=[00008082] ret
C0:      10737 [1] pc=[00000000800008e0] W[r 8=0000000080001f21][1] R[r 8=0000000080001f20] R[r 0=0000000000000000] inst=[00000405] c.addi  s0, 1
C0:      10738 [1] pc=[00000000800008e2] W[r 0=0000000000000000][0] R[r10=000000000000005d] R[r20=ffffffffffffffff] inst=[ff4515e3] bne     a0, s4, pc - 22
C0:      10739 [1] pc=[00000000800008cc] W[r 0=0000000000000000][0] R[r 8=0000000080001f21] R[r 9=0000000080001f21] inst=[00941463] bne     s0, s1, pc + 8
C0:      10743 [1] pc=[00000000800008d0] W[r10=0000000000000000][1] R[r 0=0000000000000000] R[r 0=0000000000000000] inst=[00004501] c.li    a0, 0
C0:      10744 [1] pc=[00000000800008d2] W[r 0=00000000800008d4][1] R[r 0=0000000000000000] R[r 0=0000000000000000] inst=[0000a811] c.j     pc + 20
C0:      10745 [1] pc=[00000000800008e6] W[r 1=00000000800009b0][1] R[r 2=000000008002ae30] R[r 0=0000000000000000] inst=[000070a2] c.ldsp  ra, 40(sp)
C0:      10746 [1] pc=[00000000800008e8] W[r 8=0000000080001f21][1] R[r 2=000000008002ae30] R[r 0=0000000000000000] inst=[00007402] c.ldsp  s0, 32(sp)
C0:      10747 [1] pc=[00000000800008ea] W[r 9=0000000080002440][1] R[r 2=000000008002ae30] R[r 0=0000000000000000] inst=[000064e2] c.ldsp  s1, 24(sp)
C0:      10748 [1] pc=[00000000800008ec] W[r18=0000000080001f20][1] R[r 2=000000008002ae30] R[r 0=0000000000000000] inst=[00006942] c.ldsp  s2, 16(sp)
C0:      10749 [1] pc=[00000000800008ee] W[r19=0000000080002150][1] R[r 2=000000008002ae30] R[r 0=0000000000000000] inst=[000069a2] c.ldsp  s3, 8(sp)
C0:      10750 [1] pc=[00000000800008f0] W[r20=0000000000000000][1] R[r 2=000000008002ae30] R[r 0=0000000000000000] inst=[00006a02] c.ldsp  s4, 0(sp)
C0:      10751 [1] pc=[00000000800008f2] W[r 2=000000008002ae60][1] R[r 2=000000008002ae30] R[r 0=0000000000000000] inst=[00006145] c.addi16sp sp, 48
C0:      10752 [1] pc=[00000000800008f4] W[r 0=00000000800008f6][1] R[r 1=00000000800009b0] R[r 0=0000000000000000] inst=[00008082] ret
C0:      10753 [1] pc=[00000000800009b0] W[r 0=0000000000000000][0] R[r10=0000000000000000] R[r21=ffffffffffffffff] inst=[1f550d63] beq     a0, s5, pc + 506
C0:      10754 [1] pc=[00000000800009b4] W[r15=0000000000000000][1] R[r 2=000000008002ae60] R[r 0=0000000000000000] inst=[00005792] c.lwsp  a5, 36(sp)
C0:      10756 [1] pc=[00000000800009b6] W[r15=0000000000000001][1] R[r15=0000000000000000] R[r26=0000000000000001] inst=[01a787bb] addw    a5, a5, s10
C0:      10757 [1] pc=[00000000800009ba] W[r 0=0000000000000000][0] R[r 2=000000008002ae60] R[r15=0000000000000001] inst=[0000d23e] c.swsp  a5, 36(sp)
C0:      10758 [1] pc=[00000000800009bc] W[r15=0000000000000000][1] R[r 8=0000000080001f21] R[r 0=0000000000000000] inst=[00044783] lbu     a5, 0(s0)
C0:      10761 [1] pc=[00000000800009c0] W[r 0=0000000000000000][0] R[r15=0000000000000000] R[r 0=0000000000000000] inst=[1e078563] beqz    a5, pc + 490
C0:      10763 [1] pc=[0000000080000baa] W[r15=0000000000000089][1] R[r 9=0000000080002440] R[r 0=0000000000000000] inst=[0104d783] lhu     a5, 16(s1)
C0:      10766 [1] pc=[0000000080000bae] W[r15=0000000000000000][1] R[r15=0000000000000089] R[r 0=0000000000000000] inst=[0407f793] andi    a5, a5, 64
C0:      10767 [1] pc=[0000000080000bb2] W[r 0=0000000000000000][0] R[r15=0000000000000000] R[r 0=0000000000000000] inst=[ea0796e3] bnez    a5, pc - 340
C0:      10768 [1] pc=[0000000080000bb6] W[r10=0000000000000001][1] R[r 2=000000008002ae60] R[r 0=0000000000000000] inst=[00005512] c.lwsp  a0, 36(sp)
C0:      10769 [1] pc=[0000000080000bb8] W[r 0=0000000080000bba][1] R[r 0=0000000000000000] R[r 0=0000000000000000] inst=[0000b565] c.j     pc - 344
C0:      10770 [1] pc=[0000000080000a60] W[r 1=00000000800004a8][1] R[r 2=000000008002ae60] R[r 0=0000000000000000] inst=[000060ae] c.ldsp  ra, 200(sp)
C0:      10771 [1] pc=[0000000080000a62] W[r 8=0000000080001f20][1] R[r 2=000000008002ae60] R[r 0=0000000000000000] inst=[0000640e] c.ldsp  s0, 192(sp)
C0:      10772 [1] pc=[0000000080000a64] W[r 9=0000000000000000][1] R[r 2=000000008002ae60] R[r 0=0000000000000000] inst=[000074ea] c.ldsp  s1, 184(sp)
C0:      10773 [1] pc=[0000000080000a66] W[r18=0000000000000000][1] R[r 2=000000008002ae60] R[r 0=0000000000000000] inst=[0000794a] c.ldsp  s2, 176(sp)
C0:      10774 [1] pc=[0000000080000a68] W[r19=0000000000000000][1] R[r 2=000000008002ae60] R[r 0=0000000000000000] inst=[000079aa] c.ldsp  s3, 168(sp)
C0:      10775 [1] pc=[0000000080000a6a] W[r20=0000000000000000][1] R[r 2=000000008002ae60] R[r 0=0000000000000000] inst=[00007a0a] c.ldsp  s4, 160(sp)
C0:      10776 [1] pc=[0000000080000a6c] W[r21=0000000000000000][1] R[r 2=000000008002ae60] R[r 0=0000000000000000] inst=[00006aea] c.ldsp  s5, 152(sp)
C0:      10777 [1] pc=[0000000080000a6e] W[r22=0000000000000000][1] R[r 2=000000008002ae60] R[r 0=0000000000000000] inst=[00006b4a] c.ldsp  s6, 144(sp)
C0:      10778 [1] pc=[0000000080000a70] W[r23=0000000000000000][1] R[r 2=000000008002ae60] R[r 0=0000000000000000] inst=[00006baa] c.ldsp  s7, 136(sp)
C0:      10779 [1] pc=[0000000080000a72] W[r24=0000000000000000][1] R[r 2=000000008002ae60] R[r 0=0000000000000000] inst=[00006c0a] c.ldsp  s8, 128(sp)
C0:      10780 [1] pc=[0000000080000a74] W[r25=0000000000000000][1] R[r 2=000000008002ae60] R[r 0=0000000000000000] inst=[00007ce6] c.ldsp  s9, 120(sp)
C0:      10781 [1] pc=[0000000080000a76] W[r26=0000000000000000][1] R[r 2=000000008002ae60] R[r 0=0000000000000000] inst=[00007d46] c.ldsp  s10, 112(sp)
C0:      10782 [1] pc=[0000000080000a78] W[r 2=000000008002af30][1] R[r 2=000000008002ae60] R[r 0=0000000000000000] inst=[00006169] c.addi16sp sp, 208
C0:      10783 [1] pc=[0000000080000a7a] W[r 0=0000000080000a7c][1] R[r 1=00000000800004a8] R[r 0=0000000000000000] inst=[00008082] ret
C0:      10787 [1] pc=[00000000800004a8] W[r 1=00000000800003d2][1] R[r 2=000000008002af30] R[r 0=0000000000000000] inst=[000070a2] c.ldsp  ra, 40(sp)
C0:      10788 [1] pc=[00000000800004aa] W[r 8=000000008002b000][1] R[r 2=000000008002af30] R[r 0=0000000000000000] inst=[00007402] c.ldsp  s0, 32(sp)
C0:      10789 [1] pc=[00000000800004ac] W[r 2=000000008002afa0][1] R[r 2=000000008002af30] R[r 0=0000000000000000] inst=[00006165] c.addi16sp sp, 112
C0:      10790 [1] pc=[00000000800004ae] W[r 0=00000000800004b0][1] R[r 1=00000000800003d2] R[r 0=0000000000000000] inst=[00008082] ret
C0:      10795 [1] pc=[00000000800003d2] W[r15=0000000000000001][1] R[r 8=000000008002b000] R[r 0=0000000000000000] inst=[fdc42783] lw      a5, -36(s0)
C0:      10797 [1] pc=[00000000800003d6] W[r15=0000000000000002][1] R[r15=0000000000000001] R[r 0=0000000000000000] inst=[00002785] c.addiw a5, 1
C0:      10798 [1] pc=[00000000800003d8] W[r 0=0000000000000000][0] R[r 8=000000008002b000] R[r15=0000000000000002] inst=[fcf42e23] sw      a5, -36(s0)
C0:      10804 [1] pc=[00000000800003dc] W[r15=0000000000000002][1] R[r 8=000000008002b000] R[r 0=0000000000000000] inst=[fdc42783] lw      a5, -36(s0)
C0:      10806 [1] pc=[00000000800003e0] W[r14=0000000000000002][1] R[r15=0000000000000002] R[r 0=0000000000000000] inst=[0007871b] sext.w  a4, a5
C0:      10807 [1] pc=[00000000800003e4] W[r15=0000000000000001][1] R[r 0=0000000000000000] R[r 0=0000000000000000] inst=[00004785] c.li    a5, 1
C0:      10808 [1] pc=[00000000800003e6] W[r 0=0000000000000000][0] R[r15=0000000000000001] R[r14=0000000000000002] inst=[fae7d7e3] bge     a5, a4, pc - 82
C0:      10809 [1] pc=[00000000800003ea] W[r10=00000000800023ea][1] R[r 0=0000000000000000] R[r 0=0000000000000000] inst=[00002517] auipc   a0, 0x2
C0:      10810 [1] pc=[00000000800003ee] W[r10=0000000080001f28][1] R[r10=00000000800023ea] R[r 0=0000000000000000] inst=[b3e50513] addi    a0, a0, -1218
C0:      10811 [1] pc=[00000000800003f2] W[r 1=00000000800003f6][1] R[r 0=0000000000000000] R[r 0=0000000000000000] inst=[07e000ef] jal     pc + 0x7e
C0:      10812 [1] pc=[0000000080000470] W[r 2=000000008002af30][1] R[r 2=000000008002afa0] R[r 0=0000000000000000] inst=[00007159] c.addi16sp sp, -112
C0:      10813 [1] pc=[0000000080000472] W[r 0=0000000000000000][0] R[r 2=000000008002af30] R[r 8=000000008002b000] inst=[0000f022] c.sdsp  s0, 32(sp)
C0:      10814 [1] pc=[0000000080000474] W[r 0=0000000000000000][0] R[r 2=000000008002af30] R[r 1=00000000800003f6] inst=[0000f406] c.sdsp  ra, 40(sp)
C0:      10815 [1] pc=[0000000080000476] W[r 8=0000000080001f28][1] R[r 0=0000000000000000] R[r10=0000000080001f28] inst=[0000842a] c.mv    s0, a0
C0:      10816 [1] pc=[0000000080000478] W[r 0=0000000000000000][0] R[r 2=000000008002af30] R[r11=000000000000005d] inst=[0000fc2e] c.sdsp  a1, 56(sp)
C0:      10817 [1] pc=[000000008000047a] W[r 0=0000000000000000][0] R[r 2=000000008002af30] R[r12=0000000080002440] inst=[0000e0b2] c.sdsp  a2, 64(sp)
C0:      10818 [1] pc=[000000008000047c] W[r 0=0000000000000000][0] R[r 2=000000008002af30] R[r13=fffffff800000000] inst=[0000e4b6] c.sdsp  a3, 72(sp)
C0:      10819 [1] pc=[000000008000047e] W[r 0=0000000000000000][0] R[r 2=000000008002af30] R[r14=0000000000000002] inst=[0000e8ba] c.sdsp  a4, 80(sp)
C0:      10820 [1] pc=[0000000080000480] W[r 0=0000000000000000][0] R[r 2=000000008002af30] R[r15=0000000000000001] inst=[0000ecbe] c.sdsp  a5, 88(sp)
C0:      10821 [1] pc=[0000000080000482] W[r 0=0000000000000000][0] R[r 2=000000008002af30] R[r16=000000000000000a] inst=[0000f0c2] c.sdsp  a6, 96(sp)
C0:      10822 [1] pc=[0000000080000484] W[r 0=0000000000000000][0] R[r 2=000000008002af30] R[r17=0000000000000000] inst=[0000f4c6] c.sdsp  a7, 104(sp)
C0:      10823 [1] pc=[0000000080000486] W[r10=0000000080002486][1] R[r 0=0000000000000000] R[r 0=0000000000000000] inst=[00002517] auipc   a0, 0x2
C0:      10824 [1] pc=[000000008000048a] W[r10=0000000080002150][1] R[r10=0000000080002486] R[r 0=0000000000000000] inst=[d7a53503] ld      a0, -646(a0)
C0:      10826 [1] pc=[000000008000048e] W[r 0=0000000000000000][0] R[r10=0000000080002150] R[r 0=0000000000000000] inst=[0000c519] c.beqz  a0, pc + 14
C0:      10827 [1] pc=[0000000080000490] W[r15=0000000000000001][1] R[r10=0000000080002150] R[r 0=0000000000000000] inst=[0000591c] c.lw    a5, 48(a0)
C0:      10829 [1] pc=[0000000080000492] W[r 0=0000000000000000][0] R[r15=0000000000000001] R[r 0=0000000000000000] inst=[0000e789] c.bnez  a5, pc + 10
C0:      10833 [1] pc=[000000008000049c] W[r11=0000000080002440][1] R[r10=0000000080002150] R[r 0=0000000000000000] inst=[0000690c] c.ld    a1, 16(a0)
C0:      10834 [1] pc=[000000008000049e] W[r13=000000008002af68][1] R[r 2=000000008002af30] R[r 0=0000000000000000] inst=[00001834] c.addi4spn a3, sp, 56
C0:      10835 [1] pc=[00000000800004a0] W[r12=0000000080001f28][1] R[r 0=0000000000000000] R[r 8=0000000080001f28] inst=[00008622] c.mv    a2, s0
C0:      10836 [1] pc=[00000000800004a2] W[r 0=0000000000000000][0] R[r 2=000000008002af30] R[r13=000000008002af68] inst=[0000ec36] c.sdsp  a3, 24(sp)
C0:      10837 [1] pc=[00000000800004a4] W[r 1=00000000800004a8][1] R[r 0=0000000000000000] R[r 0=0000000000000000] inst=[47a000ef] jal     pc + 0x47a
C0:      10838 [1] pc=[000000008000091e] W[r 2=000000008002ae60][1] R[r 2=000000008002af30] R[r 0=0000000000000000] inst=[00007155] c.addi16sp sp, -208
C0:      10839 [1] pc=[0000000080000920] W[r 0=0000000000000000][0] R[r 2=000000008002ae60] R[r 8=0000000080001f28] inst=[0000e1a2] c.sdsp  s0, 192(sp)
C0:      10840 [1] pc=[0000000080000922] W[r 0=0000000000000000][0] R[r 2=000000008002ae60] R[r 9=0000000000000000] inst=[0000fd26] c.sdsp  s1, 184(sp)
C0:      10841 [1] pc=[0000000080000924] W[r 0=0000000000000000][0] R[r 2=000000008002ae60] R[r18=0000000000000000] inst=[0000f94a] c.sdsp  s2, 176(sp)
C0:      10842 [1] pc=[0000000080000926] W[r 0=0000000000000000][0] R[r 2=000000008002ae60] R[r19=0000000000000000] inst=[0000f54e] c.sdsp  s3, 168(sp)
C0:      10843 [1] pc=[0000000080000928] W[r 0=0000000000000000][0] R[r 2=000000008002ae60] R[r20=0000000000000000] inst=[0000f152] c.sdsp  s4, 160(sp)
C0:      10844 [1] pc=[000000008000092a] W[r 0=0000000000000000][0] R[r 2=000000008002ae60] R[r 1=00000000800004a8] inst=[0000e586] c.sdsp  ra, 200(sp)
C0:      10845 [1] pc=[000000008000092c] W[r 0=0000000000000000][0] R[r 2=000000008002ae60] R[r21=0000000000000000] inst=[0000ed56] c.sdsp  s5, 152(sp)
C0:      10846 [1] pc=[000000008000092e] W[r 0=0000000000000000][0] R[r 2=000000008002ae60] R[r22=0000000000000000] inst=[0000e95a] c.sdsp  s6, 144(sp)
C0:      10847 [1] pc=[0000000080000930] W[r 0=0000000000000000][0] R[r 2=000000008002ae60] R[r23=0000000000000000] inst=[0000e55e] c.sdsp  s7, 136(sp)
C0:      10848 [1] pc=[0000000080000932] W[r 0=0000000000000000][0] R[r 2=000000008002ae60] R[r24=0000000000000000] inst=[0000e162] c.sdsp  s8, 128(sp)
C0:      10849 [1] pc=[0000000080000934] W[r 0=0000000000000000][0] R[r 2=000000008002ae60] R[r25=0000000000000000] inst=[0000fce6] c.sdsp  s9, 120(sp)
C0:      10850 [1] pc=[0000000080000936] W[r 0=0000000000000000][0] R[r 2=000000008002ae60] R[r26=0000000000000000] inst=[0000f8ea] c.sdsp  s10, 112(sp)
C0:      10851 [1] pc=[0000000080000938] W[r19=0000000080002150][1] R[r 0=0000000000000000] R[r10=0000000080002150] inst=[000089aa] c.mv    s3, a0
C0:      10852 [1] pc=[000000008000093a] W[r 9=0000000080002440][1] R[r 0=0000000000000000] R[r11=0000000080002440] inst=[000084ae] c.mv    s1, a1
C0:      10853 [1] pc=[000000008000093c] W[r18=0000000080001f28][1] R[r 0=0000000000000000] R[r12=0000000080001f28] inst=[00008932] c.mv    s2, a2
C0:      10854 [1] pc=[000000008000093e] W[r 8=000000008002af68][1] R[r 0=0000000000000000] R[r13=000000008002af68] inst=[00008436] c.mv    s0, a3
C0:      10855 [1] pc=[0000000080000940] W[r20=0000000000000000][1] R[r 0=0000000000000000] R[r 0=0000000000000000] inst=[00004a01] c.li    s4, 0
C0:      10856 [1] pc=[0000000080000942] W[r 0=0000000000000000][0] R[r10=0000000080002150] R[r 0=0000000000000000] inst=[0000c509] c.beqz  a0, pc + 10
C0:      10857 [1] pc=[0000000080000944] W[r15=0000000000000001][1] R[r10=0000000080002150] R[r 0=0000000000000000] inst=[0000591c] c.lw    a5, 48(a0)
C0:      10859 [1] pc=[0000000080000946] W[r 0=0000000000000000][0] R[r15=0000000000000001] R[r 0=0000000000000000] inst=[0000e399] c.bnez  a5, pc + 6
C0:      10863 [1] pc=[000000008000094c] W[r15=000000008000194c][1] R[r 0=0000000000000000] R[r 0=0000000000000000] inst=[00001797] auipc   a5, 0x1
C0:      10864 [1] pc=[0000000080000950] W[r15=0000000080001fb0][1] R[r15=000000008000194c] R[r 0=0000000000000000] inst=[66478793] addi    a5, a5, 1636
C0:      10865 [1] pc=[0000000080000954] W[r 0=0000000000000000][0] R[r 9=0000000080002440] R[r15=0000000080001fb0] inst=[0cf49e63] bne     s1, a5, pc + 220
C0:      10869 [1] pc=[0000000080000a30] W[r15=0000000080001a30][1] R[r 0=0000000000000000] R[r 0=0000000000000000] inst=[00001797] auipc   a5, 0x1
C0:      10870 [1] pc=[0000000080000a34] W[r15=0000000080001fe8][1] R[r15=0000000080001a30] R[r 0=0000000000000000] inst=[5b878793] addi    a5, a5, 1464
C0:      10871 [1] pc=[0000000080000a38] W[r 0=0000000000000000][0] R[r 9=0000000080002440] R[r15=0000000080001fe8] inst=[00f49563] bne     s1, a5, pc + 10
C0:      10873 [1] pc=[0000000080000a42] W[r15=0000000080001a42][1] R[r 0=0000000000000000] R[r 0=0000000000000000] inst=[00001797] auipc   a5, 0x1
C0:      10874 [1] pc=[0000000080000a46] W[r15=0000000080001f78][1] R[r15=0000000080001a42] R[r 0=0000000000000000] inst=[53678793] addi    a5, a5, 1334
C0:      10875 [1] pc=[0000000080000a4a] W[r 0=0000000000000000][0] R[r 9=0000000080002440] R[r15=0000000080001f78] inst=[f0f499e3] bne     s1, a5, pc - 238
C0:      10879 [1] pc=[000000008000095c] W[r15=0000000000000089][1] R[r 9=0000000080002440] R[r 0=0000000000000000] inst=[0104d783] lhu     a5, 16(s1)
C0:      10882 [1] pc=[0000000080000960] W[r15=0000000000000008][1] R[r15=0000000000000089] R[r 0=0000000000000000] inst=[00008ba1] c.andi  a5, 8
C0:      10883 [1] pc=[0000000080000962] W[r 0=0000000000000000][0] R[r15=0000000000000008] R[r 0=0000000000000000] inst=[0000cbed] c.beqz  a5, pc + 242
C0:      10884 [1] pc=[0000000080000964] W[r15=0000000080002658][1] R[r 9=0000000080002440] R[r 0=0000000000000000] inst=[00006c9c] c.ld    a5, 24(s1)
C0:      10886 [1] pc=[0000000080000966] W[r 0=0000000000000000][0] R[r15=0000000080002658] R[r 0=0000000000000000] inst=[0000c7fd] c.beqz  a5, pc + 238
C0:      10887 [1] pc=[0000000080000968] W[r15=0000000000000020][1] R[r 0=0000000000000000] R[r 0=0000000000000000] inst=[02000793] li      a5, 32
C0:      10888 [1] pc=[000000008000096c] W[r 0=0000000000000000][0] R[r 2=000000008002ae60] R[r15=0000000000000020] inst=[02f104a3] sb      a5, 41(sp)
C0:      10889 [1] pc=[0000000080000970] W[r21=ffffffffffffffff][1] R[r 0=0000000000000000] R[r 0=0000000000000000] inst=[00005afd] c.li    s5, -1
C0:      10890 [1] pc=[0000000080000972] W[r15=0000000000000030][1] R[r 0=0000000000000000] R[r 0=0000000000000000] inst=[03000793] li      a5, 48
C0:      10891 [1] pc=[0000000080000976] W[r 0=0000000000000000][0] R[r 2=000000008002ae60] R[r 0=0000000000000000] inst=[0000d202] c.swsp  zero, 36(sp)
C0:      10892 [1] pc=[0000000080000978] W[r 0=0000000000000000][0] R[r 2=000000008002ae60] R[r15=0000000000000030] inst=[02f10523] sb      a5, 42(sp)
C0:      10893 [1] pc=[000000008000097c] W[r 0=0000000000000000][0] R[r 2=000000008002ae60] R[r 8=000000008002af68] inst=[0000e422] c.sdsp  s0, 8(sp)
C0:      10894 [1] pc=[000000008000097e] W[r23=0000000000000025][1] R[r 0=0000000000000000] R[r 0=0000000000000000] inst=[02500b93] li      s7, 37
C0:      10895 [1] pc=[0000000080000982] W[r24=ffffffff00000000][1] R[r21=ffffffffffffffff] R[r 0=0000000000000000] inst=[020a9c13] slli    s8, s5, 32
C0:      10896 [1] pc=[0000000080000986] W[r22=0000000080001986][1] R[r 0=0000000000000000] R[r 0=0000000000000000] inst=[00001b17] auipc   s6, 0x1
C0:      10897 [1] pc=[000000008000098a] W[r22=0000000080002020][1] R[r22=0000000080001986] R[r 0=0000000000000000] inst=[69ab0b13] addi    s6, s6, 1690
C0:      10898 [1] pc=[000000008000098e] W[r25=0000000000000001][1] R[r 0=0000000000000000] R[r 0=0000000000000000] inst=[00004c85] c.li    s9, 1
C0:      10899 [1] pc=[0000000080000990] W[r 8=0000000080001f28][1] R[r 0=0000000000000000] R[r18=0000000080001f28] inst=[0000844a] c.mv    s0, s2
C0:      10900 [1] pc=[0000000080000992] W[r15=000000000000005d][1] R[r 8=0000000080001f28] R[r 0=0000000000000000] inst=[00044783] lbu     a5, 0(s0)
C0:      10903 [1] pc=[0000000080000996] W[r 0=0000000000000000][0] R[r15=000000000000005d] R[r 0=0000000000000000] inst=[0000c399] c.beqz  a5, pc + 6
C0:      10904 [1] pc=[0000000080000998] W[r 0=0000000000000000][0] R[r15=000000000000005d] R[r23=0000000000000025] inst=[0f779263] bne     a5, s7, pc + 228
C0:      10905 [1] pc=[0000000080000a7c] W[r 8=0000000080001f29][1] R[r 8=0000000080001f28] R[r 0=0000000000000000] inst=[00000405] c.addi  s0, 1
C0:      10906 [1] pc=[0000000080000a7e] W[r 0=0000000080000a80][1] R[r 0=0000000000000000] R[r 0=0000000000000000] inst=[0000bf11] c.j     pc - 236
C0:      10907 [1] pc=[0000000080000992] W[r15=000000000000000a][1] R[r 8=0000000080001f29] R[r 0=0000000000000000] inst=[00044783] lbu     a5, 0(s0)
C0:      10910 [1] pc=[0000000080000996] W[r 0=0000000000000000][0] R[r15=000000000000000a] R[r 0=0000000000000000] inst=[0000c399] c.beqz  a5, pc + 6
C0:      10914 [1] pc=[0000000080000998] W[r 0=0000000000000000][0] R[r15=000000000000000a] R[r23=0000000000000025] inst=[0f779263] bne     a5, s7, pc + 228
C0:      10915 [1] pc=[0000000080000a7c] W[r 8=0000000080001f2a][1] R[r 8=0000000080001f29] R[r 0=0000000000000000] inst=[00000405] c.addi  s0, 1
C0:      10916 [1] pc=[0000000080000a7e] W[r 0=0000000080000a80][1] R[r 0=0000000000000000] R[r 0=0000000000000000] inst=[0000bf11] c.j     pc - 236
C0:      10917 [1] pc=[0000000080000992] W[r15=0000000000000000][1] R[r 8=0000000080001f2a] R[r 0=0000000000000000] inst=[00044783] lbu     a5, 0(s0)
C0:      10920 [1] pc=[0000000080000996] W[r 0=0000000000000000][0] R[r15=0000000000000000] R[r 0=0000000000000000] inst=[0000c399] c.beqz  a5, pc + 6
C0:      10924 [1] pc=[000000008000099c] W[r26=0000000000000002][1] R[r 8=0000000080001f2a] R[r18=0000000080001f28] inst=[41240d3b] subw    s10, s0, s2
C0:      10925 [1] pc=[00000000800009a0] W[r 0=0000000000000000][0] R[r26=0000000000000002] R[r 0=0000000000000000] inst=[000d0e63] beqz    s10, pc + 28
C0:      10926 [1] pc=[00000000800009a4] W[r13=0000000000000002][1] R[r 0=0000000000000000] R[r26=0000000000000002] inst=[000086ea] c.mv    a3, s10
C0:      10927 [1] pc=[00000000800009a6] W[r12=0000000080001f28][1] R[r 0=0000000000000000] R[r18=0000000080001f28] inst=[0000864a] c.mv    a2, s2
C0:      10928 [1] pc=[00000000800009a8] W[r11=0000000080002440][1] R[r 0=0000000000000000] R[r 9=0000000080002440] inst=[000085a6] c.mv    a1, s1
C0:      10929 [1] pc=[00000000800009aa] W[r10=0000000080002150][1] R[r 0=0000000000000000] R[r19=0000000080002150] inst=[0000854e] c.mv    a0, s3
C0:      10930 [1] pc=[00000000800009ac] W[r 1=00000000800009b0][1] R[r 0=0000000000000000] R[r 0=0000000000000000] inst=[f07ff0ef] jal     pc - 0xfa
C0:      10931 [1] pc=[00000000800008b2] W[r 2=000000008002ae30][1] R[r 2=000000008002ae60] R[r 0=0000000000000000] inst=[00007179] c.addi16sp sp, -48
C0:      10932 [1] pc=[00000000800008b4] W[r 0=0000000000000000][0] R[r 2=000000008002ae30] R[r 8=0000000080001f2a] inst=[0000f022] c.sdsp  s0, 32(sp)
C0:      10933 [1] pc=[00000000800008b6] W[r 0=0000000000000000][0] R[r 2=000000008002ae30] R[r 9=0000000080002440] inst=[0000ec26] c.sdsp  s1, 24(sp)
C0:      10934 [1] pc=[00000000800008b8] W[r 0=0000000000000000][0] R[r 2=000000008002ae30] R[r18=0000000080001f28] inst=[0000e84a] c.sdsp  s2, 16(sp)
C0:      10935 [1] pc=[00000000800008ba] W[r 0=0000000000000000][0] R[r 2=000000008002ae30] R[r19=0000000080002150] inst=[0000e44e] c.sdsp  s3, 8(sp)
C0:      10936 [1] pc=[00000000800008bc] W[r 0=0000000000000000][0] R[r 2=000000008002ae30] R[r20=0000000000000000] inst=[0000e052] c.sdsp  s4, 0(sp)
C0:      10937 [1] pc=[00000000800008be] W[r 0=0000000000000000][0] R[r 2=000000008002ae30] R[r 1=00000000800009b0] inst=[0000f406] c.sdsp  ra, 40(sp)
C0:      10938 [1] pc=[00000000800008c0] W[r18=0000000080002150][1] R[r 0=0000000000000000] R[r10=0000000080002150] inst=[0000892a] c.mv    s2, a0
C0:      10939 [1] pc=[00000000800008c2] W[r19=0000000080002440][1] R[r 0=0000000000000000] R[r11=0000000080002440] inst=[000089ae] c.mv    s3, a1
C0:      10940 [1] pc=[00000000800008c4] W[r 8=0000000080001f28][1] R[r 0=0000000000000000] R[r12=0000000080001f28] inst=[00008432] c.mv    s0, a2
C0:      10941 [1] pc=[00000000800008c6] W[r 9=0000000080001f2a][1] R[r12=0000000080001f28] R[r13=0000000000000002] inst=[00d604b3] add     s1, a2, a3
C0:      10942 [1] pc=[00000000800008ca] W[r20=ffffffffffffffff][1] R[r 0=0000000000000000] R[r 0=0000000000000000] inst=[00005a7d] c.li    s4, -1
C0:      10943 [1] pc=[00000000800008cc] W[r 0=0000000000000000][0] R[r 8=0000000080001f28] R[r 9=0000000080001f2a] inst=[00941463] bne     s0, s1, pc + 8
C0:      10944 [1] pc=[00000000800008d4] W[r11=000000000000005d][1] R[r 8=0000000080001f28] R[r 0=0000000000000000] inst=[00044583] lbu     a1, 0(s0)
C0:      10945 [1] pc=[00000000800008d8] W[r12=0000000080002440][1] R[r 0=0000000000000000] R[r19=0000000080002440] inst=[0000864e] c.mv    a2, s3
C0:      10946 [1] pc=[00000000800008da] W[r10=0000000080002150][1] R[r 0=0000000000000000] R[r18=0000000080002150] inst=[0000854a] c.mv    a0, s2
C0:      10947 [1] pc=[00000000800008dc] W[r 1=00000000800008e0][1] R[r 0=0000000000000000] R[r 0=0000000000000000] inst=[fa7ff0ef] jal     pc - 0x5a
C0:      10948 [1] pc=[0000000080000882] W[r15=fffffffffffffff8][1] R[r12=0000000080002440] R[r 0=0000000000000000] inst=[0000465c] c.lw    a5, 12(a2)
C0:      10950 [1] pc=[0000000080000884] W[r15=fffffffffffffff7][1] R[r15=fffffffffffffff8] R[r 0=0000000000000000] inst=[000037fd] c.addiw a5, -1
C0:      10951 [1] pc=[0000000080000886] W[r 0=0000000000000000][0] R[r12=0000000080002440] R[r15=fffffffffffffff7] inst=[0000c65c] c.sw    a5, 12(a2)
C0:      10952 [1] pc=[0000000080000888] W[r13=fffffff700000000][1] R[r15=fffffffffffffff7] R[r 0=0000000000000000] inst=[02079693] slli    a3, a5, 32
C0:      10953 [1] pc=[000000008000088c] W[r14=fffffffffffffff7][1] R[r15=fffffffffffffff7] R[r 0=0000000000000000] inst=[0007871b] sext.w  a4, a5
C0:      10954 [1] pc=[0000000080000890] W[r 0=0000000000000000][0] R[r13=fffffff700000000] R[r 0=0000000000000000] inst=[0006d963] bgez    a3, pc + 18
C0:      10955 [1] pc=[0000000080000894] W[r15=fffffffffffffc00][1] R[r12=0000000080002440] R[r 0=0000000000000000] inst=[0000561c] c.lw    a5, 40(a2)
C0:      10957 [1] pc=[0000000080000896] W[r 0=0000000000000000][0] R[r14=fffffffffffffff7] R[r15=fffffffffffffc00] inst=[00f74563] blt     a4, a5, pc + 10
C0:      10961 [1] pc=[000000008000089a] W[r15=000000000000000a][1] R[r 0=0000000000000000] R[r 0=0000000000000000] inst=[000047a9] c.li    a5, 10
C0:      10962 [1] pc=[000000008000089c] W[r 0=0000000000000000][0] R[r11=000000000000005d] R[r15=000000000000000a] inst=[00f59363] bne     a1, a5, pc + 6
C0:      10963 [1] pc=[00000000800008a2] W[r15=0000000080002660][1] R[r12=0000000080002440] R[r 0=0000000000000000] inst=[0000621c] c.ld    a5, 0(a2)
C0:      10964 [1] pc=[00000000800008a4] W[r10=000000000000005d][1] R[r 0=0000000000000000] R[r11=000000000000005d] inst=[0000852e] c.mv    a0, a1
C0:      10965 [1] pc=[00000000800008a6] W[r14=0000000080002661][1] R[r15=0000000080002660] R[r 0=0000000000000000] inst=[00178713] addi    a4, a5, 1
C0:      10966 [1] pc=[00000000800008aa] W[r 0=0000000000000000][0] R[r12=0000000080002440] R[r14=0000000080002661] inst=[0000e218] c.sd    a4, 0(a2)
C0:      10967 [1] pc=[00000000800008ac] W[r 0=0000000000000000][0] R[r15=0000000080002660] R[r11=000000000000005d] inst=[00b78023] sb      a1, 0(a5)
C0:      10968 [1] pc=[00000000800008b0] W[r 0=00000000800008b2][1] R[r 1=00000000800008e0] R[r 0=0000000000000000] inst=[00008082] ret
C0:      10969 [1] pc=[00000000800008e0] W[r 8=0000000080001f29][1] R[r 8=0000000080001f28] R[r 0=0000000000000000] inst=[00000405] c.addi  s0, 1
C0:      10970 [1] pc=[00000000800008e2] W[r 0=0000000000000000][0] R[r10=000000000000005d] R[r20=ffffffffffffffff] inst=[ff4515e3] bne     a0, s4, pc - 22
C0:      10971 [1] pc=[00000000800008cc] W[r 0=0000000000000000][0] R[r 8=0000000080001f29] R[r 9=0000000080001f2a] inst=[00941463] bne     s0, s1, pc + 8
C0:      10975 [1] pc=[00000000800008d4] W[r11=000000000000000a][1] R[r 8=0000000080001f29] R[r 0=0000000000000000] inst=[00044583] lbu     a1, 0(s0)
C0:      10976 [1] pc=[00000000800008d8] W[r12=0000000080002440][1] R[r 0=0000000000000000] R[r19=0000000080002440] inst=[0000864e] c.mv    a2, s3
C0:      10977 [1] pc=[00000000800008da] W[r10=0000000080002150][1] R[r 0=0000000000000000] R[r18=0000000080002150] inst=[0000854a] c.mv    a0, s2
C0:      10978 [1] pc=[00000000800008dc] W[r 1=00000000800008e0][1] R[r 0=0000000000000000] R[r 0=0000000000000000] inst=[fa7ff0ef] jal     pc - 0x5a
C0:      10979 [1] pc=[0000000080000882] W[r15=fffffffffffffff7][1] R[r12=0000000080002440] R[r 0=0000000000000000] inst=[0000465c] c.lw    a5, 12(a2)
C0:      10981 [1] pc=[0000000080000884] W[r15=fffffffffffffff6][1] R[r15=fffffffffffffff7] R[r 0=0000000000000000] inst=[000037fd] c.addiw a5, -1
C0:      10982 [1] pc=[0000000080000886] W[r 0=0000000000000000][0] R[r12=0000000080002440] R[r15=fffffffffffffff6] inst=[0000c65c] c.sw    a5, 12(a2)
C0:      10983 [1] pc=[0000000080000888] W[r13=fffffff600000000][1] R[r15=fffffffffffffff6] R[r 0=0000000000000000] inst=[02079693] slli    a3, a5, 32
C0:      10984 [1] pc=[000000008000088c] W[r14=fffffffffffffff6][1] R[r15=fffffffffffffff6] R[r 0=0000000000000000] inst=[0007871b] sext.w  a4, a5
C0:      10985 [1] pc=[0000000080000890] W[r 0=0000000000000000][0] R[r13=fffffff600000000] R[r 0=0000000000000000] inst=[0006d963] bgez    a3, pc + 18
C0:      10989 [1] pc=[0000000080000894] W[r15=fffffffffffffc00][1] R[r12=0000000080002440] R[r 0=0000000000000000] inst=[0000561c] c.lw    a5, 40(a2)
C0:      10991 [1] pc=[0000000080000896] W[r 0=0000000000000000][0] R[r14=fffffffffffffff6] R[r15=fffffffffffffc00] inst=[00f74563] blt     a4, a5, pc + 10
C0:      10992 [1] pc=[000000008000089a] W[r15=000000000000000a][1] R[r 0=0000000000000000] R[r 0=0000000000000000] inst=[000047a9] c.li    a5, 10
C0:      10993 [1] pc=[000000008000089c] W[r 0=0000000000000000][0] R[r11=000000000000000a] R[r15=000000000000000a] inst=[00f59363] bne     a1, a5, pc + 6
C0:      10997 [1] pc=[00000000800008a0] W[r 0=00000000800008a2][1] R[r 0=0000000000000000] R[r 0=0000000000000000] inst=[0000a135] c.j     pc + 1068
C0:      11019 [1] pc=[0000000080000ccc] W[r 2=000000008002ae00][1] R[r 2=000000008002ae30] R[r 0=0000000000000000] inst=[00007179] c.addi16sp sp, -48
C0:      11020 [1] pc=[0000000080000cce] W[r 0=0000000000000000][0] R[r 2=000000008002ae00] R[r 8=0000000080001f29] inst=[0000f022] c.sdsp  s0, 32(sp)
C0:      11021 [1] pc=[0000000080000cd0] W[r 0=0000000000000000][0] R[r 2=000000008002ae00] R[r 9=0000000080001f2a] inst=[0000ec26] c.sdsp  s1, 24(sp)
C0:      11022 [1] pc=[0000000080000cd2] W[r 0=0000000000000000][0] R[r 2=000000008002ae00] R[r18=0000000080002150] inst=[0000e84a] c.sdsp  s2, 16(sp)
C0:      11023 [1] pc=[0000000080000cd4] W[r 0=0000000000000000][0] R[r 2=000000008002ae00] R[r 1=00000000800008e0] inst=[0000f406] c.sdsp  ra, 40(sp)
C0:      11024 [1] pc=[0000000080000cd6] W[r 0=0000000000000000][0] R[r 2=000000008002ae00] R[r19=0000000080002440] inst=[0000e44e] c.sdsp  s3, 8(sp)
C0:      11025 [1] pc=[0000000080000cd8] W[r 9=0000000080002150][1] R[r 0=0000000000000000] R[r10=0000000080002150] inst=[000084aa] c.mv    s1, a0
C0:      11026 [1] pc=[0000000080000cda] W[r18=000000000000000a][1] R[r 0=0000000000000000] R[r11=000000000000000a] inst=[0000892e] c.mv    s2, a1
C0:      11027 [1] pc=[0000000080000cdc] W[r 8=0000000080002440][1] R[r 0=0000000000000000] R[r12=0000000080002440] inst=[00008432] c.mv    s0, a2
C0:      11028 [1] pc=[0000000080000cde] W[r 0=0000000000000000][0] R[r10=0000000080002150] R[r 0=0000000000000000] inst=[0000c509] c.beqz  a0, pc + 10
C0:      11029 [1] pc=[0000000080000ce0] W[r15=0000000000000001][1] R[r10=0000000080002150] R[r 0=0000000000000000] inst=[0000591c] c.lw    a5, 48(a0)
C0:      11031 [1] pc=[0000000080000ce2] W[r 0=0000000000000000][0] R[r15=0000000000000001] R[r 0=0000000000000000] inst=[0000e399] c.bnez  a5, pc + 6
C0:      11035 [1] pc=[0000000080000ce8] W[r15=0000000080001ce8][1] R[r 0=0000000000000000] R[r 0=0000000000000000] inst=[00001797] auipc   a5, 0x1
C0:      11036 [1] pc=[0000000080000cec] W[r15=0000000080001fb0][1] R[r15=0000000080001ce8] R[r 0=0000000000000000] inst=[2c878793] addi    a5, a5, 712
C0:      11037 [1] pc=[0000000080000cf0] W[r 0=0000000000000000][0] R[r 8=0000000080002440] R[r15=0000000080001fb0] inst=[06f41a63] bne     s0, a5, pc + 116
C0:      11060 [1] pc=[0000000080000d64] W[r15=0000000080001d64][1] R[r 0=0000000000000000] R[r 0=0000000000000000] inst=[00001797] auipc   a5, 0x1
C0:      11061 [1] pc=[0000000080000d68] W[r15=0000000080001fe8][1] R[r15=0000000080001d64] R[r 0=0000000000000000] inst=[28478793] addi    a5, a5, 644
C0:      11062 [1] pc=[0000000080000d6c] W[r 0=0000000000000000][0] R[r 8=0000000080002440] R[r15=0000000080001fe8] inst=[00f41463] bne     s0, a5, pc + 8
C0:      11066 [1] pc=[0000000080000d74] W[r15=0000000080001d74][1] R[r 0=0000000000000000] R[r 0=0000000000000000] inst=[00001797] auipc   a5, 0x1
C0:      11067 [1] pc=[0000000080000d78] W[r15=0000000080001f78][1] R[r15=0000000080001d74] R[r 0=0000000000000000] inst=[20478793] addi    a5, a5, 516
C0:      11068 [1] pc=[0000000080000d7c] W[r 0=0000000000000000][0] R[r 8=0000000080002440] R[r15=0000000080001f78] inst=[f6f41de3] bne     s0, a5, pc - 134
C0:      11070 [1] pc=[0000000080000cf6] W[r15=fffffffffffffc00][1] R[r 8=0000000080002440] R[r 0=0000000000000000] inst=[0000541c] c.lw    a5, 40(s0)
C0:      11072 [1] pc=[0000000080000cf8] W[r 0=0000000000000000][0] R[r 8=0000000080002440] R[r15=fffffffffffffc00] inst=[0000c45c] c.sw    a5, 12(s0)
C0:      11073 [1] pc=[0000000080000cfa] W[r15=0000000000000089][1] R[r 8=0000000080002440] R[r 0=0000000000000000] inst=[01045783] lhu     a5, 16(s0)
C0:      11076 [1] pc=[0000000080000cfe] W[r15=0000000000000008][1] R[r15=0000000000000089] R[r 0=0000000000000000] inst=[00008ba1] c.andi  a5, 8
C0:      11098 [1] pc=[0000000080000d00] W[r 0=0000000000000000][0] R[r15=0000000000000008] R[r 0=0000000000000000] inst=[0000c3d1] c.beqz  a5, pc + 132
C0:      11102 [1] pc=[0000000080000d02] W[r15=0000000080002658][1] R[r 8=0000000080002440] R[r 0=0000000000000000] inst=[00006c1c] c.ld    a5, 24(s0)
C0:      11104 [1] pc=[0000000080000d04] W[r 0=0000000000000000][0] R[r15=0000000080002658] R[r 0=0000000000000000] inst=[0000c3c1] c.beqz  a5, pc + 128
C0:      11105 [1] pc=[0000000080000d06] W[r15=0000000080002658][1] R[r 8=0000000080002440] R[r 0=0000000000000000] inst=[00006c1c] c.ld    a5, 24(s0)
C0:      11106 [1] pc=[0000000080000d08] W[r10=0000000080002661][1] R[r 8=0000000080002440] R[r 0=0000000000000000] inst=[00006008] c.ld    a0, 0(s0)
C0:      11107 [1] pc=[0000000080000d0a] W[r19=000000000000000a][1] R[r18=000000000000000a] R[r 0=0000000000000000] inst=[0ff97993] andi    s3, s2, 255
C0:      11108 [1] pc=[0000000080000d0e] W[r18=000000000000000a][1] R[r 0=0000000000000000] R[r19=000000000000000a] inst=[0000894e] c.mv    s2, s3
C0:      11109 [1] pc=[0000000080000d10] W[r10=0000000000000009][1] R[r10=0000000080002661] R[r15=0000000080002658] inst=[00009d1d] c.subw  a0, a5
C0:      11110 [1] pc=[0000000080000d12] W[r15=0000000000000400][1] R[r 8=0000000080002440] R[r 0=0000000000000000] inst=[0000501c] c.lw    a5, 32(s0)
C0:      11112 [1] pc=[0000000080000d14] W[r 0=0000000000000000][0] R[r10=0000000000000009] R[r15=0000000000000400] inst=[00f54763] blt     a0, a5, pc + 14
C0:      11116 [1] pc=[0000000080000d22] W[r15=fffffffffffffc00][1] R[r 8=0000000080002440] R[r 0=0000000000000000] inst=[0000445c] c.lw    a5, 12(s0)
C0:      11117 [1] pc=[0000000080000d24] W[r10=000000000000000a][1] R[r10=0000000000000009] R[r 0=0000000000000000] inst=[00002505] c.addiw a0, 1
C0:      11118 [1] pc=[0000000080000d26] W[r15=fffffffffffffbff][1] R[r15=fffffffffffffc00] R[r 0=0000000000000000] inst=[000037fd] c.addiw a5, -1
C0:      11119 [1] pc=[0000000080000d28] W[r 0=0000000000000000][0] R[r 8=0000000080002440] R[r15=fffffffffffffbff] inst=[0000c45c] c.sw    a5, 12(s0)
C0:      11120 [1] pc=[0000000080000d2a] W[r15=0000000080002661][1] R[r 8=0000000080002440] R[r 0=0000000000000000] inst=[0000601c] c.ld    a5, 0(s0)
C0:      11122 [1] pc=[0000000080000d2c] W[r14=0000000080002662][1] R[r15=0000000080002661] R[r 0=0000000000000000] inst=[00178713] addi    a4, a5, 1
C0:      11123 [1] pc=[0000000080000d30] W[r 0=0000000000000000][0] R[r 8=0000000080002440] R[r14=0000000080002662] inst=[0000e018] c.sd    a4, 0(s0)
C0:      11124 [1] pc=[0000000080000d32] W[r 0=0000000000000000][0] R[r15=0000000080002661] R[r19=000000000000000a] inst=[01378023] sb      s3, 0(a5)
C0:      11125 [1] pc=[0000000080000d36] W[r15=0000000000000400][1] R[r 8=0000000080002440] R[r 0=0000000000000000] inst=[0000501c] c.lw    a5, 32(s0)
C0:      11127 [1] pc=[0000000080000d38] W[r 0=0000000000000000][0] R[r15=0000000000000400] R[r10=000000000000000a] inst=[00a78963] beq     a5, a0, pc + 18
C0:      11128 [1] pc=[0000000080000d3c] W[r15=0000000000000089][1] R[r 8=0000000080002440] R[r 0=0000000000000000] inst=[01045783] lhu     a5, 16(s0)
C0:      11131 [1] pc=[0000000080000d40] W[r15=0000000000000001][1] R[r15=0000000000000089] R[r 0=0000000000000000] inst=[00008b85] c.andi  a5, 1
C0:      11132 [1] pc=[0000000080000d42] W[r 0=0000000000000000][0] R[r15=0000000000000001] R[r 0=0000000000000000] inst=[0000cb89] c.beqz  a5, pc + 18
C0:      11133 [1] pc=[0000000080000d44] W[r15=000000000000000a][1] R[r 0=0000000000000000] R[r 0=0000000000000000] inst=[000047a9] c.li    a5, 10
C0:      11134 [1] pc=[0000000080000d46] W[r 0=0000000000000000][0] R[r18=000000000000000a] R[r15=000000000000000a] inst=[00f91763] bne     s2, a5, pc + 14
C0:      11135 [1] pc=[0000000080000d4a] W[r11=0000000080002440][1] R[r 0=0000000000000000] R[r 8=0000000080002440] inst=[000085a2] c.mv    a1, s0
C0:      11136 [1] pc=[0000000080000d4c] W[r10=0000000080002150][1] R[r 0=0000000000000000] R[r 9=0000000080002150] inst=[00008526] c.mv    a0, s1
C0:      11137 [1] pc=[0000000080000d4e] W[r 1=0000000080000d52][1] R[r 0=0000000000000000] R[r 0=0000000000000000] inst=[2f4000ef] jal     pc + 0x2f4
C0:      11159 [1] pc=[0000000080001042] W[r15=0000000080002658][1] R[r11=0000000080002440] R[r 0=0000000000000000] inst=[00006d9c] c.ld    a5, 24(a1)
C0:      11161 [1] pc=[0000000080001044] W[r 0=0000000000000000][0] R[r15=0000000080002658] R[r 0=0000000000000000] inst=[0000c3a5] c.beqz  a5, pc + 96
C0:      11162 [1] pc=[0000000080001046] W[r 2=000000008002ade0][1] R[r 2=000000008002ae00] R[r 0=0000000000000000] inst=[00001101] c.addi  sp, -32
C0:      11163 [1] pc=[0000000080001048] W[r 0=0000000000000000][0] R[r 2=000000008002ade0] R[r 8=0000000080002440] inst=[0000e822] c.sdsp  s0, 16(sp)
C0:      11164 [1] pc=[000000008000104a] W[r 0=0000000000000000][0] R[r 2=000000008002ade0] R[r 1=0000000080000d52] inst=[0000ec06] c.sdsp  ra, 24(sp)
C0:      11165 [1] pc=[000000008000104c] W[r 8=0000000080002150][1] R[r 0=0000000000000000] R[r10=0000000080002150] inst=[0000842a] c.mv    s0, a0
C0:      11166 [1] pc=[000000008000104e] W[r 0=0000000000000000][0] R[r10=0000000080002150] R[r 0=0000000000000000] inst=[0000c519] c.beqz  a0, pc + 14
C0:      11167 [1] pc=[0000000080001050] W[r15=0000000000000001][1] R[r10=0000000080002150] R[r 0=0000000000000000] inst=[0000591c] c.lw    a5, 48(a0)
C0:      11169 [1] pc=[0000000080001052] W[r 0=0000000000000000][0] R[r15=0000000000000001] R[r 0=0000000000000000] inst=[0000e789] c.bnez  a5, pc + 10
C0:      11170 [1] pc=[000000008000105c] W[r15=000000008000205c][1] R[r 0=0000000000000000] R[r 0=0000000000000000] inst=[00001797] auipc   a5, 0x1
C0:      11171 [1] pc=[0000000080001060] W[r15=0000000080001fb0][1] R[r15=000000008000205c] R[r 0=0000000000000000] inst=[f5478793] addi    a5, a5, -172
C0:      11172 [1] pc=[0000000080001064] W[r 0=0000000000000000][0] R[r11=0000000080002440] R[r15=0000000080001fb0] inst=[00f59b63] bne     a1, a5, pc + 22
C0:      11177 [1] pc=[000000008000107a] W[r15=000000008000207a][1] R[r 0=0000000000000000] R[r 0=0000000000000000] inst=[00001797] auipc   a5, 0x1
C0:      11200 [1] pc=[000000008000107e] W[r15=0000000080001fe8][1] R[r15=000000008000207a] R[r 0=0000000000000000] inst=[f6e78793] addi    a5, a5, -146
C0:      11201 [1] pc=[0000000080001082] W[r 0=0000000000000000][0] R[r11=0000000080002440] R[r15=0000000080001fe8] inst=[00f59463] bne     a1, a5, pc + 8
C0:      11206 [1] pc=[000000008000108a] W[r15=000000008000208a][1] R[r 0=0000000000000000] R[r 0=0000000000000000] inst=[00001797] auipc   a5, 0x1
C0:      11207 [1] pc=[000000008000108e] W[r15=0000000080001f78][1] R[r15=000000008000208a] R[r 0=0000000000000000] inst=[eee78793] addi    a5, a5, -274
C0:      11208 [1] pc=[0000000080001092] W[r 0=0000000000000000][0] R[r11=0000000080002440] R[r15=0000000080001f78] inst=[fcf59ce3] bne     a1, a5, pc - 40
C0:      11211 [1] pc=[000000008000106a] W[r15=0000000000000089][1] R[r11=0000000080002440] R[r 0=0000000000000000] inst=[01059783] lh      a5, 16(a1)
C0:      11214 [1] pc=[000000008000106e] W[r 0=0000000000000000][0] R[r15=0000000000000089] R[r 0=0000000000000000] inst=[0000c795] c.beqz  a5, pc + 44
C0:      11215 [1] pc=[0000000080001070] W[r10=0000000080002150][1] R[r 0=0000000000000000] R[r 8=0000000080002150] inst=[00008522] c.mv    a0, s0
C0:      11216 [1] pc=[0000000080001072] W[r 8=0000000080002440][1] R[r 2=000000008002ade0] R[r 0=0000000000000000] inst=[00006442] c.ldsp  s0, 16(sp)
C0:      11217 [1] pc=[0000000080001074] W[r 1=0000000080000d52][1] R[r 2=000000008002ade0] R[r 0=0000000000000000] inst=[000060e2] c.ldsp  ra, 24(sp)
C0:      11218 [1] pc=[0000000080001076] W[r 2=000000008002ae00][1] R[r 2=000000008002ade0] R[r 0=0000000000000000] inst=[00006105] c.addi16sp sp, 32
C0:      11219 [1] pc=[0000000080001078] W[r 0=000000008000107a][1] R[r 0=0000000000000000] R[r 0=0000000000000000] inst=[0000b571] c.j     pc - 372
C0:      11241 [1] pc=[0000000080000f04] W[r15=0000000000000089][1] R[r11=0000000080002440] R[r 0=0000000000000000] inst=[0105d783] lhu     a5, 16(a1)
C0:      11242 [1] pc=[0000000080000f08] W[r 2=000000008002add0][1] R[r 2=000000008002ae00] R[r 0=0000000000000000] inst=[00007179] c.addi16sp sp, -48
C0:      11243 [1] pc=[0000000080000f0a] W[r 0=0000000000000000][0] R[r 2=000000008002add0] R[r 8=0000000080002440] inst=[0000f022] c.sdsp  s0, 32(sp)
C0:      11244 [1] pc=[0000000080000f0c] W[r 0=0000000000000000][0] R[r 2=000000008002add0] R[r 9=0000000080002150] inst=[0000ec26] c.sdsp  s1, 24(sp)
C0:      11245 [1] pc=[0000000080000f0e] W[r 0=0000000000000000][0] R[r 2=000000008002add0] R[r 1=0000000080000d52] inst=[0000f406] c.sdsp  ra, 40(sp)
C0:      11246 [1] pc=[0000000080000f10] W[r 0=0000000000000000][0] R[r 2=000000008002add0] R[r18=000000000000000a] inst=[0000e84a] c.sdsp  s2, 16(sp)
C0:      11247 [1] pc=[0000000080000f12] W[r 0=0000000000000000][0] R[r 2=000000008002add0] R[r19=000000000000000a] inst=[0000e44e] c.sdsp  s3, 8(sp)
C0:      11248 [1] pc=[0000000080000f14] W[r14=0000000000000008][1] R[r15=0000000000000089] R[r 0=0000000000000000] inst=[0087f713] andi    a4, a5, 8
C0:      11249 [1] pc=[0000000080000f18] W[r 9=0000000080002150][1] R[r 0=0000000000000000] R[r10=0000000080002150] inst=[000084aa] c.mv    s1, a0
C0:      11250 [1] pc=[0000000080000f1a] W[r 8=0000000080002440][1] R[r 0=0000000000000000] R[r11=0000000080002440] inst=[0000842e] c.mv    s0, a1
C0:      11251 [1] pc=[0000000080000f1c] W[r 0=0000000000000000][0] R[r14=0000000000000008] R[r 0=0000000000000000] inst=[0000ef79] c.bnez  a4, pc + 222
C0:      11274 [1] pc=[0000000080000ffa] W[r19=0000000080002658][1] R[r11=0000000080002440] R[r 0=0000000000000000] inst=[0185b983] ld      s3, 24(a1)
C0:      11297 [1] pc=[0000000080000ffe] W[r 0=0000000000000000][0] R[r19=0000000080002658] R[r 0=0000000000000000] inst=[f20986e3] beqz    s3, pc - 212
C0:      11298 [1] pc=[0000000080001002] W[r18=0000000080002662][1] R[r11=0000000080002440] R[r 0=0000000000000000] inst=[0005b903] ld      s2, 0(a1)
C0:      11299 [1] pc=[0000000080001006] W[r15=0000000000000001][1] R[r15=0000000000000089] R[r 0=0000000000000000] inst=[00008b8d] c.andi  a5, 3
C0:      11300 [1] pc=[0000000080001008] W[r 0=0000000000000000][0] R[r11=0000000080002440] R[r19=0000000080002658] inst=[0135b023] sd      s3, 0(a1)
C0:      11301 [1] pc=[000000008000100c] W[r18=000000000000000a][1] R[r18=0000000080002662] R[r19=0000000080002658] inst=[4139093b] subw    s2, s2, s3
C0:      11302 [1] pc=[0000000080001010] W[r14=0000000000000000][1] R[r 0=0000000000000000] R[r 0=0000000000000000] inst=[00004701] c.li    a4, 0
C0:      11303 [1] pc=[0000000080001012] W[r 0=0000000000000000][0] R[r15=0000000000000001] R[r 0=0000000000000000] inst=[0000e391] c.bnez  a5, pc + 4
C0:      11307 [1] pc=[0000000080001016] W[r 0=0000000000000000][0] R[r 8=0000000080002440] R[r14=0000000000000000] inst=[0000c458] c.sw    a4, 12(s0)
C0:      11308 [1] pc=[0000000080001018] W[r 0=0000000000000000][0] R[r 0=0000000000000000] R[r18=000000000000000a] inst=[f12059e3] bge     zero, s2, pc - 238
C0:      11309 [1] pc=[000000008000101c] W[r15=0000000080000c3e][1] R[r 8=0000000080002440] R[r 0=0000000000000000] inst=[0000643c] c.ld    a5, 72(s0)
C0:      11310 [1] pc=[000000008000101e] W[r11=0000000080002440][1] R[r 8=0000000080002440] R[r 0=0000000000000000] inst=[00007c0c] c.ld    a1, 56(s0)
C0:      11311 [1] pc=[0000000080001020] W[r13=000000000000000a][1] R[r 0=0000000000000000] R[r18=000000000000000a] inst=[000086ca] c.mv    a3, s2
C0:      11312 [1] pc=[0000000080001022] W[r12=0000000080002658][1] R[r 0=0000000000000000] R[r19=0000000080002658] inst=[0000864e] c.mv    a2, s3
C0:      11313 [1] pc=[0000000080001024] W[r10=0000000080002150][1] R[r 0=0000000000000000] R[r 9=0000000080002150] inst=[00008526] c.mv    a0, s1
C0:      11314 [1] pc=[0000000080001026] W[r 1=0000000080001028][1] R[r15=0000000080000c3e] R[r 0=0000000000000000] inst=[00009782] c.jalr  a5
C0:      11341 [1] pc=[0000000080000c3e] W[r15=0000000000000089][1] R[r11=0000000080002440] R[r 0=0000000000000000] inst=[0105d783] lhu     a5, 16(a1)
C0:      11342 [1] pc=[0000000080000c42] W[r 2=000000008002ada0][1] R[r 2=000000008002add0] R[r 0=0000000000000000] inst=[00007179] c.addi16sp sp, -48
C0:      11343 [1] pc=[0000000080000c44] W[r 0=0000000000000000][0] R[r 2=000000008002ada0] R[r 8=0000000080002440] inst=[0000f022] c.sdsp  s0, 32(sp)
C0:      11344 [1] pc=[0000000080000c46] W[r 0=0000000000000000][0] R[r 2=000000008002ada0] R[r 9=0000000080002150] inst=[0000ec26] c.sdsp  s1, 24(sp)
C0:      11345 [1] pc=[0000000080000c48] W[r 0=0000000000000000][0] R[r 2=000000008002ada0] R[r18=000000000000000a] inst=[0000e84a] c.sdsp  s2, 16(sp)
C0:      11346 [1] pc=[0000000080000c4a] W[r 0=0000000000000000][0] R[r 2=000000008002ada0] R[r19=0000000080002658] inst=[0000e44e] c.sdsp  s3, 8(sp)
C0:      11347 [1] pc=[0000000080000c4c] W[r 0=0000000000000000][0] R[r 2=000000008002ada0] R[r 1=0000000080001028] inst=[0000f406] c.sdsp  ra, 40(sp)
C0:      11348 [1] pc=[0000000080000c4e] W[r15=0000000000000000][1] R[r15=0000000000000089] R[r 0=0000000000000000] inst=[1007f793] andi    a5, a5, 256
C0:      11349 [1] pc=[0000000080000c52] W[r 9=0000000080002150][1] R[r 0=0000000000000000] R[r10=0000000080002150] inst=[000084aa] c.mv    s1, a0
C0:      11350 [1] pc=[0000000080000c54] W[r 8=0000000080002440][1] R[r 0=0000000000000000] R[r11=0000000080002440] inst=[0000842e] c.mv    s0, a1
C0:      11351 [1] pc=[0000000080000c56] W[r18=0000000080002658][1] R[r 0=0000000000000000] R[r12=0000000080002658] inst=[00008932] c.mv    s2, a2
C0:      11352 [1] pc=[0000000080000c58] W[r19=000000000000000a][1] R[r 0=0000000000000000] R[r13=000000000000000a] inst=[000089b6] c.mv    s3, a3
C0:      11353 [1] pc=[0000000080000c5a] W[r 0=0000000000000000][0] R[r15=0000000000000000] R[r 0=0000000000000000] inst=[0000c799] c.beqz  a5, pc + 14
C0:      11357 [1] pc=[0000000080000c68] W[r15=0000000000000089][1] R[r 8=0000000080002440] R[r 0=0000000000000000] inst=[01045783] lhu     a5, 16(s0)
C0:      11358 [1] pc=[0000000080000c6c] W[r14=fffffffffffff000][1] R[r 0=0000000000000000] R[r 0=0000000000000000] inst=[0000777d] c.lui   a4, 0xfffff
C0:      11359 [1] pc=[0000000080000c6e] W[r14=ffffffffffffefff][1] R[r14=fffffffffffff000] R[r 0=0000000000000000] inst=[0000177d] c.addi  a4, -1
C0:      11360 [1] pc=[0000000080000c70] W[r15=0000000000000089][1] R[r15=0000000000000089] R[r14=ffffffffffffefff] inst=[00008ff9] c.and   a5, a4
C0:      11361 [1] pc=[0000000080000c72] W[r11=0000000000000001][1] R[r 8=0000000080002440] R[r 0=0000000000000000] inst=[01241583] lh      a1, 18(s0)
C0:      11362 [1] pc=[0000000080000c76] W[r 0=0000000000000000][0] R[r 8=0000000080002440] R[r15=0000000000000089] inst=[00f41823] sh      a5, 16(s0)
C0:      11363 [1] pc=[0000000080000c7a] W[r 8=0000000080002440][1] R[r 2=000000008002ada0] R[r 0=0000000000000000] inst=[00007402] c.ldsp  s0, 32(sp)
C0:      11364 [1] pc=[0000000080000c7c] W[r 1=0000000080001028][1] R[r 2=000000008002ada0] R[r 0=0000000000000000] inst=[000070a2] c.ldsp  ra, 40(sp)
C0:      11365 [1] pc=[0000000080000c7e] W[r13=000000000000000a][1] R[r 0=0000000000000000] R[r19=000000000000000a] inst=[000086ce] c.mv    a3, s3
C0:      11387 [1] pc=[0000000080000c80] W[r12=0000000080002658][1] R[r 0=0000000000000000] R[r18=0000000080002658] inst=[0000864a] c.mv    a2, s2
C0:      11388 [1] pc=[0000000080000c82] W[r19=0000000080002658][1] R[r 2=000000008002ada0] R[r 0=0000000000000000] inst=[000069a2] c.ldsp  s3, 8(sp)
C0:      11389 [1] pc=[0000000080000c84] W[r18=000000000000000a][1] R[r 2=000000008002ada0] R[r 0=0000000000000000] inst=[00006942] c.ldsp  s2, 16(sp)
C0:      11390 [1] pc=[0000000080000c86] W[r10=0000000080002150][1] R[r 0=0000000000000000] R[r 9=0000000080002150] inst=[00008526] c.mv    a0, s1
C0:      11391 [1] pc=[0000000080000c88] W[r 9=0000000080002150][1] R[r 2=000000008002ada0] R[r 0=0000000000000000] inst=[000064e2] c.ldsp  s1, 24(sp)
C0:      11392 [1] pc=[0000000080000c8a] W[r 2=000000008002add0][1] R[r 2=000000008002ada0] R[r 0=0000000000000000] inst=[00006145] c.addi16sp sp, 48
C0:      11393 [1] pc=[0000000080000c8c] W[r 0=0000000080000c8e][1] R[r 0=0000000000000000] R[r 0=0000000000000000] inst=[0000aa11] c.j     pc + 276
C0:      11415 [1] pc=[0000000080000da0] W[r 2=000000008002adc0][1] R[r 2=000000008002add0] R[r 0=0000000000000000] inst=[00001141] c.addi  sp, -16
C0:      11416 [1] pc=[0000000080000da2] W[r 0=0000000000000000][0] R[r 2=000000008002adc0] R[r 8=0000000080002440] inst=[0000e022] c.sdsp  s0, 0(sp)
C0:      11417 [1] pc=[0000000080000da4] W[r 8=0000000080002150][1] R[r 0=0000000000000000] R[r10=0000000080002150] inst=[0000842a] c.mv    s0, a0
C0:      11418 [1] pc=[0000000080000da6] W[r10=0000000000000001][1] R[r 0=0000000000000000] R[r11=0000000000000001] inst=[0000852e] c.mv    a0, a1
C0:      11419 [1] pc=[0000000080000da8] W[r11=0000000080002658][1] R[r 0=0000000000000000] R[r12=0000000080002658] inst=[000085b2] c.mv    a1, a2
C0:      11420 [1] pc=[0000000080000daa] W[r12=000000000000000a][1] R[r 0=0000000000000000] R[r13=000000000000000a] inst=[00008636] c.mv    a2, a3
C0:      11421 [1] pc=[0000000080000dac] W[r 0=0000000000000000][0] R[r 3=0000000080002a00] R[r 0=0000000000000000] inst=[9601a423] sw      zero, -1688(gp)
C0:      11422 [1] pc=[0000000080000db0] W[r 0=0000000000000000][0] R[r 2=000000008002adc0] R[r 1=0000000080001028] inst=[0000e406] c.sdsp  ra, 8(sp)
C0:      11423 [1] pc=[0000000080000db2] W[r 1=0000000080000db6][1] R[r 0=0000000000000000] R[r 0=0000000000000000] inst=[67b000ef] jal     pc + 0xe7a
C0:      11424 [1] pc=[0000000080001c2c] W[r13=0000000000000040][1] R[r 0=0000000000000000] R[r 0=0000000000000000] inst=[04000693] li      a3, 64
C0:      11425 [1] pc=[0000000080001c30] W[r 0=0000000080001c32][1] R[r 0=0000000000000000] R[r 0=0000000000000000] inst=[0000a0b9] c.j     pc + 78
C0:      11426 [1] pc=[0000000080001c7e] W[r 2=000000008002ad80][1] R[r 2=000000008002adc0] R[r 0=0000000000000000] inst=[00007139] c.addi16sp sp, -64
C0:      11448 [1] pc=[0000000080001c80] W[r 0=0000000000000000][0] R[r 2=000000008002ad80] R[r13=0000000000000040] inst=[0000e036] c.sdsp  a3, 0(sp)
C0:      11449 [1] pc=[0000000080001c82] W[r 0=0000000000000000][0] R[r 2=000000008002ad80] R[r10=0000000000000001] inst=[0000e42a] c.sdsp  a0, 8(sp)
C0:      11450 [1] pc=[0000000080001c84] W[r 0=0000000000000000][0] R[r 2=000000008002ad80] R[r11=0000000080002658] inst=[0000e82e] c.sdsp  a1, 16(sp)
C0:      11451 [1] pc=[0000000080001c86] W[r15=ffffffffffffffff][1] R[r 0=0000000000000000] R[r 0=0000000000000000] inst=[000057fd] c.li    a5, -1
C0:      11452 [1] pc=[0000000080001c88] W[r 0=0000000000000000][0] R[r 2=000000008002ad80] R[r12=000000000000000a] inst=[0000ec32] c.sdsp  a2, 24(sp)
C0:      11453 [1] pc=[0000000080001c8a] W[r15=0000ffffffffffff][1] R[r15=ffffffffffffffff] R[r 0=0000000000000000] inst=[000083c1] c.srli  a5, 16
C0:      11454 [1] pc=[0000000080001c8c] W[r12=000000008002ad80][1] R[r 0=0000000000000000] R[r 2=000000008002ad80] inst=[0000860a] c.mv    a2, sp
C0:      11455 [1] pc=[0000000080001c8e] W[r12=000000008002ad80][1] R[r12=000000008002ad80] R[r15=0000ffffffffffff] inst=[00008e7d] c.and   a2, a5
C0:      11456 [1] pc=[0000000080001c90] W[r14=0000000080002230][1] R[r 3=0000000080002a00] R[r 0=0000000000000000] inst=[83018713] addi    a4, gp, -2000
C0:      11457 [1] pc=[0000000080001c94] W[r13=ffffffffffffffff][1] R[r 0=0000000000000000] R[r 0=0000000000000000] inst=[000056fd] c.li    a3, -1
C0:      11458 [1] pc=[0000000080001c96] W[r15=0000000000000000][1] R[r14=0000000080002230] R[r 0=0000000000000000] inst=[0000431c] c.lw    a5, 0(a4)
C0:      11460 [1] pc=[0000000080001c98] W[r15=0000000000000000][1] R[r15=0000000000000000] R[r 0=0000000000000000] inst=[00002781] c.addiw a5, 0
C0:      11461 [1] pc=[0000000080001c9a] W[r 0=0000000000000000][0] R[r15=0000000000000000] R[r 0=0000000000000000] inst=[0000fff5] c.bnez  a5, pc - 4
C0:      11462 [1] pc=[0000000080001c9c] W[r15=0000000000000000][1] R[r14=0000000080002230] R[r13=ffffffffffffffff] inst=[0cd727af] amoswap.w a5, a3, (a4)
C0:      11464 [1] pc=[0000000080001ca0] W[r 0=0000000000000000][0] R[r15=0000000000000000] R[r 0=0000000000000000] inst=[0000fbfd] c.bnez  a5, pc - 10
C0:      11469 [1] pc=[0000000080001ca2] W[r 0=0000000000000000][0] R[r 0=0000000000000000] R[r 0=0000000000000000] inst=[0110000f] fence   w,w
C0:      11470 [1] pc=[0000000080001ca6] W[r13=0000000080001ca6][1] R[r 0=0000000000000000] R[r 0=0000000000000000] inst=[00000697] auipc   a3, 0x0
C0:      11471 [1] pc=[0000000080001caa] W[r13=0000000080002140][1] R[r13=0000000080001ca6] R[r 0=0000000000000000] inst=[49a68693] addi    a3, a3, 1178
C0:      11481 [1] pc=[0000000080001cae] W[r 0=0000000000000000][0] R[r13=0000000080002140] R[r12=000000008002ad80] inst=[0000e290] c.sd    a2, 0(a3)
C0:      11482 [1] pc=[0000000080001cb0] W[r15=0000000000000000][1] R[r13=0000000080002140] R[r 0=0000000000000000] inst=[0000669c] c.ld    a5, 8(a3)
C0:      11484 [1] pc=[0000000080001cb2] W[r 0=0000000000000000][0] R[r15=0000000000000000] R[r 0=0000000000000000] inst=[0000dffd] c.beqz  a5, pc - 2
C0:      11488 [1] pc=[0000000080001cb0] W[r15=0000000000000000][1] R[r13=0000000080002140] R[r 0=0000000000000000] inst=[0000669c] c.ld    a5, 8(a3)
C0:      11490 [1] pc=[0000000080001cb2] W[r 0=0000000000000000][0] R[r15=0000000000000000] R[r 0=0000000000000000] inst=[0000dffd] c.beqz  a5, pc - 2
C0:      11494 [1] pc=[0000000080001cb0] W[r15=0000000000000000][1] R[r13=0000000080002140] R[r 0=0000000000000000] inst=[0000669c] c.ld    a5, 8(a3)
C0:      11496 [1] pc=[0000000080001cb2] W[r 0=0000000000000000][0] R[r15=0000000000000000] R[r 0=0000000000000000] inst=[0000dffd] c.beqz  a5, pc - 2
C0:      11500 [1] pc=[0000000080001cb0] W[r15=0000000000000000][1] R[r13=0000000080002140] R[r 0=0000000000000000] inst=[0000669c] c.ld    a5, 8(a3)
C0:      11502 [1] pc=[0000000080001cb2] W[r 0=0000000000000000][0] R[r15=0000000000000000] R[r 0=0000000000000000] inst=[0000dffd] c.beqz  a5, pc - 2
C0:      11519 [1] pc=[0000000080001cb0] W[r15=0000000000000000][1] R[r13=0000000080002140] R[r 0=0000000000000000] inst=[0000669c] c.ld    a5, 8(a3)
C0:      11521 [1] pc=[0000000080001cb2] W[r 0=0000000000000000][0] R[r15=0000000000000000] R[r 0=0000000000000000] inst=[0000dffd] c.beqz  a5, pc - 2
C0:      11522 [1] pc=[0000000080001cb0] W[r15=0000000000000000][1] R[r13=0000000080002140] R[r 0=0000000000000000] inst=[0000669c] c.ld    a5, 8(a3)
C0:      11524 [1] pc=[0000000080001cb2] W[r 0=0000000000000000][0] R[r15=0000000000000000] R[r 0=0000000000000000] inst=[0000dffd] c.beqz  a5, pc - 2
C0:      11525 [1] pc=[0000000080001cb0] W[r15=0000000000000000][1] R[r13=0000000080002140] R[r 0=0000000000000000] inst=[0000669c] c.ld    a5, 8(a3)
C0:      11527 [1] pc=[0000000080001cb2] W[r 0=0000000000000000][0] R[r15=0000000000000000] R[r 0=0000000000000000] inst=[0000dffd] c.beqz  a5, pc - 2
C0:      11528 [1] pc=[0000000080001cb0] W[r15=0000000000000000][1] R[r13=0000000080002140] R[r 0=0000000000000000] inst=[0000669c] c.ld    a5, 8(a3)
C0:      11530 [1] pc=[0000000080001cb2] W[r 0=0000000000000000][0] R[r15=0000000000000000] R[r 0=0000000000000000] inst=[0000dffd] c.beqz  a5, pc - 2
C0:      11531 [1] pc=[0000000080001cb0] W[r15=0000000000000000][1] R[r13=0000000080002140] R[r 0=0000000000000000] inst=[0000669c] c.ld    a5, 8(a3)
C0:      11533 [1] pc=[0000000080001cb2] W[r 0=0000000000000000][0] R[r15=0000000000000000] R[r 0=0000000000000000] inst=[0000dffd] c.beqz  a5, pc - 2
C0:      11534 [1] pc=[0000000080001cb0] W[r15=0000000000000000][1] R[r13=0000000080002140] R[r 0=0000000000000000] inst=[0000669c] c.ld    a5, 8(a3)
C0:      11536 [1] pc=[0000000080001cb2] W[r 0=0000000000000000][0] R[r15=0000000000000000] R[r 0=0000000000000000] inst=[0000dffd] c.beqz  a5, pc - 2
C0:      11537 [1] pc=[0000000080001cb0] W[r15=0000000000000000][1] R[r13=0000000080002140] R[r 0=0000000000000000] inst=[0000669c] c.ld    a5, 8(a3)
C0:      11539 [1] pc=[0000000080001cb2] W[r 0=0000000000000000][0] R[r15=0000000000000000] R[r 0=0000000000000000] inst=[0000dffd] c.beqz  a5, pc - 2
C0:      11540 [1] pc=[0000000080001cb0] W[r15=0000000000000000][1] R[r13=0000000080002140] R[r 0=0000000000000000] inst=[0000669c] c.ld    a5, 8(a3)
C0:      11542 [1] pc=[0000000080001cb2] W[r 0=0000000000000000][0] R[r15=0000000000000000] R[r 0=0000000000000000] inst=[0000dffd] c.beqz  a5, pc - 2
C0:      11543 [1] pc=[0000000080001cb0] W[r15=0000000000000000][1] R[r13=0000000080002140] R[r 0=0000000000000000] inst=[0000669c] c.ld    a5, 8(a3)
C0:      11545 [1] pc=[0000000080001cb2] W[r 0=0000000000000000][0] R[r15=0000000000000000] R[r 0=0000000000000000] inst=[0000dffd] c.beqz  a5, pc - 2
C0:      11546 [1] pc=[0000000080001cb0] W[r15=0000000000000000][1] R[r13=0000000080002140] R[r 0=0000000000000000] inst=[0000669c] c.ld    a5, 8(a3)
C0:      11548 [1] pc=[0000000080001cb2] W[r 0=0000000000000000][0] R[r15=0000000000000000] R[r 0=0000000000000000] inst=[0000dffd] c.beqz  a5, pc - 2
C0:      11549 [1] pc=[0000000080001cb0] W[r15=0000000000000000][1] R[r13=0000000080002140] R[r 0=0000000000000000] inst=[0000669c] c.ld    a5, 8(a3)
C0:      11551 [1] pc=[0000000080001cb2] W[r 0=0000000000000000][0] R[r15=0000000000000000] R[r 0=0000000000000000] inst=[0000dffd] c.beqz  a5, pc - 2
C0:      11552 [1] pc=[0000000080001cb0] W[r15=0000000000000000][1] R[r13=0000000080002140] R[r 0=0000000000000000] inst=[0000669c] c.ld    a5, 8(a3)
C0:      11554 [1] pc=[0000000080001cb2] W[r 0=0000000000000000][0] R[r15=0000000000000000] R[r 0=0000000000000000] inst=[0000dffd] c.beqz  a5, pc - 2
C0:      11576 [1] pc=[0000000080001cb0] W[r15=0000000000000000][1] R[r13=0000000080002140] R[r 0=0000000000000000] inst=[0000669c] c.ld    a5, 8(a3)
C0:      11578 [1] pc=[0000000080001cb2] W[r 0=0000000000000000][0] R[r15=0000000000000000] R[r 0=0000000000000000] inst=[0000dffd] c.beqz  a5, pc - 2
C0:      11579 [1] pc=[0000000080001cb0] W[r15=0000000000000000][1] R[r13=0000000080002140] R[r 0=0000000000000000] inst=[0000669c] c.ld    a5, 8(a3)
C0:      11581 [1] pc=[0000000080001cb2] W[r 0=0000000000000000][0] R[r15=0000000000000000] R[r 0=0000000000000000] inst=[0000dffd] c.beqz  a5, pc - 2
C0:      11582 [1] pc=[0000000080001cb0] W[r15=0000000000000000][1] R[r13=0000000080002140] R[r 0=0000000000000000] inst=[0000669c] c.ld    a5, 8(a3)
C0:      11584 [1] pc=[0000000080001cb2] W[r 0=0000000000000000][0] R[r15=0000000000000000] R[r 0=0000000000000000] inst=[0000dffd] c.beqz  a5, pc - 2
C0:      11585 [1] pc=[0000000080001cb0] W[r15=0000000000000000][1] R[r13=0000000080002140] R[r 0=0000000000000000] inst=[0000669c] c.ld    a5, 8(a3)
C0:      11587 [1] pc=[0000000080001cb2] W[r 0=0000000000000000][0] R[r15=0000000000000000] R[r 0=0000000000000000] inst=[0000dffd] c.beqz  a5, pc - 2
C0:      11588 [1] pc=[0000000080001cb0] W[r15=0000000000000000][1] R[r13=0000000080002140] R[r 0=0000000000000000] inst=[0000669c] c.ld    a5, 8(a3)
C0:      11590 [1] pc=[0000000080001cb2] W[r 0=0000000000000000][0] R[r15=0000000000000000] R[r 0=0000000000000000] inst=[0000dffd] c.beqz  a5, pc - 2
C0:      11591 [1] pc=[0000000080001cb0] W[r15=0000000000000000][1] R[r13=0000000080002140] R[r 0=0000000000000000] inst=[0000669c] c.ld    a5, 8(a3)
C0:      11593 [1] pc=[0000000080001cb2] W[r 0=0000000000000000][0] R[r15=0000000000000000] R[r 0=0000000000000000] inst=[0000dffd] c.beqz  a5, pc - 2
C0:      11594 [1] pc=[0000000080001cb0] W[r15=0000000000000000][1] R[r13=0000000080002140] R[r 0=0000000000000000] inst=[0000669c] c.ld    a5, 8(a3)
C0:      11596 [1] pc=[0000000080001cb2] W[r 0=0000000000000000][0] R[r15=0000000000000000] R[r 0=0000000000000000] inst=[0000dffd] c.beqz  a5, pc - 2
C0:      11613 [1] pc=[0000000080001cb0] W[r15=0000000000000000][1] R[r13=0000000080002140] R[r 0=0000000000000000] inst=[0000669c] c.ld    a5, 8(a3)
C0:      11615 [1] pc=[0000000080001cb2] W[r 0=0000000000000000][0] R[r15=0000000000000000] R[r 0=0000000000000000] inst=[0000dffd] c.beqz  a5, pc - 2
C0:      11616 [1] pc=[0000000080001cb0] W[r15=0000000000000000][1] R[r13=0000000080002140] R[r 0=0000000000000000] inst=[0000669c] c.ld    a5, 8(a3)
C0:      11618 [1] pc=[0000000080001cb2] W[r 0=0000000000000000][0] R[r15=0000000000000000] R[r 0=0000000000000000] inst=[0000dffd] c.beqz  a5, pc - 2
C0:      11619 [1] pc=[0000000080001cb0] W[r15=0000000000000000][1] R[r13=0000000080002140] R[r 0=0000000000000000] inst=[0000669c] c.ld    a5, 8(a3)
C0:      11621 [1] pc=[0000000080001cb2] W[r 0=0000000000000000][0] R[r15=0000000000000000] R[r 0=0000000000000000] inst=[0000dffd] c.beqz  a5, pc - 2
C0:      11622 [1] pc=[0000000080001cb0] W[r15=0000000000000000][1] R[r13=0000000080002140] R[r 0=0000000000000000] inst=[0000669c] c.ld    a5, 8(a3)
C0:      11624 [1] pc=[0000000080001cb2] W[r 0=0000000000000000][0] R[r15=0000000000000000] R[r 0=0000000000000000] inst=[0000dffd] c.beqz  a5, pc - 2
C0:      11625 [1] pc=[0000000080001cb0] W[r15=0000000000000000][1] R[r13=0000000080002140] R[r 0=0000000000000000] inst=[0000669c] c.ld    a5, 8(a3)
C0:      11627 [1] pc=[0000000080001cb2] W[r 0=0000000000000000][0] R[r15=0000000000000000] R[r 0=0000000000000000] inst=[0000dffd] c.beqz  a5, pc - 2
C0:      11628 [1] pc=[0000000080001cb0] W[r15=0000000000000000][1] R[r13=0000000080002140] R[r 0=0000000000000000] inst=[0000669c] c.ld    a5, 8(a3)
C0:      11630 [1] pc=[0000000080001cb2] W[r 0=0000000000000000][0] R[r15=0000000000000000] R[r 0=0000000000000000] inst=[0000dffd] c.beqz  a5, pc - 2
C0:      11631 [1] pc=[0000000080001cb0] W[r15=0000000000000000][1] R[r13=0000000080002140] R[r 0=0000000000000000] inst=[0000669c] c.ld    a5, 8(a3)
C0:      11633 [1] pc=[0000000080001cb2] W[r 0=0000000000000000][0] R[r15=0000000000000000] R[r 0=0000000000000000] inst=[0000dffd] c.beqz  a5, pc - 2
C0:      11634 [1] pc=[0000000080001cb0] W[r15=0000000000000000][1] R[r13=0000000080002140] R[r 0=0000000000000000] inst=[0000669c] c.ld    a5, 8(a3)
C0:      11636 [1] pc=[0000000080001cb2] W[r 0=0000000000000000][0] R[r15=0000000000000000] R[r 0=0000000000000000] inst=[0000dffd] c.beqz  a5, pc - 2
C0:      11637 [1] pc=[0000000080001cb0] W[r15=0000000000000000][1] R[r13=0000000080002140] R[r 0=0000000000000000] inst=[0000669c] c.ld    a5, 8(a3)
C0:      11639 [1] pc=[0000000080001cb2] W[r 0=0000000000000000][0] R[r15=0000000000000000] R[r 0=0000000000000000] inst=[0000dffd] c.beqz  a5, pc - 2
C0:      11640 [1] pc=[0000000080001cb0] W[r15=0000000000000000][1] R[r13=0000000080002140] R[r 0=0000000000000000] inst=[0000669c] c.ld    a5, 8(a3)
C0:      11642 [1] pc=[0000000080001cb2] W[r 0=0000000000000000][0] R[r15=0000000000000000] R[r 0=0000000000000000] inst=[0000dffd] c.beqz  a5, pc - 2
C0:      11643 [1] pc=[0000000080001cb0] W[r15=0000000000000000][1] R[r13=0000000080002140] R[r 0=0000000000000000] inst=[0000669c] c.ld    a5, 8(a3)
C0:      11645 [1] pc=[0000000080001cb2] W[r 0=0000000000000000][0] R[r15=0000000000000000] R[r 0=0000000000000000] inst=[0000dffd] c.beqz  a5, pc - 2
C0:      11646 [1] pc=[0000000080001cb0] W[r15=0000000000000000][1] R[r13=0000000080002140] R[r 0=0000000000000000] inst=[0000669c] c.ld    a5, 8(a3)
C0:      11648 [1] pc=[0000000080001cb2] W[r 0=0000000000000000][0] R[r15=0000000000000000] R[r 0=0000000000000000] inst=[0000dffd] c.beqz  a5, pc - 2
C0:      11649 [1] pc=[0000000080001cb0] W[r15=0000000000000000][1] R[r13=0000000080002140] R[r 0=0000000000000000] inst=[0000669c] c.ld    a5, 8(a3)
C0:      11651 [1] pc=[0000000080001cb2] W[r 0=0000000000000000][0] R[r15=0000000000000000] R[r 0=0000000000000000] inst=[0000dffd] c.beqz  a5, pc - 2
C0:      11652 [1] pc=[0000000080001cb0] W[r15=0000000000000000][1] R[r13=0000000080002140] R[r 0=0000000000000000] inst=[0000669c] c.ld    a5, 8(a3)
C0:      11654 [1] pc=[0000000080001cb2] W[r 0=0000000000000000][0] R[r15=0000000000000000] R[r 0=0000000000000000] inst=[0000dffd] c.beqz  a5, pc - 2
C0:      11655 [1] pc=[0000000080001cb0] W[r15=0000000000000000][1] R[r13=0000000080002140] R[r 0=0000000000000000] inst=[0000669c] c.ld    a5, 8(a3)
C0:      11657 [1] pc=[0000000080001cb2] W[r 0=0000000000000000][0] R[r15=0000000000000000] R[r 0=0000000000000000] inst=[0000dffd] c.beqz  a5, pc - 2
C0:      11658 [1] pc=[0000000080001cb0] W[r15=0000000000000000][1] R[r13=0000000080002140] R[r 0=0000000000000000] inst=[0000669c] c.ld    a5, 8(a3)
C0:      11660 [1] pc=[0000000080001cb2] W[r 0=0000000000000000][0] R[r15=0000000000000000] R[r 0=0000000000000000] inst=[0000dffd] c.beqz  a5, pc - 2
C0:      11661 [1] pc=[0000000080001cb0] W[r15=0000000000000000][1] R[r13=0000000080002140] R[r 0=0000000000000000] inst=[0000669c] c.ld    a5, 8(a3)
C0:      11663 [1] pc=[0000000080001cb2] W[r 0=0000000000000000][0] R[r15=0000000000000000] R[r 0=0000000000000000] inst=[0000dffd] c.beqz  a5, pc - 2
C0:      11664 [1] pc=[0000000080001cb0] W[r15=0000000000000000][1] R[r13=0000000080002140] R[r 0=0000000000000000] inst=[0000669c] c.ld    a5, 8(a3)
C0:      11666 [1] pc=[0000000080001cb2] W[r 0=0000000000000000][0] R[r15=0000000000000000] R[r 0=0000000000000000] inst=[0000dffd] c.beqz  a5, pc - 2
C0:      11667 [1] pc=[0000000080001cb0] W[r15=0000000000000000][1] R[r13=0000000080002140] R[r 0=0000000000000000] inst=[0000669c] c.ld    a5, 8(a3)
C0:      11669 [1] pc=[0000000080001cb2] W[r 0=0000000000000000][0] R[r15=0000000000000000] R[r 0=0000000000000000] inst=[0000dffd] c.beqz  a5, pc - 2
C0:      11670 [1] pc=[0000000080001cb0] W[r15=0000000000000000][1] R[r13=0000000080002140] R[r 0=0000000000000000] inst=[0000669c] c.ld    a5, 8(a3)
C0:      11672 [1] pc=[0000000080001cb2] W[r 0=0000000000000000][0] R[r15=0000000000000000] R[r 0=0000000000000000] inst=[0000dffd] c.beqz  a5, pc - 2
C0:      11673 [1] pc=[0000000080001cb0] W[r15=0000000000000000][1] R[r13=0000000080002140] R[r 0=0000000000000000] inst=[0000669c] c.ld    a5, 8(a3)
C0:      11675 [1] pc=[0000000080001cb2] W[r 0=0000000000000000][0] R[r15=0000000000000000] R[r 0=0000000000000000] inst=[0000dffd] c.beqz  a5, pc - 2
C0:      11676 [1] pc=[0000000080001cb0] W[r15=0000000000000000][1] R[r13=0000000080002140] R[r 0=0000000000000000] inst=[0000669c] c.ld    a5, 8(a3)
C0:      11678 [1] pc=[0000000080001cb2] W[r 0=0000000000000000][0] R[r15=0000000000000000] R[r 0=0000000000000000] inst=[0000dffd] c.beqz  a5, pc - 2
C0:      11679 [1] pc=[0000000080001cb0] W[r15=0000000000000000][1] R[r13=0000000080002140] R[r 0=0000000000000000] inst=[0000669c] c.ld    a5, 8(a3)
C0:      11681 [1] pc=[0000000080001cb2] W[r 0=0000000000000000][0] R[r15=0000000000000000] R[r 0=0000000000000000] inst=[0000dffd] c.beqz  a5, pc - 2
C0:      11682 [1] pc=[0000000080001cb0] W[r15=0000000000000000][1] R[r13=0000000080002140] R[r 0=0000000000000000] inst=[0000669c] c.ld    a5, 8(a3)
C0:      11684 [1] pc=[0000000080001cb2] W[r 0=0000000000000000][0] R[r15=0000000000000000] R[r 0=0000000000000000] inst=[0000dffd] c.beqz  a5, pc - 2
C0:      11685 [1] pc=[0000000080001cb0] W[r15=0000000000000000][1] R[r13=0000000080002140] R[r 0=0000000000000000] inst=[0000669c] c.ld    a5, 8(a3)
C0:      11687 [1] pc=[0000000080001cb2] W[r 0=0000000000000000][0] R[r15=0000000000000000] R[r 0=0000000000000000] inst=[0000dffd] c.beqz  a5, pc - 2
C0:      11688 [1] pc=[0000000080001cb0] W[r15=0000000000000000][1] R[r13=0000000080002140] R[r 0=0000000000000000] inst=[0000669c] c.ld    a5, 8(a3)
C0:      11690 [1] pc=[0000000080001cb2] W[r 0=0000000000000000][0] R[r15=0000000000000000] R[r 0=0000000000000000] inst=[0000dffd] c.beqz  a5, pc - 2
C0:      11691 [1] pc=[0000000080001cb0] W[r15=0000000000000000][1] R[r13=0000000080002140] R[r 0=0000000000000000] inst=[0000669c] c.ld    a5, 8(a3)
C0:      11693 [1] pc=[0000000080001cb2] W[r 0=0000000000000000][0] R[r15=0000000000000000] R[r 0=0000000000000000] inst=[0000dffd] c.beqz  a5, pc - 2
C0:      11694 [1] pc=[0000000080001cb0] W[r15=0000000000000000][1] R[r13=0000000080002140] R[r 0=0000000000000000] inst=[0000669c] c.ld    a5, 8(a3)
C0:      11696 [1] pc=[0000000080001cb2] W[r 0=0000000000000000][0] R[r15=0000000000000000] R[r 0=0000000000000000] inst=[0000dffd] c.beqz  a5, pc - 2
C0:      11697 [1] pc=[0000000080001cb0] W[r15=0000000000000000][1] R[r13=0000000080002140] R[r 0=0000000000000000] inst=[0000669c] c.ld    a5, 8(a3)
C0:      11699 [1] pc=[0000000080001cb2] W[r 0=0000000000000000][0] R[r15=0000000000000000] R[r 0=0000000000000000] inst=[0000dffd] c.beqz  a5, pc - 2
C0:      11700 [1] pc=[0000000080001cb0] W[r15=0000000000000000][1] R[r13=0000000080002140] R[r 0=0000000000000000] inst=[0000669c] c.ld    a5, 8(a3)
C0:      11702 [1] pc=[0000000080001cb2] W[r 0=0000000000000000][0] R[r15=0000000000000000] R[r 0=0000000000000000] inst=[0000dffd] c.beqz  a5, pc - 2
C0:      11703 [1] pc=[0000000080001cb0] W[r15=0000000000000000][1] R[r13=0000000080002140] R[r 0=0000000000000000] inst=[0000669c] c.ld    a5, 8(a3)
C0:      11705 [1] pc=[0000000080001cb2] W[r 0=0000000000000000][0] R[r15=0000000000000000] R[r 0=0000000000000000] inst=[0000dffd] c.beqz  a5, pc - 2
C0:      11706 [1] pc=[0000000080001cb0] W[r15=0000000000000000][1] R[r13=0000000080002140] R[r 0=0000000000000000] inst=[0000669c] c.ld    a5, 8(a3)
C0:      11708 [1] pc=[0000000080001cb2] W[r 0=0000000000000000][0] R[r15=0000000000000000] R[r 0=0000000000000000] inst=[0000dffd] c.beqz  a5, pc - 2
C0:      11709 [1] pc=[0000000080001cb0] W[r15=0000000000000000][1] R[r13=0000000080002140] R[r 0=0000000000000000] inst=[0000669c] c.ld    a5, 8(a3)
C0:      11711 [1] pc=[0000000080001cb2] W[r 0=0000000000000000][0] R[r15=0000000000000000] R[r 0=0000000000000000] inst=[0000dffd] c.beqz  a5, pc - 2
C0:      11712 [1] pc=[0000000080001cb0] W[r15=0000000000000000][1] R[r13=0000000080002140] R[r 0=0000000000000000] inst=[0000669c] c.ld    a5, 8(a3)
C0:      11714 [1] pc=[0000000080001cb2] W[r 0=0000000000000000][0] R[r15=0000000000000000] R[r 0=0000000000000000] inst=[0000dffd] c.beqz  a5, pc - 2
C0:      11715 [1] pc=[0000000080001cb0] W[r15=0000000000000000][1] R[r13=0000000080002140] R[r 0=0000000000000000] inst=[0000669c] c.ld    a5, 8(a3)
C0:      11717 [1] pc=[0000000080001cb2] W[r 0=0000000000000000][0] R[r15=0000000000000000] R[r 0=0000000000000000] inst=[0000dffd] c.beqz  a5, pc - 2
C0:      11718 [1] pc=[0000000080001cb0] W[r15=0000000000000000][1] R[r13=0000000080002140] R[r 0=0000000000000000] inst=[0000669c] c.ld    a5, 8(a3)
C0:      11720 [1] pc=[0000000080001cb2] W[r 0=0000000000000000][0] R[r15=0000000000000000] R[r 0=0000000000000000] inst=[0000dffd] c.beqz  a5, pc - 2
C0:      11721 [1] pc=[0000000080001cb0] W[r15=0000000000000000][1] R[r13=0000000080002140] R[r 0=0000000000000000] inst=[0000669c] c.ld    a5, 8(a3)
C0:      11723 [1] pc=[0000000080001cb2] W[r 0=0000000000000000][0] R[r15=0000000000000000] R[r 0=0000000000000000] inst=[0000dffd] c.beqz  a5, pc - 2
C0:      11724 [1] pc=[0000000080001cb0] W[r15=0000000000000000][1] R[r13=0000000080002140] R[r 0=0000000000000000] inst=[0000669c] c.ld    a5, 8(a3)
C0:      11726 [1] pc=[0000000080001cb2] W[r 0=0000000000000000][0] R[r15=0000000000000000] R[r 0=0000000000000000] inst=[0000dffd] c.beqz  a5, pc - 2
C0:      11727 [1] pc=[0000000080001cb0] W[r15=0000000000000000][1] R[r13=0000000080002140] R[r 0=0000000000000000] inst=[0000669c] c.ld    a5, 8(a3)
C0:      11729 [1] pc=[0000000080001cb2] W[r 0=0000000000000000][0] R[r15=0000000000000000] R[r 0=0000000000000000] inst=[0000dffd] c.beqz  a5, pc - 2
C0:      11730 [1] pc=[0000000080001cb0] W[r15=0000000000000000][1] R[r13=0000000080002140] R[r 0=0000000000000000] inst=[0000669c] c.ld    a5, 8(a3)
C0:      11732 [1] pc=[0000000080001cb2] W[r 0=0000000000000000][0] R[r15=0000000000000000] R[r 0=0000000000000000] inst=[0000dffd] c.beqz  a5, pc - 2
C0:      11733 [1] pc=[0000000080001cb0] W[r15=0000000000000000][1] R[r13=0000000080002140] R[r 0=0000000000000000] inst=[0000669c] c.ld    a5, 8(a3)
C0:      11735 [1] pc=[0000000080001cb2] W[r 0=0000000000000000][0] R[r15=0000000000000000] R[r 0=0000000000000000] inst=[0000dffd] c.beqz  a5, pc - 2
C0:      11736 [1] pc=[0000000080001cb0] W[r15=0000000000000000][1] R[r13=0000000080002140] R[r 0=0000000000000000] inst=[0000669c] c.ld    a5, 8(a3)
C0:      11738 [1] pc=[0000000080001cb2] W[r 0=0000000000000000][0] R[r15=0000000000000000] R[r 0=0000000000000000] inst=[0000dffd] c.beqz  a5, pc - 2
C0:      11739 [1] pc=[0000000080001cb0] W[r15=0000000000000000][1] R[r13=0000000080002140] R[r 0=0000000000000000] inst=[0000669c] c.ld    a5, 8(a3)
C0:      11741 [1] pc=[0000000080001cb2] W[r 0=0000000000000000][0] R[r15=0000000000000000] R[r 0=0000000000000000] inst=[0000dffd] c.beqz  a5, pc - 2
C0:      11742 [1] pc=[0000000080001cb0] W[r15=0000000000000000][1] R[r13=0000000080002140] R[r 0=0000000000000000] inst=[0000669c] c.ld    a5, 8(a3)
C0:      11744 [1] pc=[0000000080001cb2] W[r 0=0000000000000000][0] R[r15=0000000000000000] R[r 0=0000000000000000] inst=[0000dffd] c.beqz  a5, pc - 2
C0:      11745 [1] pc=[0000000080001cb0] W[r15=0000000000000000][1] R[r13=0000000080002140] R[r 0=0000000000000000] inst=[0000669c] c.ld    a5, 8(a3)
C0:      11747 [1] pc=[0000000080001cb2] W[r 0=0000000000000000][0] R[r15=0000000000000000] R[r 0=0000000000000000] inst=[0000dffd] c.beqz  a5, pc - 2
C0:      11748 [1] pc=[0000000080001cb0] W[r15=0000000000000000][1] R[r13=0000000080002140] R[r 0=0000000000000000] inst=[0000669c] c.ld    a5, 8(a3)
C0:      11750 [1] pc=[0000000080001cb2] W[r 0=0000000000000000][0] R[r15=0000000000000000] R[r 0=0000000000000000] inst=[0000dffd] c.beqz  a5, pc - 2
C0:      11751 [1] pc=[0000000080001cb0] W[r15=0000000000000000][1] R[r13=0000000080002140] R[r 0=0000000000000000] inst=[0000669c] c.ld    a5, 8(a3)
C0:      11753 [1] pc=[0000000080001cb2] W[r 0=0000000000000000][0] R[r15=0000000000000000] R[r 0=0000000000000000] inst=[0000dffd] c.beqz  a5, pc - 2
C0:      11754 [1] pc=[0000000080001cb0] W[r15=0000000000000000][1] R[r13=0000000080002140] R[r 0=0000000000000000] inst=[0000669c] c.ld    a5, 8(a3)
C0:      11756 [1] pc=[0000000080001cb2] W[r 0=0000000000000000][0] R[r15=0000000000000000] R[r 0=0000000000000000] inst=[0000dffd] c.beqz  a5, pc - 2
C0:      11757 [1] pc=[0000000080001cb0] W[r15=0000000000000000][1] R[r13=0000000080002140] R[r 0=0000000000000000] inst=[0000669c] c.ld    a5, 8(a3)
C0:      11759 [1] pc=[0000000080001cb2] W[r 0=0000000000000000][0] R[r15=0000000000000000] R[r 0=0000000000000000] inst=[0000dffd] c.beqz  a5, pc - 2
C0:      11760 [1] pc=[0000000080001cb0] W[r15=0000000000000000][1] R[r13=0000000080002140] R[r 0=0000000000000000] inst=[0000669c] c.ld    a5, 8(a3)
C0:      11762 [1] pc=[0000000080001cb2] W[r 0=0000000000000000][0] R[r15=0000000000000000] R[r 0=0000000000000000] inst=[0000dffd] c.beqz  a5, pc - 2
C0:      11763 [1] pc=[0000000080001cb0] W[r15=0000000000000000][1] R[r13=0000000080002140] R[r 0=0000000000000000] inst=[0000669c] c.ld    a5, 8(a3)
C0:      11765 [1] pc=[0000000080001cb2] W[r 0=0000000000000000][0] R[r15=0000000000000000] R[r 0=0000000000000000] inst=[0000dffd] c.beqz  a5, pc - 2
C0:      11766 [1] pc=[0000000080001cb0] W[r15=0000000000000000][1] R[r13=0000000080002140] R[r 0=0000000000000000] inst=[0000669c] c.ld    a5, 8(a3)
C0:      11768 [1] pc=[0000000080001cb2] W[r 0=0000000000000000][0] R[r15=0000000000000000] R[r 0=0000000000000000] inst=[0000dffd] c.beqz  a5, pc - 2
C0:      11769 [1] pc=[0000000080001cb0] W[r15=0000000000000000][1] R[r13=0000000080002140] R[r 0=0000000000000000] inst=[0000669c] c.ld    a5, 8(a3)
C0:      11771 [1] pc=[0000000080001cb2] W[r 0=0000000000000000][0] R[r15=0000000000000000] R[r 0=0000000000000000] inst=[0000dffd] c.beqz  a5, pc - 2
C0:      11772 [1] pc=[0000000080001cb0] W[r15=0000000000000000][1] R[r13=0000000080002140] R[r 0=0000000000000000] inst=[0000669c] c.ld    a5, 8(a3)
C0:      11774 [1] pc=[0000000080001cb2] W[r 0=0000000000000000][0] R[r15=0000000000000000] R[r 0=0000000000000000] inst=[0000dffd] c.beqz  a5, pc - 2
C0:      11775 [1] pc=[0000000080001cb0] W[r15=0000000000000000][1] R[r13=0000000080002140] R[r 0=0000000000000000] inst=[0000669c] c.ld    a5, 8(a3)
C0:      11777 [1] pc=[0000000080001cb2] W[r 0=0000000000000000][0] R[r15=0000000000000000] R[r 0=0000000000000000] inst=[0000dffd] c.beqz  a5, pc - 2
C0:      11778 [1] pc=[0000000080001cb0] W[r15=0000000000000000][1] R[r13=0000000080002140] R[r 0=0000000000000000] inst=[0000669c] c.ld    a5, 8(a3)
C0:      11780 [1] pc=[0000000080001cb2] W[r 0=0000000000000000][0] R[r15=0000000000000000] R[r 0=0000000000000000] inst=[0000dffd] c.beqz  a5, pc - 2
C0:      11781 [1] pc=[0000000080001cb0] W[r15=0000000000000000][1] R[r13=0000000080002140] R[r 0=0000000000000000] inst=[0000669c] c.ld    a5, 8(a3)
C0:      11783 [1] pc=[0000000080001cb2] W[r 0=0000000000000000][0] R[r15=0000000000000000] R[r 0=0000000000000000] inst=[0000dffd] c.beqz  a5, pc - 2
C0:      11784 [1] pc=[0000000080001cb0] W[r15=0000000000000000][1] R[r13=0000000080002140] R[r 0=0000000000000000] inst=[0000669c] c.ld    a5, 8(a3)
C0:      11786 [1] pc=[0000000080001cb2] W[r 0=0000000000000000][0] R[r15=0000000000000000] R[r 0=0000000000000000] inst=[0000dffd] c.beqz  a5, pc - 2
C0:      11787 [1] pc=[0000000080001cb0] W[r15=0000000000000000][1] R[r13=0000000080002140] R[r 0=0000000000000000] inst=[0000669c] c.ld    a5, 8(a3)
C0:      11789 [1] pc=[0000000080001cb2] W[r 0=0000000000000000][0] R[r15=0000000000000000] R[r 0=0000000000000000] inst=[0000dffd] c.beqz  a5, pc - 2
C0:      11790 [1] pc=[0000000080001cb0] W[r15=0000000000000000][1] R[r13=0000000080002140] R[r 0=0000000000000000] inst=[0000669c] c.ld    a5, 8(a3)
C0:      11792 [1] pc=[0000000080001cb2] W[r 0=0000000000000000][0] R[r15=0000000000000000] R[r 0=0000000000000000] inst=[0000dffd] c.beqz  a5, pc - 2
C0:      11793 [1] pc=[0000000080001cb0] W[r15=0000000000000000][1] R[r13=0000000080002140] R[r 0=0000000000000000] inst=[0000669c] c.ld    a5, 8(a3)
C0:      11795 [1] pc=[0000000080001cb2] W[r 0=0000000000000000][0] R[r15=0000000000000000] R[r 0=0000000000000000] inst=[0000dffd] c.beqz  a5, pc - 2
C0:      11796 [1] pc=[0000000080001cb0] W[r15=0000000000000000][1] R[r13=0000000080002140] R[r 0=0000000000000000] inst=[0000669c] c.ld    a5, 8(a3)
C0:      11798 [1] pc=[0000000080001cb2] W[r 0=0000000000000000][0] R[r15=0000000000000000] R[r 0=0000000000000000] inst=[0000dffd] c.beqz  a5, pc - 2
C0:      11799 [1] pc=[0000000080001cb0] W[r15=0000000000000000][1] R[r13=0000000080002140] R[r 0=0000000000000000] inst=[0000669c] c.ld    a5, 8(a3)
C0:      11801 [1] pc=[0000000080001cb2] W[r 0=0000000000000000][0] R[r15=0000000000000000] R[r 0=0000000000000000] inst=[0000dffd] c.beqz  a5, pc - 2
C0:      11802 [1] pc=[0000000080001cb0] W[r15=0000000000000000][1] R[r13=0000000080002140] R[r 0=0000000000000000] inst=[0000669c] c.ld    a5, 8(a3)
C0:      11804 [1] pc=[0000000080001cb2] W[r 0=0000000000000000][0] R[r15=0000000000000000] R[r 0=0000000000000000] inst=[0000dffd] c.beqz  a5, pc - 2
C0:      11805 [1] pc=[0000000080001cb0] W[r15=0000000000000000][1] R[r13=0000000080002140] R[r 0=0000000000000000] inst=[0000669c] c.ld    a5, 8(a3)
C0:      11807 [1] pc=[0000000080001cb2] W[r 0=0000000000000000][0] R[r15=0000000000000000] R[r 0=0000000000000000] inst=[0000dffd] c.beqz  a5, pc - 2
C0:      11808 [1] pc=[0000000080001cb0] W[r15=0000000000000000][1] R[r13=0000000080002140] R[r 0=0000000000000000] inst=[0000669c] c.ld    a5, 8(a3)
C0:      11810 [1] pc=[0000000080001cb2] W[r 0=0000000000000000][0] R[r15=0000000000000000] R[r 0=0000000000000000] inst=[0000dffd] c.beqz  a5, pc - 2
C0:      11811 [1] pc=[0000000080001cb0] W[r15=0000000000000000][1] R[r13=0000000080002140] R[r 0=0000000000000000] inst=[0000669c] c.ld    a5, 8(a3)
C0:      11813 [1] pc=[0000000080001cb2] W[r 0=0000000000000000][0] R[r15=0000000000000000] R[r 0=0000000000000000] inst=[0000dffd] c.beqz  a5, pc - 2
C0:      11814 [1] pc=[0000000080001cb0] W[r15=0000000000000000][1] R[r13=0000000080002140] R[r 0=0000000000000000] inst=[0000669c] c.ld    a5, 8(a3)
C0:      11816 [1] pc=[0000000080001cb2] W[r 0=0000000000000000][0] R[r15=0000000000000000] R[r 0=0000000000000000] inst=[0000dffd] c.beqz  a5, pc - 2
C0:      11817 [1] pc=[0000000080001cb0] W[r15=0000000000000000][1] R[r13=0000000080002140] R[r 0=0000000000000000] inst=[0000669c] c.ld    a5, 8(a3)
C0:      11819 [1] pc=[0000000080001cb2] W[r 0=0000000000000000][0] R[r15=0000000000000000] R[r 0=0000000000000000] inst=[0000dffd] c.beqz  a5, pc - 2
C0:      11820 [1] pc=[0000000080001cb0] W[r15=0000000000000000][1] R[r13=0000000080002140] R[r 0=0000000000000000] inst=[0000669c] c.ld    a5, 8(a3)
C0:      11822 [1] pc=[0000000080001cb2] W[r 0=0000000000000000][0] R[r15=0000000000000000] R[r 0=0000000000000000] inst=[0000dffd] c.beqz  a5, pc - 2
C0:      11823 [1] pc=[0000000080001cb0] W[r15=0000000000000000][1] R[r13=0000000080002140] R[r 0=0000000000000000] inst=[0000669c] c.ld    a5, 8(a3)
C0:      11825 [1] pc=[0000000080001cb2] W[r 0=0000000000000000][0] R[r15=0000000000000000] R[r 0=0000000000000000] inst=[0000dffd] c.beqz  a5, pc - 2
C0:      11826 [1] pc=[0000000080001cb0] W[r15=0000000000000000][1] R[r13=0000000080002140] R[r 0=0000000000000000] inst=[0000669c] c.ld    a5, 8(a3)
C0:      11828 [1] pc=[0000000080001cb2] W[r 0=0000000000000000][0] R[r15=0000000000000000] R[r 0=0000000000000000] inst=[0000dffd] c.beqz  a5, pc - 2
C0:      11829 [1] pc=[0000000080001cb0] W[r15=0000000000000000][1] R[r13=0000000080002140] R[r 0=0000000000000000] inst=[0000669c] c.ld    a5, 8(a3)
C0:      11831 [1] pc=[0000000080001cb2] W[r 0=0000000000000000][0] R[r15=0000000000000000] R[r 0=0000000000000000] inst=[0000dffd] c.beqz  a5, pc - 2
C0:      11832 [1] pc=[0000000080001cb0] W[r15=0000000000000000][1] R[r13=0000000080002140] R[r 0=0000000000000000] inst=[0000669c] c.ld    a5, 8(a3)
C0:      11834 [1] pc=[0000000080001cb2] W[r 0=0000000000000000][0] R[r15=0000000000000000] R[r 0=0000000000000000] inst=[0000dffd] c.beqz  a5, pc - 2
C0:      11835 [1] pc=[0000000080001cb0] W[r15=0000000000000000][1] R[r13=0000000080002140] R[r 0=0000000000000000] inst=[0000669c] c.ld    a5, 8(a3)
C0:      11837 [1] pc=[0000000080001cb2] W[r 0=0000000000000000][0] R[r15=0000000000000000] R[r 0=0000000000000000] inst=[0000dffd] c.beqz  a5, pc - 2
C0:      11838 [1] pc=[0000000080001cb0] W[r15=0000000000000000][1] R[r13=0000000080002140] R[r 0=0000000000000000] inst=[0000669c] c.ld    a5, 8(a3)
C0:      11840 [1] pc=[0000000080001cb2] W[r 0=0000000000000000][0] R[r15=0000000000000000] R[r 0=0000000000000000] inst=[0000dffd] c.beqz  a5, pc - 2
C0:      11841 [1] pc=[0000000080001cb0] W[r15=0000000000000000][1] R[r13=0000000080002140] R[r 0=0000000000000000] inst=[0000669c] c.ld    a5, 8(a3)
C0:      11843 [1] pc=[0000000080001cb2] W[r 0=0000000000000000][0] R[r15=0000000000000000] R[r 0=0000000000000000] inst=[0000dffd] c.beqz  a5, pc - 2
C0:      11844 [1] pc=[0000000080001cb0] W[r15=0000000000000000][1] R[r13=0000000080002140] R[r 0=0000000000000000] inst=[0000669c] c.ld    a5, 8(a3)
C0:      11846 [1] pc=[0000000080001cb2] W[r 0=0000000000000000][0] R[r15=0000000000000000] R[r 0=0000000000000000] inst=[0000dffd] c.beqz  a5, pc - 2
C0:      11847 [1] pc=[0000000080001cb0] W[r15=0000000000000000][1] R[r13=0000000080002140] R[r 0=0000000000000000] inst=[0000669c] c.ld    a5, 8(a3)
C0:      11849 [1] pc=[0000000080001cb2] W[r 0=0000000000000000][0] R[r15=0000000000000000] R[r 0=0000000000000000] inst=[0000dffd] c.beqz  a5, pc - 2
C0:      11850 [1] pc=[0000000080001cb0] W[r15=0000000000000000][1] R[r13=0000000080002140] R[r 0=0000000000000000] inst=[0000669c] c.ld    a5, 8(a3)
C0:      11852 [1] pc=[0000000080001cb2] W[r 0=0000000000000000][0] R[r15=0000000000000000] R[r 0=0000000000000000] inst=[0000dffd] c.beqz  a5, pc - 2
C0:      11853 [1] pc=[0000000080001cb0] W[r15=0000000000000000][1] R[r13=0000000080002140] R[r 0=0000000000000000] inst=[0000669c] c.ld    a5, 8(a3)
C0:      11855 [1] pc=[0000000080001cb2] W[r 0=0000000000000000][0] R[r15=0000000000000000] R[r 0=0000000000000000] inst=[0000dffd] c.beqz  a5, pc - 2
C0:      11856 [1] pc=[0000000080001cb0] W[r15=0000000000000000][1] R[r13=0000000080002140] R[r 0=0000000000000000] inst=[0000669c] c.ld    a5, 8(a3)
C0:      11858 [1] pc=[0000000080001cb2] W[r 0=0000000000000000][0] R[r15=0000000000000000] R[r 0=0000000000000000] inst=[0000dffd] c.beqz  a5, pc - 2
C0:      11859 [1] pc=[0000000080001cb0] W[r15=0000000000000000][1] R[r13=0000000080002140] R[r 0=0000000000000000] inst=[0000669c] c.ld    a5, 8(a3)
C0:      11861 [1] pc=[0000000080001cb2] W[r 0=0000000000000000][0] R[r15=0000000000000000] R[r 0=0000000000000000] inst=[0000dffd] c.beqz  a5, pc - 2
C0:      11862 [1] pc=[0000000080001cb0] W[r15=0000000000000000][1] R[r13=0000000080002140] R[r 0=0000000000000000] inst=[0000669c] c.ld    a5, 8(a3)
C0:      11864 [1] pc=[0000000080001cb2] W[r 0=0000000000000000][0] R[r15=0000000000000000] R[r 0=0000000000000000] inst=[0000dffd] c.beqz  a5, pc - 2
C0:      11865 [1] pc=[0000000080001cb0] W[r15=0000000000000000][1] R[r13=0000000080002140] R[r 0=0000000000000000] inst=[0000669c] c.ld    a5, 8(a3)
C0:      11867 [1] pc=[0000000080001cb2] W[r 0=0000000000000000][0] R[r15=0000000000000000] R[r 0=0000000000000000] inst=[0000dffd] c.beqz  a5, pc - 2
C0:      11868 [1] pc=[0000000080001cb0] W[r15=0000000000000000][1] R[r13=0000000080002140] R[r 0=0000000000000000] inst=[0000669c] c.ld    a5, 8(a3)
C0:      11870 [1] pc=[0000000080001cb2] W[r 0=0000000000000000][0] R[r15=0000000000000000] R[r 0=0000000000000000] inst=[0000dffd] c.beqz  a5, pc - 2
C0:      11871 [1] pc=[0000000080001cb0] W[r15=0000000000000000][1] R[r13=0000000080002140] R[r 0=0000000000000000] inst=[0000669c] c.ld    a5, 8(a3)
C0:      11873 [1] pc=[0000000080001cb2] W[r 0=0000000000000000][0] R[r15=0000000000000000] R[r 0=0000000000000000] inst=[0000dffd] c.beqz  a5, pc - 2
C0:      11874 [1] pc=[0000000080001cb0] W[r15=0000000000000000][1] R[r13=0000000080002140] R[r 0=0000000000000000] inst=[0000669c] c.ld    a5, 8(a3)
C0:      11876 [1] pc=[0000000080001cb2] W[r 0=0000000000000000][0] R[r15=0000000000000000] R[r 0=0000000000000000] inst=[0000dffd] c.beqz  a5, pc - 2
C0:      11893 [1] pc=[0000000080001cb0] W[r15=0000000000000000][1] R[r13=0000000080002140] R[r 0=0000000000000000] inst=[0000669c] c.ld    a5, 8(a3)
C0:      11895 [1] pc=[0000000080001cb2] W[r 0=0000000000000000][0] R[r15=0000000000000000] R[r 0=0000000000000000] inst=[0000dffd] c.beqz  a5, pc - 2
C0:      11896 [1] pc=[0000000080001cb0] W[r15=0000000000000000][1] R[r13=0000000080002140] R[r 0=0000000000000000] inst=[0000669c] c.ld    a5, 8(a3)
C0:      11898 [1] pc=[0000000080001cb2] W[r 0=0000000000000000][0] R[r15=0000000000000000] R[r 0=0000000000000000] inst=[0000dffd] c.beqz  a5, pc - 2
C0:      11899 [1] pc=[0000000080001cb0] W[r15=0000000000000000][1] R[r13=0000000080002140] R[r 0=0000000000000000] inst=[0000669c] c.ld    a5, 8(a3)
C0:      11901 [1] pc=[0000000080001cb2] W[r 0=0000000000000000][0] R[r15=0000000000000000] R[r 0=0000000000000000] inst=[0000dffd] c.beqz  a5, pc - 2
C0:      11902 [1] pc=[0000000080001cb0] W[r15=0000000000000000][1] R[r13=0000000080002140] R[r 0=0000000000000000] inst=[0000669c] c.ld    a5, 8(a3)
C0:      11904 [1] pc=[0000000080001cb2] W[r 0=0000000000000000][0] R[r15=0000000000000000] R[r 0=0000000000000000] inst=[0000dffd] c.beqz  a5, pc - 2
C0:      11905 [1] pc=[0000000080001cb0] W[r15=0000000000000000][1] R[r13=0000000080002140] R[r 0=0000000000000000] inst=[0000669c] c.ld    a5, 8(a3)
C0:      11907 [1] pc=[0000000080001cb2] W[r 0=0000000000000000][0] R[r15=0000000000000000] R[r 0=0000000000000000] inst=[0000dffd] c.beqz  a5, pc - 2
C0:      11908 [1] pc=[0000000080001cb0] W[r15=0000000000000000][1] R[r13=0000000080002140] R[r 0=0000000000000000] inst=[0000669c] c.ld    a5, 8(a3)
C0:      11910 [1] pc=[0000000080001cb2] W[r 0=0000000000000000][0] R[r15=0000000000000000] R[r 0=0000000000000000] inst=[0000dffd] c.beqz  a5, pc - 2
C0:      11911 [1] pc=[0000000080001cb0] W[r15=0000000000000000][1] R[r13=0000000080002140] R[r 0=0000000000000000] inst=[0000669c] c.ld    a5, 8(a3)
C0:      11913 [1] pc=[0000000080001cb2] W[r 0=0000000000000000][0] R[r15=0000000000000000] R[r 0=0000000000000000] inst=[0000dffd] c.beqz  a5, pc - 2
C0:      11914 [1] pc=[0000000080001cb0] W[r15=0000000000000000][1] R[r13=0000000080002140] R[r 0=0000000000000000] inst=[0000669c] c.ld    a5, 8(a3)
C0:      11916 [1] pc=[0000000080001cb2] W[r 0=0000000000000000][0] R[r15=0000000000000000] R[r 0=0000000000000000] inst=[0000dffd] c.beqz  a5, pc - 2
C0:      11917 [1] pc=[0000000080001cb0] W[r15=0000000000000000][1] R[r13=0000000080002140] R[r 0=0000000000000000] inst=[0000669c] c.ld    a5, 8(a3)
C0:      11919 [1] pc=[0000000080001cb2] W[r 0=0000000000000000][0] R[r15=0000000000000000] R[r 0=0000000000000000] inst=[0000dffd] c.beqz  a5, pc - 2
C0:      11920 [1] pc=[0000000080001cb0] W[r15=0000000000000000][1] R[r13=0000000080002140] R[r 0=0000000000000000] inst=[0000669c] c.ld    a5, 8(a3)
C0:      11922 [1] pc=[0000000080001cb2] W[r 0=0000000000000000][0] R[r15=0000000000000000] R[r 0=0000000000000000] inst=[0000dffd] c.beqz  a5, pc - 2
C0:      11923 [1] pc=[0000000080001cb0] W[r15=0000000000000000][1] R[r13=0000000080002140] R[r 0=0000000000000000] inst=[0000669c] c.ld    a5, 8(a3)
C0:      11925 [1] pc=[0000000080001cb2] W[r 0=0000000000000000][0] R[r15=0000000000000000] R[r 0=0000000000000000] inst=[0000dffd] c.beqz  a5, pc - 2
C0:      11926 [1] pc=[0000000080001cb0] W[r15=0000000000000000][1] R[r13=0000000080002140] R[r 0=0000000000000000] inst=[0000669c] c.ld    a5, 8(a3)
C0:      11928 [1] pc=[0000000080001cb2] W[r 0=0000000000000000][0] R[r15=0000000000000000] R[r 0=0000000000000000] inst=[0000dffd] c.beqz  a5, pc - 2
C0:      11929 [1] pc=[0000000080001cb0] W[r15=0000000000000000][1] R[r13=0000000080002140] R[r 0=0000000000000000] inst=[0000669c] c.ld    a5, 8(a3)
C0:      11931 [1] pc=[0000000080001cb2] W[r 0=0000000000000000][0] R[r15=0000000000000000] R[r 0=0000000000000000] inst=[0000dffd] c.beqz  a5, pc - 2
C0:      11932 [1] pc=[0000000080001cb0] W[r15=0000000000000000][1] R[r13=0000000080002140] R[r 0=0000000000000000] inst=[0000669c] c.ld    a5, 8(a3)
C0:      11934 [1] pc=[0000000080001cb2] W[r 0=0000000000000000][0] R[r15=0000000000000000] R[r 0=0000000000000000] inst=[0000dffd] c.beqz  a5, pc - 2
C0:      11935 [1] pc=[0000000080001cb0] W[r15=0000000000000000][1] R[r13=0000000080002140] R[r 0=0000000000000000] inst=[0000669c] c.ld    a5, 8(a3)
C0:      11937 [1] pc=[0000000080001cb2] W[r 0=0000000000000000][0] R[r15=0000000000000000] R[r 0=0000000000000000] inst=[0000dffd] c.beqz  a5, pc - 2
C0:      11938 [1] pc=[0000000080001cb0] W[r15=0000000000000000][1] R[r13=0000000080002140] R[r 0=0000000000000000] inst=[0000669c] c.ld    a5, 8(a3)
C0:      11940 [1] pc=[0000000080001cb2] W[r 0=0000000000000000][0] R[r15=0000000000000000] R[r 0=0000000000000000] inst=[0000dffd] c.beqz  a5, pc - 2
C0:      11941 [1] pc=[0000000080001cb0] W[r15=0000000000000000][1] R[r13=0000000080002140] R[r 0=0000000000000000] inst=[0000669c] c.ld    a5, 8(a3)
C0:      11943 [1] pc=[0000000080001cb2] W[r 0=0000000000000000][0] R[r15=0000000000000000] R[r 0=0000000000000000] inst=[0000dffd] c.beqz  a5, pc - 2
C0:      11944 [1] pc=[0000000080001cb0] W[r15=0000000000000000][1] R[r13=0000000080002140] R[r 0=0000000000000000] inst=[0000669c] c.ld    a5, 8(a3)
C0:      11946 [1] pc=[0000000080001cb2] W[r 0=0000000000000000][0] R[r15=0000000000000000] R[r 0=0000000000000000] inst=[0000dffd] c.beqz  a5, pc - 2
C0:      11947 [1] pc=[0000000080001cb0] W[r15=0000000000000000][1] R[r13=0000000080002140] R[r 0=0000000000000000] inst=[0000669c] c.ld    a5, 8(a3)
C0:      11949 [1] pc=[0000000080001cb2] W[r 0=0000000000000000][0] R[r15=0000000000000000] R[r 0=0000000000000000] inst=[0000dffd] c.beqz  a5, pc - 2
C0:      11950 [1] pc=[0000000080001cb0] W[r15=0000000000000000][1] R[r13=0000000080002140] R[r 0=0000000000000000] inst=[0000669c] c.ld    a5, 8(a3)
C0:      11952 [1] pc=[0000000080001cb2] W[r 0=0000000000000000][0] R[r15=0000000000000000] R[r 0=0000000000000000] inst=[0000dffd] c.beqz  a5, pc - 2
C0:      11953 [1] pc=[0000000080001cb0] W[r15=0000000000000000][1] R[r13=0000000080002140] R[r 0=0000000000000000] inst=[0000669c] c.ld    a5, 8(a3)
C0:      11955 [1] pc=[0000000080001cb2] W[r 0=0000000000000000][0] R[r15=0000000000000000] R[r 0=0000000000000000] inst=[0000dffd] c.beqz  a5, pc - 2
C0:      11956 [1] pc=[0000000080001cb0] W[r15=0000000000000000][1] R[r13=0000000080002140] R[r 0=0000000000000000] inst=[0000669c] c.ld    a5, 8(a3)
C0:      11958 [1] pc=[0000000080001cb2] W[r 0=0000000000000000][0] R[r15=0000000000000000] R[r 0=0000000000000000] inst=[0000dffd] c.beqz  a5, pc - 2
C0:      11959 [1] pc=[0000000080001cb0] W[r15=0000000000000000][1] R[r13=0000000080002140] R[r 0=0000000000000000] inst=[0000669c] c.ld    a5, 8(a3)
C0:      11961 [1] pc=[0000000080001cb2] W[r 0=0000000000000000][0] R[r15=0000000000000000] R[r 0=0000000000000000] inst=[0000dffd] c.beqz  a5, pc - 2
C0:      11962 [1] pc=[0000000080001cb0] W[r15=0000000000000000][1] R[r13=0000000080002140] R[r 0=0000000000000000] inst=[0000669c] c.ld    a5, 8(a3)
C0:      11964 [1] pc=[0000000080001cb2] W[r 0=0000000000000000][0] R[r15=0000000000000000] R[r 0=0000000000000000] inst=[0000dffd] c.beqz  a5, pc - 2
C0:      11965 [1] pc=[0000000080001cb0] W[r15=0000000000000000][1] R[r13=0000000080002140] R[r 0=0000000000000000] inst=[0000669c] c.ld    a5, 8(a3)
C0:      11967 [1] pc=[0000000080001cb2] W[r 0=0000000000000000][0] R[r15=0000000000000000] R[r 0=0000000000000000] inst=[0000dffd] c.beqz  a5, pc - 2
C0:      11968 [1] pc=[0000000080001cb0] W[r15=0000000000000000][1] R[r13=0000000080002140] R[r 0=0000000000000000] inst=[0000669c] c.ld    a5, 8(a3)
C0:      11970 [1] pc=[0000000080001cb2] W[r 0=0000000000000000][0] R[r15=0000000000000000] R[r 0=0000000000000000] inst=[0000dffd] c.beqz  a5, pc - 2
C0:      11976 [1] pc=[0000000080001cb0] W[r15=0000000000000000][1] R[r13=0000000080002140] R[r 0=0000000000000000] inst=[0000669c] c.ld    a5, 8(a3)
C0:      11978 [1] pc=[0000000080001cb2] W[r 0=0000000000000000][0] R[r15=0000000000000000] R[r 0=0000000000000000] inst=[0000dffd] c.beqz  a5, pc - 2
C0:      11979 [1] pc=[0000000080001cb0] W[r15=0000000000000000][1] R[r13=0000000080002140] R[r 0=0000000000000000] inst=[0000669c] c.ld    a5, 8(a3)
C0:      11981 [1] pc=[0000000080001cb2] W[r 0=0000000000000000][0] R[r15=0000000000000000] R[r 0=0000000000000000] inst=[0000dffd] c.beqz  a5, pc - 2
C0:      11982 [1] pc=[0000000080001cb0] W[r15=0000000000000000][1] R[r13=0000000080002140] R[r 0=0000000000000000] inst=[0000669c] c.ld    a5, 8(a3)
C0:      11984 [1] pc=[0000000080001cb2] W[r 0=0000000000000000][0] R[r15=0000000000000000] R[r 0=0000000000000000] inst=[0000dffd] c.beqz  a5, pc - 2
C0:      11985 [1] pc=[0000000080001cb0] W[r15=0000000000000000][1] R[r13=0000000080002140] R[r 0=0000000000000000] inst=[0000669c] c.ld    a5, 8(a3)
C0:      11987 [1] pc=[0000000080001cb2] W[r 0=0000000000000000][0] R[r15=0000000000000000] R[r 0=0000000000000000] inst=[0000dffd] c.beqz  a5, pc - 2
C0:      11988 [1] pc=[0000000080001cb0] W[r15=0000000000000000][1] R[r13=0000000080002140] R[r 0=0000000000000000] inst=[0000669c] c.ld    a5, 8(a3)
C0:      11990 [1] pc=[0000000080001cb2] W[r 0=0000000000000000][0] R[r15=0000000000000000] R[r 0=0000000000000000] inst=[0000dffd] c.beqz  a5, pc - 2
C0:      11991 [1] pc=[0000000080001cb0] W[r15=0000000000000000][1] R[r13=0000000080002140] R[r 0=0000000000000000] inst=[0000669c] c.ld    a5, 8(a3)
C0:      11993 [1] pc=[0000000080001cb2] W[r 0=0000000000000000][0] R[r15=0000000000000000] R[r 0=0000000000000000] inst=[0000dffd] c.beqz  a5, pc - 2
C0:      11994 [1] pc=[0000000080001cb0] W[r15=0000000000000000][1] R[r13=0000000080002140] R[r 0=0000000000000000] inst=[0000669c] c.ld    a5, 8(a3)
C0:      11996 [1] pc=[0000000080001cb2] W[r 0=0000000000000000][0] R[r15=0000000000000000] R[r 0=0000000000000000] inst=[0000dffd] c.beqz  a5, pc - 2
C0:      11997 [1] pc=[0000000080001cb0] W[r15=0000000000000000][1] R[r13=0000000080002140] R[r 0=0000000000000000] inst=[0000669c] c.ld    a5, 8(a3)
C0:      11999 [1] pc=[0000000080001cb2] W[r 0=0000000000000000][0] R[r15=0000000000000000] R[r 0=0000000000000000] inst=[0000dffd] c.beqz  a5, pc - 2
C0:      12000 [1] pc=[0000000080001cb0] W[r15=0000000000000000][1] R[r13=0000000080002140] R[r 0=0000000000000000] inst=[0000669c] c.ld    a5, 8(a3)
C0:      12002 [1] pc=[0000000080001cb2] W[r 0=0000000000000000][0] R[r15=0000000000000000] R[r 0=0000000000000000] inst=[0000dffd] c.beqz  a5, pc - 2
C0:      12003 [1] pc=[0000000080001cb0] W[r15=0000000000000000][1] R[r13=0000000080002140] R[r 0=0000000000000000] inst=[0000669c] c.ld    a5, 8(a3)
C0:      12005 [1] pc=[0000000080001cb2] W[r 0=0000000000000000][0] R[r15=0000000000000000] R[r 0=0000000000000000] inst=[0000dffd] c.beqz  a5, pc - 2
C0:      12006 [1] pc=[0000000080001cb0] W[r15=0000000000000000][1] R[r13=0000000080002140] R[r 0=0000000000000000] inst=[0000669c] c.ld    a5, 8(a3)
C0:      12008 [1] pc=[0000000080001cb2] W[r 0=0000000000000000][0] R[r15=0000000000000000] R[r 0=0000000000000000] inst=[0000dffd] c.beqz  a5, pc - 2
C0:      12009 [1] pc=[0000000080001cb0] W[r15=0000000000000000][1] R[r13=0000000080002140] R[r 0=0000000000000000] inst=[0000669c] c.ld    a5, 8(a3)
C0:      12011 [1] pc=[0000000080001cb2] W[r 0=0000000000000000][0] R[r15=0000000000000000] R[r 0=0000000000000000] inst=[0000dffd] c.beqz  a5, pc - 2
C0:      12012 [1] pc=[0000000080001cb0] W[r15=0000000000000000][1] R[r13=0000000080002140] R[r 0=0000000000000000] inst=[0000669c] c.ld    a5, 8(a3)
C0:      12014 [1] pc=[0000000080001cb2] W[r 0=0000000000000000][0] R[r15=0000000000000000] R[r 0=0000000000000000] inst=[0000dffd] c.beqz  a5, pc - 2
C0:      12015 [1] pc=[0000000080001cb0] W[r15=0000000000000000][1] R[r13=0000000080002140] R[r 0=0000000000000000] inst=[0000669c] c.ld    a5, 8(a3)
C0:      12017 [1] pc=[0000000080001cb2] W[r 0=0000000000000000][0] R[r15=0000000000000000] R[r 0=0000000000000000] inst=[0000dffd] c.beqz  a5, pc - 2
C0:      12018 [1] pc=[0000000080001cb0] W[r15=0000000000000000][1] R[r13=0000000080002140] R[r 0=0000000000000000] inst=[0000669c] c.ld    a5, 8(a3)
C0:      12020 [1] pc=[0000000080001cb2] W[r 0=0000000000000000][0] R[r15=0000000000000000] R[r 0=0000000000000000] inst=[0000dffd] c.beqz  a5, pc - 2
C0:      12021 [1] pc=[0000000080001cb0] W[r15=0000000000000000][1] R[r13=0000000080002140] R[r 0=0000000000000000] inst=[0000669c] c.ld    a5, 8(a3)
C0:      12023 [1] pc=[0000000080001cb2] W[r 0=0000000000000000][0] R[r15=0000000000000000] R[r 0=0000000000000000] inst=[0000dffd] c.beqz  a5, pc - 2
C0:      12024 [1] pc=[0000000080001cb0] W[r15=0000000000000000][1] R[r13=0000000080002140] R[r 0=0000000000000000] inst=[0000669c] c.ld    a5, 8(a3)
C0:      12026 [1] pc=[0000000080001cb2] W[r 0=0000000000000000][0] R[r15=0000000000000000] R[r 0=0000000000000000] inst=[0000dffd] c.beqz  a5, pc - 2
C0:      12027 [1] pc=[0000000080001cb0] W[r15=0000000000000000][1] R[r13=0000000080002140] R[r 0=0000000000000000] inst=[0000669c] c.ld    a5, 8(a3)
C0:      12029 [1] pc=[0000000080001cb2] W[r 0=0000000000000000][0] R[r15=0000000000000000] R[r 0=0000000000000000] inst=[0000dffd] c.beqz  a5, pc - 2
C0:      12030 [1] pc=[0000000080001cb0] W[r15=0000000000000000][1] R[r13=0000000080002140] R[r 0=0000000000000000] inst=[0000669c] c.ld    a5, 8(a3)
C0:      12032 [1] pc=[0000000080001cb2] W[r 0=0000000000000000][0] R[r15=0000000000000000] R[r 0=0000000000000000] inst=[0000dffd] c.beqz  a5, pc - 2
C0:      12033 [1] pc=[0000000080001cb0] W[r15=0000000000000000][1] R[r13=0000000080002140] R[r 0=0000000000000000] inst=[0000669c] c.ld    a5, 8(a3)
C0:      12035 [1] pc=[0000000080001cb2] W[r 0=0000000000000000][0] R[r15=0000000000000000] R[r 0=0000000000000000] inst=[0000dffd] c.beqz  a5, pc - 2
C0:      12036 [1] pc=[0000000080001cb0] W[r15=0000000000000000][1] R[r13=0000000080002140] R[r 0=0000000000000000] inst=[0000669c] c.ld    a5, 8(a3)
C0:      12038 [1] pc=[0000000080001cb2] W[r 0=0000000000000000][0] R[r15=0000000000000000] R[r 0=0000000000000000] inst=[0000dffd] c.beqz  a5, pc - 2
C0:      12039 [1] pc=[0000000080001cb0] W[r15=0000000000000000][1] R[r13=0000000080002140] R[r 0=0000000000000000] inst=[0000669c] c.ld    a5, 8(a3)
C0:      12041 [1] pc=[0000000080001cb2] W[r 0=0000000000000000][0] R[r15=0000000000000000] R[r 0=0000000000000000] inst=[0000dffd] c.beqz  a5, pc - 2
C0:      12042 [1] pc=[0000000080001cb0] W[r15=0000000000000000][1] R[r13=0000000080002140] R[r 0=0000000000000000] inst=[0000669c] c.ld    a5, 8(a3)
C0:      12044 [1] pc=[0000000080001cb2] W[r 0=0000000000000000][0] R[r15=0000000000000000] R[r 0=0000000000000000] inst=[0000dffd] c.beqz  a5, pc - 2
C0:      12045 [1] pc=[0000000080001cb0] W[r15=0000000000000000][1] R[r13=0000000080002140] R[r 0=0000000000000000] inst=[0000669c] c.ld    a5, 8(a3)
C0:      12047 [1] pc=[0000000080001cb2] W[r 0=0000000000000000][0] R[r15=0000000000000000] R[r 0=0000000000000000] inst=[0000dffd] c.beqz  a5, pc - 2
C0:      12048 [1] pc=[0000000080001cb0] W[r15=0000000000000000][1] R[r13=0000000080002140] R[r 0=0000000000000000] inst=[0000669c] c.ld    a5, 8(a3)
C0:      12050 [1] pc=[0000000080001cb2] W[r 0=0000000000000000][0] R[r15=0000000000000000] R[r 0=0000000000000000] inst=[0000dffd] c.beqz  a5, pc - 2
C0:      12051 [1] pc=[0000000080001cb0] W[r15=0000000000000000][1] R[r13=0000000080002140] R[r 0=0000000000000000] inst=[0000669c] c.ld    a5, 8(a3)
C0:      12053 [1] pc=[0000000080001cb2] W[r 0=0000000000000000][0] R[r15=0000000000000000] R[r 0=0000000000000000] inst=[0000dffd] c.beqz  a5, pc - 2
C0:      12054 [1] pc=[0000000080001cb0] W[r15=0000000000000000][1] R[r13=0000000080002140] R[r 0=0000000000000000] inst=[0000669c] c.ld    a5, 8(a3)
C0:      12056 [1] pc=[0000000080001cb2] W[r 0=0000000000000000][0] R[r15=0000000000000000] R[r 0=0000000000000000] inst=[0000dffd] c.beqz  a5, pc - 2
C0:      12057 [1] pc=[0000000080001cb0] W[r15=0000000000000000][1] R[r13=0000000080002140] R[r 0=0000000000000000] inst=[0000669c] c.ld    a5, 8(a3)
C0:      12059 [1] pc=[0000000080001cb2] W[r 0=0000000000000000][0] R[r15=0000000000000000] R[r 0=0000000000000000] inst=[0000dffd] c.beqz  a5, pc - 2
C0:      12060 [1] pc=[0000000080001cb0] W[r15=0000000000000000][1] R[r13=0000000080002140] R[r 0=0000000000000000] inst=[0000669c] c.ld    a5, 8(a3)
C0:      12062 [1] pc=[0000000080001cb2] W[r 0=0000000000000000][0] R[r15=0000000000000000] R[r 0=0000000000000000] inst=[0000dffd] c.beqz  a5, pc - 2
C0:      12063 [1] pc=[0000000080001cb0] W[r15=0000000000000000][1] R[r13=0000000080002140] R[r 0=0000000000000000] inst=[0000669c] c.ld    a5, 8(a3)
C0:      12065 [1] pc=[0000000080001cb2] W[r 0=0000000000000000][0] R[r15=0000000000000000] R[r 0=0000000000000000] inst=[0000dffd] c.beqz  a5, pc - 2
C0:      12066 [1] pc=[0000000080001cb0] W[r15=0000000000000000][1] R[r13=0000000080002140] R[r 0=0000000000000000] inst=[0000669c] c.ld    a5, 8(a3)
C0:      12068 [1] pc=[0000000080001cb2] W[r 0=0000000000000000][0] R[r15=0000000000000000] R[r 0=0000000000000000] inst=[0000dffd] c.beqz  a5, pc - 2
C0:      12069 [1] pc=[0000000080001cb0] W[r15=0000000000000000][1] R[r13=0000000080002140] R[r 0=0000000000000000] inst=[0000669c] c.ld    a5, 8(a3)
C0:      12071 [1] pc=[0000000080001cb2] W[r 0=0000000000000000][0] R[r15=0000000000000000] R[r 0=0000000000000000] inst=[0000dffd] c.beqz  a5, pc - 2
C0:      12072 [1] pc=[0000000080001cb0] W[r15=0000000000000000][1] R[r13=0000000080002140] R[r 0=0000000000000000] inst=[0000669c] c.ld    a5, 8(a3)
C0:      12074 [1] pc=[0000000080001cb2] W[r 0=0000000000000000][0] R[r15=0000000000000000] R[r 0=0000000000000000] inst=[0000dffd] c.beqz  a5, pc - 2
C0:      12075 [1] pc=[0000000080001cb0] W[r15=0000000000000000][1] R[r13=0000000080002140] R[r 0=0000000000000000] inst=[0000669c] c.ld    a5, 8(a3)
C0:      12077 [1] pc=[0000000080001cb2] W[r 0=0000000000000000][0] R[r15=0000000000000000] R[r 0=0000000000000000] inst=[0000dffd] c.beqz  a5, pc - 2
C0:      12078 [1] pc=[0000000080001cb0] W[r15=0000000000000000][1] R[r13=0000000080002140] R[r 0=0000000000000000] inst=[0000669c] c.ld    a5, 8(a3)
C0:      12080 [1] pc=[0000000080001cb2] W[r 0=0000000000000000][0] R[r15=0000000000000000] R[r 0=0000000000000000] inst=[0000dffd] c.beqz  a5, pc - 2
C0:      12081 [1] pc=[0000000080001cb0] W[r15=0000000000000000][1] R[r13=0000000080002140] R[r 0=0000000000000000] inst=[0000669c] c.ld    a5, 8(a3)
C0:      12083 [1] pc=[0000000080001cb2] W[r 0=0000000000000000][0] R[r15=0000000000000000] R[r 0=0000000000000000] inst=[0000dffd] c.beqz  a5, pc - 2
C0:      12084 [1] pc=[0000000080001cb0] W[r15=0000000000000000][1] R[r13=0000000080002140] R[r 0=0000000000000000] inst=[0000669c] c.ld    a5, 8(a3)
C0:      12086 [1] pc=[0000000080001cb2] W[r 0=0000000000000000][0] R[r15=0000000000000000] R[r 0=0000000000000000] inst=[0000dffd] c.beqz  a5, pc - 2
C0:      12087 [1] pc=[0000000080001cb0] W[r15=0000000000000000][1] R[r13=0000000080002140] R[r 0=0000000000000000] inst=[0000669c] c.ld    a5, 8(a3)
C0:      12089 [1] pc=[0000000080001cb2] W[r 0=0000000000000000][0] R[r15=0000000000000000] R[r 0=0000000000000000] inst=[0000dffd] c.beqz  a5, pc - 2
C0:      12090 [1] pc=[0000000080001cb0] W[r15=0000000000000000][1] R[r13=0000000080002140] R[r 0=0000000000000000] inst=[0000669c] c.ld    a5, 8(a3)
C0:      12092 [1] pc=[0000000080001cb2] W[r 0=0000000000000000][0] R[r15=0000000000000000] R[r 0=0000000000000000] inst=[0000dffd] c.beqz  a5, pc - 2
C0:      12093 [1] pc=[0000000080001cb0] W[r15=0000000000000000][1] R[r13=0000000080002140] R[r 0=0000000000000000] inst=[0000669c] c.ld    a5, 8(a3)
C0:      12095 [1] pc=[0000000080001cb2] W[r 0=0000000000000000][0] R[r15=0000000000000000] R[r 0=0000000000000000] inst=[0000dffd] c.beqz  a5, pc - 2
C0:      12096 [1] pc=[0000000080001cb0] W[r15=0000000000000000][1] R[r13=0000000080002140] R[r 0=0000000000000000] inst=[0000669c] c.ld    a5, 8(a3)
C0:      12098 [1] pc=[0000000080001cb2] W[r 0=0000000000000000][0] R[r15=0000000000000000] R[r 0=0000000000000000] inst=[0000dffd] c.beqz  a5, pc - 2
C0:      12099 [1] pc=[0000000080001cb0] W[r15=0000000000000000][1] R[r13=0000000080002140] R[r 0=0000000000000000] inst=[0000669c] c.ld    a5, 8(a3)
C0:      12101 [1] pc=[0000000080001cb2] W[r 0=0000000000000000][0] R[r15=0000000000000000] R[r 0=0000000000000000] inst=[0000dffd] c.beqz  a5, pc - 2
C0:      12102 [1] pc=[0000000080001cb0] W[r15=0000000000000000][1] R[r13=0000000080002140] R[r 0=0000000000000000] inst=[0000669c] c.ld    a5, 8(a3)
C0:      12104 [1] pc=[0000000080001cb2] W[r 0=0000000000000000][0] R[r15=0000000000000000] R[r 0=0000000000000000] inst=[0000dffd] c.beqz  a5, pc - 2
C0:      12105 [1] pc=[0000000080001cb0] W[r15=0000000000000000][1] R[r13=0000000080002140] R[r 0=0000000000000000] inst=[0000669c] c.ld    a5, 8(a3)
C0:      12107 [1] pc=[0000000080001cb2] W[r 0=0000000000000000][0] R[r15=0000000000000000] R[r 0=0000000000000000] inst=[0000dffd] c.beqz  a5, pc - 2
C0:      12108 [1] pc=[0000000080001cb0] W[r15=0000000000000000][1] R[r13=0000000080002140] R[r 0=0000000000000000] inst=[0000669c] c.ld    a5, 8(a3)
C0:      12110 [1] pc=[0000000080001cb2] W[r 0=0000000000000000][0] R[r15=0000000000000000] R[r 0=0000000000000000] inst=[0000dffd] c.beqz  a5, pc - 2
C0:      12111 [1] pc=[0000000080001cb0] W[r15=0000000000000000][1] R[r13=0000000080002140] R[r 0=0000000000000000] inst=[0000669c] c.ld    a5, 8(a3)
C0:      12113 [1] pc=[0000000080001cb2] W[r 0=0000000000000000][0] R[r15=0000000000000000] R[r 0=0000000000000000] inst=[0000dffd] c.beqz  a5, pc - 2
C0:      12114 [1] pc=[0000000080001cb0] W[r15=0000000000000000][1] R[r13=0000000080002140] R[r 0=0000000000000000] inst=[0000669c] c.ld    a5, 8(a3)
C0:      12116 [1] pc=[0000000080001cb2] W[r 0=0000000000000000][0] R[r15=0000000000000000] R[r 0=0000000000000000] inst=[0000dffd] c.beqz  a5, pc - 2
C0:      12117 [1] pc=[0000000080001cb0] W[r15=0000000000000000][1] R[r13=0000000080002140] R[r 0=0000000000000000] inst=[0000669c] c.ld    a5, 8(a3)
C0:      12119 [1] pc=[0000000080001cb2] W[r 0=0000000000000000][0] R[r15=0000000000000000] R[r 0=0000000000000000] inst=[0000dffd] c.beqz  a5, pc - 2
C0:      12120 [1] pc=[0000000080001cb0] W[r15=0000000000000000][1] R[r13=0000000080002140] R[r 0=0000000000000000] inst=[0000669c] c.ld    a5, 8(a3)
C0:      12122 [1] pc=[0000000080001cb2] W[r 0=0000000000000000][0] R[r15=0000000000000000] R[r 0=0000000000000000] inst=[0000dffd] c.beqz  a5, pc - 2
C0:      12123 [1] pc=[0000000080001cb0] W[r15=0000000000000000][1] R[r13=0000000080002140] R[r 0=0000000000000000] inst=[0000669c] c.ld    a5, 8(a3)
C0:      12125 [1] pc=[0000000080001cb2] W[r 0=0000000000000000][0] R[r15=0000000000000000] R[r 0=0000000000000000] inst=[0000dffd] c.beqz  a5, pc - 2
C0:      12126 [1] pc=[0000000080001cb0] W[r15=0000000000000000][1] R[r13=0000000080002140] R[r 0=0000000000000000] inst=[0000669c] c.ld    a5, 8(a3)
C0:      12128 [1] pc=[0000000080001cb2] W[r 0=0000000000000000][0] R[r15=0000000000000000] R[r 0=0000000000000000] inst=[0000dffd] c.beqz  a5, pc - 2
C0:      12129 [1] pc=[0000000080001cb0] W[r15=0000000000000000][1] R[r13=0000000080002140] R[r 0=0000000000000000] inst=[0000669c] c.ld    a5, 8(a3)
C0:      12131 [1] pc=[0000000080001cb2] W[r 0=0000000000000000][0] R[r15=0000000000000000] R[r 0=0000000000000000] inst=[0000dffd] c.beqz  a5, pc - 2
C0:      12132 [1] pc=[0000000080001cb0] W[r15=0000000000000000][1] R[r13=0000000080002140] R[r 0=0000000000000000] inst=[0000669c] c.ld    a5, 8(a3)
C0:      12134 [1] pc=[0000000080001cb2] W[r 0=0000000000000000][0] R[r15=0000000000000000] R[r 0=0000000000000000] inst=[0000dffd] c.beqz  a5, pc - 2
C0:      12135 [1] pc=[0000000080001cb0] W[r15=0000000000000000][1] R[r13=0000000080002140] R[r 0=0000000000000000] inst=[0000669c] c.ld    a5, 8(a3)
C0:      12137 [1] pc=[0000000080001cb2] W[r 0=0000000000000000][0] R[r15=0000000000000000] R[r 0=0000000000000000] inst=[0000dffd] c.beqz  a5, pc - 2
C0:      12138 [1] pc=[0000000080001cb0] W[r15=0000000000000000][1] R[r13=0000000080002140] R[r 0=0000000000000000] inst=[0000669c] c.ld    a5, 8(a3)
C0:      12140 [1] pc=[0000000080001cb2] W[r 0=0000000000000000][0] R[r15=0000000000000000] R[r 0=0000000000000000] inst=[0000dffd] c.beqz  a5, pc - 2
C0:      12141 [1] pc=[0000000080001cb0] W[r15=0000000000000000][1] R[r13=0000000080002140] R[r 0=0000000000000000] inst=[0000669c] c.ld    a5, 8(a3)
C0:      12143 [1] pc=[0000000080001cb2] W[r 0=0000000000000000][0] R[r15=0000000000000000] R[r 0=0000000000000000] inst=[0000dffd] c.beqz  a5, pc - 2
C0:      12144 [1] pc=[0000000080001cb0] W[r15=0000000000000000][1] R[r13=0000000080002140] R[r 0=0000000000000000] inst=[0000669c] c.ld    a5, 8(a3)
C0:      12146 [1] pc=[0000000080001cb2] W[r 0=0000000000000000][0] R[r15=0000000000000000] R[r 0=0000000000000000] inst=[0000dffd] c.beqz  a5, pc - 2
C0:      12147 [1] pc=[0000000080001cb0] W[r15=0000000000000000][1] R[r13=0000000080002140] R[r 0=0000000000000000] inst=[0000669c] c.ld    a5, 8(a3)
C0:      12149 [1] pc=[0000000080001cb2] W[r 0=0000000000000000][0] R[r15=0000000000000000] R[r 0=0000000000000000] inst=[0000dffd] c.beqz  a5, pc - 2
C0:      12150 [1] pc=[0000000080001cb0] W[r15=0000000000000000][1] R[r13=0000000080002140] R[r 0=0000000000000000] inst=[0000669c] c.ld    a5, 8(a3)
C0:      12152 [1] pc=[0000000080001cb2] W[r 0=0000000000000000][0] R[r15=0000000000000000] R[r 0=0000000000000000] inst=[0000dffd] c.beqz  a5, pc - 2
C0:      12153 [1] pc=[0000000080001cb0] W[r15=0000000000000000][1] R[r13=0000000080002140] R[r 0=0000000000000000] inst=[0000669c] c.ld    a5, 8(a3)
C0:      12155 [1] pc=[0000000080001cb2] W[r 0=0000000000000000][0] R[r15=0000000000000000] R[r 0=0000000000000000] inst=[0000dffd] c.beqz  a5, pc - 2
C0:      12156 [1] pc=[0000000080001cb0] W[r15=0000000000000000][1] R[r13=0000000080002140] R[r 0=0000000000000000] inst=[0000669c] c.ld    a5, 8(a3)
C0:      12158 [1] pc=[0000000080001cb2] W[r 0=0000000000000000][0] R[r15=0000000000000000] R[r 0=0000000000000000] inst=[0000dffd] c.beqz  a5, pc - 2
C0:      12159 [1] pc=[0000000080001cb0] W[r15=0000000000000000][1] R[r13=0000000080002140] R[r 0=0000000000000000] inst=[0000669c] c.ld    a5, 8(a3)
C0:      12161 [1] pc=[0000000080001cb2] W[r 0=0000000000000000][0] R[r15=0000000000000000] R[r 0=0000000000000000] inst=[0000dffd] c.beqz  a5, pc - 2
C0:      12162 [1] pc=[0000000080001cb0] W[r15=0000000000000000][1] R[r13=0000000080002140] R[r 0=0000000000000000] inst=[0000669c] c.ld    a5, 8(a3)
C0:      12164 [1] pc=[0000000080001cb2] W[r 0=0000000000000000][0] R[r15=0000000000000000] R[r 0=0000000000000000] inst=[0000dffd] c.beqz  a5, pc - 2
C0:      12165 [1] pc=[0000000080001cb0] W[r15=0000000000000000][1] R[r13=0000000080002140] R[r 0=0000000000000000] inst=[0000669c] c.ld    a5, 8(a3)
C0:      12167 [1] pc=[0000000080001cb2] W[r 0=0000000000000000][0] R[r15=0000000000000000] R[r 0=0000000000000000] inst=[0000dffd] c.beqz  a5, pc - 2
C0:      12168 [1] pc=[0000000080001cb0] W[r15=0000000000000000][1] R[r13=0000000080002140] R[r 0=0000000000000000] inst=[0000669c] c.ld    a5, 8(a3)
C0:      12170 [1] pc=[0000000080001cb2] W[r 0=0000000000000000][0] R[r15=0000000000000000] R[r 0=0000000000000000] inst=[0000dffd] c.beqz  a5, pc - 2
C0:      12171 [1] pc=[0000000080001cb0] W[r15=0000000000000000][1] R[r13=0000000080002140] R[r 0=0000000000000000] inst=[0000669c] c.ld    a5, 8(a3)
C0:      12173 [1] pc=[0000000080001cb2] W[r 0=0000000000000000][0] R[r15=0000000000000000] R[r 0=0000000000000000] inst=[0000dffd] c.beqz  a5, pc - 2
C0:      12174 [1] pc=[0000000080001cb0] W[r15=0000000000000000][1] R[r13=0000000080002140] R[r 0=0000000000000000] inst=[0000669c] c.ld    a5, 8(a3)
C0:      12176 [1] pc=[0000000080001cb2] W[r 0=0000000000000000][0] R[r15=0000000000000000] R[r 0=0000000000000000] inst=[0000dffd] c.beqz  a5, pc - 2
C0:      12177 [1] pc=[0000000080001cb0] W[r15=0000000000000000][1] R[r13=0000000080002140] R[r 0=0000000000000000] inst=[0000669c] c.ld    a5, 8(a3)
C0:      12179 [1] pc=[0000000080001cb2] W[r 0=0000000000000000][0] R[r15=0000000000000000] R[r 0=0000000000000000] inst=[0000dffd] c.beqz  a5, pc - 2
C0:      12180 [1] pc=[0000000080001cb0] W[r15=0000000000000000][1] R[r13=0000000080002140] R[r 0=0000000000000000] inst=[0000669c] c.ld    a5, 8(a3)
C0:      12182 [1] pc=[0000000080001cb2] W[r 0=0000000000000000][0] R[r15=0000000000000000] R[r 0=0000000000000000] inst=[0000dffd] c.beqz  a5, pc - 2
C0:      12183 [1] pc=[0000000080001cb0] W[r15=0000000000000000][1] R[r13=0000000080002140] R[r 0=0000000000000000] inst=[0000669c] c.ld    a5, 8(a3)
C0:      12185 [1] pc=[0000000080001cb2] W[r 0=0000000000000000][0] R[r15=0000000000000000] R[r 0=0000000000000000] inst=[0000dffd] c.beqz  a5, pc - 2
C0:      12186 [1] pc=[0000000080001cb0] W[r15=0000000000000000][1] R[r13=0000000080002140] R[r 0=0000000000000000] inst=[0000669c] c.ld    a5, 8(a3)
C0:      12188 [1] pc=[0000000080001cb2] W[r 0=0000000000000000][0] R[r15=0000000000000000] R[r 0=0000000000000000] inst=[0000dffd] c.beqz  a5, pc - 2
C0:      12189 [1] pc=[0000000080001cb0] W[r15=0000000000000000][1] R[r13=0000000080002140] R[r 0=0000000000000000] inst=[0000669c] c.ld    a5, 8(a3)
C0:      12191 [1] pc=[0000000080001cb2] W[r 0=0000000000000000][0] R[r15=0000000000000000] R[r 0=0000000000000000] inst=[0000dffd] c.beqz  a5, pc - 2
C0:      12192 [1] pc=[0000000080001cb0] W[r15=0000000000000000][1] R[r13=0000000080002140] R[r 0=0000000000000000] inst=[0000669c] c.ld    a5, 8(a3)
C0:      12194 [1] pc=[0000000080001cb2] W[r 0=0000000000000000][0] R[r15=0000000000000000] R[r 0=0000000000000000] inst=[0000dffd] c.beqz  a5, pc - 2
C0:      12195 [1] pc=[0000000080001cb0] W[r15=0000000000000000][1] R[r13=0000000080002140] R[r 0=0000000000000000] inst=[0000669c] c.ld    a5, 8(a3)
C0:      12197 [1] pc=[0000000080001cb2] W[r 0=0000000000000000][0] R[r15=0000000000000000] R[r 0=0000000000000000] inst=[0000dffd] c.beqz  a5, pc - 2
C0:      12198 [1] pc=[0000000080001cb0] W[r15=0000000000000000][1] R[r13=0000000080002140] R[r 0=0000000000000000] inst=[0000669c] c.ld    a5, 8(a3)
C0:      12200 [1] pc=[0000000080001cb2] W[r 0=0000000000000000][0] R[r15=0000000000000000] R[r 0=0000000000000000] inst=[0000dffd] c.beqz  a5, pc - 2
C0:      12201 [1] pc=[0000000080001cb0] W[r15=0000000000000000][1] R[r13=0000000080002140] R[r 0=0000000000000000] inst=[0000669c] c.ld    a5, 8(a3)
C0:      12203 [1] pc=[0000000080001cb2] W[r 0=0000000000000000][0] R[r15=0000000000000000] R[r 0=0000000000000000] inst=[0000dffd] c.beqz  a5, pc - 2
C0:      12204 [1] pc=[0000000080001cb0] W[r15=0000000000000000][1] R[r13=0000000080002140] R[r 0=0000000000000000] inst=[0000669c] c.ld    a5, 8(a3)
C0:      12206 [1] pc=[0000000080001cb2] W[r 0=0000000000000000][0] R[r15=0000000000000000] R[r 0=0000000000000000] inst=[0000dffd] c.beqz  a5, pc - 2
C0:      12207 [1] pc=[0000000080001cb0] W[r15=0000000000000000][1] R[r13=0000000080002140] R[r 0=0000000000000000] inst=[0000669c] c.ld    a5, 8(a3)
C0:      12209 [1] pc=[0000000080001cb2] W[r 0=0000000000000000][0] R[r15=0000000000000000] R[r 0=0000000000000000] inst=[0000dffd] c.beqz  a5, pc - 2
C0:      12210 [1] pc=[0000000080001cb0] W[r15=0000000000000000][1] R[r13=0000000080002140] R[r 0=0000000000000000] inst=[0000669c] c.ld    a5, 8(a3)
C0:      12212 [1] pc=[0000000080001cb2] W[r 0=0000000000000000][0] R[r15=0000000000000000] R[r 0=0000000000000000] inst=[0000dffd] c.beqz  a5, pc - 2
C0:      12213 [1] pc=[0000000080001cb0] W[r15=0000000000000000][1] R[r13=0000000080002140] R[r 0=0000000000000000] inst=[0000669c] c.ld    a5, 8(a3)
C0:      12215 [1] pc=[0000000080001cb2] W[r 0=0000000000000000][0] R[r15=0000000000000000] R[r 0=0000000000000000] inst=[0000dffd] c.beqz  a5, pc - 2
C0:      12216 [1] pc=[0000000080001cb0] W[r15=0000000000000000][1] R[r13=0000000080002140] R[r 0=0000000000000000] inst=[0000669c] c.ld    a5, 8(a3)
C0:      12218 [1] pc=[0000000080001cb2] W[r 0=0000000000000000][0] R[r15=0000000000000000] R[r 0=0000000000000000] inst=[0000dffd] c.beqz  a5, pc - 2
C0:      12219 [1] pc=[0000000080001cb0] W[r15=0000000000000000][1] R[r13=0000000080002140] R[r 0=0000000000000000] inst=[0000669c] c.ld    a5, 8(a3)
C0:      12221 [1] pc=[0000000080001cb2] W[r 0=0000000000000000][0] R[r15=0000000000000000] R[r 0=0000000000000000] inst=[0000dffd] c.beqz  a5, pc - 2
C0:      12222 [1] pc=[0000000080001cb0] W[r15=0000000000000000][1] R[r13=0000000080002140] R[r 0=0000000000000000] inst=[0000669c] c.ld    a5, 8(a3)
C0:      12224 [1] pc=[0000000080001cb2] W[r 0=0000000000000000][0] R[r15=0000000000000000] R[r 0=0000000000000000] inst=[0000dffd] c.beqz  a5, pc - 2
C0:      12225 [1] pc=[0000000080001cb0] W[r15=0000000000000000][1] R[r13=0000000080002140] R[r 0=0000000000000000] inst=[0000669c] c.ld    a5, 8(a3)
C0:      12227 [1] pc=[0000000080001cb2] W[r 0=0000000000000000][0] R[r15=0000000000000000] R[r 0=0000000000000000] inst=[0000dffd] c.beqz  a5, pc - 2
C0:      12228 [1] pc=[0000000080001cb0] W[r15=0000000000000000][1] R[r13=0000000080002140] R[r 0=0000000000000000] inst=[0000669c] c.ld    a5, 8(a3)
C0:      12230 [1] pc=[0000000080001cb2] W[r 0=0000000000000000][0] R[r15=0000000000000000] R[r 0=0000000000000000] inst=[0000dffd] c.beqz  a5, pc - 2
C0:      12231 [1] pc=[0000000080001cb0] W[r15=0000000000000000][1] R[r13=0000000080002140] R[r 0=0000000000000000] inst=[0000669c] c.ld    a5, 8(a3)
C0:      12233 [1] pc=[0000000080001cb2] W[r 0=0000000000000000][0] R[r15=0000000000000000] R[r 0=0000000000000000] inst=[0000dffd] c.beqz  a5, pc - 2
C0:      12234 [1] pc=[0000000080001cb0] W[r15=0000000000000000][1] R[r13=0000000080002140] R[r 0=0000000000000000] inst=[0000669c] c.ld    a5, 8(a3)
C0:      12236 [1] pc=[0000000080001cb2] W[r 0=0000000000000000][0] R[r15=0000000000000000] R[r 0=0000000000000000] inst=[0000dffd] c.beqz  a5, pc - 2
C0:      12237 [1] pc=[0000000080001cb0] W[r15=0000000000000000][1] R[r13=0000000080002140] R[r 0=0000000000000000] inst=[0000669c] c.ld    a5, 8(a3)
C0:      12239 [1] pc=[0000000080001cb2] W[r 0=0000000000000000][0] R[r15=0000000000000000] R[r 0=0000000000000000] inst=[0000dffd] c.beqz  a5, pc - 2
C0:      12240 [1] pc=[0000000080001cb0] W[r15=0000000000000000][1] R[r13=0000000080002140] R[r 0=0000000000000000] inst=[0000669c] c.ld    a5, 8(a3)
C0:      12242 [1] pc=[0000000080001cb2] W[r 0=0000000000000000][0] R[r15=0000000000000000] R[r 0=0000000000000000] inst=[0000dffd] c.beqz  a5, pc - 2
C0:      12243 [1] pc=[0000000080001cb0] W[r15=0000000000000000][1] R[r13=0000000080002140] R[r 0=0000000000000000] inst=[0000669c] c.ld    a5, 8(a3)
C0:      12245 [1] pc=[0000000080001cb2] W[r 0=0000000000000000][0] R[r15=0000000000000000] R[r 0=0000000000000000] inst=[0000dffd] c.beqz  a5, pc - 2
C0:      12251 [1] pc=[0000000080001cb0] W[r15=0000000000000000][1] R[r13=0000000080002140] R[r 0=0000000000000000] inst=[0000669c] c.ld    a5, 8(a3)
C0:      12253 [1] pc=[0000000080001cb2] W[r 0=0000000000000000][0] R[r15=0000000000000000] R[r 0=0000000000000000] inst=[0000dffd] c.beqz  a5, pc - 2
C0:      12254 [1] pc=[0000000080001cb0] W[r15=0000000000000000][1] R[r13=0000000080002140] R[r 0=0000000000000000] inst=[0000669c] c.ld    a5, 8(a3)
C0:      12256 [1] pc=[0000000080001cb2] W[r 0=0000000000000000][0] R[r15=0000000000000000] R[r 0=0000000000000000] inst=[0000dffd] c.beqz  a5, pc - 2
C0:      12257 [1] pc=[0000000080001cb0] W[r15=0000000000000000][1] R[r13=0000000080002140] R[r 0=0000000000000000] inst=[0000669c] c.ld    a5, 8(a3)
C0:      12259 [1] pc=[0000000080001cb2] W[r 0=0000000000000000][0] R[r15=0000000000000000] R[r 0=0000000000000000] inst=[0000dffd] c.beqz  a5, pc - 2
C0:      12260 [1] pc=[0000000080001cb0] W[r15=0000000000000000][1] R[r13=0000000080002140] R[r 0=0000000000000000] inst=[0000669c] c.ld    a5, 8(a3)
C0:      12262 [1] pc=[0000000080001cb2] W[r 0=0000000000000000][0] R[r15=0000000000000000] R[r 0=0000000000000000] inst=[0000dffd] c.beqz  a5, pc - 2
C0:      12263 [1] pc=[0000000080001cb0] W[r15=0000000000000000][1] R[r13=0000000080002140] R[r 0=0000000000000000] inst=[0000669c] c.ld    a5, 8(a3)
C0:      12265 [1] pc=[0000000080001cb2] W[r 0=0000000000000000][0] R[r15=0000000000000000] R[r 0=0000000000000000] inst=[0000dffd] c.beqz  a5, pc - 2
C0:      12266 [1] pc=[0000000080001cb0] W[r15=0000000000000000][1] R[r13=0000000080002140] R[r 0=0000000000000000] inst=[0000669c] c.ld    a5, 8(a3)
C0:      12268 [1] pc=[0000000080001cb2] W[r 0=0000000000000000][0] R[r15=0000000000000000] R[r 0=0000000000000000] inst=[0000dffd] c.beqz  a5, pc - 2
C0:      12269 [1] pc=[0000000080001cb0] W[r15=0000000000000000][1] R[r13=0000000080002140] R[r 0=0000000000000000] inst=[0000669c] c.ld    a5, 8(a3)
C0:      12271 [1] pc=[0000000080001cb2] W[r 0=0000000000000000][0] R[r15=0000000000000000] R[r 0=0000000000000000] inst=[0000dffd] c.beqz  a5, pc - 2
C0:      12272 [1] pc=[0000000080001cb0] W[r15=0000000000000000][1] R[r13=0000000080002140] R[r 0=0000000000000000] inst=[0000669c] c.ld    a5, 8(a3)
C0:      12274 [1] pc=[0000000080001cb2] W[r 0=0000000000000000][0] R[r15=0000000000000000] R[r 0=0000000000000000] inst=[0000dffd] c.beqz  a5, pc - 2
C0:      12275 [1] pc=[0000000080001cb0] W[r15=0000000000000000][1] R[r13=0000000080002140] R[r 0=0000000000000000] inst=[0000669c] c.ld    a5, 8(a3)
C0:      12277 [1] pc=[0000000080001cb2] W[r 0=0000000000000000][0] R[r15=0000000000000000] R[r 0=0000000000000000] inst=[0000dffd] c.beqz  a5, pc - 2
C0:      12278 [1] pc=[0000000080001cb0] W[r15=0000000000000000][1] R[r13=0000000080002140] R[r 0=0000000000000000] inst=[0000669c] c.ld    a5, 8(a3)
C0:      12280 [1] pc=[0000000080001cb2] W[r 0=0000000000000000][0] R[r15=0000000000000000] R[r 0=0000000000000000] inst=[0000dffd] c.beqz  a5, pc - 2
C0:      12281 [1] pc=[0000000080001cb0] W[r15=0000000000000000][1] R[r13=0000000080002140] R[r 0=0000000000000000] inst=[0000669c] c.ld    a5, 8(a3)
C0:      12283 [1] pc=[0000000080001cb2] W[r 0=0000000000000000][0] R[r15=0000000000000000] R[r 0=0000000000000000] inst=[0000dffd] c.beqz  a5, pc - 2
C0:      12284 [1] pc=[0000000080001cb0] W[r15=0000000000000000][1] R[r13=0000000080002140] R[r 0=0000000000000000] inst=[0000669c] c.ld    a5, 8(a3)
C0:      12286 [1] pc=[0000000080001cb2] W[r 0=0000000000000000][0] R[r15=0000000000000000] R[r 0=0000000000000000] inst=[0000dffd] c.beqz  a5, pc - 2
C0:      12287 [1] pc=[0000000080001cb0] W[r15=0000000000000000][1] R[r13=0000000080002140] R[r 0=0000000000000000] inst=[0000669c] c.ld    a5, 8(a3)
C0:      12289 [1] pc=[0000000080001cb2] W[r 0=0000000000000000][0] R[r15=0000000000000000] R[r 0=0000000000000000] inst=[0000dffd] c.beqz  a5, pc - 2
C0:      12290 [1] pc=[0000000080001cb0] W[r15=0000000000000000][1] R[r13=0000000080002140] R[r 0=0000000000000000] inst=[0000669c] c.ld    a5, 8(a3)
C0:      12292 [1] pc=[0000000080001cb2] W[r 0=0000000000000000][0] R[r15=0000000000000000] R[r 0=0000000000000000] inst=[0000dffd] c.beqz  a5, pc - 2
C0:      12314 [1] pc=[0000000080001cb0] W[r15=0000000000000001][1] R[r13=0000000080002140] R[r 0=0000000000000000] inst=[0000669c] c.ld    a5, 8(a3)
C0:      12316 [1] pc=[0000000080001cb2] W[r 0=0000000000000000][0] R[r15=0000000000000001] R[r 0=0000000000000000] inst=[0000dffd] c.beqz  a5, pc - 2
C0:      12320 [1] pc=[0000000080001cb4] W[r15=0000000080001cb4][1] R[r 0=0000000000000000] R[r 0=0000000000000000] inst=[00000797] auipc   a5, 0x0
C0:      12321 [1] pc=[0000000080001cb8] W[r 0=0000000000000000][0] R[r15=0000000080001cb4] R[r 0=0000000000000000] inst=[4807ba23] sd      zero, 1172(a5)
C0:      12325 [1] pc=[0000000080001cbc] W[r 0=ffffffffffffffff][1] R[r14=0000000080002230] R[r 0=0000000000000000] inst=[0a07202f] amoswap.w zero, zero, (a4)
C0:      12347 [1] pc=[0000000080001cc0] W[r 0=0000000000000000][0] R[r 0=0000000000000000] R[r 0=0000000000000000] inst=[0220000f] fence   r,r
C0:      12369 [1] pc=[0000000080001cc4] W[r10=000000000000000a][1] R[r 2=000000008002ad80] R[r 0=0000000000000000] inst=[00006502] c.ldsp  a0, 0(sp)
C0:      12370 [1] pc=[0000000080001cc6] W[r 2=000000008002adc0][1] R[r 2=000000008002ad80] R[r 0=0000000000000000] inst=[00006121] c.addi16sp sp, 64
C0:      12371 [1] pc=[0000000080001cc8] W[r 0=0000000080001cca][1] R[r 1=0000000080000db6] R[r 0=0000000000000000] inst=[00008082] ret
C0:      12375 [1] pc=[0000000080000db6] W[r15=ffffffffffffffff][1] R[r 0=0000000000000000] R[r 0=0000000000000000] inst=[000057fd] c.li    a5, -1
C0:      12376 [1] pc=[0000000080000db8] W[r 0=0000000000000000][0] R[r10=000000000000000a] R[r15=ffffffffffffffff] inst=[00f51663] bne     a0, a5, pc + 12
C0:      12378 [1] pc=[0000000080000dc4] W[r 1=0000000080001028][1] R[r 2=000000008002adc0] R[r 0=0000000000000000] inst=[000060a2] c.ldsp  ra, 8(sp)
C0:      12379 [1] pc=[0000000080000dc6] W[r 8=0000000080002440][1] R[r 2=000000008002adc0] R[r 0=0000000000000000] inst=[00006402] c.ldsp  s0, 0(sp)
C0:      12380 [1] pc=[0000000080000dc8] W[r 2=000000008002add0][1] R[r 2=000000008002adc0] R[r 0=0000000000000000] inst=[00000141] c.addi  sp, 16
C0:      12381 [1] pc=[0000000080000dca] W[r 0=0000000080000dcc][1] R[r 1=0000000080001028] R[r 0=0000000000000000] inst=[00008082] ret
C0:      12385 [1] pc=[0000000080001028] W[r 0=0000000000000000][0] R[r 0=0000000000000000] R[r10=000000000000000a] inst=[00a04963] blt     zero, a0, pc + 18
C0:      12389 [1] pc=[000000008000103a] W[r19=0000000080002662][1] R[r19=0000000080002658] R[r10=000000000000000a] inst=[000099aa] c.add   s3, a0
C0:      12390 [1] pc=[000000008000103c] W[r18=0000000000000000][1] R[r18=000000000000000a] R[r10=000000000000000a] inst=[40a9093b] subw    s2, s2, a0
C0:      12391 [1] pc=[0000000080001040] W[r 0=0000000080001042][1] R[r 0=0000000000000000] R[r 0=0000000000000000] inst=[0000bfe1] c.j     pc - 40
C0:      12393 [1] pc=[0000000080001018] W[r 0=0000000000000000][0] R[r 0=0000000000000000] R[r18=0000000000000000] inst=[f12059e3] bge     zero, s2, pc - 238
C0:      12397 [1] pc=[0000000080000f2a] W[r10=0000000000000000][1] R[r 0=0000000000000000] R[r 0=0000000000000000] inst=[00004501] c.li    a0, 0
C0:      12398 [1] pc=[0000000080000f2c] W[r 1=0000000080000d52][1] R[r 2=000000008002add0] R[r 0=0000000000000000] inst=[000070a2] c.ldsp  ra, 40(sp)
C0:      12399 [1] pc=[0000000080000f2e] W[r 8=0000000080002440][1] R[r 2=000000008002add0] R[r 0=0000000000000000] inst=[00007402] c.ldsp  s0, 32(sp)
C0:      12400 [1] pc=[0000000080000f30] W[r 9=0000000080002150][1] R[r 2=000000008002add0] R[r 0=0000000000000000] inst=[000064e2] c.ldsp  s1, 24(sp)
C0:      12401 [1] pc=[0000000080000f32] W[r18=000000000000000a][1] R[r 2=000000008002add0] R[r 0=0000000000000000] inst=[00006942] c.ldsp  s2, 16(sp)
C0:      12402 [1] pc=[0000000080000f34] W[r19=000000000000000a][1] R[r 2=000000008002add0] R[r 0=0000000000000000] inst=[000069a2] c.ldsp  s3, 8(sp)
C0:      12403 [1] pc=[0000000080000f36] W[r 2=000000008002ae00][1] R[r 2=000000008002add0] R[r 0=0000000000000000] inst=[00006145] c.addi16sp sp, 48
C0:      12404 [1] pc=[0000000080000f38] W[r 0=0000000080000f3a][1] R[r 1=0000000080000d52] R[r 0=0000000000000000] inst=[00008082] ret
C0:      12408 [1] pc=[0000000080000d52] W[r 0=0000000000000000][0] R[r10=0000000000000000] R[r 0=0000000000000000] inst=[0000ed15] c.bnez  a0, pc + 60
C0:      12409 [1] pc=[0000000080000d54] W[r 1=00000000800008e0][1] R[r 2=000000008002ae00] R[r 0=0000000000000000] inst=[000070a2] c.ldsp  ra, 40(sp)
C0:      12410 [1] pc=[0000000080000d56] W[r 8=0000000080001f29][1] R[r 2=000000008002ae00] R[r 0=0000000000000000] inst=[00007402] c.ldsp  s0, 32(sp)
C0:      12411 [1] pc=[0000000080000d58] W[r 9=0000000080001f2a][1] R[r 2=000000008002ae00] R[r 0=0000000000000000] inst=[000064e2] c.ldsp  s1, 24(sp)
C0:      12412 [1] pc=[0000000080000d5a] W[r19=0000000080002440][1] R[r 2=000000008002ae00] R[r 0=0000000000000000] inst=[000069a2] c.ldsp  s3, 8(sp)
C0:      12413 [1] pc=[0000000080000d5c] W[r10=000000000000000a][1] R[r 0=0000000000000000] R[r18=000000000000000a] inst=[0000854a] c.mv    a0, s2
C0:      12414 [1] pc=[0000000080000d5e] W[r18=0000000080002150][1] R[r 2=000000008002ae00] R[r 0=0000000000000000] inst=[00006942] c.ldsp  s2, 16(sp)
C0:      12415 [1] pc=[0000000080000d60] W[r 2=000000008002ae30][1] R[r 2=000000008002ae00] R[r 0=0000000000000000] inst=[00006145] c.addi16sp sp, 48
C0:      12416 [1] pc=[0000000080000d62] W[r 0=0000000080000d64][1] R[r 1=00000000800008e0] R[r 0=0000000000000000] inst=[00008082] ret
C0:      12420 [1] pc=[00000000800008e0] W[r 8=0000000080001f2a][1] R[r 8=0000000080001f29] R[r 0=0000000000000000] inst=[00000405] c.addi  s0, 1
C0:      12421 [1] pc=[00000000800008e2] W[r 0=0000000000000000][0] R[r10=000000000000000a] R[r20=ffffffffffffffff] inst=[ff4515e3] bne     a0, s4, pc - 22
C0:      12422 [1] pc=[00000000800008cc] W[r 0=0000000000000000][0] R[r 8=0000000080001f2a] R[r 9=0000000080001f2a] inst=[00941463] bne     s0, s1, pc + 8
C0:      12423 [1] pc=[00000000800008d0] W[r10=0000000000000000][1] R[r 0=0000000000000000] R[r 0=0000000000000000] inst=[00004501] c.li    a0, 0
C0:      12424 [1] pc=[00000000800008d2] W[r 0=00000000800008d4][1] R[r 0=0000000000000000] R[r 0=0000000000000000] inst=[0000a811] c.j     pc + 20
C0:      12425 [1] pc=[00000000800008e6] W[r 1=00000000800009b0][1] R[r 2=000000008002ae30] R[r 0=0000000000000000] inst=[000070a2] c.ldsp  ra, 40(sp)
C0:      12426 [1] pc=[00000000800008e8] W[r 8=0000000080001f2a][1] R[r 2=000000008002ae30] R[r 0=0000000000000000] inst=[00007402] c.ldsp  s0, 32(sp)
C0:      12427 [1] pc=[00000000800008ea] W[r 9=0000000080002440][1] R[r 2=000000008002ae30] R[r 0=0000000000000000] inst=[000064e2] c.ldsp  s1, 24(sp)
C0:      12428 [1] pc=[00000000800008ec] W[r18=0000000080001f28][1] R[r 2=000000008002ae30] R[r 0=0000000000000000] inst=[00006942] c.ldsp  s2, 16(sp)
C0:      12429 [1] pc=[00000000800008ee] W[r19=0000000080002150][1] R[r 2=000000008002ae30] R[r 0=0000000000000000] inst=[000069a2] c.ldsp  s3, 8(sp)
C0:      12430 [1] pc=[00000000800008f0] W[r20=0000000000000000][1] R[r 2=000000008002ae30] R[r 0=0000000000000000] inst=[00006a02] c.ldsp  s4, 0(sp)
C0:      12431 [1] pc=[00000000800008f2] W[r 2=000000008002ae60][1] R[r 2=000000008002ae30] R[r 0=0000000000000000] inst=[00006145] c.addi16sp sp, 48
C0:      12432 [1] pc=[00000000800008f4] W[r 0=00000000800008f6][1] R[r 1=00000000800009b0] R[r 0=0000000000000000] inst=[00008082] ret
C0:      12436 [1] pc=[00000000800009b0] W[r 0=0000000000000000][0] R[r10=0000000000000000] R[r21=ffffffffffffffff] inst=[1f550d63] beq     a0, s5, pc + 506
C0:      12437 [1] pc=[00000000800009b4] W[r15=0000000000000000][1] R[r 2=000000008002ae60] R[r 0=0000000000000000] inst=[00005792] c.lwsp  a5, 36(sp)
C0:      12439 [1] pc=[00000000800009b6] W[r15=0000000000000002][1] R[r15=0000000000000000] R[r26=0000000000000002] inst=[01a787bb] addw    a5, a5, s10
C0:      12440 [1] pc=[00000000800009ba] W[r 0=0000000000000000][0] R[r 2=000000008002ae60] R[r15=0000000000000002] inst=[0000d23e] c.swsp  a5, 36(sp)
C0:      12441 [1] pc=[00000000800009bc] W[r15=0000000000000000][1] R[r 8=0000000080001f2a] R[r 0=0000000000000000] inst=[00044783] lbu     a5, 0(s0)
C0:      12444 [1] pc=[00000000800009c0] W[r 0=0000000000000000][0] R[r15=0000000000000000] R[r 0=0000000000000000] inst=[1e078563] beqz    a5, pc + 490
C0:      12449 [1] pc=[0000000080000baa] W[r15=0000000000000089][1] R[r 9=0000000080002440] R[r 0=0000000000000000] inst=[0104d783] lhu     a5, 16(s1)
C0:      12452 [1] pc=[0000000080000bae] W[r15=0000000000000000][1] R[r15=0000000000000089] R[r 0=0000000000000000] inst=[0407f793] andi    a5, a5, 64
C0:      12453 [1] pc=[0000000080000bb2] W[r 0=0000000000000000][0] R[r15=0000000000000000] R[r 0=0000000000000000] inst=[ea0796e3] bnez    a5, pc - 340
C0:      12454 [1] pc=[0000000080000bb6] W[r10=0000000000000002][1] R[r 2=000000008002ae60] R[r 0=0000000000000000] inst=[00005512] c.lwsp  a0, 36(sp)
C0:      12455 [1] pc=[0000000080000bb8] W[r 0=0000000080000bba][1] R[r 0=0000000000000000] R[r 0=0000000000000000] inst=[0000b565] c.j     pc - 344
C0:      12456 [1] pc=[0000000080000a60] W[r 1=00000000800004a8][1] R[r 2=000000008002ae60] R[r 0=0000000000000000] inst=[000060ae] c.ldsp  ra, 200(sp)
C0:      12457 [1] pc=[0000000080000a62] W[r 8=0000000080001f28][1] R[r 2=000000008002ae60] R[r 0=0000000000000000] inst=[0000640e] c.ldsp  s0, 192(sp)
C0:      12458 [1] pc=[0000000080000a64] W[r 9=0000000000000000][1] R[r 2=000000008002ae60] R[r 0=0000000000000000] inst=[000074ea] c.ldsp  s1, 184(sp)
C0:      12459 [1] pc=[0000000080000a66] W[r18=0000000000000000][1] R[r 2=000000008002ae60] R[r 0=0000000000000000] inst=[0000794a] c.ldsp  s2, 176(sp)
C0:      12460 [1] pc=[0000000080000a68] W[r19=0000000000000000][1] R[r 2=000000008002ae60] R[r 0=0000000000000000] inst=[000079aa] c.ldsp  s3, 168(sp)
C0:      12461 [1] pc=[0000000080000a6a] W[r20=0000000000000000][1] R[r 2=000000008002ae60] R[r 0=0000000000000000] inst=[00007a0a] c.ldsp  s4, 160(sp)
C0:      12462 [1] pc=[0000000080000a6c] W[r21=0000000000000000][1] R[r 2=000000008002ae60] R[r 0=0000000000000000] inst=[00006aea] c.ldsp  s5, 152(sp)
C0:      12463 [1] pc=[0000000080000a6e] W[r22=0000000000000000][1] R[r 2=000000008002ae60] R[r 0=0000000000000000] inst=[00006b4a] c.ldsp  s6, 144(sp)
C0:      12464 [1] pc=[0000000080000a70] W[r23=0000000000000000][1] R[r 2=000000008002ae60] R[r 0=0000000000000000] inst=[00006baa] c.ldsp  s7, 136(sp)
C0:      12465 [1] pc=[0000000080000a72] W[r24=0000000000000000][1] R[r 2=000000008002ae60] R[r 0=0000000000000000] inst=[00006c0a] c.ldsp  s8, 128(sp)
C0:      12466 [1] pc=[0000000080000a74] W[r25=0000000000000000][1] R[r 2=000000008002ae60] R[r 0=0000000000000000] inst=[00007ce6] c.ldsp  s9, 120(sp)
C0:      12467 [1] pc=[0000000080000a76] W[r26=0000000000000000][1] R[r 2=000000008002ae60] R[r 0=0000000000000000] inst=[00007d46] c.ldsp  s10, 112(sp)
C0:      12468 [1] pc=[0000000080000a78] W[r 2=000000008002af30][1] R[r 2=000000008002ae60] R[r 0=0000000000000000] inst=[00006169] c.addi16sp sp, 208
C0:      12469 [1] pc=[0000000080000a7a] W[r 0=0000000080000a7c][1] R[r 1=00000000800004a8] R[r 0=0000000000000000] inst=[00008082] ret
C0:      12470 [1] pc=[00000000800004a8] W[r 1=00000000800003f6][1] R[r 2=000000008002af30] R[r 0=0000000000000000] inst=[000070a2] c.ldsp  ra, 40(sp)
C0:      12471 [1] pc=[00000000800004aa] W[r 8=000000008002b000][1] R[r 2=000000008002af30] R[r 0=0000000000000000] inst=[00007402] c.ldsp  s0, 32(sp)
C0:      12472 [1] pc=[00000000800004ac] W[r 2=000000008002afa0][1] R[r 2=000000008002af30] R[r 0=0000000000000000] inst=[00006165] c.addi16sp sp, 112
C0:      12473 [1] pc=[00000000800004ae] W[r 0=00000000800004b0][1] R[r 1=00000000800003f6] R[r 0=0000000000000000] inst=[00008082] ret
C0:      12478 [1] pc=[00000000800003f6] W[r15=0000000000000000][1] R[r 8=000000008002b000] R[r 0=0000000000000000] inst=[fe042783] lw      a5, -32(s0)
C0:      12480 [1] pc=[00000000800003fa] W[r15=0000000000000001][1] R[r15=0000000000000000] R[r 0=0000000000000000] inst=[00002785] c.addiw a5, 1
C0:      12481 [1] pc=[00000000800003fc] W[r 0=0000000000000000][0] R[r 8=000000008002b000] R[r15=0000000000000001] inst=[fef42023] sw      a5, -32(s0)
C0:      12487 [1] pc=[0000000080000400] W[r15=0000000000000001][1] R[r 8=000000008002b000] R[r 0=0000000000000000] inst=[fe042783] lw      a5, -32(s0)
C0:      12489 [1] pc=[0000000080000404] W[r14=0000000000000001][1] R[r15=0000000000000001] R[r 0=0000000000000000] inst=[0007871b] sext.w  a4, a5
C0:      12490 [1] pc=[0000000080000408] W[r15=0000000000000001][1] R[r 0=0000000000000000] R[r 0=0000000000000000] inst=[00004785] c.li    a5, 1
C0:      12491 [1] pc=[000000008000040a] W[r 0=0000000000000000][0] R[r15=0000000000000001] R[r14=0000000000000001] inst=[f6e7dce3] bge     a5, a4, pc - 136
C0:      12496 [1] pc=[0000000080000382] W[r10=0000000080002382][1] R[r 0=0000000000000000] R[r 0=0000000000000000] inst=[00002517] auipc   a0, 0x2
C0:      12497 [1] pc=[0000000080000386] W[r10=0000000080001f10][1] R[r10=0000000080002382] R[r 0=0000000000000000] inst=[b8e50513] addi    a0, a0, -1138
C0:      12498 [1] pc=[000000008000038a] W[r 1=000000008000038e][1] R[r 0=0000000000000000] R[r 0=0000000000000000] inst=[0e6000ef] jal     pc + 0xe6
C0:      12500 [1] pc=[0000000080000470] W[r 2=000000008002af30][1] R[r 2=000000008002afa0] R[r 0=0000000000000000] inst=[00007159] c.addi16sp sp, -112
C0:      12501 [1] pc=[0000000080000472] W[r 0=0000000000000000][0] R[r 2=000000008002af30] R[r 8=000000008002b000] inst=[0000f022] c.sdsp  s0, 32(sp)
C0:      12502 [1] pc=[0000000080000474] W[r 0=0000000000000000][0] R[r 2=000000008002af30] R[r 1=000000008000038e] inst=[0000f406] c.sdsp  ra, 40(sp)
C0:      12503 [1] pc=[0000000080000476] W[r 8=0000000080001f10][1] R[r 0=0000000000000000] R[r10=0000000080001f10] inst=[0000842a] c.mv    s0, a0
C0:      12504 [1] pc=[0000000080000478] W[r 0=0000000000000000][0] R[r 2=000000008002af30] R[r11=0000000080002658] inst=[0000fc2e] c.sdsp  a1, 56(sp)
C0:      12505 [1] pc=[000000008000047a] W[r 0=0000000000000000][0] R[r 2=000000008002af30] R[r12=000000008002ad80] inst=[0000e0b2] c.sdsp  a2, 64(sp)
C0:      12506 [1] pc=[000000008000047c] W[r 0=0000000000000000][0] R[r 2=000000008002af30] R[r13=0000000080002140] inst=[0000e4b6] c.sdsp  a3, 72(sp)
C0:      12507 [1] pc=[000000008000047e] W[r 0=0000000000000000][0] R[r 2=000000008002af30] R[r14=0000000000000001] inst=[0000e8ba] c.sdsp  a4, 80(sp)
C0:      12508 [1] pc=[0000000080000480] W[r 0=0000000000000000][0] R[r 2=000000008002af30] R[r15=0000000000000001] inst=[0000ecbe] c.sdsp  a5, 88(sp)
C0:      12509 [1] pc=[0000000080000482] W[r 0=0000000000000000][0] R[r 2=000000008002af30] R[r16=000000000000000a] inst=[0000f0c2] c.sdsp  a6, 96(sp)
C0:      12510 [1] pc=[0000000080000484] W[r 0=0000000000000000][0] R[r 2=000000008002af30] R[r17=0000000000000000] inst=[0000f4c6] c.sdsp  a7, 104(sp)
C0:      12511 [1] pc=[0000000080000486] W[r10=0000000080002486][1] R[r 0=0000000000000000] R[r 0=0000000000000000] inst=[00002517] auipc   a0, 0x2
C0:      12512 [1] pc=[000000008000048a] W[r10=0000000080002150][1] R[r10=0000000080002486] R[r 0=0000000000000000] inst=[d7a53503] ld      a0, -646(a0)
C0:      12514 [1] pc=[000000008000048e] W[r 0=0000000000000000][0] R[r10=0000000080002150] R[r 0=0000000000000000] inst=[0000c519] c.beqz  a0, pc + 14
C0:      12518 [1] pc=[0000000080000490] W[r15=0000000000000001][1] R[r10=0000000080002150] R[r 0=0000000000000000] inst=[0000591c] c.lw    a5, 48(a0)
C0:      12520 [1] pc=[0000000080000492] W[r 0=0000000000000000][0] R[r15=0000000000000001] R[r 0=0000000000000000] inst=[0000e789] c.bnez  a5, pc + 10
C0:      12521 [1] pc=[000000008000049c] W[r11=0000000080002440][1] R[r10=0000000080002150] R[r 0=0000000000000000] inst=[0000690c] c.ld    a1, 16(a0)
C0:      12522 [1] pc=[000000008000049e] W[r13=000000008002af68][1] R[r 2=000000008002af30] R[r 0=0000000000000000] inst=[00001834] c.addi4spn a3, sp, 56
C0:      12523 [1] pc=[00000000800004a0] W[r12=0000000080001f10][1] R[r 0=0000000000000000] R[r 8=0000000080001f10] inst=[00008622] c.mv    a2, s0
C0:      12524 [1] pc=[00000000800004a2] W[r 0=0000000000000000][0] R[r 2=000000008002af30] R[r13=000000008002af68] inst=[0000ec36] c.sdsp  a3, 24(sp)
C0:      12525 [1] pc=[00000000800004a4] W[r 1=00000000800004a8][1] R[r 0=0000000000000000] R[r 0=0000000000000000] inst=[47a000ef] jal     pc + 0x47a
C0:      12526 [1] pc=[000000008000091e] W[r 2=000000008002ae60][1] R[r 2=000000008002af30] R[r 0=0000000000000000] inst=[00007155] c.addi16sp sp, -208
C0:      12527 [1] pc=[0000000080000920] W[r 0=0000000000000000][0] R[r 2=000000008002ae60] R[r 8=0000000080001f10] inst=[0000e1a2] c.sdsp  s0, 192(sp)
C0:      12528 [1] pc=[0000000080000922] W[r 0=0000000000000000][0] R[r 2=000000008002ae60] R[r 9=0000000000000000] inst=[0000fd26] c.sdsp  s1, 184(sp)
C0:      12529 [1] pc=[0000000080000924] W[r 0=0000000000000000][0] R[r 2=000000008002ae60] R[r18=0000000000000000] inst=[0000f94a] c.sdsp  s2, 176(sp)
C0:      12530 [1] pc=[0000000080000926] W[r 0=0000000000000000][0] R[r 2=000000008002ae60] R[r19=0000000000000000] inst=[0000f54e] c.sdsp  s3, 168(sp)
C0:      12531 [1] pc=[0000000080000928] W[r 0=0000000000000000][0] R[r 2=000000008002ae60] R[r20=0000000000000000] inst=[0000f152] c.sdsp  s4, 160(sp)
C0:      12532 [1] pc=[000000008000092a] W[r 0=0000000000000000][0] R[r 2=000000008002ae60] R[r 1=00000000800004a8] inst=[0000e586] c.sdsp  ra, 200(sp)
C0:      12533 [1] pc=[000000008000092c] W[r 0=0000000000000000][0] R[r 2=000000008002ae60] R[r21=0000000000000000] inst=[0000ed56] c.sdsp  s5, 152(sp)
C0:      12534 [1] pc=[000000008000092e] W[r 0=0000000000000000][0] R[r 2=000000008002ae60] R[r22=0000000000000000] inst=[0000e95a] c.sdsp  s6, 144(sp)
C0:      12535 [1] pc=[0000000080000930] W[r 0=0000000000000000][0] R[r 2=000000008002ae60] R[r23=0000000000000000] inst=[0000e55e] c.sdsp  s7, 136(sp)
C0:      12536 [1] pc=[0000000080000932] W[r 0=0000000000000000][0] R[r 2=000000008002ae60] R[r24=0000000000000000] inst=[0000e162] c.sdsp  s8, 128(sp)
C0:      12537 [1] pc=[0000000080000934] W[r 0=0000000000000000][0] R[r 2=000000008002ae60] R[r25=0000000000000000] inst=[0000fce6] c.sdsp  s9, 120(sp)
C0:      12538 [1] pc=[0000000080000936] W[r 0=0000000000000000][0] R[r 2=000000008002ae60] R[r26=0000000000000000] inst=[0000f8ea] c.sdsp  s10, 112(sp)
C0:      12539 [1] pc=[0000000080000938] W[r19=0000000080002150][1] R[r 0=0000000000000000] R[r10=0000000080002150] inst=[000089aa] c.mv    s3, a0
C0:      12540 [1] pc=[000000008000093a] W[r 9=0000000080002440][1] R[r 0=0000000000000000] R[r11=0000000080002440] inst=[000084ae] c.mv    s1, a1
C0:      12541 [1] pc=[000000008000093c] W[r18=0000000080001f10][1] R[r 0=0000000000000000] R[r12=0000000080001f10] inst=[00008932] c.mv    s2, a2
C0:      12542 [1] pc=[000000008000093e] W[r 8=000000008002af68][1] R[r 0=0000000000000000] R[r13=000000008002af68] inst=[00008436] c.mv    s0, a3
C0:      12543 [1] pc=[0000000080000940] W[r20=0000000000000000][1] R[r 0=0000000000000000] R[r 0=0000000000000000] inst=[00004a01] c.li    s4, 0
C0:      12544 [1] pc=[0000000080000942] W[r 0=0000000000000000][0] R[r10=0000000080002150] R[r 0=0000000000000000] inst=[0000c509] c.beqz  a0, pc + 10
C0:      12545 [1] pc=[0000000080000944] W[r15=0000000000000001][1] R[r10=0000000080002150] R[r 0=0000000000000000] inst=[0000591c] c.lw    a5, 48(a0)
C0:      12547 [1] pc=[0000000080000946] W[r 0=0000000000000000][0] R[r15=0000000000000001] R[r 0=0000000000000000] inst=[0000e399] c.bnez  a5, pc + 6
C0:      12548 [1] pc=[000000008000094c] W[r15=000000008000194c][1] R[r 0=0000000000000000] R[r 0=0000000000000000] inst=[00001797] auipc   a5, 0x1
C0:      12549 [1] pc=[0000000080000950] W[r15=0000000080001fb0][1] R[r15=000000008000194c] R[r 0=0000000000000000] inst=[66478793] addi    a5, a5, 1636
C0:      12550 [1] pc=[0000000080000954] W[r 0=0000000000000000][0] R[r 9=0000000080002440] R[r15=0000000080001fb0] inst=[0cf49e63] bne     s1, a5, pc + 220
C0:      12554 [1] pc=[0000000080000a30] W[r15=0000000080001a30][1] R[r 0=0000000000000000] R[r 0=0000000000000000] inst=[00001797] auipc   a5, 0x1
C0:      12555 [1] pc=[0000000080000a34] W[r15=0000000080001fe8][1] R[r15=0000000080001a30] R[r 0=0000000000000000] inst=[5b878793] addi    a5, a5, 1464
C0:      12556 [1] pc=[0000000080000a38] W[r 0=0000000000000000][0] R[r 9=0000000080002440] R[r15=0000000080001fe8] inst=[00f49563] bne     s1, a5, pc + 10
C0:      12559 [1] pc=[0000000080000a42] W[r15=0000000080001a42][1] R[r 0=0000000000000000] R[r 0=0000000000000000] inst=[00001797] auipc   a5, 0x1
C0:      12560 [1] pc=[0000000080000a46] W[r15=0000000080001f78][1] R[r15=0000000080001a42] R[r 0=0000000000000000] inst=[53678793] addi    a5, a5, 1334
C0:      12561 [1] pc=[0000000080000a4a] W[r 0=0000000000000000][0] R[r 9=0000000080002440] R[r15=0000000080001f78] inst=[f0f499e3] bne     s1, a5, pc - 238
C0:      12565 [1] pc=[000000008000095c] W[r15=0000000000000089][1] R[r 9=0000000080002440] R[r 0=0000000000000000] inst=[0104d783] lhu     a5, 16(s1)
C0:      12568 [1] pc=[0000000080000960] W[r15=0000000000000008][1] R[r15=0000000000000089] R[r 0=0000000000000000] inst=[00008ba1] c.andi  a5, 8
C0:      12569 [1] pc=[0000000080000962] W[r 0=0000000000000000][0] R[r15=0000000000000008] R[r 0=0000000000000000] inst=[0000cbed] c.beqz  a5, pc + 242
C0:      12570 [1] pc=[0000000080000964] W[r15=0000000080002658][1] R[r 9=0000000080002440] R[r 0=0000000000000000] inst=[00006c9c] c.ld    a5, 24(s1)
C0:      12572 [1] pc=[0000000080000966] W[r 0=0000000000000000][0] R[r15=0000000080002658] R[r 0=0000000000000000] inst=[0000c7fd] c.beqz  a5, pc + 238
C0:      12573 [1] pc=[0000000080000968] W[r15=0000000000000020][1] R[r 0=0000000000000000] R[r 0=0000000000000000] inst=[02000793] li      a5, 32
C0:      12574 [1] pc=[000000008000096c] W[r 0=0000000000000000][0] R[r 2=000000008002ae60] R[r15=0000000000000020] inst=[02f104a3] sb      a5, 41(sp)
C0:      12575 [1] pc=[0000000080000970] W[r21=ffffffffffffffff][1] R[r 0=0000000000000000] R[r 0=0000000000000000] inst=[00005afd] c.li    s5, -1
C0:      12576 [1] pc=[0000000080000972] W[r15=0000000000000030][1] R[r 0=0000000000000000] R[r 0=0000000000000000] inst=[03000793] li      a5, 48
C0:      12577 [1] pc=[0000000080000976] W[r 0=0000000000000000][0] R[r 2=000000008002ae60] R[r 0=0000000000000000] inst=[0000d202] c.swsp  zero, 36(sp)
C0:      12578 [1] pc=[0000000080000978] W[r 0=0000000000000000][0] R[r 2=000000008002ae60] R[r15=0000000000000030] inst=[02f10523] sb      a5, 42(sp)
C0:      12579 [1] pc=[000000008000097c] W[r 0=0000000000000000][0] R[r 2=000000008002ae60] R[r 8=000000008002af68] inst=[0000e422] c.sdsp  s0, 8(sp)
C0:      12580 [1] pc=[000000008000097e] W[r23=0000000000000025][1] R[r 0=0000000000000000] R[r 0=0000000000000000] inst=[02500b93] li      s7, 37
C0:      12581 [1] pc=[0000000080000982] W[r24=ffffffff00000000][1] R[r21=ffffffffffffffff] R[r 0=0000000000000000] inst=[020a9c13] slli    s8, s5, 32
C0:      12582 [1] pc=[0000000080000986] W[r22=0000000080001986][1] R[r 0=0000000000000000] R[r 0=0000000000000000] inst=[00001b17] auipc   s6, 0x1
C0:      12583 [1] pc=[000000008000098a] W[r22=0000000080002020][1] R[r22=0000000080001986] R[r 0=0000000000000000] inst=[69ab0b13] addi    s6, s6, 1690
C0:      12584 [1] pc=[000000008000098e] W[r25=0000000000000001][1] R[r 0=0000000000000000] R[r 0=0000000000000000] inst=[00004c85] c.li    s9, 1
C0:      12585 [1] pc=[0000000080000990] W[r 8=0000000080001f10][1] R[r 0=0000000000000000] R[r18=0000000080001f10] inst=[0000844a] c.mv    s0, s2
C0:      12586 [1] pc=[0000000080000992] W[r15=000000000000005b][1] R[r 8=0000000080001f10] R[r 0=0000000000000000] inst=[00044783] lbu     a5, 0(s0)
C0:      12589 [1] pc=[0000000080000996] W[r 0=0000000000000000][0] R[r15=000000000000005b] R[r 0=0000000000000000] inst=[0000c399] c.beqz  a5, pc + 6
C0:      12593 [1] pc=[0000000080000998] W[r 0=0000000000000000][0] R[r15=000000000000005b] R[r23=0000000000000025] inst=[0f779263] bne     a5, s7, pc + 228
C0:      12595 [1] pc=[0000000080000a7c] W[r 8=0000000080001f11][1] R[r 8=0000000080001f10] R[r 0=0000000000000000] inst=[00000405] c.addi  s0, 1
C0:      12596 [1] pc=[0000000080000a7e] W[r 0=0000000080000a80][1] R[r 0=0000000000000000] R[r 0=0000000000000000] inst=[0000bf11] c.j     pc - 236
C0:      12598 [1] pc=[0000000080000992] W[r15=0000000000000000][1] R[r 8=0000000080001f11] R[r 0=0000000000000000] inst=[00044783] lbu     a5, 0(s0)
C0:      12601 [1] pc=[0000000080000996] W[r 0=0000000000000000][0] R[r15=0000000000000000] R[r 0=0000000000000000] inst=[0000c399] c.beqz  a5, pc + 6
C0:      12605 [1] pc=[000000008000099c] W[r26=0000000000000001][1] R[r 8=0000000080001f11] R[r18=0000000080001f10] inst=[41240d3b] subw    s10, s0, s2
C0:      12606 [1] pc=[00000000800009a0] W[r 0=0000000000000000][0] R[r26=0000000000000001] R[r 0=0000000000000000] inst=[000d0e63] beqz    s10, pc + 28
C0:      12607 [1] pc=[00000000800009a4] W[r13=0000000000000001][1] R[r 0=0000000000000000] R[r26=0000000000000001] inst=[000086ea] c.mv    a3, s10
C0:      12608 [1] pc=[00000000800009a6] W[r12=0000000080001f10][1] R[r 0=0000000000000000] R[r18=0000000080001f10] inst=[0000864a] c.mv    a2, s2
C0:      12609 [1] pc=[00000000800009a8] W[r11=0000000080002440][1] R[r 0=0000000000000000] R[r 9=0000000080002440] inst=[000085a6] c.mv    a1, s1
C0:      12610 [1] pc=[00000000800009aa] W[r10=0000000080002150][1] R[r 0=0000000000000000] R[r19=0000000080002150] inst=[0000854e] c.mv    a0, s3
C0:      12611 [1] pc=[00000000800009ac] W[r 1=00000000800009b0][1] R[r 0=0000000000000000] R[r 0=0000000000000000] inst=[f07ff0ef] jal     pc - 0xfa
C0:      12612 [1] pc=[00000000800008b2] W[r 2=000000008002ae30][1] R[r 2=000000008002ae60] R[r 0=0000000000000000] inst=[00007179] c.addi16sp sp, -48
C0:      12613 [1] pc=[00000000800008b4] W[r 0=0000000000000000][0] R[r 2=000000008002ae30] R[r 8=0000000080001f11] inst=[0000f022] c.sdsp  s0, 32(sp)
C0:      12614 [1] pc=[00000000800008b6] W[r 0=0000000000000000][0] R[r 2=000000008002ae30] R[r 9=0000000080002440] inst=[0000ec26] c.sdsp  s1, 24(sp)
C0:      12615 [1] pc=[00000000800008b8] W[r 0=0000000000000000][0] R[r 2=000000008002ae30] R[r18=0000000080001f10] inst=[0000e84a] c.sdsp  s2, 16(sp)
C0:      12616 [1] pc=[00000000800008ba] W[r 0=0000000000000000][0] R[r 2=000000008002ae30] R[r19=0000000080002150] inst=[0000e44e] c.sdsp  s3, 8(sp)
C0:      12617 [1] pc=[00000000800008bc] W[r 0=0000000000000000][0] R[r 2=000000008002ae30] R[r20=0000000000000000] inst=[0000e052] c.sdsp  s4, 0(sp)
C0:      12618 [1] pc=[00000000800008be] W[r 0=0000000000000000][0] R[r 2=000000008002ae30] R[r 1=00000000800009b0] inst=[0000f406] c.sdsp  ra, 40(sp)
C0:      12619 [1] pc=[00000000800008c0] W[r18=0000000080002150][1] R[r 0=0000000000000000] R[r10=0000000080002150] inst=[0000892a] c.mv    s2, a0
C0:      12620 [1] pc=[00000000800008c2] W[r19=0000000080002440][1] R[r 0=0000000000000000] R[r11=0000000080002440] inst=[000089ae] c.mv    s3, a1
C0:      12621 [1] pc=[00000000800008c4] W[r 8=0000000080001f10][1] R[r 0=0000000000000000] R[r12=0000000080001f10] inst=[00008432] c.mv    s0, a2
C0:      12622 [1] pc=[00000000800008c6] W[r 9=0000000080001f11][1] R[r12=0000000080001f10] R[r13=0000000000000001] inst=[00d604b3] add     s1, a2, a3
C0:      12623 [1] pc=[00000000800008ca] W[r20=ffffffffffffffff][1] R[r 0=0000000000000000] R[r 0=0000000000000000] inst=[00005a7d] c.li    s4, -1
C0:      12624 [1] pc=[00000000800008cc] W[r 0=0000000000000000][0] R[r 8=0000000080001f10] R[r 9=0000000080001f11] inst=[00941463] bne     s0, s1, pc + 8
C0:      12625 [1] pc=[00000000800008d4] W[r11=000000000000005b][1] R[r 8=0000000080001f10] R[r 0=0000000000000000] inst=[00044583] lbu     a1, 0(s0)
C0:      12626 [1] pc=[00000000800008d8] W[r12=0000000080002440][1] R[r 0=0000000000000000] R[r19=0000000080002440] inst=[0000864e] c.mv    a2, s3
C0:      12627 [1] pc=[00000000800008da] W[r10=0000000080002150][1] R[r 0=0000000000000000] R[r18=0000000080002150] inst=[0000854a] c.mv    a0, s2
C0:      12628 [1] pc=[00000000800008dc] W[r 1=00000000800008e0][1] R[r 0=0000000000000000] R[r 0=0000000000000000] inst=[fa7ff0ef] jal     pc - 0x5a
C0:      12629 [1] pc=[0000000080000882] W[r15=0000000000000000][1] R[r12=0000000080002440] R[r 0=0000000000000000] inst=[0000465c] c.lw    a5, 12(a2)
C0:      12631 [1] pc=[0000000080000884] W[r15=ffffffffffffffff][1] R[r15=0000000000000000] R[r 0=0000000000000000] inst=[000037fd] c.addiw a5, -1
C0:      12632 [1] pc=[0000000080000886] W[r 0=0000000000000000][0] R[r12=0000000080002440] R[r15=ffffffffffffffff] inst=[0000c65c] c.sw    a5, 12(a2)
C0:      12633 [1] pc=[0000000080000888] W[r13=ffffffff00000000][1] R[r15=ffffffffffffffff] R[r 0=0000000000000000] inst=[02079693] slli    a3, a5, 32
C0:      12634 [1] pc=[000000008000088c] W[r14=ffffffffffffffff][1] R[r15=ffffffffffffffff] R[r 0=0000000000000000] inst=[0007871b] sext.w  a4, a5
C0:      12635 [1] pc=[0000000080000890] W[r 0=0000000000000000][0] R[r13=ffffffff00000000] R[r 0=0000000000000000] inst=[0006d963] bgez    a3, pc + 18
C0:      12636 [1] pc=[0000000080000894] W[r15=fffffffffffffc00][1] R[r12=0000000080002440] R[r 0=0000000000000000] inst=[0000561c] c.lw    a5, 40(a2)
C0:      12638 [1] pc=[0000000080000896] W[r 0=0000000000000000][0] R[r14=ffffffffffffffff] R[r15=fffffffffffffc00] inst=[00f74563] blt     a4, a5, pc + 10
C0:      12639 [1] pc=[000000008000089a] W[r15=000000000000000a][1] R[r 0=0000000000000000] R[r 0=0000000000000000] inst=[000047a9] c.li    a5, 10
C0:      12640 [1] pc=[000000008000089c] W[r 0=0000000000000000][0] R[r11=000000000000005b] R[r15=000000000000000a] inst=[00f59363] bne     a1, a5, pc + 6
C0:      12641 [1] pc=[00000000800008a2] W[r15=0000000080002658][1] R[r12=0000000080002440] R[r 0=0000000000000000] inst=[0000621c] c.ld    a5, 0(a2)
C0:      12642 [1] pc=[00000000800008a4] W[r10=000000000000005b][1] R[r 0=0000000000000000] R[r11=000000000000005b] inst=[0000852e] c.mv    a0, a1
C0:      12643 [1] pc=[00000000800008a6] W[r14=0000000080002659][1] R[r15=0000000080002658] R[r 0=0000000000000000] inst=[00178713] addi    a4, a5, 1
C0:      12644 [1] pc=[00000000800008aa] W[r 0=0000000000000000][0] R[r12=0000000080002440] R[r14=0000000080002659] inst=[0000e218] c.sd    a4, 0(a2)
C0:      12654 [1] pc=[00000000800008ac] W[r 0=0000000000000000][0] R[r15=0000000080002658] R[r11=000000000000005b] inst=[00b78023] sb      a1, 0(a5)
C0:      12655 [1] pc=[00000000800008b0] W[r 0=00000000800008b2][1] R[r 1=00000000800008e0] R[r 0=0000000000000000] inst=[00008082] ret
C0:      12659 [1] pc=[00000000800008e0] W[r 8=0000000080001f11][1] R[r 8=0000000080001f10] R[r 0=0000000000000000] inst=[00000405] c.addi  s0, 1
C0:      12660 [1] pc=[00000000800008e2] W[r 0=0000000000000000][0] R[r10=000000000000005b] R[r20=ffffffffffffffff] inst=[ff4515e3] bne     a0, s4, pc - 22
C0:      12661 [1] pc=[00000000800008cc] W[r 0=0000000000000000][0] R[r 8=0000000080001f11] R[r 9=0000000080001f11] inst=[00941463] bne     s0, s1, pc + 8
C0:      12662 [1] pc=[00000000800008d0] W[r10=0000000000000000][1] R[r 0=0000000000000000] R[r 0=0000000000000000] inst=[00004501] c.li    a0, 0
C0:      12663 [1] pc=[00000000800008d2] W[r 0=00000000800008d4][1] R[r 0=0000000000000000] R[r 0=0000000000000000] inst=[0000a811] c.j     pc + 20
C0:      12664 [1] pc=[00000000800008e6] W[r 1=00000000800009b0][1] R[r 2=000000008002ae30] R[r 0=0000000000000000] inst=[000070a2] c.ldsp  ra, 40(sp)
C0:      12665 [1] pc=[00000000800008e8] W[r 8=0000000080001f11][1] R[r 2=000000008002ae30] R[r 0=0000000000000000] inst=[00007402] c.ldsp  s0, 32(sp)
C0:      12666 [1] pc=[00000000800008ea] W[r 9=0000000080002440][1] R[r 2=000000008002ae30] R[r 0=0000000000000000] inst=[000064e2] c.ldsp  s1, 24(sp)
C0:      12667 [1] pc=[00000000800008ec] W[r18=0000000080001f10][1] R[r 2=000000008002ae30] R[r 0=0000000000000000] inst=[00006942] c.ldsp  s2, 16(sp)
C0:      12668 [1] pc=[00000000800008ee] W[r19=0000000080002150][1] R[r 2=000000008002ae30] R[r 0=0000000000000000] inst=[000069a2] c.ldsp  s3, 8(sp)
C0:      12669 [1] pc=[00000000800008f0] W[r20=0000000000000000][1] R[r 2=000000008002ae30] R[r 0=0000000000000000] inst=[00006a02] c.ldsp  s4, 0(sp)
C0:      12670 [1] pc=[00000000800008f2] W[r 2=000000008002ae60][1] R[r 2=000000008002ae30] R[r 0=0000000000000000] inst=[00006145] c.addi16sp sp, 48
C0:      12671 [1] pc=[00000000800008f4] W[r 0=00000000800008f6][1] R[r 1=00000000800009b0] R[r 0=0000000000000000] inst=[00008082] ret
C0:      12672 [1] pc=[00000000800009b0] W[r 0=0000000000000000][0] R[r10=0000000000000000] R[r21=ffffffffffffffff] inst=[1f550d63] beq     a0, s5, pc + 506
C0:      12673 [1] pc=[00000000800009b4] W[r15=0000000000000000][1] R[r 2=000000008002ae60] R[r 0=0000000000000000] inst=[00005792] c.lwsp  a5, 36(sp)
C0:      12675 [1] pc=[00000000800009b6] W[r15=0000000000000001][1] R[r15=0000000000000000] R[r26=0000000000000001] inst=[01a787bb] addw    a5, a5, s10
C0:      12676 [1] pc=[00000000800009ba] W[r 0=0000000000000000][0] R[r 2=000000008002ae60] R[r15=0000000000000001] inst=[0000d23e] c.swsp  a5, 36(sp)
C0:      12677 [1] pc=[00000000800009bc] W[r15=0000000000000000][1] R[r 8=0000000080001f11] R[r 0=0000000000000000] inst=[00044783] lbu     a5, 0(s0)
C0:      12680 [1] pc=[00000000800009c0] W[r 0=0000000000000000][0] R[r15=0000000000000000] R[r 0=0000000000000000] inst=[1e078563] beqz    a5, pc + 490
C0:      12682 [1] pc=[0000000080000baa] W[r15=0000000000000089][1] R[r 9=0000000080002440] R[r 0=0000000000000000] inst=[0104d783] lhu     a5, 16(s1)
C0:      12685 [1] pc=[0000000080000bae] W[r15=0000000000000000][1] R[r15=0000000000000089] R[r 0=0000000000000000] inst=[0407f793] andi    a5, a5, 64
C0:      12686 [1] pc=[0000000080000bb2] W[r 0=0000000000000000][0] R[r15=0000000000000000] R[r 0=0000000000000000] inst=[ea0796e3] bnez    a5, pc - 340
C0:      12687 [1] pc=[0000000080000bb6] W[r10=0000000000000001][1] R[r 2=000000008002ae60] R[r 0=0000000000000000] inst=[00005512] c.lwsp  a0, 36(sp)
C0:      12688 [1] pc=[0000000080000bb8] W[r 0=0000000080000bba][1] R[r 0=0000000000000000] R[r 0=0000000000000000] inst=[0000b565] c.j     pc - 344
C0:      12689 [1] pc=[0000000080000a60] W[r 1=00000000800004a8][1] R[r 2=000000008002ae60] R[r 0=0000000000000000] inst=[000060ae] c.ldsp  ra, 200(sp)
C0:      12690 [1] pc=[0000000080000a62] W[r 8=0000000080001f10][1] R[r 2=000000008002ae60] R[r 0=0000000000000000] inst=[0000640e] c.ldsp  s0, 192(sp)
C0:      12691 [1] pc=[0000000080000a64] W[r 9=0000000000000000][1] R[r 2=000000008002ae60] R[r 0=0000000000000000] inst=[000074ea] c.ldsp  s1, 184(sp)
C0:      12692 [1] pc=[0000000080000a66] W[r18=0000000000000000][1] R[r 2=000000008002ae60] R[r 0=0000000000000000] inst=[0000794a] c.ldsp  s2, 176(sp)
C0:      12693 [1] pc=[0000000080000a68] W[r19=0000000000000000][1] R[r 2=000000008002ae60] R[r 0=0000000000000000] inst=[000079aa] c.ldsp  s3, 168(sp)
C0:      12694 [1] pc=[0000000080000a6a] W[r20=0000000000000000][1] R[r 2=000000008002ae60] R[r 0=0000000000000000] inst=[00007a0a] c.ldsp  s4, 160(sp)
C0:      12695 [1] pc=[0000000080000a6c] W[r21=0000000000000000][1] R[r 2=000000008002ae60] R[r 0=0000000000000000] inst=[00006aea] c.ldsp  s5, 152(sp)
C0:      12696 [1] pc=[0000000080000a6e] W[r22=0000000000000000][1] R[r 2=000000008002ae60] R[r 0=0000000000000000] inst=[00006b4a] c.ldsp  s6, 144(sp)
C0:      12697 [1] pc=[0000000080000a70] W[r23=0000000000000000][1] R[r 2=000000008002ae60] R[r 0=0000000000000000] inst=[00006baa] c.ldsp  s7, 136(sp)
C0:      12698 [1] pc=[0000000080000a72] W[r24=0000000000000000][1] R[r 2=000000008002ae60] R[r 0=0000000000000000] inst=[00006c0a] c.ldsp  s8, 128(sp)
C0:      12699 [1] pc=[0000000080000a74] W[r25=0000000000000000][1] R[r 2=000000008002ae60] R[r 0=0000000000000000] inst=[00007ce6] c.ldsp  s9, 120(sp)
C0:      12700 [1] pc=[0000000080000a76] W[r26=0000000000000000][1] R[r 2=000000008002ae60] R[r 0=0000000000000000] inst=[00007d46] c.ldsp  s10, 112(sp)
C0:      12701 [1] pc=[0000000080000a78] W[r 2=000000008002af30][1] R[r 2=000000008002ae60] R[r 0=0000000000000000] inst=[00006169] c.addi16sp sp, 208
C0:      12702 [1] pc=[0000000080000a7a] W[r 0=0000000080000a7c][1] R[r 1=00000000800004a8] R[r 0=0000000000000000] inst=[00008082] ret
C0:      12703 [1] pc=[00000000800004a8] W[r 1=000000008000038e][1] R[r 2=000000008002af30] R[r 0=0000000000000000] inst=[000070a2] c.ldsp  ra, 40(sp)
C0:      12704 [1] pc=[00000000800004aa] W[r 8=000000008002b000][1] R[r 2=000000008002af30] R[r 0=0000000000000000] inst=[00007402] c.ldsp  s0, 32(sp)
C0:      12705 [1] pc=[00000000800004ac] W[r 2=000000008002afa0][1] R[r 2=000000008002af30] R[r 0=0000000000000000] inst=[00006165] c.addi16sp sp, 112
C0:      12706 [1] pc=[00000000800004ae] W[r 0=00000000800004b0][1] R[r 1=000000008000038e] R[r 0=0000000000000000] inst=[00008082] ret
C0:      12711 [1] pc=[000000008000038e] W[r 0=0000000000000000][0] R[r 8=000000008002b000] R[r 0=0000000000000000] inst=[fc042e23] sw      zero, -36(s0)
C0:      12712 [1] pc=[0000000080000392] W[r 0=0000000080000394][1] R[r 0=0000000000000000] R[r 0=0000000000000000] inst=[0000a0a9] c.j     pc + 74
C0:      12718 [1] pc=[00000000800003dc] W[r15=0000000000000000][1] R[r 8=000000008002b000] R[r 0=0000000000000000] inst=[fdc42783] lw      a5, -36(s0)
C0:      12720 [1] pc=[00000000800003e0] W[r14=0000000000000000][1] R[r15=0000000000000000] R[r 0=0000000000000000] inst=[0007871b] sext.w  a4, a5
C0:      12721 [1] pc=[00000000800003e4] W[r15=0000000000000001][1] R[r 0=0000000000000000] R[r 0=0000000000000000] inst=[00004785] c.li    a5, 1
C0:      12722 [1] pc=[00000000800003e6] W[r 0=0000000000000000][0] R[r15=0000000000000001] R[r14=0000000000000000] inst=[fae7d7e3] bge     a5, a4, pc - 82
C0:      12723 [1] pc=[0000000080000394] W[r10=0000000080002394][1] R[r 0=0000000000000000] R[r 0=0000000000000000] inst=[00002517] auipc   a0, 0x2
C0:      12724 [1] pc=[0000000080000398] W[r10=0000000080001f10][1] R[r10=0000000080002394] R[r 0=0000000000000000] inst=[b7c50513] addi    a0, a0, -1156
C0:      12725 [1] pc=[000000008000039c] W[r 1=00000000800003a0][1] R[r 0=0000000000000000] R[r 0=0000000000000000] inst=[0d4000ef] jal     pc + 0xd4
C0:      12727 [1] pc=[0000000080000470] W[r 2=000000008002af30][1] R[r 2=000000008002afa0] R[r 0=0000000000000000] inst=[00007159] c.addi16sp sp, -112
C0:      12728 [1] pc=[0000000080000472] W[r 0=0000000000000000][0] R[r 2=000000008002af30] R[r 8=000000008002b000] inst=[0000f022] c.sdsp  s0, 32(sp)
C0:      12729 [1] pc=[0000000080000474] W[r 0=0000000000000000][0] R[r 2=000000008002af30] R[r 1=00000000800003a0] inst=[0000f406] c.sdsp  ra, 40(sp)
C0:      12730 [1] pc=[0000000080000476] W[r 8=0000000080001f10][1] R[r 0=0000000000000000] R[r10=0000000080001f10] inst=[0000842a] c.mv    s0, a0
C0:      12731 [1] pc=[0000000080000478] W[r 0=0000000000000000][0] R[r 2=000000008002af30] R[r11=000000000000005b] inst=[0000fc2e] c.sdsp  a1, 56(sp)
C0:      12732 [1] pc=[000000008000047a] W[r 0=0000000000000000][0] R[r 2=000000008002af30] R[r12=0000000080002440] inst=[0000e0b2] c.sdsp  a2, 64(sp)
C0:      12733 [1] pc=[000000008000047c] W[r 0=0000000000000000][0] R[r 2=000000008002af30] R[r13=ffffffff00000000] inst=[0000e4b6] c.sdsp  a3, 72(sp)
C0:      12734 [1] pc=[000000008000047e] W[r 0=0000000000000000][0] R[r 2=000000008002af30] R[r14=0000000000000000] inst=[0000e8ba] c.sdsp  a4, 80(sp)
C0:      12735 [1] pc=[0000000080000480] W[r 0=0000000000000000][0] R[r 2=000000008002af30] R[r15=0000000000000001] inst=[0000ecbe] c.sdsp  a5, 88(sp)
C0:      12736 [1] pc=[0000000080000482] W[r 0=0000000000000000][0] R[r 2=000000008002af30] R[r16=000000000000000a] inst=[0000f0c2] c.sdsp  a6, 96(sp)
C0:      12737 [1] pc=[0000000080000484] W[r 0=0000000000000000][0] R[r 2=000000008002af30] R[r17=0000000000000000] inst=[0000f4c6] c.sdsp  a7, 104(sp)
C0:      12738 [1] pc=[0000000080000486] W[r10=0000000080002486][1] R[r 0=0000000000000000] R[r 0=0000000000000000] inst=[00002517] auipc   a0, 0x2
C0:      12739 [1] pc=[000000008000048a] W[r10=0000000080002150][1] R[r10=0000000080002486] R[r 0=0000000000000000] inst=[d7a53503] ld      a0, -646(a0)
C0:      12741 [1] pc=[000000008000048e] W[r 0=0000000000000000][0] R[r10=0000000080002150] R[r 0=0000000000000000] inst=[0000c519] c.beqz  a0, pc + 14
C0:      12742 [1] pc=[0000000080000490] W[r15=0000000000000001][1] R[r10=0000000080002150] R[r 0=0000000000000000] inst=[0000591c] c.lw    a5, 48(a0)
C0:      12744 [1] pc=[0000000080000492] W[r 0=0000000000000000][0] R[r15=0000000000000001] R[r 0=0000000000000000] inst=[0000e789] c.bnez  a5, pc + 10
C0:      12748 [1] pc=[000000008000049c] W[r11=0000000080002440][1] R[r10=0000000080002150] R[r 0=0000000000000000] inst=[0000690c] c.ld    a1, 16(a0)
C0:      12749 [1] pc=[000000008000049e] W[r13=000000008002af68][1] R[r 2=000000008002af30] R[r 0=0000000000000000] inst=[00001834] c.addi4spn a3, sp, 56
C0:      12750 [1] pc=[00000000800004a0] W[r12=0000000080001f10][1] R[r 0=0000000000000000] R[r 8=0000000080001f10] inst=[00008622] c.mv    a2, s0
C0:      12751 [1] pc=[00000000800004a2] W[r 0=0000000000000000][0] R[r 2=000000008002af30] R[r13=000000008002af68] inst=[0000ec36] c.sdsp  a3, 24(sp)
C0:      12752 [1] pc=[00000000800004a4] W[r 1=00000000800004a8][1] R[r 0=0000000000000000] R[r 0=0000000000000000] inst=[47a000ef] jal     pc + 0x47a
C0:      12753 [1] pc=[000000008000091e] W[r 2=000000008002ae60][1] R[r 2=000000008002af30] R[r 0=0000000000000000] inst=[00007155] c.addi16sp sp, -208
C0:      12754 [1] pc=[0000000080000920] W[r 0=0000000000000000][0] R[r 2=000000008002ae60] R[r 8=0000000080001f10] inst=[0000e1a2] c.sdsp  s0, 192(sp)
C0:      12755 [1] pc=[0000000080000922] W[r 0=0000000000000000][0] R[r 2=000000008002ae60] R[r 9=0000000000000000] inst=[0000fd26] c.sdsp  s1, 184(sp)
C0:      12756 [1] pc=[0000000080000924] W[r 0=0000000000000000][0] R[r 2=000000008002ae60] R[r18=0000000000000000] inst=[0000f94a] c.sdsp  s2, 176(sp)
C0:      12757 [1] pc=[0000000080000926] W[r 0=0000000000000000][0] R[r 2=000000008002ae60] R[r19=0000000000000000] inst=[0000f54e] c.sdsp  s3, 168(sp)
C0:      12758 [1] pc=[0000000080000928] W[r 0=0000000000000000][0] R[r 2=000000008002ae60] R[r20=0000000000000000] inst=[0000f152] c.sdsp  s4, 160(sp)
C0:      12759 [1] pc=[000000008000092a] W[r 0=0000000000000000][0] R[r 2=000000008002ae60] R[r 1=00000000800004a8] inst=[0000e586] c.sdsp  ra, 200(sp)
C0:      12760 [1] pc=[000000008000092c] W[r 0=0000000000000000][0] R[r 2=000000008002ae60] R[r21=0000000000000000] inst=[0000ed56] c.sdsp  s5, 152(sp)
C0:      12761 [1] pc=[000000008000092e] W[r 0=0000000000000000][0] R[r 2=000000008002ae60] R[r22=0000000000000000] inst=[0000e95a] c.sdsp  s6, 144(sp)
C0:      12762 [1] pc=[0000000080000930] W[r 0=0000000000000000][0] R[r 2=000000008002ae60] R[r23=0000000000000000] inst=[0000e55e] c.sdsp  s7, 136(sp)
C0:      12763 [1] pc=[0000000080000932] W[r 0=0000000000000000][0] R[r 2=000000008002ae60] R[r24=0000000000000000] inst=[0000e162] c.sdsp  s8, 128(sp)
C0:      12764 [1] pc=[0000000080000934] W[r 0=0000000000000000][0] R[r 2=000000008002ae60] R[r25=0000000000000000] inst=[0000fce6] c.sdsp  s9, 120(sp)
C0:      12765 [1] pc=[0000000080000936] W[r 0=0000000000000000][0] R[r 2=000000008002ae60] R[r26=0000000000000000] inst=[0000f8ea] c.sdsp  s10, 112(sp)
C0:      12766 [1] pc=[0000000080000938] W[r19=0000000080002150][1] R[r 0=0000000000000000] R[r10=0000000080002150] inst=[000089aa] c.mv    s3, a0
C0:      12767 [1] pc=[000000008000093a] W[r 9=0000000080002440][1] R[r 0=0000000000000000] R[r11=0000000080002440] inst=[000084ae] c.mv    s1, a1
C0:      12768 [1] pc=[000000008000093c] W[r18=0000000080001f10][1] R[r 0=0000000000000000] R[r12=0000000080001f10] inst=[00008932] c.mv    s2, a2
C0:      12769 [1] pc=[000000008000093e] W[r 8=000000008002af68][1] R[r 0=0000000000000000] R[r13=000000008002af68] inst=[00008436] c.mv    s0, a3
C0:      12770 [1] pc=[0000000080000940] W[r20=0000000000000000][1] R[r 0=0000000000000000] R[r 0=0000000000000000] inst=[00004a01] c.li    s4, 0
C0:      12771 [1] pc=[0000000080000942] W[r 0=0000000000000000][0] R[r10=0000000080002150] R[r 0=0000000000000000] inst=[0000c509] c.beqz  a0, pc + 10
C0:      12772 [1] pc=[0000000080000944] W[r15=0000000000000001][1] R[r10=0000000080002150] R[r 0=0000000000000000] inst=[0000591c] c.lw    a5, 48(a0)
C0:      12774 [1] pc=[0000000080000946] W[r 0=0000000000000000][0] R[r15=0000000000000001] R[r 0=0000000000000000] inst=[0000e399] c.bnez  a5, pc + 6
C0:      12775 [1] pc=[000000008000094c] W[r15=000000008000194c][1] R[r 0=0000000000000000] R[r 0=0000000000000000] inst=[00001797] auipc   a5, 0x1
C0:      12776 [1] pc=[0000000080000950] W[r15=0000000080001fb0][1] R[r15=000000008000194c] R[r 0=0000000000000000] inst=[66478793] addi    a5, a5, 1636
C0:      12777 [1] pc=[0000000080000954] W[r 0=0000000000000000][0] R[r 9=0000000080002440] R[r15=0000000080001fb0] inst=[0cf49e63] bne     s1, a5, pc + 220
C0:      12778 [1] pc=[0000000080000a30] W[r15=0000000080001a30][1] R[r 0=0000000000000000] R[r 0=0000000000000000] inst=[00001797] auipc   a5, 0x1
C0:      12779 [1] pc=[0000000080000a34] W[r15=0000000080001fe8][1] R[r15=0000000080001a30] R[r 0=0000000000000000] inst=[5b878793] addi    a5, a5, 1464
C0:      12780 [1] pc=[0000000080000a38] W[r 0=0000000000000000][0] R[r 9=0000000080002440] R[r15=0000000080001fe8] inst=[00f49563] bne     s1, a5, pc + 10
C0:      12782 [1] pc=[0000000080000a42] W[r15=0000000080001a42][1] R[r 0=0000000000000000] R[r 0=0000000000000000] inst=[00001797] auipc   a5, 0x1
C0:      12783 [1] pc=[0000000080000a46] W[r15=0000000080001f78][1] R[r15=0000000080001a42] R[r 0=0000000000000000] inst=[53678793] addi    a5, a5, 1334
C0:      12784 [1] pc=[0000000080000a4a] W[r 0=0000000000000000][0] R[r 9=0000000080002440] R[r15=0000000080001f78] inst=[f0f499e3] bne     s1, a5, pc - 238
C0:      12785 [1] pc=[000000008000095c] W[r15=0000000000000089][1] R[r 9=0000000080002440] R[r 0=0000000000000000] inst=[0104d783] lhu     a5, 16(s1)
C0:      12788 [1] pc=[0000000080000960] W[r15=0000000000000008][1] R[r15=0000000000000089] R[r 0=0000000000000000] inst=[00008ba1] c.andi  a5, 8
C0:      12789 [1] pc=[0000000080000962] W[r 0=0000000000000000][0] R[r15=0000000000000008] R[r 0=0000000000000000] inst=[0000cbed] c.beqz  a5, pc + 242
C0:      12790 [1] pc=[0000000080000964] W[r15=0000000080002658][1] R[r 9=0000000080002440] R[r 0=0000000000000000] inst=[00006c9c] c.ld    a5, 24(s1)
C0:      12792 [1] pc=[0000000080000966] W[r 0=0000000000000000][0] R[r15=0000000080002658] R[r 0=0000000000000000] inst=[0000c7fd] c.beqz  a5, pc + 238
C0:      12793 [1] pc=[0000000080000968] W[r15=0000000000000020][1] R[r 0=0000000000000000] R[r 0=0000000000000000] inst=[02000793] li      a5, 32
C0:      12794 [1] pc=[000000008000096c] W[r 0=0000000000000000][0] R[r 2=000000008002ae60] R[r15=0000000000000020] inst=[02f104a3] sb      a5, 41(sp)
C0:      12795 [1] pc=[0000000080000970] W[r21=ffffffffffffffff][1] R[r 0=0000000000000000] R[r 0=0000000000000000] inst=[00005afd] c.li    s5, -1
C0:      12796 [1] pc=[0000000080000972] W[r15=0000000000000030][1] R[r 0=0000000000000000] R[r 0=0000000000000000] inst=[03000793] li      a5, 48
C0:      12797 [1] pc=[0000000080000976] W[r 0=0000000000000000][0] R[r 2=000000008002ae60] R[r 0=0000000000000000] inst=[0000d202] c.swsp  zero, 36(sp)
C0:      12798 [1] pc=[0000000080000978] W[r 0=0000000000000000][0] R[r 2=000000008002ae60] R[r15=0000000000000030] inst=[02f10523] sb      a5, 42(sp)
C0:      12799 [1] pc=[000000008000097c] W[r 0=0000000000000000][0] R[r 2=000000008002ae60] R[r 8=000000008002af68] inst=[0000e422] c.sdsp  s0, 8(sp)
C0:      12800 [1] pc=[000000008000097e] W[r23=0000000000000025][1] R[r 0=0000000000000000] R[r 0=0000000000000000] inst=[02500b93] li      s7, 37
C0:      12801 [1] pc=[0000000080000982] W[r24=ffffffff00000000][1] R[r21=ffffffffffffffff] R[r 0=0000000000000000] inst=[020a9c13] slli    s8, s5, 32
C0:      12802 [1] pc=[0000000080000986] W[r22=0000000080001986][1] R[r 0=0000000000000000] R[r 0=0000000000000000] inst=[00001b17] auipc   s6, 0x1
C0:      12803 [1] pc=[000000008000098a] W[r22=0000000080002020][1] R[r22=0000000080001986] R[r 0=0000000000000000] inst=[69ab0b13] addi    s6, s6, 1690
C0:      12804 [1] pc=[000000008000098e] W[r25=0000000000000001][1] R[r 0=0000000000000000] R[r 0=0000000000000000] inst=[00004c85] c.li    s9, 1
C0:      12805 [1] pc=[0000000080000990] W[r 8=0000000080001f10][1] R[r 0=0000000000000000] R[r18=0000000080001f10] inst=[0000844a] c.mv    s0, s2
C0:      12806 [1] pc=[0000000080000992] W[r15=000000000000005b][1] R[r 8=0000000080001f10] R[r 0=0000000000000000] inst=[00044783] lbu     a5, 0(s0)
C0:      12809 [1] pc=[0000000080000996] W[r 0=0000000000000000][0] R[r15=000000000000005b] R[r 0=0000000000000000] inst=[0000c399] c.beqz  a5, pc + 6
C0:      12813 [1] pc=[0000000080000998] W[r 0=0000000000000000][0] R[r15=000000000000005b] R[r23=0000000000000025] inst=[0f779263] bne     a5, s7, pc + 228
C0:      12814 [1] pc=[0000000080000a7c] W[r 8=0000000080001f11][1] R[r 8=0000000080001f10] R[r 0=0000000000000000] inst=[00000405] c.addi  s0, 1
C0:      12815 [1] pc=[0000000080000a7e] W[r 0=0000000080000a80][1] R[r 0=0000000000000000] R[r 0=0000000000000000] inst=[0000bf11] c.j     pc - 236
C0:      12816 [1] pc=[0000000080000992] W[r15=0000000000000000][1] R[r 8=0000000080001f11] R[r 0=0000000000000000] inst=[00044783] lbu     a5, 0(s0)
C0:      12819 [1] pc=[0000000080000996] W[r 0=0000000000000000][0] R[r15=0000000000000000] R[r 0=0000000000000000] inst=[0000c399] c.beqz  a5, pc + 6
C0:      12820 [1] pc=[000000008000099c] W[r26=0000000000000001][1] R[r 8=0000000080001f11] R[r18=0000000080001f10] inst=[41240d3b] subw    s10, s0, s2
C0:      12821 [1] pc=[00000000800009a0] W[r 0=0000000000000000][0] R[r26=0000000000000001] R[r 0=0000000000000000] inst=[000d0e63] beqz    s10, pc + 28
C0:      12822 [1] pc=[00000000800009a4] W[r13=0000000000000001][1] R[r 0=0000000000000000] R[r26=0000000000000001] inst=[000086ea] c.mv    a3, s10
C0:      12823 [1] pc=[00000000800009a6] W[r12=0000000080001f10][1] R[r 0=0000000000000000] R[r18=0000000080001f10] inst=[0000864a] c.mv    a2, s2
C0:      12824 [1] pc=[00000000800009a8] W[r11=0000000080002440][1] R[r 0=0000000000000000] R[r 9=0000000080002440] inst=[000085a6] c.mv    a1, s1
C0:      12825 [1] pc=[00000000800009aa] W[r10=0000000080002150][1] R[r 0=0000000000000000] R[r19=0000000080002150] inst=[0000854e] c.mv    a0, s3
C0:      12826 [1] pc=[00000000800009ac] W[r 1=00000000800009b0][1] R[r 0=0000000000000000] R[r 0=0000000000000000] inst=[f07ff0ef] jal     pc - 0xfa
C0:      12827 [1] pc=[00000000800008b2] W[r 2=000000008002ae30][1] R[r 2=000000008002ae60] R[r 0=0000000000000000] inst=[00007179] c.addi16sp sp, -48
C0:      12828 [1] pc=[00000000800008b4] W[r 0=0000000000000000][0] R[r 2=000000008002ae30] R[r 8=0000000080001f11] inst=[0000f022] c.sdsp  s0, 32(sp)
C0:      12829 [1] pc=[00000000800008b6] W[r 0=0000000000000000][0] R[r 2=000000008002ae30] R[r 9=0000000080002440] inst=[0000ec26] c.sdsp  s1, 24(sp)
C0:      12830 [1] pc=[00000000800008b8] W[r 0=0000000000000000][0] R[r 2=000000008002ae30] R[r18=0000000080001f10] inst=[0000e84a] c.sdsp  s2, 16(sp)
C0:      12831 [1] pc=[00000000800008ba] W[r 0=0000000000000000][0] R[r 2=000000008002ae30] R[r19=0000000080002150] inst=[0000e44e] c.sdsp  s3, 8(sp)
C0:      12832 [1] pc=[00000000800008bc] W[r 0=0000000000000000][0] R[r 2=000000008002ae30] R[r20=0000000000000000] inst=[0000e052] c.sdsp  s4, 0(sp)
C0:      12833 [1] pc=[00000000800008be] W[r 0=0000000000000000][0] R[r 2=000000008002ae30] R[r 1=00000000800009b0] inst=[0000f406] c.sdsp  ra, 40(sp)
C0:      12834 [1] pc=[00000000800008c0] W[r18=0000000080002150][1] R[r 0=0000000000000000] R[r10=0000000080002150] inst=[0000892a] c.mv    s2, a0
C0:      12835 [1] pc=[00000000800008c2] W[r19=0000000080002440][1] R[r 0=0000000000000000] R[r11=0000000080002440] inst=[000089ae] c.mv    s3, a1
C0:      12836 [1] pc=[00000000800008c4] W[r 8=0000000080001f10][1] R[r 0=0000000000000000] R[r12=0000000080001f10] inst=[00008432] c.mv    s0, a2
C0:      12837 [1] pc=[00000000800008c6] W[r 9=0000000080001f11][1] R[r12=0000000080001f10] R[r13=0000000000000001] inst=[00d604b3] add     s1, a2, a3
C0:      12838 [1] pc=[00000000800008ca] W[r20=ffffffffffffffff][1] R[r 0=0000000000000000] R[r 0=0000000000000000] inst=[00005a7d] c.li    s4, -1
C0:      12839 [1] pc=[00000000800008cc] W[r 0=0000000000000000][0] R[r 8=0000000080001f10] R[r 9=0000000080001f11] inst=[00941463] bne     s0, s1, pc + 8
C0:      12840 [1] pc=[00000000800008d4] W[r11=000000000000005b][1] R[r 8=0000000080001f10] R[r 0=0000000000000000] inst=[00044583] lbu     a1, 0(s0)
C0:      12841 [1] pc=[00000000800008d8] W[r12=0000000080002440][1] R[r 0=0000000000000000] R[r19=0000000080002440] inst=[0000864e] c.mv    a2, s3
C0:      12842 [1] pc=[00000000800008da] W[r10=0000000080002150][1] R[r 0=0000000000000000] R[r18=0000000080002150] inst=[0000854a] c.mv    a0, s2
C0:      12843 [1] pc=[00000000800008dc] W[r 1=00000000800008e0][1] R[r 0=0000000000000000] R[r 0=0000000000000000] inst=[fa7ff0ef] jal     pc - 0x5a
C0:      12844 [1] pc=[0000000080000882] W[r15=ffffffffffffffff][1] R[r12=0000000080002440] R[r 0=0000000000000000] inst=[0000465c] c.lw    a5, 12(a2)
C0:      12846 [1] pc=[0000000080000884] W[r15=fffffffffffffffe][1] R[r15=ffffffffffffffff] R[r 0=0000000000000000] inst=[000037fd] c.addiw a5, -1
C0:      12847 [1] pc=[0000000080000886] W[r 0=0000000000000000][0] R[r12=0000000080002440] R[r15=fffffffffffffffe] inst=[0000c65c] c.sw    a5, 12(a2)
C0:      12848 [1] pc=[0000000080000888] W[r13=fffffffe00000000][1] R[r15=fffffffffffffffe] R[r 0=0000000000000000] inst=[02079693] slli    a3, a5, 32
C0:      12849 [1] pc=[000000008000088c] W[r14=fffffffffffffffe][1] R[r15=fffffffffffffffe] R[r 0=0000000000000000] inst=[0007871b] sext.w  a4, a5
C0:      12850 [1] pc=[0000000080000890] W[r 0=0000000000000000][0] R[r13=fffffffe00000000] R[r 0=0000000000000000] inst=[0006d963] bgez    a3, pc + 18
C0:      12851 [1] pc=[0000000080000894] W[r15=fffffffffffffc00][1] R[r12=0000000080002440] R[r 0=0000000000000000] inst=[0000561c] c.lw    a5, 40(a2)
C0:      12853 [1] pc=[0000000080000896] W[r 0=0000000000000000][0] R[r14=fffffffffffffffe] R[r15=fffffffffffffc00] inst=[00f74563] blt     a4, a5, pc + 10
C0:      12854 [1] pc=[000000008000089a] W[r15=000000000000000a][1] R[r 0=0000000000000000] R[r 0=0000000000000000] inst=[000047a9] c.li    a5, 10
C0:      12855 [1] pc=[000000008000089c] W[r 0=0000000000000000][0] R[r11=000000000000005b] R[r15=000000000000000a] inst=[00f59363] bne     a1, a5, pc + 6
C0:      12856 [1] pc=[00000000800008a2] W[r15=0000000080002659][1] R[r12=0000000080002440] R[r 0=0000000000000000] inst=[0000621c] c.ld    a5, 0(a2)
C0:      12857 [1] pc=[00000000800008a4] W[r10=000000000000005b][1] R[r 0=0000000000000000] R[r11=000000000000005b] inst=[0000852e] c.mv    a0, a1
C0:      12858 [1] pc=[00000000800008a6] W[r14=000000008000265a][1] R[r15=0000000080002659] R[r 0=0000000000000000] inst=[00178713] addi    a4, a5, 1
C0:      12859 [1] pc=[00000000800008aa] W[r 0=0000000000000000][0] R[r12=0000000080002440] R[r14=000000008000265a] inst=[0000e218] c.sd    a4, 0(a2)
C0:      12860 [1] pc=[00000000800008ac] W[r 0=0000000000000000][0] R[r15=0000000080002659] R[r11=000000000000005b] inst=[00b78023] sb      a1, 0(a5)
C0:      12861 [1] pc=[00000000800008b0] W[r 0=00000000800008b2][1] R[r 1=00000000800008e0] R[r 0=0000000000000000] inst=[00008082] ret
C0:      12862 [1] pc=[00000000800008e0] W[r 8=0000000080001f11][1] R[r 8=0000000080001f10] R[r 0=0000000000000000] inst=[00000405] c.addi  s0, 1
C0:      12863 [1] pc=[00000000800008e2] W[r 0=0000000000000000][0] R[r10=000000000000005b] R[r20=ffffffffffffffff] inst=[ff4515e3] bne     a0, s4, pc - 22
C0:      12864 [1] pc=[00000000800008cc] W[r 0=0000000000000000][0] R[r 8=0000000080001f11] R[r 9=0000000080001f11] inst=[00941463] bne     s0, s1, pc + 8
C0:      12868 [1] pc=[00000000800008d0] W[r10=0000000000000000][1] R[r 0=0000000000000000] R[r 0=0000000000000000] inst=[00004501] c.li    a0, 0
C0:      12869 [1] pc=[00000000800008d2] W[r 0=00000000800008d4][1] R[r 0=0000000000000000] R[r 0=0000000000000000] inst=[0000a811] c.j     pc + 20
C0:      12870 [1] pc=[00000000800008e6] W[r 1=00000000800009b0][1] R[r 2=000000008002ae30] R[r 0=0000000000000000] inst=[000070a2] c.ldsp  ra, 40(sp)
C0:      12871 [1] pc=[00000000800008e8] W[r 8=0000000080001f11][1] R[r 2=000000008002ae30] R[r 0=0000000000000000] inst=[00007402] c.ldsp  s0, 32(sp)
C0:      12872 [1] pc=[00000000800008ea] W[r 9=0000000080002440][1] R[r 2=000000008002ae30] R[r 0=0000000000000000] inst=[000064e2] c.ldsp  s1, 24(sp)
C0:      12873 [1] pc=[00000000800008ec] W[r18=0000000080001f10][1] R[r 2=000000008002ae30] R[r 0=0000000000000000] inst=[00006942] c.ldsp  s2, 16(sp)
C0:      12874 [1] pc=[00000000800008ee] W[r19=0000000080002150][1] R[r 2=000000008002ae30] R[r 0=0000000000000000] inst=[000069a2] c.ldsp  s3, 8(sp)
C0:      12875 [1] pc=[00000000800008f0] W[r20=0000000000000000][1] R[r 2=000000008002ae30] R[r 0=0000000000000000] inst=[00006a02] c.ldsp  s4, 0(sp)
C0:      12876 [1] pc=[00000000800008f2] W[r 2=000000008002ae60][1] R[r 2=000000008002ae30] R[r 0=0000000000000000] inst=[00006145] c.addi16sp sp, 48
C0:      12877 [1] pc=[00000000800008f4] W[r 0=00000000800008f6][1] R[r 1=00000000800009b0] R[r 0=0000000000000000] inst=[00008082] ret
C0:      12881 [1] pc=[00000000800009b0] W[r 0=0000000000000000][0] R[r10=0000000000000000] R[r21=ffffffffffffffff] inst=[1f550d63] beq     a0, s5, pc + 506
C0:      12882 [1] pc=[00000000800009b4] W[r15=0000000000000000][1] R[r 2=000000008002ae60] R[r 0=0000000000000000] inst=[00005792] c.lwsp  a5, 36(sp)
C0:      12884 [1] pc=[00000000800009b6] W[r15=0000000000000001][1] R[r15=0000000000000000] R[r26=0000000000000001] inst=[01a787bb] addw    a5, a5, s10
C0:      12885 [1] pc=[00000000800009ba] W[r 0=0000000000000000][0] R[r 2=000000008002ae60] R[r15=0000000000000001] inst=[0000d23e] c.swsp  a5, 36(sp)
C0:      12886 [1] pc=[00000000800009bc] W[r15=0000000000000000][1] R[r 8=0000000080001f11] R[r 0=0000000000000000] inst=[00044783] lbu     a5, 0(s0)
C0:      12889 [1] pc=[00000000800009c0] W[r 0=0000000000000000][0] R[r15=0000000000000000] R[r 0=0000000000000000] inst=[1e078563] beqz    a5, pc + 490
C0:      12891 [1] pc=[0000000080000baa] W[r15=0000000000000089][1] R[r 9=0000000080002440] R[r 0=0000000000000000] inst=[0104d783] lhu     a5, 16(s1)
C0:      12894 [1] pc=[0000000080000bae] W[r15=0000000000000000][1] R[r15=0000000000000089] R[r 0=0000000000000000] inst=[0407f793] andi    a5, a5, 64
C0:      12895 [1] pc=[0000000080000bb2] W[r 0=0000000000000000][0] R[r15=0000000000000000] R[r 0=0000000000000000] inst=[ea0796e3] bnez    a5, pc - 340
C0:      12896 [1] pc=[0000000080000bb6] W[r10=0000000000000001][1] R[r 2=000000008002ae60] R[r 0=0000000000000000] inst=[00005512] c.lwsp  a0, 36(sp)
C0:      12897 [1] pc=[0000000080000bb8] W[r 0=0000000080000bba][1] R[r 0=0000000000000000] R[r 0=0000000000000000] inst=[0000b565] c.j     pc - 344
C0:      12898 [1] pc=[0000000080000a60] W[r 1=00000000800004a8][1] R[r 2=000000008002ae60] R[r 0=0000000000000000] inst=[000060ae] c.ldsp  ra, 200(sp)
C0:      12899 [1] pc=[0000000080000a62] W[r 8=0000000080001f10][1] R[r 2=000000008002ae60] R[r 0=0000000000000000] inst=[0000640e] c.ldsp  s0, 192(sp)
C0:      12900 [1] pc=[0000000080000a64] W[r 9=0000000000000000][1] R[r 2=000000008002ae60] R[r 0=0000000000000000] inst=[000074ea] c.ldsp  s1, 184(sp)
C0:      12901 [1] pc=[0000000080000a66] W[r18=0000000000000000][1] R[r 2=000000008002ae60] R[r 0=0000000000000000] inst=[0000794a] c.ldsp  s2, 176(sp)
C0:      12902 [1] pc=[0000000080000a68] W[r19=0000000000000000][1] R[r 2=000000008002ae60] R[r 0=0000000000000000] inst=[000079aa] c.ldsp  s3, 168(sp)
C0:      12903 [1] pc=[0000000080000a6a] W[r20=0000000000000000][1] R[r 2=000000008002ae60] R[r 0=0000000000000000] inst=[00007a0a] c.ldsp  s4, 160(sp)
C0:      12904 [1] pc=[0000000080000a6c] W[r21=0000000000000000][1] R[r 2=000000008002ae60] R[r 0=0000000000000000] inst=[00006aea] c.ldsp  s5, 152(sp)
C0:      12905 [1] pc=[0000000080000a6e] W[r22=0000000000000000][1] R[r 2=000000008002ae60] R[r 0=0000000000000000] inst=[00006b4a] c.ldsp  s6, 144(sp)
C0:      12906 [1] pc=[0000000080000a70] W[r23=0000000000000000][1] R[r 2=000000008002ae60] R[r 0=0000000000000000] inst=[00006baa] c.ldsp  s7, 136(sp)
C0:      12907 [1] pc=[0000000080000a72] W[r24=0000000000000000][1] R[r 2=000000008002ae60] R[r 0=0000000000000000] inst=[00006c0a] c.ldsp  s8, 128(sp)
C0:      12908 [1] pc=[0000000080000a74] W[r25=0000000000000000][1] R[r 2=000000008002ae60] R[r 0=0000000000000000] inst=[00007ce6] c.ldsp  s9, 120(sp)
C0:      12909 [1] pc=[0000000080000a76] W[r26=0000000000000000][1] R[r 2=000000008002ae60] R[r 0=0000000000000000] inst=[00007d46] c.ldsp  s10, 112(sp)
C0:      12910 [1] pc=[0000000080000a78] W[r 2=000000008002af30][1] R[r 2=000000008002ae60] R[r 0=0000000000000000] inst=[00006169] c.addi16sp sp, 208
C0:      12911 [1] pc=[0000000080000a7a] W[r 0=0000000080000a7c][1] R[r 1=00000000800004a8] R[r 0=0000000000000000] inst=[00008082] ret
C0:      12915 [1] pc=[00000000800004a8] W[r 1=00000000800003a0][1] R[r 2=000000008002af30] R[r 0=0000000000000000] inst=[000070a2] c.ldsp  ra, 40(sp)
C0:      12916 [1] pc=[00000000800004aa] W[r 8=000000008002b000][1] R[r 2=000000008002af30] R[r 0=0000000000000000] inst=[00007402] c.ldsp  s0, 32(sp)
C0:      12917 [1] pc=[00000000800004ac] W[r 2=000000008002afa0][1] R[r 2=000000008002af30] R[r 0=0000000000000000] inst=[00006165] c.addi16sp sp, 112
C0:      12918 [1] pc=[00000000800004ae] W[r 0=00000000800004b0][1] R[r 1=00000000800003a0] R[r 0=0000000000000000] inst=[00008082] ret
C0:      12922 [1] pc=[00000000800003a0] W[r15=0000000000000000][1] R[r 8=000000008002b000] R[r 0=0000000000000000] inst=[fdc42783] lw      a5, -36(s0)
C0:      12923 [1] pc=[00000000800003a4] W[r14=0000000000000001][1] R[r 8=000000008002b000] R[r 0=0000000000000000] inst=[fe042703] lw      a4, -32(s0)
C0:      12925 [1] pc=[00000000800003a8] W[r14=0000000000000002][1] R[r14=0000000000000001] R[r 0=0000000000000000] inst=[00000706] c.slli  a4, 1
C0:      12926 [1] pc=[00000000800003aa] W[r15=0000000000000002][1] R[r15=0000000000000000] R[r14=0000000000000002] inst=[000097ba] c.add   a5, a4
C0:      12927 [1] pc=[00000000800003ac] W[r15=0000000000000008][1] R[r15=0000000000000002] R[r 0=0000000000000000] inst=[0000078a] c.slli  a5, 2
C0:      12928 [1] pc=[00000000800003ae] W[r14=000000008002aff0][1] R[r 8=000000008002b000] R[r 0=0000000000000000] inst=[ff040713] addi    a4, s0, -16
C0:      12929 [1] pc=[00000000800003b2] W[r15=000000008002aff8][1] R[r15=0000000000000008] R[r14=000000008002aff0] inst=[000097ba] c.add   a5, a4
C0:      12930 [1] pc=[00000000800003b4] W[r15=000000000000000f][1] R[r15=000000008002aff8] R[r 0=0000000000000000] inst=[fb07a783] lw      a5, -80(a5)
C0:      12932 [1] pc=[00000000800003b8] W[r11=000000000000000f][1] R[r 0=0000000000000000] R[r15=000000000000000f] inst=[000085be] c.mv    a1, a5
C0:      12933 [1] pc=[00000000800003ba] W[r10=00000000800023ba][1] R[r 0=0000000000000000] R[r 0=0000000000000000] inst=[00002517] auipc   a0, 0x2
C0:      12934 [1] pc=[00000000800003be] W[r10=0000000080001f18][1] R[r10=00000000800023ba] R[r 0=0000000000000000] inst=[b5e50513] addi    a0, a0, -1186
C0:      12935 [1] pc=[00000000800003c2] W[r 1=00000000800003c6][1] R[r 0=0000000000000000] R[r 0=0000000000000000] inst=[0ae000ef] jal     pc + 0xae
C0:      12936 [1] pc=[0000000080000470] W[r 2=000000008002af30][1] R[r 2=000000008002afa0] R[r 0=0000000000000000] inst=[00007159] c.addi16sp sp, -112
C0:      12937 [1] pc=[0000000080000472] W[r 0=0000000000000000][0] R[r 2=000000008002af30] R[r 8=000000008002b000] inst=[0000f022] c.sdsp  s0, 32(sp)
C0:      12938 [1] pc=[0000000080000474] W[r 0=0000000000000000][0] R[r 2=000000008002af30] R[r 1=00000000800003c6] inst=[0000f406] c.sdsp  ra, 40(sp)
C0:      12939 [1] pc=[0000000080000476] W[r 8=0000000080001f18][1] R[r 0=0000000000000000] R[r10=0000000080001f18] inst=[0000842a] c.mv    s0, a0
C0:      12940 [1] pc=[0000000080000478] W[r 0=0000000000000000][0] R[r 2=000000008002af30] R[r11=000000000000000f] inst=[0000fc2e] c.sdsp  a1, 56(sp)
C0:      12941 [1] pc=[000000008000047a] W[r 0=0000000000000000][0] R[r 2=000000008002af30] R[r12=0000000080002440] inst=[0000e0b2] c.sdsp  a2, 64(sp)
C0:      12942 [1] pc=[000000008000047c] W[r 0=0000000000000000][0] R[r 2=000000008002af30] R[r13=fffffffe00000000] inst=[0000e4b6] c.sdsp  a3, 72(sp)
C0:      12943 [1] pc=[000000008000047e] W[r 0=0000000000000000][0] R[r 2=000000008002af30] R[r14=000000008002aff0] inst=[0000e8ba] c.sdsp  a4, 80(sp)
C0:      12944 [1] pc=[0000000080000480] W[r 0=0000000000000000][0] R[r 2=000000008002af30] R[r15=000000000000000f] inst=[0000ecbe] c.sdsp  a5, 88(sp)
C0:      12945 [1] pc=[0000000080000482] W[r 0=0000000000000000][0] R[r 2=000000008002af30] R[r16=000000000000000a] inst=[0000f0c2] c.sdsp  a6, 96(sp)
C0:      12946 [1] pc=[0000000080000484] W[r 0=0000000000000000][0] R[r 2=000000008002af30] R[r17=0000000000000000] inst=[0000f4c6] c.sdsp  a7, 104(sp)
C0:      12947 [1] pc=[0000000080000486] W[r10=0000000080002486][1] R[r 0=0000000000000000] R[r 0=0000000000000000] inst=[00002517] auipc   a0, 0x2
C0:      12948 [1] pc=[000000008000048a] W[r10=0000000080002150][1] R[r10=0000000080002486] R[r 0=0000000000000000] inst=[d7a53503] ld      a0, -646(a0)
C0:      12950 [1] pc=[000000008000048e] W[r 0=0000000000000000][0] R[r10=0000000080002150] R[r 0=0000000000000000] inst=[0000c519] c.beqz  a0, pc + 14
C0:      12951 [1] pc=[0000000080000490] W[r15=0000000000000001][1] R[r10=0000000080002150] R[r 0=0000000000000000] inst=[0000591c] c.lw    a5, 48(a0)
C0:      12953 [1] pc=[0000000080000492] W[r 0=0000000000000000][0] R[r15=0000000000000001] R[r 0=0000000000000000] inst=[0000e789] c.bnez  a5, pc + 10
C0:      12957 [1] pc=[000000008000049c] W[r11=0000000080002440][1] R[r10=0000000080002150] R[r 0=0000000000000000] inst=[0000690c] c.ld    a1, 16(a0)
C0:      12958 [1] pc=[000000008000049e] W[r13=000000008002af68][1] R[r 2=000000008002af30] R[r 0=0000000000000000] inst=[00001834] c.addi4spn a3, sp, 56
C0:      12959 [1] pc=[00000000800004a0] W[r12=0000000080001f18][1] R[r 0=0000000000000000] R[r 8=0000000080001f18] inst=[00008622] c.mv    a2, s0
C0:      12960 [1] pc=[00000000800004a2] W[r 0=0000000000000000][0] R[r 2=000000008002af30] R[r13=000000008002af68] inst=[0000ec36] c.sdsp  a3, 24(sp)
C0:      12961 [1] pc=[00000000800004a4] W[r 1=00000000800004a8][1] R[r 0=0000000000000000] R[r 0=0000000000000000] inst=[47a000ef] jal     pc + 0x47a
C0:      12962 [1] pc=[000000008000091e] W[r 2=000000008002ae60][1] R[r 2=000000008002af30] R[r 0=0000000000000000] inst=[00007155] c.addi16sp sp, -208
C0:      12963 [1] pc=[0000000080000920] W[r 0=0000000000000000][0] R[r 2=000000008002ae60] R[r 8=0000000080001f18] inst=[0000e1a2] c.sdsp  s0, 192(sp)
C0:      12964 [1] pc=[0000000080000922] W[r 0=0000000000000000][0] R[r 2=000000008002ae60] R[r 9=0000000000000000] inst=[0000fd26] c.sdsp  s1, 184(sp)
C0:      12965 [1] pc=[0000000080000924] W[r 0=0000000000000000][0] R[r 2=000000008002ae60] R[r18=0000000000000000] inst=[0000f94a] c.sdsp  s2, 176(sp)
C0:      12966 [1] pc=[0000000080000926] W[r 0=0000000000000000][0] R[r 2=000000008002ae60] R[r19=0000000000000000] inst=[0000f54e] c.sdsp  s3, 168(sp)
C0:      12967 [1] pc=[0000000080000928] W[r 0=0000000000000000][0] R[r 2=000000008002ae60] R[r20=0000000000000000] inst=[0000f152] c.sdsp  s4, 160(sp)
C0:      12968 [1] pc=[000000008000092a] W[r 0=0000000000000000][0] R[r 2=000000008002ae60] R[r 1=00000000800004a8] inst=[0000e586] c.sdsp  ra, 200(sp)
C0:      12969 [1] pc=[000000008000092c] W[r 0=0000000000000000][0] R[r 2=000000008002ae60] R[r21=0000000000000000] inst=[0000ed56] c.sdsp  s5, 152(sp)
C0:      12970 [1] pc=[000000008000092e] W[r 0=0000000000000000][0] R[r 2=000000008002ae60] R[r22=0000000000000000] inst=[0000e95a] c.sdsp  s6, 144(sp)
C0:      12971 [1] pc=[0000000080000930] W[r 0=0000000000000000][0] R[r 2=000000008002ae60] R[r23=0000000000000000] inst=[0000e55e] c.sdsp  s7, 136(sp)
C0:      12972 [1] pc=[0000000080000932] W[r 0=0000000000000000][0] R[r 2=000000008002ae60] R[r24=0000000000000000] inst=[0000e162] c.sdsp  s8, 128(sp)
C0:      12973 [1] pc=[0000000080000934] W[r 0=0000000000000000][0] R[r 2=000000008002ae60] R[r25=0000000000000000] inst=[0000fce6] c.sdsp  s9, 120(sp)
C0:      12974 [1] pc=[0000000080000936] W[r 0=0000000000000000][0] R[r 2=000000008002ae60] R[r26=0000000000000000] inst=[0000f8ea] c.sdsp  s10, 112(sp)
C0:      12975 [1] pc=[0000000080000938] W[r19=0000000080002150][1] R[r 0=0000000000000000] R[r10=0000000080002150] inst=[000089aa] c.mv    s3, a0
C0:      12976 [1] pc=[000000008000093a] W[r 9=0000000080002440][1] R[r 0=0000000000000000] R[r11=0000000080002440] inst=[000084ae] c.mv    s1, a1
C0:      12977 [1] pc=[000000008000093c] W[r18=0000000080001f18][1] R[r 0=0000000000000000] R[r12=0000000080001f18] inst=[00008932] c.mv    s2, a2
C0:      12978 [1] pc=[000000008000093e] W[r 8=000000008002af68][1] R[r 0=0000000000000000] R[r13=000000008002af68] inst=[00008436] c.mv    s0, a3
C0:      12979 [1] pc=[0000000080000940] W[r20=0000000000000000][1] R[r 0=0000000000000000] R[r 0=0000000000000000] inst=[00004a01] c.li    s4, 0
C0:      12980 [1] pc=[0000000080000942] W[r 0=0000000000000000][0] R[r10=0000000080002150] R[r 0=0000000000000000] inst=[0000c509] c.beqz  a0, pc + 10
C0:      12981 [1] pc=[0000000080000944] W[r15=0000000000000001][1] R[r10=0000000080002150] R[r 0=0000000000000000] inst=[0000591c] c.lw    a5, 48(a0)
C0:      12983 [1] pc=[0000000080000946] W[r 0=0000000000000000][0] R[r15=0000000000000001] R[r 0=0000000000000000] inst=[0000e399] c.bnez  a5, pc + 6
C0:      12984 [1] pc=[000000008000094c] W[r15=000000008000194c][1] R[r 0=0000000000000000] R[r 0=0000000000000000] inst=[00001797] auipc   a5, 0x1
C0:      12985 [1] pc=[0000000080000950] W[r15=0000000080001fb0][1] R[r15=000000008000194c] R[r 0=0000000000000000] inst=[66478793] addi    a5, a5, 1636
C0:      12986 [1] pc=[0000000080000954] W[r 0=0000000000000000][0] R[r 9=0000000080002440] R[r15=0000000080001fb0] inst=[0cf49e63] bne     s1, a5, pc + 220
C0:      12987 [1] pc=[0000000080000a30] W[r15=0000000080001a30][1] R[r 0=0000000000000000] R[r 0=0000000000000000] inst=[00001797] auipc   a5, 0x1
C0:      12988 [1] pc=[0000000080000a34] W[r15=0000000080001fe8][1] R[r15=0000000080001a30] R[r 0=0000000000000000] inst=[5b878793] addi    a5, a5, 1464
C0:      12989 [1] pc=[0000000080000a38] W[r 0=0000000000000000][0] R[r 9=0000000080002440] R[r15=0000000080001fe8] inst=[00f49563] bne     s1, a5, pc + 10
C0:      12991 [1] pc=[0000000080000a42] W[r15=0000000080001a42][1] R[r 0=0000000000000000] R[r 0=0000000000000000] inst=[00001797] auipc   a5, 0x1
C0:      12992 [1] pc=[0000000080000a46] W[r15=0000000080001f78][1] R[r15=0000000080001a42] R[r 0=0000000000000000] inst=[53678793] addi    a5, a5, 1334
C0:      12993 [1] pc=[0000000080000a4a] W[r 0=0000000000000000][0] R[r 9=0000000080002440] R[r15=0000000080001f78] inst=[f0f499e3] bne     s1, a5, pc - 238
C0:      12994 [1] pc=[000000008000095c] W[r15=0000000000000089][1] R[r 9=0000000080002440] R[r 0=0000000000000000] inst=[0104d783] lhu     a5, 16(s1)
C0:      12997 [1] pc=[0000000080000960] W[r15=0000000000000008][1] R[r15=0000000000000089] R[r 0=0000000000000000] inst=[00008ba1] c.andi  a5, 8
C0:      12998 [1] pc=[0000000080000962] W[r 0=0000000000000000][0] R[r15=0000000000000008] R[r 0=0000000000000000] inst=[0000cbed] c.beqz  a5, pc + 242
C0:      12999 [1] pc=[0000000080000964] W[r15=0000000080002658][1] R[r 9=0000000080002440] R[r 0=0000000000000000] inst=[00006c9c] c.ld    a5, 24(s1)
C0:      13001 [1] pc=[0000000080000966] W[r 0=0000000000000000][0] R[r15=0000000080002658] R[r 0=0000000000000000] inst=[0000c7fd] c.beqz  a5, pc + 238
C0:      13002 [1] pc=[0000000080000968] W[r15=0000000000000020][1] R[r 0=0000000000000000] R[r 0=0000000000000000] inst=[02000793] li      a5, 32
C0:      13003 [1] pc=[000000008000096c] W[r 0=0000000000000000][0] R[r 2=000000008002ae60] R[r15=0000000000000020] inst=[02f104a3] sb      a5, 41(sp)
C0:      13004 [1] pc=[0000000080000970] W[r21=ffffffffffffffff][1] R[r 0=0000000000000000] R[r 0=0000000000000000] inst=[00005afd] c.li    s5, -1
C0:      13005 [1] pc=[0000000080000972] W[r15=0000000000000030][1] R[r 0=0000000000000000] R[r 0=0000000000000000] inst=[03000793] li      a5, 48
C0:      13006 [1] pc=[0000000080000976] W[r 0=0000000000000000][0] R[r 2=000000008002ae60] R[r 0=0000000000000000] inst=[0000d202] c.swsp  zero, 36(sp)
C0:      13007 [1] pc=[0000000080000978] W[r 0=0000000000000000][0] R[r 2=000000008002ae60] R[r15=0000000000000030] inst=[02f10523] sb      a5, 42(sp)
C0:      13008 [1] pc=[000000008000097c] W[r 0=0000000000000000][0] R[r 2=000000008002ae60] R[r 8=000000008002af68] inst=[0000e422] c.sdsp  s0, 8(sp)
C0:      13009 [1] pc=[000000008000097e] W[r23=0000000000000025][1] R[r 0=0000000000000000] R[r 0=0000000000000000] inst=[02500b93] li      s7, 37
C0:      13010 [1] pc=[0000000080000982] W[r24=ffffffff00000000][1] R[r21=ffffffffffffffff] R[r 0=0000000000000000] inst=[020a9c13] slli    s8, s5, 32
C0:      13011 [1] pc=[0000000080000986] W[r22=0000000080001986][1] R[r 0=0000000000000000] R[r 0=0000000000000000] inst=[00001b17] auipc   s6, 0x1
C0:      13012 [1] pc=[000000008000098a] W[r22=0000000080002020][1] R[r22=0000000080001986] R[r 0=0000000000000000] inst=[69ab0b13] addi    s6, s6, 1690
C0:      13013 [1] pc=[000000008000098e] W[r25=0000000000000001][1] R[r 0=0000000000000000] R[r 0=0000000000000000] inst=[00004c85] c.li    s9, 1
C0:      13014 [1] pc=[0000000080000990] W[r 8=0000000080001f18][1] R[r 0=0000000000000000] R[r18=0000000080001f18] inst=[0000844a] c.mv    s0, s2
C0:      13015 [1] pc=[0000000080000992] W[r15=0000000000000025][1] R[r 8=0000000080001f18] R[r 0=0000000000000000] inst=[00044783] lbu     a5, 0(s0)
C0:      13018 [1] pc=[0000000080000996] W[r 0=0000000000000000][0] R[r15=0000000000000025] R[r 0=0000000000000000] inst=[0000c399] c.beqz  a5, pc + 6
C0:      13022 [1] pc=[0000000080000998] W[r 0=0000000000000000][0] R[r15=0000000000000025] R[r23=0000000000000025] inst=[0f779263] bne     a5, s7, pc + 228
C0:      13026 [1] pc=[000000008000099c] W[r26=0000000000000000][1] R[r 8=0000000080001f18] R[r18=0000000080001f18] inst=[41240d3b] subw    s10, s0, s2
C0:      13027 [1] pc=[00000000800009a0] W[r 0=0000000000000000][0] R[r26=0000000000000000] R[r 0=0000000000000000] inst=[000d0e63] beqz    s10, pc + 28
C0:      13029 [1] pc=[00000000800009bc] W[r15=0000000000000025][1] R[r 8=0000000080001f18] R[r 0=0000000000000000] inst=[00044783] lbu     a5, 0(s0)
C0:      13032 [1] pc=[00000000800009c0] W[r 0=0000000000000000][0] R[r15=0000000000000025] R[r 0=0000000000000000] inst=[1e078563] beqz    a5, pc + 490
C0:      13033 [1] pc=[00000000800009c4] W[r18=0000000080001f19][1] R[r 8=0000000080001f18] R[r 0=0000000000000000] inst=[00140913] addi    s2, s0, 1
C0:      13034 [1] pc=[00000000800009c8] W[r 0=0000000000000000][0] R[r 2=000000008002ae60] R[r24=ffffffff00000000] inst=[0000e862] c.sdsp  s8, 16(sp)
C0:      13035 [1] pc=[00000000800009ca] W[r 0=0000000000000000][0] R[r 2=000000008002ae60] R[r 0=0000000000000000] inst=[0000ec02] c.sdsp  zero, 24(sp)
C0:      13036 [1] pc=[00000000800009cc] W[r 0=0000000000000000][0] R[r 2=000000008002ae60] R[r 0=0000000000000000] inst=[040109a3] sb      zero, 83(sp)
C0:      13037 [1] pc=[00000000800009d0] W[r 0=0000000000000000][0] R[r 2=000000008002ae60] R[r 0=0000000000000000] inst=[0000d482] c.swsp  zero, 104(sp)
C0:      13038 [1] pc=[00000000800009d2] W[r11=0000000000000064][1] R[r18=0000000080001f19] R[r 0=0000000000000000] inst=[00094583] lbu     a1, 0(s2)
C0:      13039 [1] pc=[00000000800009d6] W[r12=0000000000000005][1] R[r 0=0000000000000000] R[r 0=0000000000000000] inst=[00004615] c.li    a2, 5
C0:      13040 [1] pc=[00000000800009d8] W[r10=0000000080002020][1] R[r 0=0000000000000000] R[r22=0000000080002020] inst=[0000855a] c.mv    a0, s6
C0:      13041 [1] pc=[00000000800009da] W[r 1=00000000800009de][1] R[r 0=0000000000000000] R[r 0=0000000000000000] inst=[307000ef] jal     pc + 0xb06
C0:      13042 [1] pc=[00000000800014e0] W[r11=0000000000000064][1] R[r11=0000000000000064] R[r 0=0000000000000000] inst=[0ff5f593] andi    a1, a1, 255
C0:      13043 [1] pc=[00000000800014e4] W[r12=0000000080002025][1] R[r12=0000000000000005] R[r10=0000000080002020] inst=[0000962a] c.add   a2, a0
C0:      13044 [1] pc=[00000000800014e6] W[r 0=0000000000000000][0] R[r10=0000000080002020] R[r12=0000000080002025] inst=[00c51463] bne     a0, a2, pc + 8
C0:      13046 [1] pc=[00000000800014ee] W[r15=0000000000000023][1] R[r10=0000000080002020] R[r 0=0000000000000000] inst=[00054783] lbu     a5, 0(a0)
C0:      13049 [1] pc=[00000000800014f2] W[r 0=0000000000000000][0] R[r15=0000000000000023] R[r11=0000000000000064] inst=[feb78de3] beq     a5, a1, pc - 6
C0:      13050 [1] pc=[00000000800014f6] W[r10=0000000080002021][1] R[r10=0000000080002020] R[r 0=0000000000000000] inst=[00000505] c.addi  a0, 1
C0:      13051 [1] pc=[00000000800014f8] W[r 0=00000000800014fa][1] R[r 0=0000000000000000] R[r 0=0000000000000000] inst=[0000b7fd] c.j     pc - 18
C0:      13052 [1] pc=[00000000800014e6] W[r 0=0000000000000000][0] R[r10=0000000080002021] R[r12=0000000080002025] inst=[00c51463] bne     a0, a2, pc + 8
C0:      13057 [1] pc=[00000000800014ee] W[r15=000000000000002d][1] R[r10=0000000080002021] R[r 0=0000000000000000] inst=[00054783] lbu     a5, 0(a0)
C0:      13060 [1] pc=[00000000800014f2] W[r 0=0000000000000000][0] R[r15=000000000000002d] R[r11=0000000000000064] inst=[feb78de3] beq     a5, a1, pc - 6
C0:      13061 [1] pc=[00000000800014f6] W[r10=0000000080002022][1] R[r10=0000000080002021] R[r 0=0000000000000000] inst=[00000505] c.addi  a0, 1
C0:      13062 [1] pc=[00000000800014f8] W[r 0=00000000800014fa][1] R[r 0=0000000000000000] R[r 0=0000000000000000] inst=[0000b7fd] c.j     pc - 18
C0:      13063 [1] pc=[00000000800014e6] W[r 0=0000000000000000][0] R[r10=0000000080002022] R[r12=0000000080002025] inst=[00c51463] bne     a0, a2, pc + 8
C0:      13065 [1] pc=[00000000800014ee] W[r15=0000000000000030][1] R[r10=0000000080002022] R[r 0=0000000000000000] inst=[00054783] lbu     a5, 0(a0)
C0:      13068 [1] pc=[00000000800014f2] W[r 0=0000000000000000][0] R[r15=0000000000000030] R[r11=0000000000000064] inst=[feb78de3] beq     a5, a1, pc - 6
C0:      13069 [1] pc=[00000000800014f6] W[r10=0000000080002023][1] R[r10=0000000080002022] R[r 0=0000000000000000] inst=[00000505] c.addi  a0, 1
C0:      13070 [1] pc=[00000000800014f8] W[r 0=00000000800014fa][1] R[r 0=0000000000000000] R[r 0=0000000000000000] inst=[0000b7fd] c.j     pc - 18
C0:      13071 [1] pc=[00000000800014e6] W[r 0=0000000000000000][0] R[r10=0000000080002023] R[r12=0000000080002025] inst=[00c51463] bne     a0, a2, pc + 8
C0:      13076 [1] pc=[00000000800014ee] W[r15=000000000000002b][1] R[r10=0000000080002023] R[r 0=0000000000000000] inst=[00054783] lbu     a5, 0(a0)
C0:      13079 [1] pc=[00000000800014f2] W[r 0=0000000000000000][0] R[r15=000000000000002b] R[r11=0000000000000064] inst=[feb78de3] beq     a5, a1, pc - 6
C0:      13080 [1] pc=[00000000800014f6] W[r10=0000000080002024][1] R[r10=0000000080002023] R[r 0=0000000000000000] inst=[00000505] c.addi  a0, 1
C0:      13081 [1] pc=[00000000800014f8] W[r 0=00000000800014fa][1] R[r 0=0000000000000000] R[r 0=0000000000000000] inst=[0000b7fd] c.j     pc - 18
C0:      13082 [1] pc=[00000000800014e6] W[r 0=0000000000000000][0] R[r10=0000000080002024] R[r12=0000000080002025] inst=[00c51463] bne     a0, a2, pc + 8
C0:      13084 [1] pc=[00000000800014ee] W[r15=0000000000000020][1] R[r10=0000000080002024] R[r 0=0000000000000000] inst=[00054783] lbu     a5, 0(a0)
C0:      13087 [1] pc=[00000000800014f2] W[r 0=0000000000000000][0] R[r15=0000000000000020] R[r11=0000000000000064] inst=[feb78de3] beq     a5, a1, pc - 6
C0:      13088 [1] pc=[00000000800014f6] W[r10=0000000080002025][1] R[r10=0000000080002024] R[r 0=0000000000000000] inst=[00000505] c.addi  a0, 1
C0:      13089 [1] pc=[00000000800014f8] W[r 0=00000000800014fa][1] R[r 0=0000000000000000] R[r 0=0000000000000000] inst=[0000b7fd] c.j     pc - 18
C0:      13090 [1] pc=[00000000800014e6] W[r 0=0000000000000000][0] R[r10=0000000080002025] R[r12=0000000080002025] inst=[00c51463] bne     a0, a2, pc + 8
C0:      13094 [1] pc=[00000000800014ea] W[r10=0000000000000000][1] R[r 0=0000000000000000] R[r 0=0000000000000000] inst=[00004501] c.li    a0, 0
C0:      13095 [1] pc=[00000000800014ec] W[r 0=00000000800014ee][1] R[r 1=00000000800009de] R[r 0=0000000000000000] inst=[00008082] ret
C0:      13100 [1] pc=[00000000800009de] W[r 8=0000000080001f1a][1] R[r18=0000000080001f19] R[r 0=0000000000000000] inst=[00190413] addi    s0, s2, 1
C0:      13101 [1] pc=[00000000800009e2] W[r 0=0000000000000000][0] R[r10=0000000000000000] R[r 0=0000000000000000] inst=[0000ed59] c.bnez  a0, pc + 158
C0:      13102 [1] pc=[00000000800009e4] W[r15=0000000000000000][1] R[r 2=000000008002ae60] R[r 0=0000000000000000] inst=[000047c2] c.lwsp  a5, 16(sp)
C0:      13104 [1] pc=[00000000800009e6] W[r14=0000000000000000][1] R[r15=0000000000000000] R[r 0=0000000000000000] inst=[0107f713] andi    a4, a5, 16
C0:      13105 [1] pc=[00000000800009ea] W[r 0=0000000000000000][0] R[r14=0000000000000000] R[r 0=0000000000000000] inst=[0000c709] c.beqz  a4, pc + 10
C0:      13106 [1] pc=[00000000800009f4] W[r14=0000000000000000][1] R[r15=0000000000000000] R[r 0=0000000000000000] inst=[0087f713] andi    a4, a5, 8
C0:      13107 [1] pc=[00000000800009f8] W[r 0=0000000000000000][0] R[r14=0000000000000000] R[r 0=0000000000000000] inst=[0000c709] c.beqz  a4, pc + 10
C0:      13112 [1] pc=[0000000080000a02] W[r13=0000000000000064][1] R[r18=0000000080001f19] R[r 0=0000000000000000] inst=[00094683] lbu     a3, 0(s2)
C0:      13113 [1] pc=[0000000080000a06] W[r14=000000000000002a][1] R[r 0=0000000000000000] R[r 0=0000000000000000] inst=[02a00713] li      a4, 42
C0:      13115 [1] pc=[0000000080000a0a] W[r 0=0000000000000000][0] R[r13=0000000000000064] R[r14=000000000000002a] inst=[08e68463] beq     a3, a4, pc + 136
C0:      13116 [1] pc=[0000000080000a0e] W[r15=0000000000000000][1] R[r 2=000000008002ae60] R[r 0=0000000000000000] inst=[000047f2] c.lwsp  a5, 28(sp)
C0:      13117 [1] pc=[0000000080000a10] W[r 8=0000000080001f19][1] R[r 0=0000000000000000] R[r18=0000000080001f19] inst=[0000844a] c.mv    s0, s2
C0:      13118 [1] pc=[0000000080000a12] W[r13=0000000000000000][1] R[r 0=0000000000000000] R[r 0=0000000000000000] inst=[00004681] c.li    a3, 0
C0:      13119 [1] pc=[0000000080000a14] W[r12=0000000000000009][1] R[r 0=0000000000000000] R[r 0=0000000000000000] inst=[00004625] c.li    a2, 9
C0:      13120 [1] pc=[0000000080000a16] W[r16=000000000000000a][1] R[r 0=0000000000000000] R[r 0=0000000000000000] inst=[00004829] c.li    a6, 10
C0:      13121 [1] pc=[0000000080000a18] W[r14=0000000000000064][1] R[r 8=0000000080001f19] R[r 0=0000000000000000] inst=[00044703] lbu     a4, 0(s0)
C0:      13122 [1] pc=[0000000080000a1c] W[r10=0000000080001f1a][1] R[r 8=0000000080001f19] R[r 0=0000000000000000] inst=[00140513] addi    a0, s0, 1
C0:      13124 [1] pc=[0000000080000a20] W[r11=0000000000000034][1] R[r14=0000000000000064] R[r 0=0000000000000000] inst=[fd07059b] addiw   a1, a4, -48
C0:      13125 [1] pc=[0000000080000a24] W[r14=0000000000000034][1] R[r 0=0000000000000000] R[r11=0000000000000034] inst=[0000872e] c.mv    a4, a1
C0:      13126 [1] pc=[0000000080000a26] W[r 0=0000000000000000][0] R[r12=0000000000000009] R[r11=0000000000000034] inst=[0ab67b63] bgeu    a2, a1, pc + 182
C0:      13127 [1] pc=[0000000080000a2a] W[r 0=0000000000000000][0] R[r13=0000000000000000] R[r 0=0000000000000000] inst=[0000cea5] c.beqz  a3, pc + 120
C0:      13132 [1] pc=[0000000080000aa2] W[r14=0000000000000064][1] R[r 8=0000000080001f19] R[r 0=0000000000000000] inst=[00044703] lbu     a4, 0(s0)
C0:      13133 [1] pc=[0000000080000aa6] W[r15=000000000000002e][1] R[r 0=0000000000000000] R[r 0=0000000000000000] inst=[02e00793] li      a5, 46
C0:      13135 [1] pc=[0000000080000aaa] W[r 0=0000000000000000][0] R[r14=0000000000000064] R[r15=000000000000002e] inst=[04f71063] bne     a4, a5, pc + 64
C0:      13140 [1] pc=[0000000080000aea] W[r11=0000000000000064][1] R[r 8=0000000080001f19] R[r 0=0000000000000000] inst=[00044583] lbu     a1, 0(s0)
C0:      13141 [1] pc=[0000000080000aee] W[r12=0000000000000003][1] R[r 0=0000000000000000] R[r 0=0000000000000000] inst=[0000460d] c.li    a2, 3
C0:      13142 [1] pc=[0000000080000af0] W[r10=0000000080001af0][1] R[r 0=0000000000000000] R[r 0=0000000000000000] inst=[00001517] auipc   a0, 0x1
C0:      13143 [1] pc=[0000000080000af4] W[r10=0000000080002028][1] R[r10=0000000080001af0] R[r 0=0000000000000000] inst=[53850513] addi    a0, a0, 1336
C0:      13144 [1] pc=[0000000080000af8] W[r 1=0000000080000afc][1] R[r 0=0000000000000000] R[r 0=0000000000000000] inst=[1e9000ef] jal     pc + 0x9e8
C0:      13145 [1] pc=[00000000800014e0] W[r11=0000000000000064][1] R[r11=0000000000000064] R[r 0=0000000000000000] inst=[0ff5f593] andi    a1, a1, 255
C0:      13146 [1] pc=[00000000800014e4] W[r12=000000008000202b][1] R[r12=0000000000000003] R[r10=0000000080002028] inst=[0000962a] c.add   a2, a0
C0:      13147 [1] pc=[00000000800014e6] W[r 0=0000000000000000][0] R[r10=0000000080002028] R[r12=000000008000202b] inst=[00c51463] bne     a0, a2, pc + 8
C0:      13152 [1] pc=[00000000800014ee] W[r15=0000000000000068][1] R[r10=0000000080002028] R[r 0=0000000000000000] inst=[00054783] lbu     a5, 0(a0)
C0:      13155 [1] pc=[00000000800014f2] W[r 0=0000000000000000][0] R[r15=0000000000000068] R[r11=0000000000000064] inst=[feb78de3] beq     a5, a1, pc - 6
C0:      13159 [1] pc=[00000000800014f6] W[r10=0000000080002029][1] R[r10=0000000080002028] R[r 0=0000000000000000] inst=[00000505] c.addi  a0, 1
C0:      13160 [1] pc=[00000000800014f8] W[r 0=00000000800014fa][1] R[r 0=0000000000000000] R[r 0=0000000000000000] inst=[0000b7fd] c.j     pc - 18
C0:      13162 [1] pc=[00000000800014e6] W[r 0=0000000000000000][0] R[r10=0000000080002029] R[r12=000000008000202b] inst=[00c51463] bne     a0, a2, pc + 8
C0:      13164 [1] pc=[00000000800014ee] W[r15=000000000000006c][1] R[r10=0000000080002029] R[r 0=0000000000000000] inst=[00054783] lbu     a5, 0(a0)
C0:      13167 [1] pc=[00000000800014f2] W[r 0=0000000000000000][0] R[r15=000000000000006c] R[r11=0000000000000064] inst=[feb78de3] beq     a5, a1, pc - 6
C0:      13168 [1] pc=[00000000800014f6] W[r10=000000008000202a][1] R[r10=0000000080002029] R[r 0=0000000000000000] inst=[00000505] c.addi  a0, 1
C0:      13169 [1] pc=[00000000800014f8] W[r 0=00000000800014fa][1] R[r 0=0000000000000000] R[r 0=0000000000000000] inst=[0000b7fd] c.j     pc - 18
C0:      13170 [1] pc=[00000000800014e6] W[r 0=0000000000000000][0] R[r10=000000008000202a] R[r12=000000008000202b] inst=[00c51463] bne     a0, a2, pc + 8
C0:      13172 [1] pc=[00000000800014ee] W[r15=000000000000004c][1] R[r10=000000008000202a] R[r 0=0000000000000000] inst=[00054783] lbu     a5, 0(a0)
C0:      13175 [1] pc=[00000000800014f2] W[r 0=0000000000000000][0] R[r15=000000000000004c] R[r11=0000000000000064] inst=[feb78de3] beq     a5, a1, pc - 6
C0:      13176 [1] pc=[00000000800014f6] W[r10=000000008000202b][1] R[r10=000000008000202a] R[r 0=0000000000000000] inst=[00000505] c.addi  a0, 1
C0:      13177 [1] pc=[00000000800014f8] W[r 0=00000000800014fa][1] R[r 0=0000000000000000] R[r 0=0000000000000000] inst=[0000b7fd] c.j     pc - 18
C0:      13178 [1] pc=[00000000800014e6] W[r 0=0000000000000000][0] R[r10=000000008000202b] R[r12=000000008000202b] inst=[00c51463] bne     a0, a2, pc + 8
C0:      13182 [1] pc=[00000000800014ea] W[r10=0000000000000000][1] R[r 0=0000000000000000] R[r 0=0000000000000000] inst=[00004501] c.li    a0, 0
C0:      13183 [1] pc=[00000000800014ec] W[r 0=00000000800014ee][1] R[r 1=0000000080000afc] R[r 0=0000000000000000] inst=[00008082] ret
C0:      13187 [1] pc=[0000000080000afc] W[r 0=0000000000000000][0] R[r10=0000000000000000] R[r 0=0000000000000000] inst=[0000cd11] c.beqz  a0, pc + 28
C0:      13189 [1] pc=[0000000080000b18] W[r11=0000000000000064][1] R[r 8=0000000080001f19] R[r 0=0000000000000000] inst=[00044583] lbu     a1, 0(s0)
C0:      13190 [1] pc=[0000000080000b1c] W[r12=0000000000000006][1] R[r 0=0000000000000000] R[r 0=0000000000000000] inst=[00004619] c.li    a2, 6
C0:      13191 [1] pc=[0000000080000b1e] W[r10=0000000080001b1e][1] R[r 0=0000000000000000] R[r 0=0000000000000000] inst=[00001517] auipc   a0, 0x1
C0:      13192 [1] pc=[0000000080000b22] W[r10=0000000080002030][1] R[r10=0000000080001b1e] R[r 0=0000000000000000] inst=[51250513] addi    a0, a0, 1298
C0:      13193 [1] pc=[0000000080000b26] W[r18=0000000080001f1a][1] R[r 8=0000000080001f19] R[r 0=0000000000000000] inst=[00140913] addi    s2, s0, 1
C0:      13194 [1] pc=[0000000080000b2a] W[r 0=0000000000000000][0] R[r 2=000000008002ae60] R[r11=0000000000000064] inst=[02b10423] sb      a1, 40(sp)
C0:      13195 [1] pc=[0000000080000b2e] W[r 1=0000000080000b32][1] R[r 0=0000000000000000] R[r 0=0000000000000000] inst=[1b3000ef] jal     pc + 0x9b2
C0:      13197 [1] pc=[00000000800014e0] W[r11=0000000000000064][1] R[r11=0000000000000064] R[r 0=0000000000000000] inst=[0ff5f593] andi    a1, a1, 255
C0:      13198 [1] pc=[00000000800014e4] W[r12=0000000080002036][1] R[r12=0000000000000006] R[r10=0000000080002030] inst=[0000962a] c.add   a2, a0
C0:      13199 [1] pc=[00000000800014e6] W[r 0=0000000000000000][0] R[r10=0000000080002030] R[r12=0000000080002036] inst=[00c51463] bne     a0, a2, pc + 8
C0:      13201 [1] pc=[00000000800014ee] W[r15=0000000000000065][1] R[r10=0000000080002030] R[r 0=0000000000000000] inst=[00054783] lbu     a5, 0(a0)
C0:      13204 [1] pc=[00000000800014f2] W[r 0=0000000000000000][0] R[r15=0000000000000065] R[r11=0000000000000064] inst=[feb78de3] beq     a5, a1, pc - 6
C0:      13205 [1] pc=[00000000800014f6] W[r10=0000000080002031][1] R[r10=0000000080002030] R[r 0=0000000000000000] inst=[00000505] c.addi  a0, 1
C0:      13206 [1] pc=[00000000800014f8] W[r 0=00000000800014fa][1] R[r 0=0000000000000000] R[r 0=0000000000000000] inst=[0000b7fd] c.j     pc - 18
C0:      13207 [1] pc=[00000000800014e6] W[r 0=0000000000000000][0] R[r10=0000000080002031] R[r12=0000000080002036] inst=[00c51463] bne     a0, a2, pc + 8
C0:      13209 [1] pc=[00000000800014ee] W[r15=0000000000000066][1] R[r10=0000000080002031] R[r 0=0000000000000000] inst=[00054783] lbu     a5, 0(a0)
C0:      13212 [1] pc=[00000000800014f2] W[r 0=0000000000000000][0] R[r15=0000000000000066] R[r11=0000000000000064] inst=[feb78de3] beq     a5, a1, pc - 6
C0:      13213 [1] pc=[00000000800014f6] W[r10=0000000080002032][1] R[r10=0000000080002031] R[r 0=0000000000000000] inst=[00000505] c.addi  a0, 1
C0:      13214 [1] pc=[00000000800014f8] W[r 0=00000000800014fa][1] R[r 0=0000000000000000] R[r 0=0000000000000000] inst=[0000b7fd] c.j     pc - 18
C0:      13215 [1] pc=[00000000800014e6] W[r 0=0000000000000000][0] R[r10=0000000080002032] R[r12=0000000080002036] inst=[00c51463] bne     a0, a2, pc + 8
C0:      13217 [1] pc=[00000000800014ee] W[r15=0000000000000067][1] R[r10=0000000080002032] R[r 0=0000000000000000] inst=[00054783] lbu     a5, 0(a0)
C0:      13220 [1] pc=[00000000800014f2] W[r 0=0000000000000000][0] R[r15=0000000000000067] R[r11=0000000000000064] inst=[feb78de3] beq     a5, a1, pc - 6
C0:      13221 [1] pc=[00000000800014f6] W[r10=0000000080002033][1] R[r10=0000000080002032] R[r 0=0000000000000000] inst=[00000505] c.addi  a0, 1
C0:      13222 [1] pc=[00000000800014f8] W[r 0=00000000800014fa][1] R[r 0=0000000000000000] R[r 0=0000000000000000] inst=[0000b7fd] c.j     pc - 18
C0:      13223 [1] pc=[00000000800014e6] W[r 0=0000000000000000][0] R[r10=0000000080002033] R[r12=0000000080002036] inst=[00c51463] bne     a0, a2, pc + 8
C0:      13225 [1] pc=[00000000800014ee] W[r15=0000000000000045][1] R[r10=0000000080002033] R[r 0=0000000000000000] inst=[00054783] lbu     a5, 0(a0)
C0:      13228 [1] pc=[00000000800014f2] W[r 0=0000000000000000][0] R[r15=0000000000000045] R[r11=0000000000000064] inst=[feb78de3] beq     a5, a1, pc - 6
C0:      13232 [1] pc=[00000000800014f6] W[r10=0000000080002034][1] R[r10=0000000080002033] R[r 0=0000000000000000] inst=[00000505] c.addi  a0, 1
C0:      13233 [1] pc=[00000000800014f8] W[r 0=00000000800014fa][1] R[r 0=0000000000000000] R[r 0=0000000000000000] inst=[0000b7fd] c.j     pc - 18
C0:      13235 [1] pc=[00000000800014e6] W[r 0=0000000000000000][0] R[r10=0000000080002034] R[r12=0000000080002036] inst=[00c51463] bne     a0, a2, pc + 8
C0:      13237 [1] pc=[00000000800014ee] W[r15=0000000000000046][1] R[r10=0000000080002034] R[r 0=0000000000000000] inst=[00054783] lbu     a5, 0(a0)
C0:      13240 [1] pc=[00000000800014f2] W[r 0=0000000000000000][0] R[r15=0000000000000046] R[r11=0000000000000064] inst=[feb78de3] beq     a5, a1, pc - 6
C0:      13241 [1] pc=[00000000800014f6] W[r10=0000000080002035][1] R[r10=0000000080002034] R[r 0=0000000000000000] inst=[00000505] c.addi  a0, 1
C0:      13242 [1] pc=[00000000800014f8] W[r 0=00000000800014fa][1] R[r 0=0000000000000000] R[r 0=0000000000000000] inst=[0000b7fd] c.j     pc - 18
C0:      13243 [1] pc=[00000000800014e6] W[r 0=0000000000000000][0] R[r10=0000000080002035] R[r12=0000000080002036] inst=[00c51463] bne     a0, a2, pc + 8
C0:      13245 [1] pc=[00000000800014ee] W[r15=0000000000000047][1] R[r10=0000000080002035] R[r 0=0000000000000000] inst=[00054783] lbu     a5, 0(a0)
C0:      13248 [1] pc=[00000000800014f2] W[r 0=0000000000000000][0] R[r15=0000000000000047] R[r11=0000000000000064] inst=[feb78de3] beq     a5, a1, pc - 6
C0:      13249 [1] pc=[00000000800014f6] W[r10=0000000080002036][1] R[r10=0000000080002035] R[r 0=0000000000000000] inst=[00000505] c.addi  a0, 1
C0:      13250 [1] pc=[00000000800014f8] W[r 0=00000000800014fa][1] R[r 0=0000000000000000] R[r 0=0000000000000000] inst=[0000b7fd] c.j     pc - 18
C0:      13251 [1] pc=[00000000800014e6] W[r 0=0000000000000000][0] R[r10=0000000080002036] R[r12=0000000080002036] inst=[00c51463] bne     a0, a2, pc + 8
C0:      13255 [1] pc=[00000000800014ea] W[r10=0000000000000000][1] R[r 0=0000000000000000] R[r 0=0000000000000000] inst=[00004501] c.li    a0, 0
C0:      13256 [1] pc=[00000000800014ec] W[r 0=00000000800014ee][1] R[r 1=0000000080000b32] R[r 0=0000000000000000] inst=[00008082] ret
C0:      13260 [1] pc=[0000000080000b32] W[r 0=0000000000000000][0] R[r10=0000000000000000] R[r 0=0000000000000000] inst=[0000c541] c.beqz  a0, pc + 136
C0:      13262 [1] pc=[0000000080000bba] W[r14=000000008002ae68][1] R[r 2=000000008002ae60] R[r 0=0000000000000000] inst=[00000038] c.addi4spn a4, sp, 8
C0:      13263 [1] pc=[0000000080000bbc] W[r13=0000000080000bbc][1] R[r 0=0000000000000000] R[r 0=0000000000000000] inst=[00000697] auipc   a3, 0x0
C0:      13264 [1] pc=[0000000080000bc0] W[r13=00000000800008b2][1] R[r13=0000000080000bbc] R[r 0=0000000000000000] inst=[cf668693] addi    a3, a3, -778
C0:      13265 [1] pc=[0000000080000bc4] W[r12=0000000080002440][1] R[r 0=0000000000000000] R[r 9=0000000080002440] inst=[00008626] c.mv    a2, s1
C0:      13266 [1] pc=[0000000080000bc6] W[r11=000000008002ae70][1] R[r 2=000000008002ae60] R[r 0=0000000000000000] inst=[0000080c] c.addi4spn a1, sp, 16
C0:      13267 [1] pc=[0000000080000bc8] W[r10=0000000080002150][1] R[r 0=0000000000000000] R[r19=0000000080002150] inst=[0000854e] c.mv    a0, s3
C0:      13268 [1] pc=[0000000080000bca] W[r 1=0000000080000bce][1] R[r 0=0000000000000000] R[r 0=0000000000000000] inst=[3a1000ef] jal     pc + 0xba0
C0:      13269 [1] pc=[000000008000176a] W[r 2=000000008002ae10][1] R[r 2=000000008002ae60] R[r 0=0000000000000000] inst=[0000715d] c.addi16sp sp, -80
C0:      13270 [1] pc=[000000008000176c] W[r 0=0000000000000000][0] R[r 2=000000008002ae10] R[r 8=0000000080001f19] inst=[0000e0a2] c.sdsp  s0, 64(sp)
C0:      13271 [1] pc=[000000008000176e] W[r 0=0000000000000000][0] R[r 2=000000008002ae10] R[r18=0000000080001f1a] inst=[0000f84a] c.sdsp  s2, 48(sp)
C0:      13272 [1] pc=[0000000080001770] W[r 0=0000000000000000][0] R[r 2=000000008002ae10] R[r19=0000000080002150] inst=[0000f44e] c.sdsp  s3, 40(sp)
C0:      13273 [1] pc=[0000000080001772] W[r 0=0000000000000000][0] R[r 2=000000008002ae10] R[r20=0000000000000000] inst=[0000f052] c.sdsp  s4, 32(sp)
C0:      13274 [1] pc=[0000000080001774] W[r 0=0000000000000000][0] R[r 2=000000008002ae10] R[r 1=0000000080000bce] inst=[0000e486] c.sdsp  ra, 72(sp)
C0:      13275 [1] pc=[0000000080001776] W[r 0=0000000000000000][0] R[r 2=000000008002ae10] R[r 9=0000000080002440] inst=[0000fc26] c.sdsp  s1, 56(sp)
C0:      13276 [1] pc=[0000000080001778] W[r 0=0000000000000000][0] R[r 2=000000008002ae10] R[r21=ffffffffffffffff] inst=[0000ec56] c.sdsp  s5, 24(sp)
C0:      13277 [1] pc=[000000008000177a] W[r 0=0000000000000000][0] R[r 2=000000008002ae10] R[r22=0000000080002020] inst=[0000e85a] c.sdsp  s6, 16(sp)
C0:      13278 [1] pc=[000000008000177c] W[r 8=000000008002ae70][1] R[r 0=0000000000000000] R[r11=000000008002ae70] inst=[0000842e] c.mv    s0, a1
C0:      13279 [1] pc=[000000008000177e] W[r20=00000000800008b2][1] R[r 0=0000000000000000] R[r13=00000000800008b2] inst=[00008a36] c.mv    s4, a3
C0:      13280 [1] pc=[0000000080001780] W[r13=000000008002aeb3][1] R[r11=000000008002ae70] R[r 0=0000000000000000] inst=[04358693] addi    a3, a1, 67
C0:      13281 [1] pc=[0000000080001784] W[r11=0000000000000064][1] R[r11=000000008002ae70] R[r 0=0000000000000000] inst=[0185c583] lbu     a1, 24(a1)
C0:      13282 [1] pc=[0000000080001788] W[r15=0000000000000078][1] R[r 0=0000000000000000] R[r 0=0000000000000000] inst=[07800793] li      a5, 120
C0:      13283 [1] pc=[000000008000178c] W[r18=0000000080002150][1] R[r 0=0000000000000000] R[r10=0000000080002150] inst=[0000892a] c.mv    s2, a0
C0:      13284 [1] pc=[000000008000178e] W[r19=0000000080002440][1] R[r 0=0000000000000000] R[r12=0000000080002440] inst=[000089b2] c.mv    s3, a2
C0:      13285 [1] pc=[0000000080001790] W[r 0=0000000000000000][0] R[r15=0000000000000078] R[r11=0000000000000064] inst=[00b7ec63] bltu    a5, a1, pc + 24
C0:      13286 [1] pc=[0000000080001794] W[r15=0000000000000062][1] R[r 0=0000000000000000] R[r 0=0000000000000000] inst=[06200793] li      a5, 98
C0:      13287 [1] pc=[0000000080001798] W[r 0=0000000000000000][0] R[r15=0000000000000062] R[r11=0000000000000064] inst=[00b7ed63] bltu    a5, a1, pc + 26
C0:      13289 [1] pc=[00000000800017b2] W[r15=0000000000000001][1] R[r11=0000000000000064] R[r 0=0000000000000000] inst=[f9d5879b] addiw   a5, a1, -99
C0:      13290 [1] pc=[00000000800017b6] W[r15=0000000000000001][1] R[r15=0000000000000001] R[r 0=0000000000000000] inst=[0ff7f793] andi    a5, a5, 255
C0:      13291 [1] pc=[00000000800017ba] W[r12=0000000000000015][1] R[r 0=0000000000000000] R[r 0=0000000000000000] inst=[00004655] c.li    a2, 21
C0:      13292 [1] pc=[00000000800017bc] W[r 0=0000000000000000][0] R[r12=0000000000000015] R[r15=0000000000000001] inst=[fef666e3] bltu    a2, a5, pc - 20
C0:      13293 [1] pc=[00000000800017c0] W[r12=00000000800027c0][1] R[r 0=0000000000000000] R[r 0=0000000000000000] inst=[00001617] auipc   a2, 0x1
C0:      13294 [1] pc=[00000000800017c4] W[r12=0000000080002068][1] R[r12=00000000800027c0] R[r 0=0000000000000000] inst=[8a860613] addi    a2, a2, -1880
C0:      13295 [1] pc=[00000000800017c8] W[r15=0000000000000004][1] R[r15=0000000000000001] R[r 0=0000000000000000] inst=[0000078a] c.slli  a5, 2
C0:      13296 [1] pc=[00000000800017ca] W[r15=000000008000206c][1] R[r15=0000000000000004] R[r12=0000000080002068] inst=[000097b2] c.add   a5, a2
C0:      13297 [1] pc=[00000000800017cc] W[r15=fffffffffffff780][1] R[r15=000000008000206c] R[r 0=0000000000000000] inst=[0000439c] c.lw    a5, 0(a5)
C0:      13299 [1] pc=[00000000800017ce] W[r15=00000000800017e8][1] R[r15=fffffffffffff780] R[r12=0000000080002068] inst=[000097b2] c.add   a5, a2
C0:      13300 [1] pc=[00000000800017d0] W[r 0=00000000800017d2][1] R[r15=00000000800017e8] R[r 0=0000000000000000] inst=[00008782] c.jr    a5
C0:      13304 [1] pc=[00000000800017e8] W[r12=0000000000000000][1] R[r 8=000000008002ae70] R[r 0=0000000000000000] inst=[00004010] c.lw    a2, 0(s0)
C0:      13305 [1] pc=[00000000800017ea] W[r15=000000008002af68][1] R[r14=000000008002ae68] R[r 0=0000000000000000] inst=[0000631c] c.ld    a5, 0(a4)
C0:      13306 [1] pc=[00000000800017ec] W[r10=0000000000000000][1] R[r12=0000000000000000] R[r 0=0000000000000000] inst=[08067513] andi    a0, a2, 128
C0:      13307 [1] pc=[00000000800017f0] W[r11=000000008002af70][1] R[r15=000000008002af68] R[r 0=0000000000000000] inst=[00878593] addi    a1, a5, 8
C0:      13308 [1] pc=[00000000800017f4] W[r 0=0000000000000000][0] R[r10=0000000000000000] R[r 0=0000000000000000] inst=[0000c10d] c.beqz  a0, pc + 34
C0:      13313 [1] pc=[0000000080001816] W[r12=0000000000000000][1] R[r12=0000000000000000] R[r 0=0000000000000000] inst=[04067613] andi    a2, a2, 64
C0:      13314 [1] pc=[000000008000181a] W[r 0=0000000000000000][0] R[r14=000000008002ae68] R[r11=000000008002af70] inst=[0000e30c] c.sd    a1, 0(a4)
C0:      13315 [1] pc=[000000008000181c] W[r 0=0000000000000000][0] R[r12=0000000000000000] R[r 0=0000000000000000] inst=[0000c601] c.beqz  a2, pc + 8
C0:      13316 [1] pc=[0000000080001824] W[r15=000000000000000f][1] R[r15=000000008002af68] R[r 0=0000000000000000] inst=[0000439c] c.lw    a5, 0(a5)
C0:      13317 [1] pc=[0000000080001826] W[r 0=0000000080001828][1] R[r 0=0000000000000000] R[r 0=0000000000000000] inst=[0000bfd1] c.j     pc - 44
C0:      13319 [1] pc=[00000000800017fa] W[r 0=0000000000000000][0] R[r15=000000000000000f] R[r 0=0000000000000000] inst=[0007d863] bgez    a5, pc + 16
C0:      13321 [1] pc=[000000008000180a] W[r12=000000008000280a][1] R[r 0=0000000000000000] R[r 0=0000000000000000] inst=[00001617] auipc   a2, 0x1
C0:      13322 [1] pc=[000000008000180e] W[r12=0000000080002038][1] R[r12=000000008000280a] R[r 0=0000000000000000] inst=[82e60613] addi    a2, a2, -2002
C0:      13323 [1] pc=[0000000080001812] W[r14=000000000000000a][1] R[r 0=0000000000000000] R[r 0=0000000000000000] inst=[00004729] c.li    a4, 10
C0:      13324 [1] pc=[0000000080001814] W[r 0=0000000080001816][1] R[r 0=0000000000000000] R[r 0=0000000000000000] inst=[0000a83d] c.j     pc + 62
C0:      13325 [1] pc=[0000000080001852] W[r11=ffffffffffffffff][1] R[r 8=000000008002ae70] R[r 0=0000000000000000] inst=[0000404c] c.lw    a1, 4(s0)
C0:      13327 [1] pc=[0000000080001854] W[r 0=0000000000000000][0] R[r 8=000000008002ae70] R[r11=ffffffffffffffff] inst=[0000c40c] c.sw    a1, 8(s0)
C0:      13328 [1] pc=[0000000080001856] W[r 0=0000000000000000][0] R[r11=ffffffffffffffff] R[r 0=0000000000000000] inst=[0005c563] bltz    a1, pc + 10
C0:      13329 [1] pc=[0000000080001860] W[r 0=0000000000000000][0] R[r15=000000000000000f] R[r 0=0000000000000000] inst=[0000e399] c.bnez  a5, pc + 6
C0:      13331 [1] pc=[0000000080001866] W[r 9=000000008002aeb3][1] R[r 0=0000000000000000] R[r13=000000008002aeb3] inst=[000084b6] c.mv    s1, a3
C0:      13332 [1] pc=[0000000080001868] W[r11=0000000000000000][0] R[r15=000000000000000f] R[r14=000000000000000a] inst=[02e7f5b3] remu    a1, a5, a4
C0:      13333 [1] pc=[000000008000186c] W[r 9=000000008002aeb2][1] R[r 9=000000008002aeb3] R[r 0=0000000000000000] inst=[000014fd] c.addi  s1, -1
C0:      13337 [1] pc=[000000008000186e] W[r11=000000008000203d][1] R[r11=0000000000000005] R[r12=0000000080002038] inst=[000095b2] c.add   a1, a2
C0:      13338 [1] pc=[0000000080001870] W[r11=0000000000000035][1] R[r11=000000008000203d] R[r 0=0000000000000000] inst=[0005c583] lbu     a1, 0(a1)
C0:      13341 [1] pc=[0000000080001874] W[r 0=0000000000000000][0] R[r 9=000000008002aeb2] R[r11=0000000000000035] inst=[00b48023] sb      a1, 0(s1)
C0:      13342 [1] pc=[0000000080001878] W[r11=000000000000000f][1] R[r 0=0000000000000000] R[r15=000000000000000f] inst=[000085be] c.mv    a1, a5
C0:      13343 [1] pc=[000000008000187a] W[r15=0000000000000000][0] R[r15=000000000000000f] R[r14=000000000000000a] inst=[02e7d7b3] divu    a5, a5, a4
C0:      13344 [1] pc=[000000008000187e] W[r 0=0000000000000000][0] R[r11=000000000000000f] R[r14=000000000000000a] inst=[fee5f5e3] bgeu    a1, a4, pc - 22
C0:      13348 [1] pc=[0000000080001868] W[r11=0000000000000000][0] R[r15=0000000000000001] R[r14=000000000000000a] inst=[02e7f5b3] remu    a1, a5, a4
C0:      13349 [1] pc=[000000008000186c] W[r 9=000000008002aeb1][1] R[r 9=000000008002aeb2] R[r 0=0000000000000000] inst=[000014fd] c.addi  s1, -1
C0:      13414 [1] pc=[000000008000186e] W[r11=0000000080002039][1] R[r11=0000000000000001] R[r12=0000000080002038] inst=[000095b2] c.add   a1, a2
C0:      13415 [1] pc=[0000000080001870] W[r11=0000000000000031][1] R[r11=0000000080002039] R[r 0=0000000000000000] inst=[0005c583] lbu     a1, 0(a1)
C0:      13418 [1] pc=[0000000080001874] W[r 0=0000000000000000][0] R[r 9=000000008002aeb1] R[r11=0000000000000031] inst=[00b48023] sb      a1, 0(s1)
C0:      13419 [1] pc=[0000000080001878] W[r11=0000000000000001][1] R[r 0=0000000000000000] R[r15=0000000000000001] inst=[000085be] c.mv    a1, a5
C0:      13420 [1] pc=[000000008000187a] W[r15=0000000000000000][0] R[r15=0000000000000001] R[r14=000000000000000a] inst=[02e7d7b3] divu    a5, a5, a4
C0:      13421 [1] pc=[000000008000187e] W[r 0=0000000000000000][0] R[r11=0000000000000001] R[r14=000000000000000a] inst=[fee5f5e3] bgeu    a1, a4, pc - 22
C0:      13486 [1] pc=[0000000080001882] W[r15=0000000000000008][1] R[r 0=0000000000000000] R[r 0=0000000000000000] inst=[000047a1] c.li    a5, 8
C0:      13487 [1] pc=[0000000080001884] W[r 0=0000000000000000][0] R[r14=000000000000000a] R[r15=0000000000000008] inst=[00f71e63] bne     a4, a5, pc + 28
C0:      13488 [1] pc=[00000000800018a0] W[r13=0000000000000002][1] R[r13=000000008002aeb3] R[r 9=000000008002aeb1] inst=[00008e85] c.sub   a3, s1
C0:      13489 [1] pc=[00000000800018a2] W[r 0=0000000000000000][0] R[r 8=000000008002ae70] R[r13=0000000000000002] inst=[0000c814] c.sw    a3, 16(s0)
C0:      13490 [1] pc=[00000000800018a4] W[r14=00000000800008b2][1] R[r 0=0000000000000000] R[r20=00000000800008b2] inst=[00008752] c.mv    a4, s4
C0:      13491 [1] pc=[00000000800018a6] W[r13=0000000080002440][1] R[r 0=0000000000000000] R[r19=0000000080002440] inst=[000086ce] c.mv    a3, s3
C0:      13492 [1] pc=[00000000800018a8] W[r12=000000008002ae1c][1] R[r 2=000000008002ae10] R[r 0=0000000000000000] inst=[00000070] c.addi4spn a2, sp, 12
C0:      13493 [1] pc=[00000000800018aa] W[r11=000000008002ae70][1] R[r 0=0000000000000000] R[r 8=000000008002ae70] inst=[000085a2] c.mv    a1, s0
C0:      13494 [1] pc=[00000000800018ac] W[r10=0000000080002150][1] R[r 0=0000000000000000] R[r18=0000000080002150] inst=[0000854a] c.mv    a0, s2
C0:      13495 [1] pc=[00000000800018ae] W[r 1=00000000800018b2][1] R[r 0=0000000000000000] R[r 0=0000000000000000] inst=[d97ff0ef] jal     pc - 0x26a
C0:      13496 [1] pc=[0000000080001644] W[r 2=000000008002adc0][1] R[r 2=000000008002ae10] R[r 0=0000000000000000] inst=[0000715d] c.addi16sp sp, -80
C0:      13497 [1] pc=[0000000080001646] W[r15=0000000000000002][1] R[r11=000000008002ae70] R[r 0=0000000000000000] inst=[0000499c] c.lw    a5, 16(a1)
C0:      13498 [1] pc=[0000000080001648] W[r 0=0000000000000000][0] R[r 2=000000008002adc0] R[r20=00000000800008b2] inst=[0000f052] c.sdsp  s4, 32(sp)
C0:      13499 [1] pc=[000000008000164a] W[r20=00000000800008b2][1] R[r 0=0000000000000000] R[r14=00000000800008b2] inst=[00008a3a] c.mv    s4, a4
C0:      13500 [1] pc=[000000008000164c] W[r14=ffffffffffffffff][1] R[r11=000000008002ae70] R[r 0=0000000000000000] inst=[00004598] c.lw    a4, 8(a1)
C0:      13501 [1] pc=[000000008000164e] W[r 0=0000000000000000][0] R[r 2=000000008002adc0] R[r 8=000000008002ae70] inst=[0000e0a2] c.sdsp  s0, 64(sp)
C0:      13502 [1] pc=[0000000080001650] W[r 0=0000000000000000][0] R[r 2=000000008002adc0] R[r18=0000000080002150] inst=[0000f84a] c.sdsp  s2, 48(sp)
C0:      13503 [1] pc=[0000000080001652] W[r 0=0000000000000000][0] R[r 2=000000008002adc0] R[r19=0000000080002440] inst=[0000f44e] c.sdsp  s3, 40(sp)
C0:      13504 [1] pc=[0000000080001654] W[r 0=0000000000000000][0] R[r 2=000000008002adc0] R[r21=ffffffffffffffff] inst=[0000ec56] c.sdsp  s5, 24(sp)
C0:      13505 [1] pc=[0000000080001656] W[r18=000000008002ae1c][1] R[r 0=0000000000000000] R[r12=000000008002ae1c] inst=[00008932] c.mv    s2, a2
C0:      13506 [1] pc=[0000000080001658] W[r21=0000000080002440][1] R[r 0=0000000000000000] R[r13=0000000080002440] inst=[00008ab6] c.mv    s5, a3
C0:      13507 [1] pc=[000000008000165a] W[r 0=0000000000000000][0] R[r 2=000000008002adc0] R[r 1=00000000800018b2] inst=[0000e486] c.sdsp  ra, 72(sp)
C0:      13508 [1] pc=[000000008000165c] W[r 0=0000000000000000][0] R[r 2=000000008002adc0] R[r 9=000000008002aeb1] inst=[0000fc26] c.sdsp  s1, 56(sp)
C0:      13509 [1] pc=[000000008000165e] W[r 0=0000000000000000][0] R[r 2=000000008002adc0] R[r22=0000000080002020] inst=[0000e85a] c.sdsp  s6, 16(sp)
C0:      13510 [1] pc=[0000000080001660] W[r 0=0000000000000000][0] R[r 2=000000008002adc0] R[r23=0000000000000025] inst=[0000e45e] c.sdsp  s7, 8(sp)
C0:      13511 [1] pc=[0000000080001662] W[r12=0000000000000002][1] R[r15=0000000000000002] R[r 0=0000000000000000] inst=[0007861b] sext.w  a2, a5
C0:      13512 [1] pc=[0000000080001666] W[r13=ffffffffffffffff][1] R[r14=ffffffffffffffff] R[r 0=0000000000000000] inst=[0007069b] sext.w  a3, a4
C0:      13513 [1] pc=[000000008000166a] W[r19=0000000080002150][1] R[r 0=0000000000000000] R[r10=0000000080002150] inst=[000089aa] c.mv    s3, a0
C0:      13514 [1] pc=[000000008000166c] W[r 8=000000008002ae70][1] R[r 0=0000000000000000] R[r11=000000008002ae70] inst=[0000842e] c.mv    s0, a1
C0:      13515 [1] pc=[000000008000166e] W[r 0=0000000000000000][0] R[r12=0000000000000002] R[r13=ffffffffffffffff] inst=[00d65363] bge     a2, a3, pc + 6
C0:      13516 [1] pc=[0000000080001674] W[r 0=0000000000000000][0] R[r18=000000008002ae1c] R[r15=0000000000000002] inst=[00f92023] sw      a5, 0(s2)
C0:      13517 [1] pc=[0000000080001678] W[r14=0000000000000000][1] R[r 8=000000008002ae70] R[r 0=0000000000000000] inst=[04344703] lbu     a4, 67(s0)
C0:      13520 [1] pc=[000000008000167c] W[r 0=0000000000000000][0] R[r14=0000000000000000] R[r 0=0000000000000000] inst=[0000c701] c.beqz  a4, pc + 8
C0:      13521 [1] pc=[0000000080001684] W[r15=0000000000000000][1] R[r 8=000000008002ae70] R[r 0=0000000000000000] inst=[0000401c] c.lw    a5, 0(s0)
C0:      13523 [1] pc=[0000000080001686] W[r15=0000000000000000][1] R[r15=0000000000000000] R[r 0=0000000000000000] inst=[0207f793] andi    a5, a5, 32
C0:      13524 [1] pc=[000000008000168a] W[r 0=0000000000000000][0] R[r15=0000000000000000] R[r 0=0000000000000000] inst=[0000c791] c.beqz  a5, pc + 12
C0:      13525 [1] pc=[0000000080001696] W[r 9=0000000000000000][1] R[r 8=000000008002ae70] R[r 0=0000000000000000] inst=[00004004] c.lw    s1, 0(s0)
C0:      13527 [1] pc=[0000000080001698] W[r 9=0000000000000000][1] R[r 9=0000000000000000] R[r 0=0000000000000000] inst=[00008899] c.andi  s1, 6
C0:      13528 [1] pc=[000000008000169a] W[r 0=0000000000000000][0] R[r 9=0000000000000000] R[r 0=0000000000000000] inst=[0000e891] c.bnez  s1, pc + 20
C0:      13532 [1] pc=[000000008000169c] W[r22=000000008002ae89][1] R[r 8=000000008002ae70] R[r 0=0000000000000000] inst=[01940b13] addi    s6, s0, 25
C0:      13533 [1] pc=[00000000800016a0] W[r23=ffffffffffffffff][1] R[r 0=0000000000000000] R[r 0=0000000000000000] inst=[00005bfd] c.li    s7, -1
C0:      13534 [1] pc=[00000000800016a2] W[r15=0000000000000000][1] R[r 8=000000008002ae70] R[r 0=0000000000000000] inst=[0000445c] c.lw    a5, 12(s0)
C0:      13535 [1] pc=[00000000800016a4] W[r14=0000000000000002][1] R[r18=000000008002ae1c] R[r 0=0000000000000000] inst=[00092703] lw      a4, 0(s2)
C0:      13537 [1] pc=[00000000800016a8] W[r15=fffffffffffffffe][1] R[r15=0000000000000000] R[r14=0000000000000002] inst=[00009f99] c.subw  a5, a4
C0:      13538 [1] pc=[00000000800016aa] W[r 0=0000000000000000][0] R[r 9=0000000000000000] R[r15=fffffffffffffffe] inst=[06f4c163] blt     s1, a5, pc + 98
C0:      13539 [1] pc=[00000000800016ae] W[r15=0000000000000000][1] R[r 8=000000008002ae70] R[r 0=0000000000000000] inst=[04344783] lbu     a5, 67(s0)
C0:      13542 [1] pc=[00000000800016b2] W[r14=0000000000000000][1] R[r 0=0000000000000000] R[r15=0000000000000000] inst=[00f03733] snez    a4, a5
C0:      13543 [1] pc=[00000000800016b6] W[r13=0000000000000000][1] R[r 0=0000000000000000] R[r15=0000000000000000] inst=[00f036b3] snez    a3, a5
C0:      13544 [1] pc=[00000000800016ba] W[r15=0000000000000000][1] R[r 8=000000008002ae70] R[r 0=0000000000000000] inst=[0000401c] c.lw    a5, 0(s0)
C0:      13546 [1] pc=[00000000800016bc] W[r15=0000000000000000][1] R[r15=0000000000000000] R[r 0=0000000000000000] inst=[0207f793] andi    a5, a5, 32
C0:      13547 [1] pc=[00000000800016c0] W[r 0=0000000000000000][0] R[r15=0000000000000000] R[r 0=0000000000000000] inst=[0000ebbd] c.bnez  a5, pc + 118
C0:      13548 [1] pc=[00000000800016c2] W[r12=000000008002aeb3][1] R[r 8=000000008002ae70] R[r 0=0000000000000000] inst=[04340613] addi    a2, s0, 67
C0:      13549 [1] pc=[00000000800016c6] W[r11=0000000080002440][1] R[r 0=0000000000000000] R[r21=0000000080002440] inst=[000085d6] c.mv    a1, s5
C0:      13550 [1] pc=[00000000800016c8] W[r10=0000000080002150][1] R[r 0=0000000000000000] R[r19=0000000080002150] inst=[0000854e] c.mv    a0, s3
C0:      13551 [1] pc=[00000000800016ca] W[r 1=00000000800016cc][1] R[r20=00000000800008b2] R[r 0=0000000000000000] inst=[00009a02] c.jalr  s4
C0:      13555 [1] pc=[00000000800008b2] W[r 2=000000008002ad90][1] R[r 2=000000008002adc0] R[r 0=0000000000000000] inst=[00007179] c.addi16sp sp, -48
C0:      13556 [1] pc=[00000000800008b4] W[r 0=0000000000000000][0] R[r 2=000000008002ad90] R[r 8=000000008002ae70] inst=[0000f022] c.sdsp  s0, 32(sp)
C0:      13562 [1] pc=[00000000800008b6] W[r 0=0000000000000000][0] R[r 2=000000008002ad90] R[r 9=0000000000000000] inst=[0000ec26] c.sdsp  s1, 24(sp)
C0:      13563 [1] pc=[00000000800008b8] W[r 0=0000000000000000][0] R[r 2=000000008002ad90] R[r18=000000008002ae1c] inst=[0000e84a] c.sdsp  s2, 16(sp)
C0:      13564 [1] pc=[00000000800008ba] W[r 0=0000000000000000][0] R[r 2=000000008002ad90] R[r19=0000000080002150] inst=[0000e44e] c.sdsp  s3, 8(sp)
C0:      13565 [1] pc=[00000000800008bc] W[r 0=0000000000000000][0] R[r 2=000000008002ad90] R[r20=00000000800008b2] inst=[0000e052] c.sdsp  s4, 0(sp)
C0:      13566 [1] pc=[00000000800008be] W[r 0=0000000000000000][0] R[r 2=000000008002ad90] R[r 1=00000000800016cc] inst=[0000f406] c.sdsp  ra, 40(sp)
C0:      13567 [1] pc=[00000000800008c0] W[r18=0000000080002150][1] R[r 0=0000000000000000] R[r10=0000000080002150] inst=[0000892a] c.mv    s2, a0
C0:      13568 [1] pc=[00000000800008c2] W[r19=0000000080002440][1] R[r 0=0000000000000000] R[r11=0000000080002440] inst=[000089ae] c.mv    s3, a1
C0:      13569 [1] pc=[00000000800008c4] W[r 8=000000008002aeb3][1] R[r 0=0000000000000000] R[r12=000000008002aeb3] inst=[00008432] c.mv    s0, a2
C0:      13570 [1] pc=[00000000800008c6] W[r 9=000000008002aeb3][1] R[r12=000000008002aeb3] R[r13=0000000000000000] inst=[00d604b3] add     s1, a2, a3
C0:      13571 [1] pc=[00000000800008ca] W[r20=ffffffffffffffff][1] R[r 0=0000000000000000] R[r 0=0000000000000000] inst=[00005a7d] c.li    s4, -1
C0:      13572 [1] pc=[00000000800008cc] W[r 0=0000000000000000][0] R[r 8=000000008002aeb3] R[r 9=000000008002aeb3] inst=[00941463] bne     s0, s1, pc + 8
C0:      13576 [1] pc=[00000000800008d0] W[r10=0000000000000000][1] R[r 0=0000000000000000] R[r 0=0000000000000000] inst=[00004501] c.li    a0, 0
C0:      13577 [1] pc=[00000000800008d2] W[r 0=00000000800008d4][1] R[r 0=0000000000000000] R[r 0=0000000000000000] inst=[0000a811] c.j     pc + 20
C0:      13578 [1] pc=[00000000800008e6] W[r 1=00000000800016cc][1] R[r 2=000000008002ad90] R[r 0=0000000000000000] inst=[000070a2] c.ldsp  ra, 40(sp)
C0:      13579 [1] pc=[00000000800008e8] W[r 8=000000008002ae70][1] R[r 2=000000008002ad90] R[r 0=0000000000000000] inst=[00007402] c.ldsp  s0, 32(sp)
C0:      13580 [1] pc=[00000000800008ea] W[r 9=0000000000000000][1] R[r 2=000000008002ad90] R[r 0=0000000000000000] inst=[000064e2] c.ldsp  s1, 24(sp)
C0:      13581 [1] pc=[00000000800008ec] W[r18=000000008002ae1c][1] R[r 2=000000008002ad90] R[r 0=0000000000000000] inst=[00006942] c.ldsp  s2, 16(sp)
C0:      13582 [1] pc=[00000000800008ee] W[r19=0000000080002150][1] R[r 2=000000008002ad90] R[r 0=0000000000000000] inst=[000069a2] c.ldsp  s3, 8(sp)
C0:      13583 [1] pc=[00000000800008f0] W[r20=00000000800008b2][1] R[r 2=000000008002ad90] R[r 0=0000000000000000] inst=[00006a02] c.ldsp  s4, 0(sp)
C0:      13584 [1] pc=[00000000800008f2] W[r 2=000000008002adc0][1] R[r 2=000000008002ad90] R[r 0=0000000000000000] inst=[00006145] c.addi16sp sp, 48
C0:      13585 [1] pc=[00000000800008f4] W[r 0=00000000800008f6][1] R[r 1=00000000800016cc] R[r 0=0000000000000000] inst=[00008082] ret
C0:      13589 [1] pc=[00000000800016cc] W[r15=ffffffffffffffff][1] R[r 0=0000000000000000] R[r 0=0000000000000000] inst=[000057fd] c.li    a5, -1
C0:      13590 [1] pc=[00000000800016ce] W[r 0=0000000000000000][0] R[r10=0000000000000000] R[r15=ffffffffffffffff] inst=[04f50663] beq     a0, a5, pc + 76
C0:      13591 [1] pc=[00000000800016d2] W[r15=0000000000000000][1] R[r 8=000000008002ae70] R[r 0=0000000000000000] inst=[0000401c] c.lw    a5, 0(s0)
C0:      13592 [1] pc=[00000000800016d4] W[r12=0000000000000004][1] R[r 0=0000000000000000] R[r 0=0000000000000000] inst=[00004611] c.li    a2, 4
C0:      13593 [1] pc=[00000000800016d6] W[r13=0000000000000000][1] R[r 8=000000008002ae70] R[r 0=0000000000000000] inst=[00004454] c.lw    a3, 12(s0)
C0:      13594 [1] pc=[00000000800016d8] W[r15=0000000000000000][1] R[r15=0000000000000000] R[r 0=0000000000000000] inst=[00008b99] c.andi  a5, 6
C0:      13595 [1] pc=[00000000800016da] W[r14=0000000000000002][1] R[r18=000000008002ae1c] R[r 0=0000000000000000] inst=[00092703] lw      a4, 0(s2)
C0:      13596 [1] pc=[00000000800016de] W[r 9=0000000000000000][1] R[r 0=0000000000000000] R[r 0=0000000000000000] inst=[00004481] c.li    s1, 0
C0:      13597 [1] pc=[00000000800016e0] W[r 0=0000000000000000][0] R[r15=0000000000000000] R[r12=0000000000000004] inst=[00c79963] bne     a5, a2, pc + 18
C0:      13598 [1] pc=[00000000800016f2] W[r15=ffffffffffffffff][1] R[r 8=000000008002ae70] R[r 0=0000000000000000] inst=[0000441c] c.lw    a5, 8(s0)
C0:      13599 [1] pc=[00000000800016f4] W[r14=0000000000000002][1] R[r 8=000000008002ae70] R[r 0=0000000000000000] inst=[00004818] c.lw    a4, 16(s0)
C0:      13601 [1] pc=[00000000800016f6] W[r 0=0000000000000000][0] R[r14=0000000000000002] R[r15=ffffffffffffffff] inst=[00f75463] bge     a4, a5, pc + 8
C0:      13602 [1] pc=[00000000800016fe] W[r18=0000000000000000][1] R[r 0=0000000000000000] R[r 0=0000000000000000] inst=[00004901] c.li    s2, 0
C0:      13603 [1] pc=[0000000080001700] W[r 8=000000008002ae8a][1] R[r 8=000000008002ae70] R[r 0=0000000000000000] inst=[00000469] c.addi  s0, 26
C0:      13604 [1] pc=[0000000080001702] W[r22=ffffffffffffffff][1] R[r 0=0000000000000000] R[r 0=0000000000000000] inst=[00005b7d] c.li    s6, -1
C0:      13605 [1] pc=[0000000080001704] W[r 0=0000000000000000][0] R[r 9=0000000000000000] R[r18=0000000000000000] inst=[05249a63] bne     s1, s2, pc + 84
C0:      13609 [1] pc=[0000000080001708] W[r10=0000000000000000][1] R[r 0=0000000000000000] R[r 0=0000000000000000] inst=[00004501] c.li    a0, 0
C0:      13610 [1] pc=[000000008000170a] W[r 0=000000008000170c][1] R[r 0=0000000000000000] R[r 0=0000000000000000] inst=[0000a809] c.j     pc + 18
C0:      13611 [1] pc=[000000008000171c] W[r 1=00000000800018b2][1] R[r 2=000000008002adc0] R[r 0=0000000000000000] inst=[000060a6] c.ldsp  ra, 72(sp)
C0:      13612 [1] pc=[000000008000171e] W[r 8=000000008002ae70][1] R[r 2=000000008002adc0] R[r 0=0000000000000000] inst=[00006406] c.ldsp  s0, 64(sp)
C0:      13613 [1] pc=[0000000080001720] W[r 9=000000008002aeb1][1] R[r 2=000000008002adc0] R[r 0=0000000000000000] inst=[000074e2] c.ldsp  s1, 56(sp)
C0:      13614 [1] pc=[0000000080001722] W[r18=0000000080002150][1] R[r 2=000000008002adc0] R[r 0=0000000000000000] inst=[00007942] c.ldsp  s2, 48(sp)
C0:      13615 [1] pc=[0000000080001724] W[r19=0000000080002440][1] R[r 2=000000008002adc0] R[r 0=0000000000000000] inst=[000079a2] c.ldsp  s3, 40(sp)
C0:      13616 [1] pc=[0000000080001726] W[r20=00000000800008b2][1] R[r 2=000000008002adc0] R[r 0=0000000000000000] inst=[00007a02] c.ldsp  s4, 32(sp)
C0:      13617 [1] pc=[0000000080001728] W[r21=ffffffffffffffff][1] R[r 2=000000008002adc0] R[r 0=0000000000000000] inst=[00006ae2] c.ldsp  s5, 24(sp)
C0:      13618 [1] pc=[000000008000172a] W[r22=0000000080002020][1] R[r 2=000000008002adc0] R[r 0=0000000000000000] inst=[00006b42] c.ldsp  s6, 16(sp)
C0:      13619 [1] pc=[000000008000172c] W[r23=0000000000000025][1] R[r 2=000000008002adc0] R[r 0=0000000000000000] inst=[00006ba2] c.ldsp  s7, 8(sp)
C0:      13620 [1] pc=[000000008000172e] W[r 2=000000008002ae10][1] R[r 2=000000008002adc0] R[r 0=0000000000000000] inst=[00006161] c.addi16sp sp, 80
C0:      13621 [1] pc=[0000000080001730] W[r 0=0000000080001732][1] R[r 1=00000000800018b2] R[r 0=0000000000000000] inst=[00008082] ret
C0:      13625 [1] pc=[00000000800018b2] W[r21=ffffffffffffffff][1] R[r 0=0000000000000000] R[r 0=0000000000000000] inst=[00005afd] c.li    s5, -1
C0:      13626 [1] pc=[00000000800018b4] W[r 0=0000000000000000][0] R[r10=0000000000000000] R[r21=ffffffffffffffff] inst=[0f551c63] bne     a0, s5, pc + 248
C0:      13628 [1] pc=[00000000800019ac] W[r13=0000000000000002][1] R[r 8=000000008002ae70] R[r 0=0000000000000000] inst=[00004814] c.lw    a3, 16(s0)
C0:      13629 [1] pc=[00000000800019ae] W[r12=000000008002aeb1][1] R[r 0=0000000000000000] R[r 9=000000008002aeb1] inst=[00008626] c.mv    a2, s1
C0:      13630 [1] pc=[00000000800019b0] W[r11=0000000080002440][1] R[r 0=0000000000000000] R[r19=0000000080002440] inst=[000085ce] c.mv    a1, s3
C0:      13631 [1] pc=[00000000800019b2] W[r10=0000000080002150][1] R[r 0=0000000000000000] R[r18=0000000080002150] inst=[0000854a] c.mv    a0, s2
C0:      13632 [1] pc=[00000000800019b4] W[r 1=00000000800019b6][1] R[r20=00000000800008b2] R[r 0=0000000000000000] inst=[00009a02] c.jalr  s4
C0:      13636 [1] pc=[00000000800008b2] W[r 2=000000008002ade0][1] R[r 2=000000008002ae10] R[r 0=0000000000000000] inst=[00007179] c.addi16sp sp, -48
C0:      13637 [1] pc=[00000000800008b4] W[r 0=0000000000000000][0] R[r 2=000000008002ade0] R[r 8=000000008002ae70] inst=[0000f022] c.sdsp  s0, 32(sp)
C0:      13638 [1] pc=[00000000800008b6] W[r 0=0000000000000000][0] R[r 2=000000008002ade0] R[r 9=000000008002aeb1] inst=[0000ec26] c.sdsp  s1, 24(sp)
C0:      13639 [1] pc=[00000000800008b8] W[r 0=0000000000000000][0] R[r 2=000000008002ade0] R[r18=0000000080002150] inst=[0000e84a] c.sdsp  s2, 16(sp)
C0:      13640 [1] pc=[00000000800008ba] W[r 0=0000000000000000][0] R[r 2=000000008002ade0] R[r19=0000000080002440] inst=[0000e44e] c.sdsp  s3, 8(sp)
C0:      13641 [1] pc=[00000000800008bc] W[r 0=0000000000000000][0] R[r 2=000000008002ade0] R[r20=00000000800008b2] inst=[0000e052] c.sdsp  s4, 0(sp)
C0:      13642 [1] pc=[00000000800008be] W[r 0=0000000000000000][0] R[r 2=000000008002ade0] R[r 1=00000000800019b6] inst=[0000f406] c.sdsp  ra, 40(sp)
C0:      13643 [1] pc=[00000000800008c0] W[r18=0000000080002150][1] R[r 0=0000000000000000] R[r10=0000000080002150] inst=[0000892a] c.mv    s2, a0
C0:      13644 [1] pc=[00000000800008c2] W[r19=0000000080002440][1] R[r 0=0000000000000000] R[r11=0000000080002440] inst=[000089ae] c.mv    s3, a1
C0:      13645 [1] pc=[00000000800008c4] W[r 8=000000008002aeb1][1] R[r 0=0000000000000000] R[r12=000000008002aeb1] inst=[00008432] c.mv    s0, a2
C0:      13646 [1] pc=[00000000800008c6] W[r 9=000000008002aeb3][1] R[r12=000000008002aeb1] R[r13=0000000000000002] inst=[00d604b3] add     s1, a2, a3
C0:      13647 [1] pc=[00000000800008ca] W[r20=ffffffffffffffff][1] R[r 0=0000000000000000] R[r 0=0000000000000000] inst=[00005a7d] c.li    s4, -1
C0:      13648 [1] pc=[00000000800008cc] W[r 0=0000000000000000][0] R[r 8=000000008002aeb1] R[r 9=000000008002aeb3] inst=[00941463] bne     s0, s1, pc + 8
C0:      13652 [1] pc=[00000000800008d4] W[r11=0000000000000031][1] R[r 8=000000008002aeb1] R[r 0=0000000000000000] inst=[00044583] lbu     a1, 0(s0)
C0:      13653 [1] pc=[00000000800008d8] W[r12=0000000080002440][1] R[r 0=0000000000000000] R[r19=0000000080002440] inst=[0000864e] c.mv    a2, s3
C0:      13654 [1] pc=[00000000800008da] W[r10=0000000080002150][1] R[r 0=0000000000000000] R[r18=0000000080002150] inst=[0000854a] c.mv    a0, s2
C0:      13655 [1] pc=[00000000800008dc] W[r 1=00000000800008e0][1] R[r 0=0000000000000000] R[r 0=0000000000000000] inst=[fa7ff0ef] jal     pc - 0x5a
C0:      13656 [1] pc=[0000000080000882] W[r15=fffffffffffffffe][1] R[r12=0000000080002440] R[r 0=0000000000000000] inst=[0000465c] c.lw    a5, 12(a2)
C0:      13658 [1] pc=[0000000080000884] W[r15=fffffffffffffffd][1] R[r15=fffffffffffffffe] R[r 0=0000000000000000] inst=[000037fd] c.addiw a5, -1
C0:      13659 [1] pc=[0000000080000886] W[r 0=0000000000000000][0] R[r12=0000000080002440] R[r15=fffffffffffffffd] inst=[0000c65c] c.sw    a5, 12(a2)
C0:      13660 [1] pc=[0000000080000888] W[r13=fffffffd00000000][1] R[r15=fffffffffffffffd] R[r 0=0000000000000000] inst=[02079693] slli    a3, a5, 32
C0:      13661 [1] pc=[000000008000088c] W[r14=fffffffffffffffd][1] R[r15=fffffffffffffffd] R[r 0=0000000000000000] inst=[0007871b] sext.w  a4, a5
C0:      13662 [1] pc=[0000000080000890] W[r 0=0000000000000000][0] R[r13=fffffffd00000000] R[r 0=0000000000000000] inst=[0006d963] bgez    a3, pc + 18
C0:      13663 [1] pc=[0000000080000894] W[r15=fffffffffffffc00][1] R[r12=0000000080002440] R[r 0=0000000000000000] inst=[0000561c] c.lw    a5, 40(a2)
C0:      13665 [1] pc=[0000000080000896] W[r 0=0000000000000000][0] R[r14=fffffffffffffffd] R[r15=fffffffffffffc00] inst=[00f74563] blt     a4, a5, pc + 10
C0:      13666 [1] pc=[000000008000089a] W[r15=000000000000000a][1] R[r 0=0000000000000000] R[r 0=0000000000000000] inst=[000047a9] c.li    a5, 10
C0:      13667 [1] pc=[000000008000089c] W[r 0=0000000000000000][0] R[r11=0000000000000031] R[r15=000000000000000a] inst=[00f59363] bne     a1, a5, pc + 6
C0:      13671 [1] pc=[00000000800008a2] W[r15=000000008000265a][1] R[r12=0000000080002440] R[r 0=0000000000000000] inst=[0000621c] c.ld    a5, 0(a2)
C0:      13672 [1] pc=[00000000800008a4] W[r10=0000000000000031][1] R[r 0=0000000000000000] R[r11=0000000000000031] inst=[0000852e] c.mv    a0, a1
C0:      13673 [1] pc=[00000000800008a6] W[r14=000000008000265b][1] R[r15=000000008000265a] R[r 0=0000000000000000] inst=[00178713] addi    a4, a5, 1
C0:      13674 [1] pc=[00000000800008aa] W[r 0=0000000000000000][0] R[r12=0000000080002440] R[r14=000000008000265b] inst=[0000e218] c.sd    a4, 0(a2)
C0:      13675 [1] pc=[00000000800008ac] W[r 0=0000000000000000][0] R[r15=000000008000265a] R[r11=0000000000000031] inst=[00b78023] sb      a1, 0(a5)
C0:      13676 [1] pc=[00000000800008b0] W[r 0=00000000800008b2][1] R[r 1=00000000800008e0] R[r 0=0000000000000000] inst=[00008082] ret
C0:      13677 [1] pc=[00000000800008e0] W[r 8=000000008002aeb2][1] R[r 8=000000008002aeb1] R[r 0=0000000000000000] inst=[00000405] c.addi  s0, 1
C0:      13678 [1] pc=[00000000800008e2] W[r 0=0000000000000000][0] R[r10=0000000000000031] R[r20=ffffffffffffffff] inst=[ff4515e3] bne     a0, s4, pc - 22
C0:      13680 [1] pc=[00000000800008cc] W[r 0=0000000000000000][0] R[r 8=000000008002aeb2] R[r 9=000000008002aeb3] inst=[00941463] bne     s0, s1, pc + 8
C0:      13684 [1] pc=[00000000800008d4] W[r11=0000000000000035][1] R[r 8=000000008002aeb2] R[r 0=0000000000000000] inst=[00044583] lbu     a1, 0(s0)
C0:      13685 [1] pc=[00000000800008d8] W[r12=0000000080002440][1] R[r 0=0000000000000000] R[r19=0000000080002440] inst=[0000864e] c.mv    a2, s3
C0:      13686 [1] pc=[00000000800008da] W[r10=0000000080002150][1] R[r 0=0000000000000000] R[r18=0000000080002150] inst=[0000854a] c.mv    a0, s2
C0:      13687 [1] pc=[00000000800008dc] W[r 1=00000000800008e0][1] R[r 0=0000000000000000] R[r 0=0000000000000000] inst=[fa7ff0ef] jal     pc - 0x5a
C0:      13688 [1] pc=[0000000080000882] W[r15=fffffffffffffffd][1] R[r12=0000000080002440] R[r 0=0000000000000000] inst=[0000465c] c.lw    a5, 12(a2)
C0:      13690 [1] pc=[0000000080000884] W[r15=fffffffffffffffc][1] R[r15=fffffffffffffffd] R[r 0=0000000000000000] inst=[000037fd] c.addiw a5, -1
C0:      13691 [1] pc=[0000000080000886] W[r 0=0000000000000000][0] R[r12=0000000080002440] R[r15=fffffffffffffffc] inst=[0000c65c] c.sw    a5, 12(a2)
C0:      13692 [1] pc=[0000000080000888] W[r13=fffffffc00000000][1] R[r15=fffffffffffffffc] R[r 0=0000000000000000] inst=[02079693] slli    a3, a5, 32
C0:      13693 [1] pc=[000000008000088c] W[r14=fffffffffffffffc][1] R[r15=fffffffffffffffc] R[r 0=0000000000000000] inst=[0007871b] sext.w  a4, a5
C0:      13694 [1] pc=[0000000080000890] W[r 0=0000000000000000][0] R[r13=fffffffc00000000] R[r 0=0000000000000000] inst=[0006d963] bgez    a3, pc + 18
C0:      13695 [1] pc=[0000000080000894] W[r15=fffffffffffffc00][1] R[r12=0000000080002440] R[r 0=0000000000000000] inst=[0000561c] c.lw    a5, 40(a2)
C0:      13697 [1] pc=[0000000080000896] W[r 0=0000000000000000][0] R[r14=fffffffffffffffc] R[r15=fffffffffffffc00] inst=[00f74563] blt     a4, a5, pc + 10
C0:      13698 [1] pc=[000000008000089a] W[r15=000000000000000a][1] R[r 0=0000000000000000] R[r 0=0000000000000000] inst=[000047a9] c.li    a5, 10
C0:      13699 [1] pc=[000000008000089c] W[r 0=0000000000000000][0] R[r11=0000000000000035] R[r15=000000000000000a] inst=[00f59363] bne     a1, a5, pc + 6
C0:      13700 [1] pc=[00000000800008a2] W[r15=000000008000265b][1] R[r12=0000000080002440] R[r 0=0000000000000000] inst=[0000621c] c.ld    a5, 0(a2)
C0:      13701 [1] pc=[00000000800008a4] W[r10=0000000000000035][1] R[r 0=0000000000000000] R[r11=0000000000000035] inst=[0000852e] c.mv    a0, a1
C0:      13702 [1] pc=[00000000800008a6] W[r14=000000008000265c][1] R[r15=000000008000265b] R[r 0=0000000000000000] inst=[00178713] addi    a4, a5, 1
C0:      13703 [1] pc=[00000000800008aa] W[r 0=0000000000000000][0] R[r12=0000000080002440] R[r14=000000008000265c] inst=[0000e218] c.sd    a4, 0(a2)
C0:      13704 [1] pc=[00000000800008ac] W[r 0=0000000000000000][0] R[r15=000000008000265b] R[r11=0000000000000035] inst=[00b78023] sb      a1, 0(a5)
C0:      13705 [1] pc=[00000000800008b0] W[r 0=00000000800008b2][1] R[r 1=00000000800008e0] R[r 0=0000000000000000] inst=[00008082] ret
C0:      13706 [1] pc=[00000000800008e0] W[r 8=000000008002aeb3][1] R[r 8=000000008002aeb2] R[r 0=0000000000000000] inst=[00000405] c.addi  s0, 1
C0:      13707 [1] pc=[00000000800008e2] W[r 0=0000000000000000][0] R[r10=0000000000000035] R[r20=ffffffffffffffff] inst=[ff4515e3] bne     a0, s4, pc - 22
C0:      13711 [1] pc=[00000000800008cc] W[r 0=0000000000000000][0] R[r 8=000000008002aeb3] R[r 9=000000008002aeb3] inst=[00941463] bne     s0, s1, pc + 8
C0:      13715 [1] pc=[00000000800008d0] W[r10=0000000000000000][1] R[r 0=0000000000000000] R[r 0=0000000000000000] inst=[00004501] c.li    a0, 0
C0:      13716 [1] pc=[00000000800008d2] W[r 0=00000000800008d4][1] R[r 0=0000000000000000] R[r 0=0000000000000000] inst=[0000a811] c.j     pc + 20
C0:      13717 [1] pc=[00000000800008e6] W[r 1=00000000800019b6][1] R[r 2=000000008002ade0] R[r 0=0000000000000000] inst=[000070a2] c.ldsp  ra, 40(sp)
C0:      13718 [1] pc=[00000000800008e8] W[r 8=000000008002ae70][1] R[r 2=000000008002ade0] R[r 0=0000000000000000] inst=[00007402] c.ldsp  s0, 32(sp)
C0:      13719 [1] pc=[00000000800008ea] W[r 9=000000008002aeb1][1] R[r 2=000000008002ade0] R[r 0=0000000000000000] inst=[000064e2] c.ldsp  s1, 24(sp)
C0:      13720 [1] pc=[00000000800008ec] W[r18=0000000080002150][1] R[r 2=000000008002ade0] R[r 0=0000000000000000] inst=[00006942] c.ldsp  s2, 16(sp)
C0:      13721 [1] pc=[00000000800008ee] W[r19=0000000080002440][1] R[r 2=000000008002ade0] R[r 0=0000000000000000] inst=[000069a2] c.ldsp  s3, 8(sp)
C0:      13722 [1] pc=[00000000800008f0] W[r20=00000000800008b2][1] R[r 2=000000008002ade0] R[r 0=0000000000000000] inst=[00006a02] c.ldsp  s4, 0(sp)
C0:      13723 [1] pc=[00000000800008f2] W[r 2=000000008002ae10][1] R[r 2=000000008002ade0] R[r 0=0000000000000000] inst=[00006145] c.addi16sp sp, 48
C0:      13724 [1] pc=[00000000800008f4] W[r 0=00000000800008f6][1] R[r 1=00000000800019b6] R[r 0=0000000000000000] inst=[00008082] ret
C0:      13729 [1] pc=[00000000800019b6] W[r 0=0000000000000000][0] R[r10=0000000000000000] R[r21=ffffffffffffffff] inst=[f15501e3] beq     a0, s5, pc - 254
C0:      13730 [1] pc=[00000000800019ba] W[r15=0000000000000000][1] R[r 8=000000008002ae70] R[r 0=0000000000000000] inst=[0000401c] c.lw    a5, 0(s0)
C0:      13732 [1] pc=[00000000800019bc] W[r15=0000000000000000][1] R[r15=0000000000000000] R[r 0=0000000000000000] inst=[00008b89] c.andi  a5, 2
C0:      13733 [1] pc=[00000000800019be] W[r 0=0000000000000000][0] R[r15=0000000000000000] R[r 0=0000000000000000] inst=[0000eb95] c.bnez  a5, pc + 52
C0:      13734 [1] pc=[00000000800019c0] W[r15=0000000000000002][1] R[r 2=000000008002ae10] R[r 0=0000000000000000] inst=[000047b2] c.lwsp  a5, 12(sp)
C0:      13735 [1] pc=[00000000800019c2] W[r10=0000000000000000][1] R[r 8=000000008002ae70] R[r 0=0000000000000000] inst=[00004448] c.lw    a0, 12(s0)
C0:      13736 [1] pc=[00000000800019c4] W[r14=0000000000000002][1] R[r15=0000000000000002] R[r 0=0000000000000000] inst=[0007871b] sext.w  a4, a5
C0:      13737 [1] pc=[00000000800019c8] W[r13=0000000000000000][1] R[r10=0000000000000000] R[r 0=0000000000000000] inst=[0005069b] sext.w  a3, a0
C0:      13738 [1] pc=[00000000800019cc] W[r 0=0000000000000000][0] R[r13=0000000000000000] R[r14=0000000000000002] inst=[00e6d363] bge     a3, a4, pc + 6
C0:      13739 [1] pc=[00000000800019d0] W[r10=0000000000000002][1] R[r 0=0000000000000000] R[r15=0000000000000002] inst=[0000853e] c.mv    a0, a5
C0:      13740 [1] pc=[00000000800019d2] W[r10=0000000000000002][1] R[r10=0000000000000002] R[r 0=0000000000000000] inst=[00002501] c.addiw a0, 0
C0:      13741 [1] pc=[00000000800019d4] W[r 0=00000000800019d6][1] R[r 0=0000000000000000] R[r 0=0000000000000000] inst=[0000b5dd] c.j     pc - 282
C0:      13742 [1] pc=[00000000800018ba] W[r 1=0000000080000bce][1] R[r 2=000000008002ae10] R[r 0=0000000000000000] inst=[000060a6] c.ldsp  ra, 72(sp)
C0:      13743 [1] pc=[00000000800018bc] W[r 8=0000000080001f19][1] R[r 2=000000008002ae10] R[r 0=0000000000000000] inst=[00006406] c.ldsp  s0, 64(sp)
C0:      13744 [1] pc=[00000000800018be] W[r 9=0000000080002440][1] R[r 2=000000008002ae10] R[r 0=0000000000000000] inst=[000074e2] c.ldsp  s1, 56(sp)
C0:      13745 [1] pc=[00000000800018c0] W[r18=0000000080001f1a][1] R[r 2=000000008002ae10] R[r 0=0000000000000000] inst=[00007942] c.ldsp  s2, 48(sp)
C0:      13746 [1] pc=[00000000800018c2] W[r19=0000000080002150][1] R[r 2=000000008002ae10] R[r 0=0000000000000000] inst=[000079a2] c.ldsp  s3, 40(sp)
C0:      13747 [1] pc=[00000000800018c4] W[r20=0000000000000000][1] R[r 2=000000008002ae10] R[r 0=0000000000000000] inst=[00007a02] c.ldsp  s4, 32(sp)
C0:      13748 [1] pc=[00000000800018c6] W[r21=ffffffffffffffff][1] R[r 2=000000008002ae10] R[r 0=0000000000000000] inst=[00006ae2] c.ldsp  s5, 24(sp)
C0:      13749 [1] pc=[00000000800018c8] W[r22=0000000080002020][1] R[r 2=000000008002ae10] R[r 0=0000000000000000] inst=[00006b42] c.ldsp  s6, 16(sp)
C0:      13750 [1] pc=[00000000800018ca] W[r 2=000000008002ae60][1] R[r 2=000000008002ae10] R[r 0=0000000000000000] inst=[00006161] c.addi16sp sp, 80
C0:      13751 [1] pc=[00000000800018cc] W[r 0=00000000800018ce][1] R[r 1=0000000080000bce] R[r 0=0000000000000000] inst=[00008082] ret
C0:      13755 [1] pc=[0000000080000bce] W[r 0=0000000080000bd0][1] R[r 0=0000000000000000] R[r 0=0000000000000000] inst=[0000bfd9] c.j     pc - 42
C0:      13757 [1] pc=[0000000080000ba4] W[r20=0000000000000002][1] R[r 0=0000000000000000] R[r10=0000000000000002] inst=[00008a2a] c.mv    s4, a0
C0:      13758 [1] pc=[0000000080000ba6] W[r 0=0000000000000000][0] R[r10=0000000000000002] R[r21=ffffffffffffffff] inst=[fb5515e3] bne     a0, s5, pc - 86
C0:      13760 [1] pc=[0000000080000b50] W[r15=0000000000000000][1] R[r 2=000000008002ae60] R[r 0=0000000000000000] inst=[00005792] c.lwsp  a5, 36(sp)
C0:      13762 [1] pc=[0000000080000b52] W[r15=0000000000000002][1] R[r15=0000000000000000] R[r20=0000000000000002] inst=[014787bb] addw    a5, a5, s4
C0:      13763 [1] pc=[0000000080000b56] W[r 0=0000000000000000][0] R[r 2=000000008002ae60] R[r15=0000000000000002] inst=[0000d23e] c.swsp  a5, 36(sp)
C0:      13764 [1] pc=[0000000080000b58] W[r 0=0000000080000b5a][1] R[r 0=0000000000000000] R[r 0=0000000000000000] inst=[0000bd25] c.j     pc - 456
C0:      13765 [1] pc=[0000000080000990] W[r 8=0000000080001f1a][1] R[r 0=0000000000000000] R[r18=0000000080001f1a] inst=[0000844a] c.mv    s0, s2
C0:      13766 [1] pc=[0000000080000992] W[r15=0000000000000000][1] R[r 8=0000000080001f1a] R[r 0=0000000000000000] inst=[00044783] lbu     a5, 0(s0)
C0:      13769 [1] pc=[0000000080000996] W[r 0=0000000000000000][0] R[r15=0000000000000000] R[r 0=0000000000000000] inst=[0000c399] c.beqz  a5, pc + 6
C0:      13773 [1] pc=[000000008000099c] W[r26=0000000000000000][1] R[r 8=0000000080001f1a] R[r18=0000000080001f1a] inst=[41240d3b] subw    s10, s0, s2
C0:      13774 [1] pc=[00000000800009a0] W[r 0=0000000000000000][0] R[r26=0000000000000000] R[r 0=0000000000000000] inst=[000d0e63] beqz    s10, pc + 28
C0:      13775 [1] pc=[00000000800009bc] W[r15=0000000000000000][1] R[r 8=0000000080001f1a] R[r 0=0000000000000000] inst=[00044783] lbu     a5, 0(s0)
C0:      13778 [1] pc=[00000000800009c0] W[r 0=0000000000000000][0] R[r15=0000000000000000] R[r 0=0000000000000000] inst=[1e078563] beqz    a5, pc + 490
C0:      13780 [1] pc=[0000000080000baa] W[r15=0000000000000089][1] R[r 9=0000000080002440] R[r 0=0000000000000000] inst=[0104d783] lhu     a5, 16(s1)
C0:      13783 [1] pc=[0000000080000bae] W[r15=0000000000000000][1] R[r15=0000000000000089] R[r 0=0000000000000000] inst=[0407f793] andi    a5, a5, 64
C0:      13784 [1] pc=[0000000080000bb2] W[r 0=0000000000000000][0] R[r15=0000000000000000] R[r 0=0000000000000000] inst=[ea0796e3] bnez    a5, pc - 340
C0:      13785 [1] pc=[0000000080000bb6] W[r10=0000000000000002][1] R[r 2=000000008002ae60] R[r 0=0000000000000000] inst=[00005512] c.lwsp  a0, 36(sp)
C0:      13786 [1] pc=[0000000080000bb8] W[r 0=0000000080000bba][1] R[r 0=0000000000000000] R[r 0=0000000000000000] inst=[0000b565] c.j     pc - 344
C0:      13787 [1] pc=[0000000080000a60] W[r 1=00000000800004a8][1] R[r 2=000000008002ae60] R[r 0=0000000000000000] inst=[000060ae] c.ldsp  ra, 200(sp)
C0:      13788 [1] pc=[0000000080000a62] W[r 8=0000000080001f18][1] R[r 2=000000008002ae60] R[r 0=0000000000000000] inst=[0000640e] c.ldsp  s0, 192(sp)
C0:      13789 [1] pc=[0000000080000a64] W[r 9=0000000000000000][1] R[r 2=000000008002ae60] R[r 0=0000000000000000] inst=[000074ea] c.ldsp  s1, 184(sp)
C0:      13790 [1] pc=[0000000080000a66] W[r18=0000000000000000][1] R[r 2=000000008002ae60] R[r 0=0000000000000000] inst=[0000794a] c.ldsp  s2, 176(sp)
C0:      13791 [1] pc=[0000000080000a68] W[r19=0000000000000000][1] R[r 2=000000008002ae60] R[r 0=0000000000000000] inst=[000079aa] c.ldsp  s3, 168(sp)
C0:      13792 [1] pc=[0000000080000a6a] W[r20=0000000000000000][1] R[r 2=000000008002ae60] R[r 0=0000000000000000] inst=[00007a0a] c.ldsp  s4, 160(sp)
C0:      13793 [1] pc=[0000000080000a6c] W[r21=0000000000000000][1] R[r 2=000000008002ae60] R[r 0=0000000000000000] inst=[00006aea] c.ldsp  s5, 152(sp)
C0:      13794 [1] pc=[0000000080000a6e] W[r22=0000000000000000][1] R[r 2=000000008002ae60] R[r 0=0000000000000000] inst=[00006b4a] c.ldsp  s6, 144(sp)
C0:      13795 [1] pc=[0000000080000a70] W[r23=0000000000000000][1] R[r 2=000000008002ae60] R[r 0=0000000000000000] inst=[00006baa] c.ldsp  s7, 136(sp)
C0:      13796 [1] pc=[0000000080000a72] W[r24=0000000000000000][1] R[r 2=000000008002ae60] R[r 0=0000000000000000] inst=[00006c0a] c.ldsp  s8, 128(sp)
C0:      13797 [1] pc=[0000000080000a74] W[r25=0000000000000000][1] R[r 2=000000008002ae60] R[r 0=0000000000000000] inst=[00007ce6] c.ldsp  s9, 120(sp)
C0:      13798 [1] pc=[0000000080000a76] W[r26=0000000000000000][1] R[r 2=000000008002ae60] R[r 0=0000000000000000] inst=[00007d46] c.ldsp  s10, 112(sp)
C0:      13799 [1] pc=[0000000080000a78] W[r 2=000000008002af30][1] R[r 2=000000008002ae60] R[r 0=0000000000000000] inst=[00006169] c.addi16sp sp, 208
C0:      13800 [1] pc=[0000000080000a7a] W[r 0=0000000080000a7c][1] R[r 1=00000000800004a8] R[r 0=0000000000000000] inst=[00008082] ret
C0:      13804 [1] pc=[00000000800004a8] W[r 1=00000000800003c6][1] R[r 2=000000008002af30] R[r 0=0000000000000000] inst=[000070a2] c.ldsp  ra, 40(sp)
C0:      13805 [1] pc=[00000000800004aa] W[r 8=000000008002b000][1] R[r 2=000000008002af30] R[r 0=0000000000000000] inst=[00007402] c.ldsp  s0, 32(sp)
C0:      13806 [1] pc=[00000000800004ac] W[r 2=000000008002afa0][1] R[r 2=000000008002af30] R[r 0=0000000000000000] inst=[00006165] c.addi16sp sp, 112
C0:      13807 [1] pc=[00000000800004ae] W[r 0=00000000800004b0][1] R[r 1=00000000800003c6] R[r 0=0000000000000000] inst=[00008082] ret
C0:      13812 [1] pc=[00000000800003c6] W[r10=00000000800023c6][1] R[r 0=0000000000000000] R[r 0=0000000000000000] inst=[00002517] auipc   a0, 0x2
C0:      13813 [1] pc=[00000000800003ca] W[r10=0000000080001f20][1] R[r10=00000000800023c6] R[r 0=0000000000000000] inst=[b5a50513] addi    a0, a0, -1190
C0:      13814 [1] pc=[00000000800003ce] W[r 1=00000000800003d2][1] R[r 0=0000000000000000] R[r 0=0000000000000000] inst=[0a2000ef] jal     pc + 0xa2
C0:      13816 [1] pc=[0000000080000470] W[r 2=000000008002af30][1] R[r 2=000000008002afa0] R[r 0=0000000000000000] inst=[00007159] c.addi16sp sp, -112
C0:      13817 [1] pc=[0000000080000472] W[r 0=0000000000000000][0] R[r 2=000000008002af30] R[r 8=000000008002b000] inst=[0000f022] c.sdsp  s0, 32(sp)
C0:      13818 [1] pc=[0000000080000474] W[r 0=0000000000000000][0] R[r 2=000000008002af30] R[r 1=00000000800003d2] inst=[0000f406] c.sdsp  ra, 40(sp)
C0:      13819 [1] pc=[0000000080000476] W[r 8=0000000080001f20][1] R[r 0=0000000000000000] R[r10=0000000080001f20] inst=[0000842a] c.mv    s0, a0
C0:      13820 [1] pc=[0000000080000478] W[r 0=0000000000000000][0] R[r 2=000000008002af30] R[r11=0000000000000035] inst=[0000fc2e] c.sdsp  a1, 56(sp)
C0:      13821 [1] pc=[000000008000047a] W[r 0=0000000000000000][0] R[r 2=000000008002af30] R[r12=0000000080002440] inst=[0000e0b2] c.sdsp  a2, 64(sp)
C0:      13822 [1] pc=[000000008000047c] W[r 0=0000000000000000][0] R[r 2=000000008002af30] R[r13=0000000000000000] inst=[0000e4b6] c.sdsp  a3, 72(sp)
C0:      13823 [1] pc=[000000008000047e] W[r 0=0000000000000000][0] R[r 2=000000008002af30] R[r14=0000000000000002] inst=[0000e8ba] c.sdsp  a4, 80(sp)
C0:      13824 [1] pc=[0000000080000480] W[r 0=0000000000000000][0] R[r 2=000000008002af30] R[r15=0000000000000000] inst=[0000ecbe] c.sdsp  a5, 88(sp)
C0:      13825 [1] pc=[0000000080000482] W[r 0=0000000000000000][0] R[r 2=000000008002af30] R[r16=000000000000000a] inst=[0000f0c2] c.sdsp  a6, 96(sp)
C0:      13826 [1] pc=[0000000080000484] W[r 0=0000000000000000][0] R[r 2=000000008002af30] R[r17=0000000000000000] inst=[0000f4c6] c.sdsp  a7, 104(sp)
C0:      13827 [1] pc=[0000000080000486] W[r10=0000000080002486][1] R[r 0=0000000000000000] R[r 0=0000000000000000] inst=[00002517] auipc   a0, 0x2
C0:      13828 [1] pc=[000000008000048a] W[r10=0000000080002150][1] R[r10=0000000080002486] R[r 0=0000000000000000] inst=[d7a53503] ld      a0, -646(a0)
C0:      13830 [1] pc=[000000008000048e] W[r 0=0000000000000000][0] R[r10=0000000080002150] R[r 0=0000000000000000] inst=[0000c519] c.beqz  a0, pc + 14
C0:      13831 [1] pc=[0000000080000490] W[r15=0000000000000001][1] R[r10=0000000080002150] R[r 0=0000000000000000] inst=[0000591c] c.lw    a5, 48(a0)
C0:      13833 [1] pc=[0000000080000492] W[r 0=0000000000000000][0] R[r15=0000000000000001] R[r 0=0000000000000000] inst=[0000e789] c.bnez  a5, pc + 10
C0:      13834 [1] pc=[000000008000049c] W[r11=0000000080002440][1] R[r10=0000000080002150] R[r 0=0000000000000000] inst=[0000690c] c.ld    a1, 16(a0)
C0:      13835 [1] pc=[000000008000049e] W[r13=000000008002af68][1] R[r 2=000000008002af30] R[r 0=0000000000000000] inst=[00001834] c.addi4spn a3, sp, 56
C0:      13836 [1] pc=[00000000800004a0] W[r12=0000000080001f20][1] R[r 0=0000000000000000] R[r 8=0000000080001f20] inst=[00008622] c.mv    a2, s0
C0:      13837 [1] pc=[00000000800004a2] W[r 0=0000000000000000][0] R[r 2=000000008002af30] R[r13=000000008002af68] inst=[0000ec36] c.sdsp  a3, 24(sp)
C0:      13838 [1] pc=[00000000800004a4] W[r 1=00000000800004a8][1] R[r 0=0000000000000000] R[r 0=0000000000000000] inst=[47a000ef] jal     pc + 0x47a
C0:      13839 [1] pc=[000000008000091e] W[r 2=000000008002ae60][1] R[r 2=000000008002af30] R[r 0=0000000000000000] inst=[00007155] c.addi16sp sp, -208
C0:      13840 [1] pc=[0000000080000920] W[r 0=0000000000000000][0] R[r 2=000000008002ae60] R[r 8=0000000080001f20] inst=[0000e1a2] c.sdsp  s0, 192(sp)
C0:      13841 [1] pc=[0000000080000922] W[r 0=0000000000000000][0] R[r 2=000000008002ae60] R[r 9=0000000000000000] inst=[0000fd26] c.sdsp  s1, 184(sp)
C0:      13842 [1] pc=[0000000080000924] W[r 0=0000000000000000][0] R[r 2=000000008002ae60] R[r18=0000000000000000] inst=[0000f94a] c.sdsp  s2, 176(sp)
C0:      13843 [1] pc=[0000000080000926] W[r 0=0000000000000000][0] R[r 2=000000008002ae60] R[r19=0000000000000000] inst=[0000f54e] c.sdsp  s3, 168(sp)
C0:      13844 [1] pc=[0000000080000928] W[r 0=0000000000000000][0] R[r 2=000000008002ae60] R[r20=0000000000000000] inst=[0000f152] c.sdsp  s4, 160(sp)
C0:      13845 [1] pc=[000000008000092a] W[r 0=0000000000000000][0] R[r 2=000000008002ae60] R[r 1=00000000800004a8] inst=[0000e586] c.sdsp  ra, 200(sp)
C0:      13846 [1] pc=[000000008000092c] W[r 0=0000000000000000][0] R[r 2=000000008002ae60] R[r21=0000000000000000] inst=[0000ed56] c.sdsp  s5, 152(sp)
C0:      13847 [1] pc=[000000008000092e] W[r 0=0000000000000000][0] R[r 2=000000008002ae60] R[r22=0000000000000000] inst=[0000e95a] c.sdsp  s6, 144(sp)
C0:      13848 [1] pc=[0000000080000930] W[r 0=0000000000000000][0] R[r 2=000000008002ae60] R[r23=0000000000000000] inst=[0000e55e] c.sdsp  s7, 136(sp)
C0:      13849 [1] pc=[0000000080000932] W[r 0=0000000000000000][0] R[r 2=000000008002ae60] R[r24=0000000000000000] inst=[0000e162] c.sdsp  s8, 128(sp)
C0:      13850 [1] pc=[0000000080000934] W[r 0=0000000000000000][0] R[r 2=000000008002ae60] R[r25=0000000000000000] inst=[0000fce6] c.sdsp  s9, 120(sp)
C0:      13851 [1] pc=[0000000080000936] W[r 0=0000000000000000][0] R[r 2=000000008002ae60] R[r26=0000000000000000] inst=[0000f8ea] c.sdsp  s10, 112(sp)
C0:      13852 [1] pc=[0000000080000938] W[r19=0000000080002150][1] R[r 0=0000000000000000] R[r10=0000000080002150] inst=[000089aa] c.mv    s3, a0
C0:      13853 [1] pc=[000000008000093a] W[r 9=0000000080002440][1] R[r 0=0000000000000000] R[r11=0000000080002440] inst=[000084ae] c.mv    s1, a1
C0:      13854 [1] pc=[000000008000093c] W[r18=0000000080001f20][1] R[r 0=0000000000000000] R[r12=0000000080001f20] inst=[00008932] c.mv    s2, a2
C0:      13855 [1] pc=[000000008000093e] W[r 8=000000008002af68][1] R[r 0=0000000000000000] R[r13=000000008002af68] inst=[00008436] c.mv    s0, a3
C0:      13856 [1] pc=[0000000080000940] W[r20=0000000000000000][1] R[r 0=0000000000000000] R[r 0=0000000000000000] inst=[00004a01] c.li    s4, 0
C0:      13857 [1] pc=[0000000080000942] W[r 0=0000000000000000][0] R[r10=0000000080002150] R[r 0=0000000000000000] inst=[0000c509] c.beqz  a0, pc + 10
C0:      13858 [1] pc=[0000000080000944] W[r15=0000000000000001][1] R[r10=0000000080002150] R[r 0=0000000000000000] inst=[0000591c] c.lw    a5, 48(a0)
C0:      13860 [1] pc=[0000000080000946] W[r 0=0000000000000000][0] R[r15=0000000000000001] R[r 0=0000000000000000] inst=[0000e399] c.bnez  a5, pc + 6
C0:      13861 [1] pc=[000000008000094c] W[r15=000000008000194c][1] R[r 0=0000000000000000] R[r 0=0000000000000000] inst=[00001797] auipc   a5, 0x1
C0:      13862 [1] pc=[0000000080000950] W[r15=0000000080001fb0][1] R[r15=000000008000194c] R[r 0=0000000000000000] inst=[66478793] addi    a5, a5, 1636
C0:      13863 [1] pc=[0000000080000954] W[r 0=0000000000000000][0] R[r 9=0000000080002440] R[r15=0000000080001fb0] inst=[0cf49e63] bne     s1, a5, pc + 220
C0:      13864 [1] pc=[0000000080000a30] W[r15=0000000080001a30][1] R[r 0=0000000000000000] R[r 0=0000000000000000] inst=[00001797] auipc   a5, 0x1
C0:      13865 [1] pc=[0000000080000a34] W[r15=0000000080001fe8][1] R[r15=0000000080001a30] R[r 0=0000000000000000] inst=[5b878793] addi    a5, a5, 1464
C0:      13866 [1] pc=[0000000080000a38] W[r 0=0000000000000000][0] R[r 9=0000000080002440] R[r15=0000000080001fe8] inst=[00f49563] bne     s1, a5, pc + 10
C0:      13869 [1] pc=[0000000080000a42] W[r15=0000000080001a42][1] R[r 0=0000000000000000] R[r 0=0000000000000000] inst=[00001797] auipc   a5, 0x1
C0:      13870 [1] pc=[0000000080000a46] W[r15=0000000080001f78][1] R[r15=0000000080001a42] R[r 0=0000000000000000] inst=[53678793] addi    a5, a5, 1334
C0:      13871 [1] pc=[0000000080000a4a] W[r 0=0000000000000000][0] R[r 9=0000000080002440] R[r15=0000000080001f78] inst=[f0f499e3] bne     s1, a5, pc - 238
C0:      13873 [1] pc=[000000008000095c] W[r15=0000000000000089][1] R[r 9=0000000080002440] R[r 0=0000000000000000] inst=[0104d783] lhu     a5, 16(s1)
C0:      13876 [1] pc=[0000000080000960] W[r15=0000000000000008][1] R[r15=0000000000000089] R[r 0=0000000000000000] inst=[00008ba1] c.andi  a5, 8
C0:      13877 [1] pc=[0000000080000962] W[r 0=0000000000000000][0] R[r15=0000000000000008] R[r 0=0000000000000000] inst=[0000cbed] c.beqz  a5, pc + 242
C0:      13878 [1] pc=[0000000080000964] W[r15=0000000080002658][1] R[r 9=0000000080002440] R[r 0=0000000000000000] inst=[00006c9c] c.ld    a5, 24(s1)
C0:      13880 [1] pc=[0000000080000966] W[r 0=0000000000000000][0] R[r15=0000000080002658] R[r 0=0000000000000000] inst=[0000c7fd] c.beqz  a5, pc + 238
C0:      13881 [1] pc=[0000000080000968] W[r15=0000000000000020][1] R[r 0=0000000000000000] R[r 0=0000000000000000] inst=[02000793] li      a5, 32
C0:      13882 [1] pc=[000000008000096c] W[r 0=0000000000000000][0] R[r 2=000000008002ae60] R[r15=0000000000000020] inst=[02f104a3] sb      a5, 41(sp)
C0:      13883 [1] pc=[0000000080000970] W[r21=ffffffffffffffff][1] R[r 0=0000000000000000] R[r 0=0000000000000000] inst=[00005afd] c.li    s5, -1
C0:      13884 [1] pc=[0000000080000972] W[r15=0000000000000030][1] R[r 0=0000000000000000] R[r 0=0000000000000000] inst=[03000793] li      a5, 48
C0:      13885 [1] pc=[0000000080000976] W[r 0=0000000000000000][0] R[r 2=000000008002ae60] R[r 0=0000000000000000] inst=[0000d202] c.swsp  zero, 36(sp)
C0:      13886 [1] pc=[0000000080000978] W[r 0=0000000000000000][0] R[r 2=000000008002ae60] R[r15=0000000000000030] inst=[02f10523] sb      a5, 42(sp)
C0:      13887 [1] pc=[000000008000097c] W[r 0=0000000000000000][0] R[r 2=000000008002ae60] R[r 8=000000008002af68] inst=[0000e422] c.sdsp  s0, 8(sp)
C0:      13888 [1] pc=[000000008000097e] W[r23=0000000000000025][1] R[r 0=0000000000000000] R[r 0=0000000000000000] inst=[02500b93] li      s7, 37
C0:      13889 [1] pc=[0000000080000982] W[r24=ffffffff00000000][1] R[r21=ffffffffffffffff] R[r 0=0000000000000000] inst=[020a9c13] slli    s8, s5, 32
C0:      13890 [1] pc=[0000000080000986] W[r22=0000000080001986][1] R[r 0=0000000000000000] R[r 0=0000000000000000] inst=[00001b17] auipc   s6, 0x1
C0:      13891 [1] pc=[000000008000098a] W[r22=0000000080002020][1] R[r22=0000000080001986] R[r 0=0000000000000000] inst=[69ab0b13] addi    s6, s6, 1690
C0:      13892 [1] pc=[000000008000098e] W[r25=0000000000000001][1] R[r 0=0000000000000000] R[r 0=0000000000000000] inst=[00004c85] c.li    s9, 1
C0:      13893 [1] pc=[0000000080000990] W[r 8=0000000080001f20][1] R[r 0=0000000000000000] R[r18=0000000080001f20] inst=[0000844a] c.mv    s0, s2
C0:      13894 [1] pc=[0000000080000992] W[r15=000000000000005d][1] R[r 8=0000000080001f20] R[r 0=0000000000000000] inst=[00044783] lbu     a5, 0(s0)
C0:      13897 [1] pc=[0000000080000996] W[r 0=0000000000000000][0] R[r15=000000000000005d] R[r 0=0000000000000000] inst=[0000c399] c.beqz  a5, pc + 6
C0:      13901 [1] pc=[0000000080000998] W[r 0=0000000000000000][0] R[r15=000000000000005d] R[r23=0000000000000025] inst=[0f779263] bne     a5, s7, pc + 228
C0:      13905 [1] pc=[0000000080000a7c] W[r 8=0000000080001f21][1] R[r 8=0000000080001f20] R[r 0=0000000000000000] inst=[00000405] c.addi  s0, 1
C0:      13906 [1] pc=[0000000080000a7e] W[r 0=0000000080000a80][1] R[r 0=0000000000000000] R[r 0=0000000000000000] inst=[0000bf11] c.j     pc - 236
C0:      13908 [1] pc=[0000000080000992] W[r15=0000000000000000][1] R[r 8=0000000080001f21] R[r 0=0000000000000000] inst=[00044783] lbu     a5, 0(s0)
C0:      13911 [1] pc=[0000000080000996] W[r 0=0000000000000000][0] R[r15=0000000000000000] R[r 0=0000000000000000] inst=[0000c399] c.beqz  a5, pc + 6
C0:      13912 [1] pc=[000000008000099c] W[r26=0000000000000001][1] R[r 8=0000000080001f21] R[r18=0000000080001f20] inst=[41240d3b] subw    s10, s0, s2
C0:      13913 [1] pc=[00000000800009a0] W[r 0=0000000000000000][0] R[r26=0000000000000001] R[r 0=0000000000000000] inst=[000d0e63] beqz    s10, pc + 28
C0:      13914 [1] pc=[00000000800009a4] W[r13=0000000000000001][1] R[r 0=0000000000000000] R[r26=0000000000000001] inst=[000086ea] c.mv    a3, s10
C0:      13915 [1] pc=[00000000800009a6] W[r12=0000000080001f20][1] R[r 0=0000000000000000] R[r18=0000000080001f20] inst=[0000864a] c.mv    a2, s2
C0:      13916 [1] pc=[00000000800009a8] W[r11=0000000080002440][1] R[r 0=0000000000000000] R[r 9=0000000080002440] inst=[000085a6] c.mv    a1, s1
C0:      13917 [1] pc=[00000000800009aa] W[r10=0000000080002150][1] R[r 0=0000000000000000] R[r19=0000000080002150] inst=[0000854e] c.mv    a0, s3
C0:      13918 [1] pc=[00000000800009ac] W[r 1=00000000800009b0][1] R[r 0=0000000000000000] R[r 0=0000000000000000] inst=[f07ff0ef] jal     pc - 0xfa
C0:      13919 [1] pc=[00000000800008b2] W[r 2=000000008002ae30][1] R[r 2=000000008002ae60] R[r 0=0000000000000000] inst=[00007179] c.addi16sp sp, -48
C0:      13920 [1] pc=[00000000800008b4] W[r 0=0000000000000000][0] R[r 2=000000008002ae30] R[r 8=0000000080001f21] inst=[0000f022] c.sdsp  s0, 32(sp)
C0:      13921 [1] pc=[00000000800008b6] W[r 0=0000000000000000][0] R[r 2=000000008002ae30] R[r 9=0000000080002440] inst=[0000ec26] c.sdsp  s1, 24(sp)
C0:      13922 [1] pc=[00000000800008b8] W[r 0=0000000000000000][0] R[r 2=000000008002ae30] R[r18=0000000080001f20] inst=[0000e84a] c.sdsp  s2, 16(sp)
C0:      13923 [1] pc=[00000000800008ba] W[r 0=0000000000000000][0] R[r 2=000000008002ae30] R[r19=0000000080002150] inst=[0000e44e] c.sdsp  s3, 8(sp)
C0:      13924 [1] pc=[00000000800008bc] W[r 0=0000000000000000][0] R[r 2=000000008002ae30] R[r20=0000000000000000] inst=[0000e052] c.sdsp  s4, 0(sp)
C0:      13925 [1] pc=[00000000800008be] W[r 0=0000000000000000][0] R[r 2=000000008002ae30] R[r 1=00000000800009b0] inst=[0000f406] c.sdsp  ra, 40(sp)
C0:      13926 [1] pc=[00000000800008c0] W[r18=0000000080002150][1] R[r 0=0000000000000000] R[r10=0000000080002150] inst=[0000892a] c.mv    s2, a0
C0:      13927 [1] pc=[00000000800008c2] W[r19=0000000080002440][1] R[r 0=0000000000000000] R[r11=0000000080002440] inst=[000089ae] c.mv    s3, a1
C0:      13928 [1] pc=[00000000800008c4] W[r 8=0000000080001f20][1] R[r 0=0000000000000000] R[r12=0000000080001f20] inst=[00008432] c.mv    s0, a2
C0:      13929 [1] pc=[00000000800008c6] W[r 9=0000000080001f21][1] R[r12=0000000080001f20] R[r13=0000000000000001] inst=[00d604b3] add     s1, a2, a3
C0:      13930 [1] pc=[00000000800008ca] W[r20=ffffffffffffffff][1] R[r 0=0000000000000000] R[r 0=0000000000000000] inst=[00005a7d] c.li    s4, -1
C0:      13931 [1] pc=[00000000800008cc] W[r 0=0000000000000000][0] R[r 8=0000000080001f20] R[r 9=0000000080001f21] inst=[00941463] bne     s0, s1, pc + 8
C0:      13935 [1] pc=[00000000800008d4] W[r11=000000000000005d][1] R[r 8=0000000080001f20] R[r 0=0000000000000000] inst=[00044583] lbu     a1, 0(s0)
C0:      13936 [1] pc=[00000000800008d8] W[r12=0000000080002440][1] R[r 0=0000000000000000] R[r19=0000000080002440] inst=[0000864e] c.mv    a2, s3
C0:      13937 [1] pc=[00000000800008da] W[r10=0000000080002150][1] R[r 0=0000000000000000] R[r18=0000000080002150] inst=[0000854a] c.mv    a0, s2
C0:      13938 [1] pc=[00000000800008dc] W[r 1=00000000800008e0][1] R[r 0=0000000000000000] R[r 0=0000000000000000] inst=[fa7ff0ef] jal     pc - 0x5a
C0:      13939 [1] pc=[0000000080000882] W[r15=fffffffffffffffc][1] R[r12=0000000080002440] R[r 0=0000000000000000] inst=[0000465c] c.lw    a5, 12(a2)
C0:      13941 [1] pc=[0000000080000884] W[r15=fffffffffffffffb][1] R[r15=fffffffffffffffc] R[r 0=0000000000000000] inst=[000037fd] c.addiw a5, -1
C0:      13942 [1] pc=[0000000080000886] W[r 0=0000000000000000][0] R[r12=0000000080002440] R[r15=fffffffffffffffb] inst=[0000c65c] c.sw    a5, 12(a2)
C0:      13943 [1] pc=[0000000080000888] W[r13=fffffffb00000000][1] R[r15=fffffffffffffffb] R[r 0=0000000000000000] inst=[02079693] slli    a3, a5, 32
C0:      13944 [1] pc=[000000008000088c] W[r14=fffffffffffffffb][1] R[r15=fffffffffffffffb] R[r 0=0000000000000000] inst=[0007871b] sext.w  a4, a5
C0:      13945 [1] pc=[0000000080000890] W[r 0=0000000000000000][0] R[r13=fffffffb00000000] R[r 0=0000000000000000] inst=[0006d963] bgez    a3, pc + 18
C0:      13946 [1] pc=[0000000080000894] W[r15=fffffffffffffc00][1] R[r12=0000000080002440] R[r 0=0000000000000000] inst=[0000561c] c.lw    a5, 40(a2)
C0:      13948 [1] pc=[0000000080000896] W[r 0=0000000000000000][0] R[r14=fffffffffffffffb] R[r15=fffffffffffffc00] inst=[00f74563] blt     a4, a5, pc + 10
C0:      13949 [1] pc=[000000008000089a] W[r15=000000000000000a][1] R[r 0=0000000000000000] R[r 0=0000000000000000] inst=[000047a9] c.li    a5, 10
C0:      13950 [1] pc=[000000008000089c] W[r 0=0000000000000000][0] R[r11=000000000000005d] R[r15=000000000000000a] inst=[00f59363] bne     a1, a5, pc + 6
C0:      13951 [1] pc=[00000000800008a2] W[r15=000000008000265c][1] R[r12=0000000080002440] R[r 0=0000000000000000] inst=[0000621c] c.ld    a5, 0(a2)
C0:      13952 [1] pc=[00000000800008a4] W[r10=000000000000005d][1] R[r 0=0000000000000000] R[r11=000000000000005d] inst=[0000852e] c.mv    a0, a1
C0:      13953 [1] pc=[00000000800008a6] W[r14=000000008000265d][1] R[r15=000000008000265c] R[r 0=0000000000000000] inst=[00178713] addi    a4, a5, 1
C0:      13954 [1] pc=[00000000800008aa] W[r 0=0000000000000000][0] R[r12=0000000080002440] R[r14=000000008000265d] inst=[0000e218] c.sd    a4, 0(a2)
C0:      13955 [1] pc=[00000000800008ac] W[r 0=0000000000000000][0] R[r15=000000008000265c] R[r11=000000000000005d] inst=[00b78023] sb      a1, 0(a5)
C0:      13956 [1] pc=[00000000800008b0] W[r 0=00000000800008b2][1] R[r 1=00000000800008e0] R[r 0=0000000000000000] inst=[00008082] ret
C0:      13957 [1] pc=[00000000800008e0] W[r 8=0000000080001f21][1] R[r 8=0000000080001f20] R[r 0=0000000000000000] inst=[00000405] c.addi  s0, 1
C0:      13958 [1] pc=[00000000800008e2] W[r 0=0000000000000000][0] R[r10=000000000000005d] R[r20=ffffffffffffffff] inst=[ff4515e3] bne     a0, s4, pc - 22
C0:      13959 [1] pc=[00000000800008cc] W[r 0=0000000000000000][0] R[r 8=0000000080001f21] R[r 9=0000000080001f21] inst=[00941463] bne     s0, s1, pc + 8
C0:      13963 [1] pc=[00000000800008d0] W[r10=0000000000000000][1] R[r 0=0000000000000000] R[r 0=0000000000000000] inst=[00004501] c.li    a0, 0
C0:      13964 [1] pc=[00000000800008d2] W[r 0=00000000800008d4][1] R[r 0=0000000000000000] R[r 0=0000000000000000] inst=[0000a811] c.j     pc + 20
C0:      13965 [1] pc=[00000000800008e6] W[r 1=00000000800009b0][1] R[r 2=000000008002ae30] R[r 0=0000000000000000] inst=[000070a2] c.ldsp  ra, 40(sp)
C0:      13966 [1] pc=[00000000800008e8] W[r 8=0000000080001f21][1] R[r 2=000000008002ae30] R[r 0=0000000000000000] inst=[00007402] c.ldsp  s0, 32(sp)
C0:      13967 [1] pc=[00000000800008ea] W[r 9=0000000080002440][1] R[r 2=000000008002ae30] R[r 0=0000000000000000] inst=[000064e2] c.ldsp  s1, 24(sp)
C0:      13968 [1] pc=[00000000800008ec] W[r18=0000000080001f20][1] R[r 2=000000008002ae30] R[r 0=0000000000000000] inst=[00006942] c.ldsp  s2, 16(sp)
C0:      13969 [1] pc=[00000000800008ee] W[r19=0000000080002150][1] R[r 2=000000008002ae30] R[r 0=0000000000000000] inst=[000069a2] c.ldsp  s3, 8(sp)
C0:      13970 [1] pc=[00000000800008f0] W[r20=0000000000000000][1] R[r 2=000000008002ae30] R[r 0=0000000000000000] inst=[00006a02] c.ldsp  s4, 0(sp)
C0:      13971 [1] pc=[00000000800008f2] W[r 2=000000008002ae60][1] R[r 2=000000008002ae30] R[r 0=0000000000000000] inst=[00006145] c.addi16sp sp, 48
C0:      13972 [1] pc=[00000000800008f4] W[r 0=00000000800008f6][1] R[r 1=00000000800009b0] R[r 0=0000000000000000] inst=[00008082] ret
C0:      13976 [1] pc=[00000000800009b0] W[r 0=0000000000000000][0] R[r10=0000000000000000] R[r21=ffffffffffffffff] inst=[1f550d63] beq     a0, s5, pc + 506
C0:      13977 [1] pc=[00000000800009b4] W[r15=0000000000000000][1] R[r 2=000000008002ae60] R[r 0=0000000000000000] inst=[00005792] c.lwsp  a5, 36(sp)
C0:      13979 [1] pc=[00000000800009b6] W[r15=0000000000000001][1] R[r15=0000000000000000] R[r26=0000000000000001] inst=[01a787bb] addw    a5, a5, s10
C0:      13980 [1] pc=[00000000800009ba] W[r 0=0000000000000000][0] R[r 2=000000008002ae60] R[r15=0000000000000001] inst=[0000d23e] c.swsp  a5, 36(sp)
C0:      13981 [1] pc=[00000000800009bc] W[r15=0000000000000000][1] R[r 8=0000000080001f21] R[r 0=0000000000000000] inst=[00044783] lbu     a5, 0(s0)
C0:      13984 [1] pc=[00000000800009c0] W[r 0=0000000000000000][0] R[r15=0000000000000000] R[r 0=0000000000000000] inst=[1e078563] beqz    a5, pc + 490
C0:      13986 [1] pc=[0000000080000baa] W[r15=0000000000000089][1] R[r 9=0000000080002440] R[r 0=0000000000000000] inst=[0104d783] lhu     a5, 16(s1)
C0:      13989 [1] pc=[0000000080000bae] W[r15=0000000000000000][1] R[r15=0000000000000089] R[r 0=0000000000000000] inst=[0407f793] andi    a5, a5, 64
C0:      13990 [1] pc=[0000000080000bb2] W[r 0=0000000000000000][0] R[r15=0000000000000000] R[r 0=0000000000000000] inst=[ea0796e3] bnez    a5, pc - 340
C0:      13991 [1] pc=[0000000080000bb6] W[r10=0000000000000001][1] R[r 2=000000008002ae60] R[r 0=0000000000000000] inst=[00005512] c.lwsp  a0, 36(sp)
C0:      13992 [1] pc=[0000000080000bb8] W[r 0=0000000080000bba][1] R[r 0=0000000000000000] R[r 0=0000000000000000] inst=[0000b565] c.j     pc - 344
C0:      13993 [1] pc=[0000000080000a60] W[r 1=00000000800004a8][1] R[r 2=000000008002ae60] R[r 0=0000000000000000] inst=[000060ae] c.ldsp  ra, 200(sp)
C0:      13994 [1] pc=[0000000080000a62] W[r 8=0000000080001f20][1] R[r 2=000000008002ae60] R[r 0=0000000000000000] inst=[0000640e] c.ldsp  s0, 192(sp)
C0:      13995 [1] pc=[0000000080000a64] W[r 9=0000000000000000][1] R[r 2=000000008002ae60] R[r 0=0000000000000000] inst=[000074ea] c.ldsp  s1, 184(sp)
C0:      13996 [1] pc=[0000000080000a66] W[r18=0000000000000000][1] R[r 2=000000008002ae60] R[r 0=0000000000000000] inst=[0000794a] c.ldsp  s2, 176(sp)
C0:      13997 [1] pc=[0000000080000a68] W[r19=0000000000000000][1] R[r 2=000000008002ae60] R[r 0=0000000000000000] inst=[000079aa] c.ldsp  s3, 168(sp)
C0:      13998 [1] pc=[0000000080000a6a] W[r20=0000000000000000][1] R[r 2=000000008002ae60] R[r 0=0000000000000000] inst=[00007a0a] c.ldsp  s4, 160(sp)
C0:      13999 [1] pc=[0000000080000a6c] W[r21=0000000000000000][1] R[r 2=000000008002ae60] R[r 0=0000000000000000] inst=[00006aea] c.ldsp  s5, 152(sp)
C0:      14000 [1] pc=[0000000080000a6e] W[r22=0000000000000000][1] R[r 2=000000008002ae60] R[r 0=0000000000000000] inst=[00006b4a] c.ldsp  s6, 144(sp)
C0:      14001 [1] pc=[0000000080000a70] W[r23=0000000000000000][1] R[r 2=000000008002ae60] R[r 0=0000000000000000] inst=[00006baa] c.ldsp  s7, 136(sp)
C0:      14002 [1] pc=[0000000080000a72] W[r24=0000000000000000][1] R[r 2=000000008002ae60] R[r 0=0000000000000000] inst=[00006c0a] c.ldsp  s8, 128(sp)
C0:      14003 [1] pc=[0000000080000a74] W[r25=0000000000000000][1] R[r 2=000000008002ae60] R[r 0=0000000000000000] inst=[00007ce6] c.ldsp  s9, 120(sp)
C0:      14004 [1] pc=[0000000080000a76] W[r26=0000000000000000][1] R[r 2=000000008002ae60] R[r 0=0000000000000000] inst=[00007d46] c.ldsp  s10, 112(sp)
C0:      14005 [1] pc=[0000000080000a78] W[r 2=000000008002af30][1] R[r 2=000000008002ae60] R[r 0=0000000000000000] inst=[00006169] c.addi16sp sp, 208
C0:      14006 [1] pc=[0000000080000a7a] W[r 0=0000000080000a7c][1] R[r 1=00000000800004a8] R[r 0=0000000000000000] inst=[00008082] ret
C0:      14010 [1] pc=[00000000800004a8] W[r 1=00000000800003d2][1] R[r 2=000000008002af30] R[r 0=0000000000000000] inst=[000070a2] c.ldsp  ra, 40(sp)
C0:      14011 [1] pc=[00000000800004aa] W[r 8=000000008002b000][1] R[r 2=000000008002af30] R[r 0=0000000000000000] inst=[00007402] c.ldsp  s0, 32(sp)
C0:      14012 [1] pc=[00000000800004ac] W[r 2=000000008002afa0][1] R[r 2=000000008002af30] R[r 0=0000000000000000] inst=[00006165] c.addi16sp sp, 112
C0:      14013 [1] pc=[00000000800004ae] W[r 0=00000000800004b0][1] R[r 1=00000000800003d2] R[r 0=0000000000000000] inst=[00008082] ret
C0:      14018 [1] pc=[00000000800003d2] W[r15=0000000000000000][1] R[r 8=000000008002b000] R[r 0=0000000000000000] inst=[fdc42783] lw      a5, -36(s0)
C0:      14020 [1] pc=[00000000800003d6] W[r15=0000000000000001][1] R[r15=0000000000000000] R[r 0=0000000000000000] inst=[00002785] c.addiw a5, 1
C0:      14021 [1] pc=[00000000800003d8] W[r 0=0000000000000000][0] R[r 8=000000008002b000] R[r15=0000000000000001] inst=[fcf42e23] sw      a5, -36(s0)
C0:      14027 [1] pc=[00000000800003dc] W[r15=0000000000000001][1] R[r 8=000000008002b000] R[r 0=0000000000000000] inst=[fdc42783] lw      a5, -36(s0)
C0:      14029 [1] pc=[00000000800003e0] W[r14=0000000000000001][1] R[r15=0000000000000001] R[r 0=0000000000000000] inst=[0007871b] sext.w  a4, a5
C0:      14030 [1] pc=[00000000800003e4] W[r15=0000000000000001][1] R[r 0=0000000000000000] R[r 0=0000000000000000] inst=[00004785] c.li    a5, 1
C0:      14031 [1] pc=[00000000800003e6] W[r 0=0000000000000000][0] R[r15=0000000000000001] R[r14=0000000000000001] inst=[fae7d7e3] bge     a5, a4, pc - 82
C0:      14035 [1] pc=[0000000080000394] W[r10=0000000080002394][1] R[r 0=0000000000000000] R[r 0=0000000000000000] inst=[00002517] auipc   a0, 0x2
C0:      14036 [1] pc=[0000000080000398] W[r10=0000000080001f10][1] R[r10=0000000080002394] R[r 0=0000000000000000] inst=[b7c50513] addi    a0, a0, -1156
C0:      14037 [1] pc=[000000008000039c] W[r 1=00000000800003a0][1] R[r 0=0000000000000000] R[r 0=0000000000000000] inst=[0d4000ef] jal     pc + 0xd4
C0:      14039 [1] pc=[0000000080000470] W[r 2=000000008002af30][1] R[r 2=000000008002afa0] R[r 0=0000000000000000] inst=[00007159] c.addi16sp sp, -112
C0:      14040 [1] pc=[0000000080000472] W[r 0=0000000000000000][0] R[r 2=000000008002af30] R[r 8=000000008002b000] inst=[0000f022] c.sdsp  s0, 32(sp)
C0:      14041 [1] pc=[0000000080000474] W[r 0=0000000000000000][0] R[r 2=000000008002af30] R[r 1=00000000800003a0] inst=[0000f406] c.sdsp  ra, 40(sp)
C0:      14042 [1] pc=[0000000080000476] W[r 8=0000000080001f10][1] R[r 0=0000000000000000] R[r10=0000000080001f10] inst=[0000842a] c.mv    s0, a0
C0:      14043 [1] pc=[0000000080000478] W[r 0=0000000000000000][0] R[r 2=000000008002af30] R[r11=000000000000005d] inst=[0000fc2e] c.sdsp  a1, 56(sp)
C0:      14044 [1] pc=[000000008000047a] W[r 0=0000000000000000][0] R[r 2=000000008002af30] R[r12=0000000080002440] inst=[0000e0b2] c.sdsp  a2, 64(sp)
C0:      14045 [1] pc=[000000008000047c] W[r 0=0000000000000000][0] R[r 2=000000008002af30] R[r13=fffffffb00000000] inst=[0000e4b6] c.sdsp  a3, 72(sp)
C0:      14046 [1] pc=[000000008000047e] W[r 0=0000000000000000][0] R[r 2=000000008002af30] R[r14=0000000000000001] inst=[0000e8ba] c.sdsp  a4, 80(sp)
C0:      14047 [1] pc=[0000000080000480] W[r 0=0000000000000000][0] R[r 2=000000008002af30] R[r15=0000000000000001] inst=[0000ecbe] c.sdsp  a5, 88(sp)
C0:      14048 [1] pc=[0000000080000482] W[r 0=0000000000000000][0] R[r 2=000000008002af30] R[r16=000000000000000a] inst=[0000f0c2] c.sdsp  a6, 96(sp)
C0:      14049 [1] pc=[0000000080000484] W[r 0=0000000000000000][0] R[r 2=000000008002af30] R[r17=0000000000000000] inst=[0000f4c6] c.sdsp  a7, 104(sp)
C0:      14050 [1] pc=[0000000080000486] W[r10=0000000080002486][1] R[r 0=0000000000000000] R[r 0=0000000000000000] inst=[00002517] auipc   a0, 0x2
C0:      14051 [1] pc=[000000008000048a] W[r10=0000000080002150][1] R[r10=0000000080002486] R[r 0=0000000000000000] inst=[d7a53503] ld      a0, -646(a0)
C0:      14053 [1] pc=[000000008000048e] W[r 0=0000000000000000][0] R[r10=0000000080002150] R[r 0=0000000000000000] inst=[0000c519] c.beqz  a0, pc + 14
C0:      14057 [1] pc=[0000000080000490] W[r15=0000000000000001][1] R[r10=0000000080002150] R[r 0=0000000000000000] inst=[0000591c] c.lw    a5, 48(a0)
C0:      14059 [1] pc=[0000000080000492] W[r 0=0000000000000000][0] R[r15=0000000000000001] R[r 0=0000000000000000] inst=[0000e789] c.bnez  a5, pc + 10
C0:      14060 [1] pc=[000000008000049c] W[r11=0000000080002440][1] R[r10=0000000080002150] R[r 0=0000000000000000] inst=[0000690c] c.ld    a1, 16(a0)
C0:      14061 [1] pc=[000000008000049e] W[r13=000000008002af68][1] R[r 2=000000008002af30] R[r 0=0000000000000000] inst=[00001834] c.addi4spn a3, sp, 56
C0:      14062 [1] pc=[00000000800004a0] W[r12=0000000080001f10][1] R[r 0=0000000000000000] R[r 8=0000000080001f10] inst=[00008622] c.mv    a2, s0
C0:      14063 [1] pc=[00000000800004a2] W[r 0=0000000000000000][0] R[r 2=000000008002af30] R[r13=000000008002af68] inst=[0000ec36] c.sdsp  a3, 24(sp)
C0:      14064 [1] pc=[00000000800004a4] W[r 1=00000000800004a8][1] R[r 0=0000000000000000] R[r 0=0000000000000000] inst=[47a000ef] jal     pc + 0x47a
C0:      14065 [1] pc=[000000008000091e] W[r 2=000000008002ae60][1] R[r 2=000000008002af30] R[r 0=0000000000000000] inst=[00007155] c.addi16sp sp, -208
C0:      14066 [1] pc=[0000000080000920] W[r 0=0000000000000000][0] R[r 2=000000008002ae60] R[r 8=0000000080001f10] inst=[0000e1a2] c.sdsp  s0, 192(sp)
C0:      14067 [1] pc=[0000000080000922] W[r 0=0000000000000000][0] R[r 2=000000008002ae60] R[r 9=0000000000000000] inst=[0000fd26] c.sdsp  s1, 184(sp)
C0:      14068 [1] pc=[0000000080000924] W[r 0=0000000000000000][0] R[r 2=000000008002ae60] R[r18=0000000000000000] inst=[0000f94a] c.sdsp  s2, 176(sp)
C0:      14069 [1] pc=[0000000080000926] W[r 0=0000000000000000][0] R[r 2=000000008002ae60] R[r19=0000000000000000] inst=[0000f54e] c.sdsp  s3, 168(sp)
C0:      14070 [1] pc=[0000000080000928] W[r 0=0000000000000000][0] R[r 2=000000008002ae60] R[r20=0000000000000000] inst=[0000f152] c.sdsp  s4, 160(sp)
C0:      14071 [1] pc=[000000008000092a] W[r 0=0000000000000000][0] R[r 2=000000008002ae60] R[r 1=00000000800004a8] inst=[0000e586] c.sdsp  ra, 200(sp)
C0:      14072 [1] pc=[000000008000092c] W[r 0=0000000000000000][0] R[r 2=000000008002ae60] R[r21=0000000000000000] inst=[0000ed56] c.sdsp  s5, 152(sp)
C0:      14073 [1] pc=[000000008000092e] W[r 0=0000000000000000][0] R[r 2=000000008002ae60] R[r22=0000000000000000] inst=[0000e95a] c.sdsp  s6, 144(sp)
C0:      14074 [1] pc=[0000000080000930] W[r 0=0000000000000000][0] R[r 2=000000008002ae60] R[r23=0000000000000000] inst=[0000e55e] c.sdsp  s7, 136(sp)
C0:      14075 [1] pc=[0000000080000932] W[r 0=0000000000000000][0] R[r 2=000000008002ae60] R[r24=0000000000000000] inst=[0000e162] c.sdsp  s8, 128(sp)
C0:      14076 [1] pc=[0000000080000934] W[r 0=0000000000000000][0] R[r 2=000000008002ae60] R[r25=0000000000000000] inst=[0000fce6] c.sdsp  s9, 120(sp)
C0:      14077 [1] pc=[0000000080000936] W[r 0=0000000000000000][0] R[r 2=000000008002ae60] R[r26=0000000000000000] inst=[0000f8ea] c.sdsp  s10, 112(sp)
C0:      14078 [1] pc=[0000000080000938] W[r19=0000000080002150][1] R[r 0=0000000000000000] R[r10=0000000080002150] inst=[000089aa] c.mv    s3, a0
C0:      14079 [1] pc=[000000008000093a] W[r 9=0000000080002440][1] R[r 0=0000000000000000] R[r11=0000000080002440] inst=[000084ae] c.mv    s1, a1
C0:      14080 [1] pc=[000000008000093c] W[r18=0000000080001f10][1] R[r 0=0000000000000000] R[r12=0000000080001f10] inst=[00008932] c.mv    s2, a2
C0:      14081 [1] pc=[000000008000093e] W[r 8=000000008002af68][1] R[r 0=0000000000000000] R[r13=000000008002af68] inst=[00008436] c.mv    s0, a3
C0:      14082 [1] pc=[0000000080000940] W[r20=0000000000000000][1] R[r 0=0000000000000000] R[r 0=0000000000000000] inst=[00004a01] c.li    s4, 0
C0:      14083 [1] pc=[0000000080000942] W[r 0=0000000000000000][0] R[r10=0000000080002150] R[r 0=0000000000000000] inst=[0000c509] c.beqz  a0, pc + 10
C0:      14084 [1] pc=[0000000080000944] W[r15=0000000000000001][1] R[r10=0000000080002150] R[r 0=0000000000000000] inst=[0000591c] c.lw    a5, 48(a0)
C0:      14086 [1] pc=[0000000080000946] W[r 0=0000000000000000][0] R[r15=0000000000000001] R[r 0=0000000000000000] inst=[0000e399] c.bnez  a5, pc + 6
C0:      14087 [1] pc=[000000008000094c] W[r15=000000008000194c][1] R[r 0=0000000000000000] R[r 0=0000000000000000] inst=[00001797] auipc   a5, 0x1
C0:      14088 [1] pc=[0000000080000950] W[r15=0000000080001fb0][1] R[r15=000000008000194c] R[r 0=0000000000000000] inst=[66478793] addi    a5, a5, 1636
C0:      14089 [1] pc=[0000000080000954] W[r 0=0000000000000000][0] R[r 9=0000000080002440] R[r15=0000000080001fb0] inst=[0cf49e63] bne     s1, a5, pc + 220
C0:      14090 [1] pc=[0000000080000a30] W[r15=0000000080001a30][1] R[r 0=0000000000000000] R[r 0=0000000000000000] inst=[00001797] auipc   a5, 0x1
C0:      14091 [1] pc=[0000000080000a34] W[r15=0000000080001fe8][1] R[r15=0000000080001a30] R[r 0=0000000000000000] inst=[5b878793] addi    a5, a5, 1464
C0:      14092 [1] pc=[0000000080000a38] W[r 0=0000000000000000][0] R[r 9=0000000080002440] R[r15=0000000080001fe8] inst=[00f49563] bne     s1, a5, pc + 10
C0:      14094 [1] pc=[0000000080000a42] W[r15=0000000080001a42][1] R[r 0=0000000000000000] R[r 0=0000000000000000] inst=[00001797] auipc   a5, 0x1
C0:      14095 [1] pc=[0000000080000a46] W[r15=0000000080001f78][1] R[r15=0000000080001a42] R[r 0=0000000000000000] inst=[53678793] addi    a5, a5, 1334
C0:      14096 [1] pc=[0000000080000a4a] W[r 0=0000000000000000][0] R[r 9=0000000080002440] R[r15=0000000080001f78] inst=[f0f499e3] bne     s1, a5, pc - 238
C0:      14100 [1] pc=[000000008000095c] W[r15=0000000000000089][1] R[r 9=0000000080002440] R[r 0=0000000000000000] inst=[0104d783] lhu     a5, 16(s1)
C0:      14103 [1] pc=[0000000080000960] W[r15=0000000000000008][1] R[r15=0000000000000089] R[r 0=0000000000000000] inst=[00008ba1] c.andi  a5, 8
C0:      14104 [1] pc=[0000000080000962] W[r 0=0000000000000000][0] R[r15=0000000000000008] R[r 0=0000000000000000] inst=[0000cbed] c.beqz  a5, pc + 242
C0:      14105 [1] pc=[0000000080000964] W[r15=0000000080002658][1] R[r 9=0000000080002440] R[r 0=0000000000000000] inst=[00006c9c] c.ld    a5, 24(s1)
C0:      14107 [1] pc=[0000000080000966] W[r 0=0000000000000000][0] R[r15=0000000080002658] R[r 0=0000000000000000] inst=[0000c7fd] c.beqz  a5, pc + 238
C0:      14108 [1] pc=[0000000080000968] W[r15=0000000000000020][1] R[r 0=0000000000000000] R[r 0=0000000000000000] inst=[02000793] li      a5, 32
C0:      14109 [1] pc=[000000008000096c] W[r 0=0000000000000000][0] R[r 2=000000008002ae60] R[r15=0000000000000020] inst=[02f104a3] sb      a5, 41(sp)
C0:      14110 [1] pc=[0000000080000970] W[r21=ffffffffffffffff][1] R[r 0=0000000000000000] R[r 0=0000000000000000] inst=[00005afd] c.li    s5, -1
C0:      14111 [1] pc=[0000000080000972] W[r15=0000000000000030][1] R[r 0=0000000000000000] R[r 0=0000000000000000] inst=[03000793] li      a5, 48
C0:      14112 [1] pc=[0000000080000976] W[r 0=0000000000000000][0] R[r 2=000000008002ae60] R[r 0=0000000000000000] inst=[0000d202] c.swsp  zero, 36(sp)
C0:      14113 [1] pc=[0000000080000978] W[r 0=0000000000000000][0] R[r 2=000000008002ae60] R[r15=0000000000000030] inst=[02f10523] sb      a5, 42(sp)
C0:      14114 [1] pc=[000000008000097c] W[r 0=0000000000000000][0] R[r 2=000000008002ae60] R[r 8=000000008002af68] inst=[0000e422] c.sdsp  s0, 8(sp)
C0:      14115 [1] pc=[000000008000097e] W[r23=0000000000000025][1] R[r 0=0000000000000000] R[r 0=0000000000000000] inst=[02500b93] li      s7, 37
C0:      14116 [1] pc=[0000000080000982] W[r24=ffffffff00000000][1] R[r21=ffffffffffffffff] R[r 0=0000000000000000] inst=[020a9c13] slli    s8, s5, 32
C0:      14117 [1] pc=[0000000080000986] W[r22=0000000080001986][1] R[r 0=0000000000000000] R[r 0=0000000000000000] inst=[00001b17] auipc   s6, 0x1
C0:      14118 [1] pc=[000000008000098a] W[r22=0000000080002020][1] R[r22=0000000080001986] R[r 0=0000000000000000] inst=[69ab0b13] addi    s6, s6, 1690
C0:      14119 [1] pc=[000000008000098e] W[r25=0000000000000001][1] R[r 0=0000000000000000] R[r 0=0000000000000000] inst=[00004c85] c.li    s9, 1
C0:      14120 [1] pc=[0000000080000990] W[r 8=0000000080001f10][1] R[r 0=0000000000000000] R[r18=0000000080001f10] inst=[0000844a] c.mv    s0, s2
C0:      14121 [1] pc=[0000000080000992] W[r15=000000000000005b][1] R[r 8=0000000080001f10] R[r 0=0000000000000000] inst=[00044783] lbu     a5, 0(s0)
C0:      14124 [1] pc=[0000000080000996] W[r 0=0000000000000000][0] R[r15=000000000000005b] R[r 0=0000000000000000] inst=[0000c399] c.beqz  a5, pc + 6
C0:      14125 [1] pc=[0000000080000998] W[r 0=0000000000000000][0] R[r15=000000000000005b] R[r23=0000000000000025] inst=[0f779263] bne     a5, s7, pc + 228
C0:      14129 [1] pc=[0000000080000a7c] W[r 8=0000000080001f11][1] R[r 8=0000000080001f10] R[r 0=0000000000000000] inst=[00000405] c.addi  s0, 1
C0:      14130 [1] pc=[0000000080000a7e] W[r 0=0000000080000a80][1] R[r 0=0000000000000000] R[r 0=0000000000000000] inst=[0000bf11] c.j     pc - 236
C0:      14131 [1] pc=[0000000080000992] W[r15=0000000000000000][1] R[r 8=0000000080001f11] R[r 0=0000000000000000] inst=[00044783] lbu     a5, 0(s0)
C0:      14134 [1] pc=[0000000080000996] W[r 0=0000000000000000][0] R[r15=0000000000000000] R[r 0=0000000000000000] inst=[0000c399] c.beqz  a5, pc + 6
C0:      14135 [1] pc=[000000008000099c] W[r26=0000000000000001][1] R[r 8=0000000080001f11] R[r18=0000000080001f10] inst=[41240d3b] subw    s10, s0, s2
C0:      14136 [1] pc=[00000000800009a0] W[r 0=0000000000000000][0] R[r26=0000000000000001] R[r 0=0000000000000000] inst=[000d0e63] beqz    s10, pc + 28
C0:      14137 [1] pc=[00000000800009a4] W[r13=0000000000000001][1] R[r 0=0000000000000000] R[r26=0000000000000001] inst=[000086ea] c.mv    a3, s10
C0:      14138 [1] pc=[00000000800009a6] W[r12=0000000080001f10][1] R[r 0=0000000000000000] R[r18=0000000080001f10] inst=[0000864a] c.mv    a2, s2
C0:      14139 [1] pc=[00000000800009a8] W[r11=0000000080002440][1] R[r 0=0000000000000000] R[r 9=0000000080002440] inst=[000085a6] c.mv    a1, s1
C0:      14140 [1] pc=[00000000800009aa] W[r10=0000000080002150][1] R[r 0=0000000000000000] R[r19=0000000080002150] inst=[0000854e] c.mv    a0, s3
C0:      14141 [1] pc=[00000000800009ac] W[r 1=00000000800009b0][1] R[r 0=0000000000000000] R[r 0=0000000000000000] inst=[f07ff0ef] jal     pc - 0xfa
C0:      14142 [1] pc=[00000000800008b2] W[r 2=000000008002ae30][1] R[r 2=000000008002ae60] R[r 0=0000000000000000] inst=[00007179] c.addi16sp sp, -48
C0:      14143 [1] pc=[00000000800008b4] W[r 0=0000000000000000][0] R[r 2=000000008002ae30] R[r 8=0000000080001f11] inst=[0000f022] c.sdsp  s0, 32(sp)
C0:      14144 [1] pc=[00000000800008b6] W[r 0=0000000000000000][0] R[r 2=000000008002ae30] R[r 9=0000000080002440] inst=[0000ec26] c.sdsp  s1, 24(sp)
C0:      14145 [1] pc=[00000000800008b8] W[r 0=0000000000000000][0] R[r 2=000000008002ae30] R[r18=0000000080001f10] inst=[0000e84a] c.sdsp  s2, 16(sp)
C0:      14146 [1] pc=[00000000800008ba] W[r 0=0000000000000000][0] R[r 2=000000008002ae30] R[r19=0000000080002150] inst=[0000e44e] c.sdsp  s3, 8(sp)
C0:      14147 [1] pc=[00000000800008bc] W[r 0=0000000000000000][0] R[r 2=000000008002ae30] R[r20=0000000000000000] inst=[0000e052] c.sdsp  s4, 0(sp)
C0:      14148 [1] pc=[00000000800008be] W[r 0=0000000000000000][0] R[r 2=000000008002ae30] R[r 1=00000000800009b0] inst=[0000f406] c.sdsp  ra, 40(sp)
C0:      14149 [1] pc=[00000000800008c0] W[r18=0000000080002150][1] R[r 0=0000000000000000] R[r10=0000000080002150] inst=[0000892a] c.mv    s2, a0
C0:      14150 [1] pc=[00000000800008c2] W[r19=0000000080002440][1] R[r 0=0000000000000000] R[r11=0000000080002440] inst=[000089ae] c.mv    s3, a1
C0:      14151 [1] pc=[00000000800008c4] W[r 8=0000000080001f10][1] R[r 0=0000000000000000] R[r12=0000000080001f10] inst=[00008432] c.mv    s0, a2
C0:      14152 [1] pc=[00000000800008c6] W[r 9=0000000080001f11][1] R[r12=0000000080001f10] R[r13=0000000000000001] inst=[00d604b3] add     s1, a2, a3
C0:      14153 [1] pc=[00000000800008ca] W[r20=ffffffffffffffff][1] R[r 0=0000000000000000] R[r 0=0000000000000000] inst=[00005a7d] c.li    s4, -1
C0:      14154 [1] pc=[00000000800008cc] W[r 0=0000000000000000][0] R[r 8=0000000080001f10] R[r 9=0000000080001f11] inst=[00941463] bne     s0, s1, pc + 8
C0:      14155 [1] pc=[00000000800008d4] W[r11=000000000000005b][1] R[r 8=0000000080001f10] R[r 0=0000000000000000] inst=[00044583] lbu     a1, 0(s0)
C0:      14156 [1] pc=[00000000800008d8] W[r12=0000000080002440][1] R[r 0=0000000000000000] R[r19=0000000080002440] inst=[0000864e] c.mv    a2, s3
C0:      14157 [1] pc=[00000000800008da] W[r10=0000000080002150][1] R[r 0=0000000000000000] R[r18=0000000080002150] inst=[0000854a] c.mv    a0, s2
C0:      14158 [1] pc=[00000000800008dc] W[r 1=00000000800008e0][1] R[r 0=0000000000000000] R[r 0=0000000000000000] inst=[fa7ff0ef] jal     pc - 0x5a
C0:      14159 [1] pc=[0000000080000882] W[r15=fffffffffffffffb][1] R[r12=0000000080002440] R[r 0=0000000000000000] inst=[0000465c] c.lw    a5, 12(a2)
C0:      14161 [1] pc=[0000000080000884] W[r15=fffffffffffffffa][1] R[r15=fffffffffffffffb] R[r 0=0000000000000000] inst=[000037fd] c.addiw a5, -1
C0:      14162 [1] pc=[0000000080000886] W[r 0=0000000000000000][0] R[r12=0000000080002440] R[r15=fffffffffffffffa] inst=[0000c65c] c.sw    a5, 12(a2)
C0:      14163 [1] pc=[0000000080000888] W[r13=fffffffa00000000][1] R[r15=fffffffffffffffa] R[r 0=0000000000000000] inst=[02079693] slli    a3, a5, 32
C0:      14164 [1] pc=[000000008000088c] W[r14=fffffffffffffffa][1] R[r15=fffffffffffffffa] R[r 0=0000000000000000] inst=[0007871b] sext.w  a4, a5
C0:      14165 [1] pc=[0000000080000890] W[r 0=0000000000000000][0] R[r13=fffffffa00000000] R[r 0=0000000000000000] inst=[0006d963] bgez    a3, pc + 18
C0:      14166 [1] pc=[0000000080000894] W[r15=fffffffffffffc00][1] R[r12=0000000080002440] R[r 0=0000000000000000] inst=[0000561c] c.lw    a5, 40(a2)
C0:      14168 [1] pc=[0000000080000896] W[r 0=0000000000000000][0] R[r14=fffffffffffffffa] R[r15=fffffffffffffc00] inst=[00f74563] blt     a4, a5, pc + 10
C0:      14172 [1] pc=[000000008000089a] W[r15=000000000000000a][1] R[r 0=0000000000000000] R[r 0=0000000000000000] inst=[000047a9] c.li    a5, 10
C0:      14173 [1] pc=[000000008000089c] W[r 0=0000000000000000][0] R[r11=000000000000005b] R[r15=000000000000000a] inst=[00f59363] bne     a1, a5, pc + 6
C0:      14174 [1] pc=[00000000800008a2] W[r15=000000008000265d][1] R[r12=0000000080002440] R[r 0=0000000000000000] inst=[0000621c] c.ld    a5, 0(a2)
C0:      14175 [1] pc=[00000000800008a4] W[r10=000000000000005b][1] R[r 0=0000000000000000] R[r11=000000000000005b] inst=[0000852e] c.mv    a0, a1
C0:      14176 [1] pc=[00000000800008a6] W[r14=000000008000265e][1] R[r15=000000008000265d] R[r 0=0000000000000000] inst=[00178713] addi    a4, a5, 1
C0:      14177 [1] pc=[00000000800008aa] W[r 0=0000000000000000][0] R[r12=0000000080002440] R[r14=000000008000265e] inst=[0000e218] c.sd    a4, 0(a2)
C0:      14178 [1] pc=[00000000800008ac] W[r 0=0000000000000000][0] R[r15=000000008000265d] R[r11=000000000000005b] inst=[00b78023] sb      a1, 0(a5)
C0:      14179 [1] pc=[00000000800008b0] W[r 0=00000000800008b2][1] R[r 1=00000000800008e0] R[r 0=0000000000000000] inst=[00008082] ret
C0:      14180 [1] pc=[00000000800008e0] W[r 8=0000000080001f11][1] R[r 8=0000000080001f10] R[r 0=0000000000000000] inst=[00000405] c.addi  s0, 1
C0:      14181 [1] pc=[00000000800008e2] W[r 0=0000000000000000][0] R[r10=000000000000005b] R[r20=ffffffffffffffff] inst=[ff4515e3] bne     a0, s4, pc - 22
C0:      14182 [1] pc=[00000000800008cc] W[r 0=0000000000000000][0] R[r 8=0000000080001f11] R[r 9=0000000080001f11] inst=[00941463] bne     s0, s1, pc + 8
C0:      14183 [1] pc=[00000000800008d0] W[r10=0000000000000000][1] R[r 0=0000000000000000] R[r 0=0000000000000000] inst=[00004501] c.li    a0, 0
C0:      14184 [1] pc=[00000000800008d2] W[r 0=00000000800008d4][1] R[r 0=0000000000000000] R[r 0=0000000000000000] inst=[0000a811] c.j     pc + 20
C0:      14185 [1] pc=[00000000800008e6] W[r 1=00000000800009b0][1] R[r 2=000000008002ae30] R[r 0=0000000000000000] inst=[000070a2] c.ldsp  ra, 40(sp)
C0:      14186 [1] pc=[00000000800008e8] W[r 8=0000000080001f11][1] R[r 2=000000008002ae30] R[r 0=0000000000000000] inst=[00007402] c.ldsp  s0, 32(sp)
C0:      14187 [1] pc=[00000000800008ea] W[r 9=0000000080002440][1] R[r 2=000000008002ae30] R[r 0=0000000000000000] inst=[000064e2] c.ldsp  s1, 24(sp)
C0:      14188 [1] pc=[00000000800008ec] W[r18=0000000080001f10][1] R[r 2=000000008002ae30] R[r 0=0000000000000000] inst=[00006942] c.ldsp  s2, 16(sp)
C0:      14189 [1] pc=[00000000800008ee] W[r19=0000000080002150][1] R[r 2=000000008002ae30] R[r 0=0000000000000000] inst=[000069a2] c.ldsp  s3, 8(sp)
C0:      14190 [1] pc=[00000000800008f0] W[r20=0000000000000000][1] R[r 2=000000008002ae30] R[r 0=0000000000000000] inst=[00006a02] c.ldsp  s4, 0(sp)
C0:      14191 [1] pc=[00000000800008f2] W[r 2=000000008002ae60][1] R[r 2=000000008002ae30] R[r 0=0000000000000000] inst=[00006145] c.addi16sp sp, 48
C0:      14192 [1] pc=[00000000800008f4] W[r 0=00000000800008f6][1] R[r 1=00000000800009b0] R[r 0=0000000000000000] inst=[00008082] ret
C0:      14193 [1] pc=[00000000800009b0] W[r 0=0000000000000000][0] R[r10=0000000000000000] R[r21=ffffffffffffffff] inst=[1f550d63] beq     a0, s5, pc + 506
C0:      14194 [1] pc=[00000000800009b4] W[r15=0000000000000000][1] R[r 2=000000008002ae60] R[r 0=0000000000000000] inst=[00005792] c.lwsp  a5, 36(sp)
C0:      14196 [1] pc=[00000000800009b6] W[r15=0000000000000001][1] R[r15=0000000000000000] R[r26=0000000000000001] inst=[01a787bb] addw    a5, a5, s10
C0:      14197 [1] pc=[00000000800009ba] W[r 0=0000000000000000][0] R[r 2=000000008002ae60] R[r15=0000000000000001] inst=[0000d23e] c.swsp  a5, 36(sp)
C0:      14198 [1] pc=[00000000800009bc] W[r15=0000000000000000][1] R[r 8=0000000080001f11] R[r 0=0000000000000000] inst=[00044783] lbu     a5, 0(s0)
C0:      14201 [1] pc=[00000000800009c0] W[r 0=0000000000000000][0] R[r15=0000000000000000] R[r 0=0000000000000000] inst=[1e078563] beqz    a5, pc + 490
C0:      14203 [1] pc=[0000000080000baa] W[r15=0000000000000089][1] R[r 9=0000000080002440] R[r 0=0000000000000000] inst=[0104d783] lhu     a5, 16(s1)
C0:      14206 [1] pc=[0000000080000bae] W[r15=0000000000000000][1] R[r15=0000000000000089] R[r 0=0000000000000000] inst=[0407f793] andi    a5, a5, 64
C0:      14207 [1] pc=[0000000080000bb2] W[r 0=0000000000000000][0] R[r15=0000000000000000] R[r 0=0000000000000000] inst=[ea0796e3] bnez    a5, pc - 340
C0:      14208 [1] pc=[0000000080000bb6] W[r10=0000000000000001][1] R[r 2=000000008002ae60] R[r 0=0000000000000000] inst=[00005512] c.lwsp  a0, 36(sp)
C0:      14209 [1] pc=[0000000080000bb8] W[r 0=0000000080000bba][1] R[r 0=0000000000000000] R[r 0=0000000000000000] inst=[0000b565] c.j     pc - 344
C0:      14210 [1] pc=[0000000080000a60] W[r 1=00000000800004a8][1] R[r 2=000000008002ae60] R[r 0=0000000000000000] inst=[000060ae] c.ldsp  ra, 200(sp)
C0:      14211 [1] pc=[0000000080000a62] W[r 8=0000000080001f10][1] R[r 2=000000008002ae60] R[r 0=0000000000000000] inst=[0000640e] c.ldsp  s0, 192(sp)
C0:      14212 [1] pc=[0000000080000a64] W[r 9=0000000000000000][1] R[r 2=000000008002ae60] R[r 0=0000000000000000] inst=[000074ea] c.ldsp  s1, 184(sp)
C0:      14213 [1] pc=[0000000080000a66] W[r18=0000000000000000][1] R[r 2=000000008002ae60] R[r 0=0000000000000000] inst=[0000794a] c.ldsp  s2, 176(sp)
C0:      14214 [1] pc=[0000000080000a68] W[r19=0000000000000000][1] R[r 2=000000008002ae60] R[r 0=0000000000000000] inst=[000079aa] c.ldsp  s3, 168(sp)
C0:      14215 [1] pc=[0000000080000a6a] W[r20=0000000000000000][1] R[r 2=000000008002ae60] R[r 0=0000000000000000] inst=[00007a0a] c.ldsp  s4, 160(sp)
C0:      14216 [1] pc=[0000000080000a6c] W[r21=0000000000000000][1] R[r 2=000000008002ae60] R[r 0=0000000000000000] inst=[00006aea] c.ldsp  s5, 152(sp)
C0:      14217 [1] pc=[0000000080000a6e] W[r22=0000000000000000][1] R[r 2=000000008002ae60] R[r 0=0000000000000000] inst=[00006b4a] c.ldsp  s6, 144(sp)
C0:      14218 [1] pc=[0000000080000a70] W[r23=0000000000000000][1] R[r 2=000000008002ae60] R[r 0=0000000000000000] inst=[00006baa] c.ldsp  s7, 136(sp)
C0:      14219 [1] pc=[0000000080000a72] W[r24=0000000000000000][1] R[r 2=000000008002ae60] R[r 0=0000000000000000] inst=[00006c0a] c.ldsp  s8, 128(sp)
C0:      14220 [1] pc=[0000000080000a74] W[r25=0000000000000000][1] R[r 2=000000008002ae60] R[r 0=0000000000000000] inst=[00007ce6] c.ldsp  s9, 120(sp)
C0:      14221 [1] pc=[0000000080000a76] W[r26=0000000000000000][1] R[r 2=000000008002ae60] R[r 0=0000000000000000] inst=[00007d46] c.ldsp  s10, 112(sp)
C0:      14222 [1] pc=[0000000080000a78] W[r 2=000000008002af30][1] R[r 2=000000008002ae60] R[r 0=0000000000000000] inst=[00006169] c.addi16sp sp, 208
C0:      14223 [1] pc=[0000000080000a7a] W[r 0=0000000080000a7c][1] R[r 1=00000000800004a8] R[r 0=0000000000000000] inst=[00008082] ret
C0:      14224 [1] pc=[00000000800004a8] W[r 1=00000000800003a0][1] R[r 2=000000008002af30] R[r 0=0000000000000000] inst=[000070a2] c.ldsp  ra, 40(sp)
C0:      14225 [1] pc=[00000000800004aa] W[r 8=000000008002b000][1] R[r 2=000000008002af30] R[r 0=0000000000000000] inst=[00007402] c.ldsp  s0, 32(sp)
C0:      14226 [1] pc=[00000000800004ac] W[r 2=000000008002afa0][1] R[r 2=000000008002af30] R[r 0=0000000000000000] inst=[00006165] c.addi16sp sp, 112
C0:      14227 [1] pc=[00000000800004ae] W[r 0=00000000800004b0][1] R[r 1=00000000800003a0] R[r 0=0000000000000000] inst=[00008082] ret
C0:      14231 [1] pc=[00000000800003a0] W[r15=0000000000000001][1] R[r 8=000000008002b000] R[r 0=0000000000000000] inst=[fdc42783] lw      a5, -36(s0)
C0:      14232 [1] pc=[00000000800003a4] W[r14=0000000000000001][1] R[r 8=000000008002b000] R[r 0=0000000000000000] inst=[fe042703] lw      a4, -32(s0)
C0:      14234 [1] pc=[00000000800003a8] W[r14=0000000000000002][1] R[r14=0000000000000001] R[r 0=0000000000000000] inst=[00000706] c.slli  a4, 1
C0:      14235 [1] pc=[00000000800003aa] W[r15=0000000000000003][1] R[r15=0000000000000001] R[r14=0000000000000002] inst=[000097ba] c.add   a5, a4
C0:      14236 [1] pc=[00000000800003ac] W[r15=000000000000000c][1] R[r15=0000000000000003] R[r 0=0000000000000000] inst=[0000078a] c.slli  a5, 2
C0:      14237 [1] pc=[00000000800003ae] W[r14=000000008002aff0][1] R[r 8=000000008002b000] R[r 0=0000000000000000] inst=[ff040713] addi    a4, s0, -16
C0:      14238 [1] pc=[00000000800003b2] W[r15=000000008002affc][1] R[r15=000000000000000c] R[r14=000000008002aff0] inst=[000097ba] c.add   a5, a4
C0:      14239 [1] pc=[00000000800003b4] W[r15=0000000000000016][1] R[r15=000000008002affc] R[r 0=0000000000000000] inst=[fb07a783] lw      a5, -80(a5)
C0:      14241 [1] pc=[00000000800003b8] W[r11=0000000000000016][1] R[r 0=0000000000000000] R[r15=0000000000000016] inst=[000085be] c.mv    a1, a5
C0:      14242 [1] pc=[00000000800003ba] W[r10=00000000800023ba][1] R[r 0=0000000000000000] R[r 0=0000000000000000] inst=[00002517] auipc   a0, 0x2
C0:      14243 [1] pc=[00000000800003be] W[r10=0000000080001f18][1] R[r10=00000000800023ba] R[r 0=0000000000000000] inst=[b5e50513] addi    a0, a0, -1186
C0:      14244 [1] pc=[00000000800003c2] W[r 1=00000000800003c6][1] R[r 0=0000000000000000] R[r 0=0000000000000000] inst=[0ae000ef] jal     pc + 0xae
C0:      14245 [1] pc=[0000000080000470] W[r 2=000000008002af30][1] R[r 2=000000008002afa0] R[r 0=0000000000000000] inst=[00007159] c.addi16sp sp, -112
C0:      14246 [1] pc=[0000000080000472] W[r 0=0000000000000000][0] R[r 2=000000008002af30] R[r 8=000000008002b000] inst=[0000f022] c.sdsp  s0, 32(sp)
C0:      14247 [1] pc=[0000000080000474] W[r 0=0000000000000000][0] R[r 2=000000008002af30] R[r 1=00000000800003c6] inst=[0000f406] c.sdsp  ra, 40(sp)
C0:      14248 [1] pc=[0000000080000476] W[r 8=0000000080001f18][1] R[r 0=0000000000000000] R[r10=0000000080001f18] inst=[0000842a] c.mv    s0, a0
C0:      14249 [1] pc=[0000000080000478] W[r 0=0000000000000000][0] R[r 2=000000008002af30] R[r11=0000000000000016] inst=[0000fc2e] c.sdsp  a1, 56(sp)
C0:      14250 [1] pc=[000000008000047a] W[r 0=0000000000000000][0] R[r 2=000000008002af30] R[r12=0000000080002440] inst=[0000e0b2] c.sdsp  a2, 64(sp)
C0:      14251 [1] pc=[000000008000047c] W[r 0=0000000000000000][0] R[r 2=000000008002af30] R[r13=fffffffa00000000] inst=[0000e4b6] c.sdsp  a3, 72(sp)
C0:      14252 [1] pc=[000000008000047e] W[r 0=0000000000000000][0] R[r 2=000000008002af30] R[r14=000000008002aff0] inst=[0000e8ba] c.sdsp  a4, 80(sp)
C0:      14253 [1] pc=[0000000080000480] W[r 0=0000000000000000][0] R[r 2=000000008002af30] R[r15=0000000000000016] inst=[0000ecbe] c.sdsp  a5, 88(sp)
C0:      14254 [1] pc=[0000000080000482] W[r 0=0000000000000000][0] R[r 2=000000008002af30] R[r16=000000000000000a] inst=[0000f0c2] c.sdsp  a6, 96(sp)
C0:      14255 [1] pc=[0000000080000484] W[r 0=0000000000000000][0] R[r 2=000000008002af30] R[r17=0000000000000000] inst=[0000f4c6] c.sdsp  a7, 104(sp)
C0:      14256 [1] pc=[0000000080000486] W[r10=0000000080002486][1] R[r 0=0000000000000000] R[r 0=0000000000000000] inst=[00002517] auipc   a0, 0x2
C0:      14257 [1] pc=[000000008000048a] W[r10=0000000080002150][1] R[r10=0000000080002486] R[r 0=0000000000000000] inst=[d7a53503] ld      a0, -646(a0)
C0:      14259 [1] pc=[000000008000048e] W[r 0=0000000000000000][0] R[r10=0000000080002150] R[r 0=0000000000000000] inst=[0000c519] c.beqz  a0, pc + 14
C0:      14260 [1] pc=[0000000080000490] W[r15=0000000000000001][1] R[r10=0000000080002150] R[r 0=0000000000000000] inst=[0000591c] c.lw    a5, 48(a0)
C0:      14262 [1] pc=[0000000080000492] W[r 0=0000000000000000][0] R[r15=0000000000000001] R[r 0=0000000000000000] inst=[0000e789] c.bnez  a5, pc + 10
C0:      14263 [1] pc=[000000008000049c] W[r11=0000000080002440][1] R[r10=0000000080002150] R[r 0=0000000000000000] inst=[0000690c] c.ld    a1, 16(a0)
C0:      14264 [1] pc=[000000008000049e] W[r13=000000008002af68][1] R[r 2=000000008002af30] R[r 0=0000000000000000] inst=[00001834] c.addi4spn a3, sp, 56
C0:      14265 [1] pc=[00000000800004a0] W[r12=0000000080001f18][1] R[r 0=0000000000000000] R[r 8=0000000080001f18] inst=[00008622] c.mv    a2, s0
C0:      14266 [1] pc=[00000000800004a2] W[r 0=0000000000000000][0] R[r 2=000000008002af30] R[r13=000000008002af68] inst=[0000ec36] c.sdsp  a3, 24(sp)
C0:      14267 [1] pc=[00000000800004a4] W[r 1=00000000800004a8][1] R[r 0=0000000000000000] R[r 0=0000000000000000] inst=[47a000ef] jal     pc + 0x47a
C0:      14268 [1] pc=[000000008000091e] W[r 2=000000008002ae60][1] R[r 2=000000008002af30] R[r 0=0000000000000000] inst=[00007155] c.addi16sp sp, -208
C0:      14269 [1] pc=[0000000080000920] W[r 0=0000000000000000][0] R[r 2=000000008002ae60] R[r 8=0000000080001f18] inst=[0000e1a2] c.sdsp  s0, 192(sp)
C0:      14270 [1] pc=[0000000080000922] W[r 0=0000000000000000][0] R[r 2=000000008002ae60] R[r 9=0000000000000000] inst=[0000fd26] c.sdsp  s1, 184(sp)
C0:      14271 [1] pc=[0000000080000924] W[r 0=0000000000000000][0] R[r 2=000000008002ae60] R[r18=0000000000000000] inst=[0000f94a] c.sdsp  s2, 176(sp)
C0:      14272 [1] pc=[0000000080000926] W[r 0=0000000000000000][0] R[r 2=000000008002ae60] R[r19=0000000000000000] inst=[0000f54e] c.sdsp  s3, 168(sp)
C0:      14273 [1] pc=[0000000080000928] W[r 0=0000000000000000][0] R[r 2=000000008002ae60] R[r20=0000000000000000] inst=[0000f152] c.sdsp  s4, 160(sp)
C0:      14274 [1] pc=[000000008000092a] W[r 0=0000000000000000][0] R[r 2=000000008002ae60] R[r 1=00000000800004a8] inst=[0000e586] c.sdsp  ra, 200(sp)
C0:      14275 [1] pc=[000000008000092c] W[r 0=0000000000000000][0] R[r 2=000000008002ae60] R[r21=0000000000000000] inst=[0000ed56] c.sdsp  s5, 152(sp)
C0:      14276 [1] pc=[000000008000092e] W[r 0=0000000000000000][0] R[r 2=000000008002ae60] R[r22=0000000000000000] inst=[0000e95a] c.sdsp  s6, 144(sp)
C0:      14277 [1] pc=[0000000080000930] W[r 0=0000000000000000][0] R[r 2=000000008002ae60] R[r23=0000000000000000] inst=[0000e55e] c.sdsp  s7, 136(sp)
C0:      14278 [1] pc=[0000000080000932] W[r 0=0000000000000000][0] R[r 2=000000008002ae60] R[r24=0000000000000000] inst=[0000e162] c.sdsp  s8, 128(sp)
C0:      14279 [1] pc=[0000000080000934] W[r 0=0000000000000000][0] R[r 2=000000008002ae60] R[r25=0000000000000000] inst=[0000fce6] c.sdsp  s9, 120(sp)
C0:      14280 [1] pc=[0000000080000936] W[r 0=0000000000000000][0] R[r 2=000000008002ae60] R[r26=0000000000000000] inst=[0000f8ea] c.sdsp  s10, 112(sp)
C0:      14281 [1] pc=[0000000080000938] W[r19=0000000080002150][1] R[r 0=0000000000000000] R[r10=0000000080002150] inst=[000089aa] c.mv    s3, a0
C0:      14282 [1] pc=[000000008000093a] W[r 9=0000000080002440][1] R[r 0=0000000000000000] R[r11=0000000080002440] inst=[000084ae] c.mv    s1, a1
C0:      14283 [1] pc=[000000008000093c] W[r18=0000000080001f18][1] R[r 0=0000000000000000] R[r12=0000000080001f18] inst=[00008932] c.mv    s2, a2
C0:      14284 [1] pc=[000000008000093e] W[r 8=000000008002af68][1] R[r 0=0000000000000000] R[r13=000000008002af68] inst=[00008436] c.mv    s0, a3
C0:      14285 [1] pc=[0000000080000940] W[r20=0000000000000000][1] R[r 0=0000000000000000] R[r 0=0000000000000000] inst=[00004a01] c.li    s4, 0
C0:      14286 [1] pc=[0000000080000942] W[r 0=0000000000000000][0] R[r10=0000000080002150] R[r 0=0000000000000000] inst=[0000c509] c.beqz  a0, pc + 10
C0:      14287 [1] pc=[0000000080000944] W[r15=0000000000000001][1] R[r10=0000000080002150] R[r 0=0000000000000000] inst=[0000591c] c.lw    a5, 48(a0)
C0:      14289 [1] pc=[0000000080000946] W[r 0=0000000000000000][0] R[r15=0000000000000001] R[r 0=0000000000000000] inst=[0000e399] c.bnez  a5, pc + 6
C0:      14290 [1] pc=[000000008000094c] W[r15=000000008000194c][1] R[r 0=0000000000000000] R[r 0=0000000000000000] inst=[00001797] auipc   a5, 0x1
C0:      14291 [1] pc=[0000000080000950] W[r15=0000000080001fb0][1] R[r15=000000008000194c] R[r 0=0000000000000000] inst=[66478793] addi    a5, a5, 1636
C0:      14292 [1] pc=[0000000080000954] W[r 0=0000000000000000][0] R[r 9=0000000080002440] R[r15=0000000080001fb0] inst=[0cf49e63] bne     s1, a5, pc + 220
C0:      14293 [1] pc=[0000000080000a30] W[r15=0000000080001a30][1] R[r 0=0000000000000000] R[r 0=0000000000000000] inst=[00001797] auipc   a5, 0x1
C0:      14294 [1] pc=[0000000080000a34] W[r15=0000000080001fe8][1] R[r15=0000000080001a30] R[r 0=0000000000000000] inst=[5b878793] addi    a5, a5, 1464
C0:      14295 [1] pc=[0000000080000a38] W[r 0=0000000000000000][0] R[r 9=0000000080002440] R[r15=0000000080001fe8] inst=[00f49563] bne     s1, a5, pc + 10
C0:      14297 [1] pc=[0000000080000a42] W[r15=0000000080001a42][1] R[r 0=0000000000000000] R[r 0=0000000000000000] inst=[00001797] auipc   a5, 0x1
C0:      14298 [1] pc=[0000000080000a46] W[r15=0000000080001f78][1] R[r15=0000000080001a42] R[r 0=0000000000000000] inst=[53678793] addi    a5, a5, 1334
C0:      14299 [1] pc=[0000000080000a4a] W[r 0=0000000000000000][0] R[r 9=0000000080002440] R[r15=0000000080001f78] inst=[f0f499e3] bne     s1, a5, pc - 238
C0:      14300 [1] pc=[000000008000095c] W[r15=0000000000000089][1] R[r 9=0000000080002440] R[r 0=0000000000000000] inst=[0104d783] lhu     a5, 16(s1)
C0:      14303 [1] pc=[0000000080000960] W[r15=0000000000000008][1] R[r15=0000000000000089] R[r 0=0000000000000000] inst=[00008ba1] c.andi  a5, 8
C0:      14304 [1] pc=[0000000080000962] W[r 0=0000000000000000][0] R[r15=0000000000000008] R[r 0=0000000000000000] inst=[0000cbed] c.beqz  a5, pc + 242
C0:      14305 [1] pc=[0000000080000964] W[r15=0000000080002658][1] R[r 9=0000000080002440] R[r 0=0000000000000000] inst=[00006c9c] c.ld    a5, 24(s1)
C0:      14307 [1] pc=[0000000080000966] W[r 0=0000000000000000][0] R[r15=0000000080002658] R[r 0=0000000000000000] inst=[0000c7fd] c.beqz  a5, pc + 238
C0:      14308 [1] pc=[0000000080000968] W[r15=0000000000000020][1] R[r 0=0000000000000000] R[r 0=0000000000000000] inst=[02000793] li      a5, 32
C0:      14309 [1] pc=[000000008000096c] W[r 0=0000000000000000][0] R[r 2=000000008002ae60] R[r15=0000000000000020] inst=[02f104a3] sb      a5, 41(sp)
C0:      14310 [1] pc=[0000000080000970] W[r21=ffffffffffffffff][1] R[r 0=0000000000000000] R[r 0=0000000000000000] inst=[00005afd] c.li    s5, -1
C0:      14311 [1] pc=[0000000080000972] W[r15=0000000000000030][1] R[r 0=0000000000000000] R[r 0=0000000000000000] inst=[03000793] li      a5, 48
C0:      14312 [1] pc=[0000000080000976] W[r 0=0000000000000000][0] R[r 2=000000008002ae60] R[r 0=0000000000000000] inst=[0000d202] c.swsp  zero, 36(sp)
C0:      14313 [1] pc=[0000000080000978] W[r 0=0000000000000000][0] R[r 2=000000008002ae60] R[r15=0000000000000030] inst=[02f10523] sb      a5, 42(sp)
C0:      14314 [1] pc=[000000008000097c] W[r 0=0000000000000000][0] R[r 2=000000008002ae60] R[r 8=000000008002af68] inst=[0000e422] c.sdsp  s0, 8(sp)
C0:      14315 [1] pc=[000000008000097e] W[r23=0000000000000025][1] R[r 0=0000000000000000] R[r 0=0000000000000000] inst=[02500b93] li      s7, 37
C0:      14316 [1] pc=[0000000080000982] W[r24=ffffffff00000000][1] R[r21=ffffffffffffffff] R[r 0=0000000000000000] inst=[020a9c13] slli    s8, s5, 32
C0:      14317 [1] pc=[0000000080000986] W[r22=0000000080001986][1] R[r 0=0000000000000000] R[r 0=0000000000000000] inst=[00001b17] auipc   s6, 0x1
C0:      14318 [1] pc=[000000008000098a] W[r22=0000000080002020][1] R[r22=0000000080001986] R[r 0=0000000000000000] inst=[69ab0b13] addi    s6, s6, 1690
C0:      14319 [1] pc=[000000008000098e] W[r25=0000000000000001][1] R[r 0=0000000000000000] R[r 0=0000000000000000] inst=[00004c85] c.li    s9, 1
C0:      14320 [1] pc=[0000000080000990] W[r 8=0000000080001f18][1] R[r 0=0000000000000000] R[r18=0000000080001f18] inst=[0000844a] c.mv    s0, s2
C0:      14321 [1] pc=[0000000080000992] W[r15=0000000000000025][1] R[r 8=0000000080001f18] R[r 0=0000000000000000] inst=[00044783] lbu     a5, 0(s0)
C0:      14324 [1] pc=[0000000080000996] W[r 0=0000000000000000][0] R[r15=0000000000000025] R[r 0=0000000000000000] inst=[0000c399] c.beqz  a5, pc + 6
C0:      14325 [1] pc=[0000000080000998] W[r 0=0000000000000000][0] R[r15=0000000000000025] R[r23=0000000000000025] inst=[0f779263] bne     a5, s7, pc + 228
C0:      14329 [1] pc=[000000008000099c] W[r26=0000000000000000][1] R[r 8=0000000080001f18] R[r18=0000000080001f18] inst=[41240d3b] subw    s10, s0, s2
C0:      14330 [1] pc=[00000000800009a0] W[r 0=0000000000000000][0] R[r26=0000000000000000] R[r 0=0000000000000000] inst=[000d0e63] beqz    s10, pc + 28
C0:      14332 [1] pc=[00000000800009bc] W[r15=0000000000000025][1] R[r 8=0000000080001f18] R[r 0=0000000000000000] inst=[00044783] lbu     a5, 0(s0)
C0:      14335 [1] pc=[00000000800009c0] W[r 0=0000000000000000][0] R[r15=0000000000000025] R[r 0=0000000000000000] inst=[1e078563] beqz    a5, pc + 490
C0:      14336 [1] pc=[00000000800009c4] W[r18=0000000080001f19][1] R[r 8=0000000080001f18] R[r 0=0000000000000000] inst=[00140913] addi    s2, s0, 1
C0:      14337 [1] pc=[00000000800009c8] W[r 0=0000000000000000][0] R[r 2=000000008002ae60] R[r24=ffffffff00000000] inst=[0000e862] c.sdsp  s8, 16(sp)
C0:      14338 [1] pc=[00000000800009ca] W[r 0=0000000000000000][0] R[r 2=000000008002ae60] R[r 0=0000000000000000] inst=[0000ec02] c.sdsp  zero, 24(sp)
C0:      14339 [1] pc=[00000000800009cc] W[r 0=0000000000000000][0] R[r 2=000000008002ae60] R[r 0=0000000000000000] inst=[040109a3] sb      zero, 83(sp)
C0:      14340 [1] pc=[00000000800009d0] W[r 0=0000000000000000][0] R[r 2=000000008002ae60] R[r 0=0000000000000000] inst=[0000d482] c.swsp  zero, 104(sp)
C0:      14341 [1] pc=[00000000800009d2] W[r11=0000000000000064][1] R[r18=0000000080001f19] R[r 0=0000000000000000] inst=[00094583] lbu     a1, 0(s2)
C0:      14342 [1] pc=[00000000800009d6] W[r12=0000000000000005][1] R[r 0=0000000000000000] R[r 0=0000000000000000] inst=[00004615] c.li    a2, 5
C0:      14343 [1] pc=[00000000800009d8] W[r10=0000000080002020][1] R[r 0=0000000000000000] R[r22=0000000080002020] inst=[0000855a] c.mv    a0, s6
C0:      14344 [1] pc=[00000000800009da] W[r 1=00000000800009de][1] R[r 0=0000000000000000] R[r 0=0000000000000000] inst=[307000ef] jal     pc + 0xb06
C0:      14345 [1] pc=[00000000800014e0] W[r11=0000000000000064][1] R[r11=0000000000000064] R[r 0=0000000000000000] inst=[0ff5f593] andi    a1, a1, 255
C0:      14346 [1] pc=[00000000800014e4] W[r12=0000000080002025][1] R[r12=0000000000000005] R[r10=0000000080002020] inst=[0000962a] c.add   a2, a0
C0:      14347 [1] pc=[00000000800014e6] W[r 0=0000000000000000][0] R[r10=0000000080002020] R[r12=0000000080002025] inst=[00c51463] bne     a0, a2, pc + 8
C0:      14349 [1] pc=[00000000800014ee] W[r15=0000000000000023][1] R[r10=0000000080002020] R[r 0=0000000000000000] inst=[00054783] lbu     a5, 0(a0)
C0:      14352 [1] pc=[00000000800014f2] W[r 0=0000000000000000][0] R[r15=0000000000000023] R[r11=0000000000000064] inst=[feb78de3] beq     a5, a1, pc - 6
C0:      14356 [1] pc=[00000000800014f6] W[r10=0000000080002021][1] R[r10=0000000080002020] R[r 0=0000000000000000] inst=[00000505] c.addi  a0, 1
C0:      14357 [1] pc=[00000000800014f8] W[r 0=00000000800014fa][1] R[r 0=0000000000000000] R[r 0=0000000000000000] inst=[0000b7fd] c.j     pc - 18
C0:      14360 [1] pc=[00000000800014e6] W[r 0=0000000000000000][0] R[r10=0000000080002021] R[r12=0000000080002025] inst=[00c51463] bne     a0, a2, pc + 8
C0:      14363 [1] pc=[00000000800014ee] W[r15=000000000000002d][1] R[r10=0000000080002021] R[r 0=0000000000000000] inst=[00054783] lbu     a5, 0(a0)
C0:      14366 [1] pc=[00000000800014f2] W[r 0=0000000000000000][0] R[r15=000000000000002d] R[r11=0000000000000064] inst=[feb78de3] beq     a5, a1, pc - 6
C0:      14367 [1] pc=[00000000800014f6] W[r10=0000000080002022][1] R[r10=0000000080002021] R[r 0=0000000000000000] inst=[00000505] c.addi  a0, 1
C0:      14368 [1] pc=[00000000800014f8] W[r 0=00000000800014fa][1] R[r 0=0000000000000000] R[r 0=0000000000000000] inst=[0000b7fd] c.j     pc - 18
C0:      14369 [1] pc=[00000000800014e6] W[r 0=0000000000000000][0] R[r10=0000000080002022] R[r12=0000000080002025] inst=[00c51463] bne     a0, a2, pc + 8
C0:      14371 [1] pc=[00000000800014ee] W[r15=0000000000000030][1] R[r10=0000000080002022] R[r 0=0000000000000000] inst=[00054783] lbu     a5, 0(a0)
C0:      14374 [1] pc=[00000000800014f2] W[r 0=0000000000000000][0] R[r15=0000000000000030] R[r11=0000000000000064] inst=[feb78de3] beq     a5, a1, pc - 6
C0:      14375 [1] pc=[00000000800014f6] W[r10=0000000080002023][1] R[r10=0000000080002022] R[r 0=0000000000000000] inst=[00000505] c.addi  a0, 1
C0:      14376 [1] pc=[00000000800014f8] W[r 0=00000000800014fa][1] R[r 0=0000000000000000] R[r 0=0000000000000000] inst=[0000b7fd] c.j     pc - 18
C0:      14377 [1] pc=[00000000800014e6] W[r 0=0000000000000000][0] R[r10=0000000080002023] R[r12=0000000080002025] inst=[00c51463] bne     a0, a2, pc + 8
C0:      14382 [1] pc=[00000000800014ee] W[r15=000000000000002b][1] R[r10=0000000080002023] R[r 0=0000000000000000] inst=[00054783] lbu     a5, 0(a0)
C0:      14385 [1] pc=[00000000800014f2] W[r 0=0000000000000000][0] R[r15=000000000000002b] R[r11=0000000000000064] inst=[feb78de3] beq     a5, a1, pc - 6
C0:      14386 [1] pc=[00000000800014f6] W[r10=0000000080002024][1] R[r10=0000000080002023] R[r 0=0000000000000000] inst=[00000505] c.addi  a0, 1
C0:      14387 [1] pc=[00000000800014f8] W[r 0=00000000800014fa][1] R[r 0=0000000000000000] R[r 0=0000000000000000] inst=[0000b7fd] c.j     pc - 18
C0:      14388 [1] pc=[00000000800014e6] W[r 0=0000000000000000][0] R[r10=0000000080002024] R[r12=0000000080002025] inst=[00c51463] bne     a0, a2, pc + 8
C0:      14390 [1] pc=[00000000800014ee] W[r15=0000000000000020][1] R[r10=0000000080002024] R[r 0=0000000000000000] inst=[00054783] lbu     a5, 0(a0)
C0:      14393 [1] pc=[00000000800014f2] W[r 0=0000000000000000][0] R[r15=0000000000000020] R[r11=0000000000000064] inst=[feb78de3] beq     a5, a1, pc - 6
C0:      14394 [1] pc=[00000000800014f6] W[r10=0000000080002025][1] R[r10=0000000080002024] R[r 0=0000000000000000] inst=[00000505] c.addi  a0, 1
C0:      14395 [1] pc=[00000000800014f8] W[r 0=00000000800014fa][1] R[r 0=0000000000000000] R[r 0=0000000000000000] inst=[0000b7fd] c.j     pc - 18
C0:      14396 [1] pc=[00000000800014e6] W[r 0=0000000000000000][0] R[r10=0000000080002025] R[r12=0000000080002025] inst=[00c51463] bne     a0, a2, pc + 8
C0:      14400 [1] pc=[00000000800014ea] W[r10=0000000000000000][1] R[r 0=0000000000000000] R[r 0=0000000000000000] inst=[00004501] c.li    a0, 0
C0:      14401 [1] pc=[00000000800014ec] W[r 0=00000000800014ee][1] R[r 1=00000000800009de] R[r 0=0000000000000000] inst=[00008082] ret
C0:      14406 [1] pc=[00000000800009de] W[r 8=0000000080001f1a][1] R[r18=0000000080001f19] R[r 0=0000000000000000] inst=[00190413] addi    s0, s2, 1
C0:      14407 [1] pc=[00000000800009e2] W[r 0=0000000000000000][0] R[r10=0000000000000000] R[r 0=0000000000000000] inst=[0000ed59] c.bnez  a0, pc + 158
C0:      14408 [1] pc=[00000000800009e4] W[r15=0000000000000000][1] R[r 2=000000008002ae60] R[r 0=0000000000000000] inst=[000047c2] c.lwsp  a5, 16(sp)
C0:      14410 [1] pc=[00000000800009e6] W[r14=0000000000000000][1] R[r15=0000000000000000] R[r 0=0000000000000000] inst=[0107f713] andi    a4, a5, 16
C0:      14411 [1] pc=[00000000800009ea] W[r 0=0000000000000000][0] R[r14=0000000000000000] R[r 0=0000000000000000] inst=[0000c709] c.beqz  a4, pc + 10
C0:      14412 [1] pc=[00000000800009f4] W[r14=0000000000000000][1] R[r15=0000000000000000] R[r 0=0000000000000000] inst=[0087f713] andi    a4, a5, 8
C0:      14413 [1] pc=[00000000800009f8] W[r 0=0000000000000000][0] R[r14=0000000000000000] R[r 0=0000000000000000] inst=[0000c709] c.beqz  a4, pc + 10
C0:      14418 [1] pc=[0000000080000a02] W[r13=0000000000000064][1] R[r18=0000000080001f19] R[r 0=0000000000000000] inst=[00094683] lbu     a3, 0(s2)
C0:      14419 [1] pc=[0000000080000a06] W[r14=000000000000002a][1] R[r 0=0000000000000000] R[r 0=0000000000000000] inst=[02a00713] li      a4, 42
C0:      14421 [1] pc=[0000000080000a0a] W[r 0=0000000000000000][0] R[r13=0000000000000064] R[r14=000000000000002a] inst=[08e68463] beq     a3, a4, pc + 136
C0:      14422 [1] pc=[0000000080000a0e] W[r15=0000000000000000][1] R[r 2=000000008002ae60] R[r 0=0000000000000000] inst=[000047f2] c.lwsp  a5, 28(sp)
C0:      14423 [1] pc=[0000000080000a10] W[r 8=0000000080001f19][1] R[r 0=0000000000000000] R[r18=0000000080001f19] inst=[0000844a] c.mv    s0, s2
C0:      14424 [1] pc=[0000000080000a12] W[r13=0000000000000000][1] R[r 0=0000000000000000] R[r 0=0000000000000000] inst=[00004681] c.li    a3, 0
C0:      14425 [1] pc=[0000000080000a14] W[r12=0000000000000009][1] R[r 0=0000000000000000] R[r 0=0000000000000000] inst=[00004625] c.li    a2, 9
C0:      14426 [1] pc=[0000000080000a16] W[r16=000000000000000a][1] R[r 0=0000000000000000] R[r 0=0000000000000000] inst=[00004829] c.li    a6, 10
C0:      14427 [1] pc=[0000000080000a18] W[r14=0000000000000064][1] R[r 8=0000000080001f19] R[r 0=0000000000000000] inst=[00044703] lbu     a4, 0(s0)
C0:      14428 [1] pc=[0000000080000a1c] W[r10=0000000080001f1a][1] R[r 8=0000000080001f19] R[r 0=0000000000000000] inst=[00140513] addi    a0, s0, 1
C0:      14430 [1] pc=[0000000080000a20] W[r11=0000000000000034][1] R[r14=0000000000000064] R[r 0=0000000000000000] inst=[fd07059b] addiw   a1, a4, -48
C0:      14431 [1] pc=[0000000080000a24] W[r14=0000000000000034][1] R[r 0=0000000000000000] R[r11=0000000000000034] inst=[0000872e] c.mv    a4, a1
C0:      14432 [1] pc=[0000000080000a26] W[r 0=0000000000000000][0] R[r12=0000000000000009] R[r11=0000000000000034] inst=[0ab67b63] bgeu    a2, a1, pc + 182
C0:      14436 [1] pc=[0000000080000a2a] W[r 0=0000000000000000][0] R[r13=0000000000000000] R[r 0=0000000000000000] inst=[0000cea5] c.beqz  a3, pc + 120
C0:      14439 [1] pc=[0000000080000aa2] W[r14=0000000000000064][1] R[r 8=0000000080001f19] R[r 0=0000000000000000] inst=[00044703] lbu     a4, 0(s0)
C0:      14440 [1] pc=[0000000080000aa6] W[r15=000000000000002e][1] R[r 0=0000000000000000] R[r 0=0000000000000000] inst=[02e00793] li      a5, 46
C0:      14442 [1] pc=[0000000080000aaa] W[r 0=0000000000000000][0] R[r14=0000000000000064] R[r15=000000000000002e] inst=[04f71063] bne     a4, a5, pc + 64
C0:      14444 [1] pc=[0000000080000aea] W[r11=0000000000000064][1] R[r 8=0000000080001f19] R[r 0=0000000000000000] inst=[00044583] lbu     a1, 0(s0)
C0:      14445 [1] pc=[0000000080000aee] W[r12=0000000000000003][1] R[r 0=0000000000000000] R[r 0=0000000000000000] inst=[0000460d] c.li    a2, 3
C0:      14446 [1] pc=[0000000080000af0] W[r10=0000000080001af0][1] R[r 0=0000000000000000] R[r 0=0000000000000000] inst=[00001517] auipc   a0, 0x1
C0:      14447 [1] pc=[0000000080000af4] W[r10=0000000080002028][1] R[r10=0000000080001af0] R[r 0=0000000000000000] inst=[53850513] addi    a0, a0, 1336
C0:      14448 [1] pc=[0000000080000af8] W[r 1=0000000080000afc][1] R[r 0=0000000000000000] R[r 0=0000000000000000] inst=[1e9000ef] jal     pc + 0x9e8
C0:      14449 [1] pc=[00000000800014e0] W[r11=0000000000000064][1] R[r11=0000000000000064] R[r 0=0000000000000000] inst=[0ff5f593] andi    a1, a1, 255
C0:      14450 [1] pc=[00000000800014e4] W[r12=000000008000202b][1] R[r12=0000000000000003] R[r10=0000000080002028] inst=[0000962a] c.add   a2, a0
C0:      14451 [1] pc=[00000000800014e6] W[r 0=0000000000000000][0] R[r10=0000000080002028] R[r12=000000008000202b] inst=[00c51463] bne     a0, a2, pc + 8
C0:      14453 [1] pc=[00000000800014ee] W[r15=0000000000000068][1] R[r10=0000000080002028] R[r 0=0000000000000000] inst=[00054783] lbu     a5, 0(a0)
C0:      14456 [1] pc=[00000000800014f2] W[r 0=0000000000000000][0] R[r15=0000000000000068] R[r11=0000000000000064] inst=[feb78de3] beq     a5, a1, pc - 6
C0:      14460 [1] pc=[00000000800014f6] W[r10=0000000080002029][1] R[r10=0000000080002028] R[r 0=0000000000000000] inst=[00000505] c.addi  a0, 1
C0:      14461 [1] pc=[00000000800014f8] W[r 0=00000000800014fa][1] R[r 0=0000000000000000] R[r 0=0000000000000000] inst=[0000b7fd] c.j     pc - 18
C0:      14463 [1] pc=[00000000800014e6] W[r 0=0000000000000000][0] R[r10=0000000080002029] R[r12=000000008000202b] inst=[00c51463] bne     a0, a2, pc + 8
C0:      14465 [1] pc=[00000000800014ee] W[r15=000000000000006c][1] R[r10=0000000080002029] R[r 0=0000000000000000] inst=[00054783] lbu     a5, 0(a0)
C0:      14468 [1] pc=[00000000800014f2] W[r 0=0000000000000000][0] R[r15=000000000000006c] R[r11=0000000000000064] inst=[feb78de3] beq     a5, a1, pc - 6
C0:      14469 [1] pc=[00000000800014f6] W[r10=000000008000202a][1] R[r10=0000000080002029] R[r 0=0000000000000000] inst=[00000505] c.addi  a0, 1
C0:      14470 [1] pc=[00000000800014f8] W[r 0=00000000800014fa][1] R[r 0=0000000000000000] R[r 0=0000000000000000] inst=[0000b7fd] c.j     pc - 18
C0:      14471 [1] pc=[00000000800014e6] W[r 0=0000000000000000][0] R[r10=000000008000202a] R[r12=000000008000202b] inst=[00c51463] bne     a0, a2, pc + 8
C0:      14476 [1] pc=[00000000800014ee] W[r15=000000000000004c][1] R[r10=000000008000202a] R[r 0=0000000000000000] inst=[00054783] lbu     a5, 0(a0)
C0:      14479 [1] pc=[00000000800014f2] W[r 0=0000000000000000][0] R[r15=000000000000004c] R[r11=0000000000000064] inst=[feb78de3] beq     a5, a1, pc - 6
C0:      14480 [1] pc=[00000000800014f6] W[r10=000000008000202b][1] R[r10=000000008000202a] R[r 0=0000000000000000] inst=[00000505] c.addi  a0, 1
C0:      14481 [1] pc=[00000000800014f8] W[r 0=00000000800014fa][1] R[r 0=0000000000000000] R[r 0=0000000000000000] inst=[0000b7fd] c.j     pc - 18
C0:      14482 [1] pc=[00000000800014e6] W[r 0=0000000000000000][0] R[r10=000000008000202b] R[r12=000000008000202b] inst=[00c51463] bne     a0, a2, pc + 8
C0:      14486 [1] pc=[00000000800014ea] W[r10=0000000000000000][1] R[r 0=0000000000000000] R[r 0=0000000000000000] inst=[00004501] c.li    a0, 0
C0:      14487 [1] pc=[00000000800014ec] W[r 0=00000000800014ee][1] R[r 1=0000000080000afc] R[r 0=0000000000000000] inst=[00008082] ret
C0:      14491 [1] pc=[0000000080000afc] W[r 0=0000000000000000][0] R[r10=0000000000000000] R[r 0=0000000000000000] inst=[0000cd11] c.beqz  a0, pc + 28
C0:      14493 [1] pc=[0000000080000b18] W[r11=0000000000000064][1] R[r 8=0000000080001f19] R[r 0=0000000000000000] inst=[00044583] lbu     a1, 0(s0)
C0:      14494 [1] pc=[0000000080000b1c] W[r12=0000000000000006][1] R[r 0=0000000000000000] R[r 0=0000000000000000] inst=[00004619] c.li    a2, 6
C0:      14495 [1] pc=[0000000080000b1e] W[r10=0000000080001b1e][1] R[r 0=0000000000000000] R[r 0=0000000000000000] inst=[00001517] auipc   a0, 0x1
C0:      14496 [1] pc=[0000000080000b22] W[r10=0000000080002030][1] R[r10=0000000080001b1e] R[r 0=0000000000000000] inst=[51250513] addi    a0, a0, 1298
C0:      14497 [1] pc=[0000000080000b26] W[r18=0000000080001f1a][1] R[r 8=0000000080001f19] R[r 0=0000000000000000] inst=[00140913] addi    s2, s0, 1
C0:      14498 [1] pc=[0000000080000b2a] W[r 0=0000000000000000][0] R[r 2=000000008002ae60] R[r11=0000000000000064] inst=[02b10423] sb      a1, 40(sp)
C0:      14499 [1] pc=[0000000080000b2e] W[r 1=0000000080000b32][1] R[r 0=0000000000000000] R[r 0=0000000000000000] inst=[1b3000ef] jal     pc + 0x9b2
C0:      14501 [1] pc=[00000000800014e0] W[r11=0000000000000064][1] R[r11=0000000000000064] R[r 0=0000000000000000] inst=[0ff5f593] andi    a1, a1, 255
C0:      14502 [1] pc=[00000000800014e4] W[r12=0000000080002036][1] R[r12=0000000000000006] R[r10=0000000080002030] inst=[0000962a] c.add   a2, a0
C0:      14503 [1] pc=[00000000800014e6] W[r 0=0000000000000000][0] R[r10=0000000080002030] R[r12=0000000080002036] inst=[00c51463] bne     a0, a2, pc + 8
C0:      14505 [1] pc=[00000000800014ee] W[r15=0000000000000065][1] R[r10=0000000080002030] R[r 0=0000000000000000] inst=[00054783] lbu     a5, 0(a0)
C0:      14508 [1] pc=[00000000800014f2] W[r 0=0000000000000000][0] R[r15=0000000000000065] R[r11=0000000000000064] inst=[feb78de3] beq     a5, a1, pc - 6
C0:      14509 [1] pc=[00000000800014f6] W[r10=0000000080002031][1] R[r10=0000000080002030] R[r 0=0000000000000000] inst=[00000505] c.addi  a0, 1
C0:      14510 [1] pc=[00000000800014f8] W[r 0=00000000800014fa][1] R[r 0=0000000000000000] R[r 0=0000000000000000] inst=[0000b7fd] c.j     pc - 18
C0:      14511 [1] pc=[00000000800014e6] W[r 0=0000000000000000][0] R[r10=0000000080002031] R[r12=0000000080002036] inst=[00c51463] bne     a0, a2, pc + 8
C0:      14513 [1] pc=[00000000800014ee] W[r15=0000000000000066][1] R[r10=0000000080002031] R[r 0=0000000000000000] inst=[00054783] lbu     a5, 0(a0)
C0:      14516 [1] pc=[00000000800014f2] W[r 0=0000000000000000][0] R[r15=0000000000000066] R[r11=0000000000000064] inst=[feb78de3] beq     a5, a1, pc - 6
C0:      14517 [1] pc=[00000000800014f6] W[r10=0000000080002032][1] R[r10=0000000080002031] R[r 0=0000000000000000] inst=[00000505] c.addi  a0, 1
C0:      14518 [1] pc=[00000000800014f8] W[r 0=00000000800014fa][1] R[r 0=0000000000000000] R[r 0=0000000000000000] inst=[0000b7fd] c.j     pc - 18
C0:      14519 [1] pc=[00000000800014e6] W[r 0=0000000000000000][0] R[r10=0000000080002032] R[r12=0000000080002036] inst=[00c51463] bne     a0, a2, pc + 8
C0:      14521 [1] pc=[00000000800014ee] W[r15=0000000000000067][1] R[r10=0000000080002032] R[r 0=0000000000000000] inst=[00054783] lbu     a5, 0(a0)
C0:      14524 [1] pc=[00000000800014f2] W[r 0=0000000000000000][0] R[r15=0000000000000067] R[r11=0000000000000064] inst=[feb78de3] beq     a5, a1, pc - 6
C0:      14525 [1] pc=[00000000800014f6] W[r10=0000000080002033][1] R[r10=0000000080002032] R[r 0=0000000000000000] inst=[00000505] c.addi  a0, 1
C0:      14526 [1] pc=[00000000800014f8] W[r 0=00000000800014fa][1] R[r 0=0000000000000000] R[r 0=0000000000000000] inst=[0000b7fd] c.j     pc - 18
C0:      14527 [1] pc=[00000000800014e6] W[r 0=0000000000000000][0] R[r10=0000000080002033] R[r12=0000000080002036] inst=[00c51463] bne     a0, a2, pc + 8
C0:      14529 [1] pc=[00000000800014ee] W[r15=0000000000000045][1] R[r10=0000000080002033] R[r 0=0000000000000000] inst=[00054783] lbu     a5, 0(a0)
C0:      14532 [1] pc=[00000000800014f2] W[r 0=0000000000000000][0] R[r15=0000000000000045] R[r11=0000000000000064] inst=[feb78de3] beq     a5, a1, pc - 6
C0:      14533 [1] pc=[00000000800014f6] W[r10=0000000080002034][1] R[r10=0000000080002033] R[r 0=0000000000000000] inst=[00000505] c.addi  a0, 1
C0:      14534 [1] pc=[00000000800014f8] W[r 0=00000000800014fa][1] R[r 0=0000000000000000] R[r 0=0000000000000000] inst=[0000b7fd] c.j     pc - 18
C0:      14535 [1] pc=[00000000800014e6] W[r 0=0000000000000000][0] R[r10=0000000080002034] R[r12=0000000080002036] inst=[00c51463] bne     a0, a2, pc + 8
C0:      14537 [1] pc=[00000000800014ee] W[r15=0000000000000046][1] R[r10=0000000080002034] R[r 0=0000000000000000] inst=[00054783] lbu     a5, 0(a0)
C0:      14540 [1] pc=[00000000800014f2] W[r 0=0000000000000000][0] R[r15=0000000000000046] R[r11=0000000000000064] inst=[feb78de3] beq     a5, a1, pc - 6
C0:      14541 [1] pc=[00000000800014f6] W[r10=0000000080002035][1] R[r10=0000000080002034] R[r 0=0000000000000000] inst=[00000505] c.addi  a0, 1
C0:      14542 [1] pc=[00000000800014f8] W[r 0=00000000800014fa][1] R[r 0=0000000000000000] R[r 0=0000000000000000] inst=[0000b7fd] c.j     pc - 18
C0:      14543 [1] pc=[00000000800014e6] W[r 0=0000000000000000][0] R[r10=0000000080002035] R[r12=0000000080002036] inst=[00c51463] bne     a0, a2, pc + 8
C0:      14545 [1] pc=[00000000800014ee] W[r15=0000000000000047][1] R[r10=0000000080002035] R[r 0=0000000000000000] inst=[00054783] lbu     a5, 0(a0)
C0:      14548 [1] pc=[00000000800014f2] W[r 0=0000000000000000][0] R[r15=0000000000000047] R[r11=0000000000000064] inst=[feb78de3] beq     a5, a1, pc - 6
C0:      14549 [1] pc=[00000000800014f6] W[r10=0000000080002036][1] R[r10=0000000080002035] R[r 0=0000000000000000] inst=[00000505] c.addi  a0, 1
C0:      14550 [1] pc=[00000000800014f8] W[r 0=00000000800014fa][1] R[r 0=0000000000000000] R[r 0=0000000000000000] inst=[0000b7fd] c.j     pc - 18
C0:      14551 [1] pc=[00000000800014e6] W[r 0=0000000000000000][0] R[r10=0000000080002036] R[r12=0000000080002036] inst=[00c51463] bne     a0, a2, pc + 8
C0:      14555 [1] pc=[00000000800014ea] W[r10=0000000000000000][1] R[r 0=0000000000000000] R[r 0=0000000000000000] inst=[00004501] c.li    a0, 0
C0:      14556 [1] pc=[00000000800014ec] W[r 0=00000000800014ee][1] R[r 1=0000000080000b32] R[r 0=0000000000000000] inst=[00008082] ret
C0:      14557 [1] pc=[0000000080000b32] W[r 0=0000000000000000][0] R[r10=0000000000000000] R[r 0=0000000000000000] inst=[0000c541] c.beqz  a0, pc + 136
C0:      14559 [1] pc=[0000000080000bba] W[r14=000000008002ae68][1] R[r 2=000000008002ae60] R[r 0=0000000000000000] inst=[00000038] c.addi4spn a4, sp, 8
C0:      14560 [1] pc=[0000000080000bbc] W[r13=0000000080000bbc][1] R[r 0=0000000000000000] R[r 0=0000000000000000] inst=[00000697] auipc   a3, 0x0
C0:      14561 [1] pc=[0000000080000bc0] W[r13=00000000800008b2][1] R[r13=0000000080000bbc] R[r 0=0000000000000000] inst=[cf668693] addi    a3, a3, -778
C0:      14562 [1] pc=[0000000080000bc4] W[r12=0000000080002440][1] R[r 0=0000000000000000] R[r 9=0000000080002440] inst=[00008626] c.mv    a2, s1
C0:      14563 [1] pc=[0000000080000bc6] W[r11=000000008002ae70][1] R[r 2=000000008002ae60] R[r 0=0000000000000000] inst=[0000080c] c.addi4spn a1, sp, 16
C0:      14564 [1] pc=[0000000080000bc8] W[r10=0000000080002150][1] R[r 0=0000000000000000] R[r19=0000000080002150] inst=[0000854e] c.mv    a0, s3
C0:      14565 [1] pc=[0000000080000bca] W[r 1=0000000080000bce][1] R[r 0=0000000000000000] R[r 0=0000000000000000] inst=[3a1000ef] jal     pc + 0xba0
C0:      14566 [1] pc=[000000008000176a] W[r 2=000000008002ae10][1] R[r 2=000000008002ae60] R[r 0=0000000000000000] inst=[0000715d] c.addi16sp sp, -80
C0:      14567 [1] pc=[000000008000176c] W[r 0=0000000000000000][0] R[r 2=000000008002ae10] R[r 8=0000000080001f19] inst=[0000e0a2] c.sdsp  s0, 64(sp)
C0:      14568 [1] pc=[000000008000176e] W[r 0=0000000000000000][0] R[r 2=000000008002ae10] R[r18=0000000080001f1a] inst=[0000f84a] c.sdsp  s2, 48(sp)
C0:      14569 [1] pc=[0000000080001770] W[r 0=0000000000000000][0] R[r 2=000000008002ae10] R[r19=0000000080002150] inst=[0000f44e] c.sdsp  s3, 40(sp)
C0:      14570 [1] pc=[0000000080001772] W[r 0=0000000000000000][0] R[r 2=000000008002ae10] R[r20=0000000000000000] inst=[0000f052] c.sdsp  s4, 32(sp)
C0:      14571 [1] pc=[0000000080001774] W[r 0=0000000000000000][0] R[r 2=000000008002ae10] R[r 1=0000000080000bce] inst=[0000e486] c.sdsp  ra, 72(sp)
C0:      14572 [1] pc=[0000000080001776] W[r 0=0000000000000000][0] R[r 2=000000008002ae10] R[r 9=0000000080002440] inst=[0000fc26] c.sdsp  s1, 56(sp)
C0:      14573 [1] pc=[0000000080001778] W[r 0=0000000000000000][0] R[r 2=000000008002ae10] R[r21=ffffffffffffffff] inst=[0000ec56] c.sdsp  s5, 24(sp)
C0:      14574 [1] pc=[000000008000177a] W[r 0=0000000000000000][0] R[r 2=000000008002ae10] R[r22=0000000080002020] inst=[0000e85a] c.sdsp  s6, 16(sp)
C0:      14575 [1] pc=[000000008000177c] W[r 8=000000008002ae70][1] R[r 0=0000000000000000] R[r11=000000008002ae70] inst=[0000842e] c.mv    s0, a1
C0:      14576 [1] pc=[000000008000177e] W[r20=00000000800008b2][1] R[r 0=0000000000000000] R[r13=00000000800008b2] inst=[00008a36] c.mv    s4, a3
C0:      14577 [1] pc=[0000000080001780] W[r13=000000008002aeb3][1] R[r11=000000008002ae70] R[r 0=0000000000000000] inst=[04358693] addi    a3, a1, 67
C0:      14578 [1] pc=[0000000080001784] W[r11=0000000000000064][1] R[r11=000000008002ae70] R[r 0=0000000000000000] inst=[0185c583] lbu     a1, 24(a1)
C0:      14579 [1] pc=[0000000080001788] W[r15=0000000000000078][1] R[r 0=0000000000000000] R[r 0=0000000000000000] inst=[07800793] li      a5, 120
C0:      14580 [1] pc=[000000008000178c] W[r18=0000000080002150][1] R[r 0=0000000000000000] R[r10=0000000080002150] inst=[0000892a] c.mv    s2, a0
C0:      14581 [1] pc=[000000008000178e] W[r19=0000000080002440][1] R[r 0=0000000000000000] R[r12=0000000080002440] inst=[000089b2] c.mv    s3, a2
C0:      14582 [1] pc=[0000000080001790] W[r 0=0000000000000000][0] R[r15=0000000000000078] R[r11=0000000000000064] inst=[00b7ec63] bltu    a5, a1, pc + 24
C0:      14583 [1] pc=[0000000080001794] W[r15=0000000000000062][1] R[r 0=0000000000000000] R[r 0=0000000000000000] inst=[06200793] li      a5, 98
C0:      14584 [1] pc=[0000000080001798] W[r 0=0000000000000000][0] R[r15=0000000000000062] R[r11=0000000000000064] inst=[00b7ed63] bltu    a5, a1, pc + 26
C0:      14586 [1] pc=[00000000800017b2] W[r15=0000000000000001][1] R[r11=0000000000000064] R[r 0=0000000000000000] inst=[f9d5879b] addiw   a5, a1, -99
C0:      14587 [1] pc=[00000000800017b6] W[r15=0000000000000001][1] R[r15=0000000000000001] R[r 0=0000000000000000] inst=[0ff7f793] andi    a5, a5, 255
C0:      14588 [1] pc=[00000000800017ba] W[r12=0000000000000015][1] R[r 0=0000000000000000] R[r 0=0000000000000000] inst=[00004655] c.li    a2, 21
C0:      14589 [1] pc=[00000000800017bc] W[r 0=0000000000000000][0] R[r12=0000000000000015] R[r15=0000000000000001] inst=[fef666e3] bltu    a2, a5, pc - 20
C0:      14590 [1] pc=[00000000800017c0] W[r12=00000000800027c0][1] R[r 0=0000000000000000] R[r 0=0000000000000000] inst=[00001617] auipc   a2, 0x1
C0:      14591 [1] pc=[00000000800017c4] W[r12=0000000080002068][1] R[r12=00000000800027c0] R[r 0=0000000000000000] inst=[8a860613] addi    a2, a2, -1880
C0:      14592 [1] pc=[00000000800017c8] W[r15=0000000000000004][1] R[r15=0000000000000001] R[r 0=0000000000000000] inst=[0000078a] c.slli  a5, 2
C0:      14593 [1] pc=[00000000800017ca] W[r15=000000008000206c][1] R[r15=0000000000000004] R[r12=0000000080002068] inst=[000097b2] c.add   a5, a2
C0:      14594 [1] pc=[00000000800017cc] W[r15=fffffffffffff780][1] R[r15=000000008000206c] R[r 0=0000000000000000] inst=[0000439c] c.lw    a5, 0(a5)
C0:      14596 [1] pc=[00000000800017ce] W[r15=00000000800017e8][1] R[r15=fffffffffffff780] R[r12=0000000080002068] inst=[000097b2] c.add   a5, a2
C0:      14597 [1] pc=[00000000800017d0] W[r 0=00000000800017d2][1] R[r15=00000000800017e8] R[r 0=0000000000000000] inst=[00008782] c.jr    a5
C0:      14601 [1] pc=[00000000800017e8] W[r12=0000000000000000][1] R[r 8=000000008002ae70] R[r 0=0000000000000000] inst=[00004010] c.lw    a2, 0(s0)
C0:      14602 [1] pc=[00000000800017ea] W[r15=000000008002af68][1] R[r14=000000008002ae68] R[r 0=0000000000000000] inst=[0000631c] c.ld    a5, 0(a4)
C0:      14603 [1] pc=[00000000800017ec] W[r10=0000000000000000][1] R[r12=0000000000000000] R[r 0=0000000000000000] inst=[08067513] andi    a0, a2, 128
C0:      14604 [1] pc=[00000000800017f0] W[r11=000000008002af70][1] R[r15=000000008002af68] R[r 0=0000000000000000] inst=[00878593] addi    a1, a5, 8
C0:      14605 [1] pc=[00000000800017f4] W[r 0=0000000000000000][0] R[r10=0000000000000000] R[r 0=0000000000000000] inst=[0000c10d] c.beqz  a0, pc + 34
C0:      14610 [1] pc=[0000000080001816] W[r12=0000000000000000][1] R[r12=0000000000000000] R[r 0=0000000000000000] inst=[04067613] andi    a2, a2, 64
C0:      14611 [1] pc=[000000008000181a] W[r 0=0000000000000000][0] R[r14=000000008002ae68] R[r11=000000008002af70] inst=[0000e30c] c.sd    a1, 0(a4)
C0:      14612 [1] pc=[000000008000181c] W[r 0=0000000000000000][0] R[r12=0000000000000000] R[r 0=0000000000000000] inst=[0000c601] c.beqz  a2, pc + 8
C0:      14613 [1] pc=[0000000080001824] W[r15=0000000000000016][1] R[r15=000000008002af68] R[r 0=0000000000000000] inst=[0000439c] c.lw    a5, 0(a5)
C0:      14614 [1] pc=[0000000080001826] W[r 0=0000000080001828][1] R[r 0=0000000000000000] R[r 0=0000000000000000] inst=[0000bfd1] c.j     pc - 44
C0:      14616 [1] pc=[00000000800017fa] W[r 0=0000000000000000][0] R[r15=0000000000000016] R[r 0=0000000000000000] inst=[0007d863] bgez    a5, pc + 16
C0:      14618 [1] pc=[000000008000180a] W[r12=000000008000280a][1] R[r 0=0000000000000000] R[r 0=0000000000000000] inst=[00001617] auipc   a2, 0x1
C0:      14619 [1] pc=[000000008000180e] W[r12=0000000080002038][1] R[r12=000000008000280a] R[r 0=0000000000000000] inst=[82e60613] addi    a2, a2, -2002
C0:      14620 [1] pc=[0000000080001812] W[r14=000000000000000a][1] R[r 0=0000000000000000] R[r 0=0000000000000000] inst=[00004729] c.li    a4, 10
C0:      14621 [1] pc=[0000000080001814] W[r 0=0000000080001816][1] R[r 0=0000000000000000] R[r 0=0000000000000000] inst=[0000a83d] c.j     pc + 62
C0:      14622 [1] pc=[0000000080001852] W[r11=ffffffffffffffff][1] R[r 8=000000008002ae70] R[r 0=0000000000000000] inst=[0000404c] c.lw    a1, 4(s0)
C0:      14624 [1] pc=[0000000080001854] W[r 0=0000000000000000][0] R[r 8=000000008002ae70] R[r11=ffffffffffffffff] inst=[0000c40c] c.sw    a1, 8(s0)
C0:      14625 [1] pc=[0000000080001856] W[r 0=0000000000000000][0] R[r11=ffffffffffffffff] R[r 0=0000000000000000] inst=[0005c563] bltz    a1, pc + 10
C0:      14626 [1] pc=[0000000080001860] W[r 0=0000000000000000][0] R[r15=0000000000000016] R[r 0=0000000000000000] inst=[0000e399] c.bnez  a5, pc + 6
C0:      14628 [1] pc=[0000000080001866] W[r 9=000000008002aeb3][1] R[r 0=0000000000000000] R[r13=000000008002aeb3] inst=[000084b6] c.mv    s1, a3
C0:      14629 [1] pc=[0000000080001868] W[r11=0000000000000000][0] R[r15=0000000000000016] R[r14=000000000000000a] inst=[02e7f5b3] remu    a1, a5, a4
C0:      14630 [1] pc=[000000008000186c] W[r 9=000000008002aeb2][1] R[r 9=000000008002aeb3] R[r 0=0000000000000000] inst=[000014fd] c.addi  s1, -1
C0:      14635 [1] pc=[000000008000186e] W[r11=000000008000203a][1] R[r11=0000000000000002] R[r12=0000000080002038] inst=[000095b2] c.add   a1, a2
C0:      14636 [1] pc=[0000000080001870] W[r11=0000000000000032][1] R[r11=000000008000203a] R[r 0=0000000000000000] inst=[0005c583] lbu     a1, 0(a1)
C0:      14639 [1] pc=[0000000080001874] W[r 0=0000000000000000][0] R[r 9=000000008002aeb2] R[r11=0000000000000032] inst=[00b48023] sb      a1, 0(s1)
C0:      14640 [1] pc=[0000000080001878] W[r11=0000000000000016][1] R[r 0=0000000000000000] R[r15=0000000000000016] inst=[000085be] c.mv    a1, a5
C0:      14641 [1] pc=[000000008000187a] W[r15=0000000000000000][0] R[r15=0000000000000016] R[r14=000000000000000a] inst=[02e7d7b3] divu    a5, a5, a4
C0:      14642 [1] pc=[000000008000187e] W[r 0=0000000000000000][0] R[r11=0000000000000016] R[r14=000000000000000a] inst=[fee5f5e3] bgeu    a1, a4, pc - 22
C0:      14647 [1] pc=[0000000080001868] W[r11=0000000000000000][0] R[r15=0000000000000002] R[r14=000000000000000a] inst=[02e7f5b3] remu    a1, a5, a4
C0:      14648 [1] pc=[000000008000186c] W[r 9=000000008002aeb1][1] R[r 9=000000008002aeb2] R[r 0=0000000000000000] inst=[000014fd] c.addi  s1, -1
C0:      14714 [1] pc=[000000008000186e] W[r11=000000008000203a][1] R[r11=0000000000000002] R[r12=0000000080002038] inst=[000095b2] c.add   a1, a2
C0:      14715 [1] pc=[0000000080001870] W[r11=0000000000000032][1] R[r11=000000008000203a] R[r 0=0000000000000000] inst=[0005c583] lbu     a1, 0(a1)
C0:      14718 [1] pc=[0000000080001874] W[r 0=0000000000000000][0] R[r 9=000000008002aeb1] R[r11=0000000000000032] inst=[00b48023] sb      a1, 0(s1)
C0:      14719 [1] pc=[0000000080001878] W[r11=0000000000000002][1] R[r 0=0000000000000000] R[r15=0000000000000002] inst=[000085be] c.mv    a1, a5
C0:      14720 [1] pc=[000000008000187a] W[r15=0000000000000000][0] R[r15=0000000000000002] R[r14=000000000000000a] inst=[02e7d7b3] divu    a5, a5, a4
C0:      14721 [1] pc=[000000008000187e] W[r 0=0000000000000000][0] R[r11=0000000000000002] R[r14=000000000000000a] inst=[fee5f5e3] bgeu    a1, a4, pc - 22
C0:      14787 [1] pc=[0000000080001882] W[r15=0000000000000008][1] R[r 0=0000000000000000] R[r 0=0000000000000000] inst=[000047a1] c.li    a5, 8
C0:      14788 [1] pc=[0000000080001884] W[r 0=0000000000000000][0] R[r14=000000000000000a] R[r15=0000000000000008] inst=[00f71e63] bne     a4, a5, pc + 28
C0:      14789 [1] pc=[00000000800018a0] W[r13=0000000000000002][1] R[r13=000000008002aeb3] R[r 9=000000008002aeb1] inst=[00008e85] c.sub   a3, s1
C0:      14790 [1] pc=[00000000800018a2] W[r 0=0000000000000000][0] R[r 8=000000008002ae70] R[r13=0000000000000002] inst=[0000c814] c.sw    a3, 16(s0)
C0:      14791 [1] pc=[00000000800018a4] W[r14=00000000800008b2][1] R[r 0=0000000000000000] R[r20=00000000800008b2] inst=[00008752] c.mv    a4, s4
C0:      14792 [1] pc=[00000000800018a6] W[r13=0000000080002440][1] R[r 0=0000000000000000] R[r19=0000000080002440] inst=[000086ce] c.mv    a3, s3
C0:      14793 [1] pc=[00000000800018a8] W[r12=000000008002ae1c][1] R[r 2=000000008002ae10] R[r 0=0000000000000000] inst=[00000070] c.addi4spn a2, sp, 12
C0:      14794 [1] pc=[00000000800018aa] W[r11=000000008002ae70][1] R[r 0=0000000000000000] R[r 8=000000008002ae70] inst=[000085a2] c.mv    a1, s0
C0:      14795 [1] pc=[00000000800018ac] W[r10=0000000080002150][1] R[r 0=0000000000000000] R[r18=0000000080002150] inst=[0000854a] c.mv    a0, s2
C0:      14796 [1] pc=[00000000800018ae] W[r 1=00000000800018b2][1] R[r 0=0000000000000000] R[r 0=0000000000000000] inst=[d97ff0ef] jal     pc - 0x26a
C0:      14797 [1] pc=[0000000080001644] W[r 2=000000008002adc0][1] R[r 2=000000008002ae10] R[r 0=0000000000000000] inst=[0000715d] c.addi16sp sp, -80
C0:      14798 [1] pc=[0000000080001646] W[r15=0000000000000002][1] R[r11=000000008002ae70] R[r 0=0000000000000000] inst=[0000499c] c.lw    a5, 16(a1)
C0:      14799 [1] pc=[0000000080001648] W[r 0=0000000000000000][0] R[r 2=000000008002adc0] R[r20=00000000800008b2] inst=[0000f052] c.sdsp  s4, 32(sp)
C0:      14800 [1] pc=[000000008000164a] W[r20=00000000800008b2][1] R[r 0=0000000000000000] R[r14=00000000800008b2] inst=[00008a3a] c.mv    s4, a4
C0:      14801 [1] pc=[000000008000164c] W[r14=ffffffffffffffff][1] R[r11=000000008002ae70] R[r 0=0000000000000000] inst=[00004598] c.lw    a4, 8(a1)
C0:      14802 [1] pc=[000000008000164e] W[r 0=0000000000000000][0] R[r 2=000000008002adc0] R[r 8=000000008002ae70] inst=[0000e0a2] c.sdsp  s0, 64(sp)
C0:      14803 [1] pc=[0000000080001650] W[r 0=0000000000000000][0] R[r 2=000000008002adc0] R[r18=0000000080002150] inst=[0000f84a] c.sdsp  s2, 48(sp)
C0:      14804 [1] pc=[0000000080001652] W[r 0=0000000000000000][0] R[r 2=000000008002adc0] R[r19=0000000080002440] inst=[0000f44e] c.sdsp  s3, 40(sp)
C0:      14805 [1] pc=[0000000080001654] W[r 0=0000000000000000][0] R[r 2=000000008002adc0] R[r21=ffffffffffffffff] inst=[0000ec56] c.sdsp  s5, 24(sp)
C0:      14806 [1] pc=[0000000080001656] W[r18=000000008002ae1c][1] R[r 0=0000000000000000] R[r12=000000008002ae1c] inst=[00008932] c.mv    s2, a2
C0:      14807 [1] pc=[0000000080001658] W[r21=0000000080002440][1] R[r 0=0000000000000000] R[r13=0000000080002440] inst=[00008ab6] c.mv    s5, a3
C0:      14808 [1] pc=[000000008000165a] W[r 0=0000000000000000][0] R[r 2=000000008002adc0] R[r 1=00000000800018b2] inst=[0000e486] c.sdsp  ra, 72(sp)
C0:      14809 [1] pc=[000000008000165c] W[r 0=0000000000000000][0] R[r 2=000000008002adc0] R[r 9=000000008002aeb1] inst=[0000fc26] c.sdsp  s1, 56(sp)
C0:      14810 [1] pc=[000000008000165e] W[r 0=0000000000000000][0] R[r 2=000000008002adc0] R[r22=0000000080002020] inst=[0000e85a] c.sdsp  s6, 16(sp)
C0:      14811 [1] pc=[0000000080001660] W[r 0=0000000000000000][0] R[r 2=000000008002adc0] R[r23=0000000000000025] inst=[0000e45e] c.sdsp  s7, 8(sp)
C0:      14812 [1] pc=[0000000080001662] W[r12=0000000000000002][1] R[r15=0000000000000002] R[r 0=0000000000000000] inst=[0007861b] sext.w  a2, a5
C0:      14813 [1] pc=[0000000080001666] W[r13=ffffffffffffffff][1] R[r14=ffffffffffffffff] R[r 0=0000000000000000] inst=[0007069b] sext.w  a3, a4
C0:      14814 [1] pc=[000000008000166a] W[r19=0000000080002150][1] R[r 0=0000000000000000] R[r10=0000000080002150] inst=[000089aa] c.mv    s3, a0
C0:      14815 [1] pc=[000000008000166c] W[r 8=000000008002ae70][1] R[r 0=0000000000000000] R[r11=000000008002ae70] inst=[0000842e] c.mv    s0, a1
C0:      14816 [1] pc=[000000008000166e] W[r 0=0000000000000000][0] R[r12=0000000000000002] R[r13=ffffffffffffffff] inst=[00d65363] bge     a2, a3, pc + 6
C0:      14817 [1] pc=[0000000080001674] W[r 0=0000000000000000][0] R[r18=000000008002ae1c] R[r15=0000000000000002] inst=[00f92023] sw      a5, 0(s2)
C0:      14818 [1] pc=[0000000080001678] W[r14=0000000000000000][1] R[r 8=000000008002ae70] R[r 0=0000000000000000] inst=[04344703] lbu     a4, 67(s0)
C0:      14821 [1] pc=[000000008000167c] W[r 0=0000000000000000][0] R[r14=0000000000000000] R[r 0=0000000000000000] inst=[0000c701] c.beqz  a4, pc + 8
C0:      14822 [1] pc=[0000000080001684] W[r15=0000000000000000][1] R[r 8=000000008002ae70] R[r 0=0000000000000000] inst=[0000401c] c.lw    a5, 0(s0)
C0:      14824 [1] pc=[0000000080001686] W[r15=0000000000000000][1] R[r15=0000000000000000] R[r 0=0000000000000000] inst=[0207f793] andi    a5, a5, 32
C0:      14825 [1] pc=[000000008000168a] W[r 0=0000000000000000][0] R[r15=0000000000000000] R[r 0=0000000000000000] inst=[0000c791] c.beqz  a5, pc + 12
C0:      14826 [1] pc=[0000000080001696] W[r 9=0000000000000000][1] R[r 8=000000008002ae70] R[r 0=0000000000000000] inst=[00004004] c.lw    s1, 0(s0)
C0:      14828 [1] pc=[0000000080001698] W[r 9=0000000000000000][1] R[r 9=0000000000000000] R[r 0=0000000000000000] inst=[00008899] c.andi  s1, 6
C0:      14829 [1] pc=[000000008000169a] W[r 0=0000000000000000][0] R[r 9=0000000000000000] R[r 0=0000000000000000] inst=[0000e891] c.bnez  s1, pc + 20
C0:      14830 [1] pc=[000000008000169c] W[r22=000000008002ae89][1] R[r 8=000000008002ae70] R[r 0=0000000000000000] inst=[01940b13] addi    s6, s0, 25
C0:      14831 [1] pc=[00000000800016a0] W[r23=ffffffffffffffff][1] R[r 0=0000000000000000] R[r 0=0000000000000000] inst=[00005bfd] c.li    s7, -1
C0:      14832 [1] pc=[00000000800016a2] W[r15=0000000000000000][1] R[r 8=000000008002ae70] R[r 0=0000000000000000] inst=[0000445c] c.lw    a5, 12(s0)
C0:      14833 [1] pc=[00000000800016a4] W[r14=0000000000000002][1] R[r18=000000008002ae1c] R[r 0=0000000000000000] inst=[00092703] lw      a4, 0(s2)
C0:      14835 [1] pc=[00000000800016a8] W[r15=fffffffffffffffe][1] R[r15=0000000000000000] R[r14=0000000000000002] inst=[00009f99] c.subw  a5, a4
C0:      14836 [1] pc=[00000000800016aa] W[r 0=0000000000000000][0] R[r 9=0000000000000000] R[r15=fffffffffffffffe] inst=[06f4c163] blt     s1, a5, pc + 98
C0:      14837 [1] pc=[00000000800016ae] W[r15=0000000000000000][1] R[r 8=000000008002ae70] R[r 0=0000000000000000] inst=[04344783] lbu     a5, 67(s0)
C0:      14840 [1] pc=[00000000800016b2] W[r14=0000000000000000][1] R[r 0=0000000000000000] R[r15=0000000000000000] inst=[00f03733] snez    a4, a5
C0:      14841 [1] pc=[00000000800016b6] W[r13=0000000000000000][1] R[r 0=0000000000000000] R[r15=0000000000000000] inst=[00f036b3] snez    a3, a5
C0:      14842 [1] pc=[00000000800016ba] W[r15=0000000000000000][1] R[r 8=000000008002ae70] R[r 0=0000000000000000] inst=[0000401c] c.lw    a5, 0(s0)
C0:      14844 [1] pc=[00000000800016bc] W[r15=0000000000000000][1] R[r15=0000000000000000] R[r 0=0000000000000000] inst=[0207f793] andi    a5, a5, 32
C0:      14845 [1] pc=[00000000800016c0] W[r 0=0000000000000000][0] R[r15=0000000000000000] R[r 0=0000000000000000] inst=[0000ebbd] c.bnez  a5, pc + 118
C0:      14846 [1] pc=[00000000800016c2] W[r12=000000008002aeb3][1] R[r 8=000000008002ae70] R[r 0=0000000000000000] inst=[04340613] addi    a2, s0, 67
C0:      14847 [1] pc=[00000000800016c6] W[r11=0000000080002440][1] R[r 0=0000000000000000] R[r21=0000000080002440] inst=[000085d6] c.mv    a1, s5
C0:      14848 [1] pc=[00000000800016c8] W[r10=0000000080002150][1] R[r 0=0000000000000000] R[r19=0000000080002150] inst=[0000854e] c.mv    a0, s3
C0:      14849 [1] pc=[00000000800016ca] W[r 1=00000000800016cc][1] R[r20=00000000800008b2] R[r 0=0000000000000000] inst=[00009a02] c.jalr  s4
C0:      14853 [1] pc=[00000000800008b2] W[r 2=000000008002ad90][1] R[r 2=000000008002adc0] R[r 0=0000000000000000] inst=[00007179] c.addi16sp sp, -48
C0:      14854 [1] pc=[00000000800008b4] W[r 0=0000000000000000][0] R[r 2=000000008002ad90] R[r 8=000000008002ae70] inst=[0000f022] c.sdsp  s0, 32(sp)
C0:      14855 [1] pc=[00000000800008b6] W[r 0=0000000000000000][0] R[r 2=000000008002ad90] R[r 9=0000000000000000] inst=[0000ec26] c.sdsp  s1, 24(sp)
C0:      14856 [1] pc=[00000000800008b8] W[r 0=0000000000000000][0] R[r 2=000000008002ad90] R[r18=000000008002ae1c] inst=[0000e84a] c.sdsp  s2, 16(sp)
C0:      14857 [1] pc=[00000000800008ba] W[r 0=0000000000000000][0] R[r 2=000000008002ad90] R[r19=0000000080002150] inst=[0000e44e] c.sdsp  s3, 8(sp)
C0:      14858 [1] pc=[00000000800008bc] W[r 0=0000000000000000][0] R[r 2=000000008002ad90] R[r20=00000000800008b2] inst=[0000e052] c.sdsp  s4, 0(sp)
C0:      14859 [1] pc=[00000000800008be] W[r 0=0000000000000000][0] R[r 2=000000008002ad90] R[r 1=00000000800016cc] inst=[0000f406] c.sdsp  ra, 40(sp)
C0:      14860 [1] pc=[00000000800008c0] W[r18=0000000080002150][1] R[r 0=0000000000000000] R[r10=0000000080002150] inst=[0000892a] c.mv    s2, a0
C0:      14861 [1] pc=[00000000800008c2] W[r19=0000000080002440][1] R[r 0=0000000000000000] R[r11=0000000080002440] inst=[000089ae] c.mv    s3, a1
C0:      14862 [1] pc=[00000000800008c4] W[r 8=000000008002aeb3][1] R[r 0=0000000000000000] R[r12=000000008002aeb3] inst=[00008432] c.mv    s0, a2
C0:      14863 [1] pc=[00000000800008c6] W[r 9=000000008002aeb3][1] R[r12=000000008002aeb3] R[r13=0000000000000000] inst=[00d604b3] add     s1, a2, a3
C0:      14864 [1] pc=[00000000800008ca] W[r20=ffffffffffffffff][1] R[r 0=0000000000000000] R[r 0=0000000000000000] inst=[00005a7d] c.li    s4, -1
C0:      14865 [1] pc=[00000000800008cc] W[r 0=0000000000000000][0] R[r 8=000000008002aeb3] R[r 9=000000008002aeb3] inst=[00941463] bne     s0, s1, pc + 8
C0:      14869 [1] pc=[00000000800008d0] W[r10=0000000000000000][1] R[r 0=0000000000000000] R[r 0=0000000000000000] inst=[00004501] c.li    a0, 0
C0:      14870 [1] pc=[00000000800008d2] W[r 0=00000000800008d4][1] R[r 0=0000000000000000] R[r 0=0000000000000000] inst=[0000a811] c.j     pc + 20
C0:      14871 [1] pc=[00000000800008e6] W[r 1=00000000800016cc][1] R[r 2=000000008002ad90] R[r 0=0000000000000000] inst=[000070a2] c.ldsp  ra, 40(sp)
C0:      14872 [1] pc=[00000000800008e8] W[r 8=000000008002ae70][1] R[r 2=000000008002ad90] R[r 0=0000000000000000] inst=[00007402] c.ldsp  s0, 32(sp)
C0:      14873 [1] pc=[00000000800008ea] W[r 9=0000000000000000][1] R[r 2=000000008002ad90] R[r 0=0000000000000000] inst=[000064e2] c.ldsp  s1, 24(sp)
C0:      14874 [1] pc=[00000000800008ec] W[r18=000000008002ae1c][1] R[r 2=000000008002ad90] R[r 0=0000000000000000] inst=[00006942] c.ldsp  s2, 16(sp)
C0:      14875 [1] pc=[00000000800008ee] W[r19=0000000080002150][1] R[r 2=000000008002ad90] R[r 0=0000000000000000] inst=[000069a2] c.ldsp  s3, 8(sp)
C0:      14876 [1] pc=[00000000800008f0] W[r20=00000000800008b2][1] R[r 2=000000008002ad90] R[r 0=0000000000000000] inst=[00006a02] c.ldsp  s4, 0(sp)
C0:      14877 [1] pc=[00000000800008f2] W[r 2=000000008002adc0][1] R[r 2=000000008002ad90] R[r 0=0000000000000000] inst=[00006145] c.addi16sp sp, 48
C0:      14878 [1] pc=[00000000800008f4] W[r 0=00000000800008f6][1] R[r 1=00000000800016cc] R[r 0=0000000000000000] inst=[00008082] ret
C0:      14882 [1] pc=[00000000800016cc] W[r15=ffffffffffffffff][1] R[r 0=0000000000000000] R[r 0=0000000000000000] inst=[000057fd] c.li    a5, -1
C0:      14883 [1] pc=[00000000800016ce] W[r 0=0000000000000000][0] R[r10=0000000000000000] R[r15=ffffffffffffffff] inst=[04f50663] beq     a0, a5, pc + 76
C0:      14884 [1] pc=[00000000800016d2] W[r15=0000000000000000][1] R[r 8=000000008002ae70] R[r 0=0000000000000000] inst=[0000401c] c.lw    a5, 0(s0)
C0:      14885 [1] pc=[00000000800016d4] W[r12=0000000000000004][1] R[r 0=0000000000000000] R[r 0=0000000000000000] inst=[00004611] c.li    a2, 4
C0:      14886 [1] pc=[00000000800016d6] W[r13=0000000000000000][1] R[r 8=000000008002ae70] R[r 0=0000000000000000] inst=[00004454] c.lw    a3, 12(s0)
C0:      14887 [1] pc=[00000000800016d8] W[r15=0000000000000000][1] R[r15=0000000000000000] R[r 0=0000000000000000] inst=[00008b99] c.andi  a5, 6
C0:      14888 [1] pc=[00000000800016da] W[r14=0000000000000002][1] R[r18=000000008002ae1c] R[r 0=0000000000000000] inst=[00092703] lw      a4, 0(s2)
C0:      14889 [1] pc=[00000000800016de] W[r 9=0000000000000000][1] R[r 0=0000000000000000] R[r 0=0000000000000000] inst=[00004481] c.li    s1, 0
C0:      14890 [1] pc=[00000000800016e0] W[r 0=0000000000000000][0] R[r15=0000000000000000] R[r12=0000000000000004] inst=[00c79963] bne     a5, a2, pc + 18
C0:      14891 [1] pc=[00000000800016f2] W[r15=ffffffffffffffff][1] R[r 8=000000008002ae70] R[r 0=0000000000000000] inst=[0000441c] c.lw    a5, 8(s0)
C0:      14892 [1] pc=[00000000800016f4] W[r14=0000000000000002][1] R[r 8=000000008002ae70] R[r 0=0000000000000000] inst=[00004818] c.lw    a4, 16(s0)
C0:      14894 [1] pc=[00000000800016f6] W[r 0=0000000000000000][0] R[r14=0000000000000002] R[r15=ffffffffffffffff] inst=[00f75463] bge     a4, a5, pc + 8
C0:      14895 [1] pc=[00000000800016fe] W[r18=0000000000000000][1] R[r 0=0000000000000000] R[r 0=0000000000000000] inst=[00004901] c.li    s2, 0
C0:      14896 [1] pc=[0000000080001700] W[r 8=000000008002ae8a][1] R[r 8=000000008002ae70] R[r 0=0000000000000000] inst=[00000469] c.addi  s0, 26
C0:      14897 [1] pc=[0000000080001702] W[r22=ffffffffffffffff][1] R[r 0=0000000000000000] R[r 0=0000000000000000] inst=[00005b7d] c.li    s6, -1
C0:      14898 [1] pc=[0000000080001704] W[r 0=0000000000000000][0] R[r 9=0000000000000000] R[r18=0000000000000000] inst=[05249a63] bne     s1, s2, pc + 84
C0:      14899 [1] pc=[0000000080001708] W[r10=0000000000000000][1] R[r 0=0000000000000000] R[r 0=0000000000000000] inst=[00004501] c.li    a0, 0
C0:      14900 [1] pc=[000000008000170a] W[r 0=000000008000170c][1] R[r 0=0000000000000000] R[r 0=0000000000000000] inst=[0000a809] c.j     pc + 18
C0:      14901 [1] pc=[000000008000171c] W[r 1=00000000800018b2][1] R[r 2=000000008002adc0] R[r 0=0000000000000000] inst=[000060a6] c.ldsp  ra, 72(sp)
C0:      14902 [1] pc=[000000008000171e] W[r 8=000000008002ae70][1] R[r 2=000000008002adc0] R[r 0=0000000000000000] inst=[00006406] c.ldsp  s0, 64(sp)
C0:      14903 [1] pc=[0000000080001720] W[r 9=000000008002aeb1][1] R[r 2=000000008002adc0] R[r 0=0000000000000000] inst=[000074e2] c.ldsp  s1, 56(sp)
C0:      14904 [1] pc=[0000000080001722] W[r18=0000000080002150][1] R[r 2=000000008002adc0] R[r 0=0000000000000000] inst=[00007942] c.ldsp  s2, 48(sp)
C0:      14905 [1] pc=[0000000080001724] W[r19=0000000080002440][1] R[r 2=000000008002adc0] R[r 0=0000000000000000] inst=[000079a2] c.ldsp  s3, 40(sp)
C0:      14906 [1] pc=[0000000080001726] W[r20=00000000800008b2][1] R[r 2=000000008002adc0] R[r 0=0000000000000000] inst=[00007a02] c.ldsp  s4, 32(sp)
C0:      14907 [1] pc=[0000000080001728] W[r21=ffffffffffffffff][1] R[r 2=000000008002adc0] R[r 0=0000000000000000] inst=[00006ae2] c.ldsp  s5, 24(sp)
C0:      14908 [1] pc=[000000008000172a] W[r22=0000000080002020][1] R[r 2=000000008002adc0] R[r 0=0000000000000000] inst=[00006b42] c.ldsp  s6, 16(sp)
C0:      14909 [1] pc=[000000008000172c] W[r23=0000000000000025][1] R[r 2=000000008002adc0] R[r 0=0000000000000000] inst=[00006ba2] c.ldsp  s7, 8(sp)
C0:      14910 [1] pc=[000000008000172e] W[r 2=000000008002ae10][1] R[r 2=000000008002adc0] R[r 0=0000000000000000] inst=[00006161] c.addi16sp sp, 80
C0:      14911 [1] pc=[0000000080001730] W[r 0=0000000080001732][1] R[r 1=00000000800018b2] R[r 0=0000000000000000] inst=[00008082] ret
C0:      14915 [1] pc=[00000000800018b2] W[r21=ffffffffffffffff][1] R[r 0=0000000000000000] R[r 0=0000000000000000] inst=[00005afd] c.li    s5, -1
C0:      14916 [1] pc=[00000000800018b4] W[r 0=0000000000000000][0] R[r10=0000000000000000] R[r21=ffffffffffffffff] inst=[0f551c63] bne     a0, s5, pc + 248
C0:      14918 [1] pc=[00000000800019ac] W[r13=0000000000000002][1] R[r 8=000000008002ae70] R[r 0=0000000000000000] inst=[00004814] c.lw    a3, 16(s0)
C0:      14919 [1] pc=[00000000800019ae] W[r12=000000008002aeb1][1] R[r 0=0000000000000000] R[r 9=000000008002aeb1] inst=[00008626] c.mv    a2, s1
C0:      14920 [1] pc=[00000000800019b0] W[r11=0000000080002440][1] R[r 0=0000000000000000] R[r19=0000000080002440] inst=[000085ce] c.mv    a1, s3
C0:      14921 [1] pc=[00000000800019b2] W[r10=0000000080002150][1] R[r 0=0000000000000000] R[r18=0000000080002150] inst=[0000854a] c.mv    a0, s2
C0:      14922 [1] pc=[00000000800019b4] W[r 1=00000000800019b6][1] R[r20=00000000800008b2] R[r 0=0000000000000000] inst=[00009a02] c.jalr  s4
C0:      14926 [1] pc=[00000000800008b2] W[r 2=000000008002ade0][1] R[r 2=000000008002ae10] R[r 0=0000000000000000] inst=[00007179] c.addi16sp sp, -48
C0:      14927 [1] pc=[00000000800008b4] W[r 0=0000000000000000][0] R[r 2=000000008002ade0] R[r 8=000000008002ae70] inst=[0000f022] c.sdsp  s0, 32(sp)
C0:      14928 [1] pc=[00000000800008b6] W[r 0=0000000000000000][0] R[r 2=000000008002ade0] R[r 9=000000008002aeb1] inst=[0000ec26] c.sdsp  s1, 24(sp)
C0:      14929 [1] pc=[00000000800008b8] W[r 0=0000000000000000][0] R[r 2=000000008002ade0] R[r18=0000000080002150] inst=[0000e84a] c.sdsp  s2, 16(sp)
C0:      14930 [1] pc=[00000000800008ba] W[r 0=0000000000000000][0] R[r 2=000000008002ade0] R[r19=0000000080002440] inst=[0000e44e] c.sdsp  s3, 8(sp)
C0:      14931 [1] pc=[00000000800008bc] W[r 0=0000000000000000][0] R[r 2=000000008002ade0] R[r20=00000000800008b2] inst=[0000e052] c.sdsp  s4, 0(sp)
C0:      14932 [1] pc=[00000000800008be] W[r 0=0000000000000000][0] R[r 2=000000008002ade0] R[r 1=00000000800019b6] inst=[0000f406] c.sdsp  ra, 40(sp)
C0:      14933 [1] pc=[00000000800008c0] W[r18=0000000080002150][1] R[r 0=0000000000000000] R[r10=0000000080002150] inst=[0000892a] c.mv    s2, a0
C0:      14934 [1] pc=[00000000800008c2] W[r19=0000000080002440][1] R[r 0=0000000000000000] R[r11=0000000080002440] inst=[000089ae] c.mv    s3, a1
C0:      14935 [1] pc=[00000000800008c4] W[r 8=000000008002aeb1][1] R[r 0=0000000000000000] R[r12=000000008002aeb1] inst=[00008432] c.mv    s0, a2
C0:      14936 [1] pc=[00000000800008c6] W[r 9=000000008002aeb3][1] R[r12=000000008002aeb1] R[r13=0000000000000002] inst=[00d604b3] add     s1, a2, a3
C0:      14937 [1] pc=[00000000800008ca] W[r20=ffffffffffffffff][1] R[r 0=0000000000000000] R[r 0=0000000000000000] inst=[00005a7d] c.li    s4, -1
C0:      14938 [1] pc=[00000000800008cc] W[r 0=0000000000000000][0] R[r 8=000000008002aeb1] R[r 9=000000008002aeb3] inst=[00941463] bne     s0, s1, pc + 8
C0:      14942 [1] pc=[00000000800008d4] W[r11=0000000000000032][1] R[r 8=000000008002aeb1] R[r 0=0000000000000000] inst=[00044583] lbu     a1, 0(s0)
C0:      14943 [1] pc=[00000000800008d8] W[r12=0000000080002440][1] R[r 0=0000000000000000] R[r19=0000000080002440] inst=[0000864e] c.mv    a2, s3
C0:      14944 [1] pc=[00000000800008da] W[r10=0000000080002150][1] R[r 0=0000000000000000] R[r18=0000000080002150] inst=[0000854a] c.mv    a0, s2
C0:      14945 [1] pc=[00000000800008dc] W[r 1=00000000800008e0][1] R[r 0=0000000000000000] R[r 0=0000000000000000] inst=[fa7ff0ef] jal     pc - 0x5a
C0:      14949 [1] pc=[0000000080000882] W[r15=fffffffffffffffa][1] R[r12=0000000080002440] R[r 0=0000000000000000] inst=[0000465c] c.lw    a5, 12(a2)
C0:      14951 [1] pc=[0000000080000884] W[r15=fffffffffffffff9][1] R[r15=fffffffffffffffa] R[r 0=0000000000000000] inst=[000037fd] c.addiw a5, -1
C0:      14952 [1] pc=[0000000080000886] W[r 0=0000000000000000][0] R[r12=0000000080002440] R[r15=fffffffffffffff9] inst=[0000c65c] c.sw    a5, 12(a2)
C0:      14953 [1] pc=[0000000080000888] W[r13=fffffff900000000][1] R[r15=fffffffffffffff9] R[r 0=0000000000000000] inst=[02079693] slli    a3, a5, 32
C0:      14954 [1] pc=[000000008000088c] W[r14=fffffffffffffff9][1] R[r15=fffffffffffffff9] R[r 0=0000000000000000] inst=[0007871b] sext.w  a4, a5
C0:      14955 [1] pc=[0000000080000890] W[r 0=0000000000000000][0] R[r13=fffffff900000000] R[r 0=0000000000000000] inst=[0006d963] bgez    a3, pc + 18
C0:      14956 [1] pc=[0000000080000894] W[r15=fffffffffffffc00][1] R[r12=0000000080002440] R[r 0=0000000000000000] inst=[0000561c] c.lw    a5, 40(a2)
C0:      14958 [1] pc=[0000000080000896] W[r 0=0000000000000000][0] R[r14=fffffffffffffff9] R[r15=fffffffffffffc00] inst=[00f74563] blt     a4, a5, pc + 10
C0:      14959 [1] pc=[000000008000089a] W[r15=000000000000000a][1] R[r 0=0000000000000000] R[r 0=0000000000000000] inst=[000047a9] c.li    a5, 10
C0:      14960 [1] pc=[000000008000089c] W[r 0=0000000000000000][0] R[r11=0000000000000032] R[r15=000000000000000a] inst=[00f59363] bne     a1, a5, pc + 6
C0:      14961 [1] pc=[00000000800008a2] W[r15=000000008000265e][1] R[r12=0000000080002440] R[r 0=0000000000000000] inst=[0000621c] c.ld    a5, 0(a2)
C0:      14962 [1] pc=[00000000800008a4] W[r10=0000000000000032][1] R[r 0=0000000000000000] R[r11=0000000000000032] inst=[0000852e] c.mv    a0, a1
C0:      14963 [1] pc=[00000000800008a6] W[r14=000000008000265f][1] R[r15=000000008000265e] R[r 0=0000000000000000] inst=[00178713] addi    a4, a5, 1
C0:      14964 [1] pc=[00000000800008aa] W[r 0=0000000000000000][0] R[r12=0000000080002440] R[r14=000000008000265f] inst=[0000e218] c.sd    a4, 0(a2)
C0:      14965 [1] pc=[00000000800008ac] W[r 0=0000000000000000][0] R[r15=000000008000265e] R[r11=0000000000000032] inst=[00b78023] sb      a1, 0(a5)
C0:      14966 [1] pc=[00000000800008b0] W[r 0=00000000800008b2][1] R[r 1=00000000800008e0] R[r 0=0000000000000000] inst=[00008082] ret
C0:      14967 [1] pc=[00000000800008e0] W[r 8=000000008002aeb2][1] R[r 8=000000008002aeb1] R[r 0=0000000000000000] inst=[00000405] c.addi  s0, 1
C0:      14968 [1] pc=[00000000800008e2] W[r 0=0000000000000000][0] R[r10=0000000000000032] R[r20=ffffffffffffffff] inst=[ff4515e3] bne     a0, s4, pc - 22
C0:      14970 [1] pc=[00000000800008cc] W[r 0=0000000000000000][0] R[r 8=000000008002aeb2] R[r 9=000000008002aeb3] inst=[00941463] bne     s0, s1, pc + 8
C0:      14971 [1] pc=[00000000800008d4] W[r11=0000000000000032][1] R[r 8=000000008002aeb2] R[r 0=0000000000000000] inst=[00044583] lbu     a1, 0(s0)
C0:      14972 [1] pc=[00000000800008d8] W[r12=0000000080002440][1] R[r 0=0000000000000000] R[r19=0000000080002440] inst=[0000864e] c.mv    a2, s3
C0:      14973 [1] pc=[00000000800008da] W[r10=0000000080002150][1] R[r 0=0000000000000000] R[r18=0000000080002150] inst=[0000854a] c.mv    a0, s2
C0:      14974 [1] pc=[00000000800008dc] W[r 1=00000000800008e0][1] R[r 0=0000000000000000] R[r 0=0000000000000000] inst=[fa7ff0ef] jal     pc - 0x5a
C0:      14975 [1] pc=[0000000080000882] W[r15=fffffffffffffff9][1] R[r12=0000000080002440] R[r 0=0000000000000000] inst=[0000465c] c.lw    a5, 12(a2)
C0:      14977 [1] pc=[0000000080000884] W[r15=fffffffffffffff8][1] R[r15=fffffffffffffff9] R[r 0=0000000000000000] inst=[000037fd] c.addiw a5, -1
C0:      14978 [1] pc=[0000000080000886] W[r 0=0000000000000000][0] R[r12=0000000080002440] R[r15=fffffffffffffff8] inst=[0000c65c] c.sw    a5, 12(a2)
C0:      14979 [1] pc=[0000000080000888] W[r13=fffffff800000000][1] R[r15=fffffffffffffff8] R[r 0=0000000000000000] inst=[02079693] slli    a3, a5, 32
C0:      14980 [1] pc=[000000008000088c] W[r14=fffffffffffffff8][1] R[r15=fffffffffffffff8] R[r 0=0000000000000000] inst=[0007871b] sext.w  a4, a5
C0:      14981 [1] pc=[0000000080000890] W[r 0=0000000000000000][0] R[r13=fffffff800000000] R[r 0=0000000000000000] inst=[0006d963] bgez    a3, pc + 18
C0:      14982 [1] pc=[0000000080000894] W[r15=fffffffffffffc00][1] R[r12=0000000080002440] R[r 0=0000000000000000] inst=[0000561c] c.lw    a5, 40(a2)
C0:      14984 [1] pc=[0000000080000896] W[r 0=0000000000000000][0] R[r14=fffffffffffffff8] R[r15=fffffffffffffc00] inst=[00f74563] blt     a4, a5, pc + 10
C0:      14985 [1] pc=[000000008000089a] W[r15=000000000000000a][1] R[r 0=0000000000000000] R[r 0=0000000000000000] inst=[000047a9] c.li    a5, 10
C0:      14986 [1] pc=[000000008000089c] W[r 0=0000000000000000][0] R[r11=0000000000000032] R[r15=000000000000000a] inst=[00f59363] bne     a1, a5, pc + 6
C0:      14987 [1] pc=[00000000800008a2] W[r15=000000008000265f][1] R[r12=0000000080002440] R[r 0=0000000000000000] inst=[0000621c] c.ld    a5, 0(a2)
C0:      14988 [1] pc=[00000000800008a4] W[r10=0000000000000032][1] R[r 0=0000000000000000] R[r11=0000000000000032] inst=[0000852e] c.mv    a0, a1
C0:      14989 [1] pc=[00000000800008a6] W[r14=0000000080002660][1] R[r15=000000008000265f] R[r 0=0000000000000000] inst=[00178713] addi    a4, a5, 1
C0:      14990 [1] pc=[00000000800008aa] W[r 0=0000000000000000][0] R[r12=0000000080002440] R[r14=0000000080002660] inst=[0000e218] c.sd    a4, 0(a2)
C0:      14991 [1] pc=[00000000800008ac] W[r 0=0000000000000000][0] R[r15=000000008000265f] R[r11=0000000000000032] inst=[00b78023] sb      a1, 0(a5)
C0:      14992 [1] pc=[00000000800008b0] W[r 0=00000000800008b2][1] R[r 1=00000000800008e0] R[r 0=0000000000000000] inst=[00008082] ret
C0:      14993 [1] pc=[00000000800008e0] W[r 8=000000008002aeb3][1] R[r 8=000000008002aeb2] R[r 0=0000000000000000] inst=[00000405] c.addi  s0, 1
C0:      14994 [1] pc=[00000000800008e2] W[r 0=0000000000000000][0] R[r10=0000000000000032] R[r20=ffffffffffffffff] inst=[ff4515e3] bne     a0, s4, pc - 22
C0:      14995 [1] pc=[00000000800008cc] W[r 0=0000000000000000][0] R[r 8=000000008002aeb3] R[r 9=000000008002aeb3] inst=[00941463] bne     s0, s1, pc + 8
C0:      14996 [1] pc=[00000000800008d0] W[r10=0000000000000000][1] R[r 0=0000000000000000] R[r 0=0000000000000000] inst=[00004501] c.li    a0, 0
C0:      14997 [1] pc=[00000000800008d2] W[r 0=00000000800008d4][1] R[r 0=0000000000000000] R[r 0=0000000000000000] inst=[0000a811] c.j     pc + 20
C0:      14998 [1] pc=[00000000800008e6] W[r 1=00000000800019b6][1] R[r 2=000000008002ade0] R[r 0=0000000000000000] inst=[000070a2] c.ldsp  ra, 40(sp)
C0:      14999 [1] pc=[00000000800008e8] W[r 8=000000008002ae70][1] R[r 2=000000008002ade0] R[r 0=0000000000000000] inst=[00007402] c.ldsp  s0, 32(sp)
C0:      15000 [1] pc=[00000000800008ea] W[r 9=000000008002aeb1][1] R[r 2=000000008002ade0] R[r 0=0000000000000000] inst=[000064e2] c.ldsp  s1, 24(sp)
C0:      15001 [1] pc=[00000000800008ec] W[r18=0000000080002150][1] R[r 2=000000008002ade0] R[r 0=0000000000000000] inst=[00006942] c.ldsp  s2, 16(sp)
C0:      15002 [1] pc=[00000000800008ee] W[r19=0000000080002440][1] R[r 2=000000008002ade0] R[r 0=0000000000000000] inst=[000069a2] c.ldsp  s3, 8(sp)
C0:      15003 [1] pc=[00000000800008f0] W[r20=00000000800008b2][1] R[r 2=000000008002ade0] R[r 0=0000000000000000] inst=[00006a02] c.ldsp  s4, 0(sp)
C0:      15004 [1] pc=[00000000800008f2] W[r 2=000000008002ae10][1] R[r 2=000000008002ade0] R[r 0=0000000000000000] inst=[00006145] c.addi16sp sp, 48
C0:      15005 [1] pc=[00000000800008f4] W[r 0=00000000800008f6][1] R[r 1=00000000800019b6] R[r 0=0000000000000000] inst=[00008082] ret
C0:      15006 [1] pc=[00000000800019b6] W[r 0=0000000000000000][0] R[r10=0000000000000000] R[r21=ffffffffffffffff] inst=[f15501e3] beq     a0, s5, pc - 254
C0:      15007 [1] pc=[00000000800019ba] W[r15=0000000000000000][1] R[r 8=000000008002ae70] R[r 0=0000000000000000] inst=[0000401c] c.lw    a5, 0(s0)
C0:      15009 [1] pc=[00000000800019bc] W[r15=0000000000000000][1] R[r15=0000000000000000] R[r 0=0000000000000000] inst=[00008b89] c.andi  a5, 2
C0:      15010 [1] pc=[00000000800019be] W[r 0=0000000000000000][0] R[r15=0000000000000000] R[r 0=0000000000000000] inst=[0000eb95] c.bnez  a5, pc + 52
C0:      15011 [1] pc=[00000000800019c0] W[r15=0000000000000002][1] R[r 2=000000008002ae10] R[r 0=0000000000000000] inst=[000047b2] c.lwsp  a5, 12(sp)
C0:      15012 [1] pc=[00000000800019c2] W[r10=0000000000000000][1] R[r 8=000000008002ae70] R[r 0=0000000000000000] inst=[00004448] c.lw    a0, 12(s0)
C0:      15013 [1] pc=[00000000800019c4] W[r14=0000000000000002][1] R[r15=0000000000000002] R[r 0=0000000000000000] inst=[0007871b] sext.w  a4, a5
C0:      15014 [1] pc=[00000000800019c8] W[r13=0000000000000000][1] R[r10=0000000000000000] R[r 0=0000000000000000] inst=[0005069b] sext.w  a3, a0
C0:      15015 [1] pc=[00000000800019cc] W[r 0=0000000000000000][0] R[r13=0000000000000000] R[r14=0000000000000002] inst=[00e6d363] bge     a3, a4, pc + 6
C0:      15016 [1] pc=[00000000800019d0] W[r10=0000000000000002][1] R[r 0=0000000000000000] R[r15=0000000000000002] inst=[0000853e] c.mv    a0, a5
C0:      15017 [1] pc=[00000000800019d2] W[r10=0000000000000002][1] R[r10=0000000000000002] R[r 0=0000000000000000] inst=[00002501] c.addiw a0, 0
C0:      15018 [1] pc=[00000000800019d4] W[r 0=00000000800019d6][1] R[r 0=0000000000000000] R[r 0=0000000000000000] inst=[0000b5dd] c.j     pc - 282
C0:      15019 [1] pc=[00000000800018ba] W[r 1=0000000080000bce][1] R[r 2=000000008002ae10] R[r 0=0000000000000000] inst=[000060a6] c.ldsp  ra, 72(sp)
C0:      15020 [1] pc=[00000000800018bc] W[r 8=0000000080001f19][1] R[r 2=000000008002ae10] R[r 0=0000000000000000] inst=[00006406] c.ldsp  s0, 64(sp)
C0:      15021 [1] pc=[00000000800018be] W[r 9=0000000080002440][1] R[r 2=000000008002ae10] R[r 0=0000000000000000] inst=[000074e2] c.ldsp  s1, 56(sp)
C0:      15022 [1] pc=[00000000800018c0] W[r18=0000000080001f1a][1] R[r 2=000000008002ae10] R[r 0=0000000000000000] inst=[00007942] c.ldsp  s2, 48(sp)
C0:      15023 [1] pc=[00000000800018c2] W[r19=0000000080002150][1] R[r 2=000000008002ae10] R[r 0=0000000000000000] inst=[000079a2] c.ldsp  s3, 40(sp)
C0:      15024 [1] pc=[00000000800018c4] W[r20=0000000000000000][1] R[r 2=000000008002ae10] R[r 0=0000000000000000] inst=[00007a02] c.ldsp  s4, 32(sp)
C0:      15025 [1] pc=[00000000800018c6] W[r21=ffffffffffffffff][1] R[r 2=000000008002ae10] R[r 0=0000000000000000] inst=[00006ae2] c.ldsp  s5, 24(sp)
C0:      15026 [1] pc=[00000000800018c8] W[r22=0000000080002020][1] R[r 2=000000008002ae10] R[r 0=0000000000000000] inst=[00006b42] c.ldsp  s6, 16(sp)
C0:      15027 [1] pc=[00000000800018ca] W[r 2=000000008002ae60][1] R[r 2=000000008002ae10] R[r 0=0000000000000000] inst=[00006161] c.addi16sp sp, 80
C0:      15028 [1] pc=[00000000800018cc] W[r 0=00000000800018ce][1] R[r 1=0000000080000bce] R[r 0=0000000000000000] inst=[00008082] ret
C0:      15032 [1] pc=[0000000080000bce] W[r 0=0000000080000bd0][1] R[r 0=0000000000000000] R[r 0=0000000000000000] inst=[0000bfd9] c.j     pc - 42
C0:      15034 [1] pc=[0000000080000ba4] W[r20=0000000000000002][1] R[r 0=0000000000000000] R[r10=0000000000000002] inst=[00008a2a] c.mv    s4, a0
C0:      15035 [1] pc=[0000000080000ba6] W[r 0=0000000000000000][0] R[r10=0000000000000002] R[r21=ffffffffffffffff] inst=[fb5515e3] bne     a0, s5, pc - 86
C0:      15037 [1] pc=[0000000080000b50] W[r15=0000000000000000][1] R[r 2=000000008002ae60] R[r 0=0000000000000000] inst=[00005792] c.lwsp  a5, 36(sp)
C0:      15039 [1] pc=[0000000080000b52] W[r15=0000000000000002][1] R[r15=0000000000000000] R[r20=0000000000000002] inst=[014787bb] addw    a5, a5, s4
C0:      15040 [1] pc=[0000000080000b56] W[r 0=0000000000000000][0] R[r 2=000000008002ae60] R[r15=0000000000000002] inst=[0000d23e] c.swsp  a5, 36(sp)
C0:      15041 [1] pc=[0000000080000b58] W[r 0=0000000080000b5a][1] R[r 0=0000000000000000] R[r 0=0000000000000000] inst=[0000bd25] c.j     pc - 456
C0:      15042 [1] pc=[0000000080000990] W[r 8=0000000080001f1a][1] R[r 0=0000000000000000] R[r18=0000000080001f1a] inst=[0000844a] c.mv    s0, s2
C0:      15043 [1] pc=[0000000080000992] W[r15=0000000000000000][1] R[r 8=0000000080001f1a] R[r 0=0000000000000000] inst=[00044783] lbu     a5, 0(s0)
C0:      15046 [1] pc=[0000000080000996] W[r 0=0000000000000000][0] R[r15=0000000000000000] R[r 0=0000000000000000] inst=[0000c399] c.beqz  a5, pc + 6
C0:      15050 [1] pc=[000000008000099c] W[r26=0000000000000000][1] R[r 8=0000000080001f1a] R[r18=0000000080001f1a] inst=[41240d3b] subw    s10, s0, s2
C0:      15051 [1] pc=[00000000800009a0] W[r 0=0000000000000000][0] R[r26=0000000000000000] R[r 0=0000000000000000] inst=[000d0e63] beqz    s10, pc + 28
C0:      15053 [1] pc=[00000000800009bc] W[r15=0000000000000000][1] R[r 8=0000000080001f1a] R[r 0=0000000000000000] inst=[00044783] lbu     a5, 0(s0)
C0:      15056 [1] pc=[00000000800009c0] W[r 0=0000000000000000][0] R[r15=0000000000000000] R[r 0=0000000000000000] inst=[1e078563] beqz    a5, pc + 490
C0:      15058 [1] pc=[0000000080000baa] W[r15=0000000000000089][1] R[r 9=0000000080002440] R[r 0=0000000000000000] inst=[0104d783] lhu     a5, 16(s1)
C0:      15061 [1] pc=[0000000080000bae] W[r15=0000000000000000][1] R[r15=0000000000000089] R[r 0=0000000000000000] inst=[0407f793] andi    a5, a5, 64
C0:      15062 [1] pc=[0000000080000bb2] W[r 0=0000000000000000][0] R[r15=0000000000000000] R[r 0=0000000000000000] inst=[ea0796e3] bnez    a5, pc - 340
C0:      15063 [1] pc=[0000000080000bb6] W[r10=0000000000000002][1] R[r 2=000000008002ae60] R[r 0=0000000000000000] inst=[00005512] c.lwsp  a0, 36(sp)
C0:      15064 [1] pc=[0000000080000bb8] W[r 0=0000000080000bba][1] R[r 0=0000000000000000] R[r 0=0000000000000000] inst=[0000b565] c.j     pc - 344
C0:      15065 [1] pc=[0000000080000a60] W[r 1=00000000800004a8][1] R[r 2=000000008002ae60] R[r 0=0000000000000000] inst=[000060ae] c.ldsp  ra, 200(sp)
C0:      15066 [1] pc=[0000000080000a62] W[r 8=0000000080001f18][1] R[r 2=000000008002ae60] R[r 0=0000000000000000] inst=[0000640e] c.ldsp  s0, 192(sp)
C0:      15067 [1] pc=[0000000080000a64] W[r 9=0000000000000000][1] R[r 2=000000008002ae60] R[r 0=0000000000000000] inst=[000074ea] c.ldsp  s1, 184(sp)
C0:      15068 [1] pc=[0000000080000a66] W[r18=0000000000000000][1] R[r 2=000000008002ae60] R[r 0=0000000000000000] inst=[0000794a] c.ldsp  s2, 176(sp)
C0:      15069 [1] pc=[0000000080000a68] W[r19=0000000000000000][1] R[r 2=000000008002ae60] R[r 0=0000000000000000] inst=[000079aa] c.ldsp  s3, 168(sp)
C0:      15070 [1] pc=[0000000080000a6a] W[r20=0000000000000000][1] R[r 2=000000008002ae60] R[r 0=0000000000000000] inst=[00007a0a] c.ldsp  s4, 160(sp)
C0:      15071 [1] pc=[0000000080000a6c] W[r21=0000000000000000][1] R[r 2=000000008002ae60] R[r 0=0000000000000000] inst=[00006aea] c.ldsp  s5, 152(sp)
C0:      15072 [1] pc=[0000000080000a6e] W[r22=0000000000000000][1] R[r 2=000000008002ae60] R[r 0=0000000000000000] inst=[00006b4a] c.ldsp  s6, 144(sp)
C0:      15073 [1] pc=[0000000080000a70] W[r23=0000000000000000][1] R[r 2=000000008002ae60] R[r 0=0000000000000000] inst=[00006baa] c.ldsp  s7, 136(sp)
C0:      15074 [1] pc=[0000000080000a72] W[r24=0000000000000000][1] R[r 2=000000008002ae60] R[r 0=0000000000000000] inst=[00006c0a] c.ldsp  s8, 128(sp)
C0:      15075 [1] pc=[0000000080000a74] W[r25=0000000000000000][1] R[r 2=000000008002ae60] R[r 0=0000000000000000] inst=[00007ce6] c.ldsp  s9, 120(sp)
C0:      15076 [1] pc=[0000000080000a76] W[r26=0000000000000000][1] R[r 2=000000008002ae60] R[r 0=0000000000000000] inst=[00007d46] c.ldsp  s10, 112(sp)
C0:      15077 [1] pc=[0000000080000a78] W[r 2=000000008002af30][1] R[r 2=000000008002ae60] R[r 0=0000000000000000] inst=[00006169] c.addi16sp sp, 208
C0:      15078 [1] pc=[0000000080000a7a] W[r 0=0000000080000a7c][1] R[r 1=00000000800004a8] R[r 0=0000000000000000] inst=[00008082] ret
C0:      15082 [1] pc=[00000000800004a8] W[r 1=00000000800003c6][1] R[r 2=000000008002af30] R[r 0=0000000000000000] inst=[000070a2] c.ldsp  ra, 40(sp)
C0:      15083 [1] pc=[00000000800004aa] W[r 8=000000008002b000][1] R[r 2=000000008002af30] R[r 0=0000000000000000] inst=[00007402] c.ldsp  s0, 32(sp)
C0:      15084 [1] pc=[00000000800004ac] W[r 2=000000008002afa0][1] R[r 2=000000008002af30] R[r 0=0000000000000000] inst=[00006165] c.addi16sp sp, 112
C0:      15085 [1] pc=[00000000800004ae] W[r 0=00000000800004b0][1] R[r 1=00000000800003c6] R[r 0=0000000000000000] inst=[00008082] ret
C0:      15090 [1] pc=[00000000800003c6] W[r10=00000000800023c6][1] R[r 0=0000000000000000] R[r 0=0000000000000000] inst=[00002517] auipc   a0, 0x2
C0:      15091 [1] pc=[00000000800003ca] W[r10=0000000080001f20][1] R[r10=00000000800023c6] R[r 0=0000000000000000] inst=[b5a50513] addi    a0, a0, -1190
C0:      15092 [1] pc=[00000000800003ce] W[r 1=00000000800003d2][1] R[r 0=0000000000000000] R[r 0=0000000000000000] inst=[0a2000ef] jal     pc + 0xa2
C0:      15094 [1] pc=[0000000080000470] W[r 2=000000008002af30][1] R[r 2=000000008002afa0] R[r 0=0000000000000000] inst=[00007159] c.addi16sp sp, -112
C0:      15095 [1] pc=[0000000080000472] W[r 0=0000000000000000][0] R[r 2=000000008002af30] R[r 8=000000008002b000] inst=[0000f022] c.sdsp  s0, 32(sp)
C0:      15096 [1] pc=[0000000080000474] W[r 0=0000000000000000][0] R[r 2=000000008002af30] R[r 1=00000000800003d2] inst=[0000f406] c.sdsp  ra, 40(sp)
C0:      15097 [1] pc=[0000000080000476] W[r 8=0000000080001f20][1] R[r 0=0000000000000000] R[r10=0000000080001f20] inst=[0000842a] c.mv    s0, a0
C0:      15098 [1] pc=[0000000080000478] W[r 0=0000000000000000][0] R[r 2=000000008002af30] R[r11=0000000000000032] inst=[0000fc2e] c.sdsp  a1, 56(sp)
C0:      15099 [1] pc=[000000008000047a] W[r 0=0000000000000000][0] R[r 2=000000008002af30] R[r12=0000000080002440] inst=[0000e0b2] c.sdsp  a2, 64(sp)
C0:      15100 [1] pc=[000000008000047c] W[r 0=0000000000000000][0] R[r 2=000000008002af30] R[r13=0000000000000000] inst=[0000e4b6] c.sdsp  a3, 72(sp)
C0:      15101 [1] pc=[000000008000047e] W[r 0=0000000000000000][0] R[r 2=000000008002af30] R[r14=0000000000000002] inst=[0000e8ba] c.sdsp  a4, 80(sp)
C0:      15102 [1] pc=[0000000080000480] W[r 0=0000000000000000][0] R[r 2=000000008002af30] R[r15=0000000000000000] inst=[0000ecbe] c.sdsp  a5, 88(sp)
C0:      15103 [1] pc=[0000000080000482] W[r 0=0000000000000000][0] R[r 2=000000008002af30] R[r16=000000000000000a] inst=[0000f0c2] c.sdsp  a6, 96(sp)
C0:      15104 [1] pc=[0000000080000484] W[r 0=0000000000000000][0] R[r 2=000000008002af30] R[r17=0000000000000000] inst=[0000f4c6] c.sdsp  a7, 104(sp)
C0:      15105 [1] pc=[0000000080000486] W[r10=0000000080002486][1] R[r 0=0000000000000000] R[r 0=0000000000000000] inst=[00002517] auipc   a0, 0x2
C0:      15106 [1] pc=[000000008000048a] W[r10=0000000080002150][1] R[r10=0000000080002486] R[r 0=0000000000000000] inst=[d7a53503] ld      a0, -646(a0)
C0:      15108 [1] pc=[000000008000048e] W[r 0=0000000000000000][0] R[r10=0000000080002150] R[r 0=0000000000000000] inst=[0000c519] c.beqz  a0, pc + 14
C0:      15109 [1] pc=[0000000080000490] W[r15=0000000000000001][1] R[r10=0000000080002150] R[r 0=0000000000000000] inst=[0000591c] c.lw    a5, 48(a0)
C0:      15111 [1] pc=[0000000080000492] W[r 0=0000000000000000][0] R[r15=0000000000000001] R[r 0=0000000000000000] inst=[0000e789] c.bnez  a5, pc + 10
C0:      15112 [1] pc=[000000008000049c] W[r11=0000000080002440][1] R[r10=0000000080002150] R[r 0=0000000000000000] inst=[0000690c] c.ld    a1, 16(a0)
C0:      15113 [1] pc=[000000008000049e] W[r13=000000008002af68][1] R[r 2=000000008002af30] R[r 0=0000000000000000] inst=[00001834] c.addi4spn a3, sp, 56
C0:      15114 [1] pc=[00000000800004a0] W[r12=0000000080001f20][1] R[r 0=0000000000000000] R[r 8=0000000080001f20] inst=[00008622] c.mv    a2, s0
C0:      15115 [1] pc=[00000000800004a2] W[r 0=0000000000000000][0] R[r 2=000000008002af30] R[r13=000000008002af68] inst=[0000ec36] c.sdsp  a3, 24(sp)
C0:      15116 [1] pc=[00000000800004a4] W[r 1=00000000800004a8][1] R[r 0=0000000000000000] R[r 0=0000000000000000] inst=[47a000ef] jal     pc + 0x47a
C0:      15117 [1] pc=[000000008000091e] W[r 2=000000008002ae60][1] R[r 2=000000008002af30] R[r 0=0000000000000000] inst=[00007155] c.addi16sp sp, -208
C0:      15118 [1] pc=[0000000080000920] W[r 0=0000000000000000][0] R[r 2=000000008002ae60] R[r 8=0000000080001f20] inst=[0000e1a2] c.sdsp  s0, 192(sp)
C0:      15119 [1] pc=[0000000080000922] W[r 0=0000000000000000][0] R[r 2=000000008002ae60] R[r 9=0000000000000000] inst=[0000fd26] c.sdsp  s1, 184(sp)
C0:      15120 [1] pc=[0000000080000924] W[r 0=0000000000000000][0] R[r 2=000000008002ae60] R[r18=0000000000000000] inst=[0000f94a] c.sdsp  s2, 176(sp)
C0:      15121 [1] pc=[0000000080000926] W[r 0=0000000000000000][0] R[r 2=000000008002ae60] R[r19=0000000000000000] inst=[0000f54e] c.sdsp  s3, 168(sp)
C0:      15122 [1] pc=[0000000080000928] W[r 0=0000000000000000][0] R[r 2=000000008002ae60] R[r20=0000000000000000] inst=[0000f152] c.sdsp  s4, 160(sp)
C0:      15123 [1] pc=[000000008000092a] W[r 0=0000000000000000][0] R[r 2=000000008002ae60] R[r 1=00000000800004a8] inst=[0000e586] c.sdsp  ra, 200(sp)
C0:      15124 [1] pc=[000000008000092c] W[r 0=0000000000000000][0] R[r 2=000000008002ae60] R[r21=0000000000000000] inst=[0000ed56] c.sdsp  s5, 152(sp)
C0:      15125 [1] pc=[000000008000092e] W[r 0=0000000000000000][0] R[r 2=000000008002ae60] R[r22=0000000000000000] inst=[0000e95a] c.sdsp  s6, 144(sp)
C0:      15126 [1] pc=[0000000080000930] W[r 0=0000000000000000][0] R[r 2=000000008002ae60] R[r23=0000000000000000] inst=[0000e55e] c.sdsp  s7, 136(sp)
C0:      15127 [1] pc=[0000000080000932] W[r 0=0000000000000000][0] R[r 2=000000008002ae60] R[r24=0000000000000000] inst=[0000e162] c.sdsp  s8, 128(sp)
C0:      15128 [1] pc=[0000000080000934] W[r 0=0000000000000000][0] R[r 2=000000008002ae60] R[r25=0000000000000000] inst=[0000fce6] c.sdsp  s9, 120(sp)
C0:      15129 [1] pc=[0000000080000936] W[r 0=0000000000000000][0] R[r 2=000000008002ae60] R[r26=0000000000000000] inst=[0000f8ea] c.sdsp  s10, 112(sp)
C0:      15130 [1] pc=[0000000080000938] W[r19=0000000080002150][1] R[r 0=0000000000000000] R[r10=0000000080002150] inst=[000089aa] c.mv    s3, a0
C0:      15131 [1] pc=[000000008000093a] W[r 9=0000000080002440][1] R[r 0=0000000000000000] R[r11=0000000080002440] inst=[000084ae] c.mv    s1, a1
C0:      15132 [1] pc=[000000008000093c] W[r18=0000000080001f20][1] R[r 0=0000000000000000] R[r12=0000000080001f20] inst=[00008932] c.mv    s2, a2
C0:      15133 [1] pc=[000000008000093e] W[r 8=000000008002af68][1] R[r 0=0000000000000000] R[r13=000000008002af68] inst=[00008436] c.mv    s0, a3
C0:      15134 [1] pc=[0000000080000940] W[r20=0000000000000000][1] R[r 0=0000000000000000] R[r 0=0000000000000000] inst=[00004a01] c.li    s4, 0
C0:      15135 [1] pc=[0000000080000942] W[r 0=0000000000000000][0] R[r10=0000000080002150] R[r 0=0000000000000000] inst=[0000c509] c.beqz  a0, pc + 10
C0:      15136 [1] pc=[0000000080000944] W[r15=0000000000000001][1] R[r10=0000000080002150] R[r 0=0000000000000000] inst=[0000591c] c.lw    a5, 48(a0)
C0:      15138 [1] pc=[0000000080000946] W[r 0=0000000000000000][0] R[r15=0000000000000001] R[r 0=0000000000000000] inst=[0000e399] c.bnez  a5, pc + 6
C0:      15139 [1] pc=[000000008000094c] W[r15=000000008000194c][1] R[r 0=0000000000000000] R[r 0=0000000000000000] inst=[00001797] auipc   a5, 0x1
C0:      15140 [1] pc=[0000000080000950] W[r15=0000000080001fb0][1] R[r15=000000008000194c] R[r 0=0000000000000000] inst=[66478793] addi    a5, a5, 1636
C0:      15141 [1] pc=[0000000080000954] W[r 0=0000000000000000][0] R[r 9=0000000080002440] R[r15=0000000080001fb0] inst=[0cf49e63] bne     s1, a5, pc + 220
C0:      15142 [1] pc=[0000000080000a30] W[r15=0000000080001a30][1] R[r 0=0000000000000000] R[r 0=0000000000000000] inst=[00001797] auipc   a5, 0x1
C0:      15143 [1] pc=[0000000080000a34] W[r15=0000000080001fe8][1] R[r15=0000000080001a30] R[r 0=0000000000000000] inst=[5b878793] addi    a5, a5, 1464
C0:      15144 [1] pc=[0000000080000a38] W[r 0=0000000000000000][0] R[r 9=0000000080002440] R[r15=0000000080001fe8] inst=[00f49563] bne     s1, a5, pc + 10
C0:      15147 [1] pc=[0000000080000a42] W[r15=0000000080001a42][1] R[r 0=0000000000000000] R[r 0=0000000000000000] inst=[00001797] auipc   a5, 0x1
C0:      15148 [1] pc=[0000000080000a46] W[r15=0000000080001f78][1] R[r15=0000000080001a42] R[r 0=0000000000000000] inst=[53678793] addi    a5, a5, 1334
C0:      15149 [1] pc=[0000000080000a4a] W[r 0=0000000000000000][0] R[r 9=0000000080002440] R[r15=0000000080001f78] inst=[f0f499e3] bne     s1, a5, pc - 238
C0:      15151 [1] pc=[000000008000095c] W[r15=0000000000000089][1] R[r 9=0000000080002440] R[r 0=0000000000000000] inst=[0104d783] lhu     a5, 16(s1)
C0:      15154 [1] pc=[0000000080000960] W[r15=0000000000000008][1] R[r15=0000000000000089] R[r 0=0000000000000000] inst=[00008ba1] c.andi  a5, 8
C0:      15155 [1] pc=[0000000080000962] W[r 0=0000000000000000][0] R[r15=0000000000000008] R[r 0=0000000000000000] inst=[0000cbed] c.beqz  a5, pc + 242
C0:      15156 [1] pc=[0000000080000964] W[r15=0000000080002658][1] R[r 9=0000000080002440] R[r 0=0000000000000000] inst=[00006c9c] c.ld    a5, 24(s1)
C0:      15158 [1] pc=[0000000080000966] W[r 0=0000000000000000][0] R[r15=0000000080002658] R[r 0=0000000000000000] inst=[0000c7fd] c.beqz  a5, pc + 238
C0:      15159 [1] pc=[0000000080000968] W[r15=0000000000000020][1] R[r 0=0000000000000000] R[r 0=0000000000000000] inst=[02000793] li      a5, 32
C0:      15160 [1] pc=[000000008000096c] W[r 0=0000000000000000][0] R[r 2=000000008002ae60] R[r15=0000000000000020] inst=[02f104a3] sb      a5, 41(sp)
C0:      15161 [1] pc=[0000000080000970] W[r21=ffffffffffffffff][1] R[r 0=0000000000000000] R[r 0=0000000000000000] inst=[00005afd] c.li    s5, -1
C0:      15162 [1] pc=[0000000080000972] W[r15=0000000000000030][1] R[r 0=0000000000000000] R[r 0=0000000000000000] inst=[03000793] li      a5, 48
C0:      15163 [1] pc=[0000000080000976] W[r 0=0000000000000000][0] R[r 2=000000008002ae60] R[r 0=0000000000000000] inst=[0000d202] c.swsp  zero, 36(sp)
C0:      15164 [1] pc=[0000000080000978] W[r 0=0000000000000000][0] R[r 2=000000008002ae60] R[r15=0000000000000030] inst=[02f10523] sb      a5, 42(sp)
C0:      15165 [1] pc=[000000008000097c] W[r 0=0000000000000000][0] R[r 2=000000008002ae60] R[r 8=000000008002af68] inst=[0000e422] c.sdsp  s0, 8(sp)
C0:      15166 [1] pc=[000000008000097e] W[r23=0000000000000025][1] R[r 0=0000000000000000] R[r 0=0000000000000000] inst=[02500b93] li      s7, 37
C0:      15167 [1] pc=[0000000080000982] W[r24=ffffffff00000000][1] R[r21=ffffffffffffffff] R[r 0=0000000000000000] inst=[020a9c13] slli    s8, s5, 32
C0:      15168 [1] pc=[0000000080000986] W[r22=0000000080001986][1] R[r 0=0000000000000000] R[r 0=0000000000000000] inst=[00001b17] auipc   s6, 0x1
C0:      15169 [1] pc=[000000008000098a] W[r22=0000000080002020][1] R[r22=0000000080001986] R[r 0=0000000000000000] inst=[69ab0b13] addi    s6, s6, 1690
C0:      15170 [1] pc=[000000008000098e] W[r25=0000000000000001][1] R[r 0=0000000000000000] R[r 0=0000000000000000] inst=[00004c85] c.li    s9, 1
C0:      15171 [1] pc=[0000000080000990] W[r 8=0000000080001f20][1] R[r 0=0000000000000000] R[r18=0000000080001f20] inst=[0000844a] c.mv    s0, s2
C0:      15172 [1] pc=[0000000080000992] W[r15=000000000000005d][1] R[r 8=0000000080001f20] R[r 0=0000000000000000] inst=[00044783] lbu     a5, 0(s0)
C0:      15175 [1] pc=[0000000080000996] W[r 0=0000000000000000][0] R[r15=000000000000005d] R[r 0=0000000000000000] inst=[0000c399] c.beqz  a5, pc + 6
C0:      15179 [1] pc=[0000000080000998] W[r 0=0000000000000000][0] R[r15=000000000000005d] R[r23=0000000000000025] inst=[0f779263] bne     a5, s7, pc + 228
C0:      15183 [1] pc=[0000000080000a7c] W[r 8=0000000080001f21][1] R[r 8=0000000080001f20] R[r 0=0000000000000000] inst=[00000405] c.addi  s0, 1
C0:      15184 [1] pc=[0000000080000a7e] W[r 0=0000000080000a80][1] R[r 0=0000000000000000] R[r 0=0000000000000000] inst=[0000bf11] c.j     pc - 236
C0:      15186 [1] pc=[0000000080000992] W[r15=0000000000000000][1] R[r 8=0000000080001f21] R[r 0=0000000000000000] inst=[00044783] lbu     a5, 0(s0)
C0:      15189 [1] pc=[0000000080000996] W[r 0=0000000000000000][0] R[r15=0000000000000000] R[r 0=0000000000000000] inst=[0000c399] c.beqz  a5, pc + 6
C0:      15190 [1] pc=[000000008000099c] W[r26=0000000000000001][1] R[r 8=0000000080001f21] R[r18=0000000080001f20] inst=[41240d3b] subw    s10, s0, s2
C0:      15191 [1] pc=[00000000800009a0] W[r 0=0000000000000000][0] R[r26=0000000000000001] R[r 0=0000000000000000] inst=[000d0e63] beqz    s10, pc + 28
C0:      15192 [1] pc=[00000000800009a4] W[r13=0000000000000001][1] R[r 0=0000000000000000] R[r26=0000000000000001] inst=[000086ea] c.mv    a3, s10
C0:      15193 [1] pc=[00000000800009a6] W[r12=0000000080001f20][1] R[r 0=0000000000000000] R[r18=0000000080001f20] inst=[0000864a] c.mv    a2, s2
C0:      15194 [1] pc=[00000000800009a8] W[r11=0000000080002440][1] R[r 0=0000000000000000] R[r 9=0000000080002440] inst=[000085a6] c.mv    a1, s1
C0:      15195 [1] pc=[00000000800009aa] W[r10=0000000080002150][1] R[r 0=0000000000000000] R[r19=0000000080002150] inst=[0000854e] c.mv    a0, s3
C0:      15196 [1] pc=[00000000800009ac] W[r 1=00000000800009b0][1] R[r 0=0000000000000000] R[r 0=0000000000000000] inst=[f07ff0ef] jal     pc - 0xfa
C0:      15197 [1] pc=[00000000800008b2] W[r 2=000000008002ae30][1] R[r 2=000000008002ae60] R[r 0=0000000000000000] inst=[00007179] c.addi16sp sp, -48
C0:      15198 [1] pc=[00000000800008b4] W[r 0=0000000000000000][0] R[r 2=000000008002ae30] R[r 8=0000000080001f21] inst=[0000f022] c.sdsp  s0, 32(sp)
C0:      15199 [1] pc=[00000000800008b6] W[r 0=0000000000000000][0] R[r 2=000000008002ae30] R[r 9=0000000080002440] inst=[0000ec26] c.sdsp  s1, 24(sp)
C0:      15200 [1] pc=[00000000800008b8] W[r 0=0000000000000000][0] R[r 2=000000008002ae30] R[r18=0000000080001f20] inst=[0000e84a] c.sdsp  s2, 16(sp)
C0:      15201 [1] pc=[00000000800008ba] W[r 0=0000000000000000][0] R[r 2=000000008002ae30] R[r19=0000000080002150] inst=[0000e44e] c.sdsp  s3, 8(sp)
C0:      15202 [1] pc=[00000000800008bc] W[r 0=0000000000000000][0] R[r 2=000000008002ae30] R[r20=0000000000000000] inst=[0000e052] c.sdsp  s4, 0(sp)
C0:      15203 [1] pc=[00000000800008be] W[r 0=0000000000000000][0] R[r 2=000000008002ae30] R[r 1=00000000800009b0] inst=[0000f406] c.sdsp  ra, 40(sp)
C0:      15204 [1] pc=[00000000800008c0] W[r18=0000000080002150][1] R[r 0=0000000000000000] R[r10=0000000080002150] inst=[0000892a] c.mv    s2, a0
C0:      15205 [1] pc=[00000000800008c2] W[r19=0000000080002440][1] R[r 0=0000000000000000] R[r11=0000000080002440] inst=[000089ae] c.mv    s3, a1
C0:      15206 [1] pc=[00000000800008c4] W[r 8=0000000080001f20][1] R[r 0=0000000000000000] R[r12=0000000080001f20] inst=[00008432] c.mv    s0, a2
C0:      15207 [1] pc=[00000000800008c6] W[r 9=0000000080001f21][1] R[r12=0000000080001f20] R[r13=0000000000000001] inst=[00d604b3] add     s1, a2, a3
C0:      15208 [1] pc=[00000000800008ca] W[r20=ffffffffffffffff][1] R[r 0=0000000000000000] R[r 0=0000000000000000] inst=[00005a7d] c.li    s4, -1
C0:      15209 [1] pc=[00000000800008cc] W[r 0=0000000000000000][0] R[r 8=0000000080001f20] R[r 9=0000000080001f21] inst=[00941463] bne     s0, s1, pc + 8
C0:      15213 [1] pc=[00000000800008d4] W[r11=000000000000005d][1] R[r 8=0000000080001f20] R[r 0=0000000000000000] inst=[00044583] lbu     a1, 0(s0)
C0:      15214 [1] pc=[00000000800008d8] W[r12=0000000080002440][1] R[r 0=0000000000000000] R[r19=0000000080002440] inst=[0000864e] c.mv    a2, s3
C0:      15215 [1] pc=[00000000800008da] W[r10=0000000080002150][1] R[r 0=0000000000000000] R[r18=0000000080002150] inst=[0000854a] c.mv    a0, s2
C0:      15216 [1] pc=[00000000800008dc] W[r 1=00000000800008e0][1] R[r 0=0000000000000000] R[r 0=0000000000000000] inst=[fa7ff0ef] jal     pc - 0x5a
C0:      15217 [1] pc=[0000000080000882] W[r15=fffffffffffffff8][1] R[r12=0000000080002440] R[r 0=0000000000000000] inst=[0000465c] c.lw    a5, 12(a2)
C0:      15219 [1] pc=[0000000080000884] W[r15=fffffffffffffff7][1] R[r15=fffffffffffffff8] R[r 0=0000000000000000] inst=[000037fd] c.addiw a5, -1
C0:      15220 [1] pc=[0000000080000886] W[r 0=0000000000000000][0] R[r12=0000000080002440] R[r15=fffffffffffffff7] inst=[0000c65c] c.sw    a5, 12(a2)
C0:      15221 [1] pc=[0000000080000888] W[r13=fffffff700000000][1] R[r15=fffffffffffffff7] R[r 0=0000000000000000] inst=[02079693] slli    a3, a5, 32
C0:      15222 [1] pc=[000000008000088c] W[r14=fffffffffffffff7][1] R[r15=fffffffffffffff7] R[r 0=0000000000000000] inst=[0007871b] sext.w  a4, a5
C0:      15223 [1] pc=[0000000080000890] W[r 0=0000000000000000][0] R[r13=fffffff700000000] R[r 0=0000000000000000] inst=[0006d963] bgez    a3, pc + 18
C0:      15224 [1] pc=[0000000080000894] W[r15=fffffffffffffc00][1] R[r12=0000000080002440] R[r 0=0000000000000000] inst=[0000561c] c.lw    a5, 40(a2)
C0:      15226 [1] pc=[0000000080000896] W[r 0=0000000000000000][0] R[r14=fffffffffffffff7] R[r15=fffffffffffffc00] inst=[00f74563] blt     a4, a5, pc + 10
C0:      15227 [1] pc=[000000008000089a] W[r15=000000000000000a][1] R[r 0=0000000000000000] R[r 0=0000000000000000] inst=[000047a9] c.li    a5, 10
C0:      15228 [1] pc=[000000008000089c] W[r 0=0000000000000000][0] R[r11=000000000000005d] R[r15=000000000000000a] inst=[00f59363] bne     a1, a5, pc + 6
C0:      15229 [1] pc=[00000000800008a2] W[r15=0000000080002660][1] R[r12=0000000080002440] R[r 0=0000000000000000] inst=[0000621c] c.ld    a5, 0(a2)
C0:      15230 [1] pc=[00000000800008a4] W[r10=000000000000005d][1] R[r 0=0000000000000000] R[r11=000000000000005d] inst=[0000852e] c.mv    a0, a1
C0:      15231 [1] pc=[00000000800008a6] W[r14=0000000080002661][1] R[r15=0000000080002660] R[r 0=0000000000000000] inst=[00178713] addi    a4, a5, 1
C0:      15232 [1] pc=[00000000800008aa] W[r 0=0000000000000000][0] R[r12=0000000080002440] R[r14=0000000080002661] inst=[0000e218] c.sd    a4, 0(a2)
C0:      15233 [1] pc=[00000000800008ac] W[r 0=0000000000000000][0] R[r15=0000000080002660] R[r11=000000000000005d] inst=[00b78023] sb      a1, 0(a5)
C0:      15234 [1] pc=[00000000800008b0] W[r 0=00000000800008b2][1] R[r 1=00000000800008e0] R[r 0=0000000000000000] inst=[00008082] ret
C0:      15235 [1] pc=[00000000800008e0] W[r 8=0000000080001f21][1] R[r 8=0000000080001f20] R[r 0=0000000000000000] inst=[00000405] c.addi  s0, 1
C0:      15236 [1] pc=[00000000800008e2] W[r 0=0000000000000000][0] R[r10=000000000000005d] R[r20=ffffffffffffffff] inst=[ff4515e3] bne     a0, s4, pc - 22
C0:      15237 [1] pc=[00000000800008cc] W[r 0=0000000000000000][0] R[r 8=0000000080001f21] R[r 9=0000000080001f21] inst=[00941463] bne     s0, s1, pc + 8
C0:      15241 [1] pc=[00000000800008d0] W[r10=0000000000000000][1] R[r 0=0000000000000000] R[r 0=0000000000000000] inst=[00004501] c.li    a0, 0
C0:      15242 [1] pc=[00000000800008d2] W[r 0=00000000800008d4][1] R[r 0=0000000000000000] R[r 0=0000000000000000] inst=[0000a811] c.j     pc + 20
C0:      15243 [1] pc=[00000000800008e6] W[r 1=00000000800009b0][1] R[r 2=000000008002ae30] R[r 0=0000000000000000] inst=[000070a2] c.ldsp  ra, 40(sp)
C0:      15244 [1] pc=[00000000800008e8] W[r 8=0000000080001f21][1] R[r 2=000000008002ae30] R[r 0=0000000000000000] inst=[00007402] c.ldsp  s0, 32(sp)
C0:      15245 [1] pc=[00000000800008ea] W[r 9=0000000080002440][1] R[r 2=000000008002ae30] R[r 0=0000000000000000] inst=[000064e2] c.ldsp  s1, 24(sp)
C0:      15246 [1] pc=[00000000800008ec] W[r18=0000000080001f20][1] R[r 2=000000008002ae30] R[r 0=0000000000000000] inst=[00006942] c.ldsp  s2, 16(sp)
C0:      15247 [1] pc=[00000000800008ee] W[r19=0000000080002150][1] R[r 2=000000008002ae30] R[r 0=0000000000000000] inst=[000069a2] c.ldsp  s3, 8(sp)
C0:      15248 [1] pc=[00000000800008f0] W[r20=0000000000000000][1] R[r 2=000000008002ae30] R[r 0=0000000000000000] inst=[00006a02] c.ldsp  s4, 0(sp)
C0:      15249 [1] pc=[00000000800008f2] W[r 2=000000008002ae60][1] R[r 2=000000008002ae30] R[r 0=0000000000000000] inst=[00006145] c.addi16sp sp, 48
C0:      15250 [1] pc=[00000000800008f4] W[r 0=00000000800008f6][1] R[r 1=00000000800009b0] R[r 0=0000000000000000] inst=[00008082] ret
C0:      15254 [1] pc=[00000000800009b0] W[r 0=0000000000000000][0] R[r10=0000000000000000] R[r21=ffffffffffffffff] inst=[1f550d63] beq     a0, s5, pc + 506
C0:      15255 [1] pc=[00000000800009b4] W[r15=0000000000000000][1] R[r 2=000000008002ae60] R[r 0=0000000000000000] inst=[00005792] c.lwsp  a5, 36(sp)
C0:      15257 [1] pc=[00000000800009b6] W[r15=0000000000000001][1] R[r15=0000000000000000] R[r26=0000000000000001] inst=[01a787bb] addw    a5, a5, s10
C0:      15258 [1] pc=[00000000800009ba] W[r 0=0000000000000000][0] R[r 2=000000008002ae60] R[r15=0000000000000001] inst=[0000d23e] c.swsp  a5, 36(sp)
C0:      15259 [1] pc=[00000000800009bc] W[r15=0000000000000000][1] R[r 8=0000000080001f21] R[r 0=0000000000000000] inst=[00044783] lbu     a5, 0(s0)
C0:      15262 [1] pc=[00000000800009c0] W[r 0=0000000000000000][0] R[r15=0000000000000000] R[r 0=0000000000000000] inst=[1e078563] beqz    a5, pc + 490
C0:      15264 [1] pc=[0000000080000baa] W[r15=0000000000000089][1] R[r 9=0000000080002440] R[r 0=0000000000000000] inst=[0104d783] lhu     a5, 16(s1)
C0:      15267 [1] pc=[0000000080000bae] W[r15=0000000000000000][1] R[r15=0000000000000089] R[r 0=0000000000000000] inst=[0407f793] andi    a5, a5, 64
C0:      15268 [1] pc=[0000000080000bb2] W[r 0=0000000000000000][0] R[r15=0000000000000000] R[r 0=0000000000000000] inst=[ea0796e3] bnez    a5, pc - 340
C0:      15269 [1] pc=[0000000080000bb6] W[r10=0000000000000001][1] R[r 2=000000008002ae60] R[r 0=0000000000000000] inst=[00005512] c.lwsp  a0, 36(sp)
C0:      15270 [1] pc=[0000000080000bb8] W[r 0=0000000080000bba][1] R[r 0=0000000000000000] R[r 0=0000000000000000] inst=[0000b565] c.j     pc - 344
C0:      15271 [1] pc=[0000000080000a60] W[r 1=00000000800004a8][1] R[r 2=000000008002ae60] R[r 0=0000000000000000] inst=[000060ae] c.ldsp  ra, 200(sp)
C0:      15272 [1] pc=[0000000080000a62] W[r 8=0000000080001f20][1] R[r 2=000000008002ae60] R[r 0=0000000000000000] inst=[0000640e] c.ldsp  s0, 192(sp)
C0:      15273 [1] pc=[0000000080000a64] W[r 9=0000000000000000][1] R[r 2=000000008002ae60] R[r 0=0000000000000000] inst=[000074ea] c.ldsp  s1, 184(sp)
C0:      15274 [1] pc=[0000000080000a66] W[r18=0000000000000000][1] R[r 2=000000008002ae60] R[r 0=0000000000000000] inst=[0000794a] c.ldsp  s2, 176(sp)
C0:      15275 [1] pc=[0000000080000a68] W[r19=0000000000000000][1] R[r 2=000000008002ae60] R[r 0=0000000000000000] inst=[000079aa] c.ldsp  s3, 168(sp)
C0:      15276 [1] pc=[0000000080000a6a] W[r20=0000000000000000][1] R[r 2=000000008002ae60] R[r 0=0000000000000000] inst=[00007a0a] c.ldsp  s4, 160(sp)
C0:      15277 [1] pc=[0000000080000a6c] W[r21=0000000000000000][1] R[r 2=000000008002ae60] R[r 0=0000000000000000] inst=[00006aea] c.ldsp  s5, 152(sp)
C0:      15278 [1] pc=[0000000080000a6e] W[r22=0000000000000000][1] R[r 2=000000008002ae60] R[r 0=0000000000000000] inst=[00006b4a] c.ldsp  s6, 144(sp)
C0:      15279 [1] pc=[0000000080000a70] W[r23=0000000000000000][1] R[r 2=000000008002ae60] R[r 0=0000000000000000] inst=[00006baa] c.ldsp  s7, 136(sp)
C0:      15280 [1] pc=[0000000080000a72] W[r24=0000000000000000][1] R[r 2=000000008002ae60] R[r 0=0000000000000000] inst=[00006c0a] c.ldsp  s8, 128(sp)
C0:      15281 [1] pc=[0000000080000a74] W[r25=0000000000000000][1] R[r 2=000000008002ae60] R[r 0=0000000000000000] inst=[00007ce6] c.ldsp  s9, 120(sp)
C0:      15282 [1] pc=[0000000080000a76] W[r26=0000000000000000][1] R[r 2=000000008002ae60] R[r 0=0000000000000000] inst=[00007d46] c.ldsp  s10, 112(sp)
C0:      15283 [1] pc=[0000000080000a78] W[r 2=000000008002af30][1] R[r 2=000000008002ae60] R[r 0=0000000000000000] inst=[00006169] c.addi16sp sp, 208
C0:      15284 [1] pc=[0000000080000a7a] W[r 0=0000000080000a7c][1] R[r 1=00000000800004a8] R[r 0=0000000000000000] inst=[00008082] ret
C0:      15288 [1] pc=[00000000800004a8] W[r 1=00000000800003d2][1] R[r 2=000000008002af30] R[r 0=0000000000000000] inst=[000070a2] c.ldsp  ra, 40(sp)
C0:      15289 [1] pc=[00000000800004aa] W[r 8=000000008002b000][1] R[r 2=000000008002af30] R[r 0=0000000000000000] inst=[00007402] c.ldsp  s0, 32(sp)
C0:      15290 [1] pc=[00000000800004ac] W[r 2=000000008002afa0][1] R[r 2=000000008002af30] R[r 0=0000000000000000] inst=[00006165] c.addi16sp sp, 112
C0:      15291 [1] pc=[00000000800004ae] W[r 0=00000000800004b0][1] R[r 1=00000000800003d2] R[r 0=0000000000000000] inst=[00008082] ret
C0:      15296 [1] pc=[00000000800003d2] W[r15=0000000000000001][1] R[r 8=000000008002b000] R[r 0=0000000000000000] inst=[fdc42783] lw      a5, -36(s0)
C0:      15298 [1] pc=[00000000800003d6] W[r15=0000000000000002][1] R[r15=0000000000000001] R[r 0=0000000000000000] inst=[00002785] c.addiw a5, 1
C0:      15299 [1] pc=[00000000800003d8] W[r 0=0000000000000000][0] R[r 8=000000008002b000] R[r15=0000000000000002] inst=[fcf42e23] sw      a5, -36(s0)
C0:      15305 [1] pc=[00000000800003dc] W[r15=0000000000000002][1] R[r 8=000000008002b000] R[r 0=0000000000000000] inst=[fdc42783] lw      a5, -36(s0)
C0:      15307 [1] pc=[00000000800003e0] W[r14=0000000000000002][1] R[r15=0000000000000002] R[r 0=0000000000000000] inst=[0007871b] sext.w  a4, a5
C0:      15308 [1] pc=[00000000800003e4] W[r15=0000000000000001][1] R[r 0=0000000000000000] R[r 0=0000000000000000] inst=[00004785] c.li    a5, 1
C0:      15309 [1] pc=[00000000800003e6] W[r 0=0000000000000000][0] R[r15=0000000000000001] R[r14=0000000000000002] inst=[fae7d7e3] bge     a5, a4, pc - 82
C0:      15314 [1] pc=[00000000800003ea] W[r10=00000000800023ea][1] R[r 0=0000000000000000] R[r 0=0000000000000000] inst=[00002517] auipc   a0, 0x2
C0:      15315 [1] pc=[00000000800003ee] W[r10=0000000080001f28][1] R[r10=00000000800023ea] R[r 0=0000000000000000] inst=[b3e50513] addi    a0, a0, -1218
C0:      15316 [1] pc=[00000000800003f2] W[r 1=00000000800003f6][1] R[r 0=0000000000000000] R[r 0=0000000000000000] inst=[07e000ef] jal     pc + 0x7e
C0:      15318 [1] pc=[0000000080000470] W[r 2=000000008002af30][1] R[r 2=000000008002afa0] R[r 0=0000000000000000] inst=[00007159] c.addi16sp sp, -112
C0:      15319 [1] pc=[0000000080000472] W[r 0=0000000000000000][0] R[r 2=000000008002af30] R[r 8=000000008002b000] inst=[0000f022] c.sdsp  s0, 32(sp)
C0:      15320 [1] pc=[0000000080000474] W[r 0=0000000000000000][0] R[r 2=000000008002af30] R[r 1=00000000800003f6] inst=[0000f406] c.sdsp  ra, 40(sp)
C0:      15321 [1] pc=[0000000080000476] W[r 8=0000000080001f28][1] R[r 0=0000000000000000] R[r10=0000000080001f28] inst=[0000842a] c.mv    s0, a0
C0:      15322 [1] pc=[0000000080000478] W[r 0=0000000000000000][0] R[r 2=000000008002af30] R[r11=000000000000005d] inst=[0000fc2e] c.sdsp  a1, 56(sp)
C0:      15323 [1] pc=[000000008000047a] W[r 0=0000000000000000][0] R[r 2=000000008002af30] R[r12=0000000080002440] inst=[0000e0b2] c.sdsp  a2, 64(sp)
C0:      15324 [1] pc=[000000008000047c] W[r 0=0000000000000000][0] R[r 2=000000008002af30] R[r13=fffffff700000000] inst=[0000e4b6] c.sdsp  a3, 72(sp)
C0:      15325 [1] pc=[000000008000047e] W[r 0=0000000000000000][0] R[r 2=000000008002af30] R[r14=0000000000000002] inst=[0000e8ba] c.sdsp  a4, 80(sp)
C0:      15326 [1] pc=[0000000080000480] W[r 0=0000000000000000][0] R[r 2=000000008002af30] R[r15=0000000000000001] inst=[0000ecbe] c.sdsp  a5, 88(sp)
C0:      15327 [1] pc=[0000000080000482] W[r 0=0000000000000000][0] R[r 2=000000008002af30] R[r16=000000000000000a] inst=[0000f0c2] c.sdsp  a6, 96(sp)
C0:      15328 [1] pc=[0000000080000484] W[r 0=0000000000000000][0] R[r 2=000000008002af30] R[r17=0000000000000000] inst=[0000f4c6] c.sdsp  a7, 104(sp)
C0:      15329 [1] pc=[0000000080000486] W[r10=0000000080002486][1] R[r 0=0000000000000000] R[r 0=0000000000000000] inst=[00002517] auipc   a0, 0x2
C0:      15330 [1] pc=[000000008000048a] W[r10=0000000080002150][1] R[r10=0000000080002486] R[r 0=0000000000000000] inst=[d7a53503] ld      a0, -646(a0)
C0:      15332 [1] pc=[000000008000048e] W[r 0=0000000000000000][0] R[r10=0000000080002150] R[r 0=0000000000000000] inst=[0000c519] c.beqz  a0, pc + 14
C0:      15333 [1] pc=[0000000080000490] W[r15=0000000000000001][1] R[r10=0000000080002150] R[r 0=0000000000000000] inst=[0000591c] c.lw    a5, 48(a0)
C0:      15335 [1] pc=[0000000080000492] W[r 0=0000000000000000][0] R[r15=0000000000000001] R[r 0=0000000000000000] inst=[0000e789] c.bnez  a5, pc + 10
C0:      15339 [1] pc=[000000008000049c] W[r11=0000000080002440][1] R[r10=0000000080002150] R[r 0=0000000000000000] inst=[0000690c] c.ld    a1, 16(a0)
C0:      15340 [1] pc=[000000008000049e] W[r13=000000008002af68][1] R[r 2=000000008002af30] R[r 0=0000000000000000] inst=[00001834] c.addi4spn a3, sp, 56
C0:      15341 [1] pc=[00000000800004a0] W[r12=0000000080001f28][1] R[r 0=0000000000000000] R[r 8=0000000080001f28] inst=[00008622] c.mv    a2, s0
C0:      15342 [1] pc=[00000000800004a2] W[r 0=0000000000000000][0] R[r 2=000000008002af30] R[r13=000000008002af68] inst=[0000ec36] c.sdsp  a3, 24(sp)
C0:      15343 [1] pc=[00000000800004a4] W[r 1=00000000800004a8][1] R[r 0=0000000000000000] R[r 0=0000000000000000] inst=[47a000ef] jal     pc + 0x47a
C0:      15344 [1] pc=[000000008000091e] W[r 2=000000008002ae60][1] R[r 2=000000008002af30] R[r 0=0000000000000000] inst=[00007155] c.addi16sp sp, -208
C0:      15345 [1] pc=[0000000080000920] W[r 0=0000000000000000][0] R[r 2=000000008002ae60] R[r 8=0000000080001f28] inst=[0000e1a2] c.sdsp  s0, 192(sp)
C0:      15346 [1] pc=[0000000080000922] W[r 0=0000000000000000][0] R[r 2=000000008002ae60] R[r 9=0000000000000000] inst=[0000fd26] c.sdsp  s1, 184(sp)
C0:      15347 [1] pc=[0000000080000924] W[r 0=0000000000000000][0] R[r 2=000000008002ae60] R[r18=0000000000000000] inst=[0000f94a] c.sdsp  s2, 176(sp)
C0:      15348 [1] pc=[0000000080000926] W[r 0=0000000000000000][0] R[r 2=000000008002ae60] R[r19=0000000000000000] inst=[0000f54e] c.sdsp  s3, 168(sp)
C0:      15349 [1] pc=[0000000080000928] W[r 0=0000000000000000][0] R[r 2=000000008002ae60] R[r20=0000000000000000] inst=[0000f152] c.sdsp  s4, 160(sp)
C0:      15350 [1] pc=[000000008000092a] W[r 0=0000000000000000][0] R[r 2=000000008002ae60] R[r 1=00000000800004a8] inst=[0000e586] c.sdsp  ra, 200(sp)
C0:      15351 [1] pc=[000000008000092c] W[r 0=0000000000000000][0] R[r 2=000000008002ae60] R[r21=0000000000000000] inst=[0000ed56] c.sdsp  s5, 152(sp)
C0:      15352 [1] pc=[000000008000092e] W[r 0=0000000000000000][0] R[r 2=000000008002ae60] R[r22=0000000000000000] inst=[0000e95a] c.sdsp  s6, 144(sp)
C0:      15353 [1] pc=[0000000080000930] W[r 0=0000000000000000][0] R[r 2=000000008002ae60] R[r23=0000000000000000] inst=[0000e55e] c.sdsp  s7, 136(sp)
C0:      15354 [1] pc=[0000000080000932] W[r 0=0000000000000000][0] R[r 2=000000008002ae60] R[r24=0000000000000000] inst=[0000e162] c.sdsp  s8, 128(sp)
C0:      15355 [1] pc=[0000000080000934] W[r 0=0000000000000000][0] R[r 2=000000008002ae60] R[r25=0000000000000000] inst=[0000fce6] c.sdsp  s9, 120(sp)
C0:      15356 [1] pc=[0000000080000936] W[r 0=0000000000000000][0] R[r 2=000000008002ae60] R[r26=0000000000000000] inst=[0000f8ea] c.sdsp  s10, 112(sp)
C0:      15357 [1] pc=[0000000080000938] W[r19=0000000080002150][1] R[r 0=0000000000000000] R[r10=0000000080002150] inst=[000089aa] c.mv    s3, a0
C0:      15358 [1] pc=[000000008000093a] W[r 9=0000000080002440][1] R[r 0=0000000000000000] R[r11=0000000080002440] inst=[000084ae] c.mv    s1, a1
C0:      15359 [1] pc=[000000008000093c] W[r18=0000000080001f28][1] R[r 0=0000000000000000] R[r12=0000000080001f28] inst=[00008932] c.mv    s2, a2
C0:      15360 [1] pc=[000000008000093e] W[r 8=000000008002af68][1] R[r 0=0000000000000000] R[r13=000000008002af68] inst=[00008436] c.mv    s0, a3
C0:      15361 [1] pc=[0000000080000940] W[r20=0000000000000000][1] R[r 0=0000000000000000] R[r 0=0000000000000000] inst=[00004a01] c.li    s4, 0
C0:      15362 [1] pc=[0000000080000942] W[r 0=0000000000000000][0] R[r10=0000000080002150] R[r 0=0000000000000000] inst=[0000c509] c.beqz  a0, pc + 10
C0:      15363 [1] pc=[0000000080000944] W[r15=0000000000000001][1] R[r10=0000000080002150] R[r 0=0000000000000000] inst=[0000591c] c.lw    a5, 48(a0)
C0:      15365 [1] pc=[0000000080000946] W[r 0=0000000000000000][0] R[r15=0000000000000001] R[r 0=0000000000000000] inst=[0000e399] c.bnez  a5, pc + 6
C0:      15366 [1] pc=[000000008000094c] W[r15=000000008000194c][1] R[r 0=0000000000000000] R[r 0=0000000000000000] inst=[00001797] auipc   a5, 0x1
C0:      15367 [1] pc=[0000000080000950] W[r15=0000000080001fb0][1] R[r15=000000008000194c] R[r 0=0000000000000000] inst=[66478793] addi    a5, a5, 1636
C0:      15368 [1] pc=[0000000080000954] W[r 0=0000000000000000][0] R[r 9=0000000080002440] R[r15=0000000080001fb0] inst=[0cf49e63] bne     s1, a5, pc + 220
C0:      15369 [1] pc=[0000000080000a30] W[r15=0000000080001a30][1] R[r 0=0000000000000000] R[r 0=0000000000000000] inst=[00001797] auipc   a5, 0x1
C0:      15370 [1] pc=[0000000080000a34] W[r15=0000000080001fe8][1] R[r15=0000000080001a30] R[r 0=0000000000000000] inst=[5b878793] addi    a5, a5, 1464
C0:      15371 [1] pc=[0000000080000a38] W[r 0=0000000000000000][0] R[r 9=0000000080002440] R[r15=0000000080001fe8] inst=[00f49563] bne     s1, a5, pc + 10
C0:      15373 [1] pc=[0000000080000a42] W[r15=0000000080001a42][1] R[r 0=0000000000000000] R[r 0=0000000000000000] inst=[00001797] auipc   a5, 0x1
C0:      15374 [1] pc=[0000000080000a46] W[r15=0000000080001f78][1] R[r15=0000000080001a42] R[r 0=0000000000000000] inst=[53678793] addi    a5, a5, 1334
C0:      15375 [1] pc=[0000000080000a4a] W[r 0=0000000000000000][0] R[r 9=0000000080002440] R[r15=0000000080001f78] inst=[f0f499e3] bne     s1, a5, pc - 238
C0:      15376 [1] pc=[000000008000095c] W[r15=0000000000000089][1] R[r 9=0000000080002440] R[r 0=0000000000000000] inst=[0104d783] lhu     a5, 16(s1)
C0:      15379 [1] pc=[0000000080000960] W[r15=0000000000000008][1] R[r15=0000000000000089] R[r 0=0000000000000000] inst=[00008ba1] c.andi  a5, 8
C0:      15380 [1] pc=[0000000080000962] W[r 0=0000000000000000][0] R[r15=0000000000000008] R[r 0=0000000000000000] inst=[0000cbed] c.beqz  a5, pc + 242
C0:      15381 [1] pc=[0000000080000964] W[r15=0000000080002658][1] R[r 9=0000000080002440] R[r 0=0000000000000000] inst=[00006c9c] c.ld    a5, 24(s1)
C0:      15383 [1] pc=[0000000080000966] W[r 0=0000000000000000][0] R[r15=0000000080002658] R[r 0=0000000000000000] inst=[0000c7fd] c.beqz  a5, pc + 238
C0:      15384 [1] pc=[0000000080000968] W[r15=0000000000000020][1] R[r 0=0000000000000000] R[r 0=0000000000000000] inst=[02000793] li      a5, 32
C0:      15385 [1] pc=[000000008000096c] W[r 0=0000000000000000][0] R[r 2=000000008002ae60] R[r15=0000000000000020] inst=[02f104a3] sb      a5, 41(sp)
C0:      15386 [1] pc=[0000000080000970] W[r21=ffffffffffffffff][1] R[r 0=0000000000000000] R[r 0=0000000000000000] inst=[00005afd] c.li    s5, -1
C0:      15387 [1] pc=[0000000080000972] W[r15=0000000000000030][1] R[r 0=0000000000000000] R[r 0=0000000000000000] inst=[03000793] li      a5, 48
C0:      15388 [1] pc=[0000000080000976] W[r 0=0000000000000000][0] R[r 2=000000008002ae60] R[r 0=0000000000000000] inst=[0000d202] c.swsp  zero, 36(sp)
C0:      15389 [1] pc=[0000000080000978] W[r 0=0000000000000000][0] R[r 2=000000008002ae60] R[r15=0000000000000030] inst=[02f10523] sb      a5, 42(sp)
C0:      15390 [1] pc=[000000008000097c] W[r 0=0000000000000000][0] R[r 2=000000008002ae60] R[r 8=000000008002af68] inst=[0000e422] c.sdsp  s0, 8(sp)
C0:      15391 [1] pc=[000000008000097e] W[r23=0000000000000025][1] R[r 0=0000000000000000] R[r 0=0000000000000000] inst=[02500b93] li      s7, 37
C0:      15392 [1] pc=[0000000080000982] W[r24=ffffffff00000000][1] R[r21=ffffffffffffffff] R[r 0=0000000000000000] inst=[020a9c13] slli    s8, s5, 32
C0:      15393 [1] pc=[0000000080000986] W[r22=0000000080001986][1] R[r 0=0000000000000000] R[r 0=0000000000000000] inst=[00001b17] auipc   s6, 0x1
C0:      15394 [1] pc=[000000008000098a] W[r22=0000000080002020][1] R[r22=0000000080001986] R[r 0=0000000000000000] inst=[69ab0b13] addi    s6, s6, 1690
C0:      15395 [1] pc=[000000008000098e] W[r25=0000000000000001][1] R[r 0=0000000000000000] R[r 0=0000000000000000] inst=[00004c85] c.li    s9, 1
C0:      15396 [1] pc=[0000000080000990] W[r 8=0000000080001f28][1] R[r 0=0000000000000000] R[r18=0000000080001f28] inst=[0000844a] c.mv    s0, s2
C0:      15397 [1] pc=[0000000080000992] W[r15=000000000000005d][1] R[r 8=0000000080001f28] R[r 0=0000000000000000] inst=[00044783] lbu     a5, 0(s0)
C0:      15400 [1] pc=[0000000080000996] W[r 0=0000000000000000][0] R[r15=000000000000005d] R[r 0=0000000000000000] inst=[0000c399] c.beqz  a5, pc + 6
C0:      15401 [1] pc=[0000000080000998] W[r 0=0000000000000000][0] R[r15=000000000000005d] R[r23=0000000000000025] inst=[0f779263] bne     a5, s7, pc + 228
C0:      15405 [1] pc=[0000000080000a7c] W[r 8=0000000080001f29][1] R[r 8=0000000080001f28] R[r 0=0000000000000000] inst=[00000405] c.addi  s0, 1
C0:      15406 [1] pc=[0000000080000a7e] W[r 0=0000000080000a80][1] R[r 0=0000000000000000] R[r 0=0000000000000000] inst=[0000bf11] c.j     pc - 236
C0:      15407 [1] pc=[0000000080000992] W[r15=000000000000000a][1] R[r 8=0000000080001f29] R[r 0=0000000000000000] inst=[00044783] lbu     a5, 0(s0)
C0:      15410 [1] pc=[0000000080000996] W[r 0=0000000000000000][0] R[r15=000000000000000a] R[r 0=0000000000000000] inst=[0000c399] c.beqz  a5, pc + 6
C0:      15414 [1] pc=[0000000080000998] W[r 0=0000000000000000][0] R[r15=000000000000000a] R[r23=0000000000000025] inst=[0f779263] bne     a5, s7, pc + 228
C0:      15418 [1] pc=[0000000080000a7c] W[r 8=0000000080001f2a][1] R[r 8=0000000080001f29] R[r 0=0000000000000000] inst=[00000405] c.addi  s0, 1
C0:      15419 [1] pc=[0000000080000a7e] W[r 0=0000000080000a80][1] R[r 0=0000000000000000] R[r 0=0000000000000000] inst=[0000bf11] c.j     pc - 236
C0:      15420 [1] pc=[0000000080000992] W[r15=0000000000000000][1] R[r 8=0000000080001f2a] R[r 0=0000000000000000] inst=[00044783] lbu     a5, 0(s0)
C0:      15423 [1] pc=[0000000080000996] W[r 0=0000000000000000][0] R[r15=0000000000000000] R[r 0=0000000000000000] inst=[0000c399] c.beqz  a5, pc + 6
C0:      15424 [1] pc=[000000008000099c] W[r26=0000000000000002][1] R[r 8=0000000080001f2a] R[r18=0000000080001f28] inst=[41240d3b] subw    s10, s0, s2
C0:      15425 [1] pc=[00000000800009a0] W[r 0=0000000000000000][0] R[r26=0000000000000002] R[r 0=0000000000000000] inst=[000d0e63] beqz    s10, pc + 28
C0:      15426 [1] pc=[00000000800009a4] W[r13=0000000000000002][1] R[r 0=0000000000000000] R[r26=0000000000000002] inst=[000086ea] c.mv    a3, s10
C0:      15427 [1] pc=[00000000800009a6] W[r12=0000000080001f28][1] R[r 0=0000000000000000] R[r18=0000000080001f28] inst=[0000864a] c.mv    a2, s2
C0:      15428 [1] pc=[00000000800009a8] W[r11=0000000080002440][1] R[r 0=0000000000000000] R[r 9=0000000080002440] inst=[000085a6] c.mv    a1, s1
C0:      15429 [1] pc=[00000000800009aa] W[r10=0000000080002150][1] R[r 0=0000000000000000] R[r19=0000000080002150] inst=[0000854e] c.mv    a0, s3
C0:      15430 [1] pc=[00000000800009ac] W[r 1=00000000800009b0][1] R[r 0=0000000000000000] R[r 0=0000000000000000] inst=[f07ff0ef] jal     pc - 0xfa
C0:      15431 [1] pc=[00000000800008b2] W[r 2=000000008002ae30][1] R[r 2=000000008002ae60] R[r 0=0000000000000000] inst=[00007179] c.addi16sp sp, -48
C0:      15432 [1] pc=[00000000800008b4] W[r 0=0000000000000000][0] R[r 2=000000008002ae30] R[r 8=0000000080001f2a] inst=[0000f022] c.sdsp  s0, 32(sp)
C0:      15433 [1] pc=[00000000800008b6] W[r 0=0000000000000000][0] R[r 2=000000008002ae30] R[r 9=0000000080002440] inst=[0000ec26] c.sdsp  s1, 24(sp)
C0:      15434 [1] pc=[00000000800008b8] W[r 0=0000000000000000][0] R[r 2=000000008002ae30] R[r18=0000000080001f28] inst=[0000e84a] c.sdsp  s2, 16(sp)
C0:      15435 [1] pc=[00000000800008ba] W[r 0=0000000000000000][0] R[r 2=000000008002ae30] R[r19=0000000080002150] inst=[0000e44e] c.sdsp  s3, 8(sp)
C0:      15436 [1] pc=[00000000800008bc] W[r 0=0000000000000000][0] R[r 2=000000008002ae30] R[r20=0000000000000000] inst=[0000e052] c.sdsp  s4, 0(sp)
C0:      15437 [1] pc=[00000000800008be] W[r 0=0000000000000000][0] R[r 2=000000008002ae30] R[r 1=00000000800009b0] inst=[0000f406] c.sdsp  ra, 40(sp)
C0:      15438 [1] pc=[00000000800008c0] W[r18=0000000080002150][1] R[r 0=0000000000000000] R[r10=0000000080002150] inst=[0000892a] c.mv    s2, a0
C0:      15439 [1] pc=[00000000800008c2] W[r19=0000000080002440][1] R[r 0=0000000000000000] R[r11=0000000080002440] inst=[000089ae] c.mv    s3, a1
C0:      15440 [1] pc=[00000000800008c4] W[r 8=0000000080001f28][1] R[r 0=0000000000000000] R[r12=0000000080001f28] inst=[00008432] c.mv    s0, a2
C0:      15441 [1] pc=[00000000800008c6] W[r 9=0000000080001f2a][1] R[r12=0000000080001f28] R[r13=0000000000000002] inst=[00d604b3] add     s1, a2, a3
C0:      15442 [1] pc=[00000000800008ca] W[r20=ffffffffffffffff][1] R[r 0=0000000000000000] R[r 0=0000000000000000] inst=[00005a7d] c.li    s4, -1
C0:      15443 [1] pc=[00000000800008cc] W[r 0=0000000000000000][0] R[r 8=0000000080001f28] R[r 9=0000000080001f2a] inst=[00941463] bne     s0, s1, pc + 8
C0:      15447 [1] pc=[00000000800008d4] W[r11=000000000000005d][1] R[r 8=0000000080001f28] R[r 0=0000000000000000] inst=[00044583] lbu     a1, 0(s0)
C0:      15448 [1] pc=[00000000800008d8] W[r12=0000000080002440][1] R[r 0=0000000000000000] R[r19=0000000080002440] inst=[0000864e] c.mv    a2, s3
C0:      15449 [1] pc=[00000000800008da] W[r10=0000000080002150][1] R[r 0=0000000000000000] R[r18=0000000080002150] inst=[0000854a] c.mv    a0, s2
C0:      15450 [1] pc=[00000000800008dc] W[r 1=00000000800008e0][1] R[r 0=0000000000000000] R[r 0=0000000000000000] inst=[fa7ff0ef] jal     pc - 0x5a
C0:      15451 [1] pc=[0000000080000882] W[r15=fffffffffffffff7][1] R[r12=0000000080002440] R[r 0=0000000000000000] inst=[0000465c] c.lw    a5, 12(a2)
C0:      15453 [1] pc=[0000000080000884] W[r15=fffffffffffffff6][1] R[r15=fffffffffffffff7] R[r 0=0000000000000000] inst=[000037fd] c.addiw a5, -1
C0:      15454 [1] pc=[0000000080000886] W[r 0=0000000000000000][0] R[r12=0000000080002440] R[r15=fffffffffffffff6] inst=[0000c65c] c.sw    a5, 12(a2)
C0:      15455 [1] pc=[0000000080000888] W[r13=fffffff600000000][1] R[r15=fffffffffffffff6] R[r 0=0000000000000000] inst=[02079693] slli    a3, a5, 32
C0:      15456 [1] pc=[000000008000088c] W[r14=fffffffffffffff6][1] R[r15=fffffffffffffff6] R[r 0=0000000000000000] inst=[0007871b] sext.w  a4, a5
C0:      15457 [1] pc=[0000000080000890] W[r 0=0000000000000000][0] R[r13=fffffff600000000] R[r 0=0000000000000000] inst=[0006d963] bgez    a3, pc + 18
C0:      15458 [1] pc=[0000000080000894] W[r15=fffffffffffffc00][1] R[r12=0000000080002440] R[r 0=0000000000000000] inst=[0000561c] c.lw    a5, 40(a2)
C0:      15460 [1] pc=[0000000080000896] W[r 0=0000000000000000][0] R[r14=fffffffffffffff6] R[r15=fffffffffffffc00] inst=[00f74563] blt     a4, a5, pc + 10
C0:      15461 [1] pc=[000000008000089a] W[r15=000000000000000a][1] R[r 0=0000000000000000] R[r 0=0000000000000000] inst=[000047a9] c.li    a5, 10
C0:      15462 [1] pc=[000000008000089c] W[r 0=0000000000000000][0] R[r11=000000000000005d] R[r15=000000000000000a] inst=[00f59363] bne     a1, a5, pc + 6
C0:      15463 [1] pc=[00000000800008a2] W[r15=0000000080002661][1] R[r12=0000000080002440] R[r 0=0000000000000000] inst=[0000621c] c.ld    a5, 0(a2)
C0:      15464 [1] pc=[00000000800008a4] W[r10=000000000000005d][1] R[r 0=0000000000000000] R[r11=000000000000005d] inst=[0000852e] c.mv    a0, a1
C0:      15465 [1] pc=[00000000800008a6] W[r14=0000000080002662][1] R[r15=0000000080002661] R[r 0=0000000000000000] inst=[00178713] addi    a4, a5, 1
C0:      15466 [1] pc=[00000000800008aa] W[r 0=0000000000000000][0] R[r12=0000000080002440] R[r14=0000000080002662] inst=[0000e218] c.sd    a4, 0(a2)
C0:      15467 [1] pc=[00000000800008ac] W[r 0=0000000000000000][0] R[r15=0000000080002661] R[r11=000000000000005d] inst=[00b78023] sb      a1, 0(a5)
C0:      15468 [1] pc=[00000000800008b0] W[r 0=00000000800008b2][1] R[r 1=00000000800008e0] R[r 0=0000000000000000] inst=[00008082] ret
C0:      15469 [1] pc=[00000000800008e0] W[r 8=0000000080001f29][1] R[r 8=0000000080001f28] R[r 0=0000000000000000] inst=[00000405] c.addi  s0, 1
C0:      15470 [1] pc=[00000000800008e2] W[r 0=0000000000000000][0] R[r10=000000000000005d] R[r20=ffffffffffffffff] inst=[ff4515e3] bne     a0, s4, pc - 22
C0:      15471 [1] pc=[00000000800008cc] W[r 0=0000000000000000][0] R[r 8=0000000080001f29] R[r 9=0000000080001f2a] inst=[00941463] bne     s0, s1, pc + 8
C0:      15475 [1] pc=[00000000800008d4] W[r11=000000000000000a][1] R[r 8=0000000080001f29] R[r 0=0000000000000000] inst=[00044583] lbu     a1, 0(s0)
C0:      15476 [1] pc=[00000000800008d8] W[r12=0000000080002440][1] R[r 0=0000000000000000] R[r19=0000000080002440] inst=[0000864e] c.mv    a2, s3
C0:      15477 [1] pc=[00000000800008da] W[r10=0000000080002150][1] R[r 0=0000000000000000] R[r18=0000000080002150] inst=[0000854a] c.mv    a0, s2
C0:      15478 [1] pc=[00000000800008dc] W[r 1=00000000800008e0][1] R[r 0=0000000000000000] R[r 0=0000000000000000] inst=[fa7ff0ef] jal     pc - 0x5a
C0:      15479 [1] pc=[0000000080000882] W[r15=fffffffffffffff6][1] R[r12=0000000080002440] R[r 0=0000000000000000] inst=[0000465c] c.lw    a5, 12(a2)
C0:      15481 [1] pc=[0000000080000884] W[r15=fffffffffffffff5][1] R[r15=fffffffffffffff6] R[r 0=0000000000000000] inst=[000037fd] c.addiw a5, -1
C0:      15482 [1] pc=[0000000080000886] W[r 0=0000000000000000][0] R[r12=0000000080002440] R[r15=fffffffffffffff5] inst=[0000c65c] c.sw    a5, 12(a2)
C0:      15483 [1] pc=[0000000080000888] W[r13=fffffff500000000][1] R[r15=fffffffffffffff5] R[r 0=0000000000000000] inst=[02079693] slli    a3, a5, 32
C0:      15484 [1] pc=[000000008000088c] W[r14=fffffffffffffff5][1] R[r15=fffffffffffffff5] R[r 0=0000000000000000] inst=[0007871b] sext.w  a4, a5
C0:      15485 [1] pc=[0000000080000890] W[r 0=0000000000000000][0] R[r13=fffffff500000000] R[r 0=0000000000000000] inst=[0006d963] bgez    a3, pc + 18
C0:      15486 [1] pc=[0000000080000894] W[r15=fffffffffffffc00][1] R[r12=0000000080002440] R[r 0=0000000000000000] inst=[0000561c] c.lw    a5, 40(a2)
C0:      15488 [1] pc=[0000000080000896] W[r 0=0000000000000000][0] R[r14=fffffffffffffff5] R[r15=fffffffffffffc00] inst=[00f74563] blt     a4, a5, pc + 10
C0:      15489 [1] pc=[000000008000089a] W[r15=000000000000000a][1] R[r 0=0000000000000000] R[r 0=0000000000000000] inst=[000047a9] c.li    a5, 10
C0:      15490 [1] pc=[000000008000089c] W[r 0=0000000000000000][0] R[r11=000000000000000a] R[r15=000000000000000a] inst=[00f59363] bne     a1, a5, pc + 6
C0:      15494 [1] pc=[00000000800008a0] W[r 0=00000000800008a2][1] R[r 0=0000000000000000] R[r 0=0000000000000000] inst=[0000a135] c.j     pc + 1068
C0:      15496 [1] pc=[0000000080000ccc] W[r 2=000000008002ae00][1] R[r 2=000000008002ae30] R[r 0=0000000000000000] inst=[00007179] c.addi16sp sp, -48
C0:      15497 [1] pc=[0000000080000cce] W[r 0=0000000000000000][0] R[r 2=000000008002ae00] R[r 8=0000000080001f29] inst=[0000f022] c.sdsp  s0, 32(sp)
C0:      15498 [1] pc=[0000000080000cd0] W[r 0=0000000000000000][0] R[r 2=000000008002ae00] R[r 9=0000000080001f2a] inst=[0000ec26] c.sdsp  s1, 24(sp)
C0:      15499 [1] pc=[0000000080000cd2] W[r 0=0000000000000000][0] R[r 2=000000008002ae00] R[r18=0000000080002150] inst=[0000e84a] c.sdsp  s2, 16(sp)
C0:      15500 [1] pc=[0000000080000cd4] W[r 0=0000000000000000][0] R[r 2=000000008002ae00] R[r 1=00000000800008e0] inst=[0000f406] c.sdsp  ra, 40(sp)
C0:      15501 [1] pc=[0000000080000cd6] W[r 0=0000000000000000][0] R[r 2=000000008002ae00] R[r19=0000000080002440] inst=[0000e44e] c.sdsp  s3, 8(sp)
C0:      15502 [1] pc=[0000000080000cd8] W[r 9=0000000080002150][1] R[r 0=0000000000000000] R[r10=0000000080002150] inst=[000084aa] c.mv    s1, a0
C0:      15503 [1] pc=[0000000080000cda] W[r18=000000000000000a][1] R[r 0=0000000000000000] R[r11=000000000000000a] inst=[0000892e] c.mv    s2, a1
C0:      15504 [1] pc=[0000000080000cdc] W[r 8=0000000080002440][1] R[r 0=0000000000000000] R[r12=0000000080002440] inst=[00008432] c.mv    s0, a2
C0:      15505 [1] pc=[0000000080000cde] W[r 0=0000000000000000][0] R[r10=0000000080002150] R[r 0=0000000000000000] inst=[0000c509] c.beqz  a0, pc + 10
C0:      15506 [1] pc=[0000000080000ce0] W[r15=0000000000000001][1] R[r10=0000000080002150] R[r 0=0000000000000000] inst=[0000591c] c.lw    a5, 48(a0)
C0:      15508 [1] pc=[0000000080000ce2] W[r 0=0000000000000000][0] R[r15=0000000000000001] R[r 0=0000000000000000] inst=[0000e399] c.bnez  a5, pc + 6
C0:      15512 [1] pc=[0000000080000ce8] W[r15=0000000080001ce8][1] R[r 0=0000000000000000] R[r 0=0000000000000000] inst=[00001797] auipc   a5, 0x1
C0:      15513 [1] pc=[0000000080000cec] W[r15=0000000080001fb0][1] R[r15=0000000080001ce8] R[r 0=0000000000000000] inst=[2c878793] addi    a5, a5, 712
C0:      15514 [1] pc=[0000000080000cf0] W[r 0=0000000000000000][0] R[r 8=0000000080002440] R[r15=0000000080001fb0] inst=[06f41a63] bne     s0, a5, pc + 116
C0:      15516 [1] pc=[0000000080000d64] W[r15=0000000080001d64][1] R[r 0=0000000000000000] R[r 0=0000000000000000] inst=[00001797] auipc   a5, 0x1
C0:      15517 [1] pc=[0000000080000d68] W[r15=0000000080001fe8][1] R[r15=0000000080001d64] R[r 0=0000000000000000] inst=[28478793] addi    a5, a5, 644
C0:      15518 [1] pc=[0000000080000d6c] W[r 0=0000000000000000][0] R[r 8=0000000080002440] R[r15=0000000080001fe8] inst=[00f41463] bne     s0, a5, pc + 8
C0:      15522 [1] pc=[0000000080000d74] W[r15=0000000080001d74][1] R[r 0=0000000000000000] R[r 0=0000000000000000] inst=[00001797] auipc   a5, 0x1
C0:      15523 [1] pc=[0000000080000d78] W[r15=0000000080001f78][1] R[r15=0000000080001d74] R[r 0=0000000000000000] inst=[20478793] addi    a5, a5, 516
C0:      15524 [1] pc=[0000000080000d7c] W[r 0=0000000000000000][0] R[r 8=0000000080002440] R[r15=0000000080001f78] inst=[f6f41de3] bne     s0, a5, pc - 134
C0:      15528 [1] pc=[0000000080000cf6] W[r15=fffffffffffffc00][1] R[r 8=0000000080002440] R[r 0=0000000000000000] inst=[0000541c] c.lw    a5, 40(s0)
C0:      15530 [1] pc=[0000000080000cf8] W[r 0=0000000000000000][0] R[r 8=0000000080002440] R[r15=fffffffffffffc00] inst=[0000c45c] c.sw    a5, 12(s0)
C0:      15531 [1] pc=[0000000080000cfa] W[r15=0000000000000089][1] R[r 8=0000000080002440] R[r 0=0000000000000000] inst=[01045783] lhu     a5, 16(s0)
C0:      15534 [1] pc=[0000000080000cfe] W[r15=0000000000000008][1] R[r15=0000000000000089] R[r 0=0000000000000000] inst=[00008ba1] c.andi  a5, 8
C0:      15535 [1] pc=[0000000080000d00] W[r 0=0000000000000000][0] R[r15=0000000000000008] R[r 0=0000000000000000] inst=[0000c3d1] c.beqz  a5, pc + 132
C0:      15536 [1] pc=[0000000080000d02] W[r15=0000000080002658][1] R[r 8=0000000080002440] R[r 0=0000000000000000] inst=[00006c1c] c.ld    a5, 24(s0)
C0:      15538 [1] pc=[0000000080000d04] W[r 0=0000000000000000][0] R[r15=0000000080002658] R[r 0=0000000000000000] inst=[0000c3c1] c.beqz  a5, pc + 128
C0:      15539 [1] pc=[0000000080000d06] W[r15=0000000080002658][1] R[r 8=0000000080002440] R[r 0=0000000000000000] inst=[00006c1c] c.ld    a5, 24(s0)
C0:      15540 [1] pc=[0000000080000d08] W[r10=0000000080002662][1] R[r 8=0000000080002440] R[r 0=0000000000000000] inst=[00006008] c.ld    a0, 0(s0)
C0:      15541 [1] pc=[0000000080000d0a] W[r19=000000000000000a][1] R[r18=000000000000000a] R[r 0=0000000000000000] inst=[0ff97993] andi    s3, s2, 255
C0:      15542 [1] pc=[0000000080000d0e] W[r18=000000000000000a][1] R[r 0=0000000000000000] R[r19=000000000000000a] inst=[0000894e] c.mv    s2, s3
C0:      15543 [1] pc=[0000000080000d10] W[r10=000000000000000a][1] R[r10=0000000080002662] R[r15=0000000080002658] inst=[00009d1d] c.subw  a0, a5
C0:      15544 [1] pc=[0000000080000d12] W[r15=0000000000000400][1] R[r 8=0000000080002440] R[r 0=0000000000000000] inst=[0000501c] c.lw    a5, 32(s0)
C0:      15546 [1] pc=[0000000080000d14] W[r 0=0000000000000000][0] R[r10=000000000000000a] R[r15=0000000000000400] inst=[00f54763] blt     a0, a5, pc + 14
C0:      15547 [1] pc=[0000000080000d22] W[r15=fffffffffffffc00][1] R[r 8=0000000080002440] R[r 0=0000000000000000] inst=[0000445c] c.lw    a5, 12(s0)
C0:      15548 [1] pc=[0000000080000d24] W[r10=000000000000000b][1] R[r10=000000000000000a] R[r 0=0000000000000000] inst=[00002505] c.addiw a0, 1
C0:      15549 [1] pc=[0000000080000d26] W[r15=fffffffffffffbff][1] R[r15=fffffffffffffc00] R[r 0=0000000000000000] inst=[000037fd] c.addiw a5, -1
C0:      15550 [1] pc=[0000000080000d28] W[r 0=0000000000000000][0] R[r 8=0000000080002440] R[r15=fffffffffffffbff] inst=[0000c45c] c.sw    a5, 12(s0)
C0:      15551 [1] pc=[0000000080000d2a] W[r15=0000000080002662][1] R[r 8=0000000080002440] R[r 0=0000000000000000] inst=[0000601c] c.ld    a5, 0(s0)
C0:      15553 [1] pc=[0000000080000d2c] W[r14=0000000080002663][1] R[r15=0000000080002662] R[r 0=0000000000000000] inst=[00178713] addi    a4, a5, 1
C0:      15554 [1] pc=[0000000080000d30] W[r 0=0000000000000000][0] R[r 8=0000000080002440] R[r14=0000000080002663] inst=[0000e018] c.sd    a4, 0(s0)
C0:      15555 [1] pc=[0000000080000d32] W[r 0=0000000000000000][0] R[r15=0000000080002662] R[r19=000000000000000a] inst=[01378023] sb      s3, 0(a5)
C0:      15556 [1] pc=[0000000080000d36] W[r15=0000000000000400][1] R[r 8=0000000080002440] R[r 0=0000000000000000] inst=[0000501c] c.lw    a5, 32(s0)
C0:      15558 [1] pc=[0000000080000d38] W[r 0=0000000000000000][0] R[r15=0000000000000400] R[r10=000000000000000b] inst=[00a78963] beq     a5, a0, pc + 18
C0:      15559 [1] pc=[0000000080000d3c] W[r15=0000000000000089][1] R[r 8=0000000080002440] R[r 0=0000000000000000] inst=[01045783] lhu     a5, 16(s0)
C0:      15562 [1] pc=[0000000080000d40] W[r15=0000000000000001][1] R[r15=0000000000000089] R[r 0=0000000000000000] inst=[00008b85] c.andi  a5, 1
C0:      15563 [1] pc=[0000000080000d42] W[r 0=0000000000000000][0] R[r15=0000000000000001] R[r 0=0000000000000000] inst=[0000cb89] c.beqz  a5, pc + 18
C0:      15564 [1] pc=[0000000080000d44] W[r15=000000000000000a][1] R[r 0=0000000000000000] R[r 0=0000000000000000] inst=[000047a9] c.li    a5, 10
C0:      15565 [1] pc=[0000000080000d46] W[r 0=0000000000000000][0] R[r18=000000000000000a] R[r15=000000000000000a] inst=[00f91763] bne     s2, a5, pc + 14
C0:      15566 [1] pc=[0000000080000d4a] W[r11=0000000080002440][1] R[r 0=0000000000000000] R[r 8=0000000080002440] inst=[000085a2] c.mv    a1, s0
C0:      15567 [1] pc=[0000000080000d4c] W[r10=0000000080002150][1] R[r 0=0000000000000000] R[r 9=0000000080002150] inst=[00008526] c.mv    a0, s1
C0:      15568 [1] pc=[0000000080000d4e] W[r 1=0000000080000d52][1] R[r 0=0000000000000000] R[r 0=0000000000000000] inst=[2f4000ef] jal     pc + 0x2f4
C0:      15569 [1] pc=[0000000080001042] W[r15=0000000080002658][1] R[r11=0000000080002440] R[r 0=0000000000000000] inst=[00006d9c] c.ld    a5, 24(a1)
C0:      15571 [1] pc=[0000000080001044] W[r 0=0000000000000000][0] R[r15=0000000080002658] R[r 0=0000000000000000] inst=[0000c3a5] c.beqz  a5, pc + 96
C0:      15572 [1] pc=[0000000080001046] W[r 2=000000008002ade0][1] R[r 2=000000008002ae00] R[r 0=0000000000000000] inst=[00001101] c.addi  sp, -32
C0:      15573 [1] pc=[0000000080001048] W[r 0=0000000000000000][0] R[r 2=000000008002ade0] R[r 8=0000000080002440] inst=[0000e822] c.sdsp  s0, 16(sp)
C0:      15574 [1] pc=[000000008000104a] W[r 0=0000000000000000][0] R[r 2=000000008002ade0] R[r 1=0000000080000d52] inst=[0000ec06] c.sdsp  ra, 24(sp)
C0:      15575 [1] pc=[000000008000104c] W[r 8=0000000080002150][1] R[r 0=0000000000000000] R[r10=0000000080002150] inst=[0000842a] c.mv    s0, a0
C0:      15576 [1] pc=[000000008000104e] W[r 0=0000000000000000][0] R[r10=0000000080002150] R[r 0=0000000000000000] inst=[0000c519] c.beqz  a0, pc + 14
C0:      15577 [1] pc=[0000000080001050] W[r15=0000000000000001][1] R[r10=0000000080002150] R[r 0=0000000000000000] inst=[0000591c] c.lw    a5, 48(a0)
C0:      15579 [1] pc=[0000000080001052] W[r 0=0000000000000000][0] R[r15=0000000000000001] R[r 0=0000000000000000] inst=[0000e789] c.bnez  a5, pc + 10
C0:      15580 [1] pc=[000000008000105c] W[r15=000000008000205c][1] R[r 0=0000000000000000] R[r 0=0000000000000000] inst=[00001797] auipc   a5, 0x1
C0:      15581 [1] pc=[0000000080001060] W[r15=0000000080001fb0][1] R[r15=000000008000205c] R[r 0=0000000000000000] inst=[f5478793] addi    a5, a5, -172
C0:      15582 [1] pc=[0000000080001064] W[r 0=0000000000000000][0] R[r11=0000000080002440] R[r15=0000000080001fb0] inst=[00f59b63] bne     a1, a5, pc + 22
C0:      15584 [1] pc=[000000008000107a] W[r15=000000008000207a][1] R[r 0=0000000000000000] R[r 0=0000000000000000] inst=[00001797] auipc   a5, 0x1
C0:      15585 [1] pc=[000000008000107e] W[r15=0000000080001fe8][1] R[r15=000000008000207a] R[r 0=0000000000000000] inst=[f6e78793] addi    a5, a5, -146
C0:      15586 [1] pc=[0000000080001082] W[r 0=0000000000000000][0] R[r11=0000000080002440] R[r15=0000000080001fe8] inst=[00f59463] bne     a1, a5, pc + 8
C0:      15591 [1] pc=[000000008000108a] W[r15=000000008000208a][1] R[r 0=0000000000000000] R[r 0=0000000000000000] inst=[00001797] auipc   a5, 0x1
C0:      15592 [1] pc=[000000008000108e] W[r15=0000000080001f78][1] R[r15=000000008000208a] R[r 0=0000000000000000] inst=[eee78793] addi    a5, a5, -274
C0:      15593 [1] pc=[0000000080001092] W[r 0=0000000000000000][0] R[r11=0000000080002440] R[r15=0000000080001f78] inst=[fcf59ce3] bne     a1, a5, pc - 40
C0:      15596 [1] pc=[000000008000106a] W[r15=0000000000000089][1] R[r11=0000000080002440] R[r 0=0000000000000000] inst=[01059783] lh      a5, 16(a1)
C0:      15599 [1] pc=[000000008000106e] W[r 0=0000000000000000][0] R[r15=0000000000000089] R[r 0=0000000000000000] inst=[0000c795] c.beqz  a5, pc + 44
C0:      15600 [1] pc=[0000000080001070] W[r10=0000000080002150][1] R[r 0=0000000000000000] R[r 8=0000000080002150] inst=[00008522] c.mv    a0, s0
C0:      15601 [1] pc=[0000000080001072] W[r 8=0000000080002440][1] R[r 2=000000008002ade0] R[r 0=0000000000000000] inst=[00006442] c.ldsp  s0, 16(sp)
C0:      15602 [1] pc=[0000000080001074] W[r 1=0000000080000d52][1] R[r 2=000000008002ade0] R[r 0=0000000000000000] inst=[000060e2] c.ldsp  ra, 24(sp)
C0:      15603 [1] pc=[0000000080001076] W[r 2=000000008002ae00][1] R[r 2=000000008002ade0] R[r 0=0000000000000000] inst=[00006105] c.addi16sp sp, 32
C0:      15604 [1] pc=[0000000080001078] W[r 0=000000008000107a][1] R[r 0=0000000000000000] R[r 0=0000000000000000] inst=[0000b571] c.j     pc - 372
C0:      15605 [1] pc=[0000000080000f04] W[r15=0000000000000089][1] R[r11=0000000080002440] R[r 0=0000000000000000] inst=[0105d783] lhu     a5, 16(a1)
C0:      15606 [1] pc=[0000000080000f08] W[r 2=000000008002add0][1] R[r 2=000000008002ae00] R[r 0=0000000000000000] inst=[00007179] c.addi16sp sp, -48
C0:      15607 [1] pc=[0000000080000f0a] W[r 0=0000000000000000][0] R[r 2=000000008002add0] R[r 8=0000000080002440] inst=[0000f022] c.sdsp  s0, 32(sp)
C0:      15608 [1] pc=[0000000080000f0c] W[r 0=0000000000000000][0] R[r 2=000000008002add0] R[r 9=0000000080002150] inst=[0000ec26] c.sdsp  s1, 24(sp)
C0:      15609 [1] pc=[0000000080000f0e] W[r 0=0000000000000000][0] R[r 2=000000008002add0] R[r 1=0000000080000d52] inst=[0000f406] c.sdsp  ra, 40(sp)
C0:      15610 [1] pc=[0000000080000f10] W[r 0=0000000000000000][0] R[r 2=000000008002add0] R[r18=000000000000000a] inst=[0000e84a] c.sdsp  s2, 16(sp)
C0:      15611 [1] pc=[0000000080000f12] W[r 0=0000000000000000][0] R[r 2=000000008002add0] R[r19=000000000000000a] inst=[0000e44e] c.sdsp  s3, 8(sp)
C0:      15612 [1] pc=[0000000080000f14] W[r14=0000000000000008][1] R[r15=0000000000000089] R[r 0=0000000000000000] inst=[0087f713] andi    a4, a5, 8
C0:      15613 [1] pc=[0000000080000f18] W[r 9=0000000080002150][1] R[r 0=0000000000000000] R[r10=0000000080002150] inst=[000084aa] c.mv    s1, a0
C0:      15614 [1] pc=[0000000080000f1a] W[r 8=0000000080002440][1] R[r 0=0000000000000000] R[r11=0000000080002440] inst=[0000842e] c.mv    s0, a1
C0:      15615 [1] pc=[0000000080000f1c] W[r 0=0000000000000000][0] R[r14=0000000000000008] R[r 0=0000000000000000] inst=[0000ef79] c.bnez  a4, pc + 222
C0:      15616 [1] pc=[0000000080000ffa] W[r19=0000000080002658][1] R[r11=0000000080002440] R[r 0=0000000000000000] inst=[0185b983] ld      s3, 24(a1)
C0:      15618 [1] pc=[0000000080000ffe] W[r 0=0000000000000000][0] R[r19=0000000080002658] R[r 0=0000000000000000] inst=[f20986e3] beqz    s3, pc - 212
C0:      15619 [1] pc=[0000000080001002] W[r18=0000000080002663][1] R[r11=0000000080002440] R[r 0=0000000000000000] inst=[0005b903] ld      s2, 0(a1)
C0:      15620 [1] pc=[0000000080001006] W[r15=0000000000000001][1] R[r15=0000000000000089] R[r 0=0000000000000000] inst=[00008b8d] c.andi  a5, 3
C0:      15621 [1] pc=[0000000080001008] W[r 0=0000000000000000][0] R[r11=0000000080002440] R[r19=0000000080002658] inst=[0135b023] sd      s3, 0(a1)
C0:      15622 [1] pc=[000000008000100c] W[r18=000000000000000b][1] R[r18=0000000080002663] R[r19=0000000080002658] inst=[4139093b] subw    s2, s2, s3
C0:      15623 [1] pc=[0000000080001010] W[r14=0000000000000000][1] R[r 0=0000000000000000] R[r 0=0000000000000000] inst=[00004701] c.li    a4, 0
C0:      15624 [1] pc=[0000000080001012] W[r 0=0000000000000000][0] R[r15=0000000000000001] R[r 0=0000000000000000] inst=[0000e391] c.bnez  a5, pc + 4
C0:      15625 [1] pc=[0000000080001016] W[r 0=0000000000000000][0] R[r 8=0000000080002440] R[r14=0000000000000000] inst=[0000c458] c.sw    a4, 12(s0)
C0:      15626 [1] pc=[0000000080001018] W[r 0=0000000000000000][0] R[r 0=0000000000000000] R[r18=000000000000000b] inst=[f12059e3] bge     zero, s2, pc - 238
C0:      15630 [1] pc=[000000008000101c] W[r15=0000000080000c3e][1] R[r 8=0000000080002440] R[r 0=0000000000000000] inst=[0000643c] c.ld    a5, 72(s0)
C0:      15631 [1] pc=[000000008000101e] W[r11=0000000080002440][1] R[r 8=0000000080002440] R[r 0=0000000000000000] inst=[00007c0c] c.ld    a1, 56(s0)
C0:      15632 [1] pc=[0000000080001020] W[r13=000000000000000b][1] R[r 0=0000000000000000] R[r18=000000000000000b] inst=[000086ca] c.mv    a3, s2
C0:      15633 [1] pc=[0000000080001022] W[r12=0000000080002658][1] R[r 0=0000000000000000] R[r19=0000000080002658] inst=[0000864e] c.mv    a2, s3
C0:      15634 [1] pc=[0000000080001024] W[r10=0000000080002150][1] R[r 0=0000000000000000] R[r 9=0000000080002150] inst=[00008526] c.mv    a0, s1
C0:      15635 [1] pc=[0000000080001026] W[r 1=0000000080001028][1] R[r15=0000000080000c3e] R[r 0=0000000000000000] inst=[00009782] c.jalr  a5
C0:      15640 [1] pc=[0000000080000c3e] W[r15=0000000000000089][1] R[r11=0000000080002440] R[r 0=0000000000000000] inst=[0105d783] lhu     a5, 16(a1)
C0:      15641 [1] pc=[0000000080000c42] W[r 2=000000008002ada0][1] R[r 2=000000008002add0] R[r 0=0000000000000000] inst=[00007179] c.addi16sp sp, -48
C0:      15642 [1] pc=[0000000080000c44] W[r 0=0000000000000000][0] R[r 2=000000008002ada0] R[r 8=0000000080002440] inst=[0000f022] c.sdsp  s0, 32(sp)
C0:      15643 [1] pc=[0000000080000c46] W[r 0=0000000000000000][0] R[r 2=000000008002ada0] R[r 9=0000000080002150] inst=[0000ec26] c.sdsp  s1, 24(sp)
C0:      15644 [1] pc=[0000000080000c48] W[r 0=0000000000000000][0] R[r 2=000000008002ada0] R[r18=000000000000000b] inst=[0000e84a] c.sdsp  s2, 16(sp)
C0:      15645 [1] pc=[0000000080000c4a] W[r 0=0000000000000000][0] R[r 2=000000008002ada0] R[r19=0000000080002658] inst=[0000e44e] c.sdsp  s3, 8(sp)
C0:      15646 [1] pc=[0000000080000c4c] W[r 0=0000000000000000][0] R[r 2=000000008002ada0] R[r 1=0000000080001028] inst=[0000f406] c.sdsp  ra, 40(sp)
C0:      15647 [1] pc=[0000000080000c4e] W[r15=0000000000000000][1] R[r15=0000000000000089] R[r 0=0000000000000000] inst=[1007f793] andi    a5, a5, 256
C0:      15648 [1] pc=[0000000080000c52] W[r 9=0000000080002150][1] R[r 0=0000000000000000] R[r10=0000000080002150] inst=[000084aa] c.mv    s1, a0
C0:      15649 [1] pc=[0000000080000c54] W[r 8=0000000080002440][1] R[r 0=0000000000000000] R[r11=0000000080002440] inst=[0000842e] c.mv    s0, a1
C0:      15650 [1] pc=[0000000080000c56] W[r18=0000000080002658][1] R[r 0=0000000000000000] R[r12=0000000080002658] inst=[00008932] c.mv    s2, a2
C0:      15651 [1] pc=[0000000080000c58] W[r19=000000000000000b][1] R[r 0=0000000000000000] R[r13=000000000000000b] inst=[000089b6] c.mv    s3, a3
C0:      15652 [1] pc=[0000000080000c5a] W[r 0=0000000000000000][0] R[r15=0000000000000000] R[r 0=0000000000000000] inst=[0000c799] c.beqz  a5, pc + 14
C0:      15656 [1] pc=[0000000080000c68] W[r15=0000000000000089][1] R[r 8=0000000080002440] R[r 0=0000000000000000] inst=[01045783] lhu     a5, 16(s0)
C0:      15657 [1] pc=[0000000080000c6c] W[r14=fffffffffffff000][1] R[r 0=0000000000000000] R[r 0=0000000000000000] inst=[0000777d] c.lui   a4, 0xfffff
C0:      15658 [1] pc=[0000000080000c6e] W[r14=ffffffffffffefff][1] R[r14=fffffffffffff000] R[r 0=0000000000000000] inst=[0000177d] c.addi  a4, -1
C0:      15659 [1] pc=[0000000080000c70] W[r15=0000000000000089][1] R[r15=0000000000000089] R[r14=ffffffffffffefff] inst=[00008ff9] c.and   a5, a4
C0:      15660 [1] pc=[0000000080000c72] W[r11=0000000000000001][1] R[r 8=0000000080002440] R[r 0=0000000000000000] inst=[01241583] lh      a1, 18(s0)
C0:      15661 [1] pc=[0000000080000c76] W[r 0=0000000000000000][0] R[r 8=0000000080002440] R[r15=0000000000000089] inst=[00f41823] sh      a5, 16(s0)
C0:      15662 [1] pc=[0000000080000c7a] W[r 8=0000000080002440][1] R[r 2=000000008002ada0] R[r 0=0000000000000000] inst=[00007402] c.ldsp  s0, 32(sp)
C0:      15663 [1] pc=[0000000080000c7c] W[r 1=0000000080001028][1] R[r 2=000000008002ada0] R[r 0=0000000000000000] inst=[000070a2] c.ldsp  ra, 40(sp)
C0:      15664 [1] pc=[0000000080000c7e] W[r13=000000000000000b][1] R[r 0=0000000000000000] R[r19=000000000000000b] inst=[000086ce] c.mv    a3, s3
C0:      15686 [1] pc=[0000000080000c80] W[r12=0000000080002658][1] R[r 0=0000000000000000] R[r18=0000000080002658] inst=[0000864a] c.mv    a2, s2
C0:      15687 [1] pc=[0000000080000c82] W[r19=0000000080002658][1] R[r 2=000000008002ada0] R[r 0=0000000000000000] inst=[000069a2] c.ldsp  s3, 8(sp)
C0:      15688 [1] pc=[0000000080000c84] W[r18=000000000000000b][1] R[r 2=000000008002ada0] R[r 0=0000000000000000] inst=[00006942] c.ldsp  s2, 16(sp)
C0:      15689 [1] pc=[0000000080000c86] W[r10=0000000080002150][1] R[r 0=0000000000000000] R[r 9=0000000080002150] inst=[00008526] c.mv    a0, s1
C0:      15690 [1] pc=[0000000080000c88] W[r 9=0000000080002150][1] R[r 2=000000008002ada0] R[r 0=0000000000000000] inst=[000064e2] c.ldsp  s1, 24(sp)
C0:      15691 [1] pc=[0000000080000c8a] W[r 2=000000008002add0][1] R[r 2=000000008002ada0] R[r 0=0000000000000000] inst=[00006145] c.addi16sp sp, 48
C0:      15692 [1] pc=[0000000080000c8c] W[r 0=0000000080000c8e][1] R[r 0=0000000000000000] R[r 0=0000000000000000] inst=[0000aa11] c.j     pc + 276
C0:      15693 [1] pc=[0000000080000da0] W[r 2=000000008002adc0][1] R[r 2=000000008002add0] R[r 0=0000000000000000] inst=[00001141] c.addi  sp, -16
C0:      15694 [1] pc=[0000000080000da2] W[r 0=0000000000000000][0] R[r 2=000000008002adc0] R[r 8=0000000080002440] inst=[0000e022] c.sdsp  s0, 0(sp)
C0:      15695 [1] pc=[0000000080000da4] W[r 8=0000000080002150][1] R[r 0=0000000000000000] R[r10=0000000080002150] inst=[0000842a] c.mv    s0, a0
C0:      15696 [1] pc=[0000000080000da6] W[r10=0000000000000001][1] R[r 0=0000000000000000] R[r11=0000000000000001] inst=[0000852e] c.mv    a0, a1
C0:      15697 [1] pc=[0000000080000da8] W[r11=0000000080002658][1] R[r 0=0000000000000000] R[r12=0000000080002658] inst=[000085b2] c.mv    a1, a2
C0:      15698 [1] pc=[0000000080000daa] W[r12=000000000000000b][1] R[r 0=0000000000000000] R[r13=000000000000000b] inst=[00008636] c.mv    a2, a3
C0:      15699 [1] pc=[0000000080000dac] W[r 0=0000000000000000][0] R[r 3=0000000080002a00] R[r 0=0000000000000000] inst=[9601a423] sw      zero, -1688(gp)
C0:      15700 [1] pc=[0000000080000db0] W[r 0=0000000000000000][0] R[r 2=000000008002adc0] R[r 1=0000000080001028] inst=[0000e406] c.sdsp  ra, 8(sp)
C0:      15701 [1] pc=[0000000080000db2] W[r 1=0000000080000db6][1] R[r 0=0000000000000000] R[r 0=0000000000000000] inst=[67b000ef] jal     pc + 0xe7a
C0:      15702 [1] pc=[0000000080001c2c] W[r13=0000000000000040][1] R[r 0=0000000000000000] R[r 0=0000000000000000] inst=[04000693] li      a3, 64
C0:      15703 [1] pc=[0000000080001c30] W[r 0=0000000080001c32][1] R[r 0=0000000000000000] R[r 0=0000000000000000] inst=[0000a0b9] c.j     pc + 78
C0:      15704 [1] pc=[0000000080001c7e] W[r 2=000000008002ad80][1] R[r 2=000000008002adc0] R[r 0=0000000000000000] inst=[00007139] c.addi16sp sp, -64
C0:      15726 [1] pc=[0000000080001c80] W[r 0=0000000000000000][0] R[r 2=000000008002ad80] R[r13=0000000000000040] inst=[0000e036] c.sdsp  a3, 0(sp)
C0:      15727 [1] pc=[0000000080001c82] W[r 0=0000000000000000][0] R[r 2=000000008002ad80] R[r10=0000000000000001] inst=[0000e42a] c.sdsp  a0, 8(sp)
C0:      15728 [1] pc=[0000000080001c84] W[r 0=0000000000000000][0] R[r 2=000000008002ad80] R[r11=0000000080002658] inst=[0000e82e] c.sdsp  a1, 16(sp)
C0:      15729 [1] pc=[0000000080001c86] W[r15=ffffffffffffffff][1] R[r 0=0000000000000000] R[r 0=0000000000000000] inst=[000057fd] c.li    a5, -1
C0:      15730 [1] pc=[0000000080001c88] W[r 0=0000000000000000][0] R[r 2=000000008002ad80] R[r12=000000000000000b] inst=[0000ec32] c.sdsp  a2, 24(sp)
C0:      15731 [1] pc=[0000000080001c8a] W[r15=0000ffffffffffff][1] R[r15=ffffffffffffffff] R[r 0=0000000000000000] inst=[000083c1] c.srli  a5, 16
C0:      15732 [1] pc=[0000000080001c8c] W[r12=000000008002ad80][1] R[r 0=0000000000000000] R[r 2=000000008002ad80] inst=[0000860a] c.mv    a2, sp
C0:      15733 [1] pc=[0000000080001c8e] W[r12=000000008002ad80][1] R[r12=000000008002ad80] R[r15=0000ffffffffffff] inst=[00008e7d] c.and   a2, a5
C0:      15734 [1] pc=[0000000080001c90] W[r14=0000000080002230][1] R[r 3=0000000080002a00] R[r 0=0000000000000000] inst=[83018713] addi    a4, gp, -2000
C0:      15735 [1] pc=[0000000080001c94] W[r13=ffffffffffffffff][1] R[r 0=0000000000000000] R[r 0=0000000000000000] inst=[000056fd] c.li    a3, -1
C0:      15736 [1] pc=[0000000080001c96] W[r15=0000000000000000][1] R[r14=0000000080002230] R[r 0=0000000000000000] inst=[0000431c] c.lw    a5, 0(a4)
C0:      15738 [1] pc=[0000000080001c98] W[r15=0000000000000000][1] R[r15=0000000000000000] R[r 0=0000000000000000] inst=[00002781] c.addiw a5, 0
C0:      15739 [1] pc=[0000000080001c9a] W[r 0=0000000000000000][0] R[r15=0000000000000000] R[r 0=0000000000000000] inst=[0000fff5] c.bnez  a5, pc - 4
C0:      15743 [1] pc=[0000000080001c9c] W[r15=0000000000000000][1] R[r14=0000000080002230] R[r13=ffffffffffffffff] inst=[0cd727af] amoswap.w a5, a3, (a4)
C0:      15745 [1] pc=[0000000080001ca0] W[r 0=0000000000000000][0] R[r15=0000000000000000] R[r 0=0000000000000000] inst=[0000fbfd] c.bnez  a5, pc - 10
C0:      15746 [1] pc=[0000000080001ca2] W[r 0=0000000000000000][0] R[r 0=0000000000000000] R[r 0=0000000000000000] inst=[0110000f] fence   w,w
C0:      15747 [1] pc=[0000000080001ca6] W[r13=0000000080001ca6][1] R[r 0=0000000000000000] R[r 0=0000000000000000] inst=[00000697] auipc   a3, 0x0
C0:      15748 [1] pc=[0000000080001caa] W[r13=0000000080002140][1] R[r13=0000000080001ca6] R[r 0=0000000000000000] inst=[49a68693] addi    a3, a3, 1178
C0:      15758 [1] pc=[0000000080001cae] W[r 0=0000000000000000][0] R[r13=0000000080002140] R[r12=000000008002ad80] inst=[0000e290] c.sd    a2, 0(a3)
C0:      15759 [1] pc=[0000000080001cb0] W[r15=0000000000000000][1] R[r13=0000000080002140] R[r 0=0000000000000000] inst=[0000669c] c.ld    a5, 8(a3)
C0:      15761 [1] pc=[0000000080001cb2] W[r 0=0000000000000000][0] R[r15=0000000000000000] R[r 0=0000000000000000] inst=[0000dffd] c.beqz  a5, pc - 2
C0:      15781 [1] pc=[0000000080001cb0] W[r15=0000000000000000][1] R[r13=0000000080002140] R[r 0=0000000000000000] inst=[0000669c] c.ld    a5, 8(a3)
C0:      15783 [1] pc=[0000000080001cb2] W[r 0=0000000000000000][0] R[r15=0000000000000000] R[r 0=0000000000000000] inst=[0000dffd] c.beqz  a5, pc - 2
C0:      15787 [1] pc=[0000000080001cb0] W[r15=0000000000000000][1] R[r13=0000000080002140] R[r 0=0000000000000000] inst=[0000669c] c.ld    a5, 8(a3)
C0:      15789 [1] pc=[0000000080001cb2] W[r 0=0000000000000000][0] R[r15=0000000000000000] R[r 0=0000000000000000] inst=[0000dffd] c.beqz  a5, pc - 2
C0:      15793 [1] pc=[0000000080001cb0] W[r15=0000000000000000][1] R[r13=0000000080002140] R[r 0=0000000000000000] inst=[0000669c] c.ld    a5, 8(a3)
C0:      15795 [1] pc=[0000000080001cb2] W[r 0=0000000000000000][0] R[r15=0000000000000000] R[r 0=0000000000000000] inst=[0000dffd] c.beqz  a5, pc - 2
C0:      15796 [1] pc=[0000000080001cb0] W[r15=0000000000000000][1] R[r13=0000000080002140] R[r 0=0000000000000000] inst=[0000669c] c.ld    a5, 8(a3)
C0:      15798 [1] pc=[0000000080001cb2] W[r 0=0000000000000000][0] R[r15=0000000000000000] R[r 0=0000000000000000] inst=[0000dffd] c.beqz  a5, pc - 2
C0:      15799 [1] pc=[0000000080001cb0] W[r15=0000000000000000][1] R[r13=0000000080002140] R[r 0=0000000000000000] inst=[0000669c] c.ld    a5, 8(a3)
C0:      15801 [1] pc=[0000000080001cb2] W[r 0=0000000000000000][0] R[r15=0000000000000000] R[r 0=0000000000000000] inst=[0000dffd] c.beqz  a5, pc - 2
C0:      15805 [1] pc=[0000000080001cb0] W[r15=0000000000000000][1] R[r13=0000000080002140] R[r 0=0000000000000000] inst=[0000669c] c.ld    a5, 8(a3)
C0:      15807 [1] pc=[0000000080001cb2] W[r 0=0000000000000000][0] R[r15=0000000000000000] R[r 0=0000000000000000] inst=[0000dffd] c.beqz  a5, pc - 2
C0:      15808 [1] pc=[0000000080001cb0] W[r15=0000000000000000][1] R[r13=0000000080002140] R[r 0=0000000000000000] inst=[0000669c] c.ld    a5, 8(a3)
C0:      15810 [1] pc=[0000000080001cb2] W[r 0=0000000000000000][0] R[r15=0000000000000000] R[r 0=0000000000000000] inst=[0000dffd] c.beqz  a5, pc - 2
C0:      15811 [1] pc=[0000000080001cb0] W[r15=0000000000000000][1] R[r13=0000000080002140] R[r 0=0000000000000000] inst=[0000669c] c.ld    a5, 8(a3)
C0:      15813 [1] pc=[0000000080001cb2] W[r 0=0000000000000000][0] R[r15=0000000000000000] R[r 0=0000000000000000] inst=[0000dffd] c.beqz  a5, pc - 2
C0:      15814 [1] pc=[0000000080001cb0] W[r15=0000000000000000][1] R[r13=0000000080002140] R[r 0=0000000000000000] inst=[0000669c] c.ld    a5, 8(a3)
C0:      15816 [1] pc=[0000000080001cb2] W[r 0=0000000000000000][0] R[r15=0000000000000000] R[r 0=0000000000000000] inst=[0000dffd] c.beqz  a5, pc - 2
C0:      15838 [1] pc=[0000000080001cb0] W[r15=0000000000000000][1] R[r13=0000000080002140] R[r 0=0000000000000000] inst=[0000669c] c.ld    a5, 8(a3)
C0:      15840 [1] pc=[0000000080001cb2] W[r 0=0000000000000000][0] R[r15=0000000000000000] R[r 0=0000000000000000] inst=[0000dffd] c.beqz  a5, pc - 2
C0:      15844 [1] pc=[0000000080001cb0] W[r15=0000000000000000][1] R[r13=0000000080002140] R[r 0=0000000000000000] inst=[0000669c] c.ld    a5, 8(a3)
C0:      15846 [1] pc=[0000000080001cb2] W[r 0=0000000000000000][0] R[r15=0000000000000000] R[r 0=0000000000000000] inst=[0000dffd] c.beqz  a5, pc - 2
C0:      15847 [1] pc=[0000000080001cb0] W[r15=0000000000000000][1] R[r13=0000000080002140] R[r 0=0000000000000000] inst=[0000669c] c.ld    a5, 8(a3)
C0:      15849 [1] pc=[0000000080001cb2] W[r 0=0000000000000000][0] R[r15=0000000000000000] R[r 0=0000000000000000] inst=[0000dffd] c.beqz  a5, pc - 2
C0:      15850 [1] pc=[0000000080001cb0] W[r15=0000000000000000][1] R[r13=0000000080002140] R[r 0=0000000000000000] inst=[0000669c] c.ld    a5, 8(a3)
C0:      15852 [1] pc=[0000000080001cb2] W[r 0=0000000000000000][0] R[r15=0000000000000000] R[r 0=0000000000000000] inst=[0000dffd] c.beqz  a5, pc - 2
C0:      15853 [1] pc=[0000000080001cb0] W[r15=0000000000000000][1] R[r13=0000000080002140] R[r 0=0000000000000000] inst=[0000669c] c.ld    a5, 8(a3)
C0:      15855 [1] pc=[0000000080001cb2] W[r 0=0000000000000000][0] R[r15=0000000000000000] R[r 0=0000000000000000] inst=[0000dffd] c.beqz  a5, pc - 2
C0:      15856 [1] pc=[0000000080001cb0] W[r15=0000000000000000][1] R[r13=0000000080002140] R[r 0=0000000000000000] inst=[0000669c] c.ld    a5, 8(a3)
C0:      15858 [1] pc=[0000000080001cb2] W[r 0=0000000000000000][0] R[r15=0000000000000000] R[r 0=0000000000000000] inst=[0000dffd] c.beqz  a5, pc - 2
C0:      15875 [1] pc=[0000000080001cb0] W[r15=0000000000000000][1] R[r13=0000000080002140] R[r 0=0000000000000000] inst=[0000669c] c.ld    a5, 8(a3)
C0:      15877 [1] pc=[0000000080001cb2] W[r 0=0000000000000000][0] R[r15=0000000000000000] R[r 0=0000000000000000] inst=[0000dffd] c.beqz  a5, pc - 2
C0:      15878 [1] pc=[0000000080001cb0] W[r15=0000000000000000][1] R[r13=0000000080002140] R[r 0=0000000000000000] inst=[0000669c] c.ld    a5, 8(a3)
C0:      15880 [1] pc=[0000000080001cb2] W[r 0=0000000000000000][0] R[r15=0000000000000000] R[r 0=0000000000000000] inst=[0000dffd] c.beqz  a5, pc - 2
C0:      15881 [1] pc=[0000000080001cb0] W[r15=0000000000000000][1] R[r13=0000000080002140] R[r 0=0000000000000000] inst=[0000669c] c.ld    a5, 8(a3)
C0:      15883 [1] pc=[0000000080001cb2] W[r 0=0000000000000000][0] R[r15=0000000000000000] R[r 0=0000000000000000] inst=[0000dffd] c.beqz  a5, pc - 2
C0:      15884 [1] pc=[0000000080001cb0] W[r15=0000000000000000][1] R[r13=0000000080002140] R[r 0=0000000000000000] inst=[0000669c] c.ld    a5, 8(a3)
C0:      15886 [1] pc=[0000000080001cb2] W[r 0=0000000000000000][0] R[r15=0000000000000000] R[r 0=0000000000000000] inst=[0000dffd] c.beqz  a5, pc - 2
C0:      15887 [1] pc=[0000000080001cb0] W[r15=0000000000000000][1] R[r13=0000000080002140] R[r 0=0000000000000000] inst=[0000669c] c.ld    a5, 8(a3)
C0:      15889 [1] pc=[0000000080001cb2] W[r 0=0000000000000000][0] R[r15=0000000000000000] R[r 0=0000000000000000] inst=[0000dffd] c.beqz  a5, pc - 2
C0:      15890 [1] pc=[0000000080001cb0] W[r15=0000000000000000][1] R[r13=0000000080002140] R[r 0=0000000000000000] inst=[0000669c] c.ld    a5, 8(a3)
C0:      15892 [1] pc=[0000000080001cb2] W[r 0=0000000000000000][0] R[r15=0000000000000000] R[r 0=0000000000000000] inst=[0000dffd] c.beqz  a5, pc - 2
C0:      15893 [1] pc=[0000000080001cb0] W[r15=0000000000000000][1] R[r13=0000000080002140] R[r 0=0000000000000000] inst=[0000669c] c.ld    a5, 8(a3)
C0:      15895 [1] pc=[0000000080001cb2] W[r 0=0000000000000000][0] R[r15=0000000000000000] R[r 0=0000000000000000] inst=[0000dffd] c.beqz  a5, pc - 2
C0:      15896 [1] pc=[0000000080001cb0] W[r15=0000000000000000][1] R[r13=0000000080002140] R[r 0=0000000000000000] inst=[0000669c] c.ld    a5, 8(a3)
C0:      15898 [1] pc=[0000000080001cb2] W[r 0=0000000000000000][0] R[r15=0000000000000000] R[r 0=0000000000000000] inst=[0000dffd] c.beqz  a5, pc - 2
C0:      15899 [1] pc=[0000000080001cb0] W[r15=0000000000000000][1] R[r13=0000000080002140] R[r 0=0000000000000000] inst=[0000669c] c.ld    a5, 8(a3)
C0:      15901 [1] pc=[0000000080001cb2] W[r 0=0000000000000000][0] R[r15=0000000000000000] R[r 0=0000000000000000] inst=[0000dffd] c.beqz  a5, pc - 2
C0:      15902 [1] pc=[0000000080001cb0] W[r15=0000000000000000][1] R[r13=0000000080002140] R[r 0=0000000000000000] inst=[0000669c] c.ld    a5, 8(a3)
C0:      15904 [1] pc=[0000000080001cb2] W[r 0=0000000000000000][0] R[r15=0000000000000000] R[r 0=0000000000000000] inst=[0000dffd] c.beqz  a5, pc - 2
C0:      15905 [1] pc=[0000000080001cb0] W[r15=0000000000000000][1] R[r13=0000000080002140] R[r 0=0000000000000000] inst=[0000669c] c.ld    a5, 8(a3)
C0:      15907 [1] pc=[0000000080001cb2] W[r 0=0000000000000000][0] R[r15=0000000000000000] R[r 0=0000000000000000] inst=[0000dffd] c.beqz  a5, pc - 2
C0:      15908 [1] pc=[0000000080001cb0] W[r15=0000000000000000][1] R[r13=0000000080002140] R[r 0=0000000000000000] inst=[0000669c] c.ld    a5, 8(a3)
C0:      15910 [1] pc=[0000000080001cb2] W[r 0=0000000000000000][0] R[r15=0000000000000000] R[r 0=0000000000000000] inst=[0000dffd] c.beqz  a5, pc - 2
C0:      15911 [1] pc=[0000000080001cb0] W[r15=0000000000000000][1] R[r13=0000000080002140] R[r 0=0000000000000000] inst=[0000669c] c.ld    a5, 8(a3)
C0:      15913 [1] pc=[0000000080001cb2] W[r 0=0000000000000000][0] R[r15=0000000000000000] R[r 0=0000000000000000] inst=[0000dffd] c.beqz  a5, pc - 2
C0:      15914 [1] pc=[0000000080001cb0] W[r15=0000000000000000][1] R[r13=0000000080002140] R[r 0=0000000000000000] inst=[0000669c] c.ld    a5, 8(a3)
C0:      15916 [1] pc=[0000000080001cb2] W[r 0=0000000000000000][0] R[r15=0000000000000000] R[r 0=0000000000000000] inst=[0000dffd] c.beqz  a5, pc - 2
C0:      15917 [1] pc=[0000000080001cb0] W[r15=0000000000000000][1] R[r13=0000000080002140] R[r 0=0000000000000000] inst=[0000669c] c.ld    a5, 8(a3)
C0:      15919 [1] pc=[0000000080001cb2] W[r 0=0000000000000000][0] R[r15=0000000000000000] R[r 0=0000000000000000] inst=[0000dffd] c.beqz  a5, pc - 2
C0:      15920 [1] pc=[0000000080001cb0] W[r15=0000000000000000][1] R[r13=0000000080002140] R[r 0=0000000000000000] inst=[0000669c] c.ld    a5, 8(a3)
C0:      15922 [1] pc=[0000000080001cb2] W[r 0=0000000000000000][0] R[r15=0000000000000000] R[r 0=0000000000000000] inst=[0000dffd] c.beqz  a5, pc - 2
C0:      15923 [1] pc=[0000000080001cb0] W[r15=0000000000000000][1] R[r13=0000000080002140] R[r 0=0000000000000000] inst=[0000669c] c.ld    a5, 8(a3)
C0:      15925 [1] pc=[0000000080001cb2] W[r 0=0000000000000000][0] R[r15=0000000000000000] R[r 0=0000000000000000] inst=[0000dffd] c.beqz  a5, pc - 2
C0:      15926 [1] pc=[0000000080001cb0] W[r15=0000000000000000][1] R[r13=0000000080002140] R[r 0=0000000000000000] inst=[0000669c] c.ld    a5, 8(a3)
C0:      15928 [1] pc=[0000000080001cb2] W[r 0=0000000000000000][0] R[r15=0000000000000000] R[r 0=0000000000000000] inst=[0000dffd] c.beqz  a5, pc - 2
C0:      15929 [1] pc=[0000000080001cb0] W[r15=0000000000000000][1] R[r13=0000000080002140] R[r 0=0000000000000000] inst=[0000669c] c.ld    a5, 8(a3)
C0:      15931 [1] pc=[0000000080001cb2] W[r 0=0000000000000000][0] R[r15=0000000000000000] R[r 0=0000000000000000] inst=[0000dffd] c.beqz  a5, pc - 2
C0:      15932 [1] pc=[0000000080001cb0] W[r15=0000000000000000][1] R[r13=0000000080002140] R[r 0=0000000000000000] inst=[0000669c] c.ld    a5, 8(a3)
C0:      15934 [1] pc=[0000000080001cb2] W[r 0=0000000000000000][0] R[r15=0000000000000000] R[r 0=0000000000000000] inst=[0000dffd] c.beqz  a5, pc - 2
C0:      15935 [1] pc=[0000000080001cb0] W[r15=0000000000000000][1] R[r13=0000000080002140] R[r 0=0000000000000000] inst=[0000669c] c.ld    a5, 8(a3)
C0:      15937 [1] pc=[0000000080001cb2] W[r 0=0000000000000000][0] R[r15=0000000000000000] R[r 0=0000000000000000] inst=[0000dffd] c.beqz  a5, pc - 2
C0:      15938 [1] pc=[0000000080001cb0] W[r15=0000000000000000][1] R[r13=0000000080002140] R[r 0=0000000000000000] inst=[0000669c] c.ld    a5, 8(a3)
C0:      15940 [1] pc=[0000000080001cb2] W[r 0=0000000000000000][0] R[r15=0000000000000000] R[r 0=0000000000000000] inst=[0000dffd] c.beqz  a5, pc - 2
C0:      15941 [1] pc=[0000000080001cb0] W[r15=0000000000000000][1] R[r13=0000000080002140] R[r 0=0000000000000000] inst=[0000669c] c.ld    a5, 8(a3)
C0:      15943 [1] pc=[0000000080001cb2] W[r 0=0000000000000000][0] R[r15=0000000000000000] R[r 0=0000000000000000] inst=[0000dffd] c.beqz  a5, pc - 2
C0:      15944 [1] pc=[0000000080001cb0] W[r15=0000000000000000][1] R[r13=0000000080002140] R[r 0=0000000000000000] inst=[0000669c] c.ld    a5, 8(a3)
C0:      15946 [1] pc=[0000000080001cb2] W[r 0=0000000000000000][0] R[r15=0000000000000000] R[r 0=0000000000000000] inst=[0000dffd] c.beqz  a5, pc - 2
C0:      15947 [1] pc=[0000000080001cb0] W[r15=0000000000000000][1] R[r13=0000000080002140] R[r 0=0000000000000000] inst=[0000669c] c.ld    a5, 8(a3)
C0:      15949 [1] pc=[0000000080001cb2] W[r 0=0000000000000000][0] R[r15=0000000000000000] R[r 0=0000000000000000] inst=[0000dffd] c.beqz  a5, pc - 2
C0:      15950 [1] pc=[0000000080001cb0] W[r15=0000000000000000][1] R[r13=0000000080002140] R[r 0=0000000000000000] inst=[0000669c] c.ld    a5, 8(a3)
C0:      15952 [1] pc=[0000000080001cb2] W[r 0=0000000000000000][0] R[r15=0000000000000000] R[r 0=0000000000000000] inst=[0000dffd] c.beqz  a5, pc - 2
C0:      15953 [1] pc=[0000000080001cb0] W[r15=0000000000000000][1] R[r13=0000000080002140] R[r 0=0000000000000000] inst=[0000669c] c.ld    a5, 8(a3)
C0:      15955 [1] pc=[0000000080001cb2] W[r 0=0000000000000000][0] R[r15=0000000000000000] R[r 0=0000000000000000] inst=[0000dffd] c.beqz  a5, pc - 2
C0:      15956 [1] pc=[0000000080001cb0] W[r15=0000000000000000][1] R[r13=0000000080002140] R[r 0=0000000000000000] inst=[0000669c] c.ld    a5, 8(a3)
C0:      15958 [1] pc=[0000000080001cb2] W[r 0=0000000000000000][0] R[r15=0000000000000000] R[r 0=0000000000000000] inst=[0000dffd] c.beqz  a5, pc - 2
C0:      15959 [1] pc=[0000000080001cb0] W[r15=0000000000000000][1] R[r13=0000000080002140] R[r 0=0000000000000000] inst=[0000669c] c.ld    a5, 8(a3)
C0:      15961 [1] pc=[0000000080001cb2] W[r 0=0000000000000000][0] R[r15=0000000000000000] R[r 0=0000000000000000] inst=[0000dffd] c.beqz  a5, pc - 2
C0:      15962 [1] pc=[0000000080001cb0] W[r15=0000000000000000][1] R[r13=0000000080002140] R[r 0=0000000000000000] inst=[0000669c] c.ld    a5, 8(a3)
C0:      15964 [1] pc=[0000000080001cb2] W[r 0=0000000000000000][0] R[r15=0000000000000000] R[r 0=0000000000000000] inst=[0000dffd] c.beqz  a5, pc - 2
C0:      15965 [1] pc=[0000000080001cb0] W[r15=0000000000000000][1] R[r13=0000000080002140] R[r 0=0000000000000000] inst=[0000669c] c.ld    a5, 8(a3)
C0:      15967 [1] pc=[0000000080001cb2] W[r 0=0000000000000000][0] R[r15=0000000000000000] R[r 0=0000000000000000] inst=[0000dffd] c.beqz  a5, pc - 2
C0:      15968 [1] pc=[0000000080001cb0] W[r15=0000000000000000][1] R[r13=0000000080002140] R[r 0=0000000000000000] inst=[0000669c] c.ld    a5, 8(a3)
C0:      15970 [1] pc=[0000000080001cb2] W[r 0=0000000000000000][0] R[r15=0000000000000000] R[r 0=0000000000000000] inst=[0000dffd] c.beqz  a5, pc - 2
C0:      15971 [1] pc=[0000000080001cb0] W[r15=0000000000000000][1] R[r13=0000000080002140] R[r 0=0000000000000000] inst=[0000669c] c.ld    a5, 8(a3)
C0:      15973 [1] pc=[0000000080001cb2] W[r 0=0000000000000000][0] R[r15=0000000000000000] R[r 0=0000000000000000] inst=[0000dffd] c.beqz  a5, pc - 2
C0:      15974 [1] pc=[0000000080001cb0] W[r15=0000000000000000][1] R[r13=0000000080002140] R[r 0=0000000000000000] inst=[0000669c] c.ld    a5, 8(a3)
C0:      15976 [1] pc=[0000000080001cb2] W[r 0=0000000000000000][0] R[r15=0000000000000000] R[r 0=0000000000000000] inst=[0000dffd] c.beqz  a5, pc - 2
C0:      15977 [1] pc=[0000000080001cb0] W[r15=0000000000000000][1] R[r13=0000000080002140] R[r 0=0000000000000000] inst=[0000669c] c.ld    a5, 8(a3)
C0:      15979 [1] pc=[0000000080001cb2] W[r 0=0000000000000000][0] R[r15=0000000000000000] R[r 0=0000000000000000] inst=[0000dffd] c.beqz  a5, pc - 2
C0:      15980 [1] pc=[0000000080001cb0] W[r15=0000000000000000][1] R[r13=0000000080002140] R[r 0=0000000000000000] inst=[0000669c] c.ld    a5, 8(a3)
C0:      15982 [1] pc=[0000000080001cb2] W[r 0=0000000000000000][0] R[r15=0000000000000000] R[r 0=0000000000000000] inst=[0000dffd] c.beqz  a5, pc - 2
C0:      15983 [1] pc=[0000000080001cb0] W[r15=0000000000000000][1] R[r13=0000000080002140] R[r 0=0000000000000000] inst=[0000669c] c.ld    a5, 8(a3)
C0:      15985 [1] pc=[0000000080001cb2] W[r 0=0000000000000000][0] R[r15=0000000000000000] R[r 0=0000000000000000] inst=[0000dffd] c.beqz  a5, pc - 2
C0:      15986 [1] pc=[0000000080001cb0] W[r15=0000000000000000][1] R[r13=0000000080002140] R[r 0=0000000000000000] inst=[0000669c] c.ld    a5, 8(a3)
C0:      15988 [1] pc=[0000000080001cb2] W[r 0=0000000000000000][0] R[r15=0000000000000000] R[r 0=0000000000000000] inst=[0000dffd] c.beqz  a5, pc - 2
C0:      15989 [1] pc=[0000000080001cb0] W[r15=0000000000000000][1] R[r13=0000000080002140] R[r 0=0000000000000000] inst=[0000669c] c.ld    a5, 8(a3)
C0:      15991 [1] pc=[0000000080001cb2] W[r 0=0000000000000000][0] R[r15=0000000000000000] R[r 0=0000000000000000] inst=[0000dffd] c.beqz  a5, pc - 2
C0:      15992 [1] pc=[0000000080001cb0] W[r15=0000000000000000][1] R[r13=0000000080002140] R[r 0=0000000000000000] inst=[0000669c] c.ld    a5, 8(a3)
C0:      15994 [1] pc=[0000000080001cb2] W[r 0=0000000000000000][0] R[r15=0000000000000000] R[r 0=0000000000000000] inst=[0000dffd] c.beqz  a5, pc - 2
C0:      15995 [1] pc=[0000000080001cb0] W[r15=0000000000000000][1] R[r13=0000000080002140] R[r 0=0000000000000000] inst=[0000669c] c.ld    a5, 8(a3)
C0:      15997 [1] pc=[0000000080001cb2] W[r 0=0000000000000000][0] R[r15=0000000000000000] R[r 0=0000000000000000] inst=[0000dffd] c.beqz  a5, pc - 2
C0:      15998 [1] pc=[0000000080001cb0] W[r15=0000000000000000][1] R[r13=0000000080002140] R[r 0=0000000000000000] inst=[0000669c] c.ld    a5, 8(a3)
C0:      16000 [1] pc=[0000000080001cb2] W[r 0=0000000000000000][0] R[r15=0000000000000000] R[r 0=0000000000000000] inst=[0000dffd] c.beqz  a5, pc - 2
C0:      16001 [1] pc=[0000000080001cb0] W[r15=0000000000000000][1] R[r13=0000000080002140] R[r 0=0000000000000000] inst=[0000669c] c.ld    a5, 8(a3)
C0:      16003 [1] pc=[0000000080001cb2] W[r 0=0000000000000000][0] R[r15=0000000000000000] R[r 0=0000000000000000] inst=[0000dffd] c.beqz  a5, pc - 2
C0:      16004 [1] pc=[0000000080001cb0] W[r15=0000000000000000][1] R[r13=0000000080002140] R[r 0=0000000000000000] inst=[0000669c] c.ld    a5, 8(a3)
C0:      16006 [1] pc=[0000000080001cb2] W[r 0=0000000000000000][0] R[r15=0000000000000000] R[r 0=0000000000000000] inst=[0000dffd] c.beqz  a5, pc - 2
C0:      16007 [1] pc=[0000000080001cb0] W[r15=0000000000000000][1] R[r13=0000000080002140] R[r 0=0000000000000000] inst=[0000669c] c.ld    a5, 8(a3)
C0:      16009 [1] pc=[0000000080001cb2] W[r 0=0000000000000000][0] R[r15=0000000000000000] R[r 0=0000000000000000] inst=[0000dffd] c.beqz  a5, pc - 2
C0:      16010 [1] pc=[0000000080001cb0] W[r15=0000000000000000][1] R[r13=0000000080002140] R[r 0=0000000000000000] inst=[0000669c] c.ld    a5, 8(a3)
C0:      16012 [1] pc=[0000000080001cb2] W[r 0=0000000000000000][0] R[r15=0000000000000000] R[r 0=0000000000000000] inst=[0000dffd] c.beqz  a5, pc - 2
C0:      16013 [1] pc=[0000000080001cb0] W[r15=0000000000000000][1] R[r13=0000000080002140] R[r 0=0000000000000000] inst=[0000669c] c.ld    a5, 8(a3)
C0:      16015 [1] pc=[0000000080001cb2] W[r 0=0000000000000000][0] R[r15=0000000000000000] R[r 0=0000000000000000] inst=[0000dffd] c.beqz  a5, pc - 2
C0:      16016 [1] pc=[0000000080001cb0] W[r15=0000000000000000][1] R[r13=0000000080002140] R[r 0=0000000000000000] inst=[0000669c] c.ld    a5, 8(a3)
C0:      16018 [1] pc=[0000000080001cb2] W[r 0=0000000000000000][0] R[r15=0000000000000000] R[r 0=0000000000000000] inst=[0000dffd] c.beqz  a5, pc - 2
C0:      16019 [1] pc=[0000000080001cb0] W[r15=0000000000000000][1] R[r13=0000000080002140] R[r 0=0000000000000000] inst=[0000669c] c.ld    a5, 8(a3)
C0:      16021 [1] pc=[0000000080001cb2] W[r 0=0000000000000000][0] R[r15=0000000000000000] R[r 0=0000000000000000] inst=[0000dffd] c.beqz  a5, pc - 2
C0:      16022 [1] pc=[0000000080001cb0] W[r15=0000000000000000][1] R[r13=0000000080002140] R[r 0=0000000000000000] inst=[0000669c] c.ld    a5, 8(a3)
C0:      16024 [1] pc=[0000000080001cb2] W[r 0=0000000000000000][0] R[r15=0000000000000000] R[r 0=0000000000000000] inst=[0000dffd] c.beqz  a5, pc - 2
C0:      16025 [1] pc=[0000000080001cb0] W[r15=0000000000000000][1] R[r13=0000000080002140] R[r 0=0000000000000000] inst=[0000669c] c.ld    a5, 8(a3)
C0:      16027 [1] pc=[0000000080001cb2] W[r 0=0000000000000000][0] R[r15=0000000000000000] R[r 0=0000000000000000] inst=[0000dffd] c.beqz  a5, pc - 2
C0:      16028 [1] pc=[0000000080001cb0] W[r15=0000000000000000][1] R[r13=0000000080002140] R[r 0=0000000000000000] inst=[0000669c] c.ld    a5, 8(a3)
C0:      16030 [1] pc=[0000000080001cb2] W[r 0=0000000000000000][0] R[r15=0000000000000000] R[r 0=0000000000000000] inst=[0000dffd] c.beqz  a5, pc - 2
C0:      16031 [1] pc=[0000000080001cb0] W[r15=0000000000000000][1] R[r13=0000000080002140] R[r 0=0000000000000000] inst=[0000669c] c.ld    a5, 8(a3)
C0:      16033 [1] pc=[0000000080001cb2] W[r 0=0000000000000000][0] R[r15=0000000000000000] R[r 0=0000000000000000] inst=[0000dffd] c.beqz  a5, pc - 2
C0:      16034 [1] pc=[0000000080001cb0] W[r15=0000000000000000][1] R[r13=0000000080002140] R[r 0=0000000000000000] inst=[0000669c] c.ld    a5, 8(a3)
C0:      16036 [1] pc=[0000000080001cb2] W[r 0=0000000000000000][0] R[r15=0000000000000000] R[r 0=0000000000000000] inst=[0000dffd] c.beqz  a5, pc - 2
C0:      16037 [1] pc=[0000000080001cb0] W[r15=0000000000000000][1] R[r13=0000000080002140] R[r 0=0000000000000000] inst=[0000669c] c.ld    a5, 8(a3)
C0:      16039 [1] pc=[0000000080001cb2] W[r 0=0000000000000000][0] R[r15=0000000000000000] R[r 0=0000000000000000] inst=[0000dffd] c.beqz  a5, pc - 2
C0:      16040 [1] pc=[0000000080001cb0] W[r15=0000000000000000][1] R[r13=0000000080002140] R[r 0=0000000000000000] inst=[0000669c] c.ld    a5, 8(a3)
C0:      16042 [1] pc=[0000000080001cb2] W[r 0=0000000000000000][0] R[r15=0000000000000000] R[r 0=0000000000000000] inst=[0000dffd] c.beqz  a5, pc - 2
C0:      16043 [1] pc=[0000000080001cb0] W[r15=0000000000000000][1] R[r13=0000000080002140] R[r 0=0000000000000000] inst=[0000669c] c.ld    a5, 8(a3)
C0:      16045 [1] pc=[0000000080001cb2] W[r 0=0000000000000000][0] R[r15=0000000000000000] R[r 0=0000000000000000] inst=[0000dffd] c.beqz  a5, pc - 2
C0:      16046 [1] pc=[0000000080001cb0] W[r15=0000000000000000][1] R[r13=0000000080002140] R[r 0=0000000000000000] inst=[0000669c] c.ld    a5, 8(a3)
C0:      16048 [1] pc=[0000000080001cb2] W[r 0=0000000000000000][0] R[r15=0000000000000000] R[r 0=0000000000000000] inst=[0000dffd] c.beqz  a5, pc - 2
C0:      16049 [1] pc=[0000000080001cb0] W[r15=0000000000000000][1] R[r13=0000000080002140] R[r 0=0000000000000000] inst=[0000669c] c.ld    a5, 8(a3)
C0:      16051 [1] pc=[0000000080001cb2] W[r 0=0000000000000000][0] R[r15=0000000000000000] R[r 0=0000000000000000] inst=[0000dffd] c.beqz  a5, pc - 2
C0:      16052 [1] pc=[0000000080001cb0] W[r15=0000000000000000][1] R[r13=0000000080002140] R[r 0=0000000000000000] inst=[0000669c] c.ld    a5, 8(a3)
C0:      16054 [1] pc=[0000000080001cb2] W[r 0=0000000000000000][0] R[r15=0000000000000000] R[r 0=0000000000000000] inst=[0000dffd] c.beqz  a5, pc - 2
C0:      16055 [1] pc=[0000000080001cb0] W[r15=0000000000000000][1] R[r13=0000000080002140] R[r 0=0000000000000000] inst=[0000669c] c.ld    a5, 8(a3)
C0:      16057 [1] pc=[0000000080001cb2] W[r 0=0000000000000000][0] R[r15=0000000000000000] R[r 0=0000000000000000] inst=[0000dffd] c.beqz  a5, pc - 2
C0:      16058 [1] pc=[0000000080001cb0] W[r15=0000000000000000][1] R[r13=0000000080002140] R[r 0=0000000000000000] inst=[0000669c] c.ld    a5, 8(a3)
C0:      16060 [1] pc=[0000000080001cb2] W[r 0=0000000000000000][0] R[r15=0000000000000000] R[r 0=0000000000000000] inst=[0000dffd] c.beqz  a5, pc - 2
C0:      16061 [1] pc=[0000000080001cb0] W[r15=0000000000000000][1] R[r13=0000000080002140] R[r 0=0000000000000000] inst=[0000669c] c.ld    a5, 8(a3)
C0:      16063 [1] pc=[0000000080001cb2] W[r 0=0000000000000000][0] R[r15=0000000000000000] R[r 0=0000000000000000] inst=[0000dffd] c.beqz  a5, pc - 2
C0:      16064 [1] pc=[0000000080001cb0] W[r15=0000000000000000][1] R[r13=0000000080002140] R[r 0=0000000000000000] inst=[0000669c] c.ld    a5, 8(a3)
C0:      16066 [1] pc=[0000000080001cb2] W[r 0=0000000000000000][0] R[r15=0000000000000000] R[r 0=0000000000000000] inst=[0000dffd] c.beqz  a5, pc - 2
C0:      16067 [1] pc=[0000000080001cb0] W[r15=0000000000000000][1] R[r13=0000000080002140] R[r 0=0000000000000000] inst=[0000669c] c.ld    a5, 8(a3)
C0:      16069 [1] pc=[0000000080001cb2] W[r 0=0000000000000000][0] R[r15=0000000000000000] R[r 0=0000000000000000] inst=[0000dffd] c.beqz  a5, pc - 2
C0:      16070 [1] pc=[0000000080001cb0] W[r15=0000000000000000][1] R[r13=0000000080002140] R[r 0=0000000000000000] inst=[0000669c] c.ld    a5, 8(a3)
C0:      16072 [1] pc=[0000000080001cb2] W[r 0=0000000000000000][0] R[r15=0000000000000000] R[r 0=0000000000000000] inst=[0000dffd] c.beqz  a5, pc - 2
C0:      16073 [1] pc=[0000000080001cb0] W[r15=0000000000000000][1] R[r13=0000000080002140] R[r 0=0000000000000000] inst=[0000669c] c.ld    a5, 8(a3)
C0:      16075 [1] pc=[0000000080001cb2] W[r 0=0000000000000000][0] R[r15=0000000000000000] R[r 0=0000000000000000] inst=[0000dffd] c.beqz  a5, pc - 2
C0:      16076 [1] pc=[0000000080001cb0] W[r15=0000000000000000][1] R[r13=0000000080002140] R[r 0=0000000000000000] inst=[0000669c] c.ld    a5, 8(a3)
C0:      16078 [1] pc=[0000000080001cb2] W[r 0=0000000000000000][0] R[r15=0000000000000000] R[r 0=0000000000000000] inst=[0000dffd] c.beqz  a5, pc - 2
C0:      16079 [1] pc=[0000000080001cb0] W[r15=0000000000000000][1] R[r13=0000000080002140] R[r 0=0000000000000000] inst=[0000669c] c.ld    a5, 8(a3)
C0:      16081 [1] pc=[0000000080001cb2] W[r 0=0000000000000000][0] R[r15=0000000000000000] R[r 0=0000000000000000] inst=[0000dffd] c.beqz  a5, pc - 2
C0:      16082 [1] pc=[0000000080001cb0] W[r15=0000000000000000][1] R[r13=0000000080002140] R[r 0=0000000000000000] inst=[0000669c] c.ld    a5, 8(a3)
C0:      16084 [1] pc=[0000000080001cb2] W[r 0=0000000000000000][0] R[r15=0000000000000000] R[r 0=0000000000000000] inst=[0000dffd] c.beqz  a5, pc - 2
C0:      16085 [1] pc=[0000000080001cb0] W[r15=0000000000000000][1] R[r13=0000000080002140] R[r 0=0000000000000000] inst=[0000669c] c.ld    a5, 8(a3)
C0:      16087 [1] pc=[0000000080001cb2] W[r 0=0000000000000000][0] R[r15=0000000000000000] R[r 0=0000000000000000] inst=[0000dffd] c.beqz  a5, pc - 2
C0:      16088 [1] pc=[0000000080001cb0] W[r15=0000000000000000][1] R[r13=0000000080002140] R[r 0=0000000000000000] inst=[0000669c] c.ld    a5, 8(a3)
C0:      16090 [1] pc=[0000000080001cb2] W[r 0=0000000000000000][0] R[r15=0000000000000000] R[r 0=0000000000000000] inst=[0000dffd] c.beqz  a5, pc - 2
C0:      16091 [1] pc=[0000000080001cb0] W[r15=0000000000000000][1] R[r13=0000000080002140] R[r 0=0000000000000000] inst=[0000669c] c.ld    a5, 8(a3)
C0:      16093 [1] pc=[0000000080001cb2] W[r 0=0000000000000000][0] R[r15=0000000000000000] R[r 0=0000000000000000] inst=[0000dffd] c.beqz  a5, pc - 2
C0:      16094 [1] pc=[0000000080001cb0] W[r15=0000000000000000][1] R[r13=0000000080002140] R[r 0=0000000000000000] inst=[0000669c] c.ld    a5, 8(a3)
C0:      16096 [1] pc=[0000000080001cb2] W[r 0=0000000000000000][0] R[r15=0000000000000000] R[r 0=0000000000000000] inst=[0000dffd] c.beqz  a5, pc - 2
C0:      16097 [1] pc=[0000000080001cb0] W[r15=0000000000000000][1] R[r13=0000000080002140] R[r 0=0000000000000000] inst=[0000669c] c.ld    a5, 8(a3)
C0:      16099 [1] pc=[0000000080001cb2] W[r 0=0000000000000000][0] R[r15=0000000000000000] R[r 0=0000000000000000] inst=[0000dffd] c.beqz  a5, pc - 2
C0:      16100 [1] pc=[0000000080001cb0] W[r15=0000000000000000][1] R[r13=0000000080002140] R[r 0=0000000000000000] inst=[0000669c] c.ld    a5, 8(a3)
C0:      16102 [1] pc=[0000000080001cb2] W[r 0=0000000000000000][0] R[r15=0000000000000000] R[r 0=0000000000000000] inst=[0000dffd] c.beqz  a5, pc - 2
C0:      16103 [1] pc=[0000000080001cb0] W[r15=0000000000000000][1] R[r13=0000000080002140] R[r 0=0000000000000000] inst=[0000669c] c.ld    a5, 8(a3)
C0:      16105 [1] pc=[0000000080001cb2] W[r 0=0000000000000000][0] R[r15=0000000000000000] R[r 0=0000000000000000] inst=[0000dffd] c.beqz  a5, pc - 2
C0:      16106 [1] pc=[0000000080001cb0] W[r15=0000000000000000][1] R[r13=0000000080002140] R[r 0=0000000000000000] inst=[0000669c] c.ld    a5, 8(a3)
C0:      16108 [1] pc=[0000000080001cb2] W[r 0=0000000000000000][0] R[r15=0000000000000000] R[r 0=0000000000000000] inst=[0000dffd] c.beqz  a5, pc - 2
C0:      16109 [1] pc=[0000000080001cb0] W[r15=0000000000000000][1] R[r13=0000000080002140] R[r 0=0000000000000000] inst=[0000669c] c.ld    a5, 8(a3)
C0:      16111 [1] pc=[0000000080001cb2] W[r 0=0000000000000000][0] R[r15=0000000000000000] R[r 0=0000000000000000] inst=[0000dffd] c.beqz  a5, pc - 2
C0:      16112 [1] pc=[0000000080001cb0] W[r15=0000000000000000][1] R[r13=0000000080002140] R[r 0=0000000000000000] inst=[0000669c] c.ld    a5, 8(a3)
C0:      16114 [1] pc=[0000000080001cb2] W[r 0=0000000000000000][0] R[r15=0000000000000000] R[r 0=0000000000000000] inst=[0000dffd] c.beqz  a5, pc - 2
C0:      16115 [1] pc=[0000000080001cb0] W[r15=0000000000000000][1] R[r13=0000000080002140] R[r 0=0000000000000000] inst=[0000669c] c.ld    a5, 8(a3)
C0:      16117 [1] pc=[0000000080001cb2] W[r 0=0000000000000000][0] R[r15=0000000000000000] R[r 0=0000000000000000] inst=[0000dffd] c.beqz  a5, pc - 2
C0:      16118 [1] pc=[0000000080001cb0] W[r15=0000000000000000][1] R[r13=0000000080002140] R[r 0=0000000000000000] inst=[0000669c] c.ld    a5, 8(a3)
C0:      16120 [1] pc=[0000000080001cb2] W[r 0=0000000000000000][0] R[r15=0000000000000000] R[r 0=0000000000000000] inst=[0000dffd] c.beqz  a5, pc - 2
C0:      16121 [1] pc=[0000000080001cb0] W[r15=0000000000000000][1] R[r13=0000000080002140] R[r 0=0000000000000000] inst=[0000669c] c.ld    a5, 8(a3)
C0:      16123 [1] pc=[0000000080001cb2] W[r 0=0000000000000000][0] R[r15=0000000000000000] R[r 0=0000000000000000] inst=[0000dffd] c.beqz  a5, pc - 2
C0:      16124 [1] pc=[0000000080001cb0] W[r15=0000000000000000][1] R[r13=0000000080002140] R[r 0=0000000000000000] inst=[0000669c] c.ld    a5, 8(a3)
C0:      16126 [1] pc=[0000000080001cb2] W[r 0=0000000000000000][0] R[r15=0000000000000000] R[r 0=0000000000000000] inst=[0000dffd] c.beqz  a5, pc - 2
C0:      16127 [1] pc=[0000000080001cb0] W[r15=0000000000000000][1] R[r13=0000000080002140] R[r 0=0000000000000000] inst=[0000669c] c.ld    a5, 8(a3)
C0:      16129 [1] pc=[0000000080001cb2] W[r 0=0000000000000000][0] R[r15=0000000000000000] R[r 0=0000000000000000] inst=[0000dffd] c.beqz  a5, pc - 2
C0:      16130 [1] pc=[0000000080001cb0] W[r15=0000000000000000][1] R[r13=0000000080002140] R[r 0=0000000000000000] inst=[0000669c] c.ld    a5, 8(a3)
C0:      16132 [1] pc=[0000000080001cb2] W[r 0=0000000000000000][0] R[r15=0000000000000000] R[r 0=0000000000000000] inst=[0000dffd] c.beqz  a5, pc - 2
C0:      16133 [1] pc=[0000000080001cb0] W[r15=0000000000000000][1] R[r13=0000000080002140] R[r 0=0000000000000000] inst=[0000669c] c.ld    a5, 8(a3)
C0:      16135 [1] pc=[0000000080001cb2] W[r 0=0000000000000000][0] R[r15=0000000000000000] R[r 0=0000000000000000] inst=[0000dffd] c.beqz  a5, pc - 2
C0:      16136 [1] pc=[0000000080001cb0] W[r15=0000000000000000][1] R[r13=0000000080002140] R[r 0=0000000000000000] inst=[0000669c] c.ld    a5, 8(a3)
C0:      16138 [1] pc=[0000000080001cb2] W[r 0=0000000000000000][0] R[r15=0000000000000000] R[r 0=0000000000000000] inst=[0000dffd] c.beqz  a5, pc - 2
C0:      16155 [1] pc=[0000000080001cb0] W[r15=0000000000000000][1] R[r13=0000000080002140] R[r 0=0000000000000000] inst=[0000669c] c.ld    a5, 8(a3)
C0:      16157 [1] pc=[0000000080001cb2] W[r 0=0000000000000000][0] R[r15=0000000000000000] R[r 0=0000000000000000] inst=[0000dffd] c.beqz  a5, pc - 2
C0:      16158 [1] pc=[0000000080001cb0] W[r15=0000000000000000][1] R[r13=0000000080002140] R[r 0=0000000000000000] inst=[0000669c] c.ld    a5, 8(a3)
C0:      16160 [1] pc=[0000000080001cb2] W[r 0=0000000000000000][0] R[r15=0000000000000000] R[r 0=0000000000000000] inst=[0000dffd] c.beqz  a5, pc - 2
C0:      16161 [1] pc=[0000000080001cb0] W[r15=0000000000000000][1] R[r13=0000000080002140] R[r 0=0000000000000000] inst=[0000669c] c.ld    a5, 8(a3)
C0:      16163 [1] pc=[0000000080001cb2] W[r 0=0000000000000000][0] R[r15=0000000000000000] R[r 0=0000000000000000] inst=[0000dffd] c.beqz  a5, pc - 2
C0:      16164 [1] pc=[0000000080001cb0] W[r15=0000000000000000][1] R[r13=0000000080002140] R[r 0=0000000000000000] inst=[0000669c] c.ld    a5, 8(a3)
C0:      16166 [1] pc=[0000000080001cb2] W[r 0=0000000000000000][0] R[r15=0000000000000000] R[r 0=0000000000000000] inst=[0000dffd] c.beqz  a5, pc - 2
C0:      16167 [1] pc=[0000000080001cb0] W[r15=0000000000000000][1] R[r13=0000000080002140] R[r 0=0000000000000000] inst=[0000669c] c.ld    a5, 8(a3)
C0:      16169 [1] pc=[0000000080001cb2] W[r 0=0000000000000000][0] R[r15=0000000000000000] R[r 0=0000000000000000] inst=[0000dffd] c.beqz  a5, pc - 2
C0:      16170 [1] pc=[0000000080001cb0] W[r15=0000000000000000][1] R[r13=0000000080002140] R[r 0=0000000000000000] inst=[0000669c] c.ld    a5, 8(a3)
C0:      16172 [1] pc=[0000000080001cb2] W[r 0=0000000000000000][0] R[r15=0000000000000000] R[r 0=0000000000000000] inst=[0000dffd] c.beqz  a5, pc - 2
C0:      16173 [1] pc=[0000000080001cb0] W[r15=0000000000000000][1] R[r13=0000000080002140] R[r 0=0000000000000000] inst=[0000669c] c.ld    a5, 8(a3)
C0:      16175 [1] pc=[0000000080001cb2] W[r 0=0000000000000000][0] R[r15=0000000000000000] R[r 0=0000000000000000] inst=[0000dffd] c.beqz  a5, pc - 2
C0:      16176 [1] pc=[0000000080001cb0] W[r15=0000000000000000][1] R[r13=0000000080002140] R[r 0=0000000000000000] inst=[0000669c] c.ld    a5, 8(a3)
C0:      16178 [1] pc=[0000000080001cb2] W[r 0=0000000000000000][0] R[r15=0000000000000000] R[r 0=0000000000000000] inst=[0000dffd] c.beqz  a5, pc - 2
C0:      16179 [1] pc=[0000000080001cb0] W[r15=0000000000000000][1] R[r13=0000000080002140] R[r 0=0000000000000000] inst=[0000669c] c.ld    a5, 8(a3)
C0:      16181 [1] pc=[0000000080001cb2] W[r 0=0000000000000000][0] R[r15=0000000000000000] R[r 0=0000000000000000] inst=[0000dffd] c.beqz  a5, pc - 2
C0:      16182 [1] pc=[0000000080001cb0] W[r15=0000000000000000][1] R[r13=0000000080002140] R[r 0=0000000000000000] inst=[0000669c] c.ld    a5, 8(a3)
C0:      16184 [1] pc=[0000000080001cb2] W[r 0=0000000000000000][0] R[r15=0000000000000000] R[r 0=0000000000000000] inst=[0000dffd] c.beqz  a5, pc - 2
C0:      16185 [1] pc=[0000000080001cb0] W[r15=0000000000000000][1] R[r13=0000000080002140] R[r 0=0000000000000000] inst=[0000669c] c.ld    a5, 8(a3)
C0:      16187 [1] pc=[0000000080001cb2] W[r 0=0000000000000000][0] R[r15=0000000000000000] R[r 0=0000000000000000] inst=[0000dffd] c.beqz  a5, pc - 2
C0:      16188 [1] pc=[0000000080001cb0] W[r15=0000000000000000][1] R[r13=0000000080002140] R[r 0=0000000000000000] inst=[0000669c] c.ld    a5, 8(a3)
C0:      16190 [1] pc=[0000000080001cb2] W[r 0=0000000000000000][0] R[r15=0000000000000000] R[r 0=0000000000000000] inst=[0000dffd] c.beqz  a5, pc - 2
C0:      16191 [1] pc=[0000000080001cb0] W[r15=0000000000000000][1] R[r13=0000000080002140] R[r 0=0000000000000000] inst=[0000669c] c.ld    a5, 8(a3)
C0:      16193 [1] pc=[0000000080001cb2] W[r 0=0000000000000000][0] R[r15=0000000000000000] R[r 0=0000000000000000] inst=[0000dffd] c.beqz  a5, pc - 2
C0:      16194 [1] pc=[0000000080001cb0] W[r15=0000000000000000][1] R[r13=0000000080002140] R[r 0=0000000000000000] inst=[0000669c] c.ld    a5, 8(a3)
C0:      16196 [1] pc=[0000000080001cb2] W[r 0=0000000000000000][0] R[r15=0000000000000000] R[r 0=0000000000000000] inst=[0000dffd] c.beqz  a5, pc - 2
C0:      16197 [1] pc=[0000000080001cb0] W[r15=0000000000000000][1] R[r13=0000000080002140] R[r 0=0000000000000000] inst=[0000669c] c.ld    a5, 8(a3)
C0:      16199 [1] pc=[0000000080001cb2] W[r 0=0000000000000000][0] R[r15=0000000000000000] R[r 0=0000000000000000] inst=[0000dffd] c.beqz  a5, pc - 2
C0:      16200 [1] pc=[0000000080001cb0] W[r15=0000000000000000][1] R[r13=0000000080002140] R[r 0=0000000000000000] inst=[0000669c] c.ld    a5, 8(a3)
C0:      16202 [1] pc=[0000000080001cb2] W[r 0=0000000000000000][0] R[r15=0000000000000000] R[r 0=0000000000000000] inst=[0000dffd] c.beqz  a5, pc - 2
C0:      16203 [1] pc=[0000000080001cb0] W[r15=0000000000000000][1] R[r13=0000000080002140] R[r 0=0000000000000000] inst=[0000669c] c.ld    a5, 8(a3)
C0:      16205 [1] pc=[0000000080001cb2] W[r 0=0000000000000000][0] R[r15=0000000000000000] R[r 0=0000000000000000] inst=[0000dffd] c.beqz  a5, pc - 2
C0:      16206 [1] pc=[0000000080001cb0] W[r15=0000000000000000][1] R[r13=0000000080002140] R[r 0=0000000000000000] inst=[0000669c] c.ld    a5, 8(a3)
C0:      16208 [1] pc=[0000000080001cb2] W[r 0=0000000000000000][0] R[r15=0000000000000000] R[r 0=0000000000000000] inst=[0000dffd] c.beqz  a5, pc - 2
C0:      16209 [1] pc=[0000000080001cb0] W[r15=0000000000000000][1] R[r13=0000000080002140] R[r 0=0000000000000000] inst=[0000669c] c.ld    a5, 8(a3)
C0:      16211 [1] pc=[0000000080001cb2] W[r 0=0000000000000000][0] R[r15=0000000000000000] R[r 0=0000000000000000] inst=[0000dffd] c.beqz  a5, pc - 2
C0:      16212 [1] pc=[0000000080001cb0] W[r15=0000000000000000][1] R[r13=0000000080002140] R[r 0=0000000000000000] inst=[0000669c] c.ld    a5, 8(a3)
C0:      16214 [1] pc=[0000000080001cb2] W[r 0=0000000000000000][0] R[r15=0000000000000000] R[r 0=0000000000000000] inst=[0000dffd] c.beqz  a5, pc - 2
C0:      16215 [1] pc=[0000000080001cb0] W[r15=0000000000000000][1] R[r13=0000000080002140] R[r 0=0000000000000000] inst=[0000669c] c.ld    a5, 8(a3)
C0:      16217 [1] pc=[0000000080001cb2] W[r 0=0000000000000000][0] R[r15=0000000000000000] R[r 0=0000000000000000] inst=[0000dffd] c.beqz  a5, pc - 2
C0:      16218 [1] pc=[0000000080001cb0] W[r15=0000000000000000][1] R[r13=0000000080002140] R[r 0=0000000000000000] inst=[0000669c] c.ld    a5, 8(a3)
C0:      16220 [1] pc=[0000000080001cb2] W[r 0=0000000000000000][0] R[r15=0000000000000000] R[r 0=0000000000000000] inst=[0000dffd] c.beqz  a5, pc - 2
C0:      16221 [1] pc=[0000000080001cb0] W[r15=0000000000000000][1] R[r13=0000000080002140] R[r 0=0000000000000000] inst=[0000669c] c.ld    a5, 8(a3)
C0:      16223 [1] pc=[0000000080001cb2] W[r 0=0000000000000000][0] R[r15=0000000000000000] R[r 0=0000000000000000] inst=[0000dffd] c.beqz  a5, pc - 2
C0:      16224 [1] pc=[0000000080001cb0] W[r15=0000000000000000][1] R[r13=0000000080002140] R[r 0=0000000000000000] inst=[0000669c] c.ld    a5, 8(a3)
C0:      16226 [1] pc=[0000000080001cb2] W[r 0=0000000000000000][0] R[r15=0000000000000000] R[r 0=0000000000000000] inst=[0000dffd] c.beqz  a5, pc - 2
C0:      16227 [1] pc=[0000000080001cb0] W[r15=0000000000000000][1] R[r13=0000000080002140] R[r 0=0000000000000000] inst=[0000669c] c.ld    a5, 8(a3)
C0:      16229 [1] pc=[0000000080001cb2] W[r 0=0000000000000000][0] R[r15=0000000000000000] R[r 0=0000000000000000] inst=[0000dffd] c.beqz  a5, pc - 2
C0:      16230 [1] pc=[0000000080001cb0] W[r15=0000000000000000][1] R[r13=0000000080002140] R[r 0=0000000000000000] inst=[0000669c] c.ld    a5, 8(a3)
C0:      16232 [1] pc=[0000000080001cb2] W[r 0=0000000000000000][0] R[r15=0000000000000000] R[r 0=0000000000000000] inst=[0000dffd] c.beqz  a5, pc - 2
C0:      16238 [1] pc=[0000000080001cb0] W[r15=0000000000000000][1] R[r13=0000000080002140] R[r 0=0000000000000000] inst=[0000669c] c.ld    a5, 8(a3)
C0:      16240 [1] pc=[0000000080001cb2] W[r 0=0000000000000000][0] R[r15=0000000000000000] R[r 0=0000000000000000] inst=[0000dffd] c.beqz  a5, pc - 2
C0:      16241 [1] pc=[0000000080001cb0] W[r15=0000000000000000][1] R[r13=0000000080002140] R[r 0=0000000000000000] inst=[0000669c] c.ld    a5, 8(a3)
C0:      16243 [1] pc=[0000000080001cb2] W[r 0=0000000000000000][0] R[r15=0000000000000000] R[r 0=0000000000000000] inst=[0000dffd] c.beqz  a5, pc - 2
C0:      16244 [1] pc=[0000000080001cb0] W[r15=0000000000000000][1] R[r13=0000000080002140] R[r 0=0000000000000000] inst=[0000669c] c.ld    a5, 8(a3)
C0:      16246 [1] pc=[0000000080001cb2] W[r 0=0000000000000000][0] R[r15=0000000000000000] R[r 0=0000000000000000] inst=[0000dffd] c.beqz  a5, pc - 2
C0:      16247 [1] pc=[0000000080001cb0] W[r15=0000000000000000][1] R[r13=0000000080002140] R[r 0=0000000000000000] inst=[0000669c] c.ld    a5, 8(a3)
C0:      16249 [1] pc=[0000000080001cb2] W[r 0=0000000000000000][0] R[r15=0000000000000000] R[r 0=0000000000000000] inst=[0000dffd] c.beqz  a5, pc - 2
C0:      16250 [1] pc=[0000000080001cb0] W[r15=0000000000000000][1] R[r13=0000000080002140] R[r 0=0000000000000000] inst=[0000669c] c.ld    a5, 8(a3)
C0:      16252 [1] pc=[0000000080001cb2] W[r 0=0000000000000000][0] R[r15=0000000000000000] R[r 0=0000000000000000] inst=[0000dffd] c.beqz  a5, pc - 2
C0:      16253 [1] pc=[0000000080001cb0] W[r15=0000000000000000][1] R[r13=0000000080002140] R[r 0=0000000000000000] inst=[0000669c] c.ld    a5, 8(a3)
C0:      16255 [1] pc=[0000000080001cb2] W[r 0=0000000000000000][0] R[r15=0000000000000000] R[r 0=0000000000000000] inst=[0000dffd] c.beqz  a5, pc - 2
C0:      16256 [1] pc=[0000000080001cb0] W[r15=0000000000000000][1] R[r13=0000000080002140] R[r 0=0000000000000000] inst=[0000669c] c.ld    a5, 8(a3)
C0:      16258 [1] pc=[0000000080001cb2] W[r 0=0000000000000000][0] R[r15=0000000000000000] R[r 0=0000000000000000] inst=[0000dffd] c.beqz  a5, pc - 2
C0:      16259 [1] pc=[0000000080001cb0] W[r15=0000000000000000][1] R[r13=0000000080002140] R[r 0=0000000000000000] inst=[0000669c] c.ld    a5, 8(a3)
C0:      16261 [1] pc=[0000000080001cb2] W[r 0=0000000000000000][0] R[r15=0000000000000000] R[r 0=0000000000000000] inst=[0000dffd] c.beqz  a5, pc - 2
C0:      16262 [1] pc=[0000000080001cb0] W[r15=0000000000000000][1] R[r13=0000000080002140] R[r 0=0000000000000000] inst=[0000669c] c.ld    a5, 8(a3)
C0:      16264 [1] pc=[0000000080001cb2] W[r 0=0000000000000000][0] R[r15=0000000000000000] R[r 0=0000000000000000] inst=[0000dffd] c.beqz  a5, pc - 2
C0:      16265 [1] pc=[0000000080001cb0] W[r15=0000000000000000][1] R[r13=0000000080002140] R[r 0=0000000000000000] inst=[0000669c] c.ld    a5, 8(a3)
C0:      16267 [1] pc=[0000000080001cb2] W[r 0=0000000000000000][0] R[r15=0000000000000000] R[r 0=0000000000000000] inst=[0000dffd] c.beqz  a5, pc - 2
C0:      16268 [1] pc=[0000000080001cb0] W[r15=0000000000000000][1] R[r13=0000000080002140] R[r 0=0000000000000000] inst=[0000669c] c.ld    a5, 8(a3)
C0:      16270 [1] pc=[0000000080001cb2] W[r 0=0000000000000000][0] R[r15=0000000000000000] R[r 0=0000000000000000] inst=[0000dffd] c.beqz  a5, pc - 2
C0:      16271 [1] pc=[0000000080001cb0] W[r15=0000000000000000][1] R[r13=0000000080002140] R[r 0=0000000000000000] inst=[0000669c] c.ld    a5, 8(a3)
C0:      16273 [1] pc=[0000000080001cb2] W[r 0=0000000000000000][0] R[r15=0000000000000000] R[r 0=0000000000000000] inst=[0000dffd] c.beqz  a5, pc - 2
C0:      16274 [1] pc=[0000000080001cb0] W[r15=0000000000000000][1] R[r13=0000000080002140] R[r 0=0000000000000000] inst=[0000669c] c.ld    a5, 8(a3)
C0:      16276 [1] pc=[0000000080001cb2] W[r 0=0000000000000000][0] R[r15=0000000000000000] R[r 0=0000000000000000] inst=[0000dffd] c.beqz  a5, pc - 2
C0:      16277 [1] pc=[0000000080001cb0] W[r15=0000000000000000][1] R[r13=0000000080002140] R[r 0=0000000000000000] inst=[0000669c] c.ld    a5, 8(a3)
C0:      16279 [1] pc=[0000000080001cb2] W[r 0=0000000000000000][0] R[r15=0000000000000000] R[r 0=0000000000000000] inst=[0000dffd] c.beqz  a5, pc - 2
C0:      16280 [1] pc=[0000000080001cb0] W[r15=0000000000000000][1] R[r13=0000000080002140] R[r 0=0000000000000000] inst=[0000669c] c.ld    a5, 8(a3)
C0:      16282 [1] pc=[0000000080001cb2] W[r 0=0000000000000000][0] R[r15=0000000000000000] R[r 0=0000000000000000] inst=[0000dffd] c.beqz  a5, pc - 2
C0:      16283 [1] pc=[0000000080001cb0] W[r15=0000000000000000][1] R[r13=0000000080002140] R[r 0=0000000000000000] inst=[0000669c] c.ld    a5, 8(a3)
C0:      16285 [1] pc=[0000000080001cb2] W[r 0=0000000000000000][0] R[r15=0000000000000000] R[r 0=0000000000000000] inst=[0000dffd] c.beqz  a5, pc - 2
C0:      16286 [1] pc=[0000000080001cb0] W[r15=0000000000000000][1] R[r13=0000000080002140] R[r 0=0000000000000000] inst=[0000669c] c.ld    a5, 8(a3)
C0:      16288 [1] pc=[0000000080001cb2] W[r 0=0000000000000000][0] R[r15=0000000000000000] R[r 0=0000000000000000] inst=[0000dffd] c.beqz  a5, pc - 2
C0:      16289 [1] pc=[0000000080001cb0] W[r15=0000000000000000][1] R[r13=0000000080002140] R[r 0=0000000000000000] inst=[0000669c] c.ld    a5, 8(a3)
C0:      16291 [1] pc=[0000000080001cb2] W[r 0=0000000000000000][0] R[r15=0000000000000000] R[r 0=0000000000000000] inst=[0000dffd] c.beqz  a5, pc - 2
C0:      16292 [1] pc=[0000000080001cb0] W[r15=0000000000000000][1] R[r13=0000000080002140] R[r 0=0000000000000000] inst=[0000669c] c.ld    a5, 8(a3)
C0:      16294 [1] pc=[0000000080001cb2] W[r 0=0000000000000000][0] R[r15=0000000000000000] R[r 0=0000000000000000] inst=[0000dffd] c.beqz  a5, pc - 2
C0:      16295 [1] pc=[0000000080001cb0] W[r15=0000000000000000][1] R[r13=0000000080002140] R[r 0=0000000000000000] inst=[0000669c] c.ld    a5, 8(a3)
C0:      16297 [1] pc=[0000000080001cb2] W[r 0=0000000000000000][0] R[r15=0000000000000000] R[r 0=0000000000000000] inst=[0000dffd] c.beqz  a5, pc - 2
C0:      16298 [1] pc=[0000000080001cb0] W[r15=0000000000000000][1] R[r13=0000000080002140] R[r 0=0000000000000000] inst=[0000669c] c.ld    a5, 8(a3)
C0:      16300 [1] pc=[0000000080001cb2] W[r 0=0000000000000000][0] R[r15=0000000000000000] R[r 0=0000000000000000] inst=[0000dffd] c.beqz  a5, pc - 2
C0:      16301 [1] pc=[0000000080001cb0] W[r15=0000000000000000][1] R[r13=0000000080002140] R[r 0=0000000000000000] inst=[0000669c] c.ld    a5, 8(a3)
C0:      16303 [1] pc=[0000000080001cb2] W[r 0=0000000000000000][0] R[r15=0000000000000000] R[r 0=0000000000000000] inst=[0000dffd] c.beqz  a5, pc - 2
C0:      16304 [1] pc=[0000000080001cb0] W[r15=0000000000000000][1] R[r13=0000000080002140] R[r 0=0000000000000000] inst=[0000669c] c.ld    a5, 8(a3)
C0:      16306 [1] pc=[0000000080001cb2] W[r 0=0000000000000000][0] R[r15=0000000000000000] R[r 0=0000000000000000] inst=[0000dffd] c.beqz  a5, pc - 2
C0:      16307 [1] pc=[0000000080001cb0] W[r15=0000000000000000][1] R[r13=0000000080002140] R[r 0=0000000000000000] inst=[0000669c] c.ld    a5, 8(a3)
C0:      16309 [1] pc=[0000000080001cb2] W[r 0=0000000000000000][0] R[r15=0000000000000000] R[r 0=0000000000000000] inst=[0000dffd] c.beqz  a5, pc - 2
C0:      16310 [1] pc=[0000000080001cb0] W[r15=0000000000000000][1] R[r13=0000000080002140] R[r 0=0000000000000000] inst=[0000669c] c.ld    a5, 8(a3)
C0:      16312 [1] pc=[0000000080001cb2] W[r 0=0000000000000000][0] R[r15=0000000000000000] R[r 0=0000000000000000] inst=[0000dffd] c.beqz  a5, pc - 2
C0:      16313 [1] pc=[0000000080001cb0] W[r15=0000000000000000][1] R[r13=0000000080002140] R[r 0=0000000000000000] inst=[0000669c] c.ld    a5, 8(a3)
C0:      16315 [1] pc=[0000000080001cb2] W[r 0=0000000000000000][0] R[r15=0000000000000000] R[r 0=0000000000000000] inst=[0000dffd] c.beqz  a5, pc - 2
C0:      16316 [1] pc=[0000000080001cb0] W[r15=0000000000000000][1] R[r13=0000000080002140] R[r 0=0000000000000000] inst=[0000669c] c.ld    a5, 8(a3)
C0:      16318 [1] pc=[0000000080001cb2] W[r 0=0000000000000000][0] R[r15=0000000000000000] R[r 0=0000000000000000] inst=[0000dffd] c.beqz  a5, pc - 2
C0:      16319 [1] pc=[0000000080001cb0] W[r15=0000000000000000][1] R[r13=0000000080002140] R[r 0=0000000000000000] inst=[0000669c] c.ld    a5, 8(a3)
C0:      16321 [1] pc=[0000000080001cb2] W[r 0=0000000000000000][0] R[r15=0000000000000000] R[r 0=0000000000000000] inst=[0000dffd] c.beqz  a5, pc - 2
C0:      16322 [1] pc=[0000000080001cb0] W[r15=0000000000000000][1] R[r13=0000000080002140] R[r 0=0000000000000000] inst=[0000669c] c.ld    a5, 8(a3)
C0:      16324 [1] pc=[0000000080001cb2] W[r 0=0000000000000000][0] R[r15=0000000000000000] R[r 0=0000000000000000] inst=[0000dffd] c.beqz  a5, pc - 2
C0:      16325 [1] pc=[0000000080001cb0] W[r15=0000000000000000][1] R[r13=0000000080002140] R[r 0=0000000000000000] inst=[0000669c] c.ld    a5, 8(a3)
C0:      16327 [1] pc=[0000000080001cb2] W[r 0=0000000000000000][0] R[r15=0000000000000000] R[r 0=0000000000000000] inst=[0000dffd] c.beqz  a5, pc - 2
C0:      16328 [1] pc=[0000000080001cb0] W[r15=0000000000000000][1] R[r13=0000000080002140] R[r 0=0000000000000000] inst=[0000669c] c.ld    a5, 8(a3)
C0:      16330 [1] pc=[0000000080001cb2] W[r 0=0000000000000000][0] R[r15=0000000000000000] R[r 0=0000000000000000] inst=[0000dffd] c.beqz  a5, pc - 2
C0:      16331 [1] pc=[0000000080001cb0] W[r15=0000000000000000][1] R[r13=0000000080002140] R[r 0=0000000000000000] inst=[0000669c] c.ld    a5, 8(a3)
C0:      16333 [1] pc=[0000000080001cb2] W[r 0=0000000000000000][0] R[r15=0000000000000000] R[r 0=0000000000000000] inst=[0000dffd] c.beqz  a5, pc - 2
C0:      16334 [1] pc=[0000000080001cb0] W[r15=0000000000000000][1] R[r13=0000000080002140] R[r 0=0000000000000000] inst=[0000669c] c.ld    a5, 8(a3)
C0:      16336 [1] pc=[0000000080001cb2] W[r 0=0000000000000000][0] R[r15=0000000000000000] R[r 0=0000000000000000] inst=[0000dffd] c.beqz  a5, pc - 2
C0:      16337 [1] pc=[0000000080001cb0] W[r15=0000000000000000][1] R[r13=0000000080002140] R[r 0=0000000000000000] inst=[0000669c] c.ld    a5, 8(a3)
C0:      16339 [1] pc=[0000000080001cb2] W[r 0=0000000000000000][0] R[r15=0000000000000000] R[r 0=0000000000000000] inst=[0000dffd] c.beqz  a5, pc - 2
C0:      16340 [1] pc=[0000000080001cb0] W[r15=0000000000000000][1] R[r13=0000000080002140] R[r 0=0000000000000000] inst=[0000669c] c.ld    a5, 8(a3)
C0:      16342 [1] pc=[0000000080001cb2] W[r 0=0000000000000000][0] R[r15=0000000000000000] R[r 0=0000000000000000] inst=[0000dffd] c.beqz  a5, pc - 2
C0:      16343 [1] pc=[0000000080001cb0] W[r15=0000000000000000][1] R[r13=0000000080002140] R[r 0=0000000000000000] inst=[0000669c] c.ld    a5, 8(a3)
C0:      16345 [1] pc=[0000000080001cb2] W[r 0=0000000000000000][0] R[r15=0000000000000000] R[r 0=0000000000000000] inst=[0000dffd] c.beqz  a5, pc - 2
C0:      16346 [1] pc=[0000000080001cb0] W[r15=0000000000000000][1] R[r13=0000000080002140] R[r 0=0000000000000000] inst=[0000669c] c.ld    a5, 8(a3)
C0:      16348 [1] pc=[0000000080001cb2] W[r 0=0000000000000000][0] R[r15=0000000000000000] R[r 0=0000000000000000] inst=[0000dffd] c.beqz  a5, pc - 2
C0:      16349 [1] pc=[0000000080001cb0] W[r15=0000000000000000][1] R[r13=0000000080002140] R[r 0=0000000000000000] inst=[0000669c] c.ld    a5, 8(a3)
C0:      16351 [1] pc=[0000000080001cb2] W[r 0=0000000000000000][0] R[r15=0000000000000000] R[r 0=0000000000000000] inst=[0000dffd] c.beqz  a5, pc - 2
C0:      16352 [1] pc=[0000000080001cb0] W[r15=0000000000000000][1] R[r13=0000000080002140] R[r 0=0000000000000000] inst=[0000669c] c.ld    a5, 8(a3)
C0:      16354 [1] pc=[0000000080001cb2] W[r 0=0000000000000000][0] R[r15=0000000000000000] R[r 0=0000000000000000] inst=[0000dffd] c.beqz  a5, pc - 2
C0:      16355 [1] pc=[0000000080001cb0] W[r15=0000000000000000][1] R[r13=0000000080002140] R[r 0=0000000000000000] inst=[0000669c] c.ld    a5, 8(a3)
C0:      16357 [1] pc=[0000000080001cb2] W[r 0=0000000000000000][0] R[r15=0000000000000000] R[r 0=0000000000000000] inst=[0000dffd] c.beqz  a5, pc - 2
C0:      16358 [1] pc=[0000000080001cb0] W[r15=0000000000000000][1] R[r13=0000000080002140] R[r 0=0000000000000000] inst=[0000669c] c.ld    a5, 8(a3)
C0:      16360 [1] pc=[0000000080001cb2] W[r 0=0000000000000000][0] R[r15=0000000000000000] R[r 0=0000000000000000] inst=[0000dffd] c.beqz  a5, pc - 2
C0:      16361 [1] pc=[0000000080001cb0] W[r15=0000000000000000][1] R[r13=0000000080002140] R[r 0=0000000000000000] inst=[0000669c] c.ld    a5, 8(a3)
C0:      16363 [1] pc=[0000000080001cb2] W[r 0=0000000000000000][0] R[r15=0000000000000000] R[r 0=0000000000000000] inst=[0000dffd] c.beqz  a5, pc - 2
C0:      16364 [1] pc=[0000000080001cb0] W[r15=0000000000000000][1] R[r13=0000000080002140] R[r 0=0000000000000000] inst=[0000669c] c.ld    a5, 8(a3)
C0:      16366 [1] pc=[0000000080001cb2] W[r 0=0000000000000000][0] R[r15=0000000000000000] R[r 0=0000000000000000] inst=[0000dffd] c.beqz  a5, pc - 2
C0:      16367 [1] pc=[0000000080001cb0] W[r15=0000000000000000][1] R[r13=0000000080002140] R[r 0=0000000000000000] inst=[0000669c] c.ld    a5, 8(a3)
C0:      16369 [1] pc=[0000000080001cb2] W[r 0=0000000000000000][0] R[r15=0000000000000000] R[r 0=0000000000000000] inst=[0000dffd] c.beqz  a5, pc - 2
C0:      16370 [1] pc=[0000000080001cb0] W[r15=0000000000000000][1] R[r13=0000000080002140] R[r 0=0000000000000000] inst=[0000669c] c.ld    a5, 8(a3)
C0:      16372 [1] pc=[0000000080001cb2] W[r 0=0000000000000000][0] R[r15=0000000000000000] R[r 0=0000000000000000] inst=[0000dffd] c.beqz  a5, pc - 2
C0:      16373 [1] pc=[0000000080001cb0] W[r15=0000000000000000][1] R[r13=0000000080002140] R[r 0=0000000000000000] inst=[0000669c] c.ld    a5, 8(a3)
C0:      16375 [1] pc=[0000000080001cb2] W[r 0=0000000000000000][0] R[r15=0000000000000000] R[r 0=0000000000000000] inst=[0000dffd] c.beqz  a5, pc - 2
C0:      16376 [1] pc=[0000000080001cb0] W[r15=0000000000000000][1] R[r13=0000000080002140] R[r 0=0000000000000000] inst=[0000669c] c.ld    a5, 8(a3)
C0:      16378 [1] pc=[0000000080001cb2] W[r 0=0000000000000000][0] R[r15=0000000000000000] R[r 0=0000000000000000] inst=[0000dffd] c.beqz  a5, pc - 2
C0:      16379 [1] pc=[0000000080001cb0] W[r15=0000000000000000][1] R[r13=0000000080002140] R[r 0=0000000000000000] inst=[0000669c] c.ld    a5, 8(a3)
C0:      16381 [1] pc=[0000000080001cb2] W[r 0=0000000000000000][0] R[r15=0000000000000000] R[r 0=0000000000000000] inst=[0000dffd] c.beqz  a5, pc - 2
C0:      16382 [1] pc=[0000000080001cb0] W[r15=0000000000000000][1] R[r13=0000000080002140] R[r 0=0000000000000000] inst=[0000669c] c.ld    a5, 8(a3)
C0:      16384 [1] pc=[0000000080001cb2] W[r 0=0000000000000000][0] R[r15=0000000000000000] R[r 0=0000000000000000] inst=[0000dffd] c.beqz  a5, pc - 2
C0:      16385 [1] pc=[0000000080001cb0] W[r15=0000000000000000][1] R[r13=0000000080002140] R[r 0=0000000000000000] inst=[0000669c] c.ld    a5, 8(a3)
C0:      16387 [1] pc=[0000000080001cb2] W[r 0=0000000000000000][0] R[r15=0000000000000000] R[r 0=0000000000000000] inst=[0000dffd] c.beqz  a5, pc - 2
C0:      16388 [1] pc=[0000000080001cb0] W[r15=0000000000000000][1] R[r13=0000000080002140] R[r 0=0000000000000000] inst=[0000669c] c.ld    a5, 8(a3)
C0:      16390 [1] pc=[0000000080001cb2] W[r 0=0000000000000000][0] R[r15=0000000000000000] R[r 0=0000000000000000] inst=[0000dffd] c.beqz  a5, pc - 2
C0:      16391 [1] pc=[0000000080001cb0] W[r15=0000000000000000][1] R[r13=0000000080002140] R[r 0=0000000000000000] inst=[0000669c] c.ld    a5, 8(a3)
C0:      16393 [1] pc=[0000000080001cb2] W[r 0=0000000000000000][0] R[r15=0000000000000000] R[r 0=0000000000000000] inst=[0000dffd] c.beqz  a5, pc - 2
C0:      16394 [1] pc=[0000000080001cb0] W[r15=0000000000000000][1] R[r13=0000000080002140] R[r 0=0000000000000000] inst=[0000669c] c.ld    a5, 8(a3)
C0:      16396 [1] pc=[0000000080001cb2] W[r 0=0000000000000000][0] R[r15=0000000000000000] R[r 0=0000000000000000] inst=[0000dffd] c.beqz  a5, pc - 2
C0:      16397 [1] pc=[0000000080001cb0] W[r15=0000000000000000][1] R[r13=0000000080002140] R[r 0=0000000000000000] inst=[0000669c] c.ld    a5, 8(a3)
C0:      16399 [1] pc=[0000000080001cb2] W[r 0=0000000000000000][0] R[r15=0000000000000000] R[r 0=0000000000000000] inst=[0000dffd] c.beqz  a5, pc - 2
C0:      16400 [1] pc=[0000000080001cb0] W[r15=0000000000000000][1] R[r13=0000000080002140] R[r 0=0000000000000000] inst=[0000669c] c.ld    a5, 8(a3)
C0:      16402 [1] pc=[0000000080001cb2] W[r 0=0000000000000000][0] R[r15=0000000000000000] R[r 0=0000000000000000] inst=[0000dffd] c.beqz  a5, pc - 2
C0:      16403 [1] pc=[0000000080001cb0] W[r15=0000000000000000][1] R[r13=0000000080002140] R[r 0=0000000000000000] inst=[0000669c] c.ld    a5, 8(a3)
C0:      16405 [1] pc=[0000000080001cb2] W[r 0=0000000000000000][0] R[r15=0000000000000000] R[r 0=0000000000000000] inst=[0000dffd] c.beqz  a5, pc - 2
C0:      16406 [1] pc=[0000000080001cb0] W[r15=0000000000000000][1] R[r13=0000000080002140] R[r 0=0000000000000000] inst=[0000669c] c.ld    a5, 8(a3)
C0:      16408 [1] pc=[0000000080001cb2] W[r 0=0000000000000000][0] R[r15=0000000000000000] R[r 0=0000000000000000] inst=[0000dffd] c.beqz  a5, pc - 2
C0:      16409 [1] pc=[0000000080001cb0] W[r15=0000000000000000][1] R[r13=0000000080002140] R[r 0=0000000000000000] inst=[0000669c] c.ld    a5, 8(a3)
C0:      16411 [1] pc=[0000000080001cb2] W[r 0=0000000000000000][0] R[r15=0000000000000000] R[r 0=0000000000000000] inst=[0000dffd] c.beqz  a5, pc - 2
C0:      16412 [1] pc=[0000000080001cb0] W[r15=0000000000000000][1] R[r13=0000000080002140] R[r 0=0000000000000000] inst=[0000669c] c.ld    a5, 8(a3)
C0:      16414 [1] pc=[0000000080001cb2] W[r 0=0000000000000000][0] R[r15=0000000000000000] R[r 0=0000000000000000] inst=[0000dffd] c.beqz  a5, pc - 2
C0:      16415 [1] pc=[0000000080001cb0] W[r15=0000000000000000][1] R[r13=0000000080002140] R[r 0=0000000000000000] inst=[0000669c] c.ld    a5, 8(a3)
C0:      16417 [1] pc=[0000000080001cb2] W[r 0=0000000000000000][0] R[r15=0000000000000000] R[r 0=0000000000000000] inst=[0000dffd] c.beqz  a5, pc - 2
C0:      16418 [1] pc=[0000000080001cb0] W[r15=0000000000000000][1] R[r13=0000000080002140] R[r 0=0000000000000000] inst=[0000669c] c.ld    a5, 8(a3)
C0:      16420 [1] pc=[0000000080001cb2] W[r 0=0000000000000000][0] R[r15=0000000000000000] R[r 0=0000000000000000] inst=[0000dffd] c.beqz  a5, pc - 2
C0:      16421 [1] pc=[0000000080001cb0] W[r15=0000000000000000][1] R[r13=0000000080002140] R[r 0=0000000000000000] inst=[0000669c] c.ld    a5, 8(a3)
C0:      16423 [1] pc=[0000000080001cb2] W[r 0=0000000000000000][0] R[r15=0000000000000000] R[r 0=0000000000000000] inst=[0000dffd] c.beqz  a5, pc - 2
C0:      16424 [1] pc=[0000000080001cb0] W[r15=0000000000000000][1] R[r13=0000000080002140] R[r 0=0000000000000000] inst=[0000669c] c.ld    a5, 8(a3)
C0:      16426 [1] pc=[0000000080001cb2] W[r 0=0000000000000000][0] R[r15=0000000000000000] R[r 0=0000000000000000] inst=[0000dffd] c.beqz  a5, pc - 2
C0:      16427 [1] pc=[0000000080001cb0] W[r15=0000000000000000][1] R[r13=0000000080002140] R[r 0=0000000000000000] inst=[0000669c] c.ld    a5, 8(a3)
C0:      16429 [1] pc=[0000000080001cb2] W[r 0=0000000000000000][0] R[r15=0000000000000000] R[r 0=0000000000000000] inst=[0000dffd] c.beqz  a5, pc - 2
C0:      16430 [1] pc=[0000000080001cb0] W[r15=0000000000000000][1] R[r13=0000000080002140] R[r 0=0000000000000000] inst=[0000669c] c.ld    a5, 8(a3)
C0:      16432 [1] pc=[0000000080001cb2] W[r 0=0000000000000000][0] R[r15=0000000000000000] R[r 0=0000000000000000] inst=[0000dffd] c.beqz  a5, pc - 2
C0:      16433 [1] pc=[0000000080001cb0] W[r15=0000000000000000][1] R[r13=0000000080002140] R[r 0=0000000000000000] inst=[0000669c] c.ld    a5, 8(a3)
C0:      16435 [1] pc=[0000000080001cb2] W[r 0=0000000000000000][0] R[r15=0000000000000000] R[r 0=0000000000000000] inst=[0000dffd] c.beqz  a5, pc - 2
C0:      16436 [1] pc=[0000000080001cb0] W[r15=0000000000000000][1] R[r13=0000000080002140] R[r 0=0000000000000000] inst=[0000669c] c.ld    a5, 8(a3)
C0:      16438 [1] pc=[0000000080001cb2] W[r 0=0000000000000000][0] R[r15=0000000000000000] R[r 0=0000000000000000] inst=[0000dffd] c.beqz  a5, pc - 2
C0:      16439 [1] pc=[0000000080001cb0] W[r15=0000000000000000][1] R[r13=0000000080002140] R[r 0=0000000000000000] inst=[0000669c] c.ld    a5, 8(a3)
C0:      16441 [1] pc=[0000000080001cb2] W[r 0=0000000000000000][0] R[r15=0000000000000000] R[r 0=0000000000000000] inst=[0000dffd] c.beqz  a5, pc - 2
C0:      16442 [1] pc=[0000000080001cb0] W[r15=0000000000000000][1] R[r13=0000000080002140] R[r 0=0000000000000000] inst=[0000669c] c.ld    a5, 8(a3)
C0:      16444 [1] pc=[0000000080001cb2] W[r 0=0000000000000000][0] R[r15=0000000000000000] R[r 0=0000000000000000] inst=[0000dffd] c.beqz  a5, pc - 2
C0:      16445 [1] pc=[0000000080001cb0] W[r15=0000000000000000][1] R[r13=0000000080002140] R[r 0=0000000000000000] inst=[0000669c] c.ld    a5, 8(a3)
C0:      16447 [1] pc=[0000000080001cb2] W[r 0=0000000000000000][0] R[r15=0000000000000000] R[r 0=0000000000000000] inst=[0000dffd] c.beqz  a5, pc - 2
C0:      16448 [1] pc=[0000000080001cb0] W[r15=0000000000000000][1] R[r13=0000000080002140] R[r 0=0000000000000000] inst=[0000669c] c.ld    a5, 8(a3)
C0:      16450 [1] pc=[0000000080001cb2] W[r 0=0000000000000000][0] R[r15=0000000000000000] R[r 0=0000000000000000] inst=[0000dffd] c.beqz  a5, pc - 2
C0:      16451 [1] pc=[0000000080001cb0] W[r15=0000000000000000][1] R[r13=0000000080002140] R[r 0=0000000000000000] inst=[0000669c] c.ld    a5, 8(a3)
C0:      16453 [1] pc=[0000000080001cb2] W[r 0=0000000000000000][0] R[r15=0000000000000000] R[r 0=0000000000000000] inst=[0000dffd] c.beqz  a5, pc - 2
C0:      16454 [1] pc=[0000000080001cb0] W[r15=0000000000000000][1] R[r13=0000000080002140] R[r 0=0000000000000000] inst=[0000669c] c.ld    a5, 8(a3)
C0:      16456 [1] pc=[0000000080001cb2] W[r 0=0000000000000000][0] R[r15=0000000000000000] R[r 0=0000000000000000] inst=[0000dffd] c.beqz  a5, pc - 2
C0:      16457 [1] pc=[0000000080001cb0] W[r15=0000000000000000][1] R[r13=0000000080002140] R[r 0=0000000000000000] inst=[0000669c] c.ld    a5, 8(a3)
C0:      16459 [1] pc=[0000000080001cb2] W[r 0=0000000000000000][0] R[r15=0000000000000000] R[r 0=0000000000000000] inst=[0000dffd] c.beqz  a5, pc - 2
C0:      16460 [1] pc=[0000000080001cb0] W[r15=0000000000000000][1] R[r13=0000000080002140] R[r 0=0000000000000000] inst=[0000669c] c.ld    a5, 8(a3)
C0:      16462 [1] pc=[0000000080001cb2] W[r 0=0000000000000000][0] R[r15=0000000000000000] R[r 0=0000000000000000] inst=[0000dffd] c.beqz  a5, pc - 2
C0:      16463 [1] pc=[0000000080001cb0] W[r15=0000000000000000][1] R[r13=0000000080002140] R[r 0=0000000000000000] inst=[0000669c] c.ld    a5, 8(a3)
C0:      16465 [1] pc=[0000000080001cb2] W[r 0=0000000000000000][0] R[r15=0000000000000000] R[r 0=0000000000000000] inst=[0000dffd] c.beqz  a5, pc - 2
C0:      16466 [1] pc=[0000000080001cb0] W[r15=0000000000000000][1] R[r13=0000000080002140] R[r 0=0000000000000000] inst=[0000669c] c.ld    a5, 8(a3)
C0:      16468 [1] pc=[0000000080001cb2] W[r 0=0000000000000000][0] R[r15=0000000000000000] R[r 0=0000000000000000] inst=[0000dffd] c.beqz  a5, pc - 2
C0:      16469 [1] pc=[0000000080001cb0] W[r15=0000000000000000][1] R[r13=0000000080002140] R[r 0=0000000000000000] inst=[0000669c] c.ld    a5, 8(a3)
C0:      16471 [1] pc=[0000000080001cb2] W[r 0=0000000000000000][0] R[r15=0000000000000000] R[r 0=0000000000000000] inst=[0000dffd] c.beqz  a5, pc - 2
C0:      16472 [1] pc=[0000000080001cb0] W[r15=0000000000000000][1] R[r13=0000000080002140] R[r 0=0000000000000000] inst=[0000669c] c.ld    a5, 8(a3)
C0:      16474 [1] pc=[0000000080001cb2] W[r 0=0000000000000000][0] R[r15=0000000000000000] R[r 0=0000000000000000] inst=[0000dffd] c.beqz  a5, pc - 2
C0:      16475 [1] pc=[0000000080001cb0] W[r15=0000000000000000][1] R[r13=0000000080002140] R[r 0=0000000000000000] inst=[0000669c] c.ld    a5, 8(a3)
C0:      16477 [1] pc=[0000000080001cb2] W[r 0=0000000000000000][0] R[r15=0000000000000000] R[r 0=0000000000000000] inst=[0000dffd] c.beqz  a5, pc - 2
C0:      16478 [1] pc=[0000000080001cb0] W[r15=0000000000000000][1] R[r13=0000000080002140] R[r 0=0000000000000000] inst=[0000669c] c.ld    a5, 8(a3)
C0:      16480 [1] pc=[0000000080001cb2] W[r 0=0000000000000000][0] R[r15=0000000000000000] R[r 0=0000000000000000] inst=[0000dffd] c.beqz  a5, pc - 2
C0:      16481 [1] pc=[0000000080001cb0] W[r15=0000000000000000][1] R[r13=0000000080002140] R[r 0=0000000000000000] inst=[0000669c] c.ld    a5, 8(a3)
C0:      16483 [1] pc=[0000000080001cb2] W[r 0=0000000000000000][0] R[r15=0000000000000000] R[r 0=0000000000000000] inst=[0000dffd] c.beqz  a5, pc - 2
C0:      16484 [1] pc=[0000000080001cb0] W[r15=0000000000000000][1] R[r13=0000000080002140] R[r 0=0000000000000000] inst=[0000669c] c.ld    a5, 8(a3)
C0:      16486 [1] pc=[0000000080001cb2] W[r 0=0000000000000000][0] R[r15=0000000000000000] R[r 0=0000000000000000] inst=[0000dffd] c.beqz  a5, pc - 2
C0:      16487 [1] pc=[0000000080001cb0] W[r15=0000000000000000][1] R[r13=0000000080002140] R[r 0=0000000000000000] inst=[0000669c] c.ld    a5, 8(a3)
C0:      16489 [1] pc=[0000000080001cb2] W[r 0=0000000000000000][0] R[r15=0000000000000000] R[r 0=0000000000000000] inst=[0000dffd] c.beqz  a5, pc - 2
C0:      16490 [1] pc=[0000000080001cb0] W[r15=0000000000000000][1] R[r13=0000000080002140] R[r 0=0000000000000000] inst=[0000669c] c.ld    a5, 8(a3)
C0:      16492 [1] pc=[0000000080001cb2] W[r 0=0000000000000000][0] R[r15=0000000000000000] R[r 0=0000000000000000] inst=[0000dffd] c.beqz  a5, pc - 2
C0:      16493 [1] pc=[0000000080001cb0] W[r15=0000000000000000][1] R[r13=0000000080002140] R[r 0=0000000000000000] inst=[0000669c] c.ld    a5, 8(a3)
C0:      16495 [1] pc=[0000000080001cb2] W[r 0=0000000000000000][0] R[r15=0000000000000000] R[r 0=0000000000000000] inst=[0000dffd] c.beqz  a5, pc - 2
C0:      16496 [1] pc=[0000000080001cb0] W[r15=0000000000000000][1] R[r13=0000000080002140] R[r 0=0000000000000000] inst=[0000669c] c.ld    a5, 8(a3)
C0:      16498 [1] pc=[0000000080001cb2] W[r 0=0000000000000000][0] R[r15=0000000000000000] R[r 0=0000000000000000] inst=[0000dffd] c.beqz  a5, pc - 2
C0:      16499 [1] pc=[0000000080001cb0] W[r15=0000000000000000][1] R[r13=0000000080002140] R[r 0=0000000000000000] inst=[0000669c] c.ld    a5, 8(a3)
C0:      16501 [1] pc=[0000000080001cb2] W[r 0=0000000000000000][0] R[r15=0000000000000000] R[r 0=0000000000000000] inst=[0000dffd] c.beqz  a5, pc - 2
C0:      16502 [1] pc=[0000000080001cb0] W[r15=0000000000000000][1] R[r13=0000000080002140] R[r 0=0000000000000000] inst=[0000669c] c.ld    a5, 8(a3)
C0:      16504 [1] pc=[0000000080001cb2] W[r 0=0000000000000000][0] R[r15=0000000000000000] R[r 0=0000000000000000] inst=[0000dffd] c.beqz  a5, pc - 2
C0:      16505 [1] pc=[0000000080001cb0] W[r15=0000000000000000][1] R[r13=0000000080002140] R[r 0=0000000000000000] inst=[0000669c] c.ld    a5, 8(a3)
C0:      16507 [1] pc=[0000000080001cb2] W[r 0=0000000000000000][0] R[r15=0000000000000000] R[r 0=0000000000000000] inst=[0000dffd] c.beqz  a5, pc - 2
C0:      16513 [1] pc=[0000000080001cb0] W[r15=0000000000000000][1] R[r13=0000000080002140] R[r 0=0000000000000000] inst=[0000669c] c.ld    a5, 8(a3)
C0:      16515 [1] pc=[0000000080001cb2] W[r 0=0000000000000000][0] R[r15=0000000000000000] R[r 0=0000000000000000] inst=[0000dffd] c.beqz  a5, pc - 2
C0:      16516 [1] pc=[0000000080001cb0] W[r15=0000000000000000][1] R[r13=0000000080002140] R[r 0=0000000000000000] inst=[0000669c] c.ld    a5, 8(a3)
C0:      16518 [1] pc=[0000000080001cb2] W[r 0=0000000000000000][0] R[r15=0000000000000000] R[r 0=0000000000000000] inst=[0000dffd] c.beqz  a5, pc - 2
C0:      16519 [1] pc=[0000000080001cb0] W[r15=0000000000000000][1] R[r13=0000000080002140] R[r 0=0000000000000000] inst=[0000669c] c.ld    a5, 8(a3)
C0:      16521 [1] pc=[0000000080001cb2] W[r 0=0000000000000000][0] R[r15=0000000000000000] R[r 0=0000000000000000] inst=[0000dffd] c.beqz  a5, pc - 2
C0:      16522 [1] pc=[0000000080001cb0] W[r15=0000000000000000][1] R[r13=0000000080002140] R[r 0=0000000000000000] inst=[0000669c] c.ld    a5, 8(a3)
C0:      16524 [1] pc=[0000000080001cb2] W[r 0=0000000000000000][0] R[r15=0000000000000000] R[r 0=0000000000000000] inst=[0000dffd] c.beqz  a5, pc - 2
C0:      16525 [1] pc=[0000000080001cb0] W[r15=0000000000000000][1] R[r13=0000000080002140] R[r 0=0000000000000000] inst=[0000669c] c.ld    a5, 8(a3)
C0:      16527 [1] pc=[0000000080001cb2] W[r 0=0000000000000000][0] R[r15=0000000000000000] R[r 0=0000000000000000] inst=[0000dffd] c.beqz  a5, pc - 2
C0:      16528 [1] pc=[0000000080001cb0] W[r15=0000000000000000][1] R[r13=0000000080002140] R[r 0=0000000000000000] inst=[0000669c] c.ld    a5, 8(a3)
C0:      16530 [1] pc=[0000000080001cb2] W[r 0=0000000000000000][0] R[r15=0000000000000000] R[r 0=0000000000000000] inst=[0000dffd] c.beqz  a5, pc - 2
C0:      16531 [1] pc=[0000000080001cb0] W[r15=0000000000000000][1] R[r13=0000000080002140] R[r 0=0000000000000000] inst=[0000669c] c.ld    a5, 8(a3)
C0:      16533 [1] pc=[0000000080001cb2] W[r 0=0000000000000000][0] R[r15=0000000000000000] R[r 0=0000000000000000] inst=[0000dffd] c.beqz  a5, pc - 2
C0:      16534 [1] pc=[0000000080001cb0] W[r15=0000000000000000][1] R[r13=0000000080002140] R[r 0=0000000000000000] inst=[0000669c] c.ld    a5, 8(a3)
C0:      16536 [1] pc=[0000000080001cb2] W[r 0=0000000000000000][0] R[r15=0000000000000000] R[r 0=0000000000000000] inst=[0000dffd] c.beqz  a5, pc - 2
C0:      16537 [1] pc=[0000000080001cb0] W[r15=0000000000000000][1] R[r13=0000000080002140] R[r 0=0000000000000000] inst=[0000669c] c.ld    a5, 8(a3)
C0:      16539 [1] pc=[0000000080001cb2] W[r 0=0000000000000000][0] R[r15=0000000000000000] R[r 0=0000000000000000] inst=[0000dffd] c.beqz  a5, pc - 2
C0:      16540 [1] pc=[0000000080001cb0] W[r15=0000000000000000][1] R[r13=0000000080002140] R[r 0=0000000000000000] inst=[0000669c] c.ld    a5, 8(a3)
C0:      16542 [1] pc=[0000000080001cb2] W[r 0=0000000000000000][0] R[r15=0000000000000000] R[r 0=0000000000000000] inst=[0000dffd] c.beqz  a5, pc - 2
C0:      16543 [1] pc=[0000000080001cb0] W[r15=0000000000000000][1] R[r13=0000000080002140] R[r 0=0000000000000000] inst=[0000669c] c.ld    a5, 8(a3)
C0:      16545 [1] pc=[0000000080001cb2] W[r 0=0000000000000000][0] R[r15=0000000000000000] R[r 0=0000000000000000] inst=[0000dffd] c.beqz  a5, pc - 2
C0:      16546 [1] pc=[0000000080001cb0] W[r15=0000000000000000][1] R[r13=0000000080002140] R[r 0=0000000000000000] inst=[0000669c] c.ld    a5, 8(a3)
C0:      16548 [1] pc=[0000000080001cb2] W[r 0=0000000000000000][0] R[r15=0000000000000000] R[r 0=0000000000000000] inst=[0000dffd] c.beqz  a5, pc - 2
C0:      16549 [1] pc=[0000000080001cb0] W[r15=0000000000000000][1] R[r13=0000000080002140] R[r 0=0000000000000000] inst=[0000669c] c.ld    a5, 8(a3)
C0:      16551 [1] pc=[0000000080001cb2] W[r 0=0000000000000000][0] R[r15=0000000000000000] R[r 0=0000000000000000] inst=[0000dffd] c.beqz  a5, pc - 2
C0:      16552 [1] pc=[0000000080001cb0] W[r15=0000000000000000][1] R[r13=0000000080002140] R[r 0=0000000000000000] inst=[0000669c] c.ld    a5, 8(a3)
C0:      16554 [1] pc=[0000000080001cb2] W[r 0=0000000000000000][0] R[r15=0000000000000000] R[r 0=0000000000000000] inst=[0000dffd] c.beqz  a5, pc - 2
C0:      16576 [1] pc=[0000000080001cb0] W[r15=0000000000000001][1] R[r13=0000000080002140] R[r 0=0000000000000000] inst=[0000669c] c.ld    a5, 8(a3)
C0:      16578 [1] pc=[0000000080001cb2] W[r 0=0000000000000000][0] R[r15=0000000000000001] R[r 0=0000000000000000] inst=[0000dffd] c.beqz  a5, pc - 2
C0:      16582 [1] pc=[0000000080001cb4] W[r15=0000000080001cb4][1] R[r 0=0000000000000000] R[r 0=0000000000000000] inst=[00000797] auipc   a5, 0x0
C0:      16583 [1] pc=[0000000080001cb8] W[r 0=0000000000000000][0] R[r15=0000000080001cb4] R[r 0=0000000000000000] inst=[4807ba23] sd      zero, 1172(a5)
C0:      16587 [1] pc=[0000000080001cbc] W[r 0=ffffffffffffffff][1] R[r14=0000000080002230] R[r 0=0000000000000000] inst=[0a07202f] amoswap.w zero, zero, (a4)
C0:      16588 [1] pc=[0000000080001cc0] W[r 0=0000000000000000][0] R[r 0=0000000000000000] R[r 0=0000000000000000] inst=[0220000f] fence   r,r
C0:      16621 [1] pc=[0000000080001cc4] W[r10=000000000000000b][1] R[r 2=000000008002ad80] R[r 0=0000000000000000] inst=[00006502] c.ldsp  a0, 0(sp)
C0:      16622 [1] pc=[0000000080001cc6] W[r 2=000000008002adc0][1] R[r 2=000000008002ad80] R[r 0=0000000000000000] inst=[00006121] c.addi16sp sp, 64
C0:      16623 [1] pc=[0000000080001cc8] W[r 0=0000000080001cca][1] R[r 1=0000000080000db6] R[r 0=0000000000000000] inst=[00008082] ret
C0:      16627 [1] pc=[0000000080000db6] W[r15=ffffffffffffffff][1] R[r 0=0000000000000000] R[r 0=0000000000000000] inst=[000057fd] c.li    a5, -1
C0:      16628 [1] pc=[0000000080000db8] W[r 0=0000000000000000][0] R[r10=000000000000000b] R[r15=ffffffffffffffff] inst=[00f51663] bne     a0, a5, pc + 12
C0:      16630 [1] pc=[0000000080000dc4] W[r 1=0000000080001028][1] R[r 2=000000008002adc0] R[r 0=0000000000000000] inst=[000060a2] c.ldsp  ra, 8(sp)
C0:      16631 [1] pc=[0000000080000dc6] W[r 8=0000000080002440][1] R[r 2=000000008002adc0] R[r 0=0000000000000000] inst=[00006402] c.ldsp  s0, 0(sp)
C0:      16632 [1] pc=[0000000080000dc8] W[r 2=000000008002add0][1] R[r 2=000000008002adc0] R[r 0=0000000000000000] inst=[00000141] c.addi  sp, 16
C0:      16633 [1] pc=[0000000080000dca] W[r 0=0000000080000dcc][1] R[r 1=0000000080001028] R[r 0=0000000000000000] inst=[00008082] ret
C0:      16637 [1] pc=[0000000080001028] W[r 0=0000000000000000][0] R[r 0=0000000000000000] R[r10=000000000000000b] inst=[00a04963] blt     zero, a0, pc + 18
C0:      16641 [1] pc=[000000008000103a] W[r19=0000000080002663][1] R[r19=0000000080002658] R[r10=000000000000000b] inst=[000099aa] c.add   s3, a0
C0:      16642 [1] pc=[000000008000103c] W[r18=0000000000000000][1] R[r18=000000000000000b] R[r10=000000000000000b] inst=[40a9093b] subw    s2, s2, a0
C0:      16643 [1] pc=[0000000080001040] W[r 0=0000000080001042][1] R[r 0=0000000000000000] R[r 0=0000000000000000] inst=[0000bfe1] c.j     pc - 40
C0:      16645 [1] pc=[0000000080001018] W[r 0=0000000000000000][0] R[r 0=0000000000000000] R[r18=0000000000000000] inst=[f12059e3] bge     zero, s2, pc - 238
C0:      16649 [1] pc=[0000000080000f2a] W[r10=0000000000000000][1] R[r 0=0000000000000000] R[r 0=0000000000000000] inst=[00004501] c.li    a0, 0
C0:      16650 [1] pc=[0000000080000f2c] W[r 1=0000000080000d52][1] R[r 2=000000008002add0] R[r 0=0000000000000000] inst=[000070a2] c.ldsp  ra, 40(sp)
C0:      16651 [1] pc=[0000000080000f2e] W[r 8=0000000080002440][1] R[r 2=000000008002add0] R[r 0=0000000000000000] inst=[00007402] c.ldsp  s0, 32(sp)
C0:      16652 [1] pc=[0000000080000f30] W[r 9=0000000080002150][1] R[r 2=000000008002add0] R[r 0=0000000000000000] inst=[000064e2] c.ldsp  s1, 24(sp)
C0:      16653 [1] pc=[0000000080000f32] W[r18=000000000000000a][1] R[r 2=000000008002add0] R[r 0=0000000000000000] inst=[00006942] c.ldsp  s2, 16(sp)
C0:      16654 [1] pc=[0000000080000f34] W[r19=000000000000000a][1] R[r 2=000000008002add0] R[r 0=0000000000000000] inst=[000069a2] c.ldsp  s3, 8(sp)
C0:      16655 [1] pc=[0000000080000f36] W[r 2=000000008002ae00][1] R[r 2=000000008002add0] R[r 0=0000000000000000] inst=[00006145] c.addi16sp sp, 48
C0:      16656 [1] pc=[0000000080000f38] W[r 0=0000000080000f3a][1] R[r 1=0000000080000d52] R[r 0=0000000000000000] inst=[00008082] ret
C0:      16660 [1] pc=[0000000080000d52] W[r 0=0000000000000000][0] R[r10=0000000000000000] R[r 0=0000000000000000] inst=[0000ed15] c.bnez  a0, pc + 60
C0:      16661 [1] pc=[0000000080000d54] W[r 1=00000000800008e0][1] R[r 2=000000008002ae00] R[r 0=0000000000000000] inst=[000070a2] c.ldsp  ra, 40(sp)
C0:      16662 [1] pc=[0000000080000d56] W[r 8=0000000080001f29][1] R[r 2=000000008002ae00] R[r 0=0000000000000000] inst=[00007402] c.ldsp  s0, 32(sp)
C0:      16663 [1] pc=[0000000080000d58] W[r 9=0000000080001f2a][1] R[r 2=000000008002ae00] R[r 0=0000000000000000] inst=[000064e2] c.ldsp  s1, 24(sp)
C0:      16664 [1] pc=[0000000080000d5a] W[r19=0000000080002440][1] R[r 2=000000008002ae00] R[r 0=0000000000000000] inst=[000069a2] c.ldsp  s3, 8(sp)
C0:      16665 [1] pc=[0000000080000d5c] W[r10=000000000000000a][1] R[r 0=0000000000000000] R[r18=000000000000000a] inst=[0000854a] c.mv    a0, s2
C0:      16666 [1] pc=[0000000080000d5e] W[r18=0000000080002150][1] R[r 2=000000008002ae00] R[r 0=0000000000000000] inst=[00006942] c.ldsp  s2, 16(sp)
C0:      16667 [1] pc=[0000000080000d60] W[r 2=000000008002ae30][1] R[r 2=000000008002ae00] R[r 0=0000000000000000] inst=[00006145] c.addi16sp sp, 48
C0:      16668 [1] pc=[0000000080000d62] W[r 0=0000000080000d64][1] R[r 1=00000000800008e0] R[r 0=0000000000000000] inst=[00008082] ret
C0:      16669 [1] pc=[00000000800008e0] W[r 8=0000000080001f2a][1] R[r 8=0000000080001f29] R[r 0=0000000000000000] inst=[00000405] c.addi  s0, 1
C0:      16670 [1] pc=[00000000800008e2] W[r 0=0000000000000000][0] R[r10=000000000000000a] R[r20=ffffffffffffffff] inst=[ff4515e3] bne     a0, s4, pc - 22
C0:      16671 [1] pc=[00000000800008cc] W[r 0=0000000000000000][0] R[r 8=0000000080001f2a] R[r 9=0000000080001f2a] inst=[00941463] bne     s0, s1, pc + 8
C0:      16672 [1] pc=[00000000800008d0] W[r10=0000000000000000][1] R[r 0=0000000000000000] R[r 0=0000000000000000] inst=[00004501] c.li    a0, 0
C0:      16673 [1] pc=[00000000800008d2] W[r 0=00000000800008d4][1] R[r 0=0000000000000000] R[r 0=0000000000000000] inst=[0000a811] c.j     pc + 20
C0:      16674 [1] pc=[00000000800008e6] W[r 1=00000000800009b0][1] R[r 2=000000008002ae30] R[r 0=0000000000000000] inst=[000070a2] c.ldsp  ra, 40(sp)
C0:      16675 [1] pc=[00000000800008e8] W[r 8=0000000080001f2a][1] R[r 2=000000008002ae30] R[r 0=0000000000000000] inst=[00007402] c.ldsp  s0, 32(sp)
C0:      16676 [1] pc=[00000000800008ea] W[r 9=0000000080002440][1] R[r 2=000000008002ae30] R[r 0=0000000000000000] inst=[000064e2] c.ldsp  s1, 24(sp)
C0:      16677 [1] pc=[00000000800008ec] W[r18=0000000080001f28][1] R[r 2=000000008002ae30] R[r 0=0000000000000000] inst=[00006942] c.ldsp  s2, 16(sp)
C0:      16678 [1] pc=[00000000800008ee] W[r19=0000000080002150][1] R[r 2=000000008002ae30] R[r 0=0000000000000000] inst=[000069a2] c.ldsp  s3, 8(sp)
C0:      16679 [1] pc=[00000000800008f0] W[r20=0000000000000000][1] R[r 2=000000008002ae30] R[r 0=0000000000000000] inst=[00006a02] c.ldsp  s4, 0(sp)
C0:      16680 [1] pc=[00000000800008f2] W[r 2=000000008002ae60][1] R[r 2=000000008002ae30] R[r 0=0000000000000000] inst=[00006145] c.addi16sp sp, 48
C0:      16681 [1] pc=[00000000800008f4] W[r 0=00000000800008f6][1] R[r 1=00000000800009b0] R[r 0=0000000000000000] inst=[00008082] ret
C0:      16682 [1] pc=[00000000800009b0] W[r 0=0000000000000000][0] R[r10=0000000000000000] R[r21=ffffffffffffffff] inst=[1f550d63] beq     a0, s5, pc + 506
C0:      16683 [1] pc=[00000000800009b4] W[r15=0000000000000000][1] R[r 2=000000008002ae60] R[r 0=0000000000000000] inst=[00005792] c.lwsp  a5, 36(sp)
C0:      16685 [1] pc=[00000000800009b6] W[r15=0000000000000002][1] R[r15=0000000000000000] R[r26=0000000000000002] inst=[01a787bb] addw    a5, a5, s10
C0:      16686 [1] pc=[00000000800009ba] W[r 0=0000000000000000][0] R[r 2=000000008002ae60] R[r15=0000000000000002] inst=[0000d23e] c.swsp  a5, 36(sp)
C0:      16687 [1] pc=[00000000800009bc] W[r15=0000000000000000][1] R[r 8=0000000080001f2a] R[r 0=0000000000000000] inst=[00044783] lbu     a5, 0(s0)
C0:      16690 [1] pc=[00000000800009c0] W[r 0=0000000000000000][0] R[r15=0000000000000000] R[r 0=0000000000000000] inst=[1e078563] beqz    a5, pc + 490
C0:      16695 [1] pc=[0000000080000baa] W[r15=0000000000000089][1] R[r 9=0000000080002440] R[r 0=0000000000000000] inst=[0104d783] lhu     a5, 16(s1)
C0:      16698 [1] pc=[0000000080000bae] W[r15=0000000000000000][1] R[r15=0000000000000089] R[r 0=0000000000000000] inst=[0407f793] andi    a5, a5, 64
C0:      16699 [1] pc=[0000000080000bb2] W[r 0=0000000000000000][0] R[r15=0000000000000000] R[r 0=0000000000000000] inst=[ea0796e3] bnez    a5, pc - 340
C0:      16700 [1] pc=[0000000080000bb6] W[r10=0000000000000002][1] R[r 2=000000008002ae60] R[r 0=0000000000000000] inst=[00005512] c.lwsp  a0, 36(sp)
C0:      16701 [1] pc=[0000000080000bb8] W[r 0=0000000080000bba][1] R[r 0=0000000000000000] R[r 0=0000000000000000] inst=[0000b565] c.j     pc - 344
C0:      16702 [1] pc=[0000000080000a60] W[r 1=00000000800004a8][1] R[r 2=000000008002ae60] R[r 0=0000000000000000] inst=[000060ae] c.ldsp  ra, 200(sp)
C0:      16703 [1] pc=[0000000080000a62] W[r 8=0000000080001f28][1] R[r 2=000000008002ae60] R[r 0=0000000000000000] inst=[0000640e] c.ldsp  s0, 192(sp)
C0:      16704 [1] pc=[0000000080000a64] W[r 9=0000000000000000][1] R[r 2=000000008002ae60] R[r 0=0000000000000000] inst=[000074ea] c.ldsp  s1, 184(sp)
C0:      16705 [1] pc=[0000000080000a66] W[r18=0000000000000000][1] R[r 2=000000008002ae60] R[r 0=0000000000000000] inst=[0000794a] c.ldsp  s2, 176(sp)
C0:      16706 [1] pc=[0000000080000a68] W[r19=0000000000000000][1] R[r 2=000000008002ae60] R[r 0=0000000000000000] inst=[000079aa] c.ldsp  s3, 168(sp)
C0:      16707 [1] pc=[0000000080000a6a] W[r20=0000000000000000][1] R[r 2=000000008002ae60] R[r 0=0000000000000000] inst=[00007a0a] c.ldsp  s4, 160(sp)
C0:      16708 [1] pc=[0000000080000a6c] W[r21=0000000000000000][1] R[r 2=000000008002ae60] R[r 0=0000000000000000] inst=[00006aea] c.ldsp  s5, 152(sp)
C0:      16709 [1] pc=[0000000080000a6e] W[r22=0000000000000000][1] R[r 2=000000008002ae60] R[r 0=0000000000000000] inst=[00006b4a] c.ldsp  s6, 144(sp)
C0:      16710 [1] pc=[0000000080000a70] W[r23=0000000000000000][1] R[r 2=000000008002ae60] R[r 0=0000000000000000] inst=[00006baa] c.ldsp  s7, 136(sp)
C0:      16711 [1] pc=[0000000080000a72] W[r24=0000000000000000][1] R[r 2=000000008002ae60] R[r 0=0000000000000000] inst=[00006c0a] c.ldsp  s8, 128(sp)
C0:      16712 [1] pc=[0000000080000a74] W[r25=0000000000000000][1] R[r 2=000000008002ae60] R[r 0=0000000000000000] inst=[00007ce6] c.ldsp  s9, 120(sp)
C0:      16713 [1] pc=[0000000080000a76] W[r26=0000000000000000][1] R[r 2=000000008002ae60] R[r 0=0000000000000000] inst=[00007d46] c.ldsp  s10, 112(sp)
C0:      16714 [1] pc=[0000000080000a78] W[r 2=000000008002af30][1] R[r 2=000000008002ae60] R[r 0=0000000000000000] inst=[00006169] c.addi16sp sp, 208
C0:      16715 [1] pc=[0000000080000a7a] W[r 0=0000000080000a7c][1] R[r 1=00000000800004a8] R[r 0=0000000000000000] inst=[00008082] ret
C0:      16719 [1] pc=[00000000800004a8] W[r 1=00000000800003f6][1] R[r 2=000000008002af30] R[r 0=0000000000000000] inst=[000070a2] c.ldsp  ra, 40(sp)
C0:      16720 [1] pc=[00000000800004aa] W[r 8=000000008002b000][1] R[r 2=000000008002af30] R[r 0=0000000000000000] inst=[00007402] c.ldsp  s0, 32(sp)
C0:      16721 [1] pc=[00000000800004ac] W[r 2=000000008002afa0][1] R[r 2=000000008002af30] R[r 0=0000000000000000] inst=[00006165] c.addi16sp sp, 112
C0:      16722 [1] pc=[00000000800004ae] W[r 0=00000000800004b0][1] R[r 1=00000000800003f6] R[r 0=0000000000000000] inst=[00008082] ret
C0:      16727 [1] pc=[00000000800003f6] W[r15=0000000000000001][1] R[r 8=000000008002b000] R[r 0=0000000000000000] inst=[fe042783] lw      a5, -32(s0)
C0:      16729 [1] pc=[00000000800003fa] W[r15=0000000000000002][1] R[r15=0000000000000001] R[r 0=0000000000000000] inst=[00002785] c.addiw a5, 1
C0:      16730 [1] pc=[00000000800003fc] W[r 0=0000000000000000][0] R[r 8=000000008002b000] R[r15=0000000000000002] inst=[fef42023] sw      a5, -32(s0)
C0:      16736 [1] pc=[0000000080000400] W[r15=0000000000000002][1] R[r 8=000000008002b000] R[r 0=0000000000000000] inst=[fe042783] lw      a5, -32(s0)
C0:      16738 [1] pc=[0000000080000404] W[r14=0000000000000002][1] R[r15=0000000000000002] R[r 0=0000000000000000] inst=[0007871b] sext.w  a4, a5
C0:      16739 [1] pc=[0000000080000408] W[r15=0000000000000001][1] R[r 0=0000000000000000] R[r 0=0000000000000000] inst=[00004785] c.li    a5, 1
C0:      16740 [1] pc=[000000008000040a] W[r 0=0000000000000000][0] R[r15=0000000000000001] R[r14=0000000000000002] inst=[f6e7dce3] bge     a5, a4, pc - 136
C0:      16741 [1] pc=[000000008000040e] W[r14=000000000000077d][1] R[r 8=000000008002b000] R[r 0=0000000000000000] inst=[fd442703] lw      a4, -44(s0)
C0:      16742 [1] pc=[0000000080000412] W[r15=0000000000000457][1] R[r 8=000000008002b000] R[r 0=0000000000000000] inst=[fd842783] lw      a5, -40(s0)
C0:      16744 [1] pc=[0000000080000416] W[r15=0000000000000326][1] R[r14=000000000000077d] R[r15=0000000000000457] inst=[40f707bb] subw    a5, a4, a5
C0:      16745 [1] pc=[000000008000041a] W[r15=0000000000000326][1] R[r15=0000000000000326] R[r 0=0000000000000000] inst=[00002781] c.addiw a5, 0
C0:      16746 [1] pc=[000000008000041c] W[r11=0000000000000326][1] R[r 0=0000000000000000] R[r15=0000000000000326] inst=[000085be] c.mv    a1, a5
C0:      16747 [1] pc=[000000008000041e] W[r10=000000008000241e][1] R[r 0=0000000000000000] R[r 0=0000000000000000] inst=[00002517] auipc   a0, 0x2
C0:      16748 [1] pc=[0000000080000422] W[r10=0000000080001f30][1] R[r10=000000008000241e] R[r 0=0000000000000000] inst=[b1250513] addi    a0, a0, -1262
C0:      16749 [1] pc=[0000000080000426] W[r 1=000000008000042a][1] R[r 0=0000000000000000] R[r 0=0000000000000000] inst=[04a000ef] jal     pc + 0x4a
C0:      16750 [1] pc=[0000000080000470] W[r 2=000000008002af30][1] R[r 2=000000008002afa0] R[r 0=0000000000000000] inst=[00007159] c.addi16sp sp, -112
C0:      16751 [1] pc=[0000000080000472] W[r 0=0000000000000000][0] R[r 2=000000008002af30] R[r 8=000000008002b000] inst=[0000f022] c.sdsp  s0, 32(sp)
C0:      16752 [1] pc=[0000000080000474] W[r 0=0000000000000000][0] R[r 2=000000008002af30] R[r 1=000000008000042a] inst=[0000f406] c.sdsp  ra, 40(sp)
C0:      16753 [1] pc=[0000000080000476] W[r 8=0000000080001f30][1] R[r 0=0000000000000000] R[r10=0000000080001f30] inst=[0000842a] c.mv    s0, a0
C0:      16754 [1] pc=[0000000080000478] W[r 0=0000000000000000][0] R[r 2=000000008002af30] R[r11=0000000000000326] inst=[0000fc2e] c.sdsp  a1, 56(sp)
C0:      16755 [1] pc=[000000008000047a] W[r 0=0000000000000000][0] R[r 2=000000008002af30] R[r12=000000008002ad80] inst=[0000e0b2] c.sdsp  a2, 64(sp)
C0:      16756 [1] pc=[000000008000047c] W[r 0=0000000000000000][0] R[r 2=000000008002af30] R[r13=0000000080002140] inst=[0000e4b6] c.sdsp  a3, 72(sp)
C0:      16757 [1] pc=[000000008000047e] W[r 0=0000000000000000][0] R[r 2=000000008002af30] R[r14=000000000000077d] inst=[0000e8ba] c.sdsp  a4, 80(sp)
C0:      16758 [1] pc=[0000000080000480] W[r 0=0000000000000000][0] R[r 2=000000008002af30] R[r15=0000000000000326] inst=[0000ecbe] c.sdsp  a5, 88(sp)
C0:      16759 [1] pc=[0000000080000482] W[r 0=0000000000000000][0] R[r 2=000000008002af30] R[r16=000000000000000a] inst=[0000f0c2] c.sdsp  a6, 96(sp)
C0:      16760 [1] pc=[0000000080000484] W[r 0=0000000000000000][0] R[r 2=000000008002af30] R[r17=0000000000000000] inst=[0000f4c6] c.sdsp  a7, 104(sp)
C0:      16761 [1] pc=[0000000080000486] W[r10=0000000080002486][1] R[r 0=0000000000000000] R[r 0=0000000000000000] inst=[00002517] auipc   a0, 0x2
C0:      16762 [1] pc=[000000008000048a] W[r10=0000000080002150][1] R[r10=0000000080002486] R[r 0=0000000000000000] inst=[d7a53503] ld      a0, -646(a0)
C0:      16764 [1] pc=[000000008000048e] W[r 0=0000000000000000][0] R[r10=0000000080002150] R[r 0=0000000000000000] inst=[0000c519] c.beqz  a0, pc + 14
C0:      16765 [1] pc=[0000000080000490] W[r15=0000000000000001][1] R[r10=0000000080002150] R[r 0=0000000000000000] inst=[0000591c] c.lw    a5, 48(a0)
C0:      16767 [1] pc=[0000000080000492] W[r 0=0000000000000000][0] R[r15=0000000000000001] R[r 0=0000000000000000] inst=[0000e789] c.bnez  a5, pc + 10
C0:      16771 [1] pc=[000000008000049c] W[r11=0000000080002440][1] R[r10=0000000080002150] R[r 0=0000000000000000] inst=[0000690c] c.ld    a1, 16(a0)
C0:      16772 [1] pc=[000000008000049e] W[r13=000000008002af68][1] R[r 2=000000008002af30] R[r 0=0000000000000000] inst=[00001834] c.addi4spn a3, sp, 56
C0:      16773 [1] pc=[00000000800004a0] W[r12=0000000080001f30][1] R[r 0=0000000000000000] R[r 8=0000000080001f30] inst=[00008622] c.mv    a2, s0
C0:      16774 [1] pc=[00000000800004a2] W[r 0=0000000000000000][0] R[r 2=000000008002af30] R[r13=000000008002af68] inst=[0000ec36] c.sdsp  a3, 24(sp)
C0:      16775 [1] pc=[00000000800004a4] W[r 1=00000000800004a8][1] R[r 0=0000000000000000] R[r 0=0000000000000000] inst=[47a000ef] jal     pc + 0x47a
C0:      16776 [1] pc=[000000008000091e] W[r 2=000000008002ae60][1] R[r 2=000000008002af30] R[r 0=0000000000000000] inst=[00007155] c.addi16sp sp, -208
C0:      16777 [1] pc=[0000000080000920] W[r 0=0000000000000000][0] R[r 2=000000008002ae60] R[r 8=0000000080001f30] inst=[0000e1a2] c.sdsp  s0, 192(sp)
C0:      16778 [1] pc=[0000000080000922] W[r 0=0000000000000000][0] R[r 2=000000008002ae60] R[r 9=0000000000000000] inst=[0000fd26] c.sdsp  s1, 184(sp)
C0:      16779 [1] pc=[0000000080000924] W[r 0=0000000000000000][0] R[r 2=000000008002ae60] R[r18=0000000000000000] inst=[0000f94a] c.sdsp  s2, 176(sp)
C0:      16780 [1] pc=[0000000080000926] W[r 0=0000000000000000][0] R[r 2=000000008002ae60] R[r19=0000000000000000] inst=[0000f54e] c.sdsp  s3, 168(sp)
C0:      16781 [1] pc=[0000000080000928] W[r 0=0000000000000000][0] R[r 2=000000008002ae60] R[r20=0000000000000000] inst=[0000f152] c.sdsp  s4, 160(sp)
C0:      16782 [1] pc=[000000008000092a] W[r 0=0000000000000000][0] R[r 2=000000008002ae60] R[r 1=00000000800004a8] inst=[0000e586] c.sdsp  ra, 200(sp)
C0:      16783 [1] pc=[000000008000092c] W[r 0=0000000000000000][0] R[r 2=000000008002ae60] R[r21=0000000000000000] inst=[0000ed56] c.sdsp  s5, 152(sp)
C0:      16784 [1] pc=[000000008000092e] W[r 0=0000000000000000][0] R[r 2=000000008002ae60] R[r22=0000000000000000] inst=[0000e95a] c.sdsp  s6, 144(sp)
C0:      16785 [1] pc=[0000000080000930] W[r 0=0000000000000000][0] R[r 2=000000008002ae60] R[r23=0000000000000000] inst=[0000e55e] c.sdsp  s7, 136(sp)
C0:      16786 [1] pc=[0000000080000932] W[r 0=0000000000000000][0] R[r 2=000000008002ae60] R[r24=0000000000000000] inst=[0000e162] c.sdsp  s8, 128(sp)
C0:      16787 [1] pc=[0000000080000934] W[r 0=0000000000000000][0] R[r 2=000000008002ae60] R[r25=0000000000000000] inst=[0000fce6] c.sdsp  s9, 120(sp)
C0:      16788 [1] pc=[0000000080000936] W[r 0=0000000000000000][0] R[r 2=000000008002ae60] R[r26=0000000000000000] inst=[0000f8ea] c.sdsp  s10, 112(sp)
C0:      16789 [1] pc=[0000000080000938] W[r19=0000000080002150][1] R[r 0=0000000000000000] R[r10=0000000080002150] inst=[000089aa] c.mv    s3, a0
C0:      16790 [1] pc=[000000008000093a] W[r 9=0000000080002440][1] R[r 0=0000000000000000] R[r11=0000000080002440] inst=[000084ae] c.mv    s1, a1
C0:      16791 [1] pc=[000000008000093c] W[r18=0000000080001f30][1] R[r 0=0000000000000000] R[r12=0000000080001f30] inst=[00008932] c.mv    s2, a2
C0:      16792 [1] pc=[000000008000093e] W[r 8=000000008002af68][1] R[r 0=0000000000000000] R[r13=000000008002af68] inst=[00008436] c.mv    s0, a3
C0:      16793 [1] pc=[0000000080000940] W[r20=0000000000000000][1] R[r 0=0000000000000000] R[r 0=0000000000000000] inst=[00004a01] c.li    s4, 0
C0:      16794 [1] pc=[0000000080000942] W[r 0=0000000000000000][0] R[r10=0000000080002150] R[r 0=0000000000000000] inst=[0000c509] c.beqz  a0, pc + 10
C0:      16795 [1] pc=[0000000080000944] W[r15=0000000000000001][1] R[r10=0000000080002150] R[r 0=0000000000000000] inst=[0000591c] c.lw    a5, 48(a0)
C0:      16797 [1] pc=[0000000080000946] W[r 0=0000000000000000][0] R[r15=0000000000000001] R[r 0=0000000000000000] inst=[0000e399] c.bnez  a5, pc + 6
C0:      16798 [1] pc=[000000008000094c] W[r15=000000008000194c][1] R[r 0=0000000000000000] R[r 0=0000000000000000] inst=[00001797] auipc   a5, 0x1
C0:      16799 [1] pc=[0000000080000950] W[r15=0000000080001fb0][1] R[r15=000000008000194c] R[r 0=0000000000000000] inst=[66478793] addi    a5, a5, 1636
C0:      16800 [1] pc=[0000000080000954] W[r 0=0000000000000000][0] R[r 9=0000000080002440] R[r15=0000000080001fb0] inst=[0cf49e63] bne     s1, a5, pc + 220
C0:      16801 [1] pc=[0000000080000a30] W[r15=0000000080001a30][1] R[r 0=0000000000000000] R[r 0=0000000000000000] inst=[00001797] auipc   a5, 0x1
C0:      16802 [1] pc=[0000000080000a34] W[r15=0000000080001fe8][1] R[r15=0000000080001a30] R[r 0=0000000000000000] inst=[5b878793] addi    a5, a5, 1464
C0:      16803 [1] pc=[0000000080000a38] W[r 0=0000000000000000][0] R[r 9=0000000080002440] R[r15=0000000080001fe8] inst=[00f49563] bne     s1, a5, pc + 10
C0:      16808 [1] pc=[0000000080000a42] W[r15=0000000080001a42][1] R[r 0=0000000000000000] R[r 0=0000000000000000] inst=[00001797] auipc   a5, 0x1
C0:      16809 [1] pc=[0000000080000a46] W[r15=0000000080001f78][1] R[r15=0000000080001a42] R[r 0=0000000000000000] inst=[53678793] addi    a5, a5, 1334
C0:      16810 [1] pc=[0000000080000a4a] W[r 0=0000000000000000][0] R[r 9=0000000080002440] R[r15=0000000080001f78] inst=[f0f499e3] bne     s1, a5, pc - 238
C0:      16814 [1] pc=[000000008000095c] W[r15=0000000000000089][1] R[r 9=0000000080002440] R[r 0=0000000000000000] inst=[0104d783] lhu     a5, 16(s1)
C0:      16817 [1] pc=[0000000080000960] W[r15=0000000000000008][1] R[r15=0000000000000089] R[r 0=0000000000000000] inst=[00008ba1] c.andi  a5, 8
C0:      16818 [1] pc=[0000000080000962] W[r 0=0000000000000000][0] R[r15=0000000000000008] R[r 0=0000000000000000] inst=[0000cbed] c.beqz  a5, pc + 242
C0:      16819 [1] pc=[0000000080000964] W[r15=0000000080002658][1] R[r 9=0000000080002440] R[r 0=0000000000000000] inst=[00006c9c] c.ld    a5, 24(s1)
C0:      16821 [1] pc=[0000000080000966] W[r 0=0000000000000000][0] R[r15=0000000080002658] R[r 0=0000000000000000] inst=[0000c7fd] c.beqz  a5, pc + 238
C0:      16822 [1] pc=[0000000080000968] W[r15=0000000000000020][1] R[r 0=0000000000000000] R[r 0=0000000000000000] inst=[02000793] li      a5, 32
C0:      16823 [1] pc=[000000008000096c] W[r 0=0000000000000000][0] R[r 2=000000008002ae60] R[r15=0000000000000020] inst=[02f104a3] sb      a5, 41(sp)
C0:      16824 [1] pc=[0000000080000970] W[r21=ffffffffffffffff][1] R[r 0=0000000000000000] R[r 0=0000000000000000] inst=[00005afd] c.li    s5, -1
C0:      16825 [1] pc=[0000000080000972] W[r15=0000000000000030][1] R[r 0=0000000000000000] R[r 0=0000000000000000] inst=[03000793] li      a5, 48
C0:      16826 [1] pc=[0000000080000976] W[r 0=0000000000000000][0] R[r 2=000000008002ae60] R[r 0=0000000000000000] inst=[0000d202] c.swsp  zero, 36(sp)
C0:      16827 [1] pc=[0000000080000978] W[r 0=0000000000000000][0] R[r 2=000000008002ae60] R[r15=0000000000000030] inst=[02f10523] sb      a5, 42(sp)
C0:      16828 [1] pc=[000000008000097c] W[r 0=0000000000000000][0] R[r 2=000000008002ae60] R[r 8=000000008002af68] inst=[0000e422] c.sdsp  s0, 8(sp)
C0:      16829 [1] pc=[000000008000097e] W[r23=0000000000000025][1] R[r 0=0000000000000000] R[r 0=0000000000000000] inst=[02500b93] li      s7, 37
C0:      16830 [1] pc=[0000000080000982] W[r24=ffffffff00000000][1] R[r21=ffffffffffffffff] R[r 0=0000000000000000] inst=[020a9c13] slli    s8, s5, 32
C0:      16831 [1] pc=[0000000080000986] W[r22=0000000080001986][1] R[r 0=0000000000000000] R[r 0=0000000000000000] inst=[00001b17] auipc   s6, 0x1
C0:      16832 [1] pc=[000000008000098a] W[r22=0000000080002020][1] R[r22=0000000080001986] R[r 0=0000000000000000] inst=[69ab0b13] addi    s6, s6, 1690
C0:      16833 [1] pc=[000000008000098e] W[r25=0000000000000001][1] R[r 0=0000000000000000] R[r 0=0000000000000000] inst=[00004c85] c.li    s9, 1
C0:      16834 [1] pc=[0000000080000990] W[r 8=0000000080001f30][1] R[r 0=0000000000000000] R[r18=0000000080001f30] inst=[0000844a] c.mv    s0, s2
C0:      16835 [1] pc=[0000000080000992] W[r15=000000000000004d][1] R[r 8=0000000080001f30] R[r 0=0000000000000000] inst=[00044783] lbu     a5, 0(s0)
C0:      16838 [1] pc=[0000000080000996] W[r 0=0000000000000000][0] R[r15=000000000000004d] R[r 0=0000000000000000] inst=[0000c399] c.beqz  a5, pc + 6
C0:      16839 [1] pc=[0000000080000998] W[r 0=0000000000000000][0] R[r15=000000000000004d] R[r23=0000000000000025] inst=[0f779263] bne     a5, s7, pc + 228
C0:      16840 [1] pc=[0000000080000a7c] W[r 8=0000000080001f31][1] R[r 8=0000000080001f30] R[r 0=0000000000000000] inst=[00000405] c.addi  s0, 1
C0:      16841 [1] pc=[0000000080000a7e] W[r 0=0000000080000a80][1] R[r 0=0000000000000000] R[r 0=0000000000000000] inst=[0000bf11] c.j     pc - 236
C0:      16842 [1] pc=[0000000080000992] W[r15=0000000000000079][1] R[r 8=0000000080001f31] R[r 0=0000000000000000] inst=[00044783] lbu     a5, 0(s0)
C0:      16845 [1] pc=[0000000080000996] W[r 0=0000000000000000][0] R[r15=0000000000000079] R[r 0=0000000000000000] inst=[0000c399] c.beqz  a5, pc + 6
C0:      16849 [1] pc=[0000000080000998] W[r 0=0000000000000000][0] R[r15=0000000000000079] R[r23=0000000000000025] inst=[0f779263] bne     a5, s7, pc + 228
C0:      16850 [1] pc=[0000000080000a7c] W[r 8=0000000080001f32][1] R[r 8=0000000080001f31] R[r 0=0000000000000000] inst=[00000405] c.addi  s0, 1
C0:      16851 [1] pc=[0000000080000a7e] W[r 0=0000000080000a80][1] R[r 0=0000000000000000] R[r 0=0000000000000000] inst=[0000bf11] c.j     pc - 236
C0:      16852 [1] pc=[0000000080000992] W[r15=0000000000000020][1] R[r 8=0000000080001f32] R[r 0=0000000000000000] inst=[00044783] lbu     a5, 0(s0)
C0:      16855 [1] pc=[0000000080000996] W[r 0=0000000000000000][0] R[r15=0000000000000020] R[r 0=0000000000000000] inst=[0000c399] c.beqz  a5, pc + 6
C0:      16856 [1] pc=[0000000080000998] W[r 0=0000000000000000][0] R[r15=0000000000000020] R[r23=0000000000000025] inst=[0f779263] bne     a5, s7, pc + 228
C0:      16857 [1] pc=[0000000080000a7c] W[r 8=0000000080001f33][1] R[r 8=0000000080001f32] R[r 0=0000000000000000] inst=[00000405] c.addi  s0, 1
C0:      16858 [1] pc=[0000000080000a7e] W[r 0=0000000080000a80][1] R[r 0=0000000000000000] R[r 0=0000000000000000] inst=[0000bf11] c.j     pc - 236
C0:      16859 [1] pc=[0000000080000992] W[r15=000000000000006d][1] R[r 8=0000000080001f33] R[r 0=0000000000000000] inst=[00044783] lbu     a5, 0(s0)
C0:      16862 [1] pc=[0000000080000996] W[r 0=0000000000000000][0] R[r15=000000000000006d] R[r 0=0000000000000000] inst=[0000c399] c.beqz  a5, pc + 6
C0:      16866 [1] pc=[0000000080000998] W[r 0=0000000000000000][0] R[r15=000000000000006d] R[r23=0000000000000025] inst=[0f779263] bne     a5, s7, pc + 228
C0:      16870 [1] pc=[0000000080000a7c] W[r 8=0000000080001f34][1] R[r 8=0000000080001f33] R[r 0=0000000000000000] inst=[00000405] c.addi  s0, 1
C0:      16871 [1] pc=[0000000080000a7e] W[r 0=0000000080000a80][1] R[r 0=0000000000000000] R[r 0=0000000000000000] inst=[0000bf11] c.j     pc - 236
C0:      16872 [1] pc=[0000000080000992] W[r15=0000000000000061][1] R[r 8=0000000080001f34] R[r 0=0000000000000000] inst=[00044783] lbu     a5, 0(s0)
C0:      16875 [1] pc=[0000000080000996] W[r 0=0000000000000000][0] R[r15=0000000000000061] R[r 0=0000000000000000] inst=[0000c399] c.beqz  a5, pc + 6
C0:      16879 [1] pc=[0000000080000998] W[r 0=0000000000000000][0] R[r15=0000000000000061] R[r23=0000000000000025] inst=[0f779263] bne     a5, s7, pc + 228
C0:      16883 [1] pc=[0000000080000a7c] W[r 8=0000000080001f35][1] R[r 8=0000000080001f34] R[r 0=0000000000000000] inst=[00000405] c.addi  s0, 1
C0:      16884 [1] pc=[0000000080000a7e] W[r 0=0000000080000a80][1] R[r 0=0000000000000000] R[r 0=0000000000000000] inst=[0000bf11] c.j     pc - 236
C0:      16885 [1] pc=[0000000080000992] W[r15=0000000000000074][1] R[r 8=0000000080001f35] R[r 0=0000000000000000] inst=[00044783] lbu     a5, 0(s0)
C0:      16888 [1] pc=[0000000080000996] W[r 0=0000000000000000][0] R[r15=0000000000000074] R[r 0=0000000000000000] inst=[0000c399] c.beqz  a5, pc + 6
C0:      16889 [1] pc=[0000000080000998] W[r 0=0000000000000000][0] R[r15=0000000000000074] R[r23=0000000000000025] inst=[0f779263] bne     a5, s7, pc + 228
C0:      16893 [1] pc=[0000000080000a7c] W[r 8=0000000080001f36][1] R[r 8=0000000080001f35] R[r 0=0000000000000000] inst=[00000405] c.addi  s0, 1
C0:      16894 [1] pc=[0000000080000a7e] W[r 0=0000000080000a80][1] R[r 0=0000000000000000] R[r 0=0000000000000000] inst=[0000bf11] c.j     pc - 236
C0:      16895 [1] pc=[0000000080000992] W[r15=0000000000000072][1] R[r 8=0000000080001f36] R[r 0=0000000000000000] inst=[00044783] lbu     a5, 0(s0)
C0:      16898 [1] pc=[0000000080000996] W[r 0=0000000000000000][0] R[r15=0000000000000072] R[r 0=0000000000000000] inst=[0000c399] c.beqz  a5, pc + 6
C0:      16899 [1] pc=[0000000080000998] W[r 0=0000000000000000][0] R[r15=0000000000000072] R[r23=0000000000000025] inst=[0f779263] bne     a5, s7, pc + 228
C0:      16900 [1] pc=[0000000080000a7c] W[r 8=0000000080001f37][1] R[r 8=0000000080001f36] R[r 0=0000000000000000] inst=[00000405] c.addi  s0, 1
C0:      16901 [1] pc=[0000000080000a7e] W[r 0=0000000080000a80][1] R[r 0=0000000000000000] R[r 0=0000000000000000] inst=[0000bf11] c.j     pc - 236
C0:      16902 [1] pc=[0000000080000992] W[r15=0000000000000069][1] R[r 8=0000000080001f37] R[r 0=0000000000000000] inst=[00044783] lbu     a5, 0(s0)
C0:      16905 [1] pc=[0000000080000996] W[r 0=0000000000000000][0] R[r15=0000000000000069] R[r 0=0000000000000000] inst=[0000c399] c.beqz  a5, pc + 6
C0:      16909 [1] pc=[0000000080000998] W[r 0=0000000000000000][0] R[r15=0000000000000069] R[r23=0000000000000025] inst=[0f779263] bne     a5, s7, pc + 228
C0:      16910 [1] pc=[0000000080000a7c] W[r 8=0000000080001f38][1] R[r 8=0000000080001f37] R[r 0=0000000000000000] inst=[00000405] c.addi  s0, 1
C0:      16911 [1] pc=[0000000080000a7e] W[r 0=0000000080000a80][1] R[r 0=0000000000000000] R[r 0=0000000000000000] inst=[0000bf11] c.j     pc - 236
C0:      16912 [1] pc=[0000000080000992] W[r15=0000000000000078][1] R[r 8=0000000080001f38] R[r 0=0000000000000000] inst=[00044783] lbu     a5, 0(s0)
C0:      16915 [1] pc=[0000000080000996] W[r 0=0000000000000000][0] R[r15=0000000000000078] R[r 0=0000000000000000] inst=[0000c399] c.beqz  a5, pc + 6
C0:      16916 [1] pc=[0000000080000998] W[r 0=0000000000000000][0] R[r15=0000000000000078] R[r23=0000000000000025] inst=[0f779263] bne     a5, s7, pc + 228
C0:      16917 [1] pc=[0000000080000a7c] W[r 8=0000000080001f39][1] R[r 8=0000000080001f38] R[r 0=0000000000000000] inst=[00000405] c.addi  s0, 1
C0:      16918 [1] pc=[0000000080000a7e] W[r 0=0000000080000a80][1] R[r 0=0000000000000000] R[r 0=0000000000000000] inst=[0000bf11] c.j     pc - 236
C0:      16919 [1] pc=[0000000080000992] W[r15=0000000000000020][1] R[r 8=0000000080001f39] R[r 0=0000000000000000] inst=[00044783] lbu     a5, 0(s0)
C0:      16922 [1] pc=[0000000080000996] W[r 0=0000000000000000][0] R[r15=0000000000000020] R[r 0=0000000000000000] inst=[0000c399] c.beqz  a5, pc + 6
C0:      16923 [1] pc=[0000000080000998] W[r 0=0000000000000000][0] R[r15=0000000000000020] R[r23=0000000000000025] inst=[0f779263] bne     a5, s7, pc + 228
C0:      16924 [1] pc=[0000000080000a7c] W[r 8=0000000080001f3a][1] R[r 8=0000000080001f39] R[r 0=0000000000000000] inst=[00000405] c.addi  s0, 1
C0:      16925 [1] pc=[0000000080000a7e] W[r 0=0000000080000a80][1] R[r 0=0000000000000000] R[r 0=0000000000000000] inst=[0000bf11] c.j     pc - 236
C0:      16926 [1] pc=[0000000080000992] W[r15=000000000000006d][1] R[r 8=0000000080001f3a] R[r 0=0000000000000000] inst=[00044783] lbu     a5, 0(s0)
C0:      16929 [1] pc=[0000000080000996] W[r 0=0000000000000000][0] R[r15=000000000000006d] R[r 0=0000000000000000] inst=[0000c399] c.beqz  a5, pc + 6
C0:      16930 [1] pc=[0000000080000998] W[r 0=0000000000000000][0] R[r15=000000000000006d] R[r23=0000000000000025] inst=[0f779263] bne     a5, s7, pc + 228
C0:      16931 [1] pc=[0000000080000a7c] W[r 8=0000000080001f3b][1] R[r 8=0000000080001f3a] R[r 0=0000000000000000] inst=[00000405] c.addi  s0, 1
C0:      16932 [1] pc=[0000000080000a7e] W[r 0=0000000080000a80][1] R[r 0=0000000000000000] R[r 0=0000000000000000] inst=[0000bf11] c.j     pc - 236
C0:      16933 [1] pc=[0000000080000992] W[r15=0000000000000075][1] R[r 8=0000000080001f3b] R[r 0=0000000000000000] inst=[00044783] lbu     a5, 0(s0)
C0:      16936 [1] pc=[0000000080000996] W[r 0=0000000000000000][0] R[r15=0000000000000075] R[r 0=0000000000000000] inst=[0000c399] c.beqz  a5, pc + 6
C0:      16937 [1] pc=[0000000080000998] W[r 0=0000000000000000][0] R[r15=0000000000000075] R[r23=0000000000000025] inst=[0f779263] bne     a5, s7, pc + 228
C0:      16938 [1] pc=[0000000080000a7c] W[r 8=0000000080001f3c][1] R[r 8=0000000080001f3b] R[r 0=0000000000000000] inst=[00000405] c.addi  s0, 1
C0:      16939 [1] pc=[0000000080000a7e] W[r 0=0000000080000a80][1] R[r 0=0000000000000000] R[r 0=0000000000000000] inst=[0000bf11] c.j     pc - 236
C0:      16940 [1] pc=[0000000080000992] W[r15=000000000000006c][1] R[r 8=0000000080001f3c] R[r 0=0000000000000000] inst=[00044783] lbu     a5, 0(s0)
C0:      16943 [1] pc=[0000000080000996] W[r 0=0000000000000000][0] R[r15=000000000000006c] R[r 0=0000000000000000] inst=[0000c399] c.beqz  a5, pc + 6
C0:      16944 [1] pc=[0000000080000998] W[r 0=0000000000000000][0] R[r15=000000000000006c] R[r23=0000000000000025] inst=[0f779263] bne     a5, s7, pc + 228
C0:      16945 [1] pc=[0000000080000a7c] W[r 8=0000000080001f3d][1] R[r 8=0000000080001f3c] R[r 0=0000000000000000] inst=[00000405] c.addi  s0, 1
C0:      16946 [1] pc=[0000000080000a7e] W[r 0=0000000080000a80][1] R[r 0=0000000000000000] R[r 0=0000000000000000] inst=[0000bf11] c.j     pc - 236
C0:      16947 [1] pc=[0000000080000992] W[r15=0000000000000074][1] R[r 8=0000000080001f3d] R[r 0=0000000000000000] inst=[00044783] lbu     a5, 0(s0)
C0:      16950 [1] pc=[0000000080000996] W[r 0=0000000000000000][0] R[r15=0000000000000074] R[r 0=0000000000000000] inst=[0000c399] c.beqz  a5, pc + 6
C0:      16951 [1] pc=[0000000080000998] W[r 0=0000000000000000][0] R[r15=0000000000000074] R[r23=0000000000000025] inst=[0f779263] bne     a5, s7, pc + 228
C0:      16952 [1] pc=[0000000080000a7c] W[r 8=0000000080001f3e][1] R[r 8=0000000080001f3d] R[r 0=0000000000000000] inst=[00000405] c.addi  s0, 1
C0:      16953 [1] pc=[0000000080000a7e] W[r 0=0000000080000a80][1] R[r 0=0000000000000000] R[r 0=0000000000000000] inst=[0000bf11] c.j     pc - 236
C0:      16954 [1] pc=[0000000080000992] W[r15=0000000000000069][1] R[r 8=0000000080001f3e] R[r 0=0000000000000000] inst=[00044783] lbu     a5, 0(s0)
C0:      16957 [1] pc=[0000000080000996] W[r 0=0000000000000000][0] R[r15=0000000000000069] R[r 0=0000000000000000] inst=[0000c399] c.beqz  a5, pc + 6
C0:      16958 [1] pc=[0000000080000998] W[r 0=0000000000000000][0] R[r15=0000000000000069] R[r23=0000000000000025] inst=[0f779263] bne     a5, s7, pc + 228
C0:      16959 [1] pc=[0000000080000a7c] W[r 8=0000000080001f3f][1] R[r 8=0000000080001f3e] R[r 0=0000000000000000] inst=[00000405] c.addi  s0, 1
C0:      16960 [1] pc=[0000000080000a7e] W[r 0=0000000080000a80][1] R[r 0=0000000000000000] R[r 0=0000000000000000] inst=[0000bf11] c.j     pc - 236
C0:      16961 [1] pc=[0000000080000992] W[r15=0000000000000070][1] R[r 8=0000000080001f3f] R[r 0=0000000000000000] inst=[00044783] lbu     a5, 0(s0)
C0:      16964 [1] pc=[0000000080000996] W[r 0=0000000000000000][0] R[r15=0000000000000070] R[r 0=0000000000000000] inst=[0000c399] c.beqz  a5, pc + 6
C0:      16965 [1] pc=[0000000080000998] W[r 0=0000000000000000][0] R[r15=0000000000000070] R[r23=0000000000000025] inst=[0f779263] bne     a5, s7, pc + 228
C0:      16966 [1] pc=[0000000080000a7c] W[r 8=0000000080001f40][1] R[r 8=0000000080001f3f] R[r 0=0000000000000000] inst=[00000405] c.addi  s0, 1
C0:      16967 [1] pc=[0000000080000a7e] W[r 0=0000000080000a80][1] R[r 0=0000000000000000] R[r 0=0000000000000000] inst=[0000bf11] c.j     pc - 236
C0:      16985 [1] pc=[0000000080000992] W[r15=000000000000006c][1] R[r 8=0000000080001f40] R[r 0=0000000000000000] inst=[00044783] lbu     a5, 0(s0)
C0:      16988 [1] pc=[0000000080000996] W[r 0=0000000000000000][0] R[r15=000000000000006c] R[r 0=0000000000000000] inst=[0000c399] c.beqz  a5, pc + 6
C0:      16989 [1] pc=[0000000080000998] W[r 0=0000000000000000][0] R[r15=000000000000006c] R[r23=0000000000000025] inst=[0f779263] bne     a5, s7, pc + 228
C0:      16990 [1] pc=[0000000080000a7c] W[r 8=0000000080001f41][1] R[r 8=0000000080001f40] R[r 0=0000000000000000] inst=[00000405] c.addi  s0, 1
C0:      16991 [1] pc=[0000000080000a7e] W[r 0=0000000080000a80][1] R[r 0=0000000000000000] R[r 0=0000000000000000] inst=[0000bf11] c.j     pc - 236
C0:      16992 [1] pc=[0000000080000992] W[r15=0000000000000069][1] R[r 8=0000000080001f41] R[r 0=0000000000000000] inst=[00044783] lbu     a5, 0(s0)
C0:      16995 [1] pc=[0000000080000996] W[r 0=0000000000000000][0] R[r15=0000000000000069] R[r 0=0000000000000000] inst=[0000c399] c.beqz  a5, pc + 6
C0:      16996 [1] pc=[0000000080000998] W[r 0=0000000000000000][0] R[r15=0000000000000069] R[r23=0000000000000025] inst=[0f779263] bne     a5, s7, pc + 228
C0:      16997 [1] pc=[0000000080000a7c] W[r 8=0000000080001f42][1] R[r 8=0000000080001f41] R[r 0=0000000000000000] inst=[00000405] c.addi  s0, 1
C0:      16998 [1] pc=[0000000080000a7e] W[r 0=0000000080000a80][1] R[r 0=0000000000000000] R[r 0=0000000000000000] inst=[0000bf11] c.j     pc - 236
C0:      16999 [1] pc=[0000000080000992] W[r15=0000000000000063][1] R[r 8=0000000080001f42] R[r 0=0000000000000000] inst=[00044783] lbu     a5, 0(s0)
C0:      17002 [1] pc=[0000000080000996] W[r 0=0000000000000000][0] R[r15=0000000000000063] R[r 0=0000000000000000] inst=[0000c399] c.beqz  a5, pc + 6
C0:      17003 [1] pc=[0000000080000998] W[r 0=0000000000000000][0] R[r15=0000000000000063] R[r23=0000000000000025] inst=[0f779263] bne     a5, s7, pc + 228
C0:      17004 [1] pc=[0000000080000a7c] W[r 8=0000000080001f43][1] R[r 8=0000000080001f42] R[r 0=0000000000000000] inst=[00000405] c.addi  s0, 1
C0:      17005 [1] pc=[0000000080000a7e] W[r 0=0000000080000a80][1] R[r 0=0000000000000000] R[r 0=0000000000000000] inst=[0000bf11] c.j     pc - 236
C0:      17006 [1] pc=[0000000080000992] W[r15=0000000000000061][1] R[r 8=0000000080001f43] R[r 0=0000000000000000] inst=[00044783] lbu     a5, 0(s0)
C0:      17009 [1] pc=[0000000080000996] W[r 0=0000000000000000][0] R[r15=0000000000000061] R[r 0=0000000000000000] inst=[0000c399] c.beqz  a5, pc + 6
C0:      17010 [1] pc=[0000000080000998] W[r 0=0000000000000000][0] R[r15=0000000000000061] R[r23=0000000000000025] inst=[0f779263] bne     a5, s7, pc + 228
C0:      17011 [1] pc=[0000000080000a7c] W[r 8=0000000080001f44][1] R[r 8=0000000080001f43] R[r 0=0000000000000000] inst=[00000405] c.addi  s0, 1
C0:      17012 [1] pc=[0000000080000a7e] W[r 0=0000000080000a80][1] R[r 0=0000000000000000] R[r 0=0000000000000000] inst=[0000bf11] c.j     pc - 236
C0:      17013 [1] pc=[0000000080000992] W[r15=0000000000000074][1] R[r 8=0000000080001f44] R[r 0=0000000000000000] inst=[00044783] lbu     a5, 0(s0)
C0:      17016 [1] pc=[0000000080000996] W[r 0=0000000000000000][0] R[r15=0000000000000074] R[r 0=0000000000000000] inst=[0000c399] c.beqz  a5, pc + 6
C0:      17017 [1] pc=[0000000080000998] W[r 0=0000000000000000][0] R[r15=0000000000000074] R[r23=0000000000000025] inst=[0f779263] bne     a5, s7, pc + 228
C0:      17018 [1] pc=[0000000080000a7c] W[r 8=0000000080001f45][1] R[r 8=0000000080001f44] R[r 0=0000000000000000] inst=[00000405] c.addi  s0, 1
C0:      17019 [1] pc=[0000000080000a7e] W[r 0=0000000080000a80][1] R[r 0=0000000000000000] R[r 0=0000000000000000] inst=[0000bf11] c.j     pc - 236
C0:      17020 [1] pc=[0000000080000992] W[r15=0000000000000069][1] R[r 8=0000000080001f45] R[r 0=0000000000000000] inst=[00044783] lbu     a5, 0(s0)
C0:      17023 [1] pc=[0000000080000996] W[r 0=0000000000000000][0] R[r15=0000000000000069] R[r 0=0000000000000000] inst=[0000c399] c.beqz  a5, pc + 6
C0:      17024 [1] pc=[0000000080000998] W[r 0=0000000000000000][0] R[r15=0000000000000069] R[r23=0000000000000025] inst=[0f779263] bne     a5, s7, pc + 228
C0:      17025 [1] pc=[0000000080000a7c] W[r 8=0000000080001f46][1] R[r 8=0000000080001f45] R[r 0=0000000000000000] inst=[00000405] c.addi  s0, 1
C0:      17026 [1] pc=[0000000080000a7e] W[r 0=0000000080000a80][1] R[r 0=0000000000000000] R[r 0=0000000000000000] inst=[0000bf11] c.j     pc - 236
C0:      17027 [1] pc=[0000000080000992] W[r15=000000000000006f][1] R[r 8=0000000080001f46] R[r 0=0000000000000000] inst=[00044783] lbu     a5, 0(s0)
C0:      17030 [1] pc=[0000000080000996] W[r 0=0000000000000000][0] R[r15=000000000000006f] R[r 0=0000000000000000] inst=[0000c399] c.beqz  a5, pc + 6
C0:      17031 [1] pc=[0000000080000998] W[r 0=0000000000000000][0] R[r15=000000000000006f] R[r23=0000000000000025] inst=[0f779263] bne     a5, s7, pc + 228
C0:      17032 [1] pc=[0000000080000a7c] W[r 8=0000000080001f47][1] R[r 8=0000000080001f46] R[r 0=0000000000000000] inst=[00000405] c.addi  s0, 1
C0:      17033 [1] pc=[0000000080000a7e] W[r 0=0000000080000a80][1] R[r 0=0000000000000000] R[r 0=0000000000000000] inst=[0000bf11] c.j     pc - 236
C0:      17034 [1] pc=[0000000080000992] W[r15=000000000000006e][1] R[r 8=0000000080001f47] R[r 0=0000000000000000] inst=[00044783] lbu     a5, 0(s0)
C0:      17037 [1] pc=[0000000080000996] W[r 0=0000000000000000][0] R[r15=000000000000006e] R[r 0=0000000000000000] inst=[0000c399] c.beqz  a5, pc + 6
C0:      17038 [1] pc=[0000000080000998] W[r 0=0000000000000000][0] R[r15=000000000000006e] R[r23=0000000000000025] inst=[0f779263] bne     a5, s7, pc + 228
C0:      17039 [1] pc=[0000000080000a7c] W[r 8=0000000080001f48][1] R[r 8=0000000080001f47] R[r 0=0000000000000000] inst=[00000405] c.addi  s0, 1
C0:      17040 [1] pc=[0000000080000a7e] W[r 0=0000000080000a80][1] R[r 0=0000000000000000] R[r 0=0000000000000000] inst=[0000bf11] c.j     pc - 236
C0:      17041 [1] pc=[0000000080000992] W[r15=0000000000000020][1] R[r 8=0000000080001f48] R[r 0=0000000000000000] inst=[00044783] lbu     a5, 0(s0)
C0:      17044 [1] pc=[0000000080000996] W[r 0=0000000000000000][0] R[r15=0000000000000020] R[r 0=0000000000000000] inst=[0000c399] c.beqz  a5, pc + 6
C0:      17045 [1] pc=[0000000080000998] W[r 0=0000000000000000][0] R[r15=0000000000000020] R[r23=0000000000000025] inst=[0f779263] bne     a5, s7, pc + 228
C0:      17046 [1] pc=[0000000080000a7c] W[r 8=0000000080001f49][1] R[r 8=0000000080001f48] R[r 0=0000000000000000] inst=[00000405] c.addi  s0, 1
C0:      17047 [1] pc=[0000000080000a7e] W[r 0=0000000080000a80][1] R[r 0=0000000000000000] R[r 0=0000000000000000] inst=[0000bf11] c.j     pc - 236
C0:      17048 [1] pc=[0000000080000992] W[r15=0000000000000065][1] R[r 8=0000000080001f49] R[r 0=0000000000000000] inst=[00044783] lbu     a5, 0(s0)
C0:      17051 [1] pc=[0000000080000996] W[r 0=0000000000000000][0] R[r15=0000000000000065] R[r 0=0000000000000000] inst=[0000c399] c.beqz  a5, pc + 6
C0:      17052 [1] pc=[0000000080000998] W[r 0=0000000000000000][0] R[r15=0000000000000065] R[r23=0000000000000025] inst=[0f779263] bne     a5, s7, pc + 228
C0:      17053 [1] pc=[0000000080000a7c] W[r 8=0000000080001f4a][1] R[r 8=0000000080001f49] R[r 0=0000000000000000] inst=[00000405] c.addi  s0, 1
C0:      17054 [1] pc=[0000000080000a7e] W[r 0=0000000080000a80][1] R[r 0=0000000000000000] R[r 0=0000000000000000] inst=[0000bf11] c.j     pc - 236
C0:      17055 [1] pc=[0000000080000992] W[r15=0000000000000078][1] R[r 8=0000000080001f4a] R[r 0=0000000000000000] inst=[00044783] lbu     a5, 0(s0)
C0:      17058 [1] pc=[0000000080000996] W[r 0=0000000000000000][0] R[r15=0000000000000078] R[r 0=0000000000000000] inst=[0000c399] c.beqz  a5, pc + 6
C0:      17059 [1] pc=[0000000080000998] W[r 0=0000000000000000][0] R[r15=0000000000000078] R[r23=0000000000000025] inst=[0f779263] bne     a5, s7, pc + 228
C0:      17060 [1] pc=[0000000080000a7c] W[r 8=0000000080001f4b][1] R[r 8=0000000080001f4a] R[r 0=0000000000000000] inst=[00000405] c.addi  s0, 1
C0:      17061 [1] pc=[0000000080000a7e] W[r 0=0000000080000a80][1] R[r 0=0000000000000000] R[r 0=0000000000000000] inst=[0000bf11] c.j     pc - 236
C0:      17062 [1] pc=[0000000080000992] W[r15=0000000000000065][1] R[r 8=0000000080001f4b] R[r 0=0000000000000000] inst=[00044783] lbu     a5, 0(s0)
C0:      17065 [1] pc=[0000000080000996] W[r 0=0000000000000000][0] R[r15=0000000000000065] R[r 0=0000000000000000] inst=[0000c399] c.beqz  a5, pc + 6
C0:      17066 [1] pc=[0000000080000998] W[r 0=0000000000000000][0] R[r15=0000000000000065] R[r23=0000000000000025] inst=[0f779263] bne     a5, s7, pc + 228
C0:      17067 [1] pc=[0000000080000a7c] W[r 8=0000000080001f4c][1] R[r 8=0000000080001f4b] R[r 0=0000000000000000] inst=[00000405] c.addi  s0, 1
C0:      17068 [1] pc=[0000000080000a7e] W[r 0=0000000080000a80][1] R[r 0=0000000000000000] R[r 0=0000000000000000] inst=[0000bf11] c.j     pc - 236
C0:      17069 [1] pc=[0000000080000992] W[r15=0000000000000063][1] R[r 8=0000000080001f4c] R[r 0=0000000000000000] inst=[00044783] lbu     a5, 0(s0)
C0:      17072 [1] pc=[0000000080000996] W[r 0=0000000000000000][0] R[r15=0000000000000063] R[r 0=0000000000000000] inst=[0000c399] c.beqz  a5, pc + 6
C0:      17073 [1] pc=[0000000080000998] W[r 0=0000000000000000][0] R[r15=0000000000000063] R[r23=0000000000000025] inst=[0f779263] bne     a5, s7, pc + 228
C0:      17074 [1] pc=[0000000080000a7c] W[r 8=0000000080001f4d][1] R[r 8=0000000080001f4c] R[r 0=0000000000000000] inst=[00000405] c.addi  s0, 1
C0:      17075 [1] pc=[0000000080000a7e] W[r 0=0000000080000a80][1] R[r 0=0000000000000000] R[r 0=0000000000000000] inst=[0000bf11] c.j     pc - 236
C0:      17076 [1] pc=[0000000080000992] W[r15=0000000000000075][1] R[r 8=0000000080001f4d] R[r 0=0000000000000000] inst=[00044783] lbu     a5, 0(s0)
C0:      17079 [1] pc=[0000000080000996] W[r 0=0000000000000000][0] R[r15=0000000000000075] R[r 0=0000000000000000] inst=[0000c399] c.beqz  a5, pc + 6
C0:      17080 [1] pc=[0000000080000998] W[r 0=0000000000000000][0] R[r15=0000000000000075] R[r23=0000000000000025] inst=[0f779263] bne     a5, s7, pc + 228
C0:      17081 [1] pc=[0000000080000a7c] W[r 8=0000000080001f4e][1] R[r 8=0000000080001f4d] R[r 0=0000000000000000] inst=[00000405] c.addi  s0, 1
C0:      17082 [1] pc=[0000000080000a7e] W[r 0=0000000080000a80][1] R[r 0=0000000000000000] R[r 0=0000000000000000] inst=[0000bf11] c.j     pc - 236
C0:      17083 [1] pc=[0000000080000992] W[r15=0000000000000074][1] R[r 8=0000000080001f4e] R[r 0=0000000000000000] inst=[00044783] lbu     a5, 0(s0)
C0:      17086 [1] pc=[0000000080000996] W[r 0=0000000000000000][0] R[r15=0000000000000074] R[r 0=0000000000000000] inst=[0000c399] c.beqz  a5, pc + 6
C0:      17087 [1] pc=[0000000080000998] W[r 0=0000000000000000][0] R[r15=0000000000000074] R[r23=0000000000000025] inst=[0f779263] bne     a5, s7, pc + 228
C0:      17088 [1] pc=[0000000080000a7c] W[r 8=0000000080001f4f][1] R[r 8=0000000080001f4e] R[r 0=0000000000000000] inst=[00000405] c.addi  s0, 1
C0:      17089 [1] pc=[0000000080000a7e] W[r 0=0000000080000a80][1] R[r 0=0000000000000000] R[r 0=0000000000000000] inst=[0000bf11] c.j     pc - 236
C0:      17090 [1] pc=[0000000080000992] W[r15=0000000000000069][1] R[r 8=0000000080001f4f] R[r 0=0000000000000000] inst=[00044783] lbu     a5, 0(s0)
C0:      17093 [1] pc=[0000000080000996] W[r 0=0000000000000000][0] R[r15=0000000000000069] R[r 0=0000000000000000] inst=[0000c399] c.beqz  a5, pc + 6
C0:      17094 [1] pc=[0000000080000998] W[r 0=0000000000000000][0] R[r15=0000000000000069] R[r23=0000000000000025] inst=[0f779263] bne     a5, s7, pc + 228
C0:      17095 [1] pc=[0000000080000a7c] W[r 8=0000000080001f50][1] R[r 8=0000000080001f4f] R[r 0=0000000000000000] inst=[00000405] c.addi  s0, 1
C0:      17096 [1] pc=[0000000080000a7e] W[r 0=0000000080000a80][1] R[r 0=0000000000000000] R[r 0=0000000000000000] inst=[0000bf11] c.j     pc - 236
C0:      17097 [1] pc=[0000000080000992] W[r15=000000000000006f][1] R[r 8=0000000080001f50] R[r 0=0000000000000000] inst=[00044783] lbu     a5, 0(s0)
C0:      17100 [1] pc=[0000000080000996] W[r 0=0000000000000000][0] R[r15=000000000000006f] R[r 0=0000000000000000] inst=[0000c399] c.beqz  a5, pc + 6
C0:      17101 [1] pc=[0000000080000998] W[r 0=0000000000000000][0] R[r15=000000000000006f] R[r23=0000000000000025] inst=[0f779263] bne     a5, s7, pc + 228
C0:      17102 [1] pc=[0000000080000a7c] W[r 8=0000000080001f51][1] R[r 8=0000000080001f50] R[r 0=0000000000000000] inst=[00000405] c.addi  s0, 1
C0:      17103 [1] pc=[0000000080000a7e] W[r 0=0000000080000a80][1] R[r 0=0000000000000000] R[r 0=0000000000000000] inst=[0000bf11] c.j     pc - 236
C0:      17104 [1] pc=[0000000080000992] W[r15=000000000000006e][1] R[r 8=0000000080001f51] R[r 0=0000000000000000] inst=[00044783] lbu     a5, 0(s0)
C0:      17107 [1] pc=[0000000080000996] W[r 0=0000000000000000][0] R[r15=000000000000006e] R[r 0=0000000000000000] inst=[0000c399] c.beqz  a5, pc + 6
C0:      17108 [1] pc=[0000000080000998] W[r 0=0000000000000000][0] R[r15=000000000000006e] R[r23=0000000000000025] inst=[0f779263] bne     a5, s7, pc + 228
C0:      17109 [1] pc=[0000000080000a7c] W[r 8=0000000080001f52][1] R[r 8=0000000080001f51] R[r 0=0000000000000000] inst=[00000405] c.addi  s0, 1
C0:      17110 [1] pc=[0000000080000a7e] W[r 0=0000000080000a80][1] R[r 0=0000000000000000] R[r 0=0000000000000000] inst=[0000bf11] c.j     pc - 236
C0:      17111 [1] pc=[0000000080000992] W[r15=0000000000000020][1] R[r 8=0000000080001f52] R[r 0=0000000000000000] inst=[00044783] lbu     a5, 0(s0)
C0:      17114 [1] pc=[0000000080000996] W[r 0=0000000000000000][0] R[r15=0000000000000020] R[r 0=0000000000000000] inst=[0000c399] c.beqz  a5, pc + 6
C0:      17115 [1] pc=[0000000080000998] W[r 0=0000000000000000][0] R[r15=0000000000000020] R[r23=0000000000000025] inst=[0f779263] bne     a5, s7, pc + 228
C0:      17116 [1] pc=[0000000080000a7c] W[r 8=0000000080001f53][1] R[r 8=0000000080001f52] R[r 0=0000000000000000] inst=[00000405] c.addi  s0, 1
C0:      17117 [1] pc=[0000000080000a7e] W[r 0=0000000080000a80][1] R[r 0=0000000000000000] R[r 0=0000000000000000] inst=[0000bf11] c.j     pc - 236
C0:      17118 [1] pc=[0000000080000992] W[r15=0000000000000074][1] R[r 8=0000000080001f53] R[r 0=0000000000000000] inst=[00044783] lbu     a5, 0(s0)
C0:      17121 [1] pc=[0000000080000996] W[r 0=0000000000000000][0] R[r15=0000000000000074] R[r 0=0000000000000000] inst=[0000c399] c.beqz  a5, pc + 6
C0:      17122 [1] pc=[0000000080000998] W[r 0=0000000000000000][0] R[r15=0000000000000074] R[r23=0000000000000025] inst=[0f779263] bne     a5, s7, pc + 228
C0:      17123 [1] pc=[0000000080000a7c] W[r 8=0000000080001f54][1] R[r 8=0000000080001f53] R[r 0=0000000000000000] inst=[00000405] c.addi  s0, 1
C0:      17124 [1] pc=[0000000080000a7e] W[r 0=0000000080000a80][1] R[r 0=0000000000000000] R[r 0=0000000000000000] inst=[0000bf11] c.j     pc - 236
C0:      17125 [1] pc=[0000000080000992] W[r15=000000000000006f][1] R[r 8=0000000080001f54] R[r 0=0000000000000000] inst=[00044783] lbu     a5, 0(s0)
C0:      17128 [1] pc=[0000000080000996] W[r 0=0000000000000000][0] R[r15=000000000000006f] R[r 0=0000000000000000] inst=[0000c399] c.beqz  a5, pc + 6
C0:      17129 [1] pc=[0000000080000998] W[r 0=0000000000000000][0] R[r15=000000000000006f] R[r23=0000000000000025] inst=[0f779263] bne     a5, s7, pc + 228
C0:      17130 [1] pc=[0000000080000a7c] W[r 8=0000000080001f55][1] R[r 8=0000000080001f54] R[r 0=0000000000000000] inst=[00000405] c.addi  s0, 1
C0:      17131 [1] pc=[0000000080000a7e] W[r 0=0000000080000a80][1] R[r 0=0000000000000000] R[r 0=0000000000000000] inst=[0000bf11] c.j     pc - 236
C0:      17132 [1] pc=[0000000080000992] W[r15=000000000000006f][1] R[r 8=0000000080001f55] R[r 0=0000000000000000] inst=[00044783] lbu     a5, 0(s0)
C0:      17135 [1] pc=[0000000080000996] W[r 0=0000000000000000][0] R[r15=000000000000006f] R[r 0=0000000000000000] inst=[0000c399] c.beqz  a5, pc + 6
C0:      17136 [1] pc=[0000000080000998] W[r 0=0000000000000000][0] R[r15=000000000000006f] R[r23=0000000000000025] inst=[0f779263] bne     a5, s7, pc + 228
C0:      17137 [1] pc=[0000000080000a7c] W[r 8=0000000080001f56][1] R[r 8=0000000080001f55] R[r 0=0000000000000000] inst=[00000405] c.addi  s0, 1
C0:      17138 [1] pc=[0000000080000a7e] W[r 0=0000000080000a80][1] R[r 0=0000000000000000] R[r 0=0000000000000000] inst=[0000bf11] c.j     pc - 236
C0:      17139 [1] pc=[0000000080000992] W[r15=000000000000006b][1] R[r 8=0000000080001f56] R[r 0=0000000000000000] inst=[00044783] lbu     a5, 0(s0)
C0:      17142 [1] pc=[0000000080000996] W[r 0=0000000000000000][0] R[r15=000000000000006b] R[r 0=0000000000000000] inst=[0000c399] c.beqz  a5, pc + 6
C0:      17143 [1] pc=[0000000080000998] W[r 0=0000000000000000][0] R[r15=000000000000006b] R[r23=0000000000000025] inst=[0f779263] bne     a5, s7, pc + 228
C0:      17144 [1] pc=[0000000080000a7c] W[r 8=0000000080001f57][1] R[r 8=0000000080001f56] R[r 0=0000000000000000] inst=[00000405] c.addi  s0, 1
C0:      17145 [1] pc=[0000000080000a7e] W[r 0=0000000080000a80][1] R[r 0=0000000000000000] R[r 0=0000000000000000] inst=[0000bf11] c.j     pc - 236
C0:      17146 [1] pc=[0000000080000992] W[r15=0000000000000020][1] R[r 8=0000000080001f57] R[r 0=0000000000000000] inst=[00044783] lbu     a5, 0(s0)
C0:      17149 [1] pc=[0000000080000996] W[r 0=0000000000000000][0] R[r15=0000000000000020] R[r 0=0000000000000000] inst=[0000c399] c.beqz  a5, pc + 6
C0:      17150 [1] pc=[0000000080000998] W[r 0=0000000000000000][0] R[r15=0000000000000020] R[r23=0000000000000025] inst=[0f779263] bne     a5, s7, pc + 228
C0:      17151 [1] pc=[0000000080000a7c] W[r 8=0000000080001f58][1] R[r 8=0000000080001f57] R[r 0=0000000000000000] inst=[00000405] c.addi  s0, 1
C0:      17152 [1] pc=[0000000080000a7e] W[r 0=0000000080000a80][1] R[r 0=0000000000000000] R[r 0=0000000000000000] inst=[0000bf11] c.j     pc - 236
C0:      17153 [1] pc=[0000000080000992] W[r15=0000000000000025][1] R[r 8=0000000080001f58] R[r 0=0000000000000000] inst=[00044783] lbu     a5, 0(s0)
C0:      17156 [1] pc=[0000000080000996] W[r 0=0000000000000000][0] R[r15=0000000000000025] R[r 0=0000000000000000] inst=[0000c399] c.beqz  a5, pc + 6
C0:      17157 [1] pc=[0000000080000998] W[r 0=0000000000000000][0] R[r15=0000000000000025] R[r23=0000000000000025] inst=[0f779263] bne     a5, s7, pc + 228
C0:      17161 [1] pc=[000000008000099c] W[r26=0000000000000028][1] R[r 8=0000000080001f58] R[r18=0000000080001f30] inst=[41240d3b] subw    s10, s0, s2
C0:      17162 [1] pc=[00000000800009a0] W[r 0=0000000000000000][0] R[r26=0000000000000028] R[r 0=0000000000000000] inst=[000d0e63] beqz    s10, pc + 28
C0:      17163 [1] pc=[00000000800009a4] W[r13=0000000000000028][1] R[r 0=0000000000000000] R[r26=0000000000000028] inst=[000086ea] c.mv    a3, s10
C0:      17164 [1] pc=[00000000800009a6] W[r12=0000000080001f30][1] R[r 0=0000000000000000] R[r18=0000000080001f30] inst=[0000864a] c.mv    a2, s2
C0:      17165 [1] pc=[00000000800009a8] W[r11=0000000080002440][1] R[r 0=0000000000000000] R[r 9=0000000080002440] inst=[000085a6] c.mv    a1, s1
C0:      17166 [1] pc=[00000000800009aa] W[r10=0000000080002150][1] R[r 0=0000000000000000] R[r19=0000000080002150] inst=[0000854e] c.mv    a0, s3
C0:      17167 [1] pc=[00000000800009ac] W[r 1=00000000800009b0][1] R[r 0=0000000000000000] R[r 0=0000000000000000] inst=[f07ff0ef] jal     pc - 0xfa
C0:      17168 [1] pc=[00000000800008b2] W[r 2=000000008002ae30][1] R[r 2=000000008002ae60] R[r 0=0000000000000000] inst=[00007179] c.addi16sp sp, -48
C0:      17169 [1] pc=[00000000800008b4] W[r 0=0000000000000000][0] R[r 2=000000008002ae30] R[r 8=0000000080001f58] inst=[0000f022] c.sdsp  s0, 32(sp)
C0:      17170 [1] pc=[00000000800008b6] W[r 0=0000000000000000][0] R[r 2=000000008002ae30] R[r 9=0000000080002440] inst=[0000ec26] c.sdsp  s1, 24(sp)
C0:      17171 [1] pc=[00000000800008b8] W[r 0=0000000000000000][0] R[r 2=000000008002ae30] R[r18=0000000080001f30] inst=[0000e84a] c.sdsp  s2, 16(sp)
C0:      17172 [1] pc=[00000000800008ba] W[r 0=0000000000000000][0] R[r 2=000000008002ae30] R[r19=0000000080002150] inst=[0000e44e] c.sdsp  s3, 8(sp)
C0:      17173 [1] pc=[00000000800008bc] W[r 0=0000000000000000][0] R[r 2=000000008002ae30] R[r20=0000000000000000] inst=[0000e052] c.sdsp  s4, 0(sp)
C0:      17174 [1] pc=[00000000800008be] W[r 0=0000000000000000][0] R[r 2=000000008002ae30] R[r 1=00000000800009b0] inst=[0000f406] c.sdsp  ra, 40(sp)
C0:      17175 [1] pc=[00000000800008c0] W[r18=0000000080002150][1] R[r 0=0000000000000000] R[r10=0000000080002150] inst=[0000892a] c.mv    s2, a0
C0:      17176 [1] pc=[00000000800008c2] W[r19=0000000080002440][1] R[r 0=0000000000000000] R[r11=0000000080002440] inst=[000089ae] c.mv    s3, a1
C0:      17177 [1] pc=[00000000800008c4] W[r 8=0000000080001f30][1] R[r 0=0000000000000000] R[r12=0000000080001f30] inst=[00008432] c.mv    s0, a2
C0:      17178 [1] pc=[00000000800008c6] W[r 9=0000000080001f58][1] R[r12=0000000080001f30] R[r13=0000000000000028] inst=[00d604b3] add     s1, a2, a3
C0:      17179 [1] pc=[00000000800008ca] W[r20=ffffffffffffffff][1] R[r 0=0000000000000000] R[r 0=0000000000000000] inst=[00005a7d] c.li    s4, -1
C0:      17180 [1] pc=[00000000800008cc] W[r 0=0000000000000000][0] R[r 8=0000000080001f30] R[r 9=0000000080001f58] inst=[00941463] bne     s0, s1, pc + 8
C0:      17184 [1] pc=[00000000800008d4] W[r11=000000000000004d][1] R[r 8=0000000080001f30] R[r 0=0000000000000000] inst=[00044583] lbu     a1, 0(s0)
C0:      17185 [1] pc=[00000000800008d8] W[r12=0000000080002440][1] R[r 0=0000000000000000] R[r19=0000000080002440] inst=[0000864e] c.mv    a2, s3
C0:      17186 [1] pc=[00000000800008da] W[r10=0000000080002150][1] R[r 0=0000000000000000] R[r18=0000000080002150] inst=[0000854a] c.mv    a0, s2
C0:      17187 [1] pc=[00000000800008dc] W[r 1=00000000800008e0][1] R[r 0=0000000000000000] R[r 0=0000000000000000] inst=[fa7ff0ef] jal     pc - 0x5a
C0:      17188 [1] pc=[0000000080000882] W[r15=0000000000000000][1] R[r12=0000000080002440] R[r 0=0000000000000000] inst=[0000465c] c.lw    a5, 12(a2)
C0:      17190 [1] pc=[0000000080000884] W[r15=ffffffffffffffff][1] R[r15=0000000000000000] R[r 0=0000000000000000] inst=[000037fd] c.addiw a5, -1
C0:      17191 [1] pc=[0000000080000886] W[r 0=0000000000000000][0] R[r12=0000000080002440] R[r15=ffffffffffffffff] inst=[0000c65c] c.sw    a5, 12(a2)
C0:      17192 [1] pc=[0000000080000888] W[r13=ffffffff00000000][1] R[r15=ffffffffffffffff] R[r 0=0000000000000000] inst=[02079693] slli    a3, a5, 32
C0:      17193 [1] pc=[000000008000088c] W[r14=ffffffffffffffff][1] R[r15=ffffffffffffffff] R[r 0=0000000000000000] inst=[0007871b] sext.w  a4, a5
C0:      17194 [1] pc=[0000000080000890] W[r 0=0000000000000000][0] R[r13=ffffffff00000000] R[r 0=0000000000000000] inst=[0006d963] bgez    a3, pc + 18
C0:      17195 [1] pc=[0000000080000894] W[r15=fffffffffffffc00][1] R[r12=0000000080002440] R[r 0=0000000000000000] inst=[0000561c] c.lw    a5, 40(a2)
C0:      17197 [1] pc=[0000000080000896] W[r 0=0000000000000000][0] R[r14=ffffffffffffffff] R[r15=fffffffffffffc00] inst=[00f74563] blt     a4, a5, pc + 10
C0:      17198 [1] pc=[000000008000089a] W[r15=000000000000000a][1] R[r 0=0000000000000000] R[r 0=0000000000000000] inst=[000047a9] c.li    a5, 10
C0:      17199 [1] pc=[000000008000089c] W[r 0=0000000000000000][0] R[r11=000000000000004d] R[r15=000000000000000a] inst=[00f59363] bne     a1, a5, pc + 6
C0:      17200 [1] pc=[00000000800008a2] W[r15=0000000080002658][1] R[r12=0000000080002440] R[r 0=0000000000000000] inst=[0000621c] c.ld    a5, 0(a2)
C0:      17201 [1] pc=[00000000800008a4] W[r10=000000000000004d][1] R[r 0=0000000000000000] R[r11=000000000000004d] inst=[0000852e] c.mv    a0, a1
C0:      17202 [1] pc=[00000000800008a6] W[r14=0000000080002659][1] R[r15=0000000080002658] R[r 0=0000000000000000] inst=[00178713] addi    a4, a5, 1
C0:      17203 [1] pc=[00000000800008aa] W[r 0=0000000000000000][0] R[r12=0000000080002440] R[r14=0000000080002659] inst=[0000e218] c.sd    a4, 0(a2)
C0:      17213 [1] pc=[00000000800008ac] W[r 0=0000000000000000][0] R[r15=0000000080002658] R[r11=000000000000004d] inst=[00b78023] sb      a1, 0(a5)
C0:      17214 [1] pc=[00000000800008b0] W[r 0=00000000800008b2][1] R[r 1=00000000800008e0] R[r 0=0000000000000000] inst=[00008082] ret
C0:      17218 [1] pc=[00000000800008e0] W[r 8=0000000080001f31][1] R[r 8=0000000080001f30] R[r 0=0000000000000000] inst=[00000405] c.addi  s0, 1
C0:      17219 [1] pc=[00000000800008e2] W[r 0=0000000000000000][0] R[r10=000000000000004d] R[r20=ffffffffffffffff] inst=[ff4515e3] bne     a0, s4, pc - 22
C0:      17223 [1] pc=[00000000800008cc] W[r 0=0000000000000000][0] R[r 8=0000000080001f31] R[r 9=0000000080001f58] inst=[00941463] bne     s0, s1, pc + 8
C0:      17227 [1] pc=[00000000800008d4] W[r11=0000000000000079][1] R[r 8=0000000080001f31] R[r 0=0000000000000000] inst=[00044583] lbu     a1, 0(s0)
C0:      17228 [1] pc=[00000000800008d8] W[r12=0000000080002440][1] R[r 0=0000000000000000] R[r19=0000000080002440] inst=[0000864e] c.mv    a2, s3
C0:      17229 [1] pc=[00000000800008da] W[r10=0000000080002150][1] R[r 0=0000000000000000] R[r18=0000000080002150] inst=[0000854a] c.mv    a0, s2
C0:      17230 [1] pc=[00000000800008dc] W[r 1=00000000800008e0][1] R[r 0=0000000000000000] R[r 0=0000000000000000] inst=[fa7ff0ef] jal     pc - 0x5a
C0:      17231 [1] pc=[0000000080000882] W[r15=ffffffffffffffff][1] R[r12=0000000080002440] R[r 0=0000000000000000] inst=[0000465c] c.lw    a5, 12(a2)
C0:      17233 [1] pc=[0000000080000884] W[r15=fffffffffffffffe][1] R[r15=ffffffffffffffff] R[r 0=0000000000000000] inst=[000037fd] c.addiw a5, -1
C0:      17234 [1] pc=[0000000080000886] W[r 0=0000000000000000][0] R[r12=0000000080002440] R[r15=fffffffffffffffe] inst=[0000c65c] c.sw    a5, 12(a2)
C0:      17235 [1] pc=[0000000080000888] W[r13=fffffffe00000000][1] R[r15=fffffffffffffffe] R[r 0=0000000000000000] inst=[02079693] slli    a3, a5, 32
C0:      17236 [1] pc=[000000008000088c] W[r14=fffffffffffffffe][1] R[r15=fffffffffffffffe] R[r 0=0000000000000000] inst=[0007871b] sext.w  a4, a5
C0:      17237 [1] pc=[0000000080000890] W[r 0=0000000000000000][0] R[r13=fffffffe00000000] R[r 0=0000000000000000] inst=[0006d963] bgez    a3, pc + 18
C0:      17238 [1] pc=[0000000080000894] W[r15=fffffffffffffc00][1] R[r12=0000000080002440] R[r 0=0000000000000000] inst=[0000561c] c.lw    a5, 40(a2)
C0:      17240 [1] pc=[0000000080000896] W[r 0=0000000000000000][0] R[r14=fffffffffffffffe] R[r15=fffffffffffffc00] inst=[00f74563] blt     a4, a5, pc + 10
C0:      17244 [1] pc=[000000008000089a] W[r15=000000000000000a][1] R[r 0=0000000000000000] R[r 0=0000000000000000] inst=[000047a9] c.li    a5, 10
C0:      17245 [1] pc=[000000008000089c] W[r 0=0000000000000000][0] R[r11=0000000000000079] R[r15=000000000000000a] inst=[00f59363] bne     a1, a5, pc + 6
C0:      17247 [1] pc=[00000000800008a2] W[r15=0000000080002659][1] R[r12=0000000080002440] R[r 0=0000000000000000] inst=[0000621c] c.ld    a5, 0(a2)
C0:      17248 [1] pc=[00000000800008a4] W[r10=0000000000000079][1] R[r 0=0000000000000000] R[r11=0000000000000079] inst=[0000852e] c.mv    a0, a1
C0:      17249 [1] pc=[00000000800008a6] W[r14=000000008000265a][1] R[r15=0000000080002659] R[r 0=0000000000000000] inst=[00178713] addi    a4, a5, 1
C0:      17250 [1] pc=[00000000800008aa] W[r 0=0000000000000000][0] R[r12=0000000080002440] R[r14=000000008000265a] inst=[0000e218] c.sd    a4, 0(a2)
C0:      17251 [1] pc=[00000000800008ac] W[r 0=0000000000000000][0] R[r15=0000000080002659] R[r11=0000000000000079] inst=[00b78023] sb      a1, 0(a5)
C0:      17252 [1] pc=[00000000800008b0] W[r 0=00000000800008b2][1] R[r 1=00000000800008e0] R[r 0=0000000000000000] inst=[00008082] ret
C0:      17253 [1] pc=[00000000800008e0] W[r 8=0000000080001f32][1] R[r 8=0000000080001f31] R[r 0=0000000000000000] inst=[00000405] c.addi  s0, 1
C0:      17254 [1] pc=[00000000800008e2] W[r 0=0000000000000000][0] R[r10=0000000000000079] R[r20=ffffffffffffffff] inst=[ff4515e3] bne     a0, s4, pc - 22
C0:      17255 [1] pc=[00000000800008cc] W[r 0=0000000000000000][0] R[r 8=0000000080001f32] R[r 9=0000000080001f58] inst=[00941463] bne     s0, s1, pc + 8
C0:      17256 [1] pc=[00000000800008d4] W[r11=0000000000000020][1] R[r 8=0000000080001f32] R[r 0=0000000000000000] inst=[00044583] lbu     a1, 0(s0)
C0:      17257 [1] pc=[00000000800008d8] W[r12=0000000080002440][1] R[r 0=0000000000000000] R[r19=0000000080002440] inst=[0000864e] c.mv    a2, s3
C0:      17258 [1] pc=[00000000800008da] W[r10=0000000080002150][1] R[r 0=0000000000000000] R[r18=0000000080002150] inst=[0000854a] c.mv    a0, s2
C0:      17259 [1] pc=[00000000800008dc] W[r 1=00000000800008e0][1] R[r 0=0000000000000000] R[r 0=0000000000000000] inst=[fa7ff0ef] jal     pc - 0x5a
C0:      17260 [1] pc=[0000000080000882] W[r15=fffffffffffffffe][1] R[r12=0000000080002440] R[r 0=0000000000000000] inst=[0000465c] c.lw    a5, 12(a2)
C0:      17262 [1] pc=[0000000080000884] W[r15=fffffffffffffffd][1] R[r15=fffffffffffffffe] R[r 0=0000000000000000] inst=[000037fd] c.addiw a5, -1
C0:      17263 [1] pc=[0000000080000886] W[r 0=0000000000000000][0] R[r12=0000000080002440] R[r15=fffffffffffffffd] inst=[0000c65c] c.sw    a5, 12(a2)
C0:      17264 [1] pc=[0000000080000888] W[r13=fffffffd00000000][1] R[r15=fffffffffffffffd] R[r 0=0000000000000000] inst=[02079693] slli    a3, a5, 32
C0:      17265 [1] pc=[000000008000088c] W[r14=fffffffffffffffd][1] R[r15=fffffffffffffffd] R[r 0=0000000000000000] inst=[0007871b] sext.w  a4, a5
C0:      17266 [1] pc=[0000000080000890] W[r 0=0000000000000000][0] R[r13=fffffffd00000000] R[r 0=0000000000000000] inst=[0006d963] bgez    a3, pc + 18
C0:      17267 [1] pc=[0000000080000894] W[r15=fffffffffffffc00][1] R[r12=0000000080002440] R[r 0=0000000000000000] inst=[0000561c] c.lw    a5, 40(a2)
C0:      17269 [1] pc=[0000000080000896] W[r 0=0000000000000000][0] R[r14=fffffffffffffffd] R[r15=fffffffffffffc00] inst=[00f74563] blt     a4, a5, pc + 10
C0:      17273 [1] pc=[000000008000089a] W[r15=000000000000000a][1] R[r 0=0000000000000000] R[r 0=0000000000000000] inst=[000047a9] c.li    a5, 10
C0:      17274 [1] pc=[000000008000089c] W[r 0=0000000000000000][0] R[r11=0000000000000020] R[r15=000000000000000a] inst=[00f59363] bne     a1, a5, pc + 6
C0:      17278 [1] pc=[00000000800008a2] W[r15=000000008000265a][1] R[r12=0000000080002440] R[r 0=0000000000000000] inst=[0000621c] c.ld    a5, 0(a2)
C0:      17279 [1] pc=[00000000800008a4] W[r10=0000000000000020][1] R[r 0=0000000000000000] R[r11=0000000000000020] inst=[0000852e] c.mv    a0, a1
C0:      17280 [1] pc=[00000000800008a6] W[r14=000000008000265b][1] R[r15=000000008000265a] R[r 0=0000000000000000] inst=[00178713] addi    a4, a5, 1
C0:      17281 [1] pc=[00000000800008aa] W[r 0=0000000000000000][0] R[r12=0000000080002440] R[r14=000000008000265b] inst=[0000e218] c.sd    a4, 0(a2)
C0:      17282 [1] pc=[00000000800008ac] W[r 0=0000000000000000][0] R[r15=000000008000265a] R[r11=0000000000000020] inst=[00b78023] sb      a1, 0(a5)
C0:      17283 [1] pc=[00000000800008b0] W[r 0=00000000800008b2][1] R[r 1=00000000800008e0] R[r 0=0000000000000000] inst=[00008082] ret
C0:      17284 [1] pc=[00000000800008e0] W[r 8=0000000080001f33][1] R[r 8=0000000080001f32] R[r 0=0000000000000000] inst=[00000405] c.addi  s0, 1
C0:      17285 [1] pc=[00000000800008e2] W[r 0=0000000000000000][0] R[r10=0000000000000020] R[r20=ffffffffffffffff] inst=[ff4515e3] bne     a0, s4, pc - 22
C0:      17286 [1] pc=[00000000800008cc] W[r 0=0000000000000000][0] R[r 8=0000000080001f33] R[r 9=0000000080001f58] inst=[00941463] bne     s0, s1, pc + 8
C0:      17287 [1] pc=[00000000800008d4] W[r11=000000000000006d][1] R[r 8=0000000080001f33] R[r 0=0000000000000000] inst=[00044583] lbu     a1, 0(s0)
C0:      17288 [1] pc=[00000000800008d8] W[r12=0000000080002440][1] R[r 0=0000000000000000] R[r19=0000000080002440] inst=[0000864e] c.mv    a2, s3
C0:      17289 [1] pc=[00000000800008da] W[r10=0000000080002150][1] R[r 0=0000000000000000] R[r18=0000000080002150] inst=[0000854a] c.mv    a0, s2
C0:      17290 [1] pc=[00000000800008dc] W[r 1=00000000800008e0][1] R[r 0=0000000000000000] R[r 0=0000000000000000] inst=[fa7ff0ef] jal     pc - 0x5a
C0:      17291 [1] pc=[0000000080000882] W[r15=fffffffffffffffd][1] R[r12=0000000080002440] R[r 0=0000000000000000] inst=[0000465c] c.lw    a5, 12(a2)
C0:      17293 [1] pc=[0000000080000884] W[r15=fffffffffffffffc][1] R[r15=fffffffffffffffd] R[r 0=0000000000000000] inst=[000037fd] c.addiw a5, -1
C0:      17294 [1] pc=[0000000080000886] W[r 0=0000000000000000][0] R[r12=0000000080002440] R[r15=fffffffffffffffc] inst=[0000c65c] c.sw    a5, 12(a2)
C0:      17295 [1] pc=[0000000080000888] W[r13=fffffffc00000000][1] R[r15=fffffffffffffffc] R[r 0=0000000000000000] inst=[02079693] slli    a3, a5, 32
C0:      17296 [1] pc=[000000008000088c] W[r14=fffffffffffffffc][1] R[r15=fffffffffffffffc] R[r 0=0000000000000000] inst=[0007871b] sext.w  a4, a5
C0:      17297 [1] pc=[0000000080000890] W[r 0=0000000000000000][0] R[r13=fffffffc00000000] R[r 0=0000000000000000] inst=[0006d963] bgez    a3, pc + 18
C0:      17298 [1] pc=[0000000080000894] W[r15=fffffffffffffc00][1] R[r12=0000000080002440] R[r 0=0000000000000000] inst=[0000561c] c.lw    a5, 40(a2)
C0:      17300 [1] pc=[0000000080000896] W[r 0=0000000000000000][0] R[r14=fffffffffffffffc] R[r15=fffffffffffffc00] inst=[00f74563] blt     a4, a5, pc + 10
C0:      17301 [1] pc=[000000008000089a] W[r15=000000000000000a][1] R[r 0=0000000000000000] R[r 0=0000000000000000] inst=[000047a9] c.li    a5, 10
C0:      17302 [1] pc=[000000008000089c] W[r 0=0000000000000000][0] R[r11=000000000000006d] R[r15=000000000000000a] inst=[00f59363] bne     a1, a5, pc + 6
C0:      17306 [1] pc=[00000000800008a2] W[r15=000000008000265b][1] R[r12=0000000080002440] R[r 0=0000000000000000] inst=[0000621c] c.ld    a5, 0(a2)
C0:      17307 [1] pc=[00000000800008a4] W[r10=000000000000006d][1] R[r 0=0000000000000000] R[r11=000000000000006d] inst=[0000852e] c.mv    a0, a1
C0:      17308 [1] pc=[00000000800008a6] W[r14=000000008000265c][1] R[r15=000000008000265b] R[r 0=0000000000000000] inst=[00178713] addi    a4, a5, 1
C0:      17309 [1] pc=[00000000800008aa] W[r 0=0000000000000000][0] R[r12=0000000080002440] R[r14=000000008000265c] inst=[0000e218] c.sd    a4, 0(a2)
C0:      17310 [1] pc=[00000000800008ac] W[r 0=0000000000000000][0] R[r15=000000008000265b] R[r11=000000000000006d] inst=[00b78023] sb      a1, 0(a5)
C0:      17311 [1] pc=[00000000800008b0] W[r 0=00000000800008b2][1] R[r 1=00000000800008e0] R[r 0=0000000000000000] inst=[00008082] ret
C0:      17312 [1] pc=[00000000800008e0] W[r 8=0000000080001f34][1] R[r 8=0000000080001f33] R[r 0=0000000000000000] inst=[00000405] c.addi  s0, 1
C0:      17313 [1] pc=[00000000800008e2] W[r 0=0000000000000000][0] R[r10=000000000000006d] R[r20=ffffffffffffffff] inst=[ff4515e3] bne     a0, s4, pc - 22
C0:      17314 [1] pc=[00000000800008cc] W[r 0=0000000000000000][0] R[r 8=0000000080001f34] R[r 9=0000000080001f58] inst=[00941463] bne     s0, s1, pc + 8
C0:      17315 [1] pc=[00000000800008d4] W[r11=0000000000000061][1] R[r 8=0000000080001f34] R[r 0=0000000000000000] inst=[00044583] lbu     a1, 0(s0)
C0:      17316 [1] pc=[00000000800008d8] W[r12=0000000080002440][1] R[r 0=0000000000000000] R[r19=0000000080002440] inst=[0000864e] c.mv    a2, s3
C0:      17317 [1] pc=[00000000800008da] W[r10=0000000080002150][1] R[r 0=0000000000000000] R[r18=0000000080002150] inst=[0000854a] c.mv    a0, s2
C0:      17318 [1] pc=[00000000800008dc] W[r 1=00000000800008e0][1] R[r 0=0000000000000000] R[r 0=0000000000000000] inst=[fa7ff0ef] jal     pc - 0x5a
C0:      17319 [1] pc=[0000000080000882] W[r15=fffffffffffffffc][1] R[r12=0000000080002440] R[r 0=0000000000000000] inst=[0000465c] c.lw    a5, 12(a2)
C0:      17321 [1] pc=[0000000080000884] W[r15=fffffffffffffffb][1] R[r15=fffffffffffffffc] R[r 0=0000000000000000] inst=[000037fd] c.addiw a5, -1
C0:      17322 [1] pc=[0000000080000886] W[r 0=0000000000000000][0] R[r12=0000000080002440] R[r15=fffffffffffffffb] inst=[0000c65c] c.sw    a5, 12(a2)
C0:      17323 [1] pc=[0000000080000888] W[r13=fffffffb00000000][1] R[r15=fffffffffffffffb] R[r 0=0000000000000000] inst=[02079693] slli    a3, a5, 32
C0:      17324 [1] pc=[000000008000088c] W[r14=fffffffffffffffb][1] R[r15=fffffffffffffffb] R[r 0=0000000000000000] inst=[0007871b] sext.w  a4, a5
C0:      17325 [1] pc=[0000000080000890] W[r 0=0000000000000000][0] R[r13=fffffffb00000000] R[r 0=0000000000000000] inst=[0006d963] bgez    a3, pc + 18
C0:      17326 [1] pc=[0000000080000894] W[r15=fffffffffffffc00][1] R[r12=0000000080002440] R[r 0=0000000000000000] inst=[0000561c] c.lw    a5, 40(a2)
C0:      17328 [1] pc=[0000000080000896] W[r 0=0000000000000000][0] R[r14=fffffffffffffffb] R[r15=fffffffffffffc00] inst=[00f74563] blt     a4, a5, pc + 10
C0:      17332 [1] pc=[000000008000089a] W[r15=000000000000000a][1] R[r 0=0000000000000000] R[r 0=0000000000000000] inst=[000047a9] c.li    a5, 10
C0:      17333 [1] pc=[000000008000089c] W[r 0=0000000000000000][0] R[r11=0000000000000061] R[r15=000000000000000a] inst=[00f59363] bne     a1, a5, pc + 6
C0:      17334 [1] pc=[00000000800008a2] W[r15=000000008000265c][1] R[r12=0000000080002440] R[r 0=0000000000000000] inst=[0000621c] c.ld    a5, 0(a2)
C0:      17335 [1] pc=[00000000800008a4] W[r10=0000000000000061][1] R[r 0=0000000000000000] R[r11=0000000000000061] inst=[0000852e] c.mv    a0, a1
C0:      17336 [1] pc=[00000000800008a6] W[r14=000000008000265d][1] R[r15=000000008000265c] R[r 0=0000000000000000] inst=[00178713] addi    a4, a5, 1
C0:      17337 [1] pc=[00000000800008aa] W[r 0=0000000000000000][0] R[r12=0000000080002440] R[r14=000000008000265d] inst=[0000e218] c.sd    a4, 0(a2)
C0:      17338 [1] pc=[00000000800008ac] W[r 0=0000000000000000][0] R[r15=000000008000265c] R[r11=0000000000000061] inst=[00b78023] sb      a1, 0(a5)
C0:      17339 [1] pc=[00000000800008b0] W[r 0=00000000800008b2][1] R[r 1=00000000800008e0] R[r 0=0000000000000000] inst=[00008082] ret
C0:      17340 [1] pc=[00000000800008e0] W[r 8=0000000080001f35][1] R[r 8=0000000080001f34] R[r 0=0000000000000000] inst=[00000405] c.addi  s0, 1
C0:      17341 [1] pc=[00000000800008e2] W[r 0=0000000000000000][0] R[r10=0000000000000061] R[r20=ffffffffffffffff] inst=[ff4515e3] bne     a0, s4, pc - 22
C0:      17342 [1] pc=[00000000800008cc] W[r 0=0000000000000000][0] R[r 8=0000000080001f35] R[r 9=0000000080001f58] inst=[00941463] bne     s0, s1, pc + 8
C0:      17343 [1] pc=[00000000800008d4] W[r11=0000000000000074][1] R[r 8=0000000080001f35] R[r 0=0000000000000000] inst=[00044583] lbu     a1, 0(s0)
C0:      17344 [1] pc=[00000000800008d8] W[r12=0000000080002440][1] R[r 0=0000000000000000] R[r19=0000000080002440] inst=[0000864e] c.mv    a2, s3
C0:      17345 [1] pc=[00000000800008da] W[r10=0000000080002150][1] R[r 0=0000000000000000] R[r18=0000000080002150] inst=[0000854a] c.mv    a0, s2
C0:      17346 [1] pc=[00000000800008dc] W[r 1=00000000800008e0][1] R[r 0=0000000000000000] R[r 0=0000000000000000] inst=[fa7ff0ef] jal     pc - 0x5a
C0:      17347 [1] pc=[0000000080000882] W[r15=fffffffffffffffb][1] R[r12=0000000080002440] R[r 0=0000000000000000] inst=[0000465c] c.lw    a5, 12(a2)
C0:      17349 [1] pc=[0000000080000884] W[r15=fffffffffffffffa][1] R[r15=fffffffffffffffb] R[r 0=0000000000000000] inst=[000037fd] c.addiw a5, -1
C0:      17350 [1] pc=[0000000080000886] W[r 0=0000000000000000][0] R[r12=0000000080002440] R[r15=fffffffffffffffa] inst=[0000c65c] c.sw    a5, 12(a2)
C0:      17351 [1] pc=[0000000080000888] W[r13=fffffffa00000000][1] R[r15=fffffffffffffffa] R[r 0=0000000000000000] inst=[02079693] slli    a3, a5, 32
C0:      17352 [1] pc=[000000008000088c] W[r14=fffffffffffffffa][1] R[r15=fffffffffffffffa] R[r 0=0000000000000000] inst=[0007871b] sext.w  a4, a5
C0:      17353 [1] pc=[0000000080000890] W[r 0=0000000000000000][0] R[r13=fffffffa00000000] R[r 0=0000000000000000] inst=[0006d963] bgez    a3, pc + 18
C0:      17354 [1] pc=[0000000080000894] W[r15=fffffffffffffc00][1] R[r12=0000000080002440] R[r 0=0000000000000000] inst=[0000561c] c.lw    a5, 40(a2)
C0:      17356 [1] pc=[0000000080000896] W[r 0=0000000000000000][0] R[r14=fffffffffffffffa] R[r15=fffffffffffffc00] inst=[00f74563] blt     a4, a5, pc + 10
C0:      17357 [1] pc=[000000008000089a] W[r15=000000000000000a][1] R[r 0=0000000000000000] R[r 0=0000000000000000] inst=[000047a9] c.li    a5, 10
C0:      17358 [1] pc=[000000008000089c] W[r 0=0000000000000000][0] R[r11=0000000000000074] R[r15=000000000000000a] inst=[00f59363] bne     a1, a5, pc + 6
C0:      17359 [1] pc=[00000000800008a2] W[r15=000000008000265d][1] R[r12=0000000080002440] R[r 0=0000000000000000] inst=[0000621c] c.ld    a5, 0(a2)
C0:      17360 [1] pc=[00000000800008a4] W[r10=0000000000000074][1] R[r 0=0000000000000000] R[r11=0000000000000074] inst=[0000852e] c.mv    a0, a1
C0:      17361 [1] pc=[00000000800008a6] W[r14=000000008000265e][1] R[r15=000000008000265d] R[r 0=0000000000000000] inst=[00178713] addi    a4, a5, 1
C0:      17362 [1] pc=[00000000800008aa] W[r 0=0000000000000000][0] R[r12=0000000080002440] R[r14=000000008000265e] inst=[0000e218] c.sd    a4, 0(a2)
C0:      17363 [1] pc=[00000000800008ac] W[r 0=0000000000000000][0] R[r15=000000008000265d] R[r11=0000000000000074] inst=[00b78023] sb      a1, 0(a5)
C0:      17364 [1] pc=[00000000800008b0] W[r 0=00000000800008b2][1] R[r 1=00000000800008e0] R[r 0=0000000000000000] inst=[00008082] ret
C0:      17365 [1] pc=[00000000800008e0] W[r 8=0000000080001f36][1] R[r 8=0000000080001f35] R[r 0=0000000000000000] inst=[00000405] c.addi  s0, 1
C0:      17366 [1] pc=[00000000800008e2] W[r 0=0000000000000000][0] R[r10=0000000000000074] R[r20=ffffffffffffffff] inst=[ff4515e3] bne     a0, s4, pc - 22
C0:      17368 [1] pc=[00000000800008cc] W[r 0=0000000000000000][0] R[r 8=0000000080001f36] R[r 9=0000000080001f58] inst=[00941463] bne     s0, s1, pc + 8
C0:      17370 [1] pc=[00000000800008d4] W[r11=0000000000000072][1] R[r 8=0000000080001f36] R[r 0=0000000000000000] inst=[00044583] lbu     a1, 0(s0)
C0:      17371 [1] pc=[00000000800008d8] W[r12=0000000080002440][1] R[r 0=0000000000000000] R[r19=0000000080002440] inst=[0000864e] c.mv    a2, s3
C0:      17372 [1] pc=[00000000800008da] W[r10=0000000080002150][1] R[r 0=0000000000000000] R[r18=0000000080002150] inst=[0000854a] c.mv    a0, s2
C0:      17373 [1] pc=[00000000800008dc] W[r 1=00000000800008e0][1] R[r 0=0000000000000000] R[r 0=0000000000000000] inst=[fa7ff0ef] jal     pc - 0x5a
C0:      17374 [1] pc=[0000000080000882] W[r15=fffffffffffffffa][1] R[r12=0000000080002440] R[r 0=0000000000000000] inst=[0000465c] c.lw    a5, 12(a2)
C0:      17376 [1] pc=[0000000080000884] W[r15=fffffffffffffff9][1] R[r15=fffffffffffffffa] R[r 0=0000000000000000] inst=[000037fd] c.addiw a5, -1
C0:      17377 [1] pc=[0000000080000886] W[r 0=0000000000000000][0] R[r12=0000000080002440] R[r15=fffffffffffffff9] inst=[0000c65c] c.sw    a5, 12(a2)
C0:      17378 [1] pc=[0000000080000888] W[r13=fffffff900000000][1] R[r15=fffffffffffffff9] R[r 0=0000000000000000] inst=[02079693] slli    a3, a5, 32
C0:      17379 [1] pc=[000000008000088c] W[r14=fffffffffffffff9][1] R[r15=fffffffffffffff9] R[r 0=0000000000000000] inst=[0007871b] sext.w  a4, a5
C0:      17380 [1] pc=[0000000080000890] W[r 0=0000000000000000][0] R[r13=fffffff900000000] R[r 0=0000000000000000] inst=[0006d963] bgez    a3, pc + 18
C0:      17381 [1] pc=[0000000080000894] W[r15=fffffffffffffc00][1] R[r12=0000000080002440] R[r 0=0000000000000000] inst=[0000561c] c.lw    a5, 40(a2)
C0:      17383 [1] pc=[0000000080000896] W[r 0=0000000000000000][0] R[r14=fffffffffffffff9] R[r15=fffffffffffffc00] inst=[00f74563] blt     a4, a5, pc + 10
C0:      17384 [1] pc=[000000008000089a] W[r15=000000000000000a][1] R[r 0=0000000000000000] R[r 0=0000000000000000] inst=[000047a9] c.li    a5, 10
C0:      17385 [1] pc=[000000008000089c] W[r 0=0000000000000000][0] R[r11=0000000000000072] R[r15=000000000000000a] inst=[00f59363] bne     a1, a5, pc + 6
C0:      17389 [1] pc=[00000000800008a2] W[r15=000000008000265e][1] R[r12=0000000080002440] R[r 0=0000000000000000] inst=[0000621c] c.ld    a5, 0(a2)
C0:      17390 [1] pc=[00000000800008a4] W[r10=0000000000000072][1] R[r 0=0000000000000000] R[r11=0000000000000072] inst=[0000852e] c.mv    a0, a1
C0:      17391 [1] pc=[00000000800008a6] W[r14=000000008000265f][1] R[r15=000000008000265e] R[r 0=0000000000000000] inst=[00178713] addi    a4, a5, 1
C0:      17392 [1] pc=[00000000800008aa] W[r 0=0000000000000000][0] R[r12=0000000080002440] R[r14=000000008000265f] inst=[0000e218] c.sd    a4, 0(a2)
C0:      17393 [1] pc=[00000000800008ac] W[r 0=0000000000000000][0] R[r15=000000008000265e] R[r11=0000000000000072] inst=[00b78023] sb      a1, 0(a5)
C0:      17394 [1] pc=[00000000800008b0] W[r 0=00000000800008b2][1] R[r 1=00000000800008e0] R[r 0=0000000000000000] inst=[00008082] ret
C0:      17395 [1] pc=[00000000800008e0] W[r 8=0000000080001f37][1] R[r 8=0000000080001f36] R[r 0=0000000000000000] inst=[00000405] c.addi  s0, 1
C0:      17396 [1] pc=[00000000800008e2] W[r 0=0000000000000000][0] R[r10=0000000000000072] R[r20=ffffffffffffffff] inst=[ff4515e3] bne     a0, s4, pc - 22
C0:      17398 [1] pc=[00000000800008cc] W[r 0=0000000000000000][0] R[r 8=0000000080001f37] R[r 9=0000000080001f58] inst=[00941463] bne     s0, s1, pc + 8
C0:      17400 [1] pc=[00000000800008d4] W[r11=0000000000000069][1] R[r 8=0000000080001f37] R[r 0=0000000000000000] inst=[00044583] lbu     a1, 0(s0)
C0:      17401 [1] pc=[00000000800008d8] W[r12=0000000080002440][1] R[r 0=0000000000000000] R[r19=0000000080002440] inst=[0000864e] c.mv    a2, s3
C0:      17402 [1] pc=[00000000800008da] W[r10=0000000080002150][1] R[r 0=0000000000000000] R[r18=0000000080002150] inst=[0000854a] c.mv    a0, s2
C0:      17403 [1] pc=[00000000800008dc] W[r 1=00000000800008e0][1] R[r 0=0000000000000000] R[r 0=0000000000000000] inst=[fa7ff0ef] jal     pc - 0x5a
C0:      17404 [1] pc=[0000000080000882] W[r15=fffffffffffffff9][1] R[r12=0000000080002440] R[r 0=0000000000000000] inst=[0000465c] c.lw    a5, 12(a2)
C0:      17406 [1] pc=[0000000080000884] W[r15=fffffffffffffff8][1] R[r15=fffffffffffffff9] R[r 0=0000000000000000] inst=[000037fd] c.addiw a5, -1
C0:      17407 [1] pc=[0000000080000886] W[r 0=0000000000000000][0] R[r12=0000000080002440] R[r15=fffffffffffffff8] inst=[0000c65c] c.sw    a5, 12(a2)
C0:      17408 [1] pc=[0000000080000888] W[r13=fffffff800000000][1] R[r15=fffffffffffffff8] R[r 0=0000000000000000] inst=[02079693] slli    a3, a5, 32
C0:      17409 [1] pc=[000000008000088c] W[r14=fffffffffffffff8][1] R[r15=fffffffffffffff8] R[r 0=0000000000000000] inst=[0007871b] sext.w  a4, a5
C0:      17410 [1] pc=[0000000080000890] W[r 0=0000000000000000][0] R[r13=fffffff800000000] R[r 0=0000000000000000] inst=[0006d963] bgez    a3, pc + 18
C0:      17411 [1] pc=[0000000080000894] W[r15=fffffffffffffc00][1] R[r12=0000000080002440] R[r 0=0000000000000000] inst=[0000561c] c.lw    a5, 40(a2)
C0:      17413 [1] pc=[0000000080000896] W[r 0=0000000000000000][0] R[r14=fffffffffffffff8] R[r15=fffffffffffffc00] inst=[00f74563] blt     a4, a5, pc + 10
C0:      17414 [1] pc=[000000008000089a] W[r15=000000000000000a][1] R[r 0=0000000000000000] R[r 0=0000000000000000] inst=[000047a9] c.li    a5, 10
C0:      17415 [1] pc=[000000008000089c] W[r 0=0000000000000000][0] R[r11=0000000000000069] R[r15=000000000000000a] inst=[00f59363] bne     a1, a5, pc + 6
C0:      17419 [1] pc=[00000000800008a2] W[r15=000000008000265f][1] R[r12=0000000080002440] R[r 0=0000000000000000] inst=[0000621c] c.ld    a5, 0(a2)
C0:      17420 [1] pc=[00000000800008a4] W[r10=0000000000000069][1] R[r 0=0000000000000000] R[r11=0000000000000069] inst=[0000852e] c.mv    a0, a1
C0:      17421 [1] pc=[00000000800008a6] W[r14=0000000080002660][1] R[r15=000000008000265f] R[r 0=0000000000000000] inst=[00178713] addi    a4, a5, 1
C0:      17422 [1] pc=[00000000800008aa] W[r 0=0000000000000000][0] R[r12=0000000080002440] R[r14=0000000080002660] inst=[0000e218] c.sd    a4, 0(a2)
C0:      17423 [1] pc=[00000000800008ac] W[r 0=0000000000000000][0] R[r15=000000008000265f] R[r11=0000000000000069] inst=[00b78023] sb      a1, 0(a5)
C0:      17424 [1] pc=[00000000800008b0] W[r 0=00000000800008b2][1] R[r 1=00000000800008e0] R[r 0=0000000000000000] inst=[00008082] ret
C0:      17425 [1] pc=[00000000800008e0] W[r 8=0000000080001f38][1] R[r 8=0000000080001f37] R[r 0=0000000000000000] inst=[00000405] c.addi  s0, 1
C0:      17426 [1] pc=[00000000800008e2] W[r 0=0000000000000000][0] R[r10=0000000000000069] R[r20=ffffffffffffffff] inst=[ff4515e3] bne     a0, s4, pc - 22
C0:      17427 [1] pc=[00000000800008cc] W[r 0=0000000000000000][0] R[r 8=0000000080001f38] R[r 9=0000000080001f58] inst=[00941463] bne     s0, s1, pc + 8
C0:      17428 [1] pc=[00000000800008d4] W[r11=0000000000000078][1] R[r 8=0000000080001f38] R[r 0=0000000000000000] inst=[00044583] lbu     a1, 0(s0)
C0:      17429 [1] pc=[00000000800008d8] W[r12=0000000080002440][1] R[r 0=0000000000000000] R[r19=0000000080002440] inst=[0000864e] c.mv    a2, s3
C0:      17430 [1] pc=[00000000800008da] W[r10=0000000080002150][1] R[r 0=0000000000000000] R[r18=0000000080002150] inst=[0000854a] c.mv    a0, s2
C0:      17431 [1] pc=[00000000800008dc] W[r 1=00000000800008e0][1] R[r 0=0000000000000000] R[r 0=0000000000000000] inst=[fa7ff0ef] jal     pc - 0x5a
C0:      17432 [1] pc=[0000000080000882] W[r15=fffffffffffffff8][1] R[r12=0000000080002440] R[r 0=0000000000000000] inst=[0000465c] c.lw    a5, 12(a2)
C0:      17434 [1] pc=[0000000080000884] W[r15=fffffffffffffff7][1] R[r15=fffffffffffffff8] R[r 0=0000000000000000] inst=[000037fd] c.addiw a5, -1
C0:      17435 [1] pc=[0000000080000886] W[r 0=0000000000000000][0] R[r12=0000000080002440] R[r15=fffffffffffffff7] inst=[0000c65c] c.sw    a5, 12(a2)
C0:      17436 [1] pc=[0000000080000888] W[r13=fffffff700000000][1] R[r15=fffffffffffffff7] R[r 0=0000000000000000] inst=[02079693] slli    a3, a5, 32
C0:      17437 [1] pc=[000000008000088c] W[r14=fffffffffffffff7][1] R[r15=fffffffffffffff7] R[r 0=0000000000000000] inst=[0007871b] sext.w  a4, a5
C0:      17438 [1] pc=[0000000080000890] W[r 0=0000000000000000][0] R[r13=fffffff700000000] R[r 0=0000000000000000] inst=[0006d963] bgez    a3, pc + 18
C0:      17442 [1] pc=[0000000080000894] W[r15=fffffffffffffc00][1] R[r12=0000000080002440] R[r 0=0000000000000000] inst=[0000561c] c.lw    a5, 40(a2)
C0:      17444 [1] pc=[0000000080000896] W[r 0=0000000000000000][0] R[r14=fffffffffffffff7] R[r15=fffffffffffffc00] inst=[00f74563] blt     a4, a5, pc + 10
C0:      17445 [1] pc=[000000008000089a] W[r15=000000000000000a][1] R[r 0=0000000000000000] R[r 0=0000000000000000] inst=[000047a9] c.li    a5, 10
C0:      17446 [1] pc=[000000008000089c] W[r 0=0000000000000000][0] R[r11=0000000000000078] R[r15=000000000000000a] inst=[00f59363] bne     a1, a5, pc + 6
C0:      17447 [1] pc=[00000000800008a2] W[r15=0000000080002660][1] R[r12=0000000080002440] R[r 0=0000000000000000] inst=[0000621c] c.ld    a5, 0(a2)
C0:      17448 [1] pc=[00000000800008a4] W[r10=0000000000000078][1] R[r 0=0000000000000000] R[r11=0000000000000078] inst=[0000852e] c.mv    a0, a1
C0:      17449 [1] pc=[00000000800008a6] W[r14=0000000080002661][1] R[r15=0000000080002660] R[r 0=0000000000000000] inst=[00178713] addi    a4, a5, 1
C0:      17450 [1] pc=[00000000800008aa] W[r 0=0000000000000000][0] R[r12=0000000080002440] R[r14=0000000080002661] inst=[0000e218] c.sd    a4, 0(a2)
C0:      17451 [1] pc=[00000000800008ac] W[r 0=0000000000000000][0] R[r15=0000000080002660] R[r11=0000000000000078] inst=[00b78023] sb      a1, 0(a5)
C0:      17452 [1] pc=[00000000800008b0] W[r 0=00000000800008b2][1] R[r 1=00000000800008e0] R[r 0=0000000000000000] inst=[00008082] ret
C0:      17453 [1] pc=[00000000800008e0] W[r 8=0000000080001f39][1] R[r 8=0000000080001f38] R[r 0=0000000000000000] inst=[00000405] c.addi  s0, 1
C0:      17454 [1] pc=[00000000800008e2] W[r 0=0000000000000000][0] R[r10=0000000000000078] R[r20=ffffffffffffffff] inst=[ff4515e3] bne     a0, s4, pc - 22
C0:      17455 [1] pc=[00000000800008cc] W[r 0=0000000000000000][0] R[r 8=0000000080001f39] R[r 9=0000000080001f58] inst=[00941463] bne     s0, s1, pc + 8
C0:      17456 [1] pc=[00000000800008d4] W[r11=0000000000000020][1] R[r 8=0000000080001f39] R[r 0=0000000000000000] inst=[00044583] lbu     a1, 0(s0)
C0:      17457 [1] pc=[00000000800008d8] W[r12=0000000080002440][1] R[r 0=0000000000000000] R[r19=0000000080002440] inst=[0000864e] c.mv    a2, s3
C0:      17458 [1] pc=[00000000800008da] W[r10=0000000080002150][1] R[r 0=0000000000000000] R[r18=0000000080002150] inst=[0000854a] c.mv    a0, s2
C0:      17459 [1] pc=[00000000800008dc] W[r 1=00000000800008e0][1] R[r 0=0000000000000000] R[r 0=0000000000000000] inst=[fa7ff0ef] jal     pc - 0x5a
C0:      17460 [1] pc=[0000000080000882] W[r15=fffffffffffffff7][1] R[r12=0000000080002440] R[r 0=0000000000000000] inst=[0000465c] c.lw    a5, 12(a2)
C0:      17462 [1] pc=[0000000080000884] W[r15=fffffffffffffff6][1] R[r15=fffffffffffffff7] R[r 0=0000000000000000] inst=[000037fd] c.addiw a5, -1
C0:      17463 [1] pc=[0000000080000886] W[r 0=0000000000000000][0] R[r12=0000000080002440] R[r15=fffffffffffffff6] inst=[0000c65c] c.sw    a5, 12(a2)
C0:      17464 [1] pc=[0000000080000888] W[r13=fffffff600000000][1] R[r15=fffffffffffffff6] R[r 0=0000000000000000] inst=[02079693] slli    a3, a5, 32
C0:      17465 [1] pc=[000000008000088c] W[r14=fffffffffffffff6][1] R[r15=fffffffffffffff6] R[r 0=0000000000000000] inst=[0007871b] sext.w  a4, a5
C0:      17466 [1] pc=[0000000080000890] W[r 0=0000000000000000][0] R[r13=fffffff600000000] R[r 0=0000000000000000] inst=[0006d963] bgez    a3, pc + 18
C0:      17467 [1] pc=[0000000080000894] W[r15=fffffffffffffc00][1] R[r12=0000000080002440] R[r 0=0000000000000000] inst=[0000561c] c.lw    a5, 40(a2)
C0:      17469 [1] pc=[0000000080000896] W[r 0=0000000000000000][0] R[r14=fffffffffffffff6] R[r15=fffffffffffffc00] inst=[00f74563] blt     a4, a5, pc + 10
C0:      17470 [1] pc=[000000008000089a] W[r15=000000000000000a][1] R[r 0=0000000000000000] R[r 0=0000000000000000] inst=[000047a9] c.li    a5, 10
C0:      17471 [1] pc=[000000008000089c] W[r 0=0000000000000000][0] R[r11=0000000000000020] R[r15=000000000000000a] inst=[00f59363] bne     a1, a5, pc + 6
C0:      17472 [1] pc=[00000000800008a2] W[r15=0000000080002661][1] R[r12=0000000080002440] R[r 0=0000000000000000] inst=[0000621c] c.ld    a5, 0(a2)
C0:      17473 [1] pc=[00000000800008a4] W[r10=0000000000000020][1] R[r 0=0000000000000000] R[r11=0000000000000020] inst=[0000852e] c.mv    a0, a1
C0:      17474 [1] pc=[00000000800008a6] W[r14=0000000080002662][1] R[r15=0000000080002661] R[r 0=0000000000000000] inst=[00178713] addi    a4, a5, 1
C0:      17475 [1] pc=[00000000800008aa] W[r 0=0000000000000000][0] R[r12=0000000080002440] R[r14=0000000080002662] inst=[0000e218] c.sd    a4, 0(a2)
C0:      17476 [1] pc=[00000000800008ac] W[r 0=0000000000000000][0] R[r15=0000000080002661] R[r11=0000000000000020] inst=[00b78023] sb      a1, 0(a5)
C0:      17477 [1] pc=[00000000800008b0] W[r 0=00000000800008b2][1] R[r 1=00000000800008e0] R[r 0=0000000000000000] inst=[00008082] ret
C0:      17478 [1] pc=[00000000800008e0] W[r 8=0000000080001f3a][1] R[r 8=0000000080001f39] R[r 0=0000000000000000] inst=[00000405] c.addi  s0, 1
C0:      17479 [1] pc=[00000000800008e2] W[r 0=0000000000000000][0] R[r10=0000000000000020] R[r20=ffffffffffffffff] inst=[ff4515e3] bne     a0, s4, pc - 22
C0:      17480 [1] pc=[00000000800008cc] W[r 0=0000000000000000][0] R[r 8=0000000080001f3a] R[r 9=0000000080001f58] inst=[00941463] bne     s0, s1, pc + 8
C0:      17481 [1] pc=[00000000800008d4] W[r11=000000000000006d][1] R[r 8=0000000080001f3a] R[r 0=0000000000000000] inst=[00044583] lbu     a1, 0(s0)
C0:      17482 [1] pc=[00000000800008d8] W[r12=0000000080002440][1] R[r 0=0000000000000000] R[r19=0000000080002440] inst=[0000864e] c.mv    a2, s3
C0:      17483 [1] pc=[00000000800008da] W[r10=0000000080002150][1] R[r 0=0000000000000000] R[r18=0000000080002150] inst=[0000854a] c.mv    a0, s2
C0:      17484 [1] pc=[00000000800008dc] W[r 1=00000000800008e0][1] R[r 0=0000000000000000] R[r 0=0000000000000000] inst=[fa7ff0ef] jal     pc - 0x5a
C0:      17485 [1] pc=[0000000080000882] W[r15=fffffffffffffff6][1] R[r12=0000000080002440] R[r 0=0000000000000000] inst=[0000465c] c.lw    a5, 12(a2)
C0:      17487 [1] pc=[0000000080000884] W[r15=fffffffffffffff5][1] R[r15=fffffffffffffff6] R[r 0=0000000000000000] inst=[000037fd] c.addiw a5, -1
C0:      17488 [1] pc=[0000000080000886] W[r 0=0000000000000000][0] R[r12=0000000080002440] R[r15=fffffffffffffff5] inst=[0000c65c] c.sw    a5, 12(a2)
C0:      17489 [1] pc=[0000000080000888] W[r13=fffffff500000000][1] R[r15=fffffffffffffff5] R[r 0=0000000000000000] inst=[02079693] slli    a3, a5, 32
C0:      17490 [1] pc=[000000008000088c] W[r14=fffffffffffffff5][1] R[r15=fffffffffffffff5] R[r 0=0000000000000000] inst=[0007871b] sext.w  a4, a5
C0:      17491 [1] pc=[0000000080000890] W[r 0=0000000000000000][0] R[r13=fffffff500000000] R[r 0=0000000000000000] inst=[0006d963] bgez    a3, pc + 18
C0:      17492 [1] pc=[0000000080000894] W[r15=fffffffffffffc00][1] R[r12=0000000080002440] R[r 0=0000000000000000] inst=[0000561c] c.lw    a5, 40(a2)
C0:      17494 [1] pc=[0000000080000896] W[r 0=0000000000000000][0] R[r14=fffffffffffffff5] R[r15=fffffffffffffc00] inst=[00f74563] blt     a4, a5, pc + 10
C0:      17495 [1] pc=[000000008000089a] W[r15=000000000000000a][1] R[r 0=0000000000000000] R[r 0=0000000000000000] inst=[000047a9] c.li    a5, 10
C0:      17496 [1] pc=[000000008000089c] W[r 0=0000000000000000][0] R[r11=000000000000006d] R[r15=000000000000000a] inst=[00f59363] bne     a1, a5, pc + 6
C0:      17497 [1] pc=[00000000800008a2] W[r15=0000000080002662][1] R[r12=0000000080002440] R[r 0=0000000000000000] inst=[0000621c] c.ld    a5, 0(a2)
C0:      17498 [1] pc=[00000000800008a4] W[r10=000000000000006d][1] R[r 0=0000000000000000] R[r11=000000000000006d] inst=[0000852e] c.mv    a0, a1
C0:      17499 [1] pc=[00000000800008a6] W[r14=0000000080002663][1] R[r15=0000000080002662] R[r 0=0000000000000000] inst=[00178713] addi    a4, a5, 1
C0:      17500 [1] pc=[00000000800008aa] W[r 0=0000000000000000][0] R[r12=0000000080002440] R[r14=0000000080002663] inst=[0000e218] c.sd    a4, 0(a2)
C0:      17501 [1] pc=[00000000800008ac] W[r 0=0000000000000000][0] R[r15=0000000080002662] R[r11=000000000000006d] inst=[00b78023] sb      a1, 0(a5)
C0:      17502 [1] pc=[00000000800008b0] W[r 0=00000000800008b2][1] R[r 1=00000000800008e0] R[r 0=0000000000000000] inst=[00008082] ret
C0:      17503 [1] pc=[00000000800008e0] W[r 8=0000000080001f3b][1] R[r 8=0000000080001f3a] R[r 0=0000000000000000] inst=[00000405] c.addi  s0, 1
C0:      17504 [1] pc=[00000000800008e2] W[r 0=0000000000000000][0] R[r10=000000000000006d] R[r20=ffffffffffffffff] inst=[ff4515e3] bne     a0, s4, pc - 22
C0:      17505 [1] pc=[00000000800008cc] W[r 0=0000000000000000][0] R[r 8=0000000080001f3b] R[r 9=0000000080001f58] inst=[00941463] bne     s0, s1, pc + 8
C0:      17506 [1] pc=[00000000800008d4] W[r11=0000000000000075][1] R[r 8=0000000080001f3b] R[r 0=0000000000000000] inst=[00044583] lbu     a1, 0(s0)
C0:      17507 [1] pc=[00000000800008d8] W[r12=0000000080002440][1] R[r 0=0000000000000000] R[r19=0000000080002440] inst=[0000864e] c.mv    a2, s3
C0:      17508 [1] pc=[00000000800008da] W[r10=0000000080002150][1] R[r 0=0000000000000000] R[r18=0000000080002150] inst=[0000854a] c.mv    a0, s2
C0:      17509 [1] pc=[00000000800008dc] W[r 1=00000000800008e0][1] R[r 0=0000000000000000] R[r 0=0000000000000000] inst=[fa7ff0ef] jal     pc - 0x5a
C0:      17510 [1] pc=[0000000080000882] W[r15=fffffffffffffff5][1] R[r12=0000000080002440] R[r 0=0000000000000000] inst=[0000465c] c.lw    a5, 12(a2)
C0:      17512 [1] pc=[0000000080000884] W[r15=fffffffffffffff4][1] R[r15=fffffffffffffff5] R[r 0=0000000000000000] inst=[000037fd] c.addiw a5, -1
C0:      17513 [1] pc=[0000000080000886] W[r 0=0000000000000000][0] R[r12=0000000080002440] R[r15=fffffffffffffff4] inst=[0000c65c] c.sw    a5, 12(a2)
C0:      17514 [1] pc=[0000000080000888] W[r13=fffffff400000000][1] R[r15=fffffffffffffff4] R[r 0=0000000000000000] inst=[02079693] slli    a3, a5, 32
C0:      17515 [1] pc=[000000008000088c] W[r14=fffffffffffffff4][1] R[r15=fffffffffffffff4] R[r 0=0000000000000000] inst=[0007871b] sext.w  a4, a5
C0:      17516 [1] pc=[0000000080000890] W[r 0=0000000000000000][0] R[r13=fffffff400000000] R[r 0=0000000000000000] inst=[0006d963] bgez    a3, pc + 18
C0:      17517 [1] pc=[0000000080000894] W[r15=fffffffffffffc00][1] R[r12=0000000080002440] R[r 0=0000000000000000] inst=[0000561c] c.lw    a5, 40(a2)
C0:      17519 [1] pc=[0000000080000896] W[r 0=0000000000000000][0] R[r14=fffffffffffffff4] R[r15=fffffffffffffc00] inst=[00f74563] blt     a4, a5, pc + 10
C0:      17520 [1] pc=[000000008000089a] W[r15=000000000000000a][1] R[r 0=0000000000000000] R[r 0=0000000000000000] inst=[000047a9] c.li    a5, 10
C0:      17521 [1] pc=[000000008000089c] W[r 0=0000000000000000][0] R[r11=0000000000000075] R[r15=000000000000000a] inst=[00f59363] bne     a1, a5, pc + 6
C0:      17522 [1] pc=[00000000800008a2] W[r15=0000000080002663][1] R[r12=0000000080002440] R[r 0=0000000000000000] inst=[0000621c] c.ld    a5, 0(a2)
C0:      17523 [1] pc=[00000000800008a4] W[r10=0000000000000075][1] R[r 0=0000000000000000] R[r11=0000000000000075] inst=[0000852e] c.mv    a0, a1
C0:      17524 [1] pc=[00000000800008a6] W[r14=0000000080002664][1] R[r15=0000000080002663] R[r 0=0000000000000000] inst=[00178713] addi    a4, a5, 1
C0:      17525 [1] pc=[00000000800008aa] W[r 0=0000000000000000][0] R[r12=0000000080002440] R[r14=0000000080002664] inst=[0000e218] c.sd    a4, 0(a2)
C0:      17526 [1] pc=[00000000800008ac] W[r 0=0000000000000000][0] R[r15=0000000080002663] R[r11=0000000000000075] inst=[00b78023] sb      a1, 0(a5)
C0:      17527 [1] pc=[00000000800008b0] W[r 0=00000000800008b2][1] R[r 1=00000000800008e0] R[r 0=0000000000000000] inst=[00008082] ret
C0:      17528 [1] pc=[00000000800008e0] W[r 8=0000000080001f3c][1] R[r 8=0000000080001f3b] R[r 0=0000000000000000] inst=[00000405] c.addi  s0, 1
C0:      17529 [1] pc=[00000000800008e2] W[r 0=0000000000000000][0] R[r10=0000000000000075] R[r20=ffffffffffffffff] inst=[ff4515e3] bne     a0, s4, pc - 22
C0:      17530 [1] pc=[00000000800008cc] W[r 0=0000000000000000][0] R[r 8=0000000080001f3c] R[r 9=0000000080001f58] inst=[00941463] bne     s0, s1, pc + 8
C0:      17531 [1] pc=[00000000800008d4] W[r11=000000000000006c][1] R[r 8=0000000080001f3c] R[r 0=0000000000000000] inst=[00044583] lbu     a1, 0(s0)
C0:      17532 [1] pc=[00000000800008d8] W[r12=0000000080002440][1] R[r 0=0000000000000000] R[r19=0000000080002440] inst=[0000864e] c.mv    a2, s3
C0:      17533 [1] pc=[00000000800008da] W[r10=0000000080002150][1] R[r 0=0000000000000000] R[r18=0000000080002150] inst=[0000854a] c.mv    a0, s2
C0:      17534 [1] pc=[00000000800008dc] W[r 1=00000000800008e0][1] R[r 0=0000000000000000] R[r 0=0000000000000000] inst=[fa7ff0ef] jal     pc - 0x5a
C0:      17535 [1] pc=[0000000080000882] W[r15=fffffffffffffff4][1] R[r12=0000000080002440] R[r 0=0000000000000000] inst=[0000465c] c.lw    a5, 12(a2)
C0:      17537 [1] pc=[0000000080000884] W[r15=fffffffffffffff3][1] R[r15=fffffffffffffff4] R[r 0=0000000000000000] inst=[000037fd] c.addiw a5, -1
C0:      17538 [1] pc=[0000000080000886] W[r 0=0000000000000000][0] R[r12=0000000080002440] R[r15=fffffffffffffff3] inst=[0000c65c] c.sw    a5, 12(a2)
C0:      17539 [1] pc=[0000000080000888] W[r13=fffffff300000000][1] R[r15=fffffffffffffff3] R[r 0=0000000000000000] inst=[02079693] slli    a3, a5, 32
C0:      17540 [1] pc=[000000008000088c] W[r14=fffffffffffffff3][1] R[r15=fffffffffffffff3] R[r 0=0000000000000000] inst=[0007871b] sext.w  a4, a5
C0:      17541 [1] pc=[0000000080000890] W[r 0=0000000000000000][0] R[r13=fffffff300000000] R[r 0=0000000000000000] inst=[0006d963] bgez    a3, pc + 18
C0:      17542 [1] pc=[0000000080000894] W[r15=fffffffffffffc00][1] R[r12=0000000080002440] R[r 0=0000000000000000] inst=[0000561c] c.lw    a5, 40(a2)
C0:      17544 [1] pc=[0000000080000896] W[r 0=0000000000000000][0] R[r14=fffffffffffffff3] R[r15=fffffffffffffc00] inst=[00f74563] blt     a4, a5, pc + 10
C0:      17545 [1] pc=[000000008000089a] W[r15=000000000000000a][1] R[r 0=0000000000000000] R[r 0=0000000000000000] inst=[000047a9] c.li    a5, 10
C0:      17546 [1] pc=[000000008000089c] W[r 0=0000000000000000][0] R[r11=000000000000006c] R[r15=000000000000000a] inst=[00f59363] bne     a1, a5, pc + 6
C0:      17547 [1] pc=[00000000800008a2] W[r15=0000000080002664][1] R[r12=0000000080002440] R[r 0=0000000000000000] inst=[0000621c] c.ld    a5, 0(a2)
C0:      17548 [1] pc=[00000000800008a4] W[r10=000000000000006c][1] R[r 0=0000000000000000] R[r11=000000000000006c] inst=[0000852e] c.mv    a0, a1
C0:      17549 [1] pc=[00000000800008a6] W[r14=0000000080002665][1] R[r15=0000000080002664] R[r 0=0000000000000000] inst=[00178713] addi    a4, a5, 1
C0:      17550 [1] pc=[00000000800008aa] W[r 0=0000000000000000][0] R[r12=0000000080002440] R[r14=0000000080002665] inst=[0000e218] c.sd    a4, 0(a2)
C0:      17551 [1] pc=[00000000800008ac] W[r 0=0000000000000000][0] R[r15=0000000080002664] R[r11=000000000000006c] inst=[00b78023] sb      a1, 0(a5)
C0:      17552 [1] pc=[00000000800008b0] W[r 0=00000000800008b2][1] R[r 1=00000000800008e0] R[r 0=0000000000000000] inst=[00008082] ret
C0:      17553 [1] pc=[00000000800008e0] W[r 8=0000000080001f3d][1] R[r 8=0000000080001f3c] R[r 0=0000000000000000] inst=[00000405] c.addi  s0, 1
C0:      17554 [1] pc=[00000000800008e2] W[r 0=0000000000000000][0] R[r10=000000000000006c] R[r20=ffffffffffffffff] inst=[ff4515e3] bne     a0, s4, pc - 22
C0:      17555 [1] pc=[00000000800008cc] W[r 0=0000000000000000][0] R[r 8=0000000080001f3d] R[r 9=0000000080001f58] inst=[00941463] bne     s0, s1, pc + 8
C0:      17556 [1] pc=[00000000800008d4] W[r11=0000000000000074][1] R[r 8=0000000080001f3d] R[r 0=0000000000000000] inst=[00044583] lbu     a1, 0(s0)
C0:      17557 [1] pc=[00000000800008d8] W[r12=0000000080002440][1] R[r 0=0000000000000000] R[r19=0000000080002440] inst=[0000864e] c.mv    a2, s3
C0:      17558 [1] pc=[00000000800008da] W[r10=0000000080002150][1] R[r 0=0000000000000000] R[r18=0000000080002150] inst=[0000854a] c.mv    a0, s2
C0:      17559 [1] pc=[00000000800008dc] W[r 1=00000000800008e0][1] R[r 0=0000000000000000] R[r 0=0000000000000000] inst=[fa7ff0ef] jal     pc - 0x5a
C0:      17560 [1] pc=[0000000080000882] W[r15=fffffffffffffff3][1] R[r12=0000000080002440] R[r 0=0000000000000000] inst=[0000465c] c.lw    a5, 12(a2)
C0:      17562 [1] pc=[0000000080000884] W[r15=fffffffffffffff2][1] R[r15=fffffffffffffff3] R[r 0=0000000000000000] inst=[000037fd] c.addiw a5, -1
C0:      17563 [1] pc=[0000000080000886] W[r 0=0000000000000000][0] R[r12=0000000080002440] R[r15=fffffffffffffff2] inst=[0000c65c] c.sw    a5, 12(a2)
C0:      17564 [1] pc=[0000000080000888] W[r13=fffffff200000000][1] R[r15=fffffffffffffff2] R[r 0=0000000000000000] inst=[02079693] slli    a3, a5, 32
C0:      17565 [1] pc=[000000008000088c] W[r14=fffffffffffffff2][1] R[r15=fffffffffffffff2] R[r 0=0000000000000000] inst=[0007871b] sext.w  a4, a5
C0:      17566 [1] pc=[0000000080000890] W[r 0=0000000000000000][0] R[r13=fffffff200000000] R[r 0=0000000000000000] inst=[0006d963] bgez    a3, pc + 18
C0:      17567 [1] pc=[0000000080000894] W[r15=fffffffffffffc00][1] R[r12=0000000080002440] R[r 0=0000000000000000] inst=[0000561c] c.lw    a5, 40(a2)
C0:      17569 [1] pc=[0000000080000896] W[r 0=0000000000000000][0] R[r14=fffffffffffffff2] R[r15=fffffffffffffc00] inst=[00f74563] blt     a4, a5, pc + 10
C0:      17570 [1] pc=[000000008000089a] W[r15=000000000000000a][1] R[r 0=0000000000000000] R[r 0=0000000000000000] inst=[000047a9] c.li    a5, 10
C0:      17571 [1] pc=[000000008000089c] W[r 0=0000000000000000][0] R[r11=0000000000000074] R[r15=000000000000000a] inst=[00f59363] bne     a1, a5, pc + 6
C0:      17572 [1] pc=[00000000800008a2] W[r15=0000000080002665][1] R[r12=0000000080002440] R[r 0=0000000000000000] inst=[0000621c] c.ld    a5, 0(a2)
C0:      17573 [1] pc=[00000000800008a4] W[r10=0000000000000074][1] R[r 0=0000000000000000] R[r11=0000000000000074] inst=[0000852e] c.mv    a0, a1
C0:      17574 [1] pc=[00000000800008a6] W[r14=0000000080002666][1] R[r15=0000000080002665] R[r 0=0000000000000000] inst=[00178713] addi    a4, a5, 1
C0:      17575 [1] pc=[00000000800008aa] W[r 0=0000000000000000][0] R[r12=0000000080002440] R[r14=0000000080002666] inst=[0000e218] c.sd    a4, 0(a2)
C0:      17576 [1] pc=[00000000800008ac] W[r 0=0000000000000000][0] R[r15=0000000080002665] R[r11=0000000000000074] inst=[00b78023] sb      a1, 0(a5)
C0:      17577 [1] pc=[00000000800008b0] W[r 0=00000000800008b2][1] R[r 1=00000000800008e0] R[r 0=0000000000000000] inst=[00008082] ret
C0:      17578 [1] pc=[00000000800008e0] W[r 8=0000000080001f3e][1] R[r 8=0000000080001f3d] R[r 0=0000000000000000] inst=[00000405] c.addi  s0, 1
C0:      17579 [1] pc=[00000000800008e2] W[r 0=0000000000000000][0] R[r10=0000000000000074] R[r20=ffffffffffffffff] inst=[ff4515e3] bne     a0, s4, pc - 22
C0:      17580 [1] pc=[00000000800008cc] W[r 0=0000000000000000][0] R[r 8=0000000080001f3e] R[r 9=0000000080001f58] inst=[00941463] bne     s0, s1, pc + 8
C0:      17581 [1] pc=[00000000800008d4] W[r11=0000000000000069][1] R[r 8=0000000080001f3e] R[r 0=0000000000000000] inst=[00044583] lbu     a1, 0(s0)
C0:      17582 [1] pc=[00000000800008d8] W[r12=0000000080002440][1] R[r 0=0000000000000000] R[r19=0000000080002440] inst=[0000864e] c.mv    a2, s3
C0:      17583 [1] pc=[00000000800008da] W[r10=0000000080002150][1] R[r 0=0000000000000000] R[r18=0000000080002150] inst=[0000854a] c.mv    a0, s2
C0:      17584 [1] pc=[00000000800008dc] W[r 1=00000000800008e0][1] R[r 0=0000000000000000] R[r 0=0000000000000000] inst=[fa7ff0ef] jal     pc - 0x5a
C0:      17585 [1] pc=[0000000080000882] W[r15=fffffffffffffff2][1] R[r12=0000000080002440] R[r 0=0000000000000000] inst=[0000465c] c.lw    a5, 12(a2)
C0:      17587 [1] pc=[0000000080000884] W[r15=fffffffffffffff1][1] R[r15=fffffffffffffff2] R[r 0=0000000000000000] inst=[000037fd] c.addiw a5, -1
C0:      17588 [1] pc=[0000000080000886] W[r 0=0000000000000000][0] R[r12=0000000080002440] R[r15=fffffffffffffff1] inst=[0000c65c] c.sw    a5, 12(a2)
C0:      17589 [1] pc=[0000000080000888] W[r13=fffffff100000000][1] R[r15=fffffffffffffff1] R[r 0=0000000000000000] inst=[02079693] slli    a3, a5, 32
C0:      17590 [1] pc=[000000008000088c] W[r14=fffffffffffffff1][1] R[r15=fffffffffffffff1] R[r 0=0000000000000000] inst=[0007871b] sext.w  a4, a5
C0:      17591 [1] pc=[0000000080000890] W[r 0=0000000000000000][0] R[r13=fffffff100000000] R[r 0=0000000000000000] inst=[0006d963] bgez    a3, pc + 18
C0:      17592 [1] pc=[0000000080000894] W[r15=fffffffffffffc00][1] R[r12=0000000080002440] R[r 0=0000000000000000] inst=[0000561c] c.lw    a5, 40(a2)
C0:      17594 [1] pc=[0000000080000896] W[r 0=0000000000000000][0] R[r14=fffffffffffffff1] R[r15=fffffffffffffc00] inst=[00f74563] blt     a4, a5, pc + 10
C0:      17595 [1] pc=[000000008000089a] W[r15=000000000000000a][1] R[r 0=0000000000000000] R[r 0=0000000000000000] inst=[000047a9] c.li    a5, 10
C0:      17596 [1] pc=[000000008000089c] W[r 0=0000000000000000][0] R[r11=0000000000000069] R[r15=000000000000000a] inst=[00f59363] bne     a1, a5, pc + 6
C0:      17597 [1] pc=[00000000800008a2] W[r15=0000000080002666][1] R[r12=0000000080002440] R[r 0=0000000000000000] inst=[0000621c] c.ld    a5, 0(a2)
C0:      17598 [1] pc=[00000000800008a4] W[r10=0000000000000069][1] R[r 0=0000000000000000] R[r11=0000000000000069] inst=[0000852e] c.mv    a0, a1
C0:      17599 [1] pc=[00000000800008a6] W[r14=0000000080002667][1] R[r15=0000000080002666] R[r 0=0000000000000000] inst=[00178713] addi    a4, a5, 1
C0:      17600 [1] pc=[00000000800008aa] W[r 0=0000000000000000][0] R[r12=0000000080002440] R[r14=0000000080002667] inst=[0000e218] c.sd    a4, 0(a2)
C0:      17601 [1] pc=[00000000800008ac] W[r 0=0000000000000000][0] R[r15=0000000080002666] R[r11=0000000000000069] inst=[00b78023] sb      a1, 0(a5)
C0:      17602 [1] pc=[00000000800008b0] W[r 0=00000000800008b2][1] R[r 1=00000000800008e0] R[r 0=0000000000000000] inst=[00008082] ret
C0:      17603 [1] pc=[00000000800008e0] W[r 8=0000000080001f3f][1] R[r 8=0000000080001f3e] R[r 0=0000000000000000] inst=[00000405] c.addi  s0, 1
C0:      17604 [1] pc=[00000000800008e2] W[r 0=0000000000000000][0] R[r10=0000000000000069] R[r20=ffffffffffffffff] inst=[ff4515e3] bne     a0, s4, pc - 22
C0:      17605 [1] pc=[00000000800008cc] W[r 0=0000000000000000][0] R[r 8=0000000080001f3f] R[r 9=0000000080001f58] inst=[00941463] bne     s0, s1, pc + 8
C0:      17606 [1] pc=[00000000800008d4] W[r11=0000000000000070][1] R[r 8=0000000080001f3f] R[r 0=0000000000000000] inst=[00044583] lbu     a1, 0(s0)
C0:      17607 [1] pc=[00000000800008d8] W[r12=0000000080002440][1] R[r 0=0000000000000000] R[r19=0000000080002440] inst=[0000864e] c.mv    a2, s3
C0:      17608 [1] pc=[00000000800008da] W[r10=0000000080002150][1] R[r 0=0000000000000000] R[r18=0000000080002150] inst=[0000854a] c.mv    a0, s2
C0:      17609 [1] pc=[00000000800008dc] W[r 1=00000000800008e0][1] R[r 0=0000000000000000] R[r 0=0000000000000000] inst=[fa7ff0ef] jal     pc - 0x5a
C0:      17610 [1] pc=[0000000080000882] W[r15=fffffffffffffff1][1] R[r12=0000000080002440] R[r 0=0000000000000000] inst=[0000465c] c.lw    a5, 12(a2)
C0:      17612 [1] pc=[0000000080000884] W[r15=fffffffffffffff0][1] R[r15=fffffffffffffff1] R[r 0=0000000000000000] inst=[000037fd] c.addiw a5, -1
C0:      17613 [1] pc=[0000000080000886] W[r 0=0000000000000000][0] R[r12=0000000080002440] R[r15=fffffffffffffff0] inst=[0000c65c] c.sw    a5, 12(a2)
C0:      17614 [1] pc=[0000000080000888] W[r13=fffffff000000000][1] R[r15=fffffffffffffff0] R[r 0=0000000000000000] inst=[02079693] slli    a3, a5, 32
C0:      17615 [1] pc=[000000008000088c] W[r14=fffffffffffffff0][1] R[r15=fffffffffffffff0] R[r 0=0000000000000000] inst=[0007871b] sext.w  a4, a5
C0:      17616 [1] pc=[0000000080000890] W[r 0=0000000000000000][0] R[r13=fffffff000000000] R[r 0=0000000000000000] inst=[0006d963] bgez    a3, pc + 18
C0:      17617 [1] pc=[0000000080000894] W[r15=fffffffffffffc00][1] R[r12=0000000080002440] R[r 0=0000000000000000] inst=[0000561c] c.lw    a5, 40(a2)
C0:      17619 [1] pc=[0000000080000896] W[r 0=0000000000000000][0] R[r14=fffffffffffffff0] R[r15=fffffffffffffc00] inst=[00f74563] blt     a4, a5, pc + 10
C0:      17620 [1] pc=[000000008000089a] W[r15=000000000000000a][1] R[r 0=0000000000000000] R[r 0=0000000000000000] inst=[000047a9] c.li    a5, 10
C0:      17621 [1] pc=[000000008000089c] W[r 0=0000000000000000][0] R[r11=0000000000000070] R[r15=000000000000000a] inst=[00f59363] bne     a1, a5, pc + 6
C0:      17622 [1] pc=[00000000800008a2] W[r15=0000000080002667][1] R[r12=0000000080002440] R[r 0=0000000000000000] inst=[0000621c] c.ld    a5, 0(a2)
C0:      17623 [1] pc=[00000000800008a4] W[r10=0000000000000070][1] R[r 0=0000000000000000] R[r11=0000000000000070] inst=[0000852e] c.mv    a0, a1
C0:      17624 [1] pc=[00000000800008a6] W[r14=0000000080002668][1] R[r15=0000000080002667] R[r 0=0000000000000000] inst=[00178713] addi    a4, a5, 1
C0:      17625 [1] pc=[00000000800008aa] W[r 0=0000000000000000][0] R[r12=0000000080002440] R[r14=0000000080002668] inst=[0000e218] c.sd    a4, 0(a2)
C0:      17626 [1] pc=[00000000800008ac] W[r 0=0000000000000000][0] R[r15=0000000080002667] R[r11=0000000000000070] inst=[00b78023] sb      a1, 0(a5)
C0:      17627 [1] pc=[00000000800008b0] W[r 0=00000000800008b2][1] R[r 1=00000000800008e0] R[r 0=0000000000000000] inst=[00008082] ret
C0:      17628 [1] pc=[00000000800008e0] W[r 8=0000000080001f40][1] R[r 8=0000000080001f3f] R[r 0=0000000000000000] inst=[00000405] c.addi  s0, 1
C0:      17629 [1] pc=[00000000800008e2] W[r 0=0000000000000000][0] R[r10=0000000000000070] R[r20=ffffffffffffffff] inst=[ff4515e3] bne     a0, s4, pc - 22
C0:      17630 [1] pc=[00000000800008cc] W[r 0=0000000000000000][0] R[r 8=0000000080001f40] R[r 9=0000000080001f58] inst=[00941463] bne     s0, s1, pc + 8
C0:      17631 [1] pc=[00000000800008d4] W[r11=000000000000006c][1] R[r 8=0000000080001f40] R[r 0=0000000000000000] inst=[00044583] lbu     a1, 0(s0)
C0:      17632 [1] pc=[00000000800008d8] W[r12=0000000080002440][1] R[r 0=0000000000000000] R[r19=0000000080002440] inst=[0000864e] c.mv    a2, s3
C0:      17633 [1] pc=[00000000800008da] W[r10=0000000080002150][1] R[r 0=0000000000000000] R[r18=0000000080002150] inst=[0000854a] c.mv    a0, s2
C0:      17634 [1] pc=[00000000800008dc] W[r 1=00000000800008e0][1] R[r 0=0000000000000000] R[r 0=0000000000000000] inst=[fa7ff0ef] jal     pc - 0x5a
C0:      17635 [1] pc=[0000000080000882] W[r15=fffffffffffffff0][1] R[r12=0000000080002440] R[r 0=0000000000000000] inst=[0000465c] c.lw    a5, 12(a2)
C0:      17637 [1] pc=[0000000080000884] W[r15=ffffffffffffffef][1] R[r15=fffffffffffffff0] R[r 0=0000000000000000] inst=[000037fd] c.addiw a5, -1
C0:      17638 [1] pc=[0000000080000886] W[r 0=0000000000000000][0] R[r12=0000000080002440] R[r15=ffffffffffffffef] inst=[0000c65c] c.sw    a5, 12(a2)
C0:      17639 [1] pc=[0000000080000888] W[r13=ffffffef00000000][1] R[r15=ffffffffffffffef] R[r 0=0000000000000000] inst=[02079693] slli    a3, a5, 32
C0:      17640 [1] pc=[000000008000088c] W[r14=ffffffffffffffef][1] R[r15=ffffffffffffffef] R[r 0=0000000000000000] inst=[0007871b] sext.w  a4, a5
C0:      17641 [1] pc=[0000000080000890] W[r 0=0000000000000000][0] R[r13=ffffffef00000000] R[r 0=0000000000000000] inst=[0006d963] bgez    a3, pc + 18
C0:      17642 [1] pc=[0000000080000894] W[r15=fffffffffffffc00][1] R[r12=0000000080002440] R[r 0=0000000000000000] inst=[0000561c] c.lw    a5, 40(a2)
C0:      17644 [1] pc=[0000000080000896] W[r 0=0000000000000000][0] R[r14=ffffffffffffffef] R[r15=fffffffffffffc00] inst=[00f74563] blt     a4, a5, pc + 10
C0:      17645 [1] pc=[000000008000089a] W[r15=000000000000000a][1] R[r 0=0000000000000000] R[r 0=0000000000000000] inst=[000047a9] c.li    a5, 10
C0:      17646 [1] pc=[000000008000089c] W[r 0=0000000000000000][0] R[r11=000000000000006c] R[r15=000000000000000a] inst=[00f59363] bne     a1, a5, pc + 6
C0:      17647 [1] pc=[00000000800008a2] W[r15=0000000080002668][1] R[r12=0000000080002440] R[r 0=0000000000000000] inst=[0000621c] c.ld    a5, 0(a2)
C0:      17648 [1] pc=[00000000800008a4] W[r10=000000000000006c][1] R[r 0=0000000000000000] R[r11=000000000000006c] inst=[0000852e] c.mv    a0, a1
C0:      17649 [1] pc=[00000000800008a6] W[r14=0000000080002669][1] R[r15=0000000080002668] R[r 0=0000000000000000] inst=[00178713] addi    a4, a5, 1
C0:      17650 [1] pc=[00000000800008aa] W[r 0=0000000000000000][0] R[r12=0000000080002440] R[r14=0000000080002669] inst=[0000e218] c.sd    a4, 0(a2)
C0:      17651 [1] pc=[00000000800008ac] W[r 0=0000000000000000][0] R[r15=0000000080002668] R[r11=000000000000006c] inst=[00b78023] sb      a1, 0(a5)
C0:      17652 [1] pc=[00000000800008b0] W[r 0=00000000800008b2][1] R[r 1=00000000800008e0] R[r 0=0000000000000000] inst=[00008082] ret
C0:      17653 [1] pc=[00000000800008e0] W[r 8=0000000080001f41][1] R[r 8=0000000080001f40] R[r 0=0000000000000000] inst=[00000405] c.addi  s0, 1
C0:      17654 [1] pc=[00000000800008e2] W[r 0=0000000000000000][0] R[r10=000000000000006c] R[r20=ffffffffffffffff] inst=[ff4515e3] bne     a0, s4, pc - 22
C0:      17655 [1] pc=[00000000800008cc] W[r 0=0000000000000000][0] R[r 8=0000000080001f41] R[r 9=0000000080001f58] inst=[00941463] bne     s0, s1, pc + 8
C0:      17656 [1] pc=[00000000800008d4] W[r11=0000000000000069][1] R[r 8=0000000080001f41] R[r 0=0000000000000000] inst=[00044583] lbu     a1, 0(s0)
C0:      17657 [1] pc=[00000000800008d8] W[r12=0000000080002440][1] R[r 0=0000000000000000] R[r19=0000000080002440] inst=[0000864e] c.mv    a2, s3
C0:      17658 [1] pc=[00000000800008da] W[r10=0000000080002150][1] R[r 0=0000000000000000] R[r18=0000000080002150] inst=[0000854a] c.mv    a0, s2
C0:      17659 [1] pc=[00000000800008dc] W[r 1=00000000800008e0][1] R[r 0=0000000000000000] R[r 0=0000000000000000] inst=[fa7ff0ef] jal     pc - 0x5a
C0:      17660 [1] pc=[0000000080000882] W[r15=ffffffffffffffef][1] R[r12=0000000080002440] R[r 0=0000000000000000] inst=[0000465c] c.lw    a5, 12(a2)
C0:      17662 [1] pc=[0000000080000884] W[r15=ffffffffffffffee][1] R[r15=ffffffffffffffef] R[r 0=0000000000000000] inst=[000037fd] c.addiw a5, -1
C0:      17663 [1] pc=[0000000080000886] W[r 0=0000000000000000][0] R[r12=0000000080002440] R[r15=ffffffffffffffee] inst=[0000c65c] c.sw    a5, 12(a2)
C0:      17664 [1] pc=[0000000080000888] W[r13=ffffffee00000000][1] R[r15=ffffffffffffffee] R[r 0=0000000000000000] inst=[02079693] slli    a3, a5, 32
C0:      17665 [1] pc=[000000008000088c] W[r14=ffffffffffffffee][1] R[r15=ffffffffffffffee] R[r 0=0000000000000000] inst=[0007871b] sext.w  a4, a5
C0:      17666 [1] pc=[0000000080000890] W[r 0=0000000000000000][0] R[r13=ffffffee00000000] R[r 0=0000000000000000] inst=[0006d963] bgez    a3, pc + 18
C0:      17667 [1] pc=[0000000080000894] W[r15=fffffffffffffc00][1] R[r12=0000000080002440] R[r 0=0000000000000000] inst=[0000561c] c.lw    a5, 40(a2)
C0:      17669 [1] pc=[0000000080000896] W[r 0=0000000000000000][0] R[r14=ffffffffffffffee] R[r15=fffffffffffffc00] inst=[00f74563] blt     a4, a5, pc + 10
C0:      17670 [1] pc=[000000008000089a] W[r15=000000000000000a][1] R[r 0=0000000000000000] R[r 0=0000000000000000] inst=[000047a9] c.li    a5, 10
C0:      17671 [1] pc=[000000008000089c] W[r 0=0000000000000000][0] R[r11=0000000000000069] R[r15=000000000000000a] inst=[00f59363] bne     a1, a5, pc + 6
C0:      17672 [1] pc=[00000000800008a2] W[r15=0000000080002669][1] R[r12=0000000080002440] R[r 0=0000000000000000] inst=[0000621c] c.ld    a5, 0(a2)
C0:      17673 [1] pc=[00000000800008a4] W[r10=0000000000000069][1] R[r 0=0000000000000000] R[r11=0000000000000069] inst=[0000852e] c.mv    a0, a1
C0:      17674 [1] pc=[00000000800008a6] W[r14=000000008000266a][1] R[r15=0000000080002669] R[r 0=0000000000000000] inst=[00178713] addi    a4, a5, 1
C0:      17675 [1] pc=[00000000800008aa] W[r 0=0000000000000000][0] R[r12=0000000080002440] R[r14=000000008000266a] inst=[0000e218] c.sd    a4, 0(a2)
C0:      17676 [1] pc=[00000000800008ac] W[r 0=0000000000000000][0] R[r15=0000000080002669] R[r11=0000000000000069] inst=[00b78023] sb      a1, 0(a5)
C0:      17677 [1] pc=[00000000800008b0] W[r 0=00000000800008b2][1] R[r 1=00000000800008e0] R[r 0=0000000000000000] inst=[00008082] ret
C0:      17678 [1] pc=[00000000800008e0] W[r 8=0000000080001f42][1] R[r 8=0000000080001f41] R[r 0=0000000000000000] inst=[00000405] c.addi  s0, 1
C0:      17679 [1] pc=[00000000800008e2] W[r 0=0000000000000000][0] R[r10=0000000000000069] R[r20=ffffffffffffffff] inst=[ff4515e3] bne     a0, s4, pc - 22
C0:      17680 [1] pc=[00000000800008cc] W[r 0=0000000000000000][0] R[r 8=0000000080001f42] R[r 9=0000000080001f58] inst=[00941463] bne     s0, s1, pc + 8
C0:      17681 [1] pc=[00000000800008d4] W[r11=0000000000000063][1] R[r 8=0000000080001f42] R[r 0=0000000000000000] inst=[00044583] lbu     a1, 0(s0)
C0:      17682 [1] pc=[00000000800008d8] W[r12=0000000080002440][1] R[r 0=0000000000000000] R[r19=0000000080002440] inst=[0000864e] c.mv    a2, s3
C0:      17683 [1] pc=[00000000800008da] W[r10=0000000080002150][1] R[r 0=0000000000000000] R[r18=0000000080002150] inst=[0000854a] c.mv    a0, s2
C0:      17684 [1] pc=[00000000800008dc] W[r 1=00000000800008e0][1] R[r 0=0000000000000000] R[r 0=0000000000000000] inst=[fa7ff0ef] jal     pc - 0x5a
C0:      17685 [1] pc=[0000000080000882] W[r15=ffffffffffffffee][1] R[r12=0000000080002440] R[r 0=0000000000000000] inst=[0000465c] c.lw    a5, 12(a2)
C0:      17687 [1] pc=[0000000080000884] W[r15=ffffffffffffffed][1] R[r15=ffffffffffffffee] R[r 0=0000000000000000] inst=[000037fd] c.addiw a5, -1
C0:      17688 [1] pc=[0000000080000886] W[r 0=0000000000000000][0] R[r12=0000000080002440] R[r15=ffffffffffffffed] inst=[0000c65c] c.sw    a5, 12(a2)
C0:      17689 [1] pc=[0000000080000888] W[r13=ffffffed00000000][1] R[r15=ffffffffffffffed] R[r 0=0000000000000000] inst=[02079693] slli    a3, a5, 32
C0:      17690 [1] pc=[000000008000088c] W[r14=ffffffffffffffed][1] R[r15=ffffffffffffffed] R[r 0=0000000000000000] inst=[0007871b] sext.w  a4, a5
C0:      17691 [1] pc=[0000000080000890] W[r 0=0000000000000000][0] R[r13=ffffffed00000000] R[r 0=0000000000000000] inst=[0006d963] bgez    a3, pc + 18
C0:      17692 [1] pc=[0000000080000894] W[r15=fffffffffffffc00][1] R[r12=0000000080002440] R[r 0=0000000000000000] inst=[0000561c] c.lw    a5, 40(a2)
C0:      17694 [1] pc=[0000000080000896] W[r 0=0000000000000000][0] R[r14=ffffffffffffffed] R[r15=fffffffffffffc00] inst=[00f74563] blt     a4, a5, pc + 10
C0:      17695 [1] pc=[000000008000089a] W[r15=000000000000000a][1] R[r 0=0000000000000000] R[r 0=0000000000000000] inst=[000047a9] c.li    a5, 10
C0:      17696 [1] pc=[000000008000089c] W[r 0=0000000000000000][0] R[r11=0000000000000063] R[r15=000000000000000a] inst=[00f59363] bne     a1, a5, pc + 6
C0:      17697 [1] pc=[00000000800008a2] W[r15=000000008000266a][1] R[r12=0000000080002440] R[r 0=0000000000000000] inst=[0000621c] c.ld    a5, 0(a2)
C0:      17698 [1] pc=[00000000800008a4] W[r10=0000000000000063][1] R[r 0=0000000000000000] R[r11=0000000000000063] inst=[0000852e] c.mv    a0, a1
C0:      17699 [1] pc=[00000000800008a6] W[r14=000000008000266b][1] R[r15=000000008000266a] R[r 0=0000000000000000] inst=[00178713] addi    a4, a5, 1
C0:      17700 [1] pc=[00000000800008aa] W[r 0=0000000000000000][0] R[r12=0000000080002440] R[r14=000000008000266b] inst=[0000e218] c.sd    a4, 0(a2)
C0:      17701 [1] pc=[00000000800008ac] W[r 0=0000000000000000][0] R[r15=000000008000266a] R[r11=0000000000000063] inst=[00b78023] sb      a1, 0(a5)
C0:      17702 [1] pc=[00000000800008b0] W[r 0=00000000800008b2][1] R[r 1=00000000800008e0] R[r 0=0000000000000000] inst=[00008082] ret
C0:      17703 [1] pc=[00000000800008e0] W[r 8=0000000080001f43][1] R[r 8=0000000080001f42] R[r 0=0000000000000000] inst=[00000405] c.addi  s0, 1
C0:      17704 [1] pc=[00000000800008e2] W[r 0=0000000000000000][0] R[r10=0000000000000063] R[r20=ffffffffffffffff] inst=[ff4515e3] bne     a0, s4, pc - 22
C0:      17705 [1] pc=[00000000800008cc] W[r 0=0000000000000000][0] R[r 8=0000000080001f43] R[r 9=0000000080001f58] inst=[00941463] bne     s0, s1, pc + 8
C0:      17706 [1] pc=[00000000800008d4] W[r11=0000000000000061][1] R[r 8=0000000080001f43] R[r 0=0000000000000000] inst=[00044583] lbu     a1, 0(s0)
C0:      17707 [1] pc=[00000000800008d8] W[r12=0000000080002440][1] R[r 0=0000000000000000] R[r19=0000000080002440] inst=[0000864e] c.mv    a2, s3
C0:      17708 [1] pc=[00000000800008da] W[r10=0000000080002150][1] R[r 0=0000000000000000] R[r18=0000000080002150] inst=[0000854a] c.mv    a0, s2
C0:      17709 [1] pc=[00000000800008dc] W[r 1=00000000800008e0][1] R[r 0=0000000000000000] R[r 0=0000000000000000] inst=[fa7ff0ef] jal     pc - 0x5a
C0:      17710 [1] pc=[0000000080000882] W[r15=ffffffffffffffed][1] R[r12=0000000080002440] R[r 0=0000000000000000] inst=[0000465c] c.lw    a5, 12(a2)
C0:      17712 [1] pc=[0000000080000884] W[r15=ffffffffffffffec][1] R[r15=ffffffffffffffed] R[r 0=0000000000000000] inst=[000037fd] c.addiw a5, -1
C0:      17713 [1] pc=[0000000080000886] W[r 0=0000000000000000][0] R[r12=0000000080002440] R[r15=ffffffffffffffec] inst=[0000c65c] c.sw    a5, 12(a2)
C0:      17714 [1] pc=[0000000080000888] W[r13=ffffffec00000000][1] R[r15=ffffffffffffffec] R[r 0=0000000000000000] inst=[02079693] slli    a3, a5, 32
C0:      17715 [1] pc=[000000008000088c] W[r14=ffffffffffffffec][1] R[r15=ffffffffffffffec] R[r 0=0000000000000000] inst=[0007871b] sext.w  a4, a5
C0:      17716 [1] pc=[0000000080000890] W[r 0=0000000000000000][0] R[r13=ffffffec00000000] R[r 0=0000000000000000] inst=[0006d963] bgez    a3, pc + 18
C0:      17717 [1] pc=[0000000080000894] W[r15=fffffffffffffc00][1] R[r12=0000000080002440] R[r 0=0000000000000000] inst=[0000561c] c.lw    a5, 40(a2)
C0:      17719 [1] pc=[0000000080000896] W[r 0=0000000000000000][0] R[r14=ffffffffffffffec] R[r15=fffffffffffffc00] inst=[00f74563] blt     a4, a5, pc + 10
C0:      17720 [1] pc=[000000008000089a] W[r15=000000000000000a][1] R[r 0=0000000000000000] R[r 0=0000000000000000] inst=[000047a9] c.li    a5, 10
C0:      17721 [1] pc=[000000008000089c] W[r 0=0000000000000000][0] R[r11=0000000000000061] R[r15=000000000000000a] inst=[00f59363] bne     a1, a5, pc + 6
C0:      17722 [1] pc=[00000000800008a2] W[r15=000000008000266b][1] R[r12=0000000080002440] R[r 0=0000000000000000] inst=[0000621c] c.ld    a5, 0(a2)
C0:      17723 [1] pc=[00000000800008a4] W[r10=0000000000000061][1] R[r 0=0000000000000000] R[r11=0000000000000061] inst=[0000852e] c.mv    a0, a1
C0:      17724 [1] pc=[00000000800008a6] W[r14=000000008000266c][1] R[r15=000000008000266b] R[r 0=0000000000000000] inst=[00178713] addi    a4, a5, 1
C0:      17725 [1] pc=[00000000800008aa] W[r 0=0000000000000000][0] R[r12=0000000080002440] R[r14=000000008000266c] inst=[0000e218] c.sd    a4, 0(a2)
C0:      17726 [1] pc=[00000000800008ac] W[r 0=0000000000000000][0] R[r15=000000008000266b] R[r11=0000000000000061] inst=[00b78023] sb      a1, 0(a5)
C0:      17727 [1] pc=[00000000800008b0] W[r 0=00000000800008b2][1] R[r 1=00000000800008e0] R[r 0=0000000000000000] inst=[00008082] ret
C0:      17728 [1] pc=[00000000800008e0] W[r 8=0000000080001f44][1] R[r 8=0000000080001f43] R[r 0=0000000000000000] inst=[00000405] c.addi  s0, 1
C0:      17729 [1] pc=[00000000800008e2] W[r 0=0000000000000000][0] R[r10=0000000000000061] R[r20=ffffffffffffffff] inst=[ff4515e3] bne     a0, s4, pc - 22
C0:      17730 [1] pc=[00000000800008cc] W[r 0=0000000000000000][0] R[r 8=0000000080001f44] R[r 9=0000000080001f58] inst=[00941463] bne     s0, s1, pc + 8
C0:      17731 [1] pc=[00000000800008d4] W[r11=0000000000000074][1] R[r 8=0000000080001f44] R[r 0=0000000000000000] inst=[00044583] lbu     a1, 0(s0)
C0:      17732 [1] pc=[00000000800008d8] W[r12=0000000080002440][1] R[r 0=0000000000000000] R[r19=0000000080002440] inst=[0000864e] c.mv    a2, s3
C0:      17733 [1] pc=[00000000800008da] W[r10=0000000080002150][1] R[r 0=0000000000000000] R[r18=0000000080002150] inst=[0000854a] c.mv    a0, s2
C0:      17734 [1] pc=[00000000800008dc] W[r 1=00000000800008e0][1] R[r 0=0000000000000000] R[r 0=0000000000000000] inst=[fa7ff0ef] jal     pc - 0x5a
C0:      17735 [1] pc=[0000000080000882] W[r15=ffffffffffffffec][1] R[r12=0000000080002440] R[r 0=0000000000000000] inst=[0000465c] c.lw    a5, 12(a2)
C0:      17737 [1] pc=[0000000080000884] W[r15=ffffffffffffffeb][1] R[r15=ffffffffffffffec] R[r 0=0000000000000000] inst=[000037fd] c.addiw a5, -1
C0:      17738 [1] pc=[0000000080000886] W[r 0=0000000000000000][0] R[r12=0000000080002440] R[r15=ffffffffffffffeb] inst=[0000c65c] c.sw    a5, 12(a2)
C0:      17739 [1] pc=[0000000080000888] W[r13=ffffffeb00000000][1] R[r15=ffffffffffffffeb] R[r 0=0000000000000000] inst=[02079693] slli    a3, a5, 32
C0:      17740 [1] pc=[000000008000088c] W[r14=ffffffffffffffeb][1] R[r15=ffffffffffffffeb] R[r 0=0000000000000000] inst=[0007871b] sext.w  a4, a5
C0:      17741 [1] pc=[0000000080000890] W[r 0=0000000000000000][0] R[r13=ffffffeb00000000] R[r 0=0000000000000000] inst=[0006d963] bgez    a3, pc + 18
C0:      17742 [1] pc=[0000000080000894] W[r15=fffffffffffffc00][1] R[r12=0000000080002440] R[r 0=0000000000000000] inst=[0000561c] c.lw    a5, 40(a2)
C0:      17744 [1] pc=[0000000080000896] W[r 0=0000000000000000][0] R[r14=ffffffffffffffeb] R[r15=fffffffffffffc00] inst=[00f74563] blt     a4, a5, pc + 10
C0:      17745 [1] pc=[000000008000089a] W[r15=000000000000000a][1] R[r 0=0000000000000000] R[r 0=0000000000000000] inst=[000047a9] c.li    a5, 10
C0:      17746 [1] pc=[000000008000089c] W[r 0=0000000000000000][0] R[r11=0000000000000074] R[r15=000000000000000a] inst=[00f59363] bne     a1, a5, pc + 6
C0:      17747 [1] pc=[00000000800008a2] W[r15=000000008000266c][1] R[r12=0000000080002440] R[r 0=0000000000000000] inst=[0000621c] c.ld    a5, 0(a2)
C0:      17748 [1] pc=[00000000800008a4] W[r10=0000000000000074][1] R[r 0=0000000000000000] R[r11=0000000000000074] inst=[0000852e] c.mv    a0, a1
C0:      17749 [1] pc=[00000000800008a6] W[r14=000000008000266d][1] R[r15=000000008000266c] R[r 0=0000000000000000] inst=[00178713] addi    a4, a5, 1
C0:      17750 [1] pc=[00000000800008aa] W[r 0=0000000000000000][0] R[r12=0000000080002440] R[r14=000000008000266d] inst=[0000e218] c.sd    a4, 0(a2)
C0:      17751 [1] pc=[00000000800008ac] W[r 0=0000000000000000][0] R[r15=000000008000266c] R[r11=0000000000000074] inst=[00b78023] sb      a1, 0(a5)
C0:      17752 [1] pc=[00000000800008b0] W[r 0=00000000800008b2][1] R[r 1=00000000800008e0] R[r 0=0000000000000000] inst=[00008082] ret
C0:      17753 [1] pc=[00000000800008e0] W[r 8=0000000080001f45][1] R[r 8=0000000080001f44] R[r 0=0000000000000000] inst=[00000405] c.addi  s0, 1
C0:      17754 [1] pc=[00000000800008e2] W[r 0=0000000000000000][0] R[r10=0000000000000074] R[r20=ffffffffffffffff] inst=[ff4515e3] bne     a0, s4, pc - 22
C0:      17755 [1] pc=[00000000800008cc] W[r 0=0000000000000000][0] R[r 8=0000000080001f45] R[r 9=0000000080001f58] inst=[00941463] bne     s0, s1, pc + 8
C0:      17756 [1] pc=[00000000800008d4] W[r11=0000000000000069][1] R[r 8=0000000080001f45] R[r 0=0000000000000000] inst=[00044583] lbu     a1, 0(s0)
C0:      17757 [1] pc=[00000000800008d8] W[r12=0000000080002440][1] R[r 0=0000000000000000] R[r19=0000000080002440] inst=[0000864e] c.mv    a2, s3
C0:      17758 [1] pc=[00000000800008da] W[r10=0000000080002150][1] R[r 0=0000000000000000] R[r18=0000000080002150] inst=[0000854a] c.mv    a0, s2
C0:      17759 [1] pc=[00000000800008dc] W[r 1=00000000800008e0][1] R[r 0=0000000000000000] R[r 0=0000000000000000] inst=[fa7ff0ef] jal     pc - 0x5a
C0:      17760 [1] pc=[0000000080000882] W[r15=ffffffffffffffeb][1] R[r12=0000000080002440] R[r 0=0000000000000000] inst=[0000465c] c.lw    a5, 12(a2)
C0:      17762 [1] pc=[0000000080000884] W[r15=ffffffffffffffea][1] R[r15=ffffffffffffffeb] R[r 0=0000000000000000] inst=[000037fd] c.addiw a5, -1
C0:      17763 [1] pc=[0000000080000886] W[r 0=0000000000000000][0] R[r12=0000000080002440] R[r15=ffffffffffffffea] inst=[0000c65c] c.sw    a5, 12(a2)
C0:      17764 [1] pc=[0000000080000888] W[r13=ffffffea00000000][1] R[r15=ffffffffffffffea] R[r 0=0000000000000000] inst=[02079693] slli    a3, a5, 32
C0:      17765 [1] pc=[000000008000088c] W[r14=ffffffffffffffea][1] R[r15=ffffffffffffffea] R[r 0=0000000000000000] inst=[0007871b] sext.w  a4, a5
C0:      17766 [1] pc=[0000000080000890] W[r 0=0000000000000000][0] R[r13=ffffffea00000000] R[r 0=0000000000000000] inst=[0006d963] bgez    a3, pc + 18
C0:      17767 [1] pc=[0000000080000894] W[r15=fffffffffffffc00][1] R[r12=0000000080002440] R[r 0=0000000000000000] inst=[0000561c] c.lw    a5, 40(a2)
C0:      17769 [1] pc=[0000000080000896] W[r 0=0000000000000000][0] R[r14=ffffffffffffffea] R[r15=fffffffffffffc00] inst=[00f74563] blt     a4, a5, pc + 10
C0:      17770 [1] pc=[000000008000089a] W[r15=000000000000000a][1] R[r 0=0000000000000000] R[r 0=0000000000000000] inst=[000047a9] c.li    a5, 10
C0:      17771 [1] pc=[000000008000089c] W[r 0=0000000000000000][0] R[r11=0000000000000069] R[r15=000000000000000a] inst=[00f59363] bne     a1, a5, pc + 6
C0:      17772 [1] pc=[00000000800008a2] W[r15=000000008000266d][1] R[r12=0000000080002440] R[r 0=0000000000000000] inst=[0000621c] c.ld    a5, 0(a2)
C0:      17773 [1] pc=[00000000800008a4] W[r10=0000000000000069][1] R[r 0=0000000000000000] R[r11=0000000000000069] inst=[0000852e] c.mv    a0, a1
C0:      17774 [1] pc=[00000000800008a6] W[r14=000000008000266e][1] R[r15=000000008000266d] R[r 0=0000000000000000] inst=[00178713] addi    a4, a5, 1
C0:      17775 [1] pc=[00000000800008aa] W[r 0=0000000000000000][0] R[r12=0000000080002440] R[r14=000000008000266e] inst=[0000e218] c.sd    a4, 0(a2)
C0:      17776 [1] pc=[00000000800008ac] W[r 0=0000000000000000][0] R[r15=000000008000266d] R[r11=0000000000000069] inst=[00b78023] sb      a1, 0(a5)
C0:      17777 [1] pc=[00000000800008b0] W[r 0=00000000800008b2][1] R[r 1=00000000800008e0] R[r 0=0000000000000000] inst=[00008082] ret
C0:      17778 [1] pc=[00000000800008e0] W[r 8=0000000080001f46][1] R[r 8=0000000080001f45] R[r 0=0000000000000000] inst=[00000405] c.addi  s0, 1
C0:      17779 [1] pc=[00000000800008e2] W[r 0=0000000000000000][0] R[r10=0000000000000069] R[r20=ffffffffffffffff] inst=[ff4515e3] bne     a0, s4, pc - 22
C0:      17780 [1] pc=[00000000800008cc] W[r 0=0000000000000000][0] R[r 8=0000000080001f46] R[r 9=0000000080001f58] inst=[00941463] bne     s0, s1, pc + 8
C0:      17781 [1] pc=[00000000800008d4] W[r11=000000000000006f][1] R[r 8=0000000080001f46] R[r 0=0000000000000000] inst=[00044583] lbu     a1, 0(s0)
C0:      17782 [1] pc=[00000000800008d8] W[r12=0000000080002440][1] R[r 0=0000000000000000] R[r19=0000000080002440] inst=[0000864e] c.mv    a2, s3
C0:      17783 [1] pc=[00000000800008da] W[r10=0000000080002150][1] R[r 0=0000000000000000] R[r18=0000000080002150] inst=[0000854a] c.mv    a0, s2
C0:      17784 [1] pc=[00000000800008dc] W[r 1=00000000800008e0][1] R[r 0=0000000000000000] R[r 0=0000000000000000] inst=[fa7ff0ef] jal     pc - 0x5a
C0:      17785 [1] pc=[0000000080000882] W[r15=ffffffffffffffea][1] R[r12=0000000080002440] R[r 0=0000000000000000] inst=[0000465c] c.lw    a5, 12(a2)
C0:      17787 [1] pc=[0000000080000884] W[r15=ffffffffffffffe9][1] R[r15=ffffffffffffffea] R[r 0=0000000000000000] inst=[000037fd] c.addiw a5, -1
C0:      17788 [1] pc=[0000000080000886] W[r 0=0000000000000000][0] R[r12=0000000080002440] R[r15=ffffffffffffffe9] inst=[0000c65c] c.sw    a5, 12(a2)
C0:      17789 [1] pc=[0000000080000888] W[r13=ffffffe900000000][1] R[r15=ffffffffffffffe9] R[r 0=0000000000000000] inst=[02079693] slli    a3, a5, 32
C0:      17790 [1] pc=[000000008000088c] W[r14=ffffffffffffffe9][1] R[r15=ffffffffffffffe9] R[r 0=0000000000000000] inst=[0007871b] sext.w  a4, a5
C0:      17791 [1] pc=[0000000080000890] W[r 0=0000000000000000][0] R[r13=ffffffe900000000] R[r 0=0000000000000000] inst=[0006d963] bgez    a3, pc + 18
C0:      17792 [1] pc=[0000000080000894] W[r15=fffffffffffffc00][1] R[r12=0000000080002440] R[r 0=0000000000000000] inst=[0000561c] c.lw    a5, 40(a2)
C0:      17794 [1] pc=[0000000080000896] W[r 0=0000000000000000][0] R[r14=ffffffffffffffe9] R[r15=fffffffffffffc00] inst=[00f74563] blt     a4, a5, pc + 10
C0:      17795 [1] pc=[000000008000089a] W[r15=000000000000000a][1] R[r 0=0000000000000000] R[r 0=0000000000000000] inst=[000047a9] c.li    a5, 10
C0:      17796 [1] pc=[000000008000089c] W[r 0=0000000000000000][0] R[r11=000000000000006f] R[r15=000000000000000a] inst=[00f59363] bne     a1, a5, pc + 6
C0:      17797 [1] pc=[00000000800008a2] W[r15=000000008000266e][1] R[r12=0000000080002440] R[r 0=0000000000000000] inst=[0000621c] c.ld    a5, 0(a2)
C0:      17798 [1] pc=[00000000800008a4] W[r10=000000000000006f][1] R[r 0=0000000000000000] R[r11=000000000000006f] inst=[0000852e] c.mv    a0, a1
C0:      17799 [1] pc=[00000000800008a6] W[r14=000000008000266f][1] R[r15=000000008000266e] R[r 0=0000000000000000] inst=[00178713] addi    a4, a5, 1
C0:      17800 [1] pc=[00000000800008aa] W[r 0=0000000000000000][0] R[r12=0000000080002440] R[r14=000000008000266f] inst=[0000e218] c.sd    a4, 0(a2)
C0:      17801 [1] pc=[00000000800008ac] W[r 0=0000000000000000][0] R[r15=000000008000266e] R[r11=000000000000006f] inst=[00b78023] sb      a1, 0(a5)
C0:      17802 [1] pc=[00000000800008b0] W[r 0=00000000800008b2][1] R[r 1=00000000800008e0] R[r 0=0000000000000000] inst=[00008082] ret
C0:      17803 [1] pc=[00000000800008e0] W[r 8=0000000080001f47][1] R[r 8=0000000080001f46] R[r 0=0000000000000000] inst=[00000405] c.addi  s0, 1
C0:      17804 [1] pc=[00000000800008e2] W[r 0=0000000000000000][0] R[r10=000000000000006f] R[r20=ffffffffffffffff] inst=[ff4515e3] bne     a0, s4, pc - 22
C0:      17805 [1] pc=[00000000800008cc] W[r 0=0000000000000000][0] R[r 8=0000000080001f47] R[r 9=0000000080001f58] inst=[00941463] bne     s0, s1, pc + 8
C0:      17806 [1] pc=[00000000800008d4] W[r11=000000000000006e][1] R[r 8=0000000080001f47] R[r 0=0000000000000000] inst=[00044583] lbu     a1, 0(s0)
C0:      17807 [1] pc=[00000000800008d8] W[r12=0000000080002440][1] R[r 0=0000000000000000] R[r19=0000000080002440] inst=[0000864e] c.mv    a2, s3
C0:      17808 [1] pc=[00000000800008da] W[r10=0000000080002150][1] R[r 0=0000000000000000] R[r18=0000000080002150] inst=[0000854a] c.mv    a0, s2
C0:      17809 [1] pc=[00000000800008dc] W[r 1=00000000800008e0][1] R[r 0=0000000000000000] R[r 0=0000000000000000] inst=[fa7ff0ef] jal     pc - 0x5a
C0:      17810 [1] pc=[0000000080000882] W[r15=ffffffffffffffe9][1] R[r12=0000000080002440] R[r 0=0000000000000000] inst=[0000465c] c.lw    a5, 12(a2)
C0:      17812 [1] pc=[0000000080000884] W[r15=ffffffffffffffe8][1] R[r15=ffffffffffffffe9] R[r 0=0000000000000000] inst=[000037fd] c.addiw a5, -1
C0:      17813 [1] pc=[0000000080000886] W[r 0=0000000000000000][0] R[r12=0000000080002440] R[r15=ffffffffffffffe8] inst=[0000c65c] c.sw    a5, 12(a2)
C0:      17814 [1] pc=[0000000080000888] W[r13=ffffffe800000000][1] R[r15=ffffffffffffffe8] R[r 0=0000000000000000] inst=[02079693] slli    a3, a5, 32
C0:      17815 [1] pc=[000000008000088c] W[r14=ffffffffffffffe8][1] R[r15=ffffffffffffffe8] R[r 0=0000000000000000] inst=[0007871b] sext.w  a4, a5
C0:      17816 [1] pc=[0000000080000890] W[r 0=0000000000000000][0] R[r13=ffffffe800000000] R[r 0=0000000000000000] inst=[0006d963] bgez    a3, pc + 18
C0:      17817 [1] pc=[0000000080000894] W[r15=fffffffffffffc00][1] R[r12=0000000080002440] R[r 0=0000000000000000] inst=[0000561c] c.lw    a5, 40(a2)
C0:      17819 [1] pc=[0000000080000896] W[r 0=0000000000000000][0] R[r14=ffffffffffffffe8] R[r15=fffffffffffffc00] inst=[00f74563] blt     a4, a5, pc + 10
C0:      17820 [1] pc=[000000008000089a] W[r15=000000000000000a][1] R[r 0=0000000000000000] R[r 0=0000000000000000] inst=[000047a9] c.li    a5, 10
C0:      17821 [1] pc=[000000008000089c] W[r 0=0000000000000000][0] R[r11=000000000000006e] R[r15=000000000000000a] inst=[00f59363] bne     a1, a5, pc + 6
C0:      17822 [1] pc=[00000000800008a2] W[r15=000000008000266f][1] R[r12=0000000080002440] R[r 0=0000000000000000] inst=[0000621c] c.ld    a5, 0(a2)
C0:      17823 [1] pc=[00000000800008a4] W[r10=000000000000006e][1] R[r 0=0000000000000000] R[r11=000000000000006e] inst=[0000852e] c.mv    a0, a1
C0:      17824 [1] pc=[00000000800008a6] W[r14=0000000080002670][1] R[r15=000000008000266f] R[r 0=0000000000000000] inst=[00178713] addi    a4, a5, 1
C0:      17825 [1] pc=[00000000800008aa] W[r 0=0000000000000000][0] R[r12=0000000080002440] R[r14=0000000080002670] inst=[0000e218] c.sd    a4, 0(a2)
C0:      17826 [1] pc=[00000000800008ac] W[r 0=0000000000000000][0] R[r15=000000008000266f] R[r11=000000000000006e] inst=[00b78023] sb      a1, 0(a5)
C0:      17827 [1] pc=[00000000800008b0] W[r 0=00000000800008b2][1] R[r 1=00000000800008e0] R[r 0=0000000000000000] inst=[00008082] ret
C0:      17828 [1] pc=[00000000800008e0] W[r 8=0000000080001f48][1] R[r 8=0000000080001f47] R[r 0=0000000000000000] inst=[00000405] c.addi  s0, 1
C0:      17829 [1] pc=[00000000800008e2] W[r 0=0000000000000000][0] R[r10=000000000000006e] R[r20=ffffffffffffffff] inst=[ff4515e3] bne     a0, s4, pc - 22
C0:      17830 [1] pc=[00000000800008cc] W[r 0=0000000000000000][0] R[r 8=0000000080001f48] R[r 9=0000000080001f58] inst=[00941463] bne     s0, s1, pc + 8
C0:      17831 [1] pc=[00000000800008d4] W[r11=0000000000000020][1] R[r 8=0000000080001f48] R[r 0=0000000000000000] inst=[00044583] lbu     a1, 0(s0)
C0:      17832 [1] pc=[00000000800008d8] W[r12=0000000080002440][1] R[r 0=0000000000000000] R[r19=0000000080002440] inst=[0000864e] c.mv    a2, s3
C0:      17833 [1] pc=[00000000800008da] W[r10=0000000080002150][1] R[r 0=0000000000000000] R[r18=0000000080002150] inst=[0000854a] c.mv    a0, s2
C0:      17834 [1] pc=[00000000800008dc] W[r 1=00000000800008e0][1] R[r 0=0000000000000000] R[r 0=0000000000000000] inst=[fa7ff0ef] jal     pc - 0x5a
C0:      17835 [1] pc=[0000000080000882] W[r15=ffffffffffffffe8][1] R[r12=0000000080002440] R[r 0=0000000000000000] inst=[0000465c] c.lw    a5, 12(a2)
C0:      17837 [1] pc=[0000000080000884] W[r15=ffffffffffffffe7][1] R[r15=ffffffffffffffe8] R[r 0=0000000000000000] inst=[000037fd] c.addiw a5, -1
C0:      17838 [1] pc=[0000000080000886] W[r 0=0000000000000000][0] R[r12=0000000080002440] R[r15=ffffffffffffffe7] inst=[0000c65c] c.sw    a5, 12(a2)
C0:      17839 [1] pc=[0000000080000888] W[r13=ffffffe700000000][1] R[r15=ffffffffffffffe7] R[r 0=0000000000000000] inst=[02079693] slli    a3, a5, 32
C0:      17840 [1] pc=[000000008000088c] W[r14=ffffffffffffffe7][1] R[r15=ffffffffffffffe7] R[r 0=0000000000000000] inst=[0007871b] sext.w  a4, a5
C0:      17841 [1] pc=[0000000080000890] W[r 0=0000000000000000][0] R[r13=ffffffe700000000] R[r 0=0000000000000000] inst=[0006d963] bgez    a3, pc + 18
C0:      17842 [1] pc=[0000000080000894] W[r15=fffffffffffffc00][1] R[r12=0000000080002440] R[r 0=0000000000000000] inst=[0000561c] c.lw    a5, 40(a2)
C0:      17844 [1] pc=[0000000080000896] W[r 0=0000000000000000][0] R[r14=ffffffffffffffe7] R[r15=fffffffffffffc00] inst=[00f74563] blt     a4, a5, pc + 10
C0:      17845 [1] pc=[000000008000089a] W[r15=000000000000000a][1] R[r 0=0000000000000000] R[r 0=0000000000000000] inst=[000047a9] c.li    a5, 10
C0:      17846 [1] pc=[000000008000089c] W[r 0=0000000000000000][0] R[r11=0000000000000020] R[r15=000000000000000a] inst=[00f59363] bne     a1, a5, pc + 6
C0:      17847 [1] pc=[00000000800008a2] W[r15=0000000080002670][1] R[r12=0000000080002440] R[r 0=0000000000000000] inst=[0000621c] c.ld    a5, 0(a2)
C0:      17848 [1] pc=[00000000800008a4] W[r10=0000000000000020][1] R[r 0=0000000000000000] R[r11=0000000000000020] inst=[0000852e] c.mv    a0, a1
C0:      17849 [1] pc=[00000000800008a6] W[r14=0000000080002671][1] R[r15=0000000080002670] R[r 0=0000000000000000] inst=[00178713] addi    a4, a5, 1
C0:      17850 [1] pc=[00000000800008aa] W[r 0=0000000000000000][0] R[r12=0000000080002440] R[r14=0000000080002671] inst=[0000e218] c.sd    a4, 0(a2)
C0:      17851 [1] pc=[00000000800008ac] W[r 0=0000000000000000][0] R[r15=0000000080002670] R[r11=0000000000000020] inst=[00b78023] sb      a1, 0(a5)
C0:      17852 [1] pc=[00000000800008b0] W[r 0=00000000800008b2][1] R[r 1=00000000800008e0] R[r 0=0000000000000000] inst=[00008082] ret
C0:      17853 [1] pc=[00000000800008e0] W[r 8=0000000080001f49][1] R[r 8=0000000080001f48] R[r 0=0000000000000000] inst=[00000405] c.addi  s0, 1
C0:      17854 [1] pc=[00000000800008e2] W[r 0=0000000000000000][0] R[r10=0000000000000020] R[r20=ffffffffffffffff] inst=[ff4515e3] bne     a0, s4, pc - 22
C0:      17855 [1] pc=[00000000800008cc] W[r 0=0000000000000000][0] R[r 8=0000000080001f49] R[r 9=0000000080001f58] inst=[00941463] bne     s0, s1, pc + 8
C0:      17856 [1] pc=[00000000800008d4] W[r11=0000000000000065][1] R[r 8=0000000080001f49] R[r 0=0000000000000000] inst=[00044583] lbu     a1, 0(s0)
C0:      17857 [1] pc=[00000000800008d8] W[r12=0000000080002440][1] R[r 0=0000000000000000] R[r19=0000000080002440] inst=[0000864e] c.mv    a2, s3
C0:      17858 [1] pc=[00000000800008da] W[r10=0000000080002150][1] R[r 0=0000000000000000] R[r18=0000000080002150] inst=[0000854a] c.mv    a0, s2
C0:      17859 [1] pc=[00000000800008dc] W[r 1=00000000800008e0][1] R[r 0=0000000000000000] R[r 0=0000000000000000] inst=[fa7ff0ef] jal     pc - 0x5a
C0:      17860 [1] pc=[0000000080000882] W[r15=ffffffffffffffe7][1] R[r12=0000000080002440] R[r 0=0000000000000000] inst=[0000465c] c.lw    a5, 12(a2)
C0:      17862 [1] pc=[0000000080000884] W[r15=ffffffffffffffe6][1] R[r15=ffffffffffffffe7] R[r 0=0000000000000000] inst=[000037fd] c.addiw a5, -1
C0:      17863 [1] pc=[0000000080000886] W[r 0=0000000000000000][0] R[r12=0000000080002440] R[r15=ffffffffffffffe6] inst=[0000c65c] c.sw    a5, 12(a2)
C0:      17864 [1] pc=[0000000080000888] W[r13=ffffffe600000000][1] R[r15=ffffffffffffffe6] R[r 0=0000000000000000] inst=[02079693] slli    a3, a5, 32
C0:      17865 [1] pc=[000000008000088c] W[r14=ffffffffffffffe6][1] R[r15=ffffffffffffffe6] R[r 0=0000000000000000] inst=[0007871b] sext.w  a4, a5
C0:      17866 [1] pc=[0000000080000890] W[r 0=0000000000000000][0] R[r13=ffffffe600000000] R[r 0=0000000000000000] inst=[0006d963] bgez    a3, pc + 18
C0:      17867 [1] pc=[0000000080000894] W[r15=fffffffffffffc00][1] R[r12=0000000080002440] R[r 0=0000000000000000] inst=[0000561c] c.lw    a5, 40(a2)
C0:      17869 [1] pc=[0000000080000896] W[r 0=0000000000000000][0] R[r14=ffffffffffffffe6] R[r15=fffffffffffffc00] inst=[00f74563] blt     a4, a5, pc + 10
C0:      17870 [1] pc=[000000008000089a] W[r15=000000000000000a][1] R[r 0=0000000000000000] R[r 0=0000000000000000] inst=[000047a9] c.li    a5, 10
C0:      17871 [1] pc=[000000008000089c] W[r 0=0000000000000000][0] R[r11=0000000000000065] R[r15=000000000000000a] inst=[00f59363] bne     a1, a5, pc + 6
C0:      17872 [1] pc=[00000000800008a2] W[r15=0000000080002671][1] R[r12=0000000080002440] R[r 0=0000000000000000] inst=[0000621c] c.ld    a5, 0(a2)
C0:      17873 [1] pc=[00000000800008a4] W[r10=0000000000000065][1] R[r 0=0000000000000000] R[r11=0000000000000065] inst=[0000852e] c.mv    a0, a1
C0:      17874 [1] pc=[00000000800008a6] W[r14=0000000080002672][1] R[r15=0000000080002671] R[r 0=0000000000000000] inst=[00178713] addi    a4, a5, 1
C0:      17875 [1] pc=[00000000800008aa] W[r 0=0000000000000000][0] R[r12=0000000080002440] R[r14=0000000080002672] inst=[0000e218] c.sd    a4, 0(a2)
C0:      17876 [1] pc=[00000000800008ac] W[r 0=0000000000000000][0] R[r15=0000000080002671] R[r11=0000000000000065] inst=[00b78023] sb      a1, 0(a5)
C0:      17877 [1] pc=[00000000800008b0] W[r 0=00000000800008b2][1] R[r 1=00000000800008e0] R[r 0=0000000000000000] inst=[00008082] ret
C0:      17878 [1] pc=[00000000800008e0] W[r 8=0000000080001f4a][1] R[r 8=0000000080001f49] R[r 0=0000000000000000] inst=[00000405] c.addi  s0, 1
C0:      17879 [1] pc=[00000000800008e2] W[r 0=0000000000000000][0] R[r10=0000000000000065] R[r20=ffffffffffffffff] inst=[ff4515e3] bne     a0, s4, pc - 22
C0:      17880 [1] pc=[00000000800008cc] W[r 0=0000000000000000][0] R[r 8=0000000080001f4a] R[r 9=0000000080001f58] inst=[00941463] bne     s0, s1, pc + 8
C0:      17881 [1] pc=[00000000800008d4] W[r11=0000000000000078][1] R[r 8=0000000080001f4a] R[r 0=0000000000000000] inst=[00044583] lbu     a1, 0(s0)
C0:      17882 [1] pc=[00000000800008d8] W[r12=0000000080002440][1] R[r 0=0000000000000000] R[r19=0000000080002440] inst=[0000864e] c.mv    a2, s3
C0:      17883 [1] pc=[00000000800008da] W[r10=0000000080002150][1] R[r 0=0000000000000000] R[r18=0000000080002150] inst=[0000854a] c.mv    a0, s2
C0:      17884 [1] pc=[00000000800008dc] W[r 1=00000000800008e0][1] R[r 0=0000000000000000] R[r 0=0000000000000000] inst=[fa7ff0ef] jal     pc - 0x5a
C0:      17885 [1] pc=[0000000080000882] W[r15=ffffffffffffffe6][1] R[r12=0000000080002440] R[r 0=0000000000000000] inst=[0000465c] c.lw    a5, 12(a2)
C0:      17887 [1] pc=[0000000080000884] W[r15=ffffffffffffffe5][1] R[r15=ffffffffffffffe6] R[r 0=0000000000000000] inst=[000037fd] c.addiw a5, -1
C0:      17888 [1] pc=[0000000080000886] W[r 0=0000000000000000][0] R[r12=0000000080002440] R[r15=ffffffffffffffe5] inst=[0000c65c] c.sw    a5, 12(a2)
C0:      17889 [1] pc=[0000000080000888] W[r13=ffffffe500000000][1] R[r15=ffffffffffffffe5] R[r 0=0000000000000000] inst=[02079693] slli    a3, a5, 32
C0:      17890 [1] pc=[000000008000088c] W[r14=ffffffffffffffe5][1] R[r15=ffffffffffffffe5] R[r 0=0000000000000000] inst=[0007871b] sext.w  a4, a5
C0:      17891 [1] pc=[0000000080000890] W[r 0=0000000000000000][0] R[r13=ffffffe500000000] R[r 0=0000000000000000] inst=[0006d963] bgez    a3, pc + 18
C0:      17892 [1] pc=[0000000080000894] W[r15=fffffffffffffc00][1] R[r12=0000000080002440] R[r 0=0000000000000000] inst=[0000561c] c.lw    a5, 40(a2)
C0:      17894 [1] pc=[0000000080000896] W[r 0=0000000000000000][0] R[r14=ffffffffffffffe5] R[r15=fffffffffffffc00] inst=[00f74563] blt     a4, a5, pc + 10
C0:      17895 [1] pc=[000000008000089a] W[r15=000000000000000a][1] R[r 0=0000000000000000] R[r 0=0000000000000000] inst=[000047a9] c.li    a5, 10
C0:      17896 [1] pc=[000000008000089c] W[r 0=0000000000000000][0] R[r11=0000000000000078] R[r15=000000000000000a] inst=[00f59363] bne     a1, a5, pc + 6
C0:      17897 [1] pc=[00000000800008a2] W[r15=0000000080002672][1] R[r12=0000000080002440] R[r 0=0000000000000000] inst=[0000621c] c.ld    a5, 0(a2)
C0:      17898 [1] pc=[00000000800008a4] W[r10=0000000000000078][1] R[r 0=0000000000000000] R[r11=0000000000000078] inst=[0000852e] c.mv    a0, a1
C0:      17899 [1] pc=[00000000800008a6] W[r14=0000000080002673][1] R[r15=0000000080002672] R[r 0=0000000000000000] inst=[00178713] addi    a4, a5, 1
C0:      17900 [1] pc=[00000000800008aa] W[r 0=0000000000000000][0] R[r12=0000000080002440] R[r14=0000000080002673] inst=[0000e218] c.sd    a4, 0(a2)
C0:      17901 [1] pc=[00000000800008ac] W[r 0=0000000000000000][0] R[r15=0000000080002672] R[r11=0000000000000078] inst=[00b78023] sb      a1, 0(a5)
C0:      17902 [1] pc=[00000000800008b0] W[r 0=00000000800008b2][1] R[r 1=00000000800008e0] R[r 0=0000000000000000] inst=[00008082] ret
C0:      17903 [1] pc=[00000000800008e0] W[r 8=0000000080001f4b][1] R[r 8=0000000080001f4a] R[r 0=0000000000000000] inst=[00000405] c.addi  s0, 1
C0:      17904 [1] pc=[00000000800008e2] W[r 0=0000000000000000][0] R[r10=0000000000000078] R[r20=ffffffffffffffff] inst=[ff4515e3] bne     a0, s4, pc - 22
C0:      17905 [1] pc=[00000000800008cc] W[r 0=0000000000000000][0] R[r 8=0000000080001f4b] R[r 9=0000000080001f58] inst=[00941463] bne     s0, s1, pc + 8
C0:      17906 [1] pc=[00000000800008d4] W[r11=0000000000000065][1] R[r 8=0000000080001f4b] R[r 0=0000000000000000] inst=[00044583] lbu     a1, 0(s0)
C0:      17907 [1] pc=[00000000800008d8] W[r12=0000000080002440][1] R[r 0=0000000000000000] R[r19=0000000080002440] inst=[0000864e] c.mv    a2, s3
C0:      17908 [1] pc=[00000000800008da] W[r10=0000000080002150][1] R[r 0=0000000000000000] R[r18=0000000080002150] inst=[0000854a] c.mv    a0, s2
C0:      17909 [1] pc=[00000000800008dc] W[r 1=00000000800008e0][1] R[r 0=0000000000000000] R[r 0=0000000000000000] inst=[fa7ff0ef] jal     pc - 0x5a
C0:      17910 [1] pc=[0000000080000882] W[r15=ffffffffffffffe5][1] R[r12=0000000080002440] R[r 0=0000000000000000] inst=[0000465c] c.lw    a5, 12(a2)
C0:      17912 [1] pc=[0000000080000884] W[r15=ffffffffffffffe4][1] R[r15=ffffffffffffffe5] R[r 0=0000000000000000] inst=[000037fd] c.addiw a5, -1
C0:      17913 [1] pc=[0000000080000886] W[r 0=0000000000000000][0] R[r12=0000000080002440] R[r15=ffffffffffffffe4] inst=[0000c65c] c.sw    a5, 12(a2)
C0:      17914 [1] pc=[0000000080000888] W[r13=ffffffe400000000][1] R[r15=ffffffffffffffe4] R[r 0=0000000000000000] inst=[02079693] slli    a3, a5, 32
C0:      17915 [1] pc=[000000008000088c] W[r14=ffffffffffffffe4][1] R[r15=ffffffffffffffe4] R[r 0=0000000000000000] inst=[0007871b] sext.w  a4, a5
C0:      17916 [1] pc=[0000000080000890] W[r 0=0000000000000000][0] R[r13=ffffffe400000000] R[r 0=0000000000000000] inst=[0006d963] bgez    a3, pc + 18
C0:      17917 [1] pc=[0000000080000894] W[r15=fffffffffffffc00][1] R[r12=0000000080002440] R[r 0=0000000000000000] inst=[0000561c] c.lw    a5, 40(a2)
C0:      17919 [1] pc=[0000000080000896] W[r 0=0000000000000000][0] R[r14=ffffffffffffffe4] R[r15=fffffffffffffc00] inst=[00f74563] blt     a4, a5, pc + 10
C0:      17920 [1] pc=[000000008000089a] W[r15=000000000000000a][1] R[r 0=0000000000000000] R[r 0=0000000000000000] inst=[000047a9] c.li    a5, 10
C0:      17921 [1] pc=[000000008000089c] W[r 0=0000000000000000][0] R[r11=0000000000000065] R[r15=000000000000000a] inst=[00f59363] bne     a1, a5, pc + 6
C0:      17922 [1] pc=[00000000800008a2] W[r15=0000000080002673][1] R[r12=0000000080002440] R[r 0=0000000000000000] inst=[0000621c] c.ld    a5, 0(a2)
C0:      17923 [1] pc=[00000000800008a4] W[r10=0000000000000065][1] R[r 0=0000000000000000] R[r11=0000000000000065] inst=[0000852e] c.mv    a0, a1
C0:      17924 [1] pc=[00000000800008a6] W[r14=0000000080002674][1] R[r15=0000000080002673] R[r 0=0000000000000000] inst=[00178713] addi    a4, a5, 1
C0:      17925 [1] pc=[00000000800008aa] W[r 0=0000000000000000][0] R[r12=0000000080002440] R[r14=0000000080002674] inst=[0000e218] c.sd    a4, 0(a2)
C0:      17926 [1] pc=[00000000800008ac] W[r 0=0000000000000000][0] R[r15=0000000080002673] R[r11=0000000000000065] inst=[00b78023] sb      a1, 0(a5)
C0:      17927 [1] pc=[00000000800008b0] W[r 0=00000000800008b2][1] R[r 1=00000000800008e0] R[r 0=0000000000000000] inst=[00008082] ret
C0:      17928 [1] pc=[00000000800008e0] W[r 8=0000000080001f4c][1] R[r 8=0000000080001f4b] R[r 0=0000000000000000] inst=[00000405] c.addi  s0, 1
C0:      17929 [1] pc=[00000000800008e2] W[r 0=0000000000000000][0] R[r10=0000000000000065] R[r20=ffffffffffffffff] inst=[ff4515e3] bne     a0, s4, pc - 22
C0:      17930 [1] pc=[00000000800008cc] W[r 0=0000000000000000][0] R[r 8=0000000080001f4c] R[r 9=0000000080001f58] inst=[00941463] bne     s0, s1, pc + 8
C0:      17931 [1] pc=[00000000800008d4] W[r11=0000000000000063][1] R[r 8=0000000080001f4c] R[r 0=0000000000000000] inst=[00044583] lbu     a1, 0(s0)
C0:      17932 [1] pc=[00000000800008d8] W[r12=0000000080002440][1] R[r 0=0000000000000000] R[r19=0000000080002440] inst=[0000864e] c.mv    a2, s3
C0:      17933 [1] pc=[00000000800008da] W[r10=0000000080002150][1] R[r 0=0000000000000000] R[r18=0000000080002150] inst=[0000854a] c.mv    a0, s2
C0:      17934 [1] pc=[00000000800008dc] W[r 1=00000000800008e0][1] R[r 0=0000000000000000] R[r 0=0000000000000000] inst=[fa7ff0ef] jal     pc - 0x5a
C0:      17935 [1] pc=[0000000080000882] W[r15=ffffffffffffffe4][1] R[r12=0000000080002440] R[r 0=0000000000000000] inst=[0000465c] c.lw    a5, 12(a2)
C0:      17937 [1] pc=[0000000080000884] W[r15=ffffffffffffffe3][1] R[r15=ffffffffffffffe4] R[r 0=0000000000000000] inst=[000037fd] c.addiw a5, -1
C0:      17938 [1] pc=[0000000080000886] W[r 0=0000000000000000][0] R[r12=0000000080002440] R[r15=ffffffffffffffe3] inst=[0000c65c] c.sw    a5, 12(a2)
C0:      17939 [1] pc=[0000000080000888] W[r13=ffffffe300000000][1] R[r15=ffffffffffffffe3] R[r 0=0000000000000000] inst=[02079693] slli    a3, a5, 32
C0:      17940 [1] pc=[000000008000088c] W[r14=ffffffffffffffe3][1] R[r15=ffffffffffffffe3] R[r 0=0000000000000000] inst=[0007871b] sext.w  a4, a5
C0:      17941 [1] pc=[0000000080000890] W[r 0=0000000000000000][0] R[r13=ffffffe300000000] R[r 0=0000000000000000] inst=[0006d963] bgez    a3, pc + 18
C0:      17942 [1] pc=[0000000080000894] W[r15=fffffffffffffc00][1] R[r12=0000000080002440] R[r 0=0000000000000000] inst=[0000561c] c.lw    a5, 40(a2)
C0:      17944 [1] pc=[0000000080000896] W[r 0=0000000000000000][0] R[r14=ffffffffffffffe3] R[r15=fffffffffffffc00] inst=[00f74563] blt     a4, a5, pc + 10
C0:      17945 [1] pc=[000000008000089a] W[r15=000000000000000a][1] R[r 0=0000000000000000] R[r 0=0000000000000000] inst=[000047a9] c.li    a5, 10
C0:      17946 [1] pc=[000000008000089c] W[r 0=0000000000000000][0] R[r11=0000000000000063] R[r15=000000000000000a] inst=[00f59363] bne     a1, a5, pc + 6
C0:      17947 [1] pc=[00000000800008a2] W[r15=0000000080002674][1] R[r12=0000000080002440] R[r 0=0000000000000000] inst=[0000621c] c.ld    a5, 0(a2)
C0:      17948 [1] pc=[00000000800008a4] W[r10=0000000000000063][1] R[r 0=0000000000000000] R[r11=0000000000000063] inst=[0000852e] c.mv    a0, a1
C0:      17949 [1] pc=[00000000800008a6] W[r14=0000000080002675][1] R[r15=0000000080002674] R[r 0=0000000000000000] inst=[00178713] addi    a4, a5, 1
C0:      17950 [1] pc=[00000000800008aa] W[r 0=0000000000000000][0] R[r12=0000000080002440] R[r14=0000000080002675] inst=[0000e218] c.sd    a4, 0(a2)
C0:      17951 [1] pc=[00000000800008ac] W[r 0=0000000000000000][0] R[r15=0000000080002674] R[r11=0000000000000063] inst=[00b78023] sb      a1, 0(a5)
C0:      17952 [1] pc=[00000000800008b0] W[r 0=00000000800008b2][1] R[r 1=00000000800008e0] R[r 0=0000000000000000] inst=[00008082] ret
C0:      17953 [1] pc=[00000000800008e0] W[r 8=0000000080001f4d][1] R[r 8=0000000080001f4c] R[r 0=0000000000000000] inst=[00000405] c.addi  s0, 1
C0:      17954 [1] pc=[00000000800008e2] W[r 0=0000000000000000][0] R[r10=0000000000000063] R[r20=ffffffffffffffff] inst=[ff4515e3] bne     a0, s4, pc - 22
C0:      17955 [1] pc=[00000000800008cc] W[r 0=0000000000000000][0] R[r 8=0000000080001f4d] R[r 9=0000000080001f58] inst=[00941463] bne     s0, s1, pc + 8
C0:      17956 [1] pc=[00000000800008d4] W[r11=0000000000000075][1] R[r 8=0000000080001f4d] R[r 0=0000000000000000] inst=[00044583] lbu     a1, 0(s0)
C0:      17957 [1] pc=[00000000800008d8] W[r12=0000000080002440][1] R[r 0=0000000000000000] R[r19=0000000080002440] inst=[0000864e] c.mv    a2, s3
C0:      17958 [1] pc=[00000000800008da] W[r10=0000000080002150][1] R[r 0=0000000000000000] R[r18=0000000080002150] inst=[0000854a] c.mv    a0, s2
C0:      17959 [1] pc=[00000000800008dc] W[r 1=00000000800008e0][1] R[r 0=0000000000000000] R[r 0=0000000000000000] inst=[fa7ff0ef] jal     pc - 0x5a
C0:      17960 [1] pc=[0000000080000882] W[r15=ffffffffffffffe3][1] R[r12=0000000080002440] R[r 0=0000000000000000] inst=[0000465c] c.lw    a5, 12(a2)
C0:      17962 [1] pc=[0000000080000884] W[r15=ffffffffffffffe2][1] R[r15=ffffffffffffffe3] R[r 0=0000000000000000] inst=[000037fd] c.addiw a5, -1
C0:      17963 [1] pc=[0000000080000886] W[r 0=0000000000000000][0] R[r12=0000000080002440] R[r15=ffffffffffffffe2] inst=[0000c65c] c.sw    a5, 12(a2)
C0:      17964 [1] pc=[0000000080000888] W[r13=ffffffe200000000][1] R[r15=ffffffffffffffe2] R[r 0=0000000000000000] inst=[02079693] slli    a3, a5, 32
C0:      17965 [1] pc=[000000008000088c] W[r14=ffffffffffffffe2][1] R[r15=ffffffffffffffe2] R[r 0=0000000000000000] inst=[0007871b] sext.w  a4, a5
C0:      17966 [1] pc=[0000000080000890] W[r 0=0000000000000000][0] R[r13=ffffffe200000000] R[r 0=0000000000000000] inst=[0006d963] bgez    a3, pc + 18
C0:      17967 [1] pc=[0000000080000894] W[r15=fffffffffffffc00][1] R[r12=0000000080002440] R[r 0=0000000000000000] inst=[0000561c] c.lw    a5, 40(a2)
C0:      17969 [1] pc=[0000000080000896] W[r 0=0000000000000000][0] R[r14=ffffffffffffffe2] R[r15=fffffffffffffc00] inst=[00f74563] blt     a4, a5, pc + 10
C0:      17970 [1] pc=[000000008000089a] W[r15=000000000000000a][1] R[r 0=0000000000000000] R[r 0=0000000000000000] inst=[000047a9] c.li    a5, 10
C0:      17971 [1] pc=[000000008000089c] W[r 0=0000000000000000][0] R[r11=0000000000000075] R[r15=000000000000000a] inst=[00f59363] bne     a1, a5, pc + 6
C0:      17972 [1] pc=[00000000800008a2] W[r15=0000000080002675][1] R[r12=0000000080002440] R[r 0=0000000000000000] inst=[0000621c] c.ld    a5, 0(a2)
C0:      17973 [1] pc=[00000000800008a4] W[r10=0000000000000075][1] R[r 0=0000000000000000] R[r11=0000000000000075] inst=[0000852e] c.mv    a0, a1
C0:      17974 [1] pc=[00000000800008a6] W[r14=0000000080002676][1] R[r15=0000000080002675] R[r 0=0000000000000000] inst=[00178713] addi    a4, a5, 1
C0:      17975 [1] pc=[00000000800008aa] W[r 0=0000000000000000][0] R[r12=0000000080002440] R[r14=0000000080002676] inst=[0000e218] c.sd    a4, 0(a2)
C0:      17976 [1] pc=[00000000800008ac] W[r 0=0000000000000000][0] R[r15=0000000080002675] R[r11=0000000000000075] inst=[00b78023] sb      a1, 0(a5)
C0:      17977 [1] pc=[00000000800008b0] W[r 0=00000000800008b2][1] R[r 1=00000000800008e0] R[r 0=0000000000000000] inst=[00008082] ret
C0:      17978 [1] pc=[00000000800008e0] W[r 8=0000000080001f4e][1] R[r 8=0000000080001f4d] R[r 0=0000000000000000] inst=[00000405] c.addi  s0, 1
C0:      17979 [1] pc=[00000000800008e2] W[r 0=0000000000000000][0] R[r10=0000000000000075] R[r20=ffffffffffffffff] inst=[ff4515e3] bne     a0, s4, pc - 22
C0:      17980 [1] pc=[00000000800008cc] W[r 0=0000000000000000][0] R[r 8=0000000080001f4e] R[r 9=0000000080001f58] inst=[00941463] bne     s0, s1, pc + 8
C0:      17981 [1] pc=[00000000800008d4] W[r11=0000000000000074][1] R[r 8=0000000080001f4e] R[r 0=0000000000000000] inst=[00044583] lbu     a1, 0(s0)
C0:      17982 [1] pc=[00000000800008d8] W[r12=0000000080002440][1] R[r 0=0000000000000000] R[r19=0000000080002440] inst=[0000864e] c.mv    a2, s3
C0:      17983 [1] pc=[00000000800008da] W[r10=0000000080002150][1] R[r 0=0000000000000000] R[r18=0000000080002150] inst=[0000854a] c.mv    a0, s2
C0:      17984 [1] pc=[00000000800008dc] W[r 1=00000000800008e0][1] R[r 0=0000000000000000] R[r 0=0000000000000000] inst=[fa7ff0ef] jal     pc - 0x5a
C0:      17985 [1] pc=[0000000080000882] W[r15=ffffffffffffffe2][1] R[r12=0000000080002440] R[r 0=0000000000000000] inst=[0000465c] c.lw    a5, 12(a2)
C0:      17987 [1] pc=[0000000080000884] W[r15=ffffffffffffffe1][1] R[r15=ffffffffffffffe2] R[r 0=0000000000000000] inst=[000037fd] c.addiw a5, -1
C0:      17988 [1] pc=[0000000080000886] W[r 0=0000000000000000][0] R[r12=0000000080002440] R[r15=ffffffffffffffe1] inst=[0000c65c] c.sw    a5, 12(a2)
C0:      17989 [1] pc=[0000000080000888] W[r13=ffffffe100000000][1] R[r15=ffffffffffffffe1] R[r 0=0000000000000000] inst=[02079693] slli    a3, a5, 32
C0:      17990 [1] pc=[000000008000088c] W[r14=ffffffffffffffe1][1] R[r15=ffffffffffffffe1] R[r 0=0000000000000000] inst=[0007871b] sext.w  a4, a5
C0:      17991 [1] pc=[0000000080000890] W[r 0=0000000000000000][0] R[r13=ffffffe100000000] R[r 0=0000000000000000] inst=[0006d963] bgez    a3, pc + 18
C0:      17992 [1] pc=[0000000080000894] W[r15=fffffffffffffc00][1] R[r12=0000000080002440] R[r 0=0000000000000000] inst=[0000561c] c.lw    a5, 40(a2)
C0:      17994 [1] pc=[0000000080000896] W[r 0=0000000000000000][0] R[r14=ffffffffffffffe1] R[r15=fffffffffffffc00] inst=[00f74563] blt     a4, a5, pc + 10
C0:      17995 [1] pc=[000000008000089a] W[r15=000000000000000a][1] R[r 0=0000000000000000] R[r 0=0000000000000000] inst=[000047a9] c.li    a5, 10
C0:      17996 [1] pc=[000000008000089c] W[r 0=0000000000000000][0] R[r11=0000000000000074] R[r15=000000000000000a] inst=[00f59363] bne     a1, a5, pc + 6
C0:      17997 [1] pc=[00000000800008a2] W[r15=0000000080002676][1] R[r12=0000000080002440] R[r 0=0000000000000000] inst=[0000621c] c.ld    a5, 0(a2)
C0:      17998 [1] pc=[00000000800008a4] W[r10=0000000000000074][1] R[r 0=0000000000000000] R[r11=0000000000000074] inst=[0000852e] c.mv    a0, a1
C0:      17999 [1] pc=[00000000800008a6] W[r14=0000000080002677][1] R[r15=0000000080002676] R[r 0=0000000000000000] inst=[00178713] addi    a4, a5, 1
C0:      18000 [1] pc=[00000000800008aa] W[r 0=0000000000000000][0] R[r12=0000000080002440] R[r14=0000000080002677] inst=[0000e218] c.sd    a4, 0(a2)
C0:      18001 [1] pc=[00000000800008ac] W[r 0=0000000000000000][0] R[r15=0000000080002676] R[r11=0000000000000074] inst=[00b78023] sb      a1, 0(a5)
C0:      18002 [1] pc=[00000000800008b0] W[r 0=00000000800008b2][1] R[r 1=00000000800008e0] R[r 0=0000000000000000] inst=[00008082] ret
C0:      18003 [1] pc=[00000000800008e0] W[r 8=0000000080001f4f][1] R[r 8=0000000080001f4e] R[r 0=0000000000000000] inst=[00000405] c.addi  s0, 1
C0:      18004 [1] pc=[00000000800008e2] W[r 0=0000000000000000][0] R[r10=0000000000000074] R[r20=ffffffffffffffff] inst=[ff4515e3] bne     a0, s4, pc - 22
C0:      18005 [1] pc=[00000000800008cc] W[r 0=0000000000000000][0] R[r 8=0000000080001f4f] R[r 9=0000000080001f58] inst=[00941463] bne     s0, s1, pc + 8
C0:      18006 [1] pc=[00000000800008d4] W[r11=0000000000000069][1] R[r 8=0000000080001f4f] R[r 0=0000000000000000] inst=[00044583] lbu     a1, 0(s0)
C0:      18007 [1] pc=[00000000800008d8] W[r12=0000000080002440][1] R[r 0=0000000000000000] R[r19=0000000080002440] inst=[0000864e] c.mv    a2, s3
C0:      18008 [1] pc=[00000000800008da] W[r10=0000000080002150][1] R[r 0=0000000000000000] R[r18=0000000080002150] inst=[0000854a] c.mv    a0, s2
C0:      18009 [1] pc=[00000000800008dc] W[r 1=00000000800008e0][1] R[r 0=0000000000000000] R[r 0=0000000000000000] inst=[fa7ff0ef] jal     pc - 0x5a
C0:      18010 [1] pc=[0000000080000882] W[r15=ffffffffffffffe1][1] R[r12=0000000080002440] R[r 0=0000000000000000] inst=[0000465c] c.lw    a5, 12(a2)
C0:      18012 [1] pc=[0000000080000884] W[r15=ffffffffffffffe0][1] R[r15=ffffffffffffffe1] R[r 0=0000000000000000] inst=[000037fd] c.addiw a5, -1
C0:      18013 [1] pc=[0000000080000886] W[r 0=0000000000000000][0] R[r12=0000000080002440] R[r15=ffffffffffffffe0] inst=[0000c65c] c.sw    a5, 12(a2)
C0:      18014 [1] pc=[0000000080000888] W[r13=ffffffe000000000][1] R[r15=ffffffffffffffe0] R[r 0=0000000000000000] inst=[02079693] slli    a3, a5, 32
C0:      18015 [1] pc=[000000008000088c] W[r14=ffffffffffffffe0][1] R[r15=ffffffffffffffe0] R[r 0=0000000000000000] inst=[0007871b] sext.w  a4, a5
C0:      18016 [1] pc=[0000000080000890] W[r 0=0000000000000000][0] R[r13=ffffffe000000000] R[r 0=0000000000000000] inst=[0006d963] bgez    a3, pc + 18
C0:      18017 [1] pc=[0000000080000894] W[r15=fffffffffffffc00][1] R[r12=0000000080002440] R[r 0=0000000000000000] inst=[0000561c] c.lw    a5, 40(a2)
C0:      18019 [1] pc=[0000000080000896] W[r 0=0000000000000000][0] R[r14=ffffffffffffffe0] R[r15=fffffffffffffc00] inst=[00f74563] blt     a4, a5, pc + 10
C0:      18020 [1] pc=[000000008000089a] W[r15=000000000000000a][1] R[r 0=0000000000000000] R[r 0=0000000000000000] inst=[000047a9] c.li    a5, 10
C0:      18021 [1] pc=[000000008000089c] W[r 0=0000000000000000][0] R[r11=0000000000000069] R[r15=000000000000000a] inst=[00f59363] bne     a1, a5, pc + 6
C0:      18022 [1] pc=[00000000800008a2] W[r15=0000000080002677][1] R[r12=0000000080002440] R[r 0=0000000000000000] inst=[0000621c] c.ld    a5, 0(a2)
C0:      18023 [1] pc=[00000000800008a4] W[r10=0000000000000069][1] R[r 0=0000000000000000] R[r11=0000000000000069] inst=[0000852e] c.mv    a0, a1
C0:      18024 [1] pc=[00000000800008a6] W[r14=0000000080002678][1] R[r15=0000000080002677] R[r 0=0000000000000000] inst=[00178713] addi    a4, a5, 1
C0:      18025 [1] pc=[00000000800008aa] W[r 0=0000000000000000][0] R[r12=0000000080002440] R[r14=0000000080002678] inst=[0000e218] c.sd    a4, 0(a2)
C0:      18026 [1] pc=[00000000800008ac] W[r 0=0000000000000000][0] R[r15=0000000080002677] R[r11=0000000000000069] inst=[00b78023] sb      a1, 0(a5)
C0:      18027 [1] pc=[00000000800008b0] W[r 0=00000000800008b2][1] R[r 1=00000000800008e0] R[r 0=0000000000000000] inst=[00008082] ret
C0:      18028 [1] pc=[00000000800008e0] W[r 8=0000000080001f50][1] R[r 8=0000000080001f4f] R[r 0=0000000000000000] inst=[00000405] c.addi  s0, 1
C0:      18029 [1] pc=[00000000800008e2] W[r 0=0000000000000000][0] R[r10=0000000000000069] R[r20=ffffffffffffffff] inst=[ff4515e3] bne     a0, s4, pc - 22
C0:      18030 [1] pc=[00000000800008cc] W[r 0=0000000000000000][0] R[r 8=0000000080001f50] R[r 9=0000000080001f58] inst=[00941463] bne     s0, s1, pc + 8
C0:      18031 [1] pc=[00000000800008d4] W[r11=000000000000006f][1] R[r 8=0000000080001f50] R[r 0=0000000000000000] inst=[00044583] lbu     a1, 0(s0)
C0:      18032 [1] pc=[00000000800008d8] W[r12=0000000080002440][1] R[r 0=0000000000000000] R[r19=0000000080002440] inst=[0000864e] c.mv    a2, s3
C0:      18033 [1] pc=[00000000800008da] W[r10=0000000080002150][1] R[r 0=0000000000000000] R[r18=0000000080002150] inst=[0000854a] c.mv    a0, s2
C0:      18034 [1] pc=[00000000800008dc] W[r 1=00000000800008e0][1] R[r 0=0000000000000000] R[r 0=0000000000000000] inst=[fa7ff0ef] jal     pc - 0x5a
C0:      18035 [1] pc=[0000000080000882] W[r15=ffffffffffffffe0][1] R[r12=0000000080002440] R[r 0=0000000000000000] inst=[0000465c] c.lw    a5, 12(a2)
C0:      18037 [1] pc=[0000000080000884] W[r15=ffffffffffffffdf][1] R[r15=ffffffffffffffe0] R[r 0=0000000000000000] inst=[000037fd] c.addiw a5, -1
C0:      18038 [1] pc=[0000000080000886] W[r 0=0000000000000000][0] R[r12=0000000080002440] R[r15=ffffffffffffffdf] inst=[0000c65c] c.sw    a5, 12(a2)
C0:      18039 [1] pc=[0000000080000888] W[r13=ffffffdf00000000][1] R[r15=ffffffffffffffdf] R[r 0=0000000000000000] inst=[02079693] slli    a3, a5, 32
C0:      18040 [1] pc=[000000008000088c] W[r14=ffffffffffffffdf][1] R[r15=ffffffffffffffdf] R[r 0=0000000000000000] inst=[0007871b] sext.w  a4, a5
C0:      18041 [1] pc=[0000000080000890] W[r 0=0000000000000000][0] R[r13=ffffffdf00000000] R[r 0=0000000000000000] inst=[0006d963] bgez    a3, pc + 18
C0:      18042 [1] pc=[0000000080000894] W[r15=fffffffffffffc00][1] R[r12=0000000080002440] R[r 0=0000000000000000] inst=[0000561c] c.lw    a5, 40(a2)
C0:      18044 [1] pc=[0000000080000896] W[r 0=0000000000000000][0] R[r14=ffffffffffffffdf] R[r15=fffffffffffffc00] inst=[00f74563] blt     a4, a5, pc + 10
C0:      18045 [1] pc=[000000008000089a] W[r15=000000000000000a][1] R[r 0=0000000000000000] R[r 0=0000000000000000] inst=[000047a9] c.li    a5, 10
C0:      18046 [1] pc=[000000008000089c] W[r 0=0000000000000000][0] R[r11=000000000000006f] R[r15=000000000000000a] inst=[00f59363] bne     a1, a5, pc + 6
C0:      18047 [1] pc=[00000000800008a2] W[r15=0000000080002678][1] R[r12=0000000080002440] R[r 0=0000000000000000] inst=[0000621c] c.ld    a5, 0(a2)
C0:      18048 [1] pc=[00000000800008a4] W[r10=000000000000006f][1] R[r 0=0000000000000000] R[r11=000000000000006f] inst=[0000852e] c.mv    a0, a1
C0:      18049 [1] pc=[00000000800008a6] W[r14=0000000080002679][1] R[r15=0000000080002678] R[r 0=0000000000000000] inst=[00178713] addi    a4, a5, 1
C0:      18050 [1] pc=[00000000800008aa] W[r 0=0000000000000000][0] R[r12=0000000080002440] R[r14=0000000080002679] inst=[0000e218] c.sd    a4, 0(a2)
C0:      18051 [1] pc=[00000000800008ac] W[r 0=0000000000000000][0] R[r15=0000000080002678] R[r11=000000000000006f] inst=[00b78023] sb      a1, 0(a5)
C0:      18052 [1] pc=[00000000800008b0] W[r 0=00000000800008b2][1] R[r 1=00000000800008e0] R[r 0=0000000000000000] inst=[00008082] ret
C0:      18053 [1] pc=[00000000800008e0] W[r 8=0000000080001f51][1] R[r 8=0000000080001f50] R[r 0=0000000000000000] inst=[00000405] c.addi  s0, 1
C0:      18054 [1] pc=[00000000800008e2] W[r 0=0000000000000000][0] R[r10=000000000000006f] R[r20=ffffffffffffffff] inst=[ff4515e3] bne     a0, s4, pc - 22
C0:      18055 [1] pc=[00000000800008cc] W[r 0=0000000000000000][0] R[r 8=0000000080001f51] R[r 9=0000000080001f58] inst=[00941463] bne     s0, s1, pc + 8
C0:      18056 [1] pc=[00000000800008d4] W[r11=000000000000006e][1] R[r 8=0000000080001f51] R[r 0=0000000000000000] inst=[00044583] lbu     a1, 0(s0)
C0:      18057 [1] pc=[00000000800008d8] W[r12=0000000080002440][1] R[r 0=0000000000000000] R[r19=0000000080002440] inst=[0000864e] c.mv    a2, s3
C0:      18058 [1] pc=[00000000800008da] W[r10=0000000080002150][1] R[r 0=0000000000000000] R[r18=0000000080002150] inst=[0000854a] c.mv    a0, s2
C0:      18059 [1] pc=[00000000800008dc] W[r 1=00000000800008e0][1] R[r 0=0000000000000000] R[r 0=0000000000000000] inst=[fa7ff0ef] jal     pc - 0x5a
C0:      18060 [1] pc=[0000000080000882] W[r15=ffffffffffffffdf][1] R[r12=0000000080002440] R[r 0=0000000000000000] inst=[0000465c] c.lw    a5, 12(a2)
C0:      18062 [1] pc=[0000000080000884] W[r15=ffffffffffffffde][1] R[r15=ffffffffffffffdf] R[r 0=0000000000000000] inst=[000037fd] c.addiw a5, -1
C0:      18063 [1] pc=[0000000080000886] W[r 0=0000000000000000][0] R[r12=0000000080002440] R[r15=ffffffffffffffde] inst=[0000c65c] c.sw    a5, 12(a2)
C0:      18064 [1] pc=[0000000080000888] W[r13=ffffffde00000000][1] R[r15=ffffffffffffffde] R[r 0=0000000000000000] inst=[02079693] slli    a3, a5, 32
C0:      18065 [1] pc=[000000008000088c] W[r14=ffffffffffffffde][1] R[r15=ffffffffffffffde] R[r 0=0000000000000000] inst=[0007871b] sext.w  a4, a5
C0:      18066 [1] pc=[0000000080000890] W[r 0=0000000000000000][0] R[r13=ffffffde00000000] R[r 0=0000000000000000] inst=[0006d963] bgez    a3, pc + 18
C0:      18067 [1] pc=[0000000080000894] W[r15=fffffffffffffc00][1] R[r12=0000000080002440] R[r 0=0000000000000000] inst=[0000561c] c.lw    a5, 40(a2)
C0:      18069 [1] pc=[0000000080000896] W[r 0=0000000000000000][0] R[r14=ffffffffffffffde] R[r15=fffffffffffffc00] inst=[00f74563] blt     a4, a5, pc + 10
C0:      18070 [1] pc=[000000008000089a] W[r15=000000000000000a][1] R[r 0=0000000000000000] R[r 0=0000000000000000] inst=[000047a9] c.li    a5, 10
C0:      18071 [1] pc=[000000008000089c] W[r 0=0000000000000000][0] R[r11=000000000000006e] R[r15=000000000000000a] inst=[00f59363] bne     a1, a5, pc + 6
C0:      18072 [1] pc=[00000000800008a2] W[r15=0000000080002679][1] R[r12=0000000080002440] R[r 0=0000000000000000] inst=[0000621c] c.ld    a5, 0(a2)
C0:      18073 [1] pc=[00000000800008a4] W[r10=000000000000006e][1] R[r 0=0000000000000000] R[r11=000000000000006e] inst=[0000852e] c.mv    a0, a1
C0:      18074 [1] pc=[00000000800008a6] W[r14=000000008000267a][1] R[r15=0000000080002679] R[r 0=0000000000000000] inst=[00178713] addi    a4, a5, 1
C0:      18075 [1] pc=[00000000800008aa] W[r 0=0000000000000000][0] R[r12=0000000080002440] R[r14=000000008000267a] inst=[0000e218] c.sd    a4, 0(a2)
C0:      18076 [1] pc=[00000000800008ac] W[r 0=0000000000000000][0] R[r15=0000000080002679] R[r11=000000000000006e] inst=[00b78023] sb      a1, 0(a5)
C0:      18077 [1] pc=[00000000800008b0] W[r 0=00000000800008b2][1] R[r 1=00000000800008e0] R[r 0=0000000000000000] inst=[00008082] ret
C0:      18078 [1] pc=[00000000800008e0] W[r 8=0000000080001f52][1] R[r 8=0000000080001f51] R[r 0=0000000000000000] inst=[00000405] c.addi  s0, 1
C0:      18079 [1] pc=[00000000800008e2] W[r 0=0000000000000000][0] R[r10=000000000000006e] R[r20=ffffffffffffffff] inst=[ff4515e3] bne     a0, s4, pc - 22
C0:      18080 [1] pc=[00000000800008cc] W[r 0=0000000000000000][0] R[r 8=0000000080001f52] R[r 9=0000000080001f58] inst=[00941463] bne     s0, s1, pc + 8
C0:      18081 [1] pc=[00000000800008d4] W[r11=0000000000000020][1] R[r 8=0000000080001f52] R[r 0=0000000000000000] inst=[00044583] lbu     a1, 0(s0)
C0:      18082 [1] pc=[00000000800008d8] W[r12=0000000080002440][1] R[r 0=0000000000000000] R[r19=0000000080002440] inst=[0000864e] c.mv    a2, s3
C0:      18083 [1] pc=[00000000800008da] W[r10=0000000080002150][1] R[r 0=0000000000000000] R[r18=0000000080002150] inst=[0000854a] c.mv    a0, s2
C0:      18084 [1] pc=[00000000800008dc] W[r 1=00000000800008e0][1] R[r 0=0000000000000000] R[r 0=0000000000000000] inst=[fa7ff0ef] jal     pc - 0x5a
C0:      18085 [1] pc=[0000000080000882] W[r15=ffffffffffffffde][1] R[r12=0000000080002440] R[r 0=0000000000000000] inst=[0000465c] c.lw    a5, 12(a2)
C0:      18087 [1] pc=[0000000080000884] W[r15=ffffffffffffffdd][1] R[r15=ffffffffffffffde] R[r 0=0000000000000000] inst=[000037fd] c.addiw a5, -1
C0:      18088 [1] pc=[0000000080000886] W[r 0=0000000000000000][0] R[r12=0000000080002440] R[r15=ffffffffffffffdd] inst=[0000c65c] c.sw    a5, 12(a2)
C0:      18089 [1] pc=[0000000080000888] W[r13=ffffffdd00000000][1] R[r15=ffffffffffffffdd] R[r 0=0000000000000000] inst=[02079693] slli    a3, a5, 32
C0:      18090 [1] pc=[000000008000088c] W[r14=ffffffffffffffdd][1] R[r15=ffffffffffffffdd] R[r 0=0000000000000000] inst=[0007871b] sext.w  a4, a5
C0:      18091 [1] pc=[0000000080000890] W[r 0=0000000000000000][0] R[r13=ffffffdd00000000] R[r 0=0000000000000000] inst=[0006d963] bgez    a3, pc + 18
C0:      18092 [1] pc=[0000000080000894] W[r15=fffffffffffffc00][1] R[r12=0000000080002440] R[r 0=0000000000000000] inst=[0000561c] c.lw    a5, 40(a2)
C0:      18094 [1] pc=[0000000080000896] W[r 0=0000000000000000][0] R[r14=ffffffffffffffdd] R[r15=fffffffffffffc00] inst=[00f74563] blt     a4, a5, pc + 10
C0:      18095 [1] pc=[000000008000089a] W[r15=000000000000000a][1] R[r 0=0000000000000000] R[r 0=0000000000000000] inst=[000047a9] c.li    a5, 10
C0:      18096 [1] pc=[000000008000089c] W[r 0=0000000000000000][0] R[r11=0000000000000020] R[r15=000000000000000a] inst=[00f59363] bne     a1, a5, pc + 6
C0:      18097 [1] pc=[00000000800008a2] W[r15=000000008000267a][1] R[r12=0000000080002440] R[r 0=0000000000000000] inst=[0000621c] c.ld    a5, 0(a2)
C0:      18098 [1] pc=[00000000800008a4] W[r10=0000000000000020][1] R[r 0=0000000000000000] R[r11=0000000000000020] inst=[0000852e] c.mv    a0, a1
C0:      18099 [1] pc=[00000000800008a6] W[r14=000000008000267b][1] R[r15=000000008000267a] R[r 0=0000000000000000] inst=[00178713] addi    a4, a5, 1
C0:      18100 [1] pc=[00000000800008aa] W[r 0=0000000000000000][0] R[r12=0000000080002440] R[r14=000000008000267b] inst=[0000e218] c.sd    a4, 0(a2)
C0:      18101 [1] pc=[00000000800008ac] W[r 0=0000000000000000][0] R[r15=000000008000267a] R[r11=0000000000000020] inst=[00b78023] sb      a1, 0(a5)
C0:      18102 [1] pc=[00000000800008b0] W[r 0=00000000800008b2][1] R[r 1=00000000800008e0] R[r 0=0000000000000000] inst=[00008082] ret
C0:      18103 [1] pc=[00000000800008e0] W[r 8=0000000080001f53][1] R[r 8=0000000080001f52] R[r 0=0000000000000000] inst=[00000405] c.addi  s0, 1
C0:      18104 [1] pc=[00000000800008e2] W[r 0=0000000000000000][0] R[r10=0000000000000020] R[r20=ffffffffffffffff] inst=[ff4515e3] bne     a0, s4, pc - 22
C0:      18105 [1] pc=[00000000800008cc] W[r 0=0000000000000000][0] R[r 8=0000000080001f53] R[r 9=0000000080001f58] inst=[00941463] bne     s0, s1, pc + 8
C0:      18106 [1] pc=[00000000800008d4] W[r11=0000000000000074][1] R[r 8=0000000080001f53] R[r 0=0000000000000000] inst=[00044583] lbu     a1, 0(s0)
C0:      18107 [1] pc=[00000000800008d8] W[r12=0000000080002440][1] R[r 0=0000000000000000] R[r19=0000000080002440] inst=[0000864e] c.mv    a2, s3
C0:      18108 [1] pc=[00000000800008da] W[r10=0000000080002150][1] R[r 0=0000000000000000] R[r18=0000000080002150] inst=[0000854a] c.mv    a0, s2
C0:      18109 [1] pc=[00000000800008dc] W[r 1=00000000800008e0][1] R[r 0=0000000000000000] R[r 0=0000000000000000] inst=[fa7ff0ef] jal     pc - 0x5a
C0:      18110 [1] pc=[0000000080000882] W[r15=ffffffffffffffdd][1] R[r12=0000000080002440] R[r 0=0000000000000000] inst=[0000465c] c.lw    a5, 12(a2)
C0:      18112 [1] pc=[0000000080000884] W[r15=ffffffffffffffdc][1] R[r15=ffffffffffffffdd] R[r 0=0000000000000000] inst=[000037fd] c.addiw a5, -1
C0:      18113 [1] pc=[0000000080000886] W[r 0=0000000000000000][0] R[r12=0000000080002440] R[r15=ffffffffffffffdc] inst=[0000c65c] c.sw    a5, 12(a2)
C0:      18114 [1] pc=[0000000080000888] W[r13=ffffffdc00000000][1] R[r15=ffffffffffffffdc] R[r 0=0000000000000000] inst=[02079693] slli    a3, a5, 32
C0:      18115 [1] pc=[000000008000088c] W[r14=ffffffffffffffdc][1] R[r15=ffffffffffffffdc] R[r 0=0000000000000000] inst=[0007871b] sext.w  a4, a5
C0:      18116 [1] pc=[0000000080000890] W[r 0=0000000000000000][0] R[r13=ffffffdc00000000] R[r 0=0000000000000000] inst=[0006d963] bgez    a3, pc + 18
C0:      18117 [1] pc=[0000000080000894] W[r15=fffffffffffffc00][1] R[r12=0000000080002440] R[r 0=0000000000000000] inst=[0000561c] c.lw    a5, 40(a2)
C0:      18119 [1] pc=[0000000080000896] W[r 0=0000000000000000][0] R[r14=ffffffffffffffdc] R[r15=fffffffffffffc00] inst=[00f74563] blt     a4, a5, pc + 10
C0:      18120 [1] pc=[000000008000089a] W[r15=000000000000000a][1] R[r 0=0000000000000000] R[r 0=0000000000000000] inst=[000047a9] c.li    a5, 10
C0:      18121 [1] pc=[000000008000089c] W[r 0=0000000000000000][0] R[r11=0000000000000074] R[r15=000000000000000a] inst=[00f59363] bne     a1, a5, pc + 6
C0:      18122 [1] pc=[00000000800008a2] W[r15=000000008000267b][1] R[r12=0000000080002440] R[r 0=0000000000000000] inst=[0000621c] c.ld    a5, 0(a2)
C0:      18123 [1] pc=[00000000800008a4] W[r10=0000000000000074][1] R[r 0=0000000000000000] R[r11=0000000000000074] inst=[0000852e] c.mv    a0, a1
C0:      18124 [1] pc=[00000000800008a6] W[r14=000000008000267c][1] R[r15=000000008000267b] R[r 0=0000000000000000] inst=[00178713] addi    a4, a5, 1
C0:      18125 [1] pc=[00000000800008aa] W[r 0=0000000000000000][0] R[r12=0000000080002440] R[r14=000000008000267c] inst=[0000e218] c.sd    a4, 0(a2)
C0:      18126 [1] pc=[00000000800008ac] W[r 0=0000000000000000][0] R[r15=000000008000267b] R[r11=0000000000000074] inst=[00b78023] sb      a1, 0(a5)
C0:      18127 [1] pc=[00000000800008b0] W[r 0=00000000800008b2][1] R[r 1=00000000800008e0] R[r 0=0000000000000000] inst=[00008082] ret
C0:      18128 [1] pc=[00000000800008e0] W[r 8=0000000080001f54][1] R[r 8=0000000080001f53] R[r 0=0000000000000000] inst=[00000405] c.addi  s0, 1
C0:      18129 [1] pc=[00000000800008e2] W[r 0=0000000000000000][0] R[r10=0000000000000074] R[r20=ffffffffffffffff] inst=[ff4515e3] bne     a0, s4, pc - 22
C0:      18130 [1] pc=[00000000800008cc] W[r 0=0000000000000000][0] R[r 8=0000000080001f54] R[r 9=0000000080001f58] inst=[00941463] bne     s0, s1, pc + 8
C0:      18131 [1] pc=[00000000800008d4] W[r11=000000000000006f][1] R[r 8=0000000080001f54] R[r 0=0000000000000000] inst=[00044583] lbu     a1, 0(s0)
C0:      18132 [1] pc=[00000000800008d8] W[r12=0000000080002440][1] R[r 0=0000000000000000] R[r19=0000000080002440] inst=[0000864e] c.mv    a2, s3
C0:      18133 [1] pc=[00000000800008da] W[r10=0000000080002150][1] R[r 0=0000000000000000] R[r18=0000000080002150] inst=[0000854a] c.mv    a0, s2
C0:      18134 [1] pc=[00000000800008dc] W[r 1=00000000800008e0][1] R[r 0=0000000000000000] R[r 0=0000000000000000] inst=[fa7ff0ef] jal     pc - 0x5a
C0:      18135 [1] pc=[0000000080000882] W[r15=ffffffffffffffdc][1] R[r12=0000000080002440] R[r 0=0000000000000000] inst=[0000465c] c.lw    a5, 12(a2)
C0:      18137 [1] pc=[0000000080000884] W[r15=ffffffffffffffdb][1] R[r15=ffffffffffffffdc] R[r 0=0000000000000000] inst=[000037fd] c.addiw a5, -1
C0:      18138 [1] pc=[0000000080000886] W[r 0=0000000000000000][0] R[r12=0000000080002440] R[r15=ffffffffffffffdb] inst=[0000c65c] c.sw    a5, 12(a2)
C0:      18139 [1] pc=[0000000080000888] W[r13=ffffffdb00000000][1] R[r15=ffffffffffffffdb] R[r 0=0000000000000000] inst=[02079693] slli    a3, a5, 32
C0:      18140 [1] pc=[000000008000088c] W[r14=ffffffffffffffdb][1] R[r15=ffffffffffffffdb] R[r 0=0000000000000000] inst=[0007871b] sext.w  a4, a5
C0:      18141 [1] pc=[0000000080000890] W[r 0=0000000000000000][0] R[r13=ffffffdb00000000] R[r 0=0000000000000000] inst=[0006d963] bgez    a3, pc + 18
C0:      18142 [1] pc=[0000000080000894] W[r15=fffffffffffffc00][1] R[r12=0000000080002440] R[r 0=0000000000000000] inst=[0000561c] c.lw    a5, 40(a2)
C0:      18144 [1] pc=[0000000080000896] W[r 0=0000000000000000][0] R[r14=ffffffffffffffdb] R[r15=fffffffffffffc00] inst=[00f74563] blt     a4, a5, pc + 10
C0:      18145 [1] pc=[000000008000089a] W[r15=000000000000000a][1] R[r 0=0000000000000000] R[r 0=0000000000000000] inst=[000047a9] c.li    a5, 10
C0:      18146 [1] pc=[000000008000089c] W[r 0=0000000000000000][0] R[r11=000000000000006f] R[r15=000000000000000a] inst=[00f59363] bne     a1, a5, pc + 6
C0:      18147 [1] pc=[00000000800008a2] W[r15=000000008000267c][1] R[r12=0000000080002440] R[r 0=0000000000000000] inst=[0000621c] c.ld    a5, 0(a2)
C0:      18148 [1] pc=[00000000800008a4] W[r10=000000000000006f][1] R[r 0=0000000000000000] R[r11=000000000000006f] inst=[0000852e] c.mv    a0, a1
C0:      18149 [1] pc=[00000000800008a6] W[r14=000000008000267d][1] R[r15=000000008000267c] R[r 0=0000000000000000] inst=[00178713] addi    a4, a5, 1
C0:      18150 [1] pc=[00000000800008aa] W[r 0=0000000000000000][0] R[r12=0000000080002440] R[r14=000000008000267d] inst=[0000e218] c.sd    a4, 0(a2)
C0:      18151 [1] pc=[00000000800008ac] W[r 0=0000000000000000][0] R[r15=000000008000267c] R[r11=000000000000006f] inst=[00b78023] sb      a1, 0(a5)
C0:      18152 [1] pc=[00000000800008b0] W[r 0=00000000800008b2][1] R[r 1=00000000800008e0] R[r 0=0000000000000000] inst=[00008082] ret
C0:      18153 [1] pc=[00000000800008e0] W[r 8=0000000080001f55][1] R[r 8=0000000080001f54] R[r 0=0000000000000000] inst=[00000405] c.addi  s0, 1
C0:      18154 [1] pc=[00000000800008e2] W[r 0=0000000000000000][0] R[r10=000000000000006f] R[r20=ffffffffffffffff] inst=[ff4515e3] bne     a0, s4, pc - 22
C0:      18155 [1] pc=[00000000800008cc] W[r 0=0000000000000000][0] R[r 8=0000000080001f55] R[r 9=0000000080001f58] inst=[00941463] bne     s0, s1, pc + 8
C0:      18156 [1] pc=[00000000800008d4] W[r11=000000000000006f][1] R[r 8=0000000080001f55] R[r 0=0000000000000000] inst=[00044583] lbu     a1, 0(s0)
C0:      18157 [1] pc=[00000000800008d8] W[r12=0000000080002440][1] R[r 0=0000000000000000] R[r19=0000000080002440] inst=[0000864e] c.mv    a2, s3
C0:      18158 [1] pc=[00000000800008da] W[r10=0000000080002150][1] R[r 0=0000000000000000] R[r18=0000000080002150] inst=[0000854a] c.mv    a0, s2
C0:      18159 [1] pc=[00000000800008dc] W[r 1=00000000800008e0][1] R[r 0=0000000000000000] R[r 0=0000000000000000] inst=[fa7ff0ef] jal     pc - 0x5a
C0:      18160 [1] pc=[0000000080000882] W[r15=ffffffffffffffdb][1] R[r12=0000000080002440] R[r 0=0000000000000000] inst=[0000465c] c.lw    a5, 12(a2)
C0:      18162 [1] pc=[0000000080000884] W[r15=ffffffffffffffda][1] R[r15=ffffffffffffffdb] R[r 0=0000000000000000] inst=[000037fd] c.addiw a5, -1
C0:      18163 [1] pc=[0000000080000886] W[r 0=0000000000000000][0] R[r12=0000000080002440] R[r15=ffffffffffffffda] inst=[0000c65c] c.sw    a5, 12(a2)
C0:      18164 [1] pc=[0000000080000888] W[r13=ffffffda00000000][1] R[r15=ffffffffffffffda] R[r 0=0000000000000000] inst=[02079693] slli    a3, a5, 32
C0:      18165 [1] pc=[000000008000088c] W[r14=ffffffffffffffda][1] R[r15=ffffffffffffffda] R[r 0=0000000000000000] inst=[0007871b] sext.w  a4, a5
C0:      18166 [1] pc=[0000000080000890] W[r 0=0000000000000000][0] R[r13=ffffffda00000000] R[r 0=0000000000000000] inst=[0006d963] bgez    a3, pc + 18
C0:      18167 [1] pc=[0000000080000894] W[r15=fffffffffffffc00][1] R[r12=0000000080002440] R[r 0=0000000000000000] inst=[0000561c] c.lw    a5, 40(a2)
C0:      18169 [1] pc=[0000000080000896] W[r 0=0000000000000000][0] R[r14=ffffffffffffffda] R[r15=fffffffffffffc00] inst=[00f74563] blt     a4, a5, pc + 10
C0:      18170 [1] pc=[000000008000089a] W[r15=000000000000000a][1] R[r 0=0000000000000000] R[r 0=0000000000000000] inst=[000047a9] c.li    a5, 10
C0:      18171 [1] pc=[000000008000089c] W[r 0=0000000000000000][0] R[r11=000000000000006f] R[r15=000000000000000a] inst=[00f59363] bne     a1, a5, pc + 6
C0:      18172 [1] pc=[00000000800008a2] W[r15=000000008000267d][1] R[r12=0000000080002440] R[r 0=0000000000000000] inst=[0000621c] c.ld    a5, 0(a2)
C0:      18173 [1] pc=[00000000800008a4] W[r10=000000000000006f][1] R[r 0=0000000000000000] R[r11=000000000000006f] inst=[0000852e] c.mv    a0, a1
C0:      18174 [1] pc=[00000000800008a6] W[r14=000000008000267e][1] R[r15=000000008000267d] R[r 0=0000000000000000] inst=[00178713] addi    a4, a5, 1
C0:      18175 [1] pc=[00000000800008aa] W[r 0=0000000000000000][0] R[r12=0000000080002440] R[r14=000000008000267e] inst=[0000e218] c.sd    a4, 0(a2)
C0:      18176 [1] pc=[00000000800008ac] W[r 0=0000000000000000][0] R[r15=000000008000267d] R[r11=000000000000006f] inst=[00b78023] sb      a1, 0(a5)
C0:      18177 [1] pc=[00000000800008b0] W[r 0=00000000800008b2][1] R[r 1=00000000800008e0] R[r 0=0000000000000000] inst=[00008082] ret
C0:      18178 [1] pc=[00000000800008e0] W[r 8=0000000080001f56][1] R[r 8=0000000080001f55] R[r 0=0000000000000000] inst=[00000405] c.addi  s0, 1
C0:      18179 [1] pc=[00000000800008e2] W[r 0=0000000000000000][0] R[r10=000000000000006f] R[r20=ffffffffffffffff] inst=[ff4515e3] bne     a0, s4, pc - 22
C0:      18180 [1] pc=[00000000800008cc] W[r 0=0000000000000000][0] R[r 8=0000000080001f56] R[r 9=0000000080001f58] inst=[00941463] bne     s0, s1, pc + 8
C0:      18181 [1] pc=[00000000800008d4] W[r11=000000000000006b][1] R[r 8=0000000080001f56] R[r 0=0000000000000000] inst=[00044583] lbu     a1, 0(s0)
C0:      18182 [1] pc=[00000000800008d8] W[r12=0000000080002440][1] R[r 0=0000000000000000] R[r19=0000000080002440] inst=[0000864e] c.mv    a2, s3
C0:      18183 [1] pc=[00000000800008da] W[r10=0000000080002150][1] R[r 0=0000000000000000] R[r18=0000000080002150] inst=[0000854a] c.mv    a0, s2
C0:      18184 [1] pc=[00000000800008dc] W[r 1=00000000800008e0][1] R[r 0=0000000000000000] R[r 0=0000000000000000] inst=[fa7ff0ef] jal     pc - 0x5a
C0:      18185 [1] pc=[0000000080000882] W[r15=ffffffffffffffda][1] R[r12=0000000080002440] R[r 0=0000000000000000] inst=[0000465c] c.lw    a5, 12(a2)
C0:      18187 [1] pc=[0000000080000884] W[r15=ffffffffffffffd9][1] R[r15=ffffffffffffffda] R[r 0=0000000000000000] inst=[000037fd] c.addiw a5, -1
C0:      18188 [1] pc=[0000000080000886] W[r 0=0000000000000000][0] R[r12=0000000080002440] R[r15=ffffffffffffffd9] inst=[0000c65c] c.sw    a5, 12(a2)
C0:      18189 [1] pc=[0000000080000888] W[r13=ffffffd900000000][1] R[r15=ffffffffffffffd9] R[r 0=0000000000000000] inst=[02079693] slli    a3, a5, 32
C0:      18190 [1] pc=[000000008000088c] W[r14=ffffffffffffffd9][1] R[r15=ffffffffffffffd9] R[r 0=0000000000000000] inst=[0007871b] sext.w  a4, a5
C0:      18191 [1] pc=[0000000080000890] W[r 0=0000000000000000][0] R[r13=ffffffd900000000] R[r 0=0000000000000000] inst=[0006d963] bgez    a3, pc + 18
C0:      18192 [1] pc=[0000000080000894] W[r15=fffffffffffffc00][1] R[r12=0000000080002440] R[r 0=0000000000000000] inst=[0000561c] c.lw    a5, 40(a2)
C0:      18194 [1] pc=[0000000080000896] W[r 0=0000000000000000][0] R[r14=ffffffffffffffd9] R[r15=fffffffffffffc00] inst=[00f74563] blt     a4, a5, pc + 10
C0:      18195 [1] pc=[000000008000089a] W[r15=000000000000000a][1] R[r 0=0000000000000000] R[r 0=0000000000000000] inst=[000047a9] c.li    a5, 10
C0:      18196 [1] pc=[000000008000089c] W[r 0=0000000000000000][0] R[r11=000000000000006b] R[r15=000000000000000a] inst=[00f59363] bne     a1, a5, pc + 6
C0:      18197 [1] pc=[00000000800008a2] W[r15=000000008000267e][1] R[r12=0000000080002440] R[r 0=0000000000000000] inst=[0000621c] c.ld    a5, 0(a2)
C0:      18198 [1] pc=[00000000800008a4] W[r10=000000000000006b][1] R[r 0=0000000000000000] R[r11=000000000000006b] inst=[0000852e] c.mv    a0, a1
C0:      18199 [1] pc=[00000000800008a6] W[r14=000000008000267f][1] R[r15=000000008000267e] R[r 0=0000000000000000] inst=[00178713] addi    a4, a5, 1
C0:      18200 [1] pc=[00000000800008aa] W[r 0=0000000000000000][0] R[r12=0000000080002440] R[r14=000000008000267f] inst=[0000e218] c.sd    a4, 0(a2)
C0:      18201 [1] pc=[00000000800008ac] W[r 0=0000000000000000][0] R[r15=000000008000267e] R[r11=000000000000006b] inst=[00b78023] sb      a1, 0(a5)
C0:      18202 [1] pc=[00000000800008b0] W[r 0=00000000800008b2][1] R[r 1=00000000800008e0] R[r 0=0000000000000000] inst=[00008082] ret
C0:      18203 [1] pc=[00000000800008e0] W[r 8=0000000080001f57][1] R[r 8=0000000080001f56] R[r 0=0000000000000000] inst=[00000405] c.addi  s0, 1
C0:      18204 [1] pc=[00000000800008e2] W[r 0=0000000000000000][0] R[r10=000000000000006b] R[r20=ffffffffffffffff] inst=[ff4515e3] bne     a0, s4, pc - 22
C0:      18205 [1] pc=[00000000800008cc] W[r 0=0000000000000000][0] R[r 8=0000000080001f57] R[r 9=0000000080001f58] inst=[00941463] bne     s0, s1, pc + 8
C0:      18206 [1] pc=[00000000800008d4] W[r11=0000000000000020][1] R[r 8=0000000080001f57] R[r 0=0000000000000000] inst=[00044583] lbu     a1, 0(s0)
C0:      18207 [1] pc=[00000000800008d8] W[r12=0000000080002440][1] R[r 0=0000000000000000] R[r19=0000000080002440] inst=[0000864e] c.mv    a2, s3
C0:      18208 [1] pc=[00000000800008da] W[r10=0000000080002150][1] R[r 0=0000000000000000] R[r18=0000000080002150] inst=[0000854a] c.mv    a0, s2
C0:      18209 [1] pc=[00000000800008dc] W[r 1=00000000800008e0][1] R[r 0=0000000000000000] R[r 0=0000000000000000] inst=[fa7ff0ef] jal     pc - 0x5a
C0:      18210 [1] pc=[0000000080000882] W[r15=ffffffffffffffd9][1] R[r12=0000000080002440] R[r 0=0000000000000000] inst=[0000465c] c.lw    a5, 12(a2)
C0:      18212 [1] pc=[0000000080000884] W[r15=ffffffffffffffd8][1] R[r15=ffffffffffffffd9] R[r 0=0000000000000000] inst=[000037fd] c.addiw a5, -1
C0:      18213 [1] pc=[0000000080000886] W[r 0=0000000000000000][0] R[r12=0000000080002440] R[r15=ffffffffffffffd8] inst=[0000c65c] c.sw    a5, 12(a2)
C0:      18214 [1] pc=[0000000080000888] W[r13=ffffffd800000000][1] R[r15=ffffffffffffffd8] R[r 0=0000000000000000] inst=[02079693] slli    a3, a5, 32
C0:      18215 [1] pc=[000000008000088c] W[r14=ffffffffffffffd8][1] R[r15=ffffffffffffffd8] R[r 0=0000000000000000] inst=[0007871b] sext.w  a4, a5
C0:      18216 [1] pc=[0000000080000890] W[r 0=0000000000000000][0] R[r13=ffffffd800000000] R[r 0=0000000000000000] inst=[0006d963] bgez    a3, pc + 18
C0:      18217 [1] pc=[0000000080000894] W[r15=fffffffffffffc00][1] R[r12=0000000080002440] R[r 0=0000000000000000] inst=[0000561c] c.lw    a5, 40(a2)
C0:      18219 [1] pc=[0000000080000896] W[r 0=0000000000000000][0] R[r14=ffffffffffffffd8] R[r15=fffffffffffffc00] inst=[00f74563] blt     a4, a5, pc + 10
C0:      18220 [1] pc=[000000008000089a] W[r15=000000000000000a][1] R[r 0=0000000000000000] R[r 0=0000000000000000] inst=[000047a9] c.li    a5, 10
C0:      18221 [1] pc=[000000008000089c] W[r 0=0000000000000000][0] R[r11=0000000000000020] R[r15=000000000000000a] inst=[00f59363] bne     a1, a5, pc + 6
C0:      18222 [1] pc=[00000000800008a2] W[r15=000000008000267f][1] R[r12=0000000080002440] R[r 0=0000000000000000] inst=[0000621c] c.ld    a5, 0(a2)
C0:      18223 [1] pc=[00000000800008a4] W[r10=0000000000000020][1] R[r 0=0000000000000000] R[r11=0000000000000020] inst=[0000852e] c.mv    a0, a1
C0:      18224 [1] pc=[00000000800008a6] W[r14=0000000080002680][1] R[r15=000000008000267f] R[r 0=0000000000000000] inst=[00178713] addi    a4, a5, 1
C0:      18225 [1] pc=[00000000800008aa] W[r 0=0000000000000000][0] R[r12=0000000080002440] R[r14=0000000080002680] inst=[0000e218] c.sd    a4, 0(a2)
C0:      18226 [1] pc=[00000000800008ac] W[r 0=0000000000000000][0] R[r15=000000008000267f] R[r11=0000000000000020] inst=[00b78023] sb      a1, 0(a5)
C0:      18227 [1] pc=[00000000800008b0] W[r 0=00000000800008b2][1] R[r 1=00000000800008e0] R[r 0=0000000000000000] inst=[00008082] ret
C0:      18228 [1] pc=[00000000800008e0] W[r 8=0000000080001f58][1] R[r 8=0000000080001f57] R[r 0=0000000000000000] inst=[00000405] c.addi  s0, 1
C0:      18229 [1] pc=[00000000800008e2] W[r 0=0000000000000000][0] R[r10=0000000000000020] R[r20=ffffffffffffffff] inst=[ff4515e3] bne     a0, s4, pc - 22
C0:      18230 [1] pc=[00000000800008cc] W[r 0=0000000000000000][0] R[r 8=0000000080001f58] R[r 9=0000000080001f58] inst=[00941463] bne     s0, s1, pc + 8
C0:      18234 [1] pc=[00000000800008d0] W[r10=0000000000000000][1] R[r 0=0000000000000000] R[r 0=0000000000000000] inst=[00004501] c.li    a0, 0
C0:      18235 [1] pc=[00000000800008d2] W[r 0=00000000800008d4][1] R[r 0=0000000000000000] R[r 0=0000000000000000] inst=[0000a811] c.j     pc + 20
C0:      18236 [1] pc=[00000000800008e6] W[r 1=00000000800009b0][1] R[r 2=000000008002ae30] R[r 0=0000000000000000] inst=[000070a2] c.ldsp  ra, 40(sp)
C0:      18237 [1] pc=[00000000800008e8] W[r 8=0000000080001f58][1] R[r 2=000000008002ae30] R[r 0=0000000000000000] inst=[00007402] c.ldsp  s0, 32(sp)
C0:      18238 [1] pc=[00000000800008ea] W[r 9=0000000080002440][1] R[r 2=000000008002ae30] R[r 0=0000000000000000] inst=[000064e2] c.ldsp  s1, 24(sp)
C0:      18239 [1] pc=[00000000800008ec] W[r18=0000000080001f30][1] R[r 2=000000008002ae30] R[r 0=0000000000000000] inst=[00006942] c.ldsp  s2, 16(sp)
C0:      18240 [1] pc=[00000000800008ee] W[r19=0000000080002150][1] R[r 2=000000008002ae30] R[r 0=0000000000000000] inst=[000069a2] c.ldsp  s3, 8(sp)
C0:      18241 [1] pc=[00000000800008f0] W[r20=0000000000000000][1] R[r 2=000000008002ae30] R[r 0=0000000000000000] inst=[00006a02] c.ldsp  s4, 0(sp)
C0:      18242 [1] pc=[00000000800008f2] W[r 2=000000008002ae60][1] R[r 2=000000008002ae30] R[r 0=0000000000000000] inst=[00006145] c.addi16sp sp, 48
C0:      18243 [1] pc=[00000000800008f4] W[r 0=00000000800008f6][1] R[r 1=00000000800009b0] R[r 0=0000000000000000] inst=[00008082] ret
C0:      18244 [1] pc=[00000000800009b0] W[r 0=0000000000000000][0] R[r10=0000000000000000] R[r21=ffffffffffffffff] inst=[1f550d63] beq     a0, s5, pc + 506
C0:      18245 [1] pc=[00000000800009b4] W[r15=0000000000000000][1] R[r 2=000000008002ae60] R[r 0=0000000000000000] inst=[00005792] c.lwsp  a5, 36(sp)
C0:      18247 [1] pc=[00000000800009b6] W[r15=0000000000000028][1] R[r15=0000000000000000] R[r26=0000000000000028] inst=[01a787bb] addw    a5, a5, s10
C0:      18248 [1] pc=[00000000800009ba] W[r 0=0000000000000000][0] R[r 2=000000008002ae60] R[r15=0000000000000028] inst=[0000d23e] c.swsp  a5, 36(sp)
C0:      18249 [1] pc=[00000000800009bc] W[r15=0000000000000025][1] R[r 8=0000000080001f58] R[r 0=0000000000000000] inst=[00044783] lbu     a5, 0(s0)
C0:      18252 [1] pc=[00000000800009c0] W[r 0=0000000000000000][0] R[r15=0000000000000025] R[r 0=0000000000000000] inst=[1e078563] beqz    a5, pc + 490
C0:      18256 [1] pc=[00000000800009c4] W[r18=0000000080001f59][1] R[r 8=0000000080001f58] R[r 0=0000000000000000] inst=[00140913] addi    s2, s0, 1
C0:      18257 [1] pc=[00000000800009c8] W[r 0=0000000000000000][0] R[r 2=000000008002ae60] R[r24=ffffffff00000000] inst=[0000e862] c.sdsp  s8, 16(sp)
C0:      18258 [1] pc=[00000000800009ca] W[r 0=0000000000000000][0] R[r 2=000000008002ae60] R[r 0=0000000000000000] inst=[0000ec02] c.sdsp  zero, 24(sp)
C0:      18259 [1] pc=[00000000800009cc] W[r 0=0000000000000000][0] R[r 2=000000008002ae60] R[r 0=0000000000000000] inst=[040109a3] sb      zero, 83(sp)
C0:      18260 [1] pc=[00000000800009d0] W[r 0=0000000000000000][0] R[r 2=000000008002ae60] R[r 0=0000000000000000] inst=[0000d482] c.swsp  zero, 104(sp)
C0:      18261 [1] pc=[00000000800009d2] W[r11=000000000000006c][1] R[r18=0000000080001f59] R[r 0=0000000000000000] inst=[00094583] lbu     a1, 0(s2)
C0:      18262 [1] pc=[00000000800009d6] W[r12=0000000000000005][1] R[r 0=0000000000000000] R[r 0=0000000000000000] inst=[00004615] c.li    a2, 5
C0:      18263 [1] pc=[00000000800009d8] W[r10=0000000080002020][1] R[r 0=0000000000000000] R[r22=0000000080002020] inst=[0000855a] c.mv    a0, s6
C0:      18264 [1] pc=[00000000800009da] W[r 1=00000000800009de][1] R[r 0=0000000000000000] R[r 0=0000000000000000] inst=[307000ef] jal     pc + 0xb06
C0:      18265 [1] pc=[00000000800014e0] W[r11=000000000000006c][1] R[r11=000000000000006c] R[r 0=0000000000000000] inst=[0ff5f593] andi    a1, a1, 255
C0:      18266 [1] pc=[00000000800014e4] W[r12=0000000080002025][1] R[r12=0000000000000005] R[r10=0000000080002020] inst=[0000962a] c.add   a2, a0
C0:      18267 [1] pc=[00000000800014e6] W[r 0=0000000000000000][0] R[r10=0000000080002020] R[r12=0000000080002025] inst=[00c51463] bne     a0, a2, pc + 8
C0:      18272 [1] pc=[00000000800014ee] W[r15=0000000000000023][1] R[r10=0000000080002020] R[r 0=0000000000000000] inst=[00054783] lbu     a5, 0(a0)
C0:      18275 [1] pc=[00000000800014f2] W[r 0=0000000000000000][0] R[r15=0000000000000023] R[r11=000000000000006c] inst=[feb78de3] beq     a5, a1, pc - 6
C0:      18276 [1] pc=[00000000800014f6] W[r10=0000000080002021][1] R[r10=0000000080002020] R[r 0=0000000000000000] inst=[00000505] c.addi  a0, 1
C0:      18277 [1] pc=[00000000800014f8] W[r 0=00000000800014fa][1] R[r 0=0000000000000000] R[r 0=0000000000000000] inst=[0000b7fd] c.j     pc - 18
C0:      18278 [1] pc=[00000000800014e6] W[r 0=0000000000000000][0] R[r10=0000000080002021] R[r12=0000000080002025] inst=[00c51463] bne     a0, a2, pc + 8
C0:      18280 [1] pc=[00000000800014ee] W[r15=000000000000002d][1] R[r10=0000000080002021] R[r 0=0000000000000000] inst=[00054783] lbu     a5, 0(a0)
C0:      18283 [1] pc=[00000000800014f2] W[r 0=0000000000000000][0] R[r15=000000000000002d] R[r11=000000000000006c] inst=[feb78de3] beq     a5, a1, pc - 6
C0:      18284 [1] pc=[00000000800014f6] W[r10=0000000080002022][1] R[r10=0000000080002021] R[r 0=0000000000000000] inst=[00000505] c.addi  a0, 1
C0:      18285 [1] pc=[00000000800014f8] W[r 0=00000000800014fa][1] R[r 0=0000000000000000] R[r 0=0000000000000000] inst=[0000b7fd] c.j     pc - 18
C0:      18286 [1] pc=[00000000800014e6] W[r 0=0000000000000000][0] R[r10=0000000080002022] R[r12=0000000080002025] inst=[00c51463] bne     a0, a2, pc + 8
C0:      18288 [1] pc=[00000000800014ee] W[r15=0000000000000030][1] R[r10=0000000080002022] R[r 0=0000000000000000] inst=[00054783] lbu     a5, 0(a0)
C0:      18291 [1] pc=[00000000800014f2] W[r 0=0000000000000000][0] R[r15=0000000000000030] R[r11=000000000000006c] inst=[feb78de3] beq     a5, a1, pc - 6
C0:      18292 [1] pc=[00000000800014f6] W[r10=0000000080002023][1] R[r10=0000000080002022] R[r 0=0000000000000000] inst=[00000505] c.addi  a0, 1
C0:      18293 [1] pc=[00000000800014f8] W[r 0=00000000800014fa][1] R[r 0=0000000000000000] R[r 0=0000000000000000] inst=[0000b7fd] c.j     pc - 18
C0:      18294 [1] pc=[00000000800014e6] W[r 0=0000000000000000][0] R[r10=0000000080002023] R[r12=0000000080002025] inst=[00c51463] bne     a0, a2, pc + 8
C0:      18296 [1] pc=[00000000800014ee] W[r15=000000000000002b][1] R[r10=0000000080002023] R[r 0=0000000000000000] inst=[00054783] lbu     a5, 0(a0)
C0:      18299 [1] pc=[00000000800014f2] W[r 0=0000000000000000][0] R[r15=000000000000002b] R[r11=000000000000006c] inst=[feb78de3] beq     a5, a1, pc - 6
C0:      18300 [1] pc=[00000000800014f6] W[r10=0000000080002024][1] R[r10=0000000080002023] R[r 0=0000000000000000] inst=[00000505] c.addi  a0, 1
C0:      18301 [1] pc=[00000000800014f8] W[r 0=00000000800014fa][1] R[r 0=0000000000000000] R[r 0=0000000000000000] inst=[0000b7fd] c.j     pc - 18
C0:      18302 [1] pc=[00000000800014e6] W[r 0=0000000000000000][0] R[r10=0000000080002024] R[r12=0000000080002025] inst=[00c51463] bne     a0, a2, pc + 8
C0:      18304 [1] pc=[00000000800014ee] W[r15=0000000000000020][1] R[r10=0000000080002024] R[r 0=0000000000000000] inst=[00054783] lbu     a5, 0(a0)
C0:      18307 [1] pc=[00000000800014f2] W[r 0=0000000000000000][0] R[r15=0000000000000020] R[r11=000000000000006c] inst=[feb78de3] beq     a5, a1, pc - 6
C0:      18308 [1] pc=[00000000800014f6] W[r10=0000000080002025][1] R[r10=0000000080002024] R[r 0=0000000000000000] inst=[00000505] c.addi  a0, 1
C0:      18309 [1] pc=[00000000800014f8] W[r 0=00000000800014fa][1] R[r 0=0000000000000000] R[r 0=0000000000000000] inst=[0000b7fd] c.j     pc - 18
C0:      18310 [1] pc=[00000000800014e6] W[r 0=0000000000000000][0] R[r10=0000000080002025] R[r12=0000000080002025] inst=[00c51463] bne     a0, a2, pc + 8
C0:      18314 [1] pc=[00000000800014ea] W[r10=0000000000000000][1] R[r 0=0000000000000000] R[r 0=0000000000000000] inst=[00004501] c.li    a0, 0
C0:      18315 [1] pc=[00000000800014ec] W[r 0=00000000800014ee][1] R[r 1=00000000800009de] R[r 0=0000000000000000] inst=[00008082] ret
C0:      18320 [1] pc=[00000000800009de] W[r 8=0000000080001f5a][1] R[r18=0000000080001f59] R[r 0=0000000000000000] inst=[00190413] addi    s0, s2, 1
C0:      18321 [1] pc=[00000000800009e2] W[r 0=0000000000000000][0] R[r10=0000000000000000] R[r 0=0000000000000000] inst=[0000ed59] c.bnez  a0, pc + 158
C0:      18322 [1] pc=[00000000800009e4] W[r15=0000000000000000][1] R[r 2=000000008002ae60] R[r 0=0000000000000000] inst=[000047c2] c.lwsp  a5, 16(sp)
C0:      18324 [1] pc=[00000000800009e6] W[r14=0000000000000000][1] R[r15=0000000000000000] R[r 0=0000000000000000] inst=[0107f713] andi    a4, a5, 16
C0:      18325 [1] pc=[00000000800009ea] W[r 0=0000000000000000][0] R[r14=0000000000000000] R[r 0=0000000000000000] inst=[0000c709] c.beqz  a4, pc + 10
C0:      18326 [1] pc=[00000000800009f4] W[r14=0000000000000000][1] R[r15=0000000000000000] R[r 0=0000000000000000] inst=[0087f713] andi    a4, a5, 8
C0:      18327 [1] pc=[00000000800009f8] W[r 0=0000000000000000][0] R[r14=0000000000000000] R[r 0=0000000000000000] inst=[0000c709] c.beqz  a4, pc + 10
C0:      18332 [1] pc=[0000000080000a02] W[r13=000000000000006c][1] R[r18=0000000080001f59] R[r 0=0000000000000000] inst=[00094683] lbu     a3, 0(s2)
C0:      18333 [1] pc=[0000000080000a06] W[r14=000000000000002a][1] R[r 0=0000000000000000] R[r 0=0000000000000000] inst=[02a00713] li      a4, 42
C0:      18335 [1] pc=[0000000080000a0a] W[r 0=0000000000000000][0] R[r13=000000000000006c] R[r14=000000000000002a] inst=[08e68463] beq     a3, a4, pc + 136
C0:      18336 [1] pc=[0000000080000a0e] W[r15=0000000000000000][1] R[r 2=000000008002ae60] R[r 0=0000000000000000] inst=[000047f2] c.lwsp  a5, 28(sp)
C0:      18337 [1] pc=[0000000080000a10] W[r 8=0000000080001f59][1] R[r 0=0000000000000000] R[r18=0000000080001f59] inst=[0000844a] c.mv    s0, s2
C0:      18338 [1] pc=[0000000080000a12] W[r13=0000000000000000][1] R[r 0=0000000000000000] R[r 0=0000000000000000] inst=[00004681] c.li    a3, 0
C0:      18339 [1] pc=[0000000080000a14] W[r12=0000000000000009][1] R[r 0=0000000000000000] R[r 0=0000000000000000] inst=[00004625] c.li    a2, 9
C0:      18340 [1] pc=[0000000080000a16] W[r16=000000000000000a][1] R[r 0=0000000000000000] R[r 0=0000000000000000] inst=[00004829] c.li    a6, 10
C0:      18341 [1] pc=[0000000080000a18] W[r14=000000000000006c][1] R[r 8=0000000080001f59] R[r 0=0000000000000000] inst=[00044703] lbu     a4, 0(s0)
C0:      18342 [1] pc=[0000000080000a1c] W[r10=0000000080001f5a][1] R[r 8=0000000080001f59] R[r 0=0000000000000000] inst=[00140513] addi    a0, s0, 1
C0:      18344 [1] pc=[0000000080000a20] W[r11=000000000000003c][1] R[r14=000000000000006c] R[r 0=0000000000000000] inst=[fd07059b] addiw   a1, a4, -48
C0:      18345 [1] pc=[0000000080000a24] W[r14=000000000000003c][1] R[r 0=0000000000000000] R[r11=000000000000003c] inst=[0000872e] c.mv    a4, a1
C0:      18346 [1] pc=[0000000080000a26] W[r 0=0000000000000000][0] R[r12=0000000000000009] R[r11=000000000000003c] inst=[0ab67b63] bgeu    a2, a1, pc + 182
C0:      18347 [1] pc=[0000000080000a2a] W[r 0=0000000000000000][0] R[r13=0000000000000000] R[r 0=0000000000000000] inst=[0000cea5] c.beqz  a3, pc + 120
C0:      18352 [1] pc=[0000000080000aa2] W[r14=000000000000006c][1] R[r 8=0000000080001f59] R[r 0=0000000000000000] inst=[00044703] lbu     a4, 0(s0)
C0:      18353 [1] pc=[0000000080000aa6] W[r15=000000000000002e][1] R[r 0=0000000000000000] R[r 0=0000000000000000] inst=[02e00793] li      a5, 46
C0:      18355 [1] pc=[0000000080000aaa] W[r 0=0000000000000000][0] R[r14=000000000000006c] R[r15=000000000000002e] inst=[04f71063] bne     a4, a5, pc + 64
C0:      18357 [1] pc=[0000000080000aea] W[r11=000000000000006c][1] R[r 8=0000000080001f59] R[r 0=0000000000000000] inst=[00044583] lbu     a1, 0(s0)
C0:      18358 [1] pc=[0000000080000aee] W[r12=0000000000000003][1] R[r 0=0000000000000000] R[r 0=0000000000000000] inst=[0000460d] c.li    a2, 3
C0:      18359 [1] pc=[0000000080000af0] W[r10=0000000080001af0][1] R[r 0=0000000000000000] R[r 0=0000000000000000] inst=[00001517] auipc   a0, 0x1
C0:      18360 [1] pc=[0000000080000af4] W[r10=0000000080002028][1] R[r10=0000000080001af0] R[r 0=0000000000000000] inst=[53850513] addi    a0, a0, 1336
C0:      18361 [1] pc=[0000000080000af8] W[r 1=0000000080000afc][1] R[r 0=0000000000000000] R[r 0=0000000000000000] inst=[1e9000ef] jal     pc + 0x9e8
C0:      18362 [1] pc=[00000000800014e0] W[r11=000000000000006c][1] R[r11=000000000000006c] R[r 0=0000000000000000] inst=[0ff5f593] andi    a1, a1, 255
C0:      18363 [1] pc=[00000000800014e4] W[r12=000000008000202b][1] R[r12=0000000000000003] R[r10=0000000080002028] inst=[0000962a] c.add   a2, a0
C0:      18364 [1] pc=[00000000800014e6] W[r 0=0000000000000000][0] R[r10=0000000080002028] R[r12=000000008000202b] inst=[00c51463] bne     a0, a2, pc + 8
C0:      18369 [1] pc=[00000000800014ee] W[r15=0000000000000068][1] R[r10=0000000080002028] R[r 0=0000000000000000] inst=[00054783] lbu     a5, 0(a0)
C0:      18372 [1] pc=[00000000800014f2] W[r 0=0000000000000000][0] R[r15=0000000000000068] R[r11=000000000000006c] inst=[feb78de3] beq     a5, a1, pc - 6
C0:      18376 [1] pc=[00000000800014f6] W[r10=0000000080002029][1] R[r10=0000000080002028] R[r 0=0000000000000000] inst=[00000505] c.addi  a0, 1
C0:      18377 [1] pc=[00000000800014f8] W[r 0=00000000800014fa][1] R[r 0=0000000000000000] R[r 0=0000000000000000] inst=[0000b7fd] c.j     pc - 18
C0:      18379 [1] pc=[00000000800014e6] W[r 0=0000000000000000][0] R[r10=0000000080002029] R[r12=000000008000202b] inst=[00c51463] bne     a0, a2, pc + 8
C0:      18381 [1] pc=[00000000800014ee] W[r15=000000000000006c][1] R[r10=0000000080002029] R[r 0=0000000000000000] inst=[00054783] lbu     a5, 0(a0)
C0:      18384 [1] pc=[00000000800014f2] W[r 0=0000000000000000][0] R[r15=000000000000006c] R[r11=000000000000006c] inst=[feb78de3] beq     a5, a1, pc - 6
C0:      18388 [1] pc=[00000000800014ec] W[r 0=00000000800014ee][1] R[r 1=0000000080000afc] R[r 0=0000000000000000] inst=[00008082] ret
C0:      18392 [1] pc=[0000000080000afc] W[r 0=0000000000000000][0] R[r10=0000000080002029] R[r 0=0000000000000000] inst=[0000cd11] c.beqz  a0, pc + 28
C0:      18393 [1] pc=[0000000080000afe] W[r15=0000000080001afe][1] R[r 0=0000000000000000] R[r 0=0000000000000000] inst=[00001797] auipc   a5, 0x1
C0:      18394 [1] pc=[0000000080000b02] W[r15=0000000080002028][1] R[r15=0000000080001afe] R[r 0=0000000000000000] inst=[52a78793] addi    a5, a5, 1322
C0:      18395 [1] pc=[0000000080000b06] W[r10=0000000000000001][1] R[r10=0000000080002029] R[r15=0000000080002028] inst=[00008d1d] c.sub   a0, a5
C0:      18396 [1] pc=[0000000080000b08] W[r15=0000000000000040][1] R[r 0=0000000000000000] R[r 0=0000000000000000] inst=[04000793] li      a5, 64
C0:      18397 [1] pc=[0000000080000b0c] W[r10=0000000000000080][1] R[r15=0000000000000040] R[r10=0000000000000001] inst=[00a7953b] sllw    a0, a5, a0
C0:      18398 [1] pc=[0000000080000b10] W[r15=0000000000000000][1] R[r 2=000000008002ae60] R[r 0=0000000000000000] inst=[000047c2] c.lwsp  a5, 16(sp)
C0:      18399 [1] pc=[0000000080000b12] W[r 8=0000000080001f5a][1] R[r 8=0000000080001f59] R[r 0=0000000000000000] inst=[00000405] c.addi  s0, 1
C0:      18400 [1] pc=[0000000080000b14] W[r10=0000000000000080][1] R[r10=0000000000000080] R[r15=0000000000000000] inst=[00008d5d] c.or    a0, a5
C0:      18401 [1] pc=[0000000080000b16] W[r 0=0000000000000000][0] R[r 2=000000008002ae60] R[r10=0000000000000080] inst=[0000c82a] c.swsp  a0, 16(sp)
C0:      18402 [1] pc=[0000000080000b18] W[r11=0000000000000075][1] R[r 8=0000000080001f5a] R[r 0=0000000000000000] inst=[00044583] lbu     a1, 0(s0)
C0:      18403 [1] pc=[0000000080000b1c] W[r12=0000000000000006][1] R[r 0=0000000000000000] R[r 0=0000000000000000] inst=[00004619] c.li    a2, 6
C0:      18404 [1] pc=[0000000080000b1e] W[r10=0000000080001b1e][1] R[r 0=0000000000000000] R[r 0=0000000000000000] inst=[00001517] auipc   a0, 0x1
C0:      18405 [1] pc=[0000000080000b22] W[r10=0000000080002030][1] R[r10=0000000080001b1e] R[r 0=0000000000000000] inst=[51250513] addi    a0, a0, 1298
C0:      18406 [1] pc=[0000000080000b26] W[r18=0000000080001f5b][1] R[r 8=0000000080001f5a] R[r 0=0000000000000000] inst=[00140913] addi    s2, s0, 1
C0:      18407 [1] pc=[0000000080000b2a] W[r 0=0000000000000000][0] R[r 2=000000008002ae60] R[r11=0000000000000075] inst=[02b10423] sb      a1, 40(sp)
C0:      18408 [1] pc=[0000000080000b2e] W[r 1=0000000080000b32][1] R[r 0=0000000000000000] R[r 0=0000000000000000] inst=[1b3000ef] jal     pc + 0x9b2
C0:      18410 [1] pc=[00000000800014e0] W[r11=0000000000000075][1] R[r11=0000000000000075] R[r 0=0000000000000000] inst=[0ff5f593] andi    a1, a1, 255
C0:      18411 [1] pc=[00000000800014e4] W[r12=0000000080002036][1] R[r12=0000000000000006] R[r10=0000000080002030] inst=[0000962a] c.add   a2, a0
C0:      18412 [1] pc=[00000000800014e6] W[r 0=0000000000000000][0] R[r10=0000000080002030] R[r12=0000000080002036] inst=[00c51463] bne     a0, a2, pc + 8
C0:      18414 [1] pc=[00000000800014ee] W[r15=0000000000000065][1] R[r10=0000000080002030] R[r 0=0000000000000000] inst=[00054783] lbu     a5, 0(a0)
C0:      18417 [1] pc=[00000000800014f2] W[r 0=0000000000000000][0] R[r15=0000000000000065] R[r11=0000000000000075] inst=[feb78de3] beq     a5, a1, pc - 6
C0:      18418 [1] pc=[00000000800014f6] W[r10=0000000080002031][1] R[r10=0000000080002030] R[r 0=0000000000000000] inst=[00000505] c.addi  a0, 1
C0:      18419 [1] pc=[00000000800014f8] W[r 0=00000000800014fa][1] R[r 0=0000000000000000] R[r 0=0000000000000000] inst=[0000b7fd] c.j     pc - 18
C0:      18420 [1] pc=[00000000800014e6] W[r 0=0000000000000000][0] R[r10=0000000080002031] R[r12=0000000080002036] inst=[00c51463] bne     a0, a2, pc + 8
C0:      18422 [1] pc=[00000000800014ee] W[r15=0000000000000066][1] R[r10=0000000080002031] R[r 0=0000000000000000] inst=[00054783] lbu     a5, 0(a0)
C0:      18425 [1] pc=[00000000800014f2] W[r 0=0000000000000000][0] R[r15=0000000000000066] R[r11=0000000000000075] inst=[feb78de3] beq     a5, a1, pc - 6
C0:      18426 [1] pc=[00000000800014f6] W[r10=0000000080002032][1] R[r10=0000000080002031] R[r 0=0000000000000000] inst=[00000505] c.addi  a0, 1
C0:      18427 [1] pc=[00000000800014f8] W[r 0=00000000800014fa][1] R[r 0=0000000000000000] R[r 0=0000000000000000] inst=[0000b7fd] c.j     pc - 18
C0:      18428 [1] pc=[00000000800014e6] W[r 0=0000000000000000][0] R[r10=0000000080002032] R[r12=0000000080002036] inst=[00c51463] bne     a0, a2, pc + 8
C0:      18430 [1] pc=[00000000800014ee] W[r15=0000000000000067][1] R[r10=0000000080002032] R[r 0=0000000000000000] inst=[00054783] lbu     a5, 0(a0)
C0:      18433 [1] pc=[00000000800014f2] W[r 0=0000000000000000][0] R[r15=0000000000000067] R[r11=0000000000000075] inst=[feb78de3] beq     a5, a1, pc - 6
C0:      18437 [1] pc=[00000000800014f6] W[r10=0000000080002033][1] R[r10=0000000080002032] R[r 0=0000000000000000] inst=[00000505] c.addi  a0, 1
C0:      18438 [1] pc=[00000000800014f8] W[r 0=00000000800014fa][1] R[r 0=0000000000000000] R[r 0=0000000000000000] inst=[0000b7fd] c.j     pc - 18
C0:      18440 [1] pc=[00000000800014e6] W[r 0=0000000000000000][0] R[r10=0000000080002033] R[r12=0000000080002036] inst=[00c51463] bne     a0, a2, pc + 8
C0:      18442 [1] pc=[00000000800014ee] W[r15=0000000000000045][1] R[r10=0000000080002033] R[r 0=0000000000000000] inst=[00054783] lbu     a5, 0(a0)
C0:      18445 [1] pc=[00000000800014f2] W[r 0=0000000000000000][0] R[r15=0000000000000045] R[r11=0000000000000075] inst=[feb78de3] beq     a5, a1, pc - 6
C0:      18446 [1] pc=[00000000800014f6] W[r10=0000000080002034][1] R[r10=0000000080002033] R[r 0=0000000000000000] inst=[00000505] c.addi  a0, 1
C0:      18447 [1] pc=[00000000800014f8] W[r 0=00000000800014fa][1] R[r 0=0000000000000000] R[r 0=0000000000000000] inst=[0000b7fd] c.j     pc - 18
C0:      18448 [1] pc=[00000000800014e6] W[r 0=0000000000000000][0] R[r10=0000000080002034] R[r12=0000000080002036] inst=[00c51463] bne     a0, a2, pc + 8
C0:      18450 [1] pc=[00000000800014ee] W[r15=0000000000000046][1] R[r10=0000000080002034] R[r 0=0000000000000000] inst=[00054783] lbu     a5, 0(a0)
C0:      18453 [1] pc=[00000000800014f2] W[r 0=0000000000000000][0] R[r15=0000000000000046] R[r11=0000000000000075] inst=[feb78de3] beq     a5, a1, pc - 6
C0:      18454 [1] pc=[00000000800014f6] W[r10=0000000080002035][1] R[r10=0000000080002034] R[r 0=0000000000000000] inst=[00000505] c.addi  a0, 1
C0:      18455 [1] pc=[00000000800014f8] W[r 0=00000000800014fa][1] R[r 0=0000000000000000] R[r 0=0000000000000000] inst=[0000b7fd] c.j     pc - 18
C0:      18456 [1] pc=[00000000800014e6] W[r 0=0000000000000000][0] R[r10=0000000080002035] R[r12=0000000080002036] inst=[00c51463] bne     a0, a2, pc + 8
C0:      18458 [1] pc=[00000000800014ee] W[r15=0000000000000047][1] R[r10=0000000080002035] R[r 0=0000000000000000] inst=[00054783] lbu     a5, 0(a0)
C0:      18461 [1] pc=[00000000800014f2] W[r 0=0000000000000000][0] R[r15=0000000000000047] R[r11=0000000000000075] inst=[feb78de3] beq     a5, a1, pc - 6
C0:      18462 [1] pc=[00000000800014f6] W[r10=0000000080002036][1] R[r10=0000000080002035] R[r 0=0000000000000000] inst=[00000505] c.addi  a0, 1
C0:      18463 [1] pc=[00000000800014f8] W[r 0=00000000800014fa][1] R[r 0=0000000000000000] R[r 0=0000000000000000] inst=[0000b7fd] c.j     pc - 18
C0:      18464 [1] pc=[00000000800014e6] W[r 0=0000000000000000][0] R[r10=0000000080002036] R[r12=0000000080002036] inst=[00c51463] bne     a0, a2, pc + 8
C0:      18468 [1] pc=[00000000800014ea] W[r10=0000000000000000][1] R[r 0=0000000000000000] R[r 0=0000000000000000] inst=[00004501] c.li    a0, 0
C0:      18469 [1] pc=[00000000800014ec] W[r 0=00000000800014ee][1] R[r 1=0000000080000b32] R[r 0=0000000000000000] inst=[00008082] ret
C0:      18473 [1] pc=[0000000080000b32] W[r 0=0000000000000000][0] R[r10=0000000000000000] R[r 0=0000000000000000] inst=[0000c541] c.beqz  a0, pc + 136
C0:      18475 [1] pc=[0000000080000bba] W[r14=000000008002ae68][1] R[r 2=000000008002ae60] R[r 0=0000000000000000] inst=[00000038] c.addi4spn a4, sp, 8
C0:      18476 [1] pc=[0000000080000bbc] W[r13=0000000080000bbc][1] R[r 0=0000000000000000] R[r 0=0000000000000000] inst=[00000697] auipc   a3, 0x0
C0:      18477 [1] pc=[0000000080000bc0] W[r13=00000000800008b2][1] R[r13=0000000080000bbc] R[r 0=0000000000000000] inst=[cf668693] addi    a3, a3, -778
C0:      18478 [1] pc=[0000000080000bc4] W[r12=0000000080002440][1] R[r 0=0000000000000000] R[r 9=0000000080002440] inst=[00008626] c.mv    a2, s1
C0:      18479 [1] pc=[0000000080000bc6] W[r11=000000008002ae70][1] R[r 2=000000008002ae60] R[r 0=0000000000000000] inst=[0000080c] c.addi4spn a1, sp, 16
C0:      18480 [1] pc=[0000000080000bc8] W[r10=0000000080002150][1] R[r 0=0000000000000000] R[r19=0000000080002150] inst=[0000854e] c.mv    a0, s3
C0:      18481 [1] pc=[0000000080000bca] W[r 1=0000000080000bce][1] R[r 0=0000000000000000] R[r 0=0000000000000000] inst=[3a1000ef] jal     pc + 0xba0
C0:      18482 [1] pc=[000000008000176a] W[r 2=000000008002ae10][1] R[r 2=000000008002ae60] R[r 0=0000000000000000] inst=[0000715d] c.addi16sp sp, -80
C0:      18483 [1] pc=[000000008000176c] W[r 0=0000000000000000][0] R[r 2=000000008002ae10] R[r 8=0000000080001f5a] inst=[0000e0a2] c.sdsp  s0, 64(sp)
C0:      18484 [1] pc=[000000008000176e] W[r 0=0000000000000000][0] R[r 2=000000008002ae10] R[r18=0000000080001f5b] inst=[0000f84a] c.sdsp  s2, 48(sp)
C0:      18485 [1] pc=[0000000080001770] W[r 0=0000000000000000][0] R[r 2=000000008002ae10] R[r19=0000000080002150] inst=[0000f44e] c.sdsp  s3, 40(sp)
C0:      18486 [1] pc=[0000000080001772] W[r 0=0000000000000000][0] R[r 2=000000008002ae10] R[r20=0000000000000000] inst=[0000f052] c.sdsp  s4, 32(sp)
C0:      18487 [1] pc=[0000000080001774] W[r 0=0000000000000000][0] R[r 2=000000008002ae10] R[r 1=0000000080000bce] inst=[0000e486] c.sdsp  ra, 72(sp)
C0:      18488 [1] pc=[0000000080001776] W[r 0=0000000000000000][0] R[r 2=000000008002ae10] R[r 9=0000000080002440] inst=[0000fc26] c.sdsp  s1, 56(sp)
C0:      18489 [1] pc=[0000000080001778] W[r 0=0000000000000000][0] R[r 2=000000008002ae10] R[r21=ffffffffffffffff] inst=[0000ec56] c.sdsp  s5, 24(sp)
C0:      18490 [1] pc=[000000008000177a] W[r 0=0000000000000000][0] R[r 2=000000008002ae10] R[r22=0000000080002020] inst=[0000e85a] c.sdsp  s6, 16(sp)
C0:      18491 [1] pc=[000000008000177c] W[r 8=000000008002ae70][1] R[r 0=0000000000000000] R[r11=000000008002ae70] inst=[0000842e] c.mv    s0, a1
C0:      18492 [1] pc=[000000008000177e] W[r20=00000000800008b2][1] R[r 0=0000000000000000] R[r13=00000000800008b2] inst=[00008a36] c.mv    s4, a3
C0:      18493 [1] pc=[0000000080001780] W[r13=000000008002aeb3][1] R[r11=000000008002ae70] R[r 0=0000000000000000] inst=[04358693] addi    a3, a1, 67
C0:      18494 [1] pc=[0000000080001784] W[r11=0000000000000075][1] R[r11=000000008002ae70] R[r 0=0000000000000000] inst=[0185c583] lbu     a1, 24(a1)
C0:      18495 [1] pc=[0000000080001788] W[r15=0000000000000078][1] R[r 0=0000000000000000] R[r 0=0000000000000000] inst=[07800793] li      a5, 120
C0:      18496 [1] pc=[000000008000178c] W[r18=0000000080002150][1] R[r 0=0000000000000000] R[r10=0000000080002150] inst=[0000892a] c.mv    s2, a0
C0:      18497 [1] pc=[000000008000178e] W[r19=0000000080002440][1] R[r 0=0000000000000000] R[r12=0000000080002440] inst=[000089b2] c.mv    s3, a2
C0:      18498 [1] pc=[0000000080001790] W[r 0=0000000000000000][0] R[r15=0000000000000078] R[r11=0000000000000075] inst=[00b7ec63] bltu    a5, a1, pc + 24
C0:      18502 [1] pc=[0000000080001794] W[r15=0000000000000062][1] R[r 0=0000000000000000] R[r 0=0000000000000000] inst=[06200793] li      a5, 98
C0:      18503 [1] pc=[0000000080001798] W[r 0=0000000000000000][0] R[r15=0000000000000062] R[r11=0000000000000075] inst=[00b7ed63] bltu    a5, a1, pc + 26
C0:      18506 [1] pc=[00000000800017b2] W[r15=0000000000000012][1] R[r11=0000000000000075] R[r 0=0000000000000000] inst=[f9d5879b] addiw   a5, a1, -99
C0:      18507 [1] pc=[00000000800017b6] W[r15=0000000000000012][1] R[r15=0000000000000012] R[r 0=0000000000000000] inst=[0ff7f793] andi    a5, a5, 255
C0:      18508 [1] pc=[00000000800017ba] W[r12=0000000000000015][1] R[r 0=0000000000000000] R[r 0=0000000000000000] inst=[00004655] c.li    a2, 21
C0:      18509 [1] pc=[00000000800017bc] W[r 0=0000000000000000][0] R[r12=0000000000000015] R[r15=0000000000000012] inst=[fef666e3] bltu    a2, a5, pc - 20
C0:      18510 [1] pc=[00000000800017c0] W[r12=00000000800027c0][1] R[r 0=0000000000000000] R[r 0=0000000000000000] inst=[00001617] auipc   a2, 0x1
C0:      18511 [1] pc=[00000000800017c4] W[r12=0000000080002068][1] R[r12=00000000800027c0] R[r 0=0000000000000000] inst=[8a860613] addi    a2, a2, -1880
C0:      18512 [1] pc=[00000000800017c8] W[r15=0000000000000048][1] R[r15=0000000000000012] R[r 0=0000000000000000] inst=[0000078a] c.slli  a5, 2
C0:      18513 [1] pc=[00000000800017ca] W[r15=00000000800020b0][1] R[r15=0000000000000048] R[r12=0000000080002068] inst=[000097b2] c.add   a5, a2
C0:      18530 [1] pc=[00000000800017cc] W[r15=fffffffffffff7c0][1] R[r15=00000000800020b0] R[r 0=0000000000000000] inst=[0000439c] c.lw    a5, 0(a5)
C0:      18532 [1] pc=[00000000800017ce] W[r15=0000000080001828][1] R[r15=fffffffffffff7c0] R[r12=0000000080002068] inst=[000097b2] c.add   a5, a2
C0:      18533 [1] pc=[00000000800017d0] W[r 0=00000000800017d2][1] R[r15=0000000080001828] R[r 0=0000000000000000] inst=[00008782] c.jr    a5
C0:      18537 [1] pc=[0000000080001828] W[r12=0000000000000080][1] R[r 8=000000008002ae70] R[r 0=0000000000000000] inst=[00004010] c.lw    a2, 0(s0)
C0:      18538 [1] pc=[000000008000182a] W[r15=000000008002af68][1] R[r14=000000008002ae68] R[r 0=0000000000000000] inst=[0000631c] c.ld    a5, 0(a4)
C0:      18539 [1] pc=[000000008000182c] W[r16=0000000000000080][1] R[r12=0000000000000080] R[r 0=0000000000000000] inst=[08067813] andi    a6, a2, 128
C0:      18540 [1] pc=[0000000080001830] W[r10=000000008002af70][1] R[r15=000000008002af68] R[r 0=0000000000000000] inst=[00878513] addi    a0, a5, 8
C0:      18541 [1] pc=[0000000080001834] W[r 0=0000000000000000][0] R[r16=0000000000000080] R[r 0=0000000000000000] inst=[08080d63] beqz    a6, pc + 154
C0:      18542 [1] pc=[0000000080001838] W[r15=0000000000000326][1] R[r15=000000008002af68] R[r 0=0000000000000000] inst=[0000639c] c.ld    a5, 0(a5)
C0:      18543 [1] pc=[000000008000183a] W[r 0=0000000000000000][0] R[r14=000000008002ae68] R[r10=000000008002af70] inst=[0000e308] c.sd    a0, 0(a4)
C0:      18544 [1] pc=[000000008000183c] W[r14=000000000000006f][1] R[r 0=0000000000000000] R[r 0=0000000000000000] inst=[06f00713] li      a4, 111
C0:      18545 [1] pc=[0000000080001840] W[r12=0000000080001840][1] R[r 0=0000000000000000] R[r 0=0000000000000000] inst=[00000617] auipc   a2, 0x0
C0:      18546 [1] pc=[0000000080001844] W[r12=0000000080002038][1] R[r12=0000000080001840] R[r 0=0000000000000000] inst=[7f860613] addi    a2, a2, 2040
C0:      18547 [1] pc=[0000000080001848] W[r 0=0000000000000000][0] R[r11=0000000000000075] R[r14=000000000000006f] inst=[10e58463] beq     a1, a4, pc + 264
C0:      18548 [1] pc=[000000008000184c] W[r14=000000000000000a][1] R[r 0=0000000000000000] R[r 0=0000000000000000] inst=[00004729] c.li    a4, 10
C0:      18549 [1] pc=[000000008000184e] W[r 0=0000000000000000][0] R[r 8=000000008002ae70] R[r 0=0000000000000000] inst=[040401a3] sb      zero, 67(s0)
C0:      18550 [1] pc=[0000000080001852] W[r11=ffffffffffffffff][1] R[r 8=000000008002ae70] R[r 0=0000000000000000] inst=[0000404c] c.lw    a1, 4(s0)
C0:      18552 [1] pc=[0000000080001854] W[r 0=0000000000000000][0] R[r 8=000000008002ae70] R[r11=ffffffffffffffff] inst=[0000c40c] c.sw    a1, 8(s0)
C0:      18553 [1] pc=[0000000080001856] W[r 0=0000000000000000][0] R[r11=ffffffffffffffff] R[r 0=0000000000000000] inst=[0005c563] bltz    a1, pc + 10
C0:      18557 [1] pc=[0000000080001860] W[r 0=0000000000000000][0] R[r15=0000000000000326] R[r 0=0000000000000000] inst=[0000e399] c.bnez  a5, pc + 6
C0:      18559 [1] pc=[0000000080001866] W[r 9=000000008002aeb3][1] R[r 0=0000000000000000] R[r13=000000008002aeb3] inst=[000084b6] c.mv    s1, a3
C0:      18560 [1] pc=[0000000080001868] W[r11=0000000000000000][0] R[r15=0000000000000326] R[r14=000000000000000a] inst=[02e7f5b3] remu    a1, a5, a4
C0:      18561 [1] pc=[000000008000186c] W[r 9=000000008002aeb2][1] R[r 9=000000008002aeb3] R[r 0=0000000000000000] inst=[000014fd] c.addi  s1, -1
C0:      18571 [1] pc=[000000008000186e] W[r11=000000008000203e][1] R[r11=0000000000000006] R[r12=0000000080002038] inst=[000095b2] c.add   a1, a2
C0:      18572 [1] pc=[0000000080001870] W[r11=0000000000000036][1] R[r11=000000008000203e] R[r 0=0000000000000000] inst=[0005c583] lbu     a1, 0(a1)
C0:      18575 [1] pc=[0000000080001874] W[r 0=0000000000000000][0] R[r 9=000000008002aeb2] R[r11=0000000000000036] inst=[00b48023] sb      a1, 0(s1)
C0:      18576 [1] pc=[0000000080001878] W[r11=0000000000000326][1] R[r 0=0000000000000000] R[r15=0000000000000326] inst=[000085be] c.mv    a1, a5
C0:      18577 [1] pc=[000000008000187a] W[r15=0000000000000000][0] R[r15=0000000000000326] R[r14=000000000000000a] inst=[02e7d7b3] divu    a5, a5, a4
C0:      18578 [1] pc=[000000008000187e] W[r 0=0000000000000000][0] R[r11=0000000000000326] R[r14=000000000000000a] inst=[fee5f5e3] bgeu    a1, a4, pc - 22
C0:      18588 [1] pc=[0000000080001868] W[r11=0000000000000000][0] R[r15=0000000000000050] R[r14=000000000000000a] inst=[02e7f5b3] remu    a1, a5, a4
C0:      18589 [1] pc=[000000008000186c] W[r 9=000000008002aeb1][1] R[r 9=000000008002aeb2] R[r 0=0000000000000000] inst=[000014fd] c.addi  s1, -1
C0:      18596 [1] pc=[000000008000186e] W[r11=0000000080002038][1] R[r11=0000000000000000] R[r12=0000000080002038] inst=[000095b2] c.add   a1, a2
C0:      18597 [1] pc=[0000000080001870] W[r11=0000000000000030][1] R[r11=0000000080002038] R[r 0=0000000000000000] inst=[0005c583] lbu     a1, 0(a1)
C0:      18600 [1] pc=[0000000080001874] W[r 0=0000000000000000][0] R[r 9=000000008002aeb1] R[r11=0000000000000030] inst=[00b48023] sb      a1, 0(s1)
C0:      18601 [1] pc=[0000000080001878] W[r11=0000000000000050][1] R[r 0=0000000000000000] R[r15=0000000000000050] inst=[000085be] c.mv    a1, a5
C0:      18602 [1] pc=[000000008000187a] W[r15=0000000000000000][0] R[r15=0000000000000050] R[r14=000000000000000a] inst=[02e7d7b3] divu    a5, a5, a4
C0:      18603 [1] pc=[000000008000187e] W[r 0=0000000000000000][0] R[r11=0000000000000050] R[r14=000000000000000a] inst=[fee5f5e3] bgeu    a1, a4, pc - 22
C0:      18610 [1] pc=[0000000080001868] W[r11=0000000000000000][0] R[r15=0000000000000008] R[r14=000000000000000a] inst=[02e7f5b3] remu    a1, a5, a4
C0:      18611 [1] pc=[000000008000186c] W[r 9=000000008002aeb0][1] R[r 9=000000008002aeb1] R[r 0=0000000000000000] inst=[000014fd] c.addi  s1, -1
C0:      18615 [1] pc=[000000008000186e] W[r11=0000000080002040][1] R[r11=0000000000000008] R[r12=0000000080002038] inst=[000095b2] c.add   a1, a2
C0:      18616 [1] pc=[0000000080001870] W[r11=0000000000000038][1] R[r11=0000000080002040] R[r 0=0000000000000000] inst=[0005c583] lbu     a1, 0(a1)
C0:      18619 [1] pc=[0000000080001874] W[r 0=0000000000000000][0] R[r 9=000000008002aeb0] R[r11=0000000000000038] inst=[00b48023] sb      a1, 0(s1)
C0:      18620 [1] pc=[0000000080001878] W[r11=0000000000000008][1] R[r 0=0000000000000000] R[r15=0000000000000008] inst=[000085be] c.mv    a1, a5
C0:      18621 [1] pc=[000000008000187a] W[r15=0000000000000000][0] R[r15=0000000000000008] R[r14=000000000000000a] inst=[02e7d7b3] divu    a5, a5, a4
C0:      18622 [1] pc=[000000008000187e] W[r 0=0000000000000000][0] R[r11=0000000000000008] R[r14=000000000000000a] inst=[fee5f5e3] bgeu    a1, a4, pc - 22
C0:      18626 [1] pc=[0000000080001882] W[r15=0000000000000008][1] R[r 0=0000000000000000] R[r 0=0000000000000000] inst=[000047a1] c.li    a5, 8
C0:      18627 [1] pc=[0000000080001884] W[r 0=0000000000000000][0] R[r14=000000000000000a] R[r15=0000000000000008] inst=[00f71e63] bne     a4, a5, pc + 28
C0:      18631 [1] pc=[00000000800018a0] W[r13=0000000000000003][1] R[r13=000000008002aeb3] R[r 9=000000008002aeb0] inst=[00008e85] c.sub   a3, s1
C0:      18632 [1] pc=[00000000800018a2] W[r 0=0000000000000000][0] R[r 8=000000008002ae70] R[r13=0000000000000003] inst=[0000c814] c.sw    a3, 16(s0)
C0:      18633 [1] pc=[00000000800018a4] W[r14=00000000800008b2][1] R[r 0=0000000000000000] R[r20=00000000800008b2] inst=[00008752] c.mv    a4, s4
C0:      18634 [1] pc=[00000000800018a6] W[r13=0000000080002440][1] R[r 0=0000000000000000] R[r19=0000000080002440] inst=[000086ce] c.mv    a3, s3
C0:      18635 [1] pc=[00000000800018a8] W[r12=000000008002ae1c][1] R[r 2=000000008002ae10] R[r 0=0000000000000000] inst=[00000070] c.addi4spn a2, sp, 12
C0:      18636 [1] pc=[00000000800018aa] W[r11=000000008002ae70][1] R[r 0=0000000000000000] R[r 8=000000008002ae70] inst=[000085a2] c.mv    a1, s0
C0:      18637 [1] pc=[00000000800018ac] W[r10=0000000080002150][1] R[r 0=0000000000000000] R[r18=0000000080002150] inst=[0000854a] c.mv    a0, s2
C0:      18638 [1] pc=[00000000800018ae] W[r 1=00000000800018b2][1] R[r 0=0000000000000000] R[r 0=0000000000000000] inst=[d97ff0ef] jal     pc - 0x26a
C0:      18639 [1] pc=[0000000080001644] W[r 2=000000008002adc0][1] R[r 2=000000008002ae10] R[r 0=0000000000000000] inst=[0000715d] c.addi16sp sp, -80
C0:      18640 [1] pc=[0000000080001646] W[r15=0000000000000003][1] R[r11=000000008002ae70] R[r 0=0000000000000000] inst=[0000499c] c.lw    a5, 16(a1)
C0:      18641 [1] pc=[0000000080001648] W[r 0=0000000000000000][0] R[r 2=000000008002adc0] R[r20=00000000800008b2] inst=[0000f052] c.sdsp  s4, 32(sp)
C0:      18642 [1] pc=[000000008000164a] W[r20=00000000800008b2][1] R[r 0=0000000000000000] R[r14=00000000800008b2] inst=[00008a3a] c.mv    s4, a4
C0:      18643 [1] pc=[000000008000164c] W[r14=ffffffffffffffff][1] R[r11=000000008002ae70] R[r 0=0000000000000000] inst=[00004598] c.lw    a4, 8(a1)
C0:      18644 [1] pc=[000000008000164e] W[r 0=0000000000000000][0] R[r 2=000000008002adc0] R[r 8=000000008002ae70] inst=[0000e0a2] c.sdsp  s0, 64(sp)
C0:      18645 [1] pc=[0000000080001650] W[r 0=0000000000000000][0] R[r 2=000000008002adc0] R[r18=0000000080002150] inst=[0000f84a] c.sdsp  s2, 48(sp)
C0:      18646 [1] pc=[0000000080001652] W[r 0=0000000000000000][0] R[r 2=000000008002adc0] R[r19=0000000080002440] inst=[0000f44e] c.sdsp  s3, 40(sp)
C0:      18647 [1] pc=[0000000080001654] W[r 0=0000000000000000][0] R[r 2=000000008002adc0] R[r21=ffffffffffffffff] inst=[0000ec56] c.sdsp  s5, 24(sp)
C0:      18648 [1] pc=[0000000080001656] W[r18=000000008002ae1c][1] R[r 0=0000000000000000] R[r12=000000008002ae1c] inst=[00008932] c.mv    s2, a2
C0:      18649 [1] pc=[0000000080001658] W[r21=0000000080002440][1] R[r 0=0000000000000000] R[r13=0000000080002440] inst=[00008ab6] c.mv    s5, a3
C0:      18650 [1] pc=[000000008000165a] W[r 0=0000000000000000][0] R[r 2=000000008002adc0] R[r 1=00000000800018b2] inst=[0000e486] c.sdsp  ra, 72(sp)
C0:      18651 [1] pc=[000000008000165c] W[r 0=0000000000000000][0] R[r 2=000000008002adc0] R[r 9=000000008002aeb0] inst=[0000fc26] c.sdsp  s1, 56(sp)
C0:      18652 [1] pc=[000000008000165e] W[r 0=0000000000000000][0] R[r 2=000000008002adc0] R[r22=0000000080002020] inst=[0000e85a] c.sdsp  s6, 16(sp)
C0:      18653 [1] pc=[0000000080001660] W[r 0=0000000000000000][0] R[r 2=000000008002adc0] R[r23=0000000000000025] inst=[0000e45e] c.sdsp  s7, 8(sp)
C0:      18654 [1] pc=[0000000080001662] W[r12=0000000000000003][1] R[r15=0000000000000003] R[r 0=0000000000000000] inst=[0007861b] sext.w  a2, a5
C0:      18655 [1] pc=[0000000080001666] W[r13=ffffffffffffffff][1] R[r14=ffffffffffffffff] R[r 0=0000000000000000] inst=[0007069b] sext.w  a3, a4
C0:      18656 [1] pc=[000000008000166a] W[r19=0000000080002150][1] R[r 0=0000000000000000] R[r10=0000000080002150] inst=[000089aa] c.mv    s3, a0
C0:      18657 [1] pc=[000000008000166c] W[r 8=000000008002ae70][1] R[r 0=0000000000000000] R[r11=000000008002ae70] inst=[0000842e] c.mv    s0, a1
C0:      18658 [1] pc=[000000008000166e] W[r 0=0000000000000000][0] R[r12=0000000000000003] R[r13=ffffffffffffffff] inst=[00d65363] bge     a2, a3, pc + 6
C0:      18662 [1] pc=[0000000080001674] W[r 0=0000000000000000][0] R[r18=000000008002ae1c] R[r15=0000000000000003] inst=[00f92023] sw      a5, 0(s2)
C0:      18663 [1] pc=[0000000080001678] W[r14=0000000000000000][1] R[r 8=000000008002ae70] R[r 0=0000000000000000] inst=[04344703] lbu     a4, 67(s0)
C0:      18666 [1] pc=[000000008000167c] W[r 0=0000000000000000][0] R[r14=0000000000000000] R[r 0=0000000000000000] inst=[0000c701] c.beqz  a4, pc + 8
C0:      18667 [1] pc=[0000000080001684] W[r15=0000000000000080][1] R[r 8=000000008002ae70] R[r 0=0000000000000000] inst=[0000401c] c.lw    a5, 0(s0)
C0:      18669 [1] pc=[0000000080001686] W[r15=0000000000000000][1] R[r15=0000000000000080] R[r 0=0000000000000000] inst=[0207f793] andi    a5, a5, 32
C0:      18670 [1] pc=[000000008000168a] W[r 0=0000000000000000][0] R[r15=0000000000000000] R[r 0=0000000000000000] inst=[0000c791] c.beqz  a5, pc + 12
C0:      18671 [1] pc=[0000000080001696] W[r 9=0000000000000080][1] R[r 8=000000008002ae70] R[r 0=0000000000000000] inst=[00004004] c.lw    s1, 0(s0)
C0:      18673 [1] pc=[0000000080001698] W[r 9=0000000000000000][1] R[r 9=0000000000000080] R[r 0=0000000000000000] inst=[00008899] c.andi  s1, 6
C0:      18674 [1] pc=[000000008000169a] W[r 0=0000000000000000][0] R[r 9=0000000000000000] R[r 0=0000000000000000] inst=[0000e891] c.bnez  s1, pc + 20
C0:      18675 [1] pc=[000000008000169c] W[r22=000000008002ae89][1] R[r 8=000000008002ae70] R[r 0=0000000000000000] inst=[01940b13] addi    s6, s0, 25
C0:      18676 [1] pc=[00000000800016a0] W[r23=ffffffffffffffff][1] R[r 0=0000000000000000] R[r 0=0000000000000000] inst=[00005bfd] c.li    s7, -1
C0:      18677 [1] pc=[00000000800016a2] W[r15=0000000000000000][1] R[r 8=000000008002ae70] R[r 0=0000000000000000] inst=[0000445c] c.lw    a5, 12(s0)
C0:      18678 [1] pc=[00000000800016a4] W[r14=0000000000000003][1] R[r18=000000008002ae1c] R[r 0=0000000000000000] inst=[00092703] lw      a4, 0(s2)
C0:      18680 [1] pc=[00000000800016a8] W[r15=fffffffffffffffd][1] R[r15=0000000000000000] R[r14=0000000000000003] inst=[00009f99] c.subw  a5, a4
C0:      18681 [1] pc=[00000000800016aa] W[r 0=0000000000000000][0] R[r 9=0000000000000000] R[r15=fffffffffffffffd] inst=[06f4c163] blt     s1, a5, pc + 98
C0:      18682 [1] pc=[00000000800016ae] W[r15=0000000000000000][1] R[r 8=000000008002ae70] R[r 0=0000000000000000] inst=[04344783] lbu     a5, 67(s0)
C0:      18685 [1] pc=[00000000800016b2] W[r14=0000000000000000][1] R[r 0=0000000000000000] R[r15=0000000000000000] inst=[00f03733] snez    a4, a5
C0:      18686 [1] pc=[00000000800016b6] W[r13=0000000000000000][1] R[r 0=0000000000000000] R[r15=0000000000000000] inst=[00f036b3] snez    a3, a5
C0:      18687 [1] pc=[00000000800016ba] W[r15=0000000000000080][1] R[r 8=000000008002ae70] R[r 0=0000000000000000] inst=[0000401c] c.lw    a5, 0(s0)
C0:      18689 [1] pc=[00000000800016bc] W[r15=0000000000000000][1] R[r15=0000000000000080] R[r 0=0000000000000000] inst=[0207f793] andi    a5, a5, 32
C0:      18690 [1] pc=[00000000800016c0] W[r 0=0000000000000000][0] R[r15=0000000000000000] R[r 0=0000000000000000] inst=[0000ebbd] c.bnez  a5, pc + 118
C0:      18695 [1] pc=[00000000800016c2] W[r12=000000008002aeb3][1] R[r 8=000000008002ae70] R[r 0=0000000000000000] inst=[04340613] addi    a2, s0, 67
C0:      18696 [1] pc=[00000000800016c6] W[r11=0000000080002440][1] R[r 0=0000000000000000] R[r21=0000000080002440] inst=[000085d6] c.mv    a1, s5
C0:      18697 [1] pc=[00000000800016c8] W[r10=0000000080002150][1] R[r 0=0000000000000000] R[r19=0000000080002150] inst=[0000854e] c.mv    a0, s3
C0:      18698 [1] pc=[00000000800016ca] W[r 1=00000000800016cc][1] R[r20=00000000800008b2] R[r 0=0000000000000000] inst=[00009a02] c.jalr  s4
C0:      18702 [1] pc=[00000000800008b2] W[r 2=000000008002ad90][1] R[r 2=000000008002adc0] R[r 0=0000000000000000] inst=[00007179] c.addi16sp sp, -48
C0:      18703 [1] pc=[00000000800008b4] W[r 0=0000000000000000][0] R[r 2=000000008002ad90] R[r 8=000000008002ae70] inst=[0000f022] c.sdsp  s0, 32(sp)
C0:      18709 [1] pc=[00000000800008b6] W[r 0=0000000000000000][0] R[r 2=000000008002ad90] R[r 9=0000000000000000] inst=[0000ec26] c.sdsp  s1, 24(sp)
C0:      18710 [1] pc=[00000000800008b8] W[r 0=0000000000000000][0] R[r 2=000000008002ad90] R[r18=000000008002ae1c] inst=[0000e84a] c.sdsp  s2, 16(sp)
C0:      18711 [1] pc=[00000000800008ba] W[r 0=0000000000000000][0] R[r 2=000000008002ad90] R[r19=0000000080002150] inst=[0000e44e] c.sdsp  s3, 8(sp)
C0:      18712 [1] pc=[00000000800008bc] W[r 0=0000000000000000][0] R[r 2=000000008002ad90] R[r20=00000000800008b2] inst=[0000e052] c.sdsp  s4, 0(sp)
C0:      18713 [1] pc=[00000000800008be] W[r 0=0000000000000000][0] R[r 2=000000008002ad90] R[r 1=00000000800016cc] inst=[0000f406] c.sdsp  ra, 40(sp)
C0:      18714 [1] pc=[00000000800008c0] W[r18=0000000080002150][1] R[r 0=0000000000000000] R[r10=0000000080002150] inst=[0000892a] c.mv    s2, a0
C0:      18715 [1] pc=[00000000800008c2] W[r19=0000000080002440][1] R[r 0=0000000000000000] R[r11=0000000080002440] inst=[000089ae] c.mv    s3, a1
C0:      18716 [1] pc=[00000000800008c4] W[r 8=000000008002aeb3][1] R[r 0=0000000000000000] R[r12=000000008002aeb3] inst=[00008432] c.mv    s0, a2
C0:      18717 [1] pc=[00000000800008c6] W[r 9=000000008002aeb3][1] R[r12=000000008002aeb3] R[r13=0000000000000000] inst=[00d604b3] add     s1, a2, a3
C0:      18718 [1] pc=[00000000800008ca] W[r20=ffffffffffffffff][1] R[r 0=0000000000000000] R[r 0=0000000000000000] inst=[00005a7d] c.li    s4, -1
C0:      18719 [1] pc=[00000000800008cc] W[r 0=0000000000000000][0] R[r 8=000000008002aeb3] R[r 9=000000008002aeb3] inst=[00941463] bne     s0, s1, pc + 8
C0:      18723 [1] pc=[00000000800008d0] W[r10=0000000000000000][1] R[r 0=0000000000000000] R[r 0=0000000000000000] inst=[00004501] c.li    a0, 0
C0:      18724 [1] pc=[00000000800008d2] W[r 0=00000000800008d4][1] R[r 0=0000000000000000] R[r 0=0000000000000000] inst=[0000a811] c.j     pc + 20
C0:      18725 [1] pc=[00000000800008e6] W[r 1=00000000800016cc][1] R[r 2=000000008002ad90] R[r 0=0000000000000000] inst=[000070a2] c.ldsp  ra, 40(sp)
C0:      18726 [1] pc=[00000000800008e8] W[r 8=000000008002ae70][1] R[r 2=000000008002ad90] R[r 0=0000000000000000] inst=[00007402] c.ldsp  s0, 32(sp)
C0:      18727 [1] pc=[00000000800008ea] W[r 9=0000000000000000][1] R[r 2=000000008002ad90] R[r 0=0000000000000000] inst=[000064e2] c.ldsp  s1, 24(sp)
C0:      18728 [1] pc=[00000000800008ec] W[r18=000000008002ae1c][1] R[r 2=000000008002ad90] R[r 0=0000000000000000] inst=[00006942] c.ldsp  s2, 16(sp)
C0:      18729 [1] pc=[00000000800008ee] W[r19=0000000080002150][1] R[r 2=000000008002ad90] R[r 0=0000000000000000] inst=[000069a2] c.ldsp  s3, 8(sp)
C0:      18730 [1] pc=[00000000800008f0] W[r20=00000000800008b2][1] R[r 2=000000008002ad90] R[r 0=0000000000000000] inst=[00006a02] c.ldsp  s4, 0(sp)
C0:      18731 [1] pc=[00000000800008f2] W[r 2=000000008002adc0][1] R[r 2=000000008002ad90] R[r 0=0000000000000000] inst=[00006145] c.addi16sp sp, 48
C0:      18732 [1] pc=[00000000800008f4] W[r 0=00000000800008f6][1] R[r 1=00000000800016cc] R[r 0=0000000000000000] inst=[00008082] ret
C0:      18736 [1] pc=[00000000800016cc] W[r15=ffffffffffffffff][1] R[r 0=0000000000000000] R[r 0=0000000000000000] inst=[000057fd] c.li    a5, -1
C0:      18737 [1] pc=[00000000800016ce] W[r 0=0000000000000000][0] R[r10=0000000000000000] R[r15=ffffffffffffffff] inst=[04f50663] beq     a0, a5, pc + 76
C0:      18738 [1] pc=[00000000800016d2] W[r15=0000000000000080][1] R[r 8=000000008002ae70] R[r 0=0000000000000000] inst=[0000401c] c.lw    a5, 0(s0)
C0:      18739 [1] pc=[00000000800016d4] W[r12=0000000000000004][1] R[r 0=0000000000000000] R[r 0=0000000000000000] inst=[00004611] c.li    a2, 4
C0:      18740 [1] pc=[00000000800016d6] W[r13=0000000000000000][1] R[r 8=000000008002ae70] R[r 0=0000000000000000] inst=[00004454] c.lw    a3, 12(s0)
C0:      18741 [1] pc=[00000000800016d8] W[r15=0000000000000000][1] R[r15=0000000000000080] R[r 0=0000000000000000] inst=[00008b99] c.andi  a5, 6
C0:      18742 [1] pc=[00000000800016da] W[r14=0000000000000003][1] R[r18=000000008002ae1c] R[r 0=0000000000000000] inst=[00092703] lw      a4, 0(s2)
C0:      18743 [1] pc=[00000000800016de] W[r 9=0000000000000000][1] R[r 0=0000000000000000] R[r 0=0000000000000000] inst=[00004481] c.li    s1, 0
C0:      18744 [1] pc=[00000000800016e0] W[r 0=0000000000000000][0] R[r15=0000000000000000] R[r12=0000000000000004] inst=[00c79963] bne     a5, a2, pc + 18
C0:      18745 [1] pc=[00000000800016f2] W[r15=ffffffffffffffff][1] R[r 8=000000008002ae70] R[r 0=0000000000000000] inst=[0000441c] c.lw    a5, 8(s0)
C0:      18746 [1] pc=[00000000800016f4] W[r14=0000000000000003][1] R[r 8=000000008002ae70] R[r 0=0000000000000000] inst=[00004818] c.lw    a4, 16(s0)
C0:      18748 [1] pc=[00000000800016f6] W[r 0=0000000000000000][0] R[r14=0000000000000003] R[r15=ffffffffffffffff] inst=[00f75463] bge     a4, a5, pc + 8
C0:      18749 [1] pc=[00000000800016fe] W[r18=0000000000000000][1] R[r 0=0000000000000000] R[r 0=0000000000000000] inst=[00004901] c.li    s2, 0
C0:      18750 [1] pc=[0000000080001700] W[r 8=000000008002ae8a][1] R[r 8=000000008002ae70] R[r 0=0000000000000000] inst=[00000469] c.addi  s0, 26
C0:      18751 [1] pc=[0000000080001702] W[r22=ffffffffffffffff][1] R[r 0=0000000000000000] R[r 0=0000000000000000] inst=[00005b7d] c.li    s6, -1
C0:      18752 [1] pc=[0000000080001704] W[r 0=0000000000000000][0] R[r 9=0000000000000000] R[r18=0000000000000000] inst=[05249a63] bne     s1, s2, pc + 84
C0:      18753 [1] pc=[0000000080001708] W[r10=0000000000000000][1] R[r 0=0000000000000000] R[r 0=0000000000000000] inst=[00004501] c.li    a0, 0
C0:      18754 [1] pc=[000000008000170a] W[r 0=000000008000170c][1] R[r 0=0000000000000000] R[r 0=0000000000000000] inst=[0000a809] c.j     pc + 18
C0:      18755 [1] pc=[000000008000171c] W[r 1=00000000800018b2][1] R[r 2=000000008002adc0] R[r 0=0000000000000000] inst=[000060a6] c.ldsp  ra, 72(sp)
C0:      18756 [1] pc=[000000008000171e] W[r 8=000000008002ae70][1] R[r 2=000000008002adc0] R[r 0=0000000000000000] inst=[00006406] c.ldsp  s0, 64(sp)
C0:      18757 [1] pc=[0000000080001720] W[r 9=000000008002aeb0][1] R[r 2=000000008002adc0] R[r 0=0000000000000000] inst=[000074e2] c.ldsp  s1, 56(sp)
C0:      18758 [1] pc=[0000000080001722] W[r18=0000000080002150][1] R[r 2=000000008002adc0] R[r 0=0000000000000000] inst=[00007942] c.ldsp  s2, 48(sp)
C0:      18759 [1] pc=[0000000080001724] W[r19=0000000080002440][1] R[r 2=000000008002adc0] R[r 0=0000000000000000] inst=[000079a2] c.ldsp  s3, 40(sp)
C0:      18760 [1] pc=[0000000080001726] W[r20=00000000800008b2][1] R[r 2=000000008002adc0] R[r 0=0000000000000000] inst=[00007a02] c.ldsp  s4, 32(sp)
C0:      18761 [1] pc=[0000000080001728] W[r21=ffffffffffffffff][1] R[r 2=000000008002adc0] R[r 0=0000000000000000] inst=[00006ae2] c.ldsp  s5, 24(sp)
C0:      18762 [1] pc=[000000008000172a] W[r22=0000000080002020][1] R[r 2=000000008002adc0] R[r 0=0000000000000000] inst=[00006b42] c.ldsp  s6, 16(sp)
C0:      18763 [1] pc=[000000008000172c] W[r23=0000000000000025][1] R[r 2=000000008002adc0] R[r 0=0000000000000000] inst=[00006ba2] c.ldsp  s7, 8(sp)
C0:      18764 [1] pc=[000000008000172e] W[r 2=000000008002ae10][1] R[r 2=000000008002adc0] R[r 0=0000000000000000] inst=[00006161] c.addi16sp sp, 80
C0:      18765 [1] pc=[0000000080001730] W[r 0=0000000080001732][1] R[r 1=00000000800018b2] R[r 0=0000000000000000] inst=[00008082] ret
C0:      18769 [1] pc=[00000000800018b2] W[r21=ffffffffffffffff][1] R[r 0=0000000000000000] R[r 0=0000000000000000] inst=[00005afd] c.li    s5, -1
C0:      18770 [1] pc=[00000000800018b4] W[r 0=0000000000000000][0] R[r10=0000000000000000] R[r21=ffffffffffffffff] inst=[0f551c63] bne     a0, s5, pc + 248
C0:      18772 [1] pc=[00000000800019ac] W[r13=0000000000000003][1] R[r 8=000000008002ae70] R[r 0=0000000000000000] inst=[00004814] c.lw    a3, 16(s0)
C0:      18773 [1] pc=[00000000800019ae] W[r12=000000008002aeb0][1] R[r 0=0000000000000000] R[r 9=000000008002aeb0] inst=[00008626] c.mv    a2, s1
C0:      18774 [1] pc=[00000000800019b0] W[r11=0000000080002440][1] R[r 0=0000000000000000] R[r19=0000000080002440] inst=[000085ce] c.mv    a1, s3
C0:      18775 [1] pc=[00000000800019b2] W[r10=0000000080002150][1] R[r 0=0000000000000000] R[r18=0000000080002150] inst=[0000854a] c.mv    a0, s2
C0:      18776 [1] pc=[00000000800019b4] W[r 1=00000000800019b6][1] R[r20=00000000800008b2] R[r 0=0000000000000000] inst=[00009a02] c.jalr  s4
C0:      18780 [1] pc=[00000000800008b2] W[r 2=000000008002ade0][1] R[r 2=000000008002ae10] R[r 0=0000000000000000] inst=[00007179] c.addi16sp sp, -48
C0:      18781 [1] pc=[00000000800008b4] W[r 0=0000000000000000][0] R[r 2=000000008002ade0] R[r 8=000000008002ae70] inst=[0000f022] c.sdsp  s0, 32(sp)
C0:      18782 [1] pc=[00000000800008b6] W[r 0=0000000000000000][0] R[r 2=000000008002ade0] R[r 9=000000008002aeb0] inst=[0000ec26] c.sdsp  s1, 24(sp)
C0:      18783 [1] pc=[00000000800008b8] W[r 0=0000000000000000][0] R[r 2=000000008002ade0] R[r18=0000000080002150] inst=[0000e84a] c.sdsp  s2, 16(sp)
C0:      18784 [1] pc=[00000000800008ba] W[r 0=0000000000000000][0] R[r 2=000000008002ade0] R[r19=0000000080002440] inst=[0000e44e] c.sdsp  s3, 8(sp)
C0:      18785 [1] pc=[00000000800008bc] W[r 0=0000000000000000][0] R[r 2=000000008002ade0] R[r20=00000000800008b2] inst=[0000e052] c.sdsp  s4, 0(sp)
C0:      18786 [1] pc=[00000000800008be] W[r 0=0000000000000000][0] R[r 2=000000008002ade0] R[r 1=00000000800019b6] inst=[0000f406] c.sdsp  ra, 40(sp)
C0:      18787 [1] pc=[00000000800008c0] W[r18=0000000080002150][1] R[r 0=0000000000000000] R[r10=0000000080002150] inst=[0000892a] c.mv    s2, a0
C0:      18788 [1] pc=[00000000800008c2] W[r19=0000000080002440][1] R[r 0=0000000000000000] R[r11=0000000080002440] inst=[000089ae] c.mv    s3, a1
C0:      18789 [1] pc=[00000000800008c4] W[r 8=000000008002aeb0][1] R[r 0=0000000000000000] R[r12=000000008002aeb0] inst=[00008432] c.mv    s0, a2
C0:      18790 [1] pc=[00000000800008c6] W[r 9=000000008002aeb3][1] R[r12=000000008002aeb0] R[r13=0000000000000003] inst=[00d604b3] add     s1, a2, a3
C0:      18791 [1] pc=[00000000800008ca] W[r20=ffffffffffffffff][1] R[r 0=0000000000000000] R[r 0=0000000000000000] inst=[00005a7d] c.li    s4, -1
C0:      18792 [1] pc=[00000000800008cc] W[r 0=0000000000000000][0] R[r 8=000000008002aeb0] R[r 9=000000008002aeb3] inst=[00941463] bne     s0, s1, pc + 8
C0:      18796 [1] pc=[00000000800008d4] W[r11=0000000000000038][1] R[r 8=000000008002aeb0] R[r 0=0000000000000000] inst=[00044583] lbu     a1, 0(s0)
C0:      18797 [1] pc=[00000000800008d8] W[r12=0000000080002440][1] R[r 0=0000000000000000] R[r19=0000000080002440] inst=[0000864e] c.mv    a2, s3
C0:      18798 [1] pc=[00000000800008da] W[r10=0000000080002150][1] R[r 0=0000000000000000] R[r18=0000000080002150] inst=[0000854a] c.mv    a0, s2
C0:      18799 [1] pc=[00000000800008dc] W[r 1=00000000800008e0][1] R[r 0=0000000000000000] R[r 0=0000000000000000] inst=[fa7ff0ef] jal     pc - 0x5a
C0:      18800 [1] pc=[0000000080000882] W[r15=ffffffffffffffd8][1] R[r12=0000000080002440] R[r 0=0000000000000000] inst=[0000465c] c.lw    a5, 12(a2)
C0:      18802 [1] pc=[0000000080000884] W[r15=ffffffffffffffd7][1] R[r15=ffffffffffffffd8] R[r 0=0000000000000000] inst=[000037fd] c.addiw a5, -1
C0:      18803 [1] pc=[0000000080000886] W[r 0=0000000000000000][0] R[r12=0000000080002440] R[r15=ffffffffffffffd7] inst=[0000c65c] c.sw    a5, 12(a2)
C0:      18804 [1] pc=[0000000080000888] W[r13=ffffffd700000000][1] R[r15=ffffffffffffffd7] R[r 0=0000000000000000] inst=[02079693] slli    a3, a5, 32
C0:      18805 [1] pc=[000000008000088c] W[r14=ffffffffffffffd7][1] R[r15=ffffffffffffffd7] R[r 0=0000000000000000] inst=[0007871b] sext.w  a4, a5
C0:      18806 [1] pc=[0000000080000890] W[r 0=0000000000000000][0] R[r13=ffffffd700000000] R[r 0=0000000000000000] inst=[0006d963] bgez    a3, pc + 18
C0:      18807 [1] pc=[0000000080000894] W[r15=fffffffffffffc00][1] R[r12=0000000080002440] R[r 0=0000000000000000] inst=[0000561c] c.lw    a5, 40(a2)
C0:      18809 [1] pc=[0000000080000896] W[r 0=0000000000000000][0] R[r14=ffffffffffffffd7] R[r15=fffffffffffffc00] inst=[00f74563] blt     a4, a5, pc + 10
C0:      18810 [1] pc=[000000008000089a] W[r15=000000000000000a][1] R[r 0=0000000000000000] R[r 0=0000000000000000] inst=[000047a9] c.li    a5, 10
C0:      18811 [1] pc=[000000008000089c] W[r 0=0000000000000000][0] R[r11=0000000000000038] R[r15=000000000000000a] inst=[00f59363] bne     a1, a5, pc + 6
C0:      18815 [1] pc=[00000000800008a2] W[r15=0000000080002680][1] R[r12=0000000080002440] R[r 0=0000000000000000] inst=[0000621c] c.ld    a5, 0(a2)
C0:      18816 [1] pc=[00000000800008a4] W[r10=0000000000000038][1] R[r 0=0000000000000000] R[r11=0000000000000038] inst=[0000852e] c.mv    a0, a1
C0:      18817 [1] pc=[00000000800008a6] W[r14=0000000080002681][1] R[r15=0000000080002680] R[r 0=0000000000000000] inst=[00178713] addi    a4, a5, 1
C0:      18818 [1] pc=[00000000800008aa] W[r 0=0000000000000000][0] R[r12=0000000080002440] R[r14=0000000080002681] inst=[0000e218] c.sd    a4, 0(a2)
C0:      18844 [1] pc=[00000000800008ac] W[r 0=0000000000000000][0] R[r15=0000000080002680] R[r11=0000000000000038] inst=[00b78023] sb      a1, 0(a5)
C0:      18845 [1] pc=[00000000800008b0] W[r 0=00000000800008b2][1] R[r 1=00000000800008e0] R[r 0=0000000000000000] inst=[00008082] ret
C0:      18849 [1] pc=[00000000800008e0] W[r 8=000000008002aeb1][1] R[r 8=000000008002aeb0] R[r 0=0000000000000000] inst=[00000405] c.addi  s0, 1
C0:      18850 [1] pc=[00000000800008e2] W[r 0=0000000000000000][0] R[r10=0000000000000038] R[r20=ffffffffffffffff] inst=[ff4515e3] bne     a0, s4, pc - 22
C0:      18851 [1] pc=[00000000800008cc] W[r 0=0000000000000000][0] R[r 8=000000008002aeb1] R[r 9=000000008002aeb3] inst=[00941463] bne     s0, s1, pc + 8
C0:      18855 [1] pc=[00000000800008d4] W[r11=0000000000000030][1] R[r 8=000000008002aeb1] R[r 0=0000000000000000] inst=[00044583] lbu     a1, 0(s0)
C0:      18856 [1] pc=[00000000800008d8] W[r12=0000000080002440][1] R[r 0=0000000000000000] R[r19=0000000080002440] inst=[0000864e] c.mv    a2, s3
C0:      18857 [1] pc=[00000000800008da] W[r10=0000000080002150][1] R[r 0=0000000000000000] R[r18=0000000080002150] inst=[0000854a] c.mv    a0, s2
C0:      18858 [1] pc=[00000000800008dc] W[r 1=00000000800008e0][1] R[r 0=0000000000000000] R[r 0=0000000000000000] inst=[fa7ff0ef] jal     pc - 0x5a
C0:      18859 [1] pc=[0000000080000882] W[r15=ffffffffffffffd7][1] R[r12=0000000080002440] R[r 0=0000000000000000] inst=[0000465c] c.lw    a5, 12(a2)
C0:      18861 [1] pc=[0000000080000884] W[r15=ffffffffffffffd6][1] R[r15=ffffffffffffffd7] R[r 0=0000000000000000] inst=[000037fd] c.addiw a5, -1
C0:      18862 [1] pc=[0000000080000886] W[r 0=0000000000000000][0] R[r12=0000000080002440] R[r15=ffffffffffffffd6] inst=[0000c65c] c.sw    a5, 12(a2)
C0:      18863 [1] pc=[0000000080000888] W[r13=ffffffd600000000][1] R[r15=ffffffffffffffd6] R[r 0=0000000000000000] inst=[02079693] slli    a3, a5, 32
C0:      18864 [1] pc=[000000008000088c] W[r14=ffffffffffffffd6][1] R[r15=ffffffffffffffd6] R[r 0=0000000000000000] inst=[0007871b] sext.w  a4, a5
C0:      18865 [1] pc=[0000000080000890] W[r 0=0000000000000000][0] R[r13=ffffffd600000000] R[r 0=0000000000000000] inst=[0006d963] bgez    a3, pc + 18
C0:      18866 [1] pc=[0000000080000894] W[r15=fffffffffffffc00][1] R[r12=0000000080002440] R[r 0=0000000000000000] inst=[0000561c] c.lw    a5, 40(a2)
C0:      18868 [1] pc=[0000000080000896] W[r 0=0000000000000000][0] R[r14=ffffffffffffffd6] R[r15=fffffffffffffc00] inst=[00f74563] blt     a4, a5, pc + 10
C0:      18869 [1] pc=[000000008000089a] W[r15=000000000000000a][1] R[r 0=0000000000000000] R[r 0=0000000000000000] inst=[000047a9] c.li    a5, 10
C0:      18870 [1] pc=[000000008000089c] W[r 0=0000000000000000][0] R[r11=0000000000000030] R[r15=000000000000000a] inst=[00f59363] bne     a1, a5, pc + 6
C0:      18871 [1] pc=[00000000800008a2] W[r15=0000000080002681][1] R[r12=0000000080002440] R[r 0=0000000000000000] inst=[0000621c] c.ld    a5, 0(a2)
C0:      18872 [1] pc=[00000000800008a4] W[r10=0000000000000030][1] R[r 0=0000000000000000] R[r11=0000000000000030] inst=[0000852e] c.mv    a0, a1
C0:      18873 [1] pc=[00000000800008a6] W[r14=0000000080002682][1] R[r15=0000000080002681] R[r 0=0000000000000000] inst=[00178713] addi    a4, a5, 1
C0:      18874 [1] pc=[00000000800008aa] W[r 0=0000000000000000][0] R[r12=0000000080002440] R[r14=0000000080002682] inst=[0000e218] c.sd    a4, 0(a2)
C0:      18875 [1] pc=[00000000800008ac] W[r 0=0000000000000000][0] R[r15=0000000080002681] R[r11=0000000000000030] inst=[00b78023] sb      a1, 0(a5)
C0:      18876 [1] pc=[00000000800008b0] W[r 0=00000000800008b2][1] R[r 1=00000000800008e0] R[r 0=0000000000000000] inst=[00008082] ret
C0:      18877 [1] pc=[00000000800008e0] W[r 8=000000008002aeb2][1] R[r 8=000000008002aeb1] R[r 0=0000000000000000] inst=[00000405] c.addi  s0, 1
C0:      18878 [1] pc=[00000000800008e2] W[r 0=0000000000000000][0] R[r10=0000000000000030] R[r20=ffffffffffffffff] inst=[ff4515e3] bne     a0, s4, pc - 22
C0:      18879 [1] pc=[00000000800008cc] W[r 0=0000000000000000][0] R[r 8=000000008002aeb2] R[r 9=000000008002aeb3] inst=[00941463] bne     s0, s1, pc + 8
C0:      18883 [1] pc=[00000000800008d4] W[r11=0000000000000036][1] R[r 8=000000008002aeb2] R[r 0=0000000000000000] inst=[00044583] lbu     a1, 0(s0)
C0:      18884 [1] pc=[00000000800008d8] W[r12=0000000080002440][1] R[r 0=0000000000000000] R[r19=0000000080002440] inst=[0000864e] c.mv    a2, s3
C0:      18885 [1] pc=[00000000800008da] W[r10=0000000080002150][1] R[r 0=0000000000000000] R[r18=0000000080002150] inst=[0000854a] c.mv    a0, s2
C0:      18886 [1] pc=[00000000800008dc] W[r 1=00000000800008e0][1] R[r 0=0000000000000000] R[r 0=0000000000000000] inst=[fa7ff0ef] jal     pc - 0x5a
C0:      18887 [1] pc=[0000000080000882] W[r15=ffffffffffffffd6][1] R[r12=0000000080002440] R[r 0=0000000000000000] inst=[0000465c] c.lw    a5, 12(a2)
C0:      18889 [1] pc=[0000000080000884] W[r15=ffffffffffffffd5][1] R[r15=ffffffffffffffd6] R[r 0=0000000000000000] inst=[000037fd] c.addiw a5, -1
C0:      18890 [1] pc=[0000000080000886] W[r 0=0000000000000000][0] R[r12=0000000080002440] R[r15=ffffffffffffffd5] inst=[0000c65c] c.sw    a5, 12(a2)
C0:      18891 [1] pc=[0000000080000888] W[r13=ffffffd500000000][1] R[r15=ffffffffffffffd5] R[r 0=0000000000000000] inst=[02079693] slli    a3, a5, 32
C0:      18892 [1] pc=[000000008000088c] W[r14=ffffffffffffffd5][1] R[r15=ffffffffffffffd5] R[r 0=0000000000000000] inst=[0007871b] sext.w  a4, a5
C0:      18893 [1] pc=[0000000080000890] W[r 0=0000000000000000][0] R[r13=ffffffd500000000] R[r 0=0000000000000000] inst=[0006d963] bgez    a3, pc + 18
C0:      18894 [1] pc=[0000000080000894] W[r15=fffffffffffffc00][1] R[r12=0000000080002440] R[r 0=0000000000000000] inst=[0000561c] c.lw    a5, 40(a2)
C0:      18896 [1] pc=[0000000080000896] W[r 0=0000000000000000][0] R[r14=ffffffffffffffd5] R[r15=fffffffffffffc00] inst=[00f74563] blt     a4, a5, pc + 10
C0:      18897 [1] pc=[000000008000089a] W[r15=000000000000000a][1] R[r 0=0000000000000000] R[r 0=0000000000000000] inst=[000047a9] c.li    a5, 10
C0:      18898 [1] pc=[000000008000089c] W[r 0=0000000000000000][0] R[r11=0000000000000036] R[r15=000000000000000a] inst=[00f59363] bne     a1, a5, pc + 6
C0:      18902 [1] pc=[00000000800008a2] W[r15=0000000080002682][1] R[r12=0000000080002440] R[r 0=0000000000000000] inst=[0000621c] c.ld    a5, 0(a2)
C0:      18903 [1] pc=[00000000800008a4] W[r10=0000000000000036][1] R[r 0=0000000000000000] R[r11=0000000000000036] inst=[0000852e] c.mv    a0, a1
C0:      18904 [1] pc=[00000000800008a6] W[r14=0000000080002683][1] R[r15=0000000080002682] R[r 0=0000000000000000] inst=[00178713] addi    a4, a5, 1
C0:      18905 [1] pc=[00000000800008aa] W[r 0=0000000000000000][0] R[r12=0000000080002440] R[r14=0000000080002683] inst=[0000e218] c.sd    a4, 0(a2)
C0:      18906 [1] pc=[00000000800008ac] W[r 0=0000000000000000][0] R[r15=0000000080002682] R[r11=0000000000000036] inst=[00b78023] sb      a1, 0(a5)
C0:      18907 [1] pc=[00000000800008b0] W[r 0=00000000800008b2][1] R[r 1=00000000800008e0] R[r 0=0000000000000000] inst=[00008082] ret
C0:      18908 [1] pc=[00000000800008e0] W[r 8=000000008002aeb3][1] R[r 8=000000008002aeb2] R[r 0=0000000000000000] inst=[00000405] c.addi  s0, 1
C0:      18909 [1] pc=[00000000800008e2] W[r 0=0000000000000000][0] R[r10=0000000000000036] R[r20=ffffffffffffffff] inst=[ff4515e3] bne     a0, s4, pc - 22
C0:      18910 [1] pc=[00000000800008cc] W[r 0=0000000000000000][0] R[r 8=000000008002aeb3] R[r 9=000000008002aeb3] inst=[00941463] bne     s0, s1, pc + 8
C0:      18914 [1] pc=[00000000800008d0] W[r10=0000000000000000][1] R[r 0=0000000000000000] R[r 0=0000000000000000] inst=[00004501] c.li    a0, 0
C0:      18915 [1] pc=[00000000800008d2] W[r 0=00000000800008d4][1] R[r 0=0000000000000000] R[r 0=0000000000000000] inst=[0000a811] c.j     pc + 20
C0:      18916 [1] pc=[00000000800008e6] W[r 1=00000000800019b6][1] R[r 2=000000008002ade0] R[r 0=0000000000000000] inst=[000070a2] c.ldsp  ra, 40(sp)
C0:      18917 [1] pc=[00000000800008e8] W[r 8=000000008002ae70][1] R[r 2=000000008002ade0] R[r 0=0000000000000000] inst=[00007402] c.ldsp  s0, 32(sp)
C0:      18918 [1] pc=[00000000800008ea] W[r 9=000000008002aeb0][1] R[r 2=000000008002ade0] R[r 0=0000000000000000] inst=[000064e2] c.ldsp  s1, 24(sp)
C0:      18919 [1] pc=[00000000800008ec] W[r18=0000000080002150][1] R[r 2=000000008002ade0] R[r 0=0000000000000000] inst=[00006942] c.ldsp  s2, 16(sp)
C0:      18920 [1] pc=[00000000800008ee] W[r19=0000000080002440][1] R[r 2=000000008002ade0] R[r 0=0000000000000000] inst=[000069a2] c.ldsp  s3, 8(sp)
C0:      18921 [1] pc=[00000000800008f0] W[r20=00000000800008b2][1] R[r 2=000000008002ade0] R[r 0=0000000000000000] inst=[00006a02] c.ldsp  s4, 0(sp)
C0:      18922 [1] pc=[00000000800008f2] W[r 2=000000008002ae10][1] R[r 2=000000008002ade0] R[r 0=0000000000000000] inst=[00006145] c.addi16sp sp, 48
C0:      18923 [1] pc=[00000000800008f4] W[r 0=00000000800008f6][1] R[r 1=00000000800019b6] R[r 0=0000000000000000] inst=[00008082] ret
C0:      18928 [1] pc=[00000000800019b6] W[r 0=0000000000000000][0] R[r10=0000000000000000] R[r21=ffffffffffffffff] inst=[f15501e3] beq     a0, s5, pc - 254
C0:      18929 [1] pc=[00000000800019ba] W[r15=0000000000000080][1] R[r 8=000000008002ae70] R[r 0=0000000000000000] inst=[0000401c] c.lw    a5, 0(s0)
C0:      18931 [1] pc=[00000000800019bc] W[r15=0000000000000000][1] R[r15=0000000000000080] R[r 0=0000000000000000] inst=[00008b89] c.andi  a5, 2
C0:      18932 [1] pc=[00000000800019be] W[r 0=0000000000000000][0] R[r15=0000000000000000] R[r 0=0000000000000000] inst=[0000eb95] c.bnez  a5, pc + 52
C0:      18933 [1] pc=[00000000800019c0] W[r15=0000000000000003][1] R[r 2=000000008002ae10] R[r 0=0000000000000000] inst=[000047b2] c.lwsp  a5, 12(sp)
C0:      18934 [1] pc=[00000000800019c2] W[r10=0000000000000000][1] R[r 8=000000008002ae70] R[r 0=0000000000000000] inst=[00004448] c.lw    a0, 12(s0)
C0:      18935 [1] pc=[00000000800019c4] W[r14=0000000000000003][1] R[r15=0000000000000003] R[r 0=0000000000000000] inst=[0007871b] sext.w  a4, a5
C0:      18936 [1] pc=[00000000800019c8] W[r13=0000000000000000][1] R[r10=0000000000000000] R[r 0=0000000000000000] inst=[0005069b] sext.w  a3, a0
C0:      18937 [1] pc=[00000000800019cc] W[r 0=0000000000000000][0] R[r13=0000000000000000] R[r14=0000000000000003] inst=[00e6d363] bge     a3, a4, pc + 6
C0:      18938 [1] pc=[00000000800019d0] W[r10=0000000000000003][1] R[r 0=0000000000000000] R[r15=0000000000000003] inst=[0000853e] c.mv    a0, a5
C0:      18939 [1] pc=[00000000800019d2] W[r10=0000000000000003][1] R[r10=0000000000000003] R[r 0=0000000000000000] inst=[00002501] c.addiw a0, 0
C0:      18940 [1] pc=[00000000800019d4] W[r 0=00000000800019d6][1] R[r 0=0000000000000000] R[r 0=0000000000000000] inst=[0000b5dd] c.j     pc - 282
C0:      18941 [1] pc=[00000000800018ba] W[r 1=0000000080000bce][1] R[r 2=000000008002ae10] R[r 0=0000000000000000] inst=[000060a6] c.ldsp  ra, 72(sp)
C0:      18942 [1] pc=[00000000800018bc] W[r 8=0000000080001f5a][1] R[r 2=000000008002ae10] R[r 0=0000000000000000] inst=[00006406] c.ldsp  s0, 64(sp)
C0:      18943 [1] pc=[00000000800018be] W[r 9=0000000080002440][1] R[r 2=000000008002ae10] R[r 0=0000000000000000] inst=[000074e2] c.ldsp  s1, 56(sp)
C0:      18944 [1] pc=[00000000800018c0] W[r18=0000000080001f5b][1] R[r 2=000000008002ae10] R[r 0=0000000000000000] inst=[00007942] c.ldsp  s2, 48(sp)
C0:      18945 [1] pc=[00000000800018c2] W[r19=0000000080002150][1] R[r 2=000000008002ae10] R[r 0=0000000000000000] inst=[000079a2] c.ldsp  s3, 40(sp)
C0:      18946 [1] pc=[00000000800018c4] W[r20=0000000000000000][1] R[r 2=000000008002ae10] R[r 0=0000000000000000] inst=[00007a02] c.ldsp  s4, 32(sp)
C0:      18947 [1] pc=[00000000800018c6] W[r21=ffffffffffffffff][1] R[r 2=000000008002ae10] R[r 0=0000000000000000] inst=[00006ae2] c.ldsp  s5, 24(sp)
C0:      18948 [1] pc=[00000000800018c8] W[r22=0000000080002020][1] R[r 2=000000008002ae10] R[r 0=0000000000000000] inst=[00006b42] c.ldsp  s6, 16(sp)
C0:      18949 [1] pc=[00000000800018ca] W[r 2=000000008002ae60][1] R[r 2=000000008002ae10] R[r 0=0000000000000000] inst=[00006161] c.addi16sp sp, 80
C0:      18950 [1] pc=[00000000800018cc] W[r 0=00000000800018ce][1] R[r 1=0000000080000bce] R[r 0=0000000000000000] inst=[00008082] ret
C0:      18951 [1] pc=[0000000080000bce] W[r 0=0000000080000bd0][1] R[r 0=0000000000000000] R[r 0=0000000000000000] inst=[0000bfd9] c.j     pc - 42
C0:      18952 [1] pc=[0000000080000ba4] W[r20=0000000000000003][1] R[r 0=0000000000000000] R[r10=0000000000000003] inst=[00008a2a] c.mv    s4, a0
C0:      18953 [1] pc=[0000000080000ba6] W[r 0=0000000000000000][0] R[r10=0000000000000003] R[r21=ffffffffffffffff] inst=[fb5515e3] bne     a0, s5, pc - 86
C0:      18957 [1] pc=[0000000080000b50] W[r15=0000000000000028][1] R[r 2=000000008002ae60] R[r 0=0000000000000000] inst=[00005792] c.lwsp  a5, 36(sp)
C0:      18959 [1] pc=[0000000080000b52] W[r15=000000000000002b][1] R[r15=0000000000000028] R[r20=0000000000000003] inst=[014787bb] addw    a5, a5, s4
C0:      18960 [1] pc=[0000000080000b56] W[r 0=0000000000000000][0] R[r 2=000000008002ae60] R[r15=000000000000002b] inst=[0000d23e] c.swsp  a5, 36(sp)
C0:      18961 [1] pc=[0000000080000b58] W[r 0=0000000080000b5a][1] R[r 0=0000000000000000] R[r 0=0000000000000000] inst=[0000bd25] c.j     pc - 456
C0:      18962 [1] pc=[0000000080000990] W[r 8=0000000080001f5b][1] R[r 0=0000000000000000] R[r18=0000000080001f5b] inst=[0000844a] c.mv    s0, s2
C0:      18963 [1] pc=[0000000080000992] W[r15=0000000000000020][1] R[r 8=0000000080001f5b] R[r 0=0000000000000000] inst=[00044783] lbu     a5, 0(s0)
C0:      18966 [1] pc=[0000000080000996] W[r 0=0000000000000000][0] R[r15=0000000000000020] R[r 0=0000000000000000] inst=[0000c399] c.beqz  a5, pc + 6
C0:      18967 [1] pc=[0000000080000998] W[r 0=0000000000000000][0] R[r15=0000000000000020] R[r23=0000000000000025] inst=[0f779263] bne     a5, s7, pc + 228
C0:      18968 [1] pc=[0000000080000a7c] W[r 8=0000000080001f5c][1] R[r 8=0000000080001f5b] R[r 0=0000000000000000] inst=[00000405] c.addi  s0, 1
C0:      18969 [1] pc=[0000000080000a7e] W[r 0=0000000080000a80][1] R[r 0=0000000000000000] R[r 0=0000000000000000] inst=[0000bf11] c.j     pc - 236
C0:      18970 [1] pc=[0000000080000992] W[r15=0000000000000063][1] R[r 8=0000000080001f5c] R[r 0=0000000000000000] inst=[00044783] lbu     a5, 0(s0)
C0:      18973 [1] pc=[0000000080000996] W[r 0=0000000000000000][0] R[r15=0000000000000063] R[r 0=0000000000000000] inst=[0000c399] c.beqz  a5, pc + 6
C0:      18974 [1] pc=[0000000080000998] W[r 0=0000000000000000][0] R[r15=0000000000000063] R[r23=0000000000000025] inst=[0f779263] bne     a5, s7, pc + 228
C0:      18975 [1] pc=[0000000080000a7c] W[r 8=0000000080001f5d][1] R[r 8=0000000080001f5c] R[r 0=0000000000000000] inst=[00000405] c.addi  s0, 1
C0:      18976 [1] pc=[0000000080000a7e] W[r 0=0000000080000a80][1] R[r 0=0000000000000000] R[r 0=0000000000000000] inst=[0000bf11] c.j     pc - 236
C0:      18977 [1] pc=[0000000080000992] W[r15=0000000000000079][1] R[r 8=0000000080001f5d] R[r 0=0000000000000000] inst=[00044783] lbu     a5, 0(s0)
C0:      18980 [1] pc=[0000000080000996] W[r 0=0000000000000000][0] R[r15=0000000000000079] R[r 0=0000000000000000] inst=[0000c399] c.beqz  a5, pc + 6
C0:      18981 [1] pc=[0000000080000998] W[r 0=0000000000000000][0] R[r15=0000000000000079] R[r23=0000000000000025] inst=[0f779263] bne     a5, s7, pc + 228
C0:      18985 [1] pc=[0000000080000a7c] W[r 8=0000000080001f5e][1] R[r 8=0000000080001f5d] R[r 0=0000000000000000] inst=[00000405] c.addi  s0, 1
C0:      18986 [1] pc=[0000000080000a7e] W[r 0=0000000080000a80][1] R[r 0=0000000000000000] R[r 0=0000000000000000] inst=[0000bf11] c.j     pc - 236
C0:      18987 [1] pc=[0000000080000992] W[r15=0000000000000063][1] R[r 8=0000000080001f5e] R[r 0=0000000000000000] inst=[00044783] lbu     a5, 0(s0)
C0:      18990 [1] pc=[0000000080000996] W[r 0=0000000000000000][0] R[r15=0000000000000063] R[r 0=0000000000000000] inst=[0000c399] c.beqz  a5, pc + 6
C0:      18991 [1] pc=[0000000080000998] W[r 0=0000000000000000][0] R[r15=0000000000000063] R[r23=0000000000000025] inst=[0f779263] bne     a5, s7, pc + 228
C0:      18992 [1] pc=[0000000080000a7c] W[r 8=0000000080001f5f][1] R[r 8=0000000080001f5e] R[r 0=0000000000000000] inst=[00000405] c.addi  s0, 1
C0:      18993 [1] pc=[0000000080000a7e] W[r 0=0000000080000a80][1] R[r 0=0000000000000000] R[r 0=0000000000000000] inst=[0000bf11] c.j     pc - 236
C0:      18994 [1] pc=[0000000080000992] W[r15=000000000000006c][1] R[r 8=0000000080001f5f] R[r 0=0000000000000000] inst=[00044783] lbu     a5, 0(s0)
C0:      18997 [1] pc=[0000000080000996] W[r 0=0000000000000000][0] R[r15=000000000000006c] R[r 0=0000000000000000] inst=[0000c399] c.beqz  a5, pc + 6
C0:      18998 [1] pc=[0000000080000998] W[r 0=0000000000000000][0] R[r15=000000000000006c] R[r23=0000000000000025] inst=[0f779263] bne     a5, s7, pc + 228
C0:      19002 [1] pc=[0000000080000a7c] W[r 8=0000000080001f60][1] R[r 8=0000000080001f5f] R[r 0=0000000000000000] inst=[00000405] c.addi  s0, 1
C0:      19003 [1] pc=[0000000080000a7e] W[r 0=0000000080000a80][1] R[r 0=0000000000000000] R[r 0=0000000000000000] inst=[0000bf11] c.j     pc - 236
C0:      19004 [1] pc=[0000000080000992] W[r15=0000000000000065][1] R[r 8=0000000080001f60] R[r 0=0000000000000000] inst=[00044783] lbu     a5, 0(s0)
C0:      19007 [1] pc=[0000000080000996] W[r 0=0000000000000000][0] R[r15=0000000000000065] R[r 0=0000000000000000] inst=[0000c399] c.beqz  a5, pc + 6
C0:      19011 [1] pc=[0000000080000998] W[r 0=0000000000000000][0] R[r15=0000000000000065] R[r23=0000000000000025] inst=[0f779263] bne     a5, s7, pc + 228
C0:      19012 [1] pc=[0000000080000a7c] W[r 8=0000000080001f61][1] R[r 8=0000000080001f60] R[r 0=0000000000000000] inst=[00000405] c.addi  s0, 1
C0:      19013 [1] pc=[0000000080000a7e] W[r 0=0000000080000a80][1] R[r 0=0000000000000000] R[r 0=0000000000000000] inst=[0000bf11] c.j     pc - 236
C0:      19014 [1] pc=[0000000080000992] W[r15=0000000000000073][1] R[r 8=0000000080001f61] R[r 0=0000000000000000] inst=[00044783] lbu     a5, 0(s0)
C0:      19017 [1] pc=[0000000080000996] W[r 0=0000000000000000][0] R[r15=0000000000000073] R[r 0=0000000000000000] inst=[0000c399] c.beqz  a5, pc + 6
C0:      19018 [1] pc=[0000000080000998] W[r 0=0000000000000000][0] R[r15=0000000000000073] R[r23=0000000000000025] inst=[0f779263] bne     a5, s7, pc + 228
C0:      19019 [1] pc=[0000000080000a7c] W[r 8=0000000080001f62][1] R[r 8=0000000080001f61] R[r 0=0000000000000000] inst=[00000405] c.addi  s0, 1
C0:      19020 [1] pc=[0000000080000a7e] W[r 0=0000000080000a80][1] R[r 0=0000000000000000] R[r 0=0000000000000000] inst=[0000bf11] c.j     pc - 236
C0:      19021 [1] pc=[0000000080000992] W[r15=000000000000000a][1] R[r 8=0000000080001f62] R[r 0=0000000000000000] inst=[00044783] lbu     a5, 0(s0)
C0:      19024 [1] pc=[0000000080000996] W[r 0=0000000000000000][0] R[r15=000000000000000a] R[r 0=0000000000000000] inst=[0000c399] c.beqz  a5, pc + 6
C0:      19025 [1] pc=[0000000080000998] W[r 0=0000000000000000][0] R[r15=000000000000000a] R[r23=0000000000000025] inst=[0f779263] bne     a5, s7, pc + 228
C0:      19026 [1] pc=[0000000080000a7c] W[r 8=0000000080001f63][1] R[r 8=0000000080001f62] R[r 0=0000000000000000] inst=[00000405] c.addi  s0, 1
C0:      19027 [1] pc=[0000000080000a7e] W[r 0=0000000080000a80][1] R[r 0=0000000000000000] R[r 0=0000000000000000] inst=[0000bf11] c.j     pc - 236
C0:      19028 [1] pc=[0000000080000992] W[r15=0000000000000000][1] R[r 8=0000000080001f63] R[r 0=0000000000000000] inst=[00044783] lbu     a5, 0(s0)
C0:      19031 [1] pc=[0000000080000996] W[r 0=0000000000000000][0] R[r15=0000000000000000] R[r 0=0000000000000000] inst=[0000c399] c.beqz  a5, pc + 6
C0:      19035 [1] pc=[000000008000099c] W[r26=0000000000000008][1] R[r 8=0000000080001f63] R[r18=0000000080001f5b] inst=[41240d3b] subw    s10, s0, s2
C0:      19036 [1] pc=[00000000800009a0] W[r 0=0000000000000000][0] R[r26=0000000000000008] R[r 0=0000000000000000] inst=[000d0e63] beqz    s10, pc + 28
C0:      19040 [1] pc=[00000000800009a4] W[r13=0000000000000008][1] R[r 0=0000000000000000] R[r26=0000000000000008] inst=[000086ea] c.mv    a3, s10
C0:      19041 [1] pc=[00000000800009a6] W[r12=0000000080001f5b][1] R[r 0=0000000000000000] R[r18=0000000080001f5b] inst=[0000864a] c.mv    a2, s2
C0:      19042 [1] pc=[00000000800009a8] W[r11=0000000080002440][1] R[r 0=0000000000000000] R[r 9=0000000080002440] inst=[000085a6] c.mv    a1, s1
C0:      19043 [1] pc=[00000000800009aa] W[r10=0000000080002150][1] R[r 0=0000000000000000] R[r19=0000000080002150] inst=[0000854e] c.mv    a0, s3
C0:      19044 [1] pc=[00000000800009ac] W[r 1=00000000800009b0][1] R[r 0=0000000000000000] R[r 0=0000000000000000] inst=[f07ff0ef] jal     pc - 0xfa
C0:      19045 [1] pc=[00000000800008b2] W[r 2=000000008002ae30][1] R[r 2=000000008002ae60] R[r 0=0000000000000000] inst=[00007179] c.addi16sp sp, -48
C0:      19046 [1] pc=[00000000800008b4] W[r 0=0000000000000000][0] R[r 2=000000008002ae30] R[r 8=0000000080001f63] inst=[0000f022] c.sdsp  s0, 32(sp)
C0:      19047 [1] pc=[00000000800008b6] W[r 0=0000000000000000][0] R[r 2=000000008002ae30] R[r 9=0000000080002440] inst=[0000ec26] c.sdsp  s1, 24(sp)
C0:      19048 [1] pc=[00000000800008b8] W[r 0=0000000000000000][0] R[r 2=000000008002ae30] R[r18=0000000080001f5b] inst=[0000e84a] c.sdsp  s2, 16(sp)
C0:      19049 [1] pc=[00000000800008ba] W[r 0=0000000000000000][0] R[r 2=000000008002ae30] R[r19=0000000080002150] inst=[0000e44e] c.sdsp  s3, 8(sp)
C0:      19050 [1] pc=[00000000800008bc] W[r 0=0000000000000000][0] R[r 2=000000008002ae30] R[r20=0000000000000003] inst=[0000e052] c.sdsp  s4, 0(sp)
C0:      19051 [1] pc=[00000000800008be] W[r 0=0000000000000000][0] R[r 2=000000008002ae30] R[r 1=00000000800009b0] inst=[0000f406] c.sdsp  ra, 40(sp)
C0:      19052 [1] pc=[00000000800008c0] W[r18=0000000080002150][1] R[r 0=0000000000000000] R[r10=0000000080002150] inst=[0000892a] c.mv    s2, a0
C0:      19053 [1] pc=[00000000800008c2] W[r19=0000000080002440][1] R[r 0=0000000000000000] R[r11=0000000080002440] inst=[000089ae] c.mv    s3, a1
C0:      19054 [1] pc=[00000000800008c4] W[r 8=0000000080001f5b][1] R[r 0=0000000000000000] R[r12=0000000080001f5b] inst=[00008432] c.mv    s0, a2
C0:      19055 [1] pc=[00000000800008c6] W[r 9=0000000080001f63][1] R[r12=0000000080001f5b] R[r13=0000000000000008] inst=[00d604b3] add     s1, a2, a3
C0:      19056 [1] pc=[00000000800008ca] W[r20=ffffffffffffffff][1] R[r 0=0000000000000000] R[r 0=0000000000000000] inst=[00005a7d] c.li    s4, -1
C0:      19057 [1] pc=[00000000800008cc] W[r 0=0000000000000000][0] R[r 8=0000000080001f5b] R[r 9=0000000080001f63] inst=[00941463] bne     s0, s1, pc + 8
C0:      19058 [1] pc=[00000000800008d4] W[r11=0000000000000020][1] R[r 8=0000000080001f5b] R[r 0=0000000000000000] inst=[00044583] lbu     a1, 0(s0)
C0:      19059 [1] pc=[00000000800008d8] W[r12=0000000080002440][1] R[r 0=0000000000000000] R[r19=0000000080002440] inst=[0000864e] c.mv    a2, s3
C0:      19060 [1] pc=[00000000800008da] W[r10=0000000080002150][1] R[r 0=0000000000000000] R[r18=0000000080002150] inst=[0000854a] c.mv    a0, s2
C0:      19061 [1] pc=[00000000800008dc] W[r 1=00000000800008e0][1] R[r 0=0000000000000000] R[r 0=0000000000000000] inst=[fa7ff0ef] jal     pc - 0x5a
C0:      19062 [1] pc=[0000000080000882] W[r15=ffffffffffffffd5][1] R[r12=0000000080002440] R[r 0=0000000000000000] inst=[0000465c] c.lw    a5, 12(a2)
C0:      19064 [1] pc=[0000000080000884] W[r15=ffffffffffffffd4][1] R[r15=ffffffffffffffd5] R[r 0=0000000000000000] inst=[000037fd] c.addiw a5, -1
C0:      19065 [1] pc=[0000000080000886] W[r 0=0000000000000000][0] R[r12=0000000080002440] R[r15=ffffffffffffffd4] inst=[0000c65c] c.sw    a5, 12(a2)
C0:      19066 [1] pc=[0000000080000888] W[r13=ffffffd400000000][1] R[r15=ffffffffffffffd4] R[r 0=0000000000000000] inst=[02079693] slli    a3, a5, 32
C0:      19067 [1] pc=[000000008000088c] W[r14=ffffffffffffffd4][1] R[r15=ffffffffffffffd4] R[r 0=0000000000000000] inst=[0007871b] sext.w  a4, a5
C0:      19068 [1] pc=[0000000080000890] W[r 0=0000000000000000][0] R[r13=ffffffd400000000] R[r 0=0000000000000000] inst=[0006d963] bgez    a3, pc + 18
C0:      19069 [1] pc=[0000000080000894] W[r15=fffffffffffffc00][1] R[r12=0000000080002440] R[r 0=0000000000000000] inst=[0000561c] c.lw    a5, 40(a2)
C0:      19071 [1] pc=[0000000080000896] W[r 0=0000000000000000][0] R[r14=ffffffffffffffd4] R[r15=fffffffffffffc00] inst=[00f74563] blt     a4, a5, pc + 10
C0:      19072 [1] pc=[000000008000089a] W[r15=000000000000000a][1] R[r 0=0000000000000000] R[r 0=0000000000000000] inst=[000047a9] c.li    a5, 10
C0:      19073 [1] pc=[000000008000089c] W[r 0=0000000000000000][0] R[r11=0000000000000020] R[r15=000000000000000a] inst=[00f59363] bne     a1, a5, pc + 6
C0:      19074 [1] pc=[00000000800008a2] W[r15=0000000080002683][1] R[r12=0000000080002440] R[r 0=0000000000000000] inst=[0000621c] c.ld    a5, 0(a2)
C0:      19075 [1] pc=[00000000800008a4] W[r10=0000000000000020][1] R[r 0=0000000000000000] R[r11=0000000000000020] inst=[0000852e] c.mv    a0, a1
C0:      19076 [1] pc=[00000000800008a6] W[r14=0000000080002684][1] R[r15=0000000080002683] R[r 0=0000000000000000] inst=[00178713] addi    a4, a5, 1
C0:      19077 [1] pc=[00000000800008aa] W[r 0=0000000000000000][0] R[r12=0000000080002440] R[r14=0000000080002684] inst=[0000e218] c.sd    a4, 0(a2)
C0:      19078 [1] pc=[00000000800008ac] W[r 0=0000000000000000][0] R[r15=0000000080002683] R[r11=0000000000000020] inst=[00b78023] sb      a1, 0(a5)
C0:      19079 [1] pc=[00000000800008b0] W[r 0=00000000800008b2][1] R[r 1=00000000800008e0] R[r 0=0000000000000000] inst=[00008082] ret
C0:      19080 [1] pc=[00000000800008e0] W[r 8=0000000080001f5c][1] R[r 8=0000000080001f5b] R[r 0=0000000000000000] inst=[00000405] c.addi  s0, 1
C0:      19081 [1] pc=[00000000800008e2] W[r 0=0000000000000000][0] R[r10=0000000000000020] R[r20=ffffffffffffffff] inst=[ff4515e3] bne     a0, s4, pc - 22
C0:      19082 [1] pc=[00000000800008cc] W[r 0=0000000000000000][0] R[r 8=0000000080001f5c] R[r 9=0000000080001f63] inst=[00941463] bne     s0, s1, pc + 8
C0:      19083 [1] pc=[00000000800008d4] W[r11=0000000000000063][1] R[r 8=0000000080001f5c] R[r 0=0000000000000000] inst=[00044583] lbu     a1, 0(s0)
C0:      19084 [1] pc=[00000000800008d8] W[r12=0000000080002440][1] R[r 0=0000000000000000] R[r19=0000000080002440] inst=[0000864e] c.mv    a2, s3
C0:      19085 [1] pc=[00000000800008da] W[r10=0000000080002150][1] R[r 0=0000000000000000] R[r18=0000000080002150] inst=[0000854a] c.mv    a0, s2
C0:      19086 [1] pc=[00000000800008dc] W[r 1=00000000800008e0][1] R[r 0=0000000000000000] R[r 0=0000000000000000] inst=[fa7ff0ef] jal     pc - 0x5a
C0:      19087 [1] pc=[0000000080000882] W[r15=ffffffffffffffd4][1] R[r12=0000000080002440] R[r 0=0000000000000000] inst=[0000465c] c.lw    a5, 12(a2)
C0:      19089 [1] pc=[0000000080000884] W[r15=ffffffffffffffd3][1] R[r15=ffffffffffffffd4] R[r 0=0000000000000000] inst=[000037fd] c.addiw a5, -1
C0:      19090 [1] pc=[0000000080000886] W[r 0=0000000000000000][0] R[r12=0000000080002440] R[r15=ffffffffffffffd3] inst=[0000c65c] c.sw    a5, 12(a2)
C0:      19091 [1] pc=[0000000080000888] W[r13=ffffffd300000000][1] R[r15=ffffffffffffffd3] R[r 0=0000000000000000] inst=[02079693] slli    a3, a5, 32
C0:      19092 [1] pc=[000000008000088c] W[r14=ffffffffffffffd3][1] R[r15=ffffffffffffffd3] R[r 0=0000000000000000] inst=[0007871b] sext.w  a4, a5
C0:      19093 [1] pc=[0000000080000890] W[r 0=0000000000000000][0] R[r13=ffffffd300000000] R[r 0=0000000000000000] inst=[0006d963] bgez    a3, pc + 18
C0:      19094 [1] pc=[0000000080000894] W[r15=fffffffffffffc00][1] R[r12=0000000080002440] R[r 0=0000000000000000] inst=[0000561c] c.lw    a5, 40(a2)
C0:      19096 [1] pc=[0000000080000896] W[r 0=0000000000000000][0] R[r14=ffffffffffffffd3] R[r15=fffffffffffffc00] inst=[00f74563] blt     a4, a5, pc + 10
C0:      19100 [1] pc=[000000008000089a] W[r15=000000000000000a][1] R[r 0=0000000000000000] R[r 0=0000000000000000] inst=[000047a9] c.li    a5, 10
C0:      19101 [1] pc=[000000008000089c] W[r 0=0000000000000000][0] R[r11=0000000000000063] R[r15=000000000000000a] inst=[00f59363] bne     a1, a5, pc + 6
C0:      19102 [1] pc=[00000000800008a2] W[r15=0000000080002684][1] R[r12=0000000080002440] R[r 0=0000000000000000] inst=[0000621c] c.ld    a5, 0(a2)
C0:      19103 [1] pc=[00000000800008a4] W[r10=0000000000000063][1] R[r 0=0000000000000000] R[r11=0000000000000063] inst=[0000852e] c.mv    a0, a1
C0:      19104 [1] pc=[00000000800008a6] W[r14=0000000080002685][1] R[r15=0000000080002684] R[r 0=0000000000000000] inst=[00178713] addi    a4, a5, 1
C0:      19105 [1] pc=[00000000800008aa] W[r 0=0000000000000000][0] R[r12=0000000080002440] R[r14=0000000080002685] inst=[0000e218] c.sd    a4, 0(a2)
C0:      19106 [1] pc=[00000000800008ac] W[r 0=0000000000000000][0] R[r15=0000000080002684] R[r11=0000000000000063] inst=[00b78023] sb      a1, 0(a5)
C0:      19107 [1] pc=[00000000800008b0] W[r 0=00000000800008b2][1] R[r 1=00000000800008e0] R[r 0=0000000000000000] inst=[00008082] ret
C0:      19108 [1] pc=[00000000800008e0] W[r 8=0000000080001f5d][1] R[r 8=0000000080001f5c] R[r 0=0000000000000000] inst=[00000405] c.addi  s0, 1
C0:      19109 [1] pc=[00000000800008e2] W[r 0=0000000000000000][0] R[r10=0000000000000063] R[r20=ffffffffffffffff] inst=[ff4515e3] bne     a0, s4, pc - 22
C0:      19110 [1] pc=[00000000800008cc] W[r 0=0000000000000000][0] R[r 8=0000000080001f5d] R[r 9=0000000080001f63] inst=[00941463] bne     s0, s1, pc + 8
C0:      19114 [1] pc=[00000000800008d4] W[r11=0000000000000079][1] R[r 8=0000000080001f5d] R[r 0=0000000000000000] inst=[00044583] lbu     a1, 0(s0)
C0:      19115 [1] pc=[00000000800008d8] W[r12=0000000080002440][1] R[r 0=0000000000000000] R[r19=0000000080002440] inst=[0000864e] c.mv    a2, s3
C0:      19116 [1] pc=[00000000800008da] W[r10=0000000080002150][1] R[r 0=0000000000000000] R[r18=0000000080002150] inst=[0000854a] c.mv    a0, s2
C0:      19117 [1] pc=[00000000800008dc] W[r 1=00000000800008e0][1] R[r 0=0000000000000000] R[r 0=0000000000000000] inst=[fa7ff0ef] jal     pc - 0x5a
C0:      19118 [1] pc=[0000000080000882] W[r15=ffffffffffffffd3][1] R[r12=0000000080002440] R[r 0=0000000000000000] inst=[0000465c] c.lw    a5, 12(a2)
C0:      19120 [1] pc=[0000000080000884] W[r15=ffffffffffffffd2][1] R[r15=ffffffffffffffd3] R[r 0=0000000000000000] inst=[000037fd] c.addiw a5, -1
C0:      19121 [1] pc=[0000000080000886] W[r 0=0000000000000000][0] R[r12=0000000080002440] R[r15=ffffffffffffffd2] inst=[0000c65c] c.sw    a5, 12(a2)
C0:      19122 [1] pc=[0000000080000888] W[r13=ffffffd200000000][1] R[r15=ffffffffffffffd2] R[r 0=0000000000000000] inst=[02079693] slli    a3, a5, 32
C0:      19123 [1] pc=[000000008000088c] W[r14=ffffffffffffffd2][1] R[r15=ffffffffffffffd2] R[r 0=0000000000000000] inst=[0007871b] sext.w  a4, a5
C0:      19124 [1] pc=[0000000080000890] W[r 0=0000000000000000][0] R[r13=ffffffd200000000] R[r 0=0000000000000000] inst=[0006d963] bgez    a3, pc + 18
C0:      19125 [1] pc=[0000000080000894] W[r15=fffffffffffffc00][1] R[r12=0000000080002440] R[r 0=0000000000000000] inst=[0000561c] c.lw    a5, 40(a2)
C0:      19127 [1] pc=[0000000080000896] W[r 0=0000000000000000][0] R[r14=ffffffffffffffd2] R[r15=fffffffffffffc00] inst=[00f74563] blt     a4, a5, pc + 10
C0:      19128 [1] pc=[000000008000089a] W[r15=000000000000000a][1] R[r 0=0000000000000000] R[r 0=0000000000000000] inst=[000047a9] c.li    a5, 10
C0:      19129 [1] pc=[000000008000089c] W[r 0=0000000000000000][0] R[r11=0000000000000079] R[r15=000000000000000a] inst=[00f59363] bne     a1, a5, pc + 6
C0:      19130 [1] pc=[00000000800008a2] W[r15=0000000080002685][1] R[r12=0000000080002440] R[r 0=0000000000000000] inst=[0000621c] c.ld    a5, 0(a2)
C0:      19131 [1] pc=[00000000800008a4] W[r10=0000000000000079][1] R[r 0=0000000000000000] R[r11=0000000000000079] inst=[0000852e] c.mv    a0, a1
C0:      19132 [1] pc=[00000000800008a6] W[r14=0000000080002686][1] R[r15=0000000080002685] R[r 0=0000000000000000] inst=[00178713] addi    a4, a5, 1
C0:      19133 [1] pc=[00000000800008aa] W[r 0=0000000000000000][0] R[r12=0000000080002440] R[r14=0000000080002686] inst=[0000e218] c.sd    a4, 0(a2)
C0:      19134 [1] pc=[00000000800008ac] W[r 0=0000000000000000][0] R[r15=0000000080002685] R[r11=0000000000000079] inst=[00b78023] sb      a1, 0(a5)
C0:      19135 [1] pc=[00000000800008b0] W[r 0=00000000800008b2][1] R[r 1=00000000800008e0] R[r 0=0000000000000000] inst=[00008082] ret
C0:      19136 [1] pc=[00000000800008e0] W[r 8=0000000080001f5e][1] R[r 8=0000000080001f5d] R[r 0=0000000000000000] inst=[00000405] c.addi  s0, 1
C0:      19137 [1] pc=[00000000800008e2] W[r 0=0000000000000000][0] R[r10=0000000000000079] R[r20=ffffffffffffffff] inst=[ff4515e3] bne     a0, s4, pc - 22
C0:      19138 [1] pc=[00000000800008cc] W[r 0=0000000000000000][0] R[r 8=0000000080001f5e] R[r 9=0000000080001f63] inst=[00941463] bne     s0, s1, pc + 8
C0:      19142 [1] pc=[00000000800008d4] W[r11=0000000000000063][1] R[r 8=0000000080001f5e] R[r 0=0000000000000000] inst=[00044583] lbu     a1, 0(s0)
C0:      19143 [1] pc=[00000000800008d8] W[r12=0000000080002440][1] R[r 0=0000000000000000] R[r19=0000000080002440] inst=[0000864e] c.mv    a2, s3
C0:      19144 [1] pc=[00000000800008da] W[r10=0000000080002150][1] R[r 0=0000000000000000] R[r18=0000000080002150] inst=[0000854a] c.mv    a0, s2
C0:      19145 [1] pc=[00000000800008dc] W[r 1=00000000800008e0][1] R[r 0=0000000000000000] R[r 0=0000000000000000] inst=[fa7ff0ef] jal     pc - 0x5a
C0:      19146 [1] pc=[0000000080000882] W[r15=ffffffffffffffd2][1] R[r12=0000000080002440] R[r 0=0000000000000000] inst=[0000465c] c.lw    a5, 12(a2)
C0:      19148 [1] pc=[0000000080000884] W[r15=ffffffffffffffd1][1] R[r15=ffffffffffffffd2] R[r 0=0000000000000000] inst=[000037fd] c.addiw a5, -1
C0:      19149 [1] pc=[0000000080000886] W[r 0=0000000000000000][0] R[r12=0000000080002440] R[r15=ffffffffffffffd1] inst=[0000c65c] c.sw    a5, 12(a2)
C0:      19150 [1] pc=[0000000080000888] W[r13=ffffffd100000000][1] R[r15=ffffffffffffffd1] R[r 0=0000000000000000] inst=[02079693] slli    a3, a5, 32
C0:      19151 [1] pc=[000000008000088c] W[r14=ffffffffffffffd1][1] R[r15=ffffffffffffffd1] R[r 0=0000000000000000] inst=[0007871b] sext.w  a4, a5
C0:      19152 [1] pc=[0000000080000890] W[r 0=0000000000000000][0] R[r13=ffffffd100000000] R[r 0=0000000000000000] inst=[0006d963] bgez    a3, pc + 18
C0:      19153 [1] pc=[0000000080000894] W[r15=fffffffffffffc00][1] R[r12=0000000080002440] R[r 0=0000000000000000] inst=[0000561c] c.lw    a5, 40(a2)
C0:      19155 [1] pc=[0000000080000896] W[r 0=0000000000000000][0] R[r14=ffffffffffffffd1] R[r15=fffffffffffffc00] inst=[00f74563] blt     a4, a5, pc + 10
C0:      19159 [1] pc=[000000008000089a] W[r15=000000000000000a][1] R[r 0=0000000000000000] R[r 0=0000000000000000] inst=[000047a9] c.li    a5, 10
C0:      19160 [1] pc=[000000008000089c] W[r 0=0000000000000000][0] R[r11=0000000000000063] R[r15=000000000000000a] inst=[00f59363] bne     a1, a5, pc + 6
C0:      19161 [1] pc=[00000000800008a2] W[r15=0000000080002686][1] R[r12=0000000080002440] R[r 0=0000000000000000] inst=[0000621c] c.ld    a5, 0(a2)
C0:      19162 [1] pc=[00000000800008a4] W[r10=0000000000000063][1] R[r 0=0000000000000000] R[r11=0000000000000063] inst=[0000852e] c.mv    a0, a1
C0:      19163 [1] pc=[00000000800008a6] W[r14=0000000080002687][1] R[r15=0000000080002686] R[r 0=0000000000000000] inst=[00178713] addi    a4, a5, 1
C0:      19164 [1] pc=[00000000800008aa] W[r 0=0000000000000000][0] R[r12=0000000080002440] R[r14=0000000080002687] inst=[0000e218] c.sd    a4, 0(a2)
C0:      19165 [1] pc=[00000000800008ac] W[r 0=0000000000000000][0] R[r15=0000000080002686] R[r11=0000000000000063] inst=[00b78023] sb      a1, 0(a5)
C0:      19166 [1] pc=[00000000800008b0] W[r 0=00000000800008b2][1] R[r 1=00000000800008e0] R[r 0=0000000000000000] inst=[00008082] ret
C0:      19167 [1] pc=[00000000800008e0] W[r 8=0000000080001f5f][1] R[r 8=0000000080001f5e] R[r 0=0000000000000000] inst=[00000405] c.addi  s0, 1
C0:      19168 [1] pc=[00000000800008e2] W[r 0=0000000000000000][0] R[r10=0000000000000063] R[r20=ffffffffffffffff] inst=[ff4515e3] bne     a0, s4, pc - 22
C0:      19169 [1] pc=[00000000800008cc] W[r 0=0000000000000000][0] R[r 8=0000000080001f5f] R[r 9=0000000080001f63] inst=[00941463] bne     s0, s1, pc + 8
C0:      19170 [1] pc=[00000000800008d4] W[r11=000000000000006c][1] R[r 8=0000000080001f5f] R[r 0=0000000000000000] inst=[00044583] lbu     a1, 0(s0)
C0:      19171 [1] pc=[00000000800008d8] W[r12=0000000080002440][1] R[r 0=0000000000000000] R[r19=0000000080002440] inst=[0000864e] c.mv    a2, s3
C0:      19172 [1] pc=[00000000800008da] W[r10=0000000080002150][1] R[r 0=0000000000000000] R[r18=0000000080002150] inst=[0000854a] c.mv    a0, s2
C0:      19173 [1] pc=[00000000800008dc] W[r 1=00000000800008e0][1] R[r 0=0000000000000000] R[r 0=0000000000000000] inst=[fa7ff0ef] jal     pc - 0x5a
C0:      19174 [1] pc=[0000000080000882] W[r15=ffffffffffffffd1][1] R[r12=0000000080002440] R[r 0=0000000000000000] inst=[0000465c] c.lw    a5, 12(a2)
C0:      19176 [1] pc=[0000000080000884] W[r15=ffffffffffffffd0][1] R[r15=ffffffffffffffd1] R[r 0=0000000000000000] inst=[000037fd] c.addiw a5, -1
C0:      19177 [1] pc=[0000000080000886] W[r 0=0000000000000000][0] R[r12=0000000080002440] R[r15=ffffffffffffffd0] inst=[0000c65c] c.sw    a5, 12(a2)
C0:      19178 [1] pc=[0000000080000888] W[r13=ffffffd000000000][1] R[r15=ffffffffffffffd0] R[r 0=0000000000000000] inst=[02079693] slli    a3, a5, 32
C0:      19179 [1] pc=[000000008000088c] W[r14=ffffffffffffffd0][1] R[r15=ffffffffffffffd0] R[r 0=0000000000000000] inst=[0007871b] sext.w  a4, a5
C0:      19180 [1] pc=[0000000080000890] W[r 0=0000000000000000][0] R[r13=ffffffd000000000] R[r 0=0000000000000000] inst=[0006d963] bgez    a3, pc + 18
C0:      19181 [1] pc=[0000000080000894] W[r15=fffffffffffffc00][1] R[r12=0000000080002440] R[r 0=0000000000000000] inst=[0000561c] c.lw    a5, 40(a2)
C0:      19183 [1] pc=[0000000080000896] W[r 0=0000000000000000][0] R[r14=ffffffffffffffd0] R[r15=fffffffffffffc00] inst=[00f74563] blt     a4, a5, pc + 10
C0:      19184 [1] pc=[000000008000089a] W[r15=000000000000000a][1] R[r 0=0000000000000000] R[r 0=0000000000000000] inst=[000047a9] c.li    a5, 10
C0:      19185 [1] pc=[000000008000089c] W[r 0=0000000000000000][0] R[r11=000000000000006c] R[r15=000000000000000a] inst=[00f59363] bne     a1, a5, pc + 6
C0:      19189 [1] pc=[00000000800008a2] W[r15=0000000080002687][1] R[r12=0000000080002440] R[r 0=0000000000000000] inst=[0000621c] c.ld    a5, 0(a2)
C0:      19190 [1] pc=[00000000800008a4] W[r10=000000000000006c][1] R[r 0=0000000000000000] R[r11=000000000000006c] inst=[0000852e] c.mv    a0, a1
C0:      19191 [1] pc=[00000000800008a6] W[r14=0000000080002688][1] R[r15=0000000080002687] R[r 0=0000000000000000] inst=[00178713] addi    a4, a5, 1
C0:      19192 [1] pc=[00000000800008aa] W[r 0=0000000000000000][0] R[r12=0000000080002440] R[r14=0000000080002688] inst=[0000e218] c.sd    a4, 0(a2)
C0:      19193 [1] pc=[00000000800008ac] W[r 0=0000000000000000][0] R[r15=0000000080002687] R[r11=000000000000006c] inst=[00b78023] sb      a1, 0(a5)
C0:      19194 [1] pc=[00000000800008b0] W[r 0=00000000800008b2][1] R[r 1=00000000800008e0] R[r 0=0000000000000000] inst=[00008082] ret
C0:      19195 [1] pc=[00000000800008e0] W[r 8=0000000080001f60][1] R[r 8=0000000080001f5f] R[r 0=0000000000000000] inst=[00000405] c.addi  s0, 1
C0:      19196 [1] pc=[00000000800008e2] W[r 0=0000000000000000][0] R[r10=000000000000006c] R[r20=ffffffffffffffff] inst=[ff4515e3] bne     a0, s4, pc - 22
C0:      19197 [1] pc=[00000000800008cc] W[r 0=0000000000000000][0] R[r 8=0000000080001f60] R[r 9=0000000080001f63] inst=[00941463] bne     s0, s1, pc + 8
C0:      19198 [1] pc=[00000000800008d4] W[r11=0000000000000065][1] R[r 8=0000000080001f60] R[r 0=0000000000000000] inst=[00044583] lbu     a1, 0(s0)
C0:      19199 [1] pc=[00000000800008d8] W[r12=0000000080002440][1] R[r 0=0000000000000000] R[r19=0000000080002440] inst=[0000864e] c.mv    a2, s3
C0:      19200 [1] pc=[00000000800008da] W[r10=0000000080002150][1] R[r 0=0000000000000000] R[r18=0000000080002150] inst=[0000854a] c.mv    a0, s2
C0:      19201 [1] pc=[00000000800008dc] W[r 1=00000000800008e0][1] R[r 0=0000000000000000] R[r 0=0000000000000000] inst=[fa7ff0ef] jal     pc - 0x5a
C0:      19202 [1] pc=[0000000080000882] W[r15=ffffffffffffffd0][1] R[r12=0000000080002440] R[r 0=0000000000000000] inst=[0000465c] c.lw    a5, 12(a2)
C0:      19204 [1] pc=[0000000080000884] W[r15=ffffffffffffffcf][1] R[r15=ffffffffffffffd0] R[r 0=0000000000000000] inst=[000037fd] c.addiw a5, -1
C0:      19205 [1] pc=[0000000080000886] W[r 0=0000000000000000][0] R[r12=0000000080002440] R[r15=ffffffffffffffcf] inst=[0000c65c] c.sw    a5, 12(a2)
C0:      19206 [1] pc=[0000000080000888] W[r13=ffffffcf00000000][1] R[r15=ffffffffffffffcf] R[r 0=0000000000000000] inst=[02079693] slli    a3, a5, 32
C0:      19207 [1] pc=[000000008000088c] W[r14=ffffffffffffffcf][1] R[r15=ffffffffffffffcf] R[r 0=0000000000000000] inst=[0007871b] sext.w  a4, a5
C0:      19208 [1] pc=[0000000080000890] W[r 0=0000000000000000][0] R[r13=ffffffcf00000000] R[r 0=0000000000000000] inst=[0006d963] bgez    a3, pc + 18
C0:      19209 [1] pc=[0000000080000894] W[r15=fffffffffffffc00][1] R[r12=0000000080002440] R[r 0=0000000000000000] inst=[0000561c] c.lw    a5, 40(a2)
C0:      19211 [1] pc=[0000000080000896] W[r 0=0000000000000000][0] R[r14=ffffffffffffffcf] R[r15=fffffffffffffc00] inst=[00f74563] blt     a4, a5, pc + 10
C0:      19212 [1] pc=[000000008000089a] W[r15=000000000000000a][1] R[r 0=0000000000000000] R[r 0=0000000000000000] inst=[000047a9] c.li    a5, 10
C0:      19213 [1] pc=[000000008000089c] W[r 0=0000000000000000][0] R[r11=0000000000000065] R[r15=000000000000000a] inst=[00f59363] bne     a1, a5, pc + 6
C0:      19214 [1] pc=[00000000800008a2] W[r15=0000000080002688][1] R[r12=0000000080002440] R[r 0=0000000000000000] inst=[0000621c] c.ld    a5, 0(a2)
C0:      19215 [1] pc=[00000000800008a4] W[r10=0000000000000065][1] R[r 0=0000000000000000] R[r11=0000000000000065] inst=[0000852e] c.mv    a0, a1
C0:      19216 [1] pc=[00000000800008a6] W[r14=0000000080002689][1] R[r15=0000000080002688] R[r 0=0000000000000000] inst=[00178713] addi    a4, a5, 1
C0:      19217 [1] pc=[00000000800008aa] W[r 0=0000000000000000][0] R[r12=0000000080002440] R[r14=0000000080002689] inst=[0000e218] c.sd    a4, 0(a2)
C0:      19218 [1] pc=[00000000800008ac] W[r 0=0000000000000000][0] R[r15=0000000080002688] R[r11=0000000000000065] inst=[00b78023] sb      a1, 0(a5)
C0:      19219 [1] pc=[00000000800008b0] W[r 0=00000000800008b2][1] R[r 1=00000000800008e0] R[r 0=0000000000000000] inst=[00008082] ret
C0:      19220 [1] pc=[00000000800008e0] W[r 8=0000000080001f61][1] R[r 8=0000000080001f60] R[r 0=0000000000000000] inst=[00000405] c.addi  s0, 1
C0:      19221 [1] pc=[00000000800008e2] W[r 0=0000000000000000][0] R[r10=0000000000000065] R[r20=ffffffffffffffff] inst=[ff4515e3] bne     a0, s4, pc - 22
C0:      19223 [1] pc=[00000000800008cc] W[r 0=0000000000000000][0] R[r 8=0000000080001f61] R[r 9=0000000080001f63] inst=[00941463] bne     s0, s1, pc + 8
C0:      19225 [1] pc=[00000000800008d4] W[r11=0000000000000073][1] R[r 8=0000000080001f61] R[r 0=0000000000000000] inst=[00044583] lbu     a1, 0(s0)
C0:      19226 [1] pc=[00000000800008d8] W[r12=0000000080002440][1] R[r 0=0000000000000000] R[r19=0000000080002440] inst=[0000864e] c.mv    a2, s3
C0:      19227 [1] pc=[00000000800008da] W[r10=0000000080002150][1] R[r 0=0000000000000000] R[r18=0000000080002150] inst=[0000854a] c.mv    a0, s2
C0:      19228 [1] pc=[00000000800008dc] W[r 1=00000000800008e0][1] R[r 0=0000000000000000] R[r 0=0000000000000000] inst=[fa7ff0ef] jal     pc - 0x5a
C0:      19229 [1] pc=[0000000080000882] W[r15=ffffffffffffffcf][1] R[r12=0000000080002440] R[r 0=0000000000000000] inst=[0000465c] c.lw    a5, 12(a2)
C0:      19231 [1] pc=[0000000080000884] W[r15=ffffffffffffffce][1] R[r15=ffffffffffffffcf] R[r 0=0000000000000000] inst=[000037fd] c.addiw a5, -1
C0:      19232 [1] pc=[0000000080000886] W[r 0=0000000000000000][0] R[r12=0000000080002440] R[r15=ffffffffffffffce] inst=[0000c65c] c.sw    a5, 12(a2)
C0:      19233 [1] pc=[0000000080000888] W[r13=ffffffce00000000][1] R[r15=ffffffffffffffce] R[r 0=0000000000000000] inst=[02079693] slli    a3, a5, 32
C0:      19234 [1] pc=[000000008000088c] W[r14=ffffffffffffffce][1] R[r15=ffffffffffffffce] R[r 0=0000000000000000] inst=[0007871b] sext.w  a4, a5
C0:      19235 [1] pc=[0000000080000890] W[r 0=0000000000000000][0] R[r13=ffffffce00000000] R[r 0=0000000000000000] inst=[0006d963] bgez    a3, pc + 18
C0:      19236 [1] pc=[0000000080000894] W[r15=fffffffffffffc00][1] R[r12=0000000080002440] R[r 0=0000000000000000] inst=[0000561c] c.lw    a5, 40(a2)
C0:      19238 [1] pc=[0000000080000896] W[r 0=0000000000000000][0] R[r14=ffffffffffffffce] R[r15=fffffffffffffc00] inst=[00f74563] blt     a4, a5, pc + 10
C0:      19242 [1] pc=[000000008000089a] W[r15=000000000000000a][1] R[r 0=0000000000000000] R[r 0=0000000000000000] inst=[000047a9] c.li    a5, 10
C0:      19243 [1] pc=[000000008000089c] W[r 0=0000000000000000][0] R[r11=0000000000000073] R[r15=000000000000000a] inst=[00f59363] bne     a1, a5, pc + 6
C0:      19245 [1] pc=[00000000800008a2] W[r15=0000000080002689][1] R[r12=0000000080002440] R[r 0=0000000000000000] inst=[0000621c] c.ld    a5, 0(a2)
C0:      19246 [1] pc=[00000000800008a4] W[r10=0000000000000073][1] R[r 0=0000000000000000] R[r11=0000000000000073] inst=[0000852e] c.mv    a0, a1
C0:      19247 [1] pc=[00000000800008a6] W[r14=000000008000268a][1] R[r15=0000000080002689] R[r 0=0000000000000000] inst=[00178713] addi    a4, a5, 1
C0:      19248 [1] pc=[00000000800008aa] W[r 0=0000000000000000][0] R[r12=0000000080002440] R[r14=000000008000268a] inst=[0000e218] c.sd    a4, 0(a2)
C0:      19249 [1] pc=[00000000800008ac] W[r 0=0000000000000000][0] R[r15=0000000080002689] R[r11=0000000000000073] inst=[00b78023] sb      a1, 0(a5)
C0:      19250 [1] pc=[00000000800008b0] W[r 0=00000000800008b2][1] R[r 1=00000000800008e0] R[r 0=0000000000000000] inst=[00008082] ret
C0:      19251 [1] pc=[00000000800008e0] W[r 8=0000000080001f62][1] R[r 8=0000000080001f61] R[r 0=0000000000000000] inst=[00000405] c.addi  s0, 1
C0:      19252 [1] pc=[00000000800008e2] W[r 0=0000000000000000][0] R[r10=0000000000000073] R[r20=ffffffffffffffff] inst=[ff4515e3] bne     a0, s4, pc - 22
C0:      19254 [1] pc=[00000000800008cc] W[r 0=0000000000000000][0] R[r 8=0000000080001f62] R[r 9=0000000080001f63] inst=[00941463] bne     s0, s1, pc + 8
C0:      19258 [1] pc=[00000000800008d4] W[r11=000000000000000a][1] R[r 8=0000000080001f62] R[r 0=0000000000000000] inst=[00044583] lbu     a1, 0(s0)
C0:      19259 [1] pc=[00000000800008d8] W[r12=0000000080002440][1] R[r 0=0000000000000000] R[r19=0000000080002440] inst=[0000864e] c.mv    a2, s3
C0:      19260 [1] pc=[00000000800008da] W[r10=0000000080002150][1] R[r 0=0000000000000000] R[r18=0000000080002150] inst=[0000854a] c.mv    a0, s2
C0:      19261 [1] pc=[00000000800008dc] W[r 1=00000000800008e0][1] R[r 0=0000000000000000] R[r 0=0000000000000000] inst=[fa7ff0ef] jal     pc - 0x5a
C0:      19262 [1] pc=[0000000080000882] W[r15=ffffffffffffffce][1] R[r12=0000000080002440] R[r 0=0000000000000000] inst=[0000465c] c.lw    a5, 12(a2)
C0:      19264 [1] pc=[0000000080000884] W[r15=ffffffffffffffcd][1] R[r15=ffffffffffffffce] R[r 0=0000000000000000] inst=[000037fd] c.addiw a5, -1
C0:      19265 [1] pc=[0000000080000886] W[r 0=0000000000000000][0] R[r12=0000000080002440] R[r15=ffffffffffffffcd] inst=[0000c65c] c.sw    a5, 12(a2)
C0:      19266 [1] pc=[0000000080000888] W[r13=ffffffcd00000000][1] R[r15=ffffffffffffffcd] R[r 0=0000000000000000] inst=[02079693] slli    a3, a5, 32
C0:      19267 [1] pc=[000000008000088c] W[r14=ffffffffffffffcd][1] R[r15=ffffffffffffffcd] R[r 0=0000000000000000] inst=[0007871b] sext.w  a4, a5
C0:      19268 [1] pc=[0000000080000890] W[r 0=0000000000000000][0] R[r13=ffffffcd00000000] R[r 0=0000000000000000] inst=[0006d963] bgez    a3, pc + 18
C0:      19269 [1] pc=[0000000080000894] W[r15=fffffffffffffc00][1] R[r12=0000000080002440] R[r 0=0000000000000000] inst=[0000561c] c.lw    a5, 40(a2)
C0:      19271 [1] pc=[0000000080000896] W[r 0=0000000000000000][0] R[r14=ffffffffffffffcd] R[r15=fffffffffffffc00] inst=[00f74563] blt     a4, a5, pc + 10
C0:      19275 [1] pc=[000000008000089a] W[r15=000000000000000a][1] R[r 0=0000000000000000] R[r 0=0000000000000000] inst=[000047a9] c.li    a5, 10
C0:      19276 [1] pc=[000000008000089c] W[r 0=0000000000000000][0] R[r11=000000000000000a] R[r15=000000000000000a] inst=[00f59363] bne     a1, a5, pc + 6
C0:      19280 [1] pc=[00000000800008a0] W[r 0=00000000800008a2][1] R[r 0=0000000000000000] R[r 0=0000000000000000] inst=[0000a135] c.j     pc + 1068
C0:      19281 [1] pc=[0000000080000ccc] W[r 2=000000008002ae00][1] R[r 2=000000008002ae30] R[r 0=0000000000000000] inst=[00007179] c.addi16sp sp, -48
C0:      19282 [1] pc=[0000000080000cce] W[r 0=0000000000000000][0] R[r 2=000000008002ae00] R[r 8=0000000080001f62] inst=[0000f022] c.sdsp  s0, 32(sp)
C0:      19283 [1] pc=[0000000080000cd0] W[r 0=0000000000000000][0] R[r 2=000000008002ae00] R[r 9=0000000080001f63] inst=[0000ec26] c.sdsp  s1, 24(sp)
C0:      19284 [1] pc=[0000000080000cd2] W[r 0=0000000000000000][0] R[r 2=000000008002ae00] R[r18=0000000080002150] inst=[0000e84a] c.sdsp  s2, 16(sp)
C0:      19285 [1] pc=[0000000080000cd4] W[r 0=0000000000000000][0] R[r 2=000000008002ae00] R[r 1=00000000800008e0] inst=[0000f406] c.sdsp  ra, 40(sp)
C0:      19286 [1] pc=[0000000080000cd6] W[r 0=0000000000000000][0] R[r 2=000000008002ae00] R[r19=0000000080002440] inst=[0000e44e] c.sdsp  s3, 8(sp)
C0:      19287 [1] pc=[0000000080000cd8] W[r 9=0000000080002150][1] R[r 0=0000000000000000] R[r10=0000000080002150] inst=[000084aa] c.mv    s1, a0
C0:      19288 [1] pc=[0000000080000cda] W[r18=000000000000000a][1] R[r 0=0000000000000000] R[r11=000000000000000a] inst=[0000892e] c.mv    s2, a1
C0:      19289 [1] pc=[0000000080000cdc] W[r 8=0000000080002440][1] R[r 0=0000000000000000] R[r12=0000000080002440] inst=[00008432] c.mv    s0, a2
C0:      19290 [1] pc=[0000000080000cde] W[r 0=0000000000000000][0] R[r10=0000000080002150] R[r 0=0000000000000000] inst=[0000c509] c.beqz  a0, pc + 10
C0:      19291 [1] pc=[0000000080000ce0] W[r15=0000000000000001][1] R[r10=0000000080002150] R[r 0=0000000000000000] inst=[0000591c] c.lw    a5, 48(a0)
C0:      19293 [1] pc=[0000000080000ce2] W[r 0=0000000000000000][0] R[r15=0000000000000001] R[r 0=0000000000000000] inst=[0000e399] c.bnez  a5, pc + 6
C0:      19297 [1] pc=[0000000080000ce8] W[r15=0000000080001ce8][1] R[r 0=0000000000000000] R[r 0=0000000000000000] inst=[00001797] auipc   a5, 0x1
C0:      19298 [1] pc=[0000000080000cec] W[r15=0000000080001fb0][1] R[r15=0000000080001ce8] R[r 0=0000000000000000] inst=[2c878793] addi    a5, a5, 712
C0:      19299 [1] pc=[0000000080000cf0] W[r 0=0000000000000000][0] R[r 8=0000000080002440] R[r15=0000000080001fb0] inst=[06f41a63] bne     s0, a5, pc + 116
C0:      19303 [1] pc=[0000000080000d64] W[r15=0000000080001d64][1] R[r 0=0000000000000000] R[r 0=0000000000000000] inst=[00001797] auipc   a5, 0x1
C0:      19304 [1] pc=[0000000080000d68] W[r15=0000000080001fe8][1] R[r15=0000000080001d64] R[r 0=0000000000000000] inst=[28478793] addi    a5, a5, 644
C0:      19305 [1] pc=[0000000080000d6c] W[r 0=0000000000000000][0] R[r 8=0000000080002440] R[r15=0000000080001fe8] inst=[00f41463] bne     s0, a5, pc + 8
C0:      19309 [1] pc=[0000000080000d74] W[r15=0000000080001d74][1] R[r 0=0000000000000000] R[r 0=0000000000000000] inst=[00001797] auipc   a5, 0x1
C0:      19310 [1] pc=[0000000080000d78] W[r15=0000000080001f78][1] R[r15=0000000080001d74] R[r 0=0000000000000000] inst=[20478793] addi    a5, a5, 516
C0:      19311 [1] pc=[0000000080000d7c] W[r 0=0000000000000000][0] R[r 8=0000000080002440] R[r15=0000000080001f78] inst=[f6f41de3] bne     s0, a5, pc - 134
C0:      19313 [1] pc=[0000000080000cf6] W[r15=fffffffffffffc00][1] R[r 8=0000000080002440] R[r 0=0000000000000000] inst=[0000541c] c.lw    a5, 40(s0)
C0:      19315 [1] pc=[0000000080000cf8] W[r 0=0000000000000000][0] R[r 8=0000000080002440] R[r15=fffffffffffffc00] inst=[0000c45c] c.sw    a5, 12(s0)
C0:      19316 [1] pc=[0000000080000cfa] W[r15=0000000000000089][1] R[r 8=0000000080002440] R[r 0=0000000000000000] inst=[01045783] lhu     a5, 16(s0)
C0:      19319 [1] pc=[0000000080000cfe] W[r15=0000000000000008][1] R[r15=0000000000000089] R[r 0=0000000000000000] inst=[00008ba1] c.andi  a5, 8
C0:      19320 [1] pc=[0000000080000d00] W[r 0=0000000000000000][0] R[r15=0000000000000008] R[r 0=0000000000000000] inst=[0000c3d1] c.beqz  a5, pc + 132
C0:      19321 [1] pc=[0000000080000d02] W[r15=0000000080002658][1] R[r 8=0000000080002440] R[r 0=0000000000000000] inst=[00006c1c] c.ld    a5, 24(s0)
C0:      19323 [1] pc=[0000000080000d04] W[r 0=0000000000000000][0] R[r15=0000000080002658] R[r 0=0000000000000000] inst=[0000c3c1] c.beqz  a5, pc + 128
C0:      19324 [1] pc=[0000000080000d06] W[r15=0000000080002658][1] R[r 8=0000000080002440] R[r 0=0000000000000000] inst=[00006c1c] c.ld    a5, 24(s0)
C0:      19325 [1] pc=[0000000080000d08] W[r10=000000008000268a][1] R[r 8=0000000080002440] R[r 0=0000000000000000] inst=[00006008] c.ld    a0, 0(s0)
C0:      19326 [1] pc=[0000000080000d0a] W[r19=000000000000000a][1] R[r18=000000000000000a] R[r 0=0000000000000000] inst=[0ff97993] andi    s3, s2, 255
C0:      19327 [1] pc=[0000000080000d0e] W[r18=000000000000000a][1] R[r 0=0000000000000000] R[r19=000000000000000a] inst=[0000894e] c.mv    s2, s3
C0:      19328 [1] pc=[0000000080000d10] W[r10=0000000000000032][1] R[r10=000000008000268a] R[r15=0000000080002658] inst=[00009d1d] c.subw  a0, a5
C0:      19329 [1] pc=[0000000080000d12] W[r15=0000000000000400][1] R[r 8=0000000080002440] R[r 0=0000000000000000] inst=[0000501c] c.lw    a5, 32(s0)
C0:      19331 [1] pc=[0000000080000d14] W[r 0=0000000000000000][0] R[r10=0000000000000032] R[r15=0000000000000400] inst=[00f54763] blt     a0, a5, pc + 14
C0:      19332 [1] pc=[0000000080000d22] W[r15=fffffffffffffc00][1] R[r 8=0000000080002440] R[r 0=0000000000000000] inst=[0000445c] c.lw    a5, 12(s0)
C0:      19333 [1] pc=[0000000080000d24] W[r10=0000000000000033][1] R[r10=0000000000000032] R[r 0=0000000000000000] inst=[00002505] c.addiw a0, 1
C0:      19334 [1] pc=[0000000080000d26] W[r15=fffffffffffffbff][1] R[r15=fffffffffffffc00] R[r 0=0000000000000000] inst=[000037fd] c.addiw a5, -1
C0:      19335 [1] pc=[0000000080000d28] W[r 0=0000000000000000][0] R[r 8=0000000080002440] R[r15=fffffffffffffbff] inst=[0000c45c] c.sw    a5, 12(s0)
C0:      19336 [1] pc=[0000000080000d2a] W[r15=000000008000268a][1] R[r 8=0000000080002440] R[r 0=0000000000000000] inst=[0000601c] c.ld    a5, 0(s0)
C0:      19338 [1] pc=[0000000080000d2c] W[r14=000000008000268b][1] R[r15=000000008000268a] R[r 0=0000000000000000] inst=[00178713] addi    a4, a5, 1
C0:      19339 [1] pc=[0000000080000d30] W[r 0=0000000000000000][0] R[r 8=0000000080002440] R[r14=000000008000268b] inst=[0000e018] c.sd    a4, 0(s0)
C0:      19340 [1] pc=[0000000080000d32] W[r 0=0000000000000000][0] R[r15=000000008000268a] R[r19=000000000000000a] inst=[01378023] sb      s3, 0(a5)
C0:      19341 [1] pc=[0000000080000d36] W[r15=0000000000000400][1] R[r 8=0000000080002440] R[r 0=0000000000000000] inst=[0000501c] c.lw    a5, 32(s0)
C0:      19343 [1] pc=[0000000080000d38] W[r 0=0000000000000000][0] R[r15=0000000000000400] R[r10=0000000000000033] inst=[00a78963] beq     a5, a0, pc + 18
C0:      19347 [1] pc=[0000000080000d3c] W[r15=0000000000000089][1] R[r 8=0000000080002440] R[r 0=0000000000000000] inst=[01045783] lhu     a5, 16(s0)
C0:      19350 [1] pc=[0000000080000d40] W[r15=0000000000000001][1] R[r15=0000000000000089] R[r 0=0000000000000000] inst=[00008b85] c.andi  a5, 1
C0:      19351 [1] pc=[0000000080000d42] W[r 0=0000000000000000][0] R[r15=0000000000000001] R[r 0=0000000000000000] inst=[0000cb89] c.beqz  a5, pc + 18
C0:      19352 [1] pc=[0000000080000d44] W[r15=000000000000000a][1] R[r 0=0000000000000000] R[r 0=0000000000000000] inst=[000047a9] c.li    a5, 10
C0:      19353 [1] pc=[0000000080000d46] W[r 0=0000000000000000][0] R[r18=000000000000000a] R[r15=000000000000000a] inst=[00f91763] bne     s2, a5, pc + 14
C0:      19354 [1] pc=[0000000080000d4a] W[r11=0000000080002440][1] R[r 0=0000000000000000] R[r 8=0000000080002440] inst=[000085a2] c.mv    a1, s0
C0:      19355 [1] pc=[0000000080000d4c] W[r10=0000000080002150][1] R[r 0=0000000000000000] R[r 9=0000000080002150] inst=[00008526] c.mv    a0, s1
C0:      19356 [1] pc=[0000000080000d4e] W[r 1=0000000080000d52][1] R[r 0=0000000000000000] R[r 0=0000000000000000] inst=[2f4000ef] jal     pc + 0x2f4
C0:      19357 [1] pc=[0000000080001042] W[r15=0000000080002658][1] R[r11=0000000080002440] R[r 0=0000000000000000] inst=[00006d9c] c.ld    a5, 24(a1)
C0:      19359 [1] pc=[0000000080001044] W[r 0=0000000000000000][0] R[r15=0000000080002658] R[r 0=0000000000000000] inst=[0000c3a5] c.beqz  a5, pc + 96
C0:      19360 [1] pc=[0000000080001046] W[r 2=000000008002ade0][1] R[r 2=000000008002ae00] R[r 0=0000000000000000] inst=[00001101] c.addi  sp, -32
C0:      19361 [1] pc=[0000000080001048] W[r 0=0000000000000000][0] R[r 2=000000008002ade0] R[r 8=0000000080002440] inst=[0000e822] c.sdsp  s0, 16(sp)
C0:      19362 [1] pc=[000000008000104a] W[r 0=0000000000000000][0] R[r 2=000000008002ade0] R[r 1=0000000080000d52] inst=[0000ec06] c.sdsp  ra, 24(sp)
C0:      19363 [1] pc=[000000008000104c] W[r 8=0000000080002150][1] R[r 0=0000000000000000] R[r10=0000000080002150] inst=[0000842a] c.mv    s0, a0
C0:      19364 [1] pc=[000000008000104e] W[r 0=0000000000000000][0] R[r10=0000000080002150] R[r 0=0000000000000000] inst=[0000c519] c.beqz  a0, pc + 14
C0:      19365 [1] pc=[0000000080001050] W[r15=0000000000000001][1] R[r10=0000000080002150] R[r 0=0000000000000000] inst=[0000591c] c.lw    a5, 48(a0)
C0:      19367 [1] pc=[0000000080001052] W[r 0=0000000000000000][0] R[r15=0000000000000001] R[r 0=0000000000000000] inst=[0000e789] c.bnez  a5, pc + 10
C0:      19368 [1] pc=[000000008000105c] W[r15=000000008000205c][1] R[r 0=0000000000000000] R[r 0=0000000000000000] inst=[00001797] auipc   a5, 0x1
C0:      19369 [1] pc=[0000000080001060] W[r15=0000000080001fb0][1] R[r15=000000008000205c] R[r 0=0000000000000000] inst=[f5478793] addi    a5, a5, -172
C0:      19370 [1] pc=[0000000080001064] W[r 0=0000000000000000][0] R[r11=0000000080002440] R[r15=0000000080001fb0] inst=[00f59b63] bne     a1, a5, pc + 22
C0:      19372 [1] pc=[000000008000107a] W[r15=000000008000207a][1] R[r 0=0000000000000000] R[r 0=0000000000000000] inst=[00001797] auipc   a5, 0x1
C0:      19373 [1] pc=[000000008000107e] W[r15=0000000080001fe8][1] R[r15=000000008000207a] R[r 0=0000000000000000] inst=[f6e78793] addi    a5, a5, -146
C0:      19374 [1] pc=[0000000080001082] W[r 0=0000000000000000][0] R[r11=0000000080002440] R[r15=0000000080001fe8] inst=[00f59463] bne     a1, a5, pc + 8
C0:      19376 [1] pc=[000000008000108a] W[r15=000000008000208a][1] R[r 0=0000000000000000] R[r 0=0000000000000000] inst=[00001797] auipc   a5, 0x1
C0:      19377 [1] pc=[000000008000108e] W[r15=0000000080001f78][1] R[r15=000000008000208a] R[r 0=0000000000000000] inst=[eee78793] addi    a5, a5, -274
C0:      19378 [1] pc=[0000000080001092] W[r 0=0000000000000000][0] R[r11=0000000080002440] R[r15=0000000080001f78] inst=[fcf59ce3] bne     a1, a5, pc - 40
C0:      19383 [1] pc=[000000008000106a] W[r15=0000000000000089][1] R[r11=0000000080002440] R[r 0=0000000000000000] inst=[01059783] lh      a5, 16(a1)
C0:      19386 [1] pc=[000000008000106e] W[r 0=0000000000000000][0] R[r15=0000000000000089] R[r 0=0000000000000000] inst=[0000c795] c.beqz  a5, pc + 44
C0:      19387 [1] pc=[0000000080001070] W[r10=0000000080002150][1] R[r 0=0000000000000000] R[r 8=0000000080002150] inst=[00008522] c.mv    a0, s0
C0:      19388 [1] pc=[0000000080001072] W[r 8=0000000080002440][1] R[r 2=000000008002ade0] R[r 0=0000000000000000] inst=[00006442] c.ldsp  s0, 16(sp)
C0:      19389 [1] pc=[0000000080001074] W[r 1=0000000080000d52][1] R[r 2=000000008002ade0] R[r 0=0000000000000000] inst=[000060e2] c.ldsp  ra, 24(sp)
C0:      19390 [1] pc=[0000000080001076] W[r 2=000000008002ae00][1] R[r 2=000000008002ade0] R[r 0=0000000000000000] inst=[00006105] c.addi16sp sp, 32
C0:      19391 [1] pc=[0000000080001078] W[r 0=000000008000107a][1] R[r 0=0000000000000000] R[r 0=0000000000000000] inst=[0000b571] c.j     pc - 372
C0:      19392 [1] pc=[0000000080000f04] W[r15=0000000000000089][1] R[r11=0000000080002440] R[r 0=0000000000000000] inst=[0105d783] lhu     a5, 16(a1)
C0:      19393 [1] pc=[0000000080000f08] W[r 2=000000008002add0][1] R[r 2=000000008002ae00] R[r 0=0000000000000000] inst=[00007179] c.addi16sp sp, -48
C0:      19394 [1] pc=[0000000080000f0a] W[r 0=0000000000000000][0] R[r 2=000000008002add0] R[r 8=0000000080002440] inst=[0000f022] c.sdsp  s0, 32(sp)
C0:      19395 [1] pc=[0000000080000f0c] W[r 0=0000000000000000][0] R[r 2=000000008002add0] R[r 9=0000000080002150] inst=[0000ec26] c.sdsp  s1, 24(sp)
C0:      19396 [1] pc=[0000000080000f0e] W[r 0=0000000000000000][0] R[r 2=000000008002add0] R[r 1=0000000080000d52] inst=[0000f406] c.sdsp  ra, 40(sp)
C0:      19397 [1] pc=[0000000080000f10] W[r 0=0000000000000000][0] R[r 2=000000008002add0] R[r18=000000000000000a] inst=[0000e84a] c.sdsp  s2, 16(sp)
C0:      19398 [1] pc=[0000000080000f12] W[r 0=0000000000000000][0] R[r 2=000000008002add0] R[r19=000000000000000a] inst=[0000e44e] c.sdsp  s3, 8(sp)
C0:      19399 [1] pc=[0000000080000f14] W[r14=0000000000000008][1] R[r15=0000000000000089] R[r 0=0000000000000000] inst=[0087f713] andi    a4, a5, 8
C0:      19400 [1] pc=[0000000080000f18] W[r 9=0000000080002150][1] R[r 0=0000000000000000] R[r10=0000000080002150] inst=[000084aa] c.mv    s1, a0
C0:      19401 [1] pc=[0000000080000f1a] W[r 8=0000000080002440][1] R[r 0=0000000000000000] R[r11=0000000080002440] inst=[0000842e] c.mv    s0, a1
C0:      19402 [1] pc=[0000000080000f1c] W[r 0=0000000000000000][0] R[r14=0000000000000008] R[r 0=0000000000000000] inst=[0000ef79] c.bnez  a4, pc + 222
C0:      19403 [1] pc=[0000000080000ffa] W[r19=0000000080002658][1] R[r11=0000000080002440] R[r 0=0000000000000000] inst=[0185b983] ld      s3, 24(a1)
C0:      19405 [1] pc=[0000000080000ffe] W[r 0=0000000000000000][0] R[r19=0000000080002658] R[r 0=0000000000000000] inst=[f20986e3] beqz    s3, pc - 212
C0:      19406 [1] pc=[0000000080001002] W[r18=000000008000268b][1] R[r11=0000000080002440] R[r 0=0000000000000000] inst=[0005b903] ld      s2, 0(a1)
C0:      19407 [1] pc=[0000000080001006] W[r15=0000000000000001][1] R[r15=0000000000000089] R[r 0=0000000000000000] inst=[00008b8d] c.andi  a5, 3
C0:      19408 [1] pc=[0000000080001008] W[r 0=0000000000000000][0] R[r11=0000000080002440] R[r19=0000000080002658] inst=[0135b023] sd      s3, 0(a1)
C0:      19409 [1] pc=[000000008000100c] W[r18=0000000000000033][1] R[r18=000000008000268b] R[r19=0000000080002658] inst=[4139093b] subw    s2, s2, s3
C0:      19410 [1] pc=[0000000080001010] W[r14=0000000000000000][1] R[r 0=0000000000000000] R[r 0=0000000000000000] inst=[00004701] c.li    a4, 0
C0:      19411 [1] pc=[0000000080001012] W[r 0=0000000000000000][0] R[r15=0000000000000001] R[r 0=0000000000000000] inst=[0000e391] c.bnez  a5, pc + 4
C0:      19412 [1] pc=[0000000080001016] W[r 0=0000000000000000][0] R[r 8=0000000080002440] R[r14=0000000000000000] inst=[0000c458] c.sw    a4, 12(s0)
C0:      19413 [1] pc=[0000000080001018] W[r 0=0000000000000000][0] R[r 0=0000000000000000] R[r18=0000000000000033] inst=[f12059e3] bge     zero, s2, pc - 238
C0:      19414 [1] pc=[000000008000101c] W[r15=0000000080000c3e][1] R[r 8=0000000080002440] R[r 0=0000000000000000] inst=[0000643c] c.ld    a5, 72(s0)
C0:      19415 [1] pc=[000000008000101e] W[r11=0000000080002440][1] R[r 8=0000000080002440] R[r 0=0000000000000000] inst=[00007c0c] c.ld    a1, 56(s0)
C0:      19416 [1] pc=[0000000080001020] W[r13=0000000000000033][1] R[r 0=0000000000000000] R[r18=0000000000000033] inst=[000086ca] c.mv    a3, s2
C0:      19417 [1] pc=[0000000080001022] W[r12=0000000080002658][1] R[r 0=0000000000000000] R[r19=0000000080002658] inst=[0000864e] c.mv    a2, s3
C0:      19418 [1] pc=[0000000080001024] W[r10=0000000080002150][1] R[r 0=0000000000000000] R[r 9=0000000080002150] inst=[00008526] c.mv    a0, s1
C0:      19419 [1] pc=[0000000080001026] W[r 1=0000000080001028][1] R[r15=0000000080000c3e] R[r 0=0000000000000000] inst=[00009782] c.jalr  a5
C0:      19424 [1] pc=[0000000080000c3e] W[r15=0000000000000089][1] R[r11=0000000080002440] R[r 0=0000000000000000] inst=[0105d783] lhu     a5, 16(a1)
C0:      19425 [1] pc=[0000000080000c42] W[r 2=000000008002ada0][1] R[r 2=000000008002add0] R[r 0=0000000000000000] inst=[00007179] c.addi16sp sp, -48
C0:      19426 [1] pc=[0000000080000c44] W[r 0=0000000000000000][0] R[r 2=000000008002ada0] R[r 8=0000000080002440] inst=[0000f022] c.sdsp  s0, 32(sp)
C0:      19427 [1] pc=[0000000080000c46] W[r 0=0000000000000000][0] R[r 2=000000008002ada0] R[r 9=0000000080002150] inst=[0000ec26] c.sdsp  s1, 24(sp)
C0:      19428 [1] pc=[0000000080000c48] W[r 0=0000000000000000][0] R[r 2=000000008002ada0] R[r18=0000000000000033] inst=[0000e84a] c.sdsp  s2, 16(sp)
C0:      19429 [1] pc=[0000000080000c4a] W[r 0=0000000000000000][0] R[r 2=000000008002ada0] R[r19=0000000080002658] inst=[0000e44e] c.sdsp  s3, 8(sp)
C0:      19430 [1] pc=[0000000080000c4c] W[r 0=0000000000000000][0] R[r 2=000000008002ada0] R[r 1=0000000080001028] inst=[0000f406] c.sdsp  ra, 40(sp)
C0:      19431 [1] pc=[0000000080000c4e] W[r15=0000000000000000][1] R[r15=0000000000000089] R[r 0=0000000000000000] inst=[1007f793] andi    a5, a5, 256
C0:      19432 [1] pc=[0000000080000c52] W[r 9=0000000080002150][1] R[r 0=0000000000000000] R[r10=0000000080002150] inst=[000084aa] c.mv    s1, a0
C0:      19433 [1] pc=[0000000080000c54] W[r 8=0000000080002440][1] R[r 0=0000000000000000] R[r11=0000000080002440] inst=[0000842e] c.mv    s0, a1
C0:      19434 [1] pc=[0000000080000c56] W[r18=0000000080002658][1] R[r 0=0000000000000000] R[r12=0000000080002658] inst=[00008932] c.mv    s2, a2
C0:      19435 [1] pc=[0000000080000c58] W[r19=0000000000000033][1] R[r 0=0000000000000000] R[r13=0000000000000033] inst=[000089b6] c.mv    s3, a3
C0:      19436 [1] pc=[0000000080000c5a] W[r 0=0000000000000000][0] R[r15=0000000000000000] R[r 0=0000000000000000] inst=[0000c799] c.beqz  a5, pc + 14
C0:      19437 [1] pc=[0000000080000c68] W[r15=0000000000000089][1] R[r 8=0000000080002440] R[r 0=0000000000000000] inst=[01045783] lhu     a5, 16(s0)
C0:      19438 [1] pc=[0000000080000c6c] W[r14=fffffffffffff000][1] R[r 0=0000000000000000] R[r 0=0000000000000000] inst=[0000777d] c.lui   a4, 0xfffff
C0:      19439 [1] pc=[0000000080000c6e] W[r14=ffffffffffffefff][1] R[r14=fffffffffffff000] R[r 0=0000000000000000] inst=[0000177d] c.addi  a4, -1
C0:      19440 [1] pc=[0000000080000c70] W[r15=0000000000000089][1] R[r15=0000000000000089] R[r14=ffffffffffffefff] inst=[00008ff9] c.and   a5, a4
C0:      19441 [1] pc=[0000000080000c72] W[r11=0000000000000001][1] R[r 8=0000000080002440] R[r 0=0000000000000000] inst=[01241583] lh      a1, 18(s0)
C0:      19442 [1] pc=[0000000080000c76] W[r 0=0000000000000000][0] R[r 8=0000000080002440] R[r15=0000000000000089] inst=[00f41823] sh      a5, 16(s0)
C0:      19443 [1] pc=[0000000080000c7a] W[r 8=0000000080002440][1] R[r 2=000000008002ada0] R[r 0=0000000000000000] inst=[00007402] c.ldsp  s0, 32(sp)
C0:      19444 [1] pc=[0000000080000c7c] W[r 1=0000000080001028][1] R[r 2=000000008002ada0] R[r 0=0000000000000000] inst=[000070a2] c.ldsp  ra, 40(sp)
C0:      19445 [1] pc=[0000000080000c7e] W[r13=0000000000000033][1] R[r 0=0000000000000000] R[r19=0000000000000033] inst=[000086ce] c.mv    a3, s3
C0:      19467 [1] pc=[0000000080000c80] W[r12=0000000080002658][1] R[r 0=0000000000000000] R[r18=0000000080002658] inst=[0000864a] c.mv    a2, s2
C0:      19468 [1] pc=[0000000080000c82] W[r19=0000000080002658][1] R[r 2=000000008002ada0] R[r 0=0000000000000000] inst=[000069a2] c.ldsp  s3, 8(sp)
C0:      19469 [1] pc=[0000000080000c84] W[r18=0000000000000033][1] R[r 2=000000008002ada0] R[r 0=0000000000000000] inst=[00006942] c.ldsp  s2, 16(sp)
C0:      19470 [1] pc=[0000000080000c86] W[r10=0000000080002150][1] R[r 0=0000000000000000] R[r 9=0000000080002150] inst=[00008526] c.mv    a0, s1
C0:      19471 [1] pc=[0000000080000c88] W[r 9=0000000080002150][1] R[r 2=000000008002ada0] R[r 0=0000000000000000] inst=[000064e2] c.ldsp  s1, 24(sp)
C0:      19472 [1] pc=[0000000080000c8a] W[r 2=000000008002add0][1] R[r 2=000000008002ada0] R[r 0=0000000000000000] inst=[00006145] c.addi16sp sp, 48
C0:      19473 [1] pc=[0000000080000c8c] W[r 0=0000000080000c8e][1] R[r 0=0000000000000000] R[r 0=0000000000000000] inst=[0000aa11] c.j     pc + 276
C0:      19474 [1] pc=[0000000080000da0] W[r 2=000000008002adc0][1] R[r 2=000000008002add0] R[r 0=0000000000000000] inst=[00001141] c.addi  sp, -16
C0:      19475 [1] pc=[0000000080000da2] W[r 0=0000000000000000][0] R[r 2=000000008002adc0] R[r 8=0000000080002440] inst=[0000e022] c.sdsp  s0, 0(sp)
C0:      19476 [1] pc=[0000000080000da4] W[r 8=0000000080002150][1] R[r 0=0000000000000000] R[r10=0000000080002150] inst=[0000842a] c.mv    s0, a0
C0:      19477 [1] pc=[0000000080000da6] W[r10=0000000000000001][1] R[r 0=0000000000000000] R[r11=0000000000000001] inst=[0000852e] c.mv    a0, a1
C0:      19478 [1] pc=[0000000080000da8] W[r11=0000000080002658][1] R[r 0=0000000000000000] R[r12=0000000080002658] inst=[000085b2] c.mv    a1, a2
C0:      19479 [1] pc=[0000000080000daa] W[r12=0000000000000033][1] R[r 0=0000000000000000] R[r13=0000000000000033] inst=[00008636] c.mv    a2, a3
C0:      19480 [1] pc=[0000000080000dac] W[r 0=0000000000000000][0] R[r 3=0000000080002a00] R[r 0=0000000000000000] inst=[9601a423] sw      zero, -1688(gp)
C0:      19481 [1] pc=[0000000080000db0] W[r 0=0000000000000000][0] R[r 2=000000008002adc0] R[r 1=0000000080001028] inst=[0000e406] c.sdsp  ra, 8(sp)
C0:      19482 [1] pc=[0000000080000db2] W[r 1=0000000080000db6][1] R[r 0=0000000000000000] R[r 0=0000000000000000] inst=[67b000ef] jal     pc + 0xe7a
C0:      19483 [1] pc=[0000000080001c2c] W[r13=0000000000000040][1] R[r 0=0000000000000000] R[r 0=0000000000000000] inst=[04000693] li      a3, 64
C0:      19484 [1] pc=[0000000080001c30] W[r 0=0000000080001c32][1] R[r 0=0000000000000000] R[r 0=0000000000000000] inst=[0000a0b9] c.j     pc + 78
C0:      19485 [1] pc=[0000000080001c7e] W[r 2=000000008002ad80][1] R[r 2=000000008002adc0] R[r 0=0000000000000000] inst=[00007139] c.addi16sp sp, -64
C0:      19507 [1] pc=[0000000080001c80] W[r 0=0000000000000000][0] R[r 2=000000008002ad80] R[r13=0000000000000040] inst=[0000e036] c.sdsp  a3, 0(sp)
C0:      19508 [1] pc=[0000000080001c82] W[r 0=0000000000000000][0] R[r 2=000000008002ad80] R[r10=0000000000000001] inst=[0000e42a] c.sdsp  a0, 8(sp)
C0:      19509 [1] pc=[0000000080001c84] W[r 0=0000000000000000][0] R[r 2=000000008002ad80] R[r11=0000000080002658] inst=[0000e82e] c.sdsp  a1, 16(sp)
C0:      19510 [1] pc=[0000000080001c86] W[r15=ffffffffffffffff][1] R[r 0=0000000000000000] R[r 0=0000000000000000] inst=[000057fd] c.li    a5, -1
C0:      19511 [1] pc=[0000000080001c88] W[r 0=0000000000000000][0] R[r 2=000000008002ad80] R[r12=0000000000000033] inst=[0000ec32] c.sdsp  a2, 24(sp)
C0:      19512 [1] pc=[0000000080001c8a] W[r15=0000ffffffffffff][1] R[r15=ffffffffffffffff] R[r 0=0000000000000000] inst=[000083c1] c.srli  a5, 16
C0:      19513 [1] pc=[0000000080001c8c] W[r12=000000008002ad80][1] R[r 0=0000000000000000] R[r 2=000000008002ad80] inst=[0000860a] c.mv    a2, sp
C0:      19514 [1] pc=[0000000080001c8e] W[r12=000000008002ad80][1] R[r12=000000008002ad80] R[r15=0000ffffffffffff] inst=[00008e7d] c.and   a2, a5
C0:      19515 [1] pc=[0000000080001c90] W[r14=0000000080002230][1] R[r 3=0000000080002a00] R[r 0=0000000000000000] inst=[83018713] addi    a4, gp, -2000
C0:      19516 [1] pc=[0000000080001c94] W[r13=ffffffffffffffff][1] R[r 0=0000000000000000] R[r 0=0000000000000000] inst=[000056fd] c.li    a3, -1
C0:      19517 [1] pc=[0000000080001c96] W[r15=0000000000000000][1] R[r14=0000000080002230] R[r 0=0000000000000000] inst=[0000431c] c.lw    a5, 0(a4)
C0:      19519 [1] pc=[0000000080001c98] W[r15=0000000000000000][1] R[r15=0000000000000000] R[r 0=0000000000000000] inst=[00002781] c.addiw a5, 0
C0:      19520 [1] pc=[0000000080001c9a] W[r 0=0000000000000000][0] R[r15=0000000000000000] R[r 0=0000000000000000] inst=[0000fff5] c.bnez  a5, pc - 4
C0:      19521 [1] pc=[0000000080001c9c] W[r15=0000000000000000][1] R[r14=0000000080002230] R[r13=ffffffffffffffff] inst=[0cd727af] amoswap.w a5, a3, (a4)
C0:      19523 [1] pc=[0000000080001ca0] W[r 0=0000000000000000][0] R[r15=0000000000000000] R[r 0=0000000000000000] inst=[0000fbfd] c.bnez  a5, pc - 10
C0:      19524 [1] pc=[0000000080001ca2] W[r 0=0000000000000000][0] R[r 0=0000000000000000] R[r 0=0000000000000000] inst=[0110000f] fence   w,w
C0:      19525 [1] pc=[0000000080001ca6] W[r13=0000000080001ca6][1] R[r 0=0000000000000000] R[r 0=0000000000000000] inst=[00000697] auipc   a3, 0x0
C0:      19526 [1] pc=[0000000080001caa] W[r13=0000000080002140][1] R[r13=0000000080001ca6] R[r 0=0000000000000000] inst=[49a68693] addi    a3, a3, 1178
C0:      19536 [1] pc=[0000000080001cae] W[r 0=0000000000000000][0] R[r13=0000000080002140] R[r12=000000008002ad80] inst=[0000e290] c.sd    a2, 0(a3)
C0:      19537 [1] pc=[0000000080001cb0] W[r15=0000000000000000][1] R[r13=0000000080002140] R[r 0=0000000000000000] inst=[0000669c] c.ld    a5, 8(a3)
C0:      19539 [1] pc=[0000000080001cb2] W[r 0=0000000000000000][0] R[r15=0000000000000000] R[r 0=0000000000000000] inst=[0000dffd] c.beqz  a5, pc - 2
C0:      19540 [1] pc=[0000000080001cb0] W[r15=0000000000000000][1] R[r13=0000000080002140] R[r 0=0000000000000000] inst=[0000669c] c.ld    a5, 8(a3)
C0:      19542 [1] pc=[0000000080001cb2] W[r 0=0000000000000000][0] R[r15=0000000000000000] R[r 0=0000000000000000] inst=[0000dffd] c.beqz  a5, pc - 2
C0:      19559 [1] pc=[0000000080001cb0] W[r15=0000000000000000][1] R[r13=0000000080002140] R[r 0=0000000000000000] inst=[0000669c] c.ld    a5, 8(a3)
C0:      19561 [1] pc=[0000000080001cb2] W[r 0=0000000000000000][0] R[r15=0000000000000000] R[r 0=0000000000000000] inst=[0000dffd] c.beqz  a5, pc - 2
C0:      19562 [1] pc=[0000000080001cb0] W[r15=0000000000000000][1] R[r13=0000000080002140] R[r 0=0000000000000000] inst=[0000669c] c.ld    a5, 8(a3)
C0:      19564 [1] pc=[0000000080001cb2] W[r 0=0000000000000000][0] R[r15=0000000000000000] R[r 0=0000000000000000] inst=[0000dffd] c.beqz  a5, pc - 2
C0:      19565 [1] pc=[0000000080001cb0] W[r15=0000000000000000][1] R[r13=0000000080002140] R[r 0=0000000000000000] inst=[0000669c] c.ld    a5, 8(a3)
C0:      19567 [1] pc=[0000000080001cb2] W[r 0=0000000000000000][0] R[r15=0000000000000000] R[r 0=0000000000000000] inst=[0000dffd] c.beqz  a5, pc - 2
C0:      19571 [1] pc=[0000000080001cb0] W[r15=0000000000000000][1] R[r13=0000000080002140] R[r 0=0000000000000000] inst=[0000669c] c.ld    a5, 8(a3)
C0:      19573 [1] pc=[0000000080001cb2] W[r 0=0000000000000000][0] R[r15=0000000000000000] R[r 0=0000000000000000] inst=[0000dffd] c.beqz  a5, pc - 2
C0:      19574 [1] pc=[0000000080001cb0] W[r15=0000000000000000][1] R[r13=0000000080002140] R[r 0=0000000000000000] inst=[0000669c] c.ld    a5, 8(a3)
C0:      19576 [1] pc=[0000000080001cb2] W[r 0=0000000000000000][0] R[r15=0000000000000000] R[r 0=0000000000000000] inst=[0000dffd] c.beqz  a5, pc - 2
C0:      19577 [1] pc=[0000000080001cb0] W[r15=0000000000000000][1] R[r13=0000000080002140] R[r 0=0000000000000000] inst=[0000669c] c.ld    a5, 8(a3)
C0:      19579 [1] pc=[0000000080001cb2] W[r 0=0000000000000000][0] R[r15=0000000000000000] R[r 0=0000000000000000] inst=[0000dffd] c.beqz  a5, pc - 2
C0:      19580 [1] pc=[0000000080001cb0] W[r15=0000000000000000][1] R[r13=0000000080002140] R[r 0=0000000000000000] inst=[0000669c] c.ld    a5, 8(a3)
C0:      19582 [1] pc=[0000000080001cb2] W[r 0=0000000000000000][0] R[r15=0000000000000000] R[r 0=0000000000000000] inst=[0000dffd] c.beqz  a5, pc - 2
C0:      19583 [1] pc=[0000000080001cb0] W[r15=0000000000000000][1] R[r13=0000000080002140] R[r 0=0000000000000000] inst=[0000669c] c.ld    a5, 8(a3)
C0:      19585 [1] pc=[0000000080001cb2] W[r 0=0000000000000000][0] R[r15=0000000000000000] R[r 0=0000000000000000] inst=[0000dffd] c.beqz  a5, pc - 2
C0:      19586 [1] pc=[0000000080001cb0] W[r15=0000000000000000][1] R[r13=0000000080002140] R[r 0=0000000000000000] inst=[0000669c] c.ld    a5, 8(a3)
C0:      19588 [1] pc=[0000000080001cb2] W[r 0=0000000000000000][0] R[r15=0000000000000000] R[r 0=0000000000000000] inst=[0000dffd] c.beqz  a5, pc - 2
C0:      19589 [1] pc=[0000000080001cb0] W[r15=0000000000000000][1] R[r13=0000000080002140] R[r 0=0000000000000000] inst=[0000669c] c.ld    a5, 8(a3)
C0:      19591 [1] pc=[0000000080001cb2] W[r 0=0000000000000000][0] R[r15=0000000000000000] R[r 0=0000000000000000] inst=[0000dffd] c.beqz  a5, pc - 2
C0:      19592 [1] pc=[0000000080001cb0] W[r15=0000000000000000][1] R[r13=0000000080002140] R[r 0=0000000000000000] inst=[0000669c] c.ld    a5, 8(a3)
C0:      19594 [1] pc=[0000000080001cb2] W[r 0=0000000000000000][0] R[r15=0000000000000000] R[r 0=0000000000000000] inst=[0000dffd] c.beqz  a5, pc - 2
C0:      19616 [1] pc=[0000000080001cb0] W[r15=0000000000000000][1] R[r13=0000000080002140] R[r 0=0000000000000000] inst=[0000669c] c.ld    a5, 8(a3)
C0:      19618 [1] pc=[0000000080001cb2] W[r 0=0000000000000000][0] R[r15=0000000000000000] R[r 0=0000000000000000] inst=[0000dffd] c.beqz  a5, pc - 2
C0:      19619 [1] pc=[0000000080001cb0] W[r15=0000000000000000][1] R[r13=0000000080002140] R[r 0=0000000000000000] inst=[0000669c] c.ld    a5, 8(a3)
C0:      19621 [1] pc=[0000000080001cb2] W[r 0=0000000000000000][0] R[r15=0000000000000000] R[r 0=0000000000000000] inst=[0000dffd] c.beqz  a5, pc - 2
C0:      19622 [1] pc=[0000000080001cb0] W[r15=0000000000000000][1] R[r13=0000000080002140] R[r 0=0000000000000000] inst=[0000669c] c.ld    a5, 8(a3)
C0:      19624 [1] pc=[0000000080001cb2] W[r 0=0000000000000000][0] R[r15=0000000000000000] R[r 0=0000000000000000] inst=[0000dffd] c.beqz  a5, pc - 2
C0:      19625 [1] pc=[0000000080001cb0] W[r15=0000000000000000][1] R[r13=0000000080002140] R[r 0=0000000000000000] inst=[0000669c] c.ld    a5, 8(a3)
C0:      19627 [1] pc=[0000000080001cb2] W[r 0=0000000000000000][0] R[r15=0000000000000000] R[r 0=0000000000000000] inst=[0000dffd] c.beqz  a5, pc - 2
C0:      19628 [1] pc=[0000000080001cb0] W[r15=0000000000000000][1] R[r13=0000000080002140] R[r 0=0000000000000000] inst=[0000669c] c.ld    a5, 8(a3)
C0:      19630 [1] pc=[0000000080001cb2] W[r 0=0000000000000000][0] R[r15=0000000000000000] R[r 0=0000000000000000] inst=[0000dffd] c.beqz  a5, pc - 2
C0:      19631 [1] pc=[0000000080001cb0] W[r15=0000000000000000][1] R[r13=0000000080002140] R[r 0=0000000000000000] inst=[0000669c] c.ld    a5, 8(a3)
C0:      19633 [1] pc=[0000000080001cb2] W[r 0=0000000000000000][0] R[r15=0000000000000000] R[r 0=0000000000000000] inst=[0000dffd] c.beqz  a5, pc - 2
C0:      19634 [1] pc=[0000000080001cb0] W[r15=0000000000000000][1] R[r13=0000000080002140] R[r 0=0000000000000000] inst=[0000669c] c.ld    a5, 8(a3)
C0:      19636 [1] pc=[0000000080001cb2] W[r 0=0000000000000000][0] R[r15=0000000000000000] R[r 0=0000000000000000] inst=[0000dffd] c.beqz  a5, pc - 2
C0:      19653 [1] pc=[0000000080001cb0] W[r15=0000000000000000][1] R[r13=0000000080002140] R[r 0=0000000000000000] inst=[0000669c] c.ld    a5, 8(a3)
C0:      19655 [1] pc=[0000000080001cb2] W[r 0=0000000000000000][0] R[r15=0000000000000000] R[r 0=0000000000000000] inst=[0000dffd] c.beqz  a5, pc - 2
C0:      19656 [1] pc=[0000000080001cb0] W[r15=0000000000000000][1] R[r13=0000000080002140] R[r 0=0000000000000000] inst=[0000669c] c.ld    a5, 8(a3)
C0:      19658 [1] pc=[0000000080001cb2] W[r 0=0000000000000000][0] R[r15=0000000000000000] R[r 0=0000000000000000] inst=[0000dffd] c.beqz  a5, pc - 2
C0:      19659 [1] pc=[0000000080001cb0] W[r15=0000000000000000][1] R[r13=0000000080002140] R[r 0=0000000000000000] inst=[0000669c] c.ld    a5, 8(a3)
C0:      19661 [1] pc=[0000000080001cb2] W[r 0=0000000000000000][0] R[r15=0000000000000000] R[r 0=0000000000000000] inst=[0000dffd] c.beqz  a5, pc - 2
C0:      19662 [1] pc=[0000000080001cb0] W[r15=0000000000000000][1] R[r13=0000000080002140] R[r 0=0000000000000000] inst=[0000669c] c.ld    a5, 8(a3)
C0:      19664 [1] pc=[0000000080001cb2] W[r 0=0000000000000000][0] R[r15=0000000000000000] R[r 0=0000000000000000] inst=[0000dffd] c.beqz  a5, pc - 2
C0:      19665 [1] pc=[0000000080001cb0] W[r15=0000000000000000][1] R[r13=0000000080002140] R[r 0=0000000000000000] inst=[0000669c] c.ld    a5, 8(a3)
C0:      19667 [1] pc=[0000000080001cb2] W[r 0=0000000000000000][0] R[r15=0000000000000000] R[r 0=0000000000000000] inst=[0000dffd] c.beqz  a5, pc - 2
C0:      19668 [1] pc=[0000000080001cb0] W[r15=0000000000000000][1] R[r13=0000000080002140] R[r 0=0000000000000000] inst=[0000669c] c.ld    a5, 8(a3)
C0:      19670 [1] pc=[0000000080001cb2] W[r 0=0000000000000000][0] R[r15=0000000000000000] R[r 0=0000000000000000] inst=[0000dffd] c.beqz  a5, pc - 2
C0:      19671 [1] pc=[0000000080001cb0] W[r15=0000000000000000][1] R[r13=0000000080002140] R[r 0=0000000000000000] inst=[0000669c] c.ld    a5, 8(a3)
C0:      19673 [1] pc=[0000000080001cb2] W[r 0=0000000000000000][0] R[r15=0000000000000000] R[r 0=0000000000000000] inst=[0000dffd] c.beqz  a5, pc - 2
C0:      19674 [1] pc=[0000000080001cb0] W[r15=0000000000000000][1] R[r13=0000000080002140] R[r 0=0000000000000000] inst=[0000669c] c.ld    a5, 8(a3)
C0:      19676 [1] pc=[0000000080001cb2] W[r 0=0000000000000000][0] R[r15=0000000000000000] R[r 0=0000000000000000] inst=[0000dffd] c.beqz  a5, pc - 2
C0:      19677 [1] pc=[0000000080001cb0] W[r15=0000000000000000][1] R[r13=0000000080002140] R[r 0=0000000000000000] inst=[0000669c] c.ld    a5, 8(a3)
C0:      19679 [1] pc=[0000000080001cb2] W[r 0=0000000000000000][0] R[r15=0000000000000000] R[r 0=0000000000000000] inst=[0000dffd] c.beqz  a5, pc - 2
C0:      19680 [1] pc=[0000000080001cb0] W[r15=0000000000000000][1] R[r13=0000000080002140] R[r 0=0000000000000000] inst=[0000669c] c.ld    a5, 8(a3)
C0:      19682 [1] pc=[0000000080001cb2] W[r 0=0000000000000000][0] R[r15=0000000000000000] R[r 0=0000000000000000] inst=[0000dffd] c.beqz  a5, pc - 2
C0:      19683 [1] pc=[0000000080001cb0] W[r15=0000000000000000][1] R[r13=0000000080002140] R[r 0=0000000000000000] inst=[0000669c] c.ld    a5, 8(a3)
C0:      19685 [1] pc=[0000000080001cb2] W[r 0=0000000000000000][0] R[r15=0000000000000000] R[r 0=0000000000000000] inst=[0000dffd] c.beqz  a5, pc - 2
C0:      19686 [1] pc=[0000000080001cb0] W[r15=0000000000000000][1] R[r13=0000000080002140] R[r 0=0000000000000000] inst=[0000669c] c.ld    a5, 8(a3)
C0:      19688 [1] pc=[0000000080001cb2] W[r 0=0000000000000000][0] R[r15=0000000000000000] R[r 0=0000000000000000] inst=[0000dffd] c.beqz  a5, pc - 2
C0:      19689 [1] pc=[0000000080001cb0] W[r15=0000000000000000][1] R[r13=0000000080002140] R[r 0=0000000000000000] inst=[0000669c] c.ld    a5, 8(a3)
C0:      19691 [1] pc=[0000000080001cb2] W[r 0=0000000000000000][0] R[r15=0000000000000000] R[r 0=0000000000000000] inst=[0000dffd] c.beqz  a5, pc - 2
C0:      19692 [1] pc=[0000000080001cb0] W[r15=0000000000000000][1] R[r13=0000000080002140] R[r 0=0000000000000000] inst=[0000669c] c.ld    a5, 8(a3)
C0:      19694 [1] pc=[0000000080001cb2] W[r 0=0000000000000000][0] R[r15=0000000000000000] R[r 0=0000000000000000] inst=[0000dffd] c.beqz  a5, pc - 2
C0:      19695 [1] pc=[0000000080001cb0] W[r15=0000000000000000][1] R[r13=0000000080002140] R[r 0=0000000000000000] inst=[0000669c] c.ld    a5, 8(a3)
C0:      19697 [1] pc=[0000000080001cb2] W[r 0=0000000000000000][0] R[r15=0000000000000000] R[r 0=0000000000000000] inst=[0000dffd] c.beqz  a5, pc - 2
C0:      19698 [1] pc=[0000000080001cb0] W[r15=0000000000000000][1] R[r13=0000000080002140] R[r 0=0000000000000000] inst=[0000669c] c.ld    a5, 8(a3)
C0:      19700 [1] pc=[0000000080001cb2] W[r 0=0000000000000000][0] R[r15=0000000000000000] R[r 0=0000000000000000] inst=[0000dffd] c.beqz  a5, pc - 2
C0:      19701 [1] pc=[0000000080001cb0] W[r15=0000000000000000][1] R[r13=0000000080002140] R[r 0=0000000000000000] inst=[0000669c] c.ld    a5, 8(a3)
C0:      19703 [1] pc=[0000000080001cb2] W[r 0=0000000000000000][0] R[r15=0000000000000000] R[r 0=0000000000000000] inst=[0000dffd] c.beqz  a5, pc - 2
C0:      19704 [1] pc=[0000000080001cb0] W[r15=0000000000000000][1] R[r13=0000000080002140] R[r 0=0000000000000000] inst=[0000669c] c.ld    a5, 8(a3)
C0:      19706 [1] pc=[0000000080001cb2] W[r 0=0000000000000000][0] R[r15=0000000000000000] R[r 0=0000000000000000] inst=[0000dffd] c.beqz  a5, pc - 2
C0:      19707 [1] pc=[0000000080001cb0] W[r15=0000000000000000][1] R[r13=0000000080002140] R[r 0=0000000000000000] inst=[0000669c] c.ld    a5, 8(a3)
C0:      19709 [1] pc=[0000000080001cb2] W[r 0=0000000000000000][0] R[r15=0000000000000000] R[r 0=0000000000000000] inst=[0000dffd] c.beqz  a5, pc - 2
C0:      19710 [1] pc=[0000000080001cb0] W[r15=0000000000000000][1] R[r13=0000000080002140] R[r 0=0000000000000000] inst=[0000669c] c.ld    a5, 8(a3)
C0:      19712 [1] pc=[0000000080001cb2] W[r 0=0000000000000000][0] R[r15=0000000000000000] R[r 0=0000000000000000] inst=[0000dffd] c.beqz  a5, pc - 2
C0:      19713 [1] pc=[0000000080001cb0] W[r15=0000000000000000][1] R[r13=0000000080002140] R[r 0=0000000000000000] inst=[0000669c] c.ld    a5, 8(a3)
C0:      19715 [1] pc=[0000000080001cb2] W[r 0=0000000000000000][0] R[r15=0000000000000000] R[r 0=0000000000000000] inst=[0000dffd] c.beqz  a5, pc - 2
C0:      19716 [1] pc=[0000000080001cb0] W[r15=0000000000000000][1] R[r13=0000000080002140] R[r 0=0000000000000000] inst=[0000669c] c.ld    a5, 8(a3)
C0:      19718 [1] pc=[0000000080001cb2] W[r 0=0000000000000000][0] R[r15=0000000000000000] R[r 0=0000000000000000] inst=[0000dffd] c.beqz  a5, pc - 2
C0:      19719 [1] pc=[0000000080001cb0] W[r15=0000000000000000][1] R[r13=0000000080002140] R[r 0=0000000000000000] inst=[0000669c] c.ld    a5, 8(a3)
C0:      19721 [1] pc=[0000000080001cb2] W[r 0=0000000000000000][0] R[r15=0000000000000000] R[r 0=0000000000000000] inst=[0000dffd] c.beqz  a5, pc - 2
C0:      19722 [1] pc=[0000000080001cb0] W[r15=0000000000000000][1] R[r13=0000000080002140] R[r 0=0000000000000000] inst=[0000669c] c.ld    a5, 8(a3)
C0:      19724 [1] pc=[0000000080001cb2] W[r 0=0000000000000000][0] R[r15=0000000000000000] R[r 0=0000000000000000] inst=[0000dffd] c.beqz  a5, pc - 2
C0:      19725 [1] pc=[0000000080001cb0] W[r15=0000000000000000][1] R[r13=0000000080002140] R[r 0=0000000000000000] inst=[0000669c] c.ld    a5, 8(a3)
C0:      19727 [1] pc=[0000000080001cb2] W[r 0=0000000000000000][0] R[r15=0000000000000000] R[r 0=0000000000000000] inst=[0000dffd] c.beqz  a5, pc - 2
C0:      19728 [1] pc=[0000000080001cb0] W[r15=0000000000000000][1] R[r13=0000000080002140] R[r 0=0000000000000000] inst=[0000669c] c.ld    a5, 8(a3)
C0:      19730 [1] pc=[0000000080001cb2] W[r 0=0000000000000000][0] R[r15=0000000000000000] R[r 0=0000000000000000] inst=[0000dffd] c.beqz  a5, pc - 2
C0:      19731 [1] pc=[0000000080001cb0] W[r15=0000000000000000][1] R[r13=0000000080002140] R[r 0=0000000000000000] inst=[0000669c] c.ld    a5, 8(a3)
C0:      19733 [1] pc=[0000000080001cb2] W[r 0=0000000000000000][0] R[r15=0000000000000000] R[r 0=0000000000000000] inst=[0000dffd] c.beqz  a5, pc - 2
C0:      19734 [1] pc=[0000000080001cb0] W[r15=0000000000000000][1] R[r13=0000000080002140] R[r 0=0000000000000000] inst=[0000669c] c.ld    a5, 8(a3)
C0:      19736 [1] pc=[0000000080001cb2] W[r 0=0000000000000000][0] R[r15=0000000000000000] R[r 0=0000000000000000] inst=[0000dffd] c.beqz  a5, pc - 2
C0:      19737 [1] pc=[0000000080001cb0] W[r15=0000000000000000][1] R[r13=0000000080002140] R[r 0=0000000000000000] inst=[0000669c] c.ld    a5, 8(a3)
C0:      19739 [1] pc=[0000000080001cb2] W[r 0=0000000000000000][0] R[r15=0000000000000000] R[r 0=0000000000000000] inst=[0000dffd] c.beqz  a5, pc - 2
C0:      19740 [1] pc=[0000000080001cb0] W[r15=0000000000000000][1] R[r13=0000000080002140] R[r 0=0000000000000000] inst=[0000669c] c.ld    a5, 8(a3)
C0:      19742 [1] pc=[0000000080001cb2] W[r 0=0000000000000000][0] R[r15=0000000000000000] R[r 0=0000000000000000] inst=[0000dffd] c.beqz  a5, pc - 2
C0:      19743 [1] pc=[0000000080001cb0] W[r15=0000000000000000][1] R[r13=0000000080002140] R[r 0=0000000000000000] inst=[0000669c] c.ld    a5, 8(a3)
C0:      19745 [1] pc=[0000000080001cb2] W[r 0=0000000000000000][0] R[r15=0000000000000000] R[r 0=0000000000000000] inst=[0000dffd] c.beqz  a5, pc - 2
C0:      19746 [1] pc=[0000000080001cb0] W[r15=0000000000000000][1] R[r13=0000000080002140] R[r 0=0000000000000000] inst=[0000669c] c.ld    a5, 8(a3)
C0:      19748 [1] pc=[0000000080001cb2] W[r 0=0000000000000000][0] R[r15=0000000000000000] R[r 0=0000000000000000] inst=[0000dffd] c.beqz  a5, pc - 2
C0:      19749 [1] pc=[0000000080001cb0] W[r15=0000000000000000][1] R[r13=0000000080002140] R[r 0=0000000000000000] inst=[0000669c] c.ld    a5, 8(a3)
C0:      19751 [1] pc=[0000000080001cb2] W[r 0=0000000000000000][0] R[r15=0000000000000000] R[r 0=0000000000000000] inst=[0000dffd] c.beqz  a5, pc - 2
C0:      19752 [1] pc=[0000000080001cb0] W[r15=0000000000000000][1] R[r13=0000000080002140] R[r 0=0000000000000000] inst=[0000669c] c.ld    a5, 8(a3)
C0:      19754 [1] pc=[0000000080001cb2] W[r 0=0000000000000000][0] R[r15=0000000000000000] R[r 0=0000000000000000] inst=[0000dffd] c.beqz  a5, pc - 2
C0:      19755 [1] pc=[0000000080001cb0] W[r15=0000000000000000][1] R[r13=0000000080002140] R[r 0=0000000000000000] inst=[0000669c] c.ld    a5, 8(a3)
C0:      19757 [1] pc=[0000000080001cb2] W[r 0=0000000000000000][0] R[r15=0000000000000000] R[r 0=0000000000000000] inst=[0000dffd] c.beqz  a5, pc - 2
C0:      19758 [1] pc=[0000000080001cb0] W[r15=0000000000000000][1] R[r13=0000000080002140] R[r 0=0000000000000000] inst=[0000669c] c.ld    a5, 8(a3)
C0:      19760 [1] pc=[0000000080001cb2] W[r 0=0000000000000000][0] R[r15=0000000000000000] R[r 0=0000000000000000] inst=[0000dffd] c.beqz  a5, pc - 2
C0:      19761 [1] pc=[0000000080001cb0] W[r15=0000000000000000][1] R[r13=0000000080002140] R[r 0=0000000000000000] inst=[0000669c] c.ld    a5, 8(a3)
C0:      19763 [1] pc=[0000000080001cb2] W[r 0=0000000000000000][0] R[r15=0000000000000000] R[r 0=0000000000000000] inst=[0000dffd] c.beqz  a5, pc - 2
C0:      19764 [1] pc=[0000000080001cb0] W[r15=0000000000000000][1] R[r13=0000000080002140] R[r 0=0000000000000000] inst=[0000669c] c.ld    a5, 8(a3)
C0:      19766 [1] pc=[0000000080001cb2] W[r 0=0000000000000000][0] R[r15=0000000000000000] R[r 0=0000000000000000] inst=[0000dffd] c.beqz  a5, pc - 2
C0:      19767 [1] pc=[0000000080001cb0] W[r15=0000000000000000][1] R[r13=0000000080002140] R[r 0=0000000000000000] inst=[0000669c] c.ld    a5, 8(a3)
C0:      19769 [1] pc=[0000000080001cb2] W[r 0=0000000000000000][0] R[r15=0000000000000000] R[r 0=0000000000000000] inst=[0000dffd] c.beqz  a5, pc - 2
C0:      19770 [1] pc=[0000000080001cb0] W[r15=0000000000000000][1] R[r13=0000000080002140] R[r 0=0000000000000000] inst=[0000669c] c.ld    a5, 8(a3)
C0:      19772 [1] pc=[0000000080001cb2] W[r 0=0000000000000000][0] R[r15=0000000000000000] R[r 0=0000000000000000] inst=[0000dffd] c.beqz  a5, pc - 2
C0:      19773 [1] pc=[0000000080001cb0] W[r15=0000000000000000][1] R[r13=0000000080002140] R[r 0=0000000000000000] inst=[0000669c] c.ld    a5, 8(a3)
C0:      19775 [1] pc=[0000000080001cb2] W[r 0=0000000000000000][0] R[r15=0000000000000000] R[r 0=0000000000000000] inst=[0000dffd] c.beqz  a5, pc - 2
C0:      19776 [1] pc=[0000000080001cb0] W[r15=0000000000000000][1] R[r13=0000000080002140] R[r 0=0000000000000000] inst=[0000669c] c.ld    a5, 8(a3)
C0:      19778 [1] pc=[0000000080001cb2] W[r 0=0000000000000000][0] R[r15=0000000000000000] R[r 0=0000000000000000] inst=[0000dffd] c.beqz  a5, pc - 2
C0:      19779 [1] pc=[0000000080001cb0] W[r15=0000000000000000][1] R[r13=0000000080002140] R[r 0=0000000000000000] inst=[0000669c] c.ld    a5, 8(a3)
C0:      19781 [1] pc=[0000000080001cb2] W[r 0=0000000000000000][0] R[r15=0000000000000000] R[r 0=0000000000000000] inst=[0000dffd] c.beqz  a5, pc - 2
C0:      19782 [1] pc=[0000000080001cb0] W[r15=0000000000000000][1] R[r13=0000000080002140] R[r 0=0000000000000000] inst=[0000669c] c.ld    a5, 8(a3)
C0:      19784 [1] pc=[0000000080001cb2] W[r 0=0000000000000000][0] R[r15=0000000000000000] R[r 0=0000000000000000] inst=[0000dffd] c.beqz  a5, pc - 2
C0:      19785 [1] pc=[0000000080001cb0] W[r15=0000000000000000][1] R[r13=0000000080002140] R[r 0=0000000000000000] inst=[0000669c] c.ld    a5, 8(a3)
C0:      19787 [1] pc=[0000000080001cb2] W[r 0=0000000000000000][0] R[r15=0000000000000000] R[r 0=0000000000000000] inst=[0000dffd] c.beqz  a5, pc - 2
C0:      19788 [1] pc=[0000000080001cb0] W[r15=0000000000000000][1] R[r13=0000000080002140] R[r 0=0000000000000000] inst=[0000669c] c.ld    a5, 8(a3)
C0:      19790 [1] pc=[0000000080001cb2] W[r 0=0000000000000000][0] R[r15=0000000000000000] R[r 0=0000000000000000] inst=[0000dffd] c.beqz  a5, pc - 2
C0:      19791 [1] pc=[0000000080001cb0] W[r15=0000000000000000][1] R[r13=0000000080002140] R[r 0=0000000000000000] inst=[0000669c] c.ld    a5, 8(a3)
C0:      19793 [1] pc=[0000000080001cb2] W[r 0=0000000000000000][0] R[r15=0000000000000000] R[r 0=0000000000000000] inst=[0000dffd] c.beqz  a5, pc - 2
C0:      19794 [1] pc=[0000000080001cb0] W[r15=0000000000000000][1] R[r13=0000000080002140] R[r 0=0000000000000000] inst=[0000669c] c.ld    a5, 8(a3)
C0:      19796 [1] pc=[0000000080001cb2] W[r 0=0000000000000000][0] R[r15=0000000000000000] R[r 0=0000000000000000] inst=[0000dffd] c.beqz  a5, pc - 2
C0:      19797 [1] pc=[0000000080001cb0] W[r15=0000000000000000][1] R[r13=0000000080002140] R[r 0=0000000000000000] inst=[0000669c] c.ld    a5, 8(a3)
C0:      19799 [1] pc=[0000000080001cb2] W[r 0=0000000000000000][0] R[r15=0000000000000000] R[r 0=0000000000000000] inst=[0000dffd] c.beqz  a5, pc - 2
C0:      19800 [1] pc=[0000000080001cb0] W[r15=0000000000000000][1] R[r13=0000000080002140] R[r 0=0000000000000000] inst=[0000669c] c.ld    a5, 8(a3)
C0:      19802 [1] pc=[0000000080001cb2] W[r 0=0000000000000000][0] R[r15=0000000000000000] R[r 0=0000000000000000] inst=[0000dffd] c.beqz  a5, pc - 2
C0:      19803 [1] pc=[0000000080001cb0] W[r15=0000000000000000][1] R[r13=0000000080002140] R[r 0=0000000000000000] inst=[0000669c] c.ld    a5, 8(a3)
C0:      19805 [1] pc=[0000000080001cb2] W[r 0=0000000000000000][0] R[r15=0000000000000000] R[r 0=0000000000000000] inst=[0000dffd] c.beqz  a5, pc - 2
C0:      19806 [1] pc=[0000000080001cb0] W[r15=0000000000000000][1] R[r13=0000000080002140] R[r 0=0000000000000000] inst=[0000669c] c.ld    a5, 8(a3)
C0:      19808 [1] pc=[0000000080001cb2] W[r 0=0000000000000000][0] R[r15=0000000000000000] R[r 0=0000000000000000] inst=[0000dffd] c.beqz  a5, pc - 2
C0:      19809 [1] pc=[0000000080001cb0] W[r15=0000000000000000][1] R[r13=0000000080002140] R[r 0=0000000000000000] inst=[0000669c] c.ld    a5, 8(a3)
C0:      19811 [1] pc=[0000000080001cb2] W[r 0=0000000000000000][0] R[r15=0000000000000000] R[r 0=0000000000000000] inst=[0000dffd] c.beqz  a5, pc - 2
C0:      19812 [1] pc=[0000000080001cb0] W[r15=0000000000000000][1] R[r13=0000000080002140] R[r 0=0000000000000000] inst=[0000669c] c.ld    a5, 8(a3)
C0:      19814 [1] pc=[0000000080001cb2] W[r 0=0000000000000000][0] R[r15=0000000000000000] R[r 0=0000000000000000] inst=[0000dffd] c.beqz  a5, pc - 2
C0:      19815 [1] pc=[0000000080001cb0] W[r15=0000000000000000][1] R[r13=0000000080002140] R[r 0=0000000000000000] inst=[0000669c] c.ld    a5, 8(a3)
C0:      19817 [1] pc=[0000000080001cb2] W[r 0=0000000000000000][0] R[r15=0000000000000000] R[r 0=0000000000000000] inst=[0000dffd] c.beqz  a5, pc - 2
C0:      19818 [1] pc=[0000000080001cb0] W[r15=0000000000000000][1] R[r13=0000000080002140] R[r 0=0000000000000000] inst=[0000669c] c.ld    a5, 8(a3)
C0:      19820 [1] pc=[0000000080001cb2] W[r 0=0000000000000000][0] R[r15=0000000000000000] R[r 0=0000000000000000] inst=[0000dffd] c.beqz  a5, pc - 2
C0:      19821 [1] pc=[0000000080001cb0] W[r15=0000000000000000][1] R[r13=0000000080002140] R[r 0=0000000000000000] inst=[0000669c] c.ld    a5, 8(a3)
C0:      19823 [1] pc=[0000000080001cb2] W[r 0=0000000000000000][0] R[r15=0000000000000000] R[r 0=0000000000000000] inst=[0000dffd] c.beqz  a5, pc - 2
C0:      19824 [1] pc=[0000000080001cb0] W[r15=0000000000000000][1] R[r13=0000000080002140] R[r 0=0000000000000000] inst=[0000669c] c.ld    a5, 8(a3)
C0:      19826 [1] pc=[0000000080001cb2] W[r 0=0000000000000000][0] R[r15=0000000000000000] R[r 0=0000000000000000] inst=[0000dffd] c.beqz  a5, pc - 2
C0:      19827 [1] pc=[0000000080001cb0] W[r15=0000000000000000][1] R[r13=0000000080002140] R[r 0=0000000000000000] inst=[0000669c] c.ld    a5, 8(a3)
C0:      19829 [1] pc=[0000000080001cb2] W[r 0=0000000000000000][0] R[r15=0000000000000000] R[r 0=0000000000000000] inst=[0000dffd] c.beqz  a5, pc - 2
C0:      19830 [1] pc=[0000000080001cb0] W[r15=0000000000000000][1] R[r13=0000000080002140] R[r 0=0000000000000000] inst=[0000669c] c.ld    a5, 8(a3)
C0:      19832 [1] pc=[0000000080001cb2] W[r 0=0000000000000000][0] R[r15=0000000000000000] R[r 0=0000000000000000] inst=[0000dffd] c.beqz  a5, pc - 2
C0:      19833 [1] pc=[0000000080001cb0] W[r15=0000000000000000][1] R[r13=0000000080002140] R[r 0=0000000000000000] inst=[0000669c] c.ld    a5, 8(a3)
C0:      19835 [1] pc=[0000000080001cb2] W[r 0=0000000000000000][0] R[r15=0000000000000000] R[r 0=0000000000000000] inst=[0000dffd] c.beqz  a5, pc - 2
C0:      19836 [1] pc=[0000000080001cb0] W[r15=0000000000000000][1] R[r13=0000000080002140] R[r 0=0000000000000000] inst=[0000669c] c.ld    a5, 8(a3)
C0:      19838 [1] pc=[0000000080001cb2] W[r 0=0000000000000000][0] R[r15=0000000000000000] R[r 0=0000000000000000] inst=[0000dffd] c.beqz  a5, pc - 2
C0:      19839 [1] pc=[0000000080001cb0] W[r15=0000000000000000][1] R[r13=0000000080002140] R[r 0=0000000000000000] inst=[0000669c] c.ld    a5, 8(a3)
C0:      19841 [1] pc=[0000000080001cb2] W[r 0=0000000000000000][0] R[r15=0000000000000000] R[r 0=0000000000000000] inst=[0000dffd] c.beqz  a5, pc - 2
C0:      19842 [1] pc=[0000000080001cb0] W[r15=0000000000000000][1] R[r13=0000000080002140] R[r 0=0000000000000000] inst=[0000669c] c.ld    a5, 8(a3)
C0:      19844 [1] pc=[0000000080001cb2] W[r 0=0000000000000000][0] R[r15=0000000000000000] R[r 0=0000000000000000] inst=[0000dffd] c.beqz  a5, pc - 2
C0:      19845 [1] pc=[0000000080001cb0] W[r15=0000000000000000][1] R[r13=0000000080002140] R[r 0=0000000000000000] inst=[0000669c] c.ld    a5, 8(a3)
C0:      19847 [1] pc=[0000000080001cb2] W[r 0=0000000000000000][0] R[r15=0000000000000000] R[r 0=0000000000000000] inst=[0000dffd] c.beqz  a5, pc - 2
C0:      19848 [1] pc=[0000000080001cb0] W[r15=0000000000000000][1] R[r13=0000000080002140] R[r 0=0000000000000000] inst=[0000669c] c.ld    a5, 8(a3)
C0:      19850 [1] pc=[0000000080001cb2] W[r 0=0000000000000000][0] R[r15=0000000000000000] R[r 0=0000000000000000] inst=[0000dffd] c.beqz  a5, pc - 2
C0:      19851 [1] pc=[0000000080001cb0] W[r15=0000000000000000][1] R[r13=0000000080002140] R[r 0=0000000000000000] inst=[0000669c] c.ld    a5, 8(a3)
C0:      19853 [1] pc=[0000000080001cb2] W[r 0=0000000000000000][0] R[r15=0000000000000000] R[r 0=0000000000000000] inst=[0000dffd] c.beqz  a5, pc - 2
C0:      19854 [1] pc=[0000000080001cb0] W[r15=0000000000000000][1] R[r13=0000000080002140] R[r 0=0000000000000000] inst=[0000669c] c.ld    a5, 8(a3)
C0:      19856 [1] pc=[0000000080001cb2] W[r 0=0000000000000000][0] R[r15=0000000000000000] R[r 0=0000000000000000] inst=[0000dffd] c.beqz  a5, pc - 2
C0:      19857 [1] pc=[0000000080001cb0] W[r15=0000000000000000][1] R[r13=0000000080002140] R[r 0=0000000000000000] inst=[0000669c] c.ld    a5, 8(a3)
C0:      19859 [1] pc=[0000000080001cb2] W[r 0=0000000000000000][0] R[r15=0000000000000000] R[r 0=0000000000000000] inst=[0000dffd] c.beqz  a5, pc - 2
C0:      19860 [1] pc=[0000000080001cb0] W[r15=0000000000000000][1] R[r13=0000000080002140] R[r 0=0000000000000000] inst=[0000669c] c.ld    a5, 8(a3)
C0:      19862 [1] pc=[0000000080001cb2] W[r 0=0000000000000000][0] R[r15=0000000000000000] R[r 0=0000000000000000] inst=[0000dffd] c.beqz  a5, pc - 2
C0:      19863 [1] pc=[0000000080001cb0] W[r15=0000000000000000][1] R[r13=0000000080002140] R[r 0=0000000000000000] inst=[0000669c] c.ld    a5, 8(a3)
C0:      19865 [1] pc=[0000000080001cb2] W[r 0=0000000000000000][0] R[r15=0000000000000000] R[r 0=0000000000000000] inst=[0000dffd] c.beqz  a5, pc - 2
C0:      19866 [1] pc=[0000000080001cb0] W[r15=0000000000000000][1] R[r13=0000000080002140] R[r 0=0000000000000000] inst=[0000669c] c.ld    a5, 8(a3)
C0:      19868 [1] pc=[0000000080001cb2] W[r 0=0000000000000000][0] R[r15=0000000000000000] R[r 0=0000000000000000] inst=[0000dffd] c.beqz  a5, pc - 2
C0:      19869 [1] pc=[0000000080001cb0] W[r15=0000000000000000][1] R[r13=0000000080002140] R[r 0=0000000000000000] inst=[0000669c] c.ld    a5, 8(a3)
C0:      19871 [1] pc=[0000000080001cb2] W[r 0=0000000000000000][0] R[r15=0000000000000000] R[r 0=0000000000000000] inst=[0000dffd] c.beqz  a5, pc - 2
C0:      19872 [1] pc=[0000000080001cb0] W[r15=0000000000000000][1] R[r13=0000000080002140] R[r 0=0000000000000000] inst=[0000669c] c.ld    a5, 8(a3)
C0:      19874 [1] pc=[0000000080001cb2] W[r 0=0000000000000000][0] R[r15=0000000000000000] R[r 0=0000000000000000] inst=[0000dffd] c.beqz  a5, pc - 2
C0:      19875 [1] pc=[0000000080001cb0] W[r15=0000000000000000][1] R[r13=0000000080002140] R[r 0=0000000000000000] inst=[0000669c] c.ld    a5, 8(a3)
C0:      19877 [1] pc=[0000000080001cb2] W[r 0=0000000000000000][0] R[r15=0000000000000000] R[r 0=0000000000000000] inst=[0000dffd] c.beqz  a5, pc - 2
C0:      19878 [1] pc=[0000000080001cb0] W[r15=0000000000000000][1] R[r13=0000000080002140] R[r 0=0000000000000000] inst=[0000669c] c.ld    a5, 8(a3)
C0:      19880 [1] pc=[0000000080001cb2] W[r 0=0000000000000000][0] R[r15=0000000000000000] R[r 0=0000000000000000] inst=[0000dffd] c.beqz  a5, pc - 2
C0:      19881 [1] pc=[0000000080001cb0] W[r15=0000000000000000][1] R[r13=0000000080002140] R[r 0=0000000000000000] inst=[0000669c] c.ld    a5, 8(a3)
C0:      19883 [1] pc=[0000000080001cb2] W[r 0=0000000000000000][0] R[r15=0000000000000000] R[r 0=0000000000000000] inst=[0000dffd] c.beqz  a5, pc - 2
C0:      19884 [1] pc=[0000000080001cb0] W[r15=0000000000000000][1] R[r13=0000000080002140] R[r 0=0000000000000000] inst=[0000669c] c.ld    a5, 8(a3)
C0:      19886 [1] pc=[0000000080001cb2] W[r 0=0000000000000000][0] R[r15=0000000000000000] R[r 0=0000000000000000] inst=[0000dffd] c.beqz  a5, pc - 2
C0:      19887 [1] pc=[0000000080001cb0] W[r15=0000000000000000][1] R[r13=0000000080002140] R[r 0=0000000000000000] inst=[0000669c] c.ld    a5, 8(a3)
C0:      19889 [1] pc=[0000000080001cb2] W[r 0=0000000000000000][0] R[r15=0000000000000000] R[r 0=0000000000000000] inst=[0000dffd] c.beqz  a5, pc - 2
C0:      19890 [1] pc=[0000000080001cb0] W[r15=0000000000000000][1] R[r13=0000000080002140] R[r 0=0000000000000000] inst=[0000669c] c.ld    a5, 8(a3)
C0:      19892 [1] pc=[0000000080001cb2] W[r 0=0000000000000000][0] R[r15=0000000000000000] R[r 0=0000000000000000] inst=[0000dffd] c.beqz  a5, pc - 2
C0:      19893 [1] pc=[0000000080001cb0] W[r15=0000000000000000][1] R[r13=0000000080002140] R[r 0=0000000000000000] inst=[0000669c] c.ld    a5, 8(a3)
C0:      19895 [1] pc=[0000000080001cb2] W[r 0=0000000000000000][0] R[r15=0000000000000000] R[r 0=0000000000000000] inst=[0000dffd] c.beqz  a5, pc - 2
C0:      19896 [1] pc=[0000000080001cb0] W[r15=0000000000000000][1] R[r13=0000000080002140] R[r 0=0000000000000000] inst=[0000669c] c.ld    a5, 8(a3)
C0:      19898 [1] pc=[0000000080001cb2] W[r 0=0000000000000000][0] R[r15=0000000000000000] R[r 0=0000000000000000] inst=[0000dffd] c.beqz  a5, pc - 2
C0:      19899 [1] pc=[0000000080001cb0] W[r15=0000000000000000][1] R[r13=0000000080002140] R[r 0=0000000000000000] inst=[0000669c] c.ld    a5, 8(a3)
C0:      19901 [1] pc=[0000000080001cb2] W[r 0=0000000000000000][0] R[r15=0000000000000000] R[r 0=0000000000000000] inst=[0000dffd] c.beqz  a5, pc - 2
C0:      19902 [1] pc=[0000000080001cb0] W[r15=0000000000000000][1] R[r13=0000000080002140] R[r 0=0000000000000000] inst=[0000669c] c.ld    a5, 8(a3)
C0:      19904 [1] pc=[0000000080001cb2] W[r 0=0000000000000000][0] R[r15=0000000000000000] R[r 0=0000000000000000] inst=[0000dffd] c.beqz  a5, pc - 2
C0:      19905 [1] pc=[0000000080001cb0] W[r15=0000000000000000][1] R[r13=0000000080002140] R[r 0=0000000000000000] inst=[0000669c] c.ld    a5, 8(a3)
C0:      19907 [1] pc=[0000000080001cb2] W[r 0=0000000000000000][0] R[r15=0000000000000000] R[r 0=0000000000000000] inst=[0000dffd] c.beqz  a5, pc - 2
C0:      19908 [1] pc=[0000000080001cb0] W[r15=0000000000000000][1] R[r13=0000000080002140] R[r 0=0000000000000000] inst=[0000669c] c.ld    a5, 8(a3)
C0:      19910 [1] pc=[0000000080001cb2] W[r 0=0000000000000000][0] R[r15=0000000000000000] R[r 0=0000000000000000] inst=[0000dffd] c.beqz  a5, pc - 2
C0:      19911 [1] pc=[0000000080001cb0] W[r15=0000000000000000][1] R[r13=0000000080002140] R[r 0=0000000000000000] inst=[0000669c] c.ld    a5, 8(a3)
C0:      19913 [1] pc=[0000000080001cb2] W[r 0=0000000000000000][0] R[r15=0000000000000000] R[r 0=0000000000000000] inst=[0000dffd] c.beqz  a5, pc - 2
C0:      19914 [1] pc=[0000000080001cb0] W[r15=0000000000000000][1] R[r13=0000000080002140] R[r 0=0000000000000000] inst=[0000669c] c.ld    a5, 8(a3)
C0:      19916 [1] pc=[0000000080001cb2] W[r 0=0000000000000000][0] R[r15=0000000000000000] R[r 0=0000000000000000] inst=[0000dffd] c.beqz  a5, pc - 2
C0:      19933 [1] pc=[0000000080001cb0] W[r15=0000000000000000][1] R[r13=0000000080002140] R[r 0=0000000000000000] inst=[0000669c] c.ld    a5, 8(a3)
C0:      19935 [1] pc=[0000000080001cb2] W[r 0=0000000000000000][0] R[r15=0000000000000000] R[r 0=0000000000000000] inst=[0000dffd] c.beqz  a5, pc - 2
C0:      19936 [1] pc=[0000000080001cb0] W[r15=0000000000000000][1] R[r13=0000000080002140] R[r 0=0000000000000000] inst=[0000669c] c.ld    a5, 8(a3)
C0:      19938 [1] pc=[0000000080001cb2] W[r 0=0000000000000000][0] R[r15=0000000000000000] R[r 0=0000000000000000] inst=[0000dffd] c.beqz  a5, pc - 2
C0:      19939 [1] pc=[0000000080001cb0] W[r15=0000000000000000][1] R[r13=0000000080002140] R[r 0=0000000000000000] inst=[0000669c] c.ld    a5, 8(a3)
C0:      19941 [1] pc=[0000000080001cb2] W[r 0=0000000000000000][0] R[r15=0000000000000000] R[r 0=0000000000000000] inst=[0000dffd] c.beqz  a5, pc - 2
C0:      19942 [1] pc=[0000000080001cb0] W[r15=0000000000000000][1] R[r13=0000000080002140] R[r 0=0000000000000000] inst=[0000669c] c.ld    a5, 8(a3)
C0:      19944 [1] pc=[0000000080001cb2] W[r 0=0000000000000000][0] R[r15=0000000000000000] R[r 0=0000000000000000] inst=[0000dffd] c.beqz  a5, pc - 2
C0:      19945 [1] pc=[0000000080001cb0] W[r15=0000000000000000][1] R[r13=0000000080002140] R[r 0=0000000000000000] inst=[0000669c] c.ld    a5, 8(a3)
C0:      19947 [1] pc=[0000000080001cb2] W[r 0=0000000000000000][0] R[r15=0000000000000000] R[r 0=0000000000000000] inst=[0000dffd] c.beqz  a5, pc - 2
C0:      19948 [1] pc=[0000000080001cb0] W[r15=0000000000000000][1] R[r13=0000000080002140] R[r 0=0000000000000000] inst=[0000669c] c.ld    a5, 8(a3)
C0:      19950 [1] pc=[0000000080001cb2] W[r 0=0000000000000000][0] R[r15=0000000000000000] R[r 0=0000000000000000] inst=[0000dffd] c.beqz  a5, pc - 2
C0:      19951 [1] pc=[0000000080001cb0] W[r15=0000000000000000][1] R[r13=0000000080002140] R[r 0=0000000000000000] inst=[0000669c] c.ld    a5, 8(a3)
C0:      19953 [1] pc=[0000000080001cb2] W[r 0=0000000000000000][0] R[r15=0000000000000000] R[r 0=0000000000000000] inst=[0000dffd] c.beqz  a5, pc - 2
C0:      19954 [1] pc=[0000000080001cb0] W[r15=0000000000000000][1] R[r13=0000000080002140] R[r 0=0000000000000000] inst=[0000669c] c.ld    a5, 8(a3)
C0:      19956 [1] pc=[0000000080001cb2] W[r 0=0000000000000000][0] R[r15=0000000000000000] R[r 0=0000000000000000] inst=[0000dffd] c.beqz  a5, pc - 2
C0:      19957 [1] pc=[0000000080001cb0] W[r15=0000000000000000][1] R[r13=0000000080002140] R[r 0=0000000000000000] inst=[0000669c] c.ld    a5, 8(a3)
C0:      19959 [1] pc=[0000000080001cb2] W[r 0=0000000000000000][0] R[r15=0000000000000000] R[r 0=0000000000000000] inst=[0000dffd] c.beqz  a5, pc - 2
C0:      19960 [1] pc=[0000000080001cb0] W[r15=0000000000000000][1] R[r13=0000000080002140] R[r 0=0000000000000000] inst=[0000669c] c.ld    a5, 8(a3)
C0:      19962 [1] pc=[0000000080001cb2] W[r 0=0000000000000000][0] R[r15=0000000000000000] R[r 0=0000000000000000] inst=[0000dffd] c.beqz  a5, pc - 2
C0:      19963 [1] pc=[0000000080001cb0] W[r15=0000000000000000][1] R[r13=0000000080002140] R[r 0=0000000000000000] inst=[0000669c] c.ld    a5, 8(a3)
C0:      19965 [1] pc=[0000000080001cb2] W[r 0=0000000000000000][0] R[r15=0000000000000000] R[r 0=0000000000000000] inst=[0000dffd] c.beqz  a5, pc - 2
C0:      19966 [1] pc=[0000000080001cb0] W[r15=0000000000000000][1] R[r13=0000000080002140] R[r 0=0000000000000000] inst=[0000669c] c.ld    a5, 8(a3)
C0:      19968 [1] pc=[0000000080001cb2] W[r 0=0000000000000000][0] R[r15=0000000000000000] R[r 0=0000000000000000] inst=[0000dffd] c.beqz  a5, pc - 2
C0:      19969 [1] pc=[0000000080001cb0] W[r15=0000000000000000][1] R[r13=0000000080002140] R[r 0=0000000000000000] inst=[0000669c] c.ld    a5, 8(a3)
C0:      19971 [1] pc=[0000000080001cb2] W[r 0=0000000000000000][0] R[r15=0000000000000000] R[r 0=0000000000000000] inst=[0000dffd] c.beqz  a5, pc - 2
C0:      19988 [1] pc=[0000000080001cb0] W[r15=0000000000000000][1] R[r13=0000000080002140] R[r 0=0000000000000000] inst=[0000669c] c.ld    a5, 8(a3)
C0:      19990 [1] pc=[0000000080001cb2] W[r 0=0000000000000000][0] R[r15=0000000000000000] R[r 0=0000000000000000] inst=[0000dffd] c.beqz  a5, pc - 2
C0:      19991 [1] pc=[0000000080001cb0] W[r15=0000000000000000][1] R[r13=0000000080002140] R[r 0=0000000000000000] inst=[0000669c] c.ld    a5, 8(a3)
C0:      19993 [1] pc=[0000000080001cb2] W[r 0=0000000000000000][0] R[r15=0000000000000000] R[r 0=0000000000000000] inst=[0000dffd] c.beqz  a5, pc - 2
C0:      19994 [1] pc=[0000000080001cb0] W[r15=0000000000000000][1] R[r13=0000000080002140] R[r 0=0000000000000000] inst=[0000669c] c.ld    a5, 8(a3)
C0:      19996 [1] pc=[0000000080001cb2] W[r 0=0000000000000000][0] R[r15=0000000000000000] R[r 0=0000000000000000] inst=[0000dffd] c.beqz  a5, pc - 2
C0:      19997 [1] pc=[0000000080001cb0] W[r15=0000000000000000][1] R[r13=0000000080002140] R[r 0=0000000000000000] inst=[0000669c] c.ld    a5, 8(a3)
C0:      19999 [1] pc=[0000000080001cb2] W[r 0=0000000000000000][0] R[r15=0000000000000000] R[r 0=0000000000000000] inst=[0000dffd] c.beqz  a5, pc - 2
C0:      20000 [1] pc=[0000000080001cb0] W[r15=0000000000000000][1] R[r13=0000000080002140] R[r 0=0000000000000000] inst=[0000669c] c.ld    a5, 8(a3)
C0:      20002 [1] pc=[0000000080001cb2] W[r 0=0000000000000000][0] R[r15=0000000000000000] R[r 0=0000000000000000] inst=[0000dffd] c.beqz  a5, pc - 2
C0:      20003 [1] pc=[0000000080001cb0] W[r15=0000000000000000][1] R[r13=0000000080002140] R[r 0=0000000000000000] inst=[0000669c] c.ld    a5, 8(a3)
C0:      20005 [1] pc=[0000000080001cb2] W[r 0=0000000000000000][0] R[r15=0000000000000000] R[r 0=0000000000000000] inst=[0000dffd] c.beqz  a5, pc - 2
C0:      20006 [1] pc=[0000000080001cb0] W[r15=0000000000000000][1] R[r13=0000000080002140] R[r 0=0000000000000000] inst=[0000669c] c.ld    a5, 8(a3)
C0:      20008 [1] pc=[0000000080001cb2] W[r 0=0000000000000000][0] R[r15=0000000000000000] R[r 0=0000000000000000] inst=[0000dffd] c.beqz  a5, pc - 2
C0:      20009 [1] pc=[0000000080001cb0] W[r15=0000000000000000][1] R[r13=0000000080002140] R[r 0=0000000000000000] inst=[0000669c] c.ld    a5, 8(a3)
C0:      20011 [1] pc=[0000000080001cb2] W[r 0=0000000000000000][0] R[r15=0000000000000000] R[r 0=0000000000000000] inst=[0000dffd] c.beqz  a5, pc - 2
C0:      20012 [1] pc=[0000000080001cb0] W[r15=0000000000000000][1] R[r13=0000000080002140] R[r 0=0000000000000000] inst=[0000669c] c.ld    a5, 8(a3)
C0:      20014 [1] pc=[0000000080001cb2] W[r 0=0000000000000000][0] R[r15=0000000000000000] R[r 0=0000000000000000] inst=[0000dffd] c.beqz  a5, pc - 2
C0:      20015 [1] pc=[0000000080001cb0] W[r15=0000000000000000][1] R[r13=0000000080002140] R[r 0=0000000000000000] inst=[0000669c] c.ld    a5, 8(a3)
C0:      20017 [1] pc=[0000000080001cb2] W[r 0=0000000000000000][0] R[r15=0000000000000000] R[r 0=0000000000000000] inst=[0000dffd] c.beqz  a5, pc - 2
C0:      20018 [1] pc=[0000000080001cb0] W[r15=0000000000000000][1] R[r13=0000000080002140] R[r 0=0000000000000000] inst=[0000669c] c.ld    a5, 8(a3)
C0:      20020 [1] pc=[0000000080001cb2] W[r 0=0000000000000000][0] R[r15=0000000000000000] R[r 0=0000000000000000] inst=[0000dffd] c.beqz  a5, pc - 2
C0:      20021 [1] pc=[0000000080001cb0] W[r15=0000000000000000][1] R[r13=0000000080002140] R[r 0=0000000000000000] inst=[0000669c] c.ld    a5, 8(a3)
C0:      20023 [1] pc=[0000000080001cb2] W[r 0=0000000000000000][0] R[r15=0000000000000000] R[r 0=0000000000000000] inst=[0000dffd] c.beqz  a5, pc - 2
C0:      20024 [1] pc=[0000000080001cb0] W[r15=0000000000000000][1] R[r13=0000000080002140] R[r 0=0000000000000000] inst=[0000669c] c.ld    a5, 8(a3)
C0:      20026 [1] pc=[0000000080001cb2] W[r 0=0000000000000000][0] R[r15=0000000000000000] R[r 0=0000000000000000] inst=[0000dffd] c.beqz  a5, pc - 2
C0:      20027 [1] pc=[0000000080001cb0] W[r15=0000000000000000][1] R[r13=0000000080002140] R[r 0=0000000000000000] inst=[0000669c] c.ld    a5, 8(a3)
C0:      20029 [1] pc=[0000000080001cb2] W[r 0=0000000000000000][0] R[r15=0000000000000000] R[r 0=0000000000000000] inst=[0000dffd] c.beqz  a5, pc - 2
C0:      20030 [1] pc=[0000000080001cb0] W[r15=0000000000000000][1] R[r13=0000000080002140] R[r 0=0000000000000000] inst=[0000669c] c.ld    a5, 8(a3)
C0:      20032 [1] pc=[0000000080001cb2] W[r 0=0000000000000000][0] R[r15=0000000000000000] R[r 0=0000000000000000] inst=[0000dffd] c.beqz  a5, pc - 2
C0:      20033 [1] pc=[0000000080001cb0] W[r15=0000000000000000][1] R[r13=0000000080002140] R[r 0=0000000000000000] inst=[0000669c] c.ld    a5, 8(a3)
C0:      20035 [1] pc=[0000000080001cb2] W[r 0=0000000000000000][0] R[r15=0000000000000000] R[r 0=0000000000000000] inst=[0000dffd] c.beqz  a5, pc - 2
C0:      20036 [1] pc=[0000000080001cb0] W[r15=0000000000000000][1] R[r13=0000000080002140] R[r 0=0000000000000000] inst=[0000669c] c.ld    a5, 8(a3)
C0:      20038 [1] pc=[0000000080001cb2] W[r 0=0000000000000000][0] R[r15=0000000000000000] R[r 0=0000000000000000] inst=[0000dffd] c.beqz  a5, pc - 2
C0:      20039 [1] pc=[0000000080001cb0] W[r15=0000000000000000][1] R[r13=0000000080002140] R[r 0=0000000000000000] inst=[0000669c] c.ld    a5, 8(a3)
C0:      20041 [1] pc=[0000000080001cb2] W[r 0=0000000000000000][0] R[r15=0000000000000000] R[r 0=0000000000000000] inst=[0000dffd] c.beqz  a5, pc - 2
C0:      20042 [1] pc=[0000000080001cb0] W[r15=0000000000000000][1] R[r13=0000000080002140] R[r 0=0000000000000000] inst=[0000669c] c.ld    a5, 8(a3)
C0:      20044 [1] pc=[0000000080001cb2] W[r 0=0000000000000000][0] R[r15=0000000000000000] R[r 0=0000000000000000] inst=[0000dffd] c.beqz  a5, pc - 2
C0:      20045 [1] pc=[0000000080001cb0] W[r15=0000000000000000][1] R[r13=0000000080002140] R[r 0=0000000000000000] inst=[0000669c] c.ld    a5, 8(a3)
C0:      20047 [1] pc=[0000000080001cb2] W[r 0=0000000000000000][0] R[r15=0000000000000000] R[r 0=0000000000000000] inst=[0000dffd] c.beqz  a5, pc - 2
C0:      20048 [1] pc=[0000000080001cb0] W[r15=0000000000000000][1] R[r13=0000000080002140] R[r 0=0000000000000000] inst=[0000669c] c.ld    a5, 8(a3)
C0:      20050 [1] pc=[0000000080001cb2] W[r 0=0000000000000000][0] R[r15=0000000000000000] R[r 0=0000000000000000] inst=[0000dffd] c.beqz  a5, pc - 2
C0:      20051 [1] pc=[0000000080001cb0] W[r15=0000000000000000][1] R[r13=0000000080002140] R[r 0=0000000000000000] inst=[0000669c] c.ld    a5, 8(a3)
C0:      20053 [1] pc=[0000000080001cb2] W[r 0=0000000000000000][0] R[r15=0000000000000000] R[r 0=0000000000000000] inst=[0000dffd] c.beqz  a5, pc - 2
C0:      20054 [1] pc=[0000000080001cb0] W[r15=0000000000000000][1] R[r13=0000000080002140] R[r 0=0000000000000000] inst=[0000669c] c.ld    a5, 8(a3)
C0:      20056 [1] pc=[0000000080001cb2] W[r 0=0000000000000000][0] R[r15=0000000000000000] R[r 0=0000000000000000] inst=[0000dffd] c.beqz  a5, pc - 2
C0:      20057 [1] pc=[0000000080001cb0] W[r15=0000000000000000][1] R[r13=0000000080002140] R[r 0=0000000000000000] inst=[0000669c] c.ld    a5, 8(a3)
C0:      20059 [1] pc=[0000000080001cb2] W[r 0=0000000000000000][0] R[r15=0000000000000000] R[r 0=0000000000000000] inst=[0000dffd] c.beqz  a5, pc - 2
C0:      20060 [1] pc=[0000000080001cb0] W[r15=0000000000000000][1] R[r13=0000000080002140] R[r 0=0000000000000000] inst=[0000669c] c.ld    a5, 8(a3)
C0:      20062 [1] pc=[0000000080001cb2] W[r 0=0000000000000000][0] R[r15=0000000000000000] R[r 0=0000000000000000] inst=[0000dffd] c.beqz  a5, pc - 2
C0:      20063 [1] pc=[0000000080001cb0] W[r15=0000000000000000][1] R[r13=0000000080002140] R[r 0=0000000000000000] inst=[0000669c] c.ld    a5, 8(a3)
C0:      20065 [1] pc=[0000000080001cb2] W[r 0=0000000000000000][0] R[r15=0000000000000000] R[r 0=0000000000000000] inst=[0000dffd] c.beqz  a5, pc - 2
C0:      20066 [1] pc=[0000000080001cb0] W[r15=0000000000000000][1] R[r13=0000000080002140] R[r 0=0000000000000000] inst=[0000669c] c.ld    a5, 8(a3)
C0:      20068 [1] pc=[0000000080001cb2] W[r 0=0000000000000000][0] R[r15=0000000000000000] R[r 0=0000000000000000] inst=[0000dffd] c.beqz  a5, pc - 2
C0:      20069 [1] pc=[0000000080001cb0] W[r15=0000000000000000][1] R[r13=0000000080002140] R[r 0=0000000000000000] inst=[0000669c] c.ld    a5, 8(a3)
C0:      20071 [1] pc=[0000000080001cb2] W[r 0=0000000000000000][0] R[r15=0000000000000000] R[r 0=0000000000000000] inst=[0000dffd] c.beqz  a5, pc - 2
C0:      20072 [1] pc=[0000000080001cb0] W[r15=0000000000000000][1] R[r13=0000000080002140] R[r 0=0000000000000000] inst=[0000669c] c.ld    a5, 8(a3)
C0:      20074 [1] pc=[0000000080001cb2] W[r 0=0000000000000000][0] R[r15=0000000000000000] R[r 0=0000000000000000] inst=[0000dffd] c.beqz  a5, pc - 2
C0:      20075 [1] pc=[0000000080001cb0] W[r15=0000000000000000][1] R[r13=0000000080002140] R[r 0=0000000000000000] inst=[0000669c] c.ld    a5, 8(a3)
C0:      20077 [1] pc=[0000000080001cb2] W[r 0=0000000000000000][0] R[r15=0000000000000000] R[r 0=0000000000000000] inst=[0000dffd] c.beqz  a5, pc - 2
C0:      20078 [1] pc=[0000000080001cb0] W[r15=0000000000000000][1] R[r13=0000000080002140] R[r 0=0000000000000000] inst=[0000669c] c.ld    a5, 8(a3)
C0:      20080 [1] pc=[0000000080001cb2] W[r 0=0000000000000000][0] R[r15=0000000000000000] R[r 0=0000000000000000] inst=[0000dffd] c.beqz  a5, pc - 2
C0:      20081 [1] pc=[0000000080001cb0] W[r15=0000000000000000][1] R[r13=0000000080002140] R[r 0=0000000000000000] inst=[0000669c] c.ld    a5, 8(a3)
C0:      20083 [1] pc=[0000000080001cb2] W[r 0=0000000000000000][0] R[r15=0000000000000000] R[r 0=0000000000000000] inst=[0000dffd] c.beqz  a5, pc - 2
C0:      20084 [1] pc=[0000000080001cb0] W[r15=0000000000000000][1] R[r13=0000000080002140] R[r 0=0000000000000000] inst=[0000669c] c.ld    a5, 8(a3)
C0:      20086 [1] pc=[0000000080001cb2] W[r 0=0000000000000000][0] R[r15=0000000000000000] R[r 0=0000000000000000] inst=[0000dffd] c.beqz  a5, pc - 2
C0:      20087 [1] pc=[0000000080001cb0] W[r15=0000000000000000][1] R[r13=0000000080002140] R[r 0=0000000000000000] inst=[0000669c] c.ld    a5, 8(a3)
C0:      20089 [1] pc=[0000000080001cb2] W[r 0=0000000000000000][0] R[r15=0000000000000000] R[r 0=0000000000000000] inst=[0000dffd] c.beqz  a5, pc - 2
C0:      20090 [1] pc=[0000000080001cb0] W[r15=0000000000000000][1] R[r13=0000000080002140] R[r 0=0000000000000000] inst=[0000669c] c.ld    a5, 8(a3)
C0:      20092 [1] pc=[0000000080001cb2] W[r 0=0000000000000000][0] R[r15=0000000000000000] R[r 0=0000000000000000] inst=[0000dffd] c.beqz  a5, pc - 2
C0:      20093 [1] pc=[0000000080001cb0] W[r15=0000000000000000][1] R[r13=0000000080002140] R[r 0=0000000000000000] inst=[0000669c] c.ld    a5, 8(a3)
C0:      20095 [1] pc=[0000000080001cb2] W[r 0=0000000000000000][0] R[r15=0000000000000000] R[r 0=0000000000000000] inst=[0000dffd] c.beqz  a5, pc - 2
C0:      20096 [1] pc=[0000000080001cb0] W[r15=0000000000000000][1] R[r13=0000000080002140] R[r 0=0000000000000000] inst=[0000669c] c.ld    a5, 8(a3)
C0:      20098 [1] pc=[0000000080001cb2] W[r 0=0000000000000000][0] R[r15=0000000000000000] R[r 0=0000000000000000] inst=[0000dffd] c.beqz  a5, pc - 2
C0:      20099 [1] pc=[0000000080001cb0] W[r15=0000000000000000][1] R[r13=0000000080002140] R[r 0=0000000000000000] inst=[0000669c] c.ld    a5, 8(a3)
C0:      20101 [1] pc=[0000000080001cb2] W[r 0=0000000000000000][0] R[r15=0000000000000000] R[r 0=0000000000000000] inst=[0000dffd] c.beqz  a5, pc - 2
C0:      20102 [1] pc=[0000000080001cb0] W[r15=0000000000000000][1] R[r13=0000000080002140] R[r 0=0000000000000000] inst=[0000669c] c.ld    a5, 8(a3)
C0:      20104 [1] pc=[0000000080001cb2] W[r 0=0000000000000000][0] R[r15=0000000000000000] R[r 0=0000000000000000] inst=[0000dffd] c.beqz  a5, pc - 2
C0:      20105 [1] pc=[0000000080001cb0] W[r15=0000000000000000][1] R[r13=0000000080002140] R[r 0=0000000000000000] inst=[0000669c] c.ld    a5, 8(a3)
C0:      20107 [1] pc=[0000000080001cb2] W[r 0=0000000000000000][0] R[r15=0000000000000000] R[r 0=0000000000000000] inst=[0000dffd] c.beqz  a5, pc - 2
C0:      20108 [1] pc=[0000000080001cb0] W[r15=0000000000000000][1] R[r13=0000000080002140] R[r 0=0000000000000000] inst=[0000669c] c.ld    a5, 8(a3)
C0:      20110 [1] pc=[0000000080001cb2] W[r 0=0000000000000000][0] R[r15=0000000000000000] R[r 0=0000000000000000] inst=[0000dffd] c.beqz  a5, pc - 2
C0:      20111 [1] pc=[0000000080001cb0] W[r15=0000000000000000][1] R[r13=0000000080002140] R[r 0=0000000000000000] inst=[0000669c] c.ld    a5, 8(a3)
C0:      20113 [1] pc=[0000000080001cb2] W[r 0=0000000000000000][0] R[r15=0000000000000000] R[r 0=0000000000000000] inst=[0000dffd] c.beqz  a5, pc - 2
C0:      20114 [1] pc=[0000000080001cb0] W[r15=0000000000000000][1] R[r13=0000000080002140] R[r 0=0000000000000000] inst=[0000669c] c.ld    a5, 8(a3)
C0:      20116 [1] pc=[0000000080001cb2] W[r 0=0000000000000000][0] R[r15=0000000000000000] R[r 0=0000000000000000] inst=[0000dffd] c.beqz  a5, pc - 2
C0:      20117 [1] pc=[0000000080001cb0] W[r15=0000000000000000][1] R[r13=0000000080002140] R[r 0=0000000000000000] inst=[0000669c] c.ld    a5, 8(a3)
C0:      20119 [1] pc=[0000000080001cb2] W[r 0=0000000000000000][0] R[r15=0000000000000000] R[r 0=0000000000000000] inst=[0000dffd] c.beqz  a5, pc - 2
C0:      20120 [1] pc=[0000000080001cb0] W[r15=0000000000000000][1] R[r13=0000000080002140] R[r 0=0000000000000000] inst=[0000669c] c.ld    a5, 8(a3)
C0:      20122 [1] pc=[0000000080001cb2] W[r 0=0000000000000000][0] R[r15=0000000000000000] R[r 0=0000000000000000] inst=[0000dffd] c.beqz  a5, pc - 2
C0:      20123 [1] pc=[0000000080001cb0] W[r15=0000000000000000][1] R[r13=0000000080002140] R[r 0=0000000000000000] inst=[0000669c] c.ld    a5, 8(a3)
C0:      20125 [1] pc=[0000000080001cb2] W[r 0=0000000000000000][0] R[r15=0000000000000000] R[r 0=0000000000000000] inst=[0000dffd] c.beqz  a5, pc - 2
C0:      20126 [1] pc=[0000000080001cb0] W[r15=0000000000000000][1] R[r13=0000000080002140] R[r 0=0000000000000000] inst=[0000669c] c.ld    a5, 8(a3)
C0:      20128 [1] pc=[0000000080001cb2] W[r 0=0000000000000000][0] R[r15=0000000000000000] R[r 0=0000000000000000] inst=[0000dffd] c.beqz  a5, pc - 2
C0:      20129 [1] pc=[0000000080001cb0] W[r15=0000000000000000][1] R[r13=0000000080002140] R[r 0=0000000000000000] inst=[0000669c] c.ld    a5, 8(a3)
C0:      20131 [1] pc=[0000000080001cb2] W[r 0=0000000000000000][0] R[r15=0000000000000000] R[r 0=0000000000000000] inst=[0000dffd] c.beqz  a5, pc - 2
C0:      20132 [1] pc=[0000000080001cb0] W[r15=0000000000000000][1] R[r13=0000000080002140] R[r 0=0000000000000000] inst=[0000669c] c.ld    a5, 8(a3)
C0:      20134 [1] pc=[0000000080001cb2] W[r 0=0000000000000000][0] R[r15=0000000000000000] R[r 0=0000000000000000] inst=[0000dffd] c.beqz  a5, pc - 2
C0:      20135 [1] pc=[0000000080001cb0] W[r15=0000000000000000][1] R[r13=0000000080002140] R[r 0=0000000000000000] inst=[0000669c] c.ld    a5, 8(a3)
C0:      20137 [1] pc=[0000000080001cb2] W[r 0=0000000000000000][0] R[r15=0000000000000000] R[r 0=0000000000000000] inst=[0000dffd] c.beqz  a5, pc - 2
C0:      20138 [1] pc=[0000000080001cb0] W[r15=0000000000000000][1] R[r13=0000000080002140] R[r 0=0000000000000000] inst=[0000669c] c.ld    a5, 8(a3)
C0:      20140 [1] pc=[0000000080001cb2] W[r 0=0000000000000000][0] R[r15=0000000000000000] R[r 0=0000000000000000] inst=[0000dffd] c.beqz  a5, pc - 2
C0:      20141 [1] pc=[0000000080001cb0] W[r15=0000000000000000][1] R[r13=0000000080002140] R[r 0=0000000000000000] inst=[0000669c] c.ld    a5, 8(a3)
C0:      20143 [1] pc=[0000000080001cb2] W[r 0=0000000000000000][0] R[r15=0000000000000000] R[r 0=0000000000000000] inst=[0000dffd] c.beqz  a5, pc - 2
C0:      20144 [1] pc=[0000000080001cb0] W[r15=0000000000000000][1] R[r13=0000000080002140] R[r 0=0000000000000000] inst=[0000669c] c.ld    a5, 8(a3)
C0:      20146 [1] pc=[0000000080001cb2] W[r 0=0000000000000000][0] R[r15=0000000000000000] R[r 0=0000000000000000] inst=[0000dffd] c.beqz  a5, pc - 2
C0:      20147 [1] pc=[0000000080001cb0] W[r15=0000000000000000][1] R[r13=0000000080002140] R[r 0=0000000000000000] inst=[0000669c] c.ld    a5, 8(a3)
C0:      20149 [1] pc=[0000000080001cb2] W[r 0=0000000000000000][0] R[r15=0000000000000000] R[r 0=0000000000000000] inst=[0000dffd] c.beqz  a5, pc - 2
C0:      20150 [1] pc=[0000000080001cb0] W[r15=0000000000000000][1] R[r13=0000000080002140] R[r 0=0000000000000000] inst=[0000669c] c.ld    a5, 8(a3)
C0:      20152 [1] pc=[0000000080001cb2] W[r 0=0000000000000000][0] R[r15=0000000000000000] R[r 0=0000000000000000] inst=[0000dffd] c.beqz  a5, pc - 2
C0:      20153 [1] pc=[0000000080001cb0] W[r15=0000000000000000][1] R[r13=0000000080002140] R[r 0=0000000000000000] inst=[0000669c] c.ld    a5, 8(a3)
C0:      20155 [1] pc=[0000000080001cb2] W[r 0=0000000000000000][0] R[r15=0000000000000000] R[r 0=0000000000000000] inst=[0000dffd] c.beqz  a5, pc - 2
C0:      20156 [1] pc=[0000000080001cb0] W[r15=0000000000000000][1] R[r13=0000000080002140] R[r 0=0000000000000000] inst=[0000669c] c.ld    a5, 8(a3)
C0:      20158 [1] pc=[0000000080001cb2] W[r 0=0000000000000000][0] R[r15=0000000000000000] R[r 0=0000000000000000] inst=[0000dffd] c.beqz  a5, pc - 2
C0:      20159 [1] pc=[0000000080001cb0] W[r15=0000000000000000][1] R[r13=0000000080002140] R[r 0=0000000000000000] inst=[0000669c] c.ld    a5, 8(a3)
C0:      20161 [1] pc=[0000000080001cb2] W[r 0=0000000000000000][0] R[r15=0000000000000000] R[r 0=0000000000000000] inst=[0000dffd] c.beqz  a5, pc - 2
C0:      20162 [1] pc=[0000000080001cb0] W[r15=0000000000000000][1] R[r13=0000000080002140] R[r 0=0000000000000000] inst=[0000669c] c.ld    a5, 8(a3)
C0:      20164 [1] pc=[0000000080001cb2] W[r 0=0000000000000000][0] R[r15=0000000000000000] R[r 0=0000000000000000] inst=[0000dffd] c.beqz  a5, pc - 2
C0:      20165 [1] pc=[0000000080001cb0] W[r15=0000000000000000][1] R[r13=0000000080002140] R[r 0=0000000000000000] inst=[0000669c] c.ld    a5, 8(a3)
C0:      20167 [1] pc=[0000000080001cb2] W[r 0=0000000000000000][0] R[r15=0000000000000000] R[r 0=0000000000000000] inst=[0000dffd] c.beqz  a5, pc - 2
C0:      20168 [1] pc=[0000000080001cb0] W[r15=0000000000000000][1] R[r13=0000000080002140] R[r 0=0000000000000000] inst=[0000669c] c.ld    a5, 8(a3)
C0:      20170 [1] pc=[0000000080001cb2] W[r 0=0000000000000000][0] R[r15=0000000000000000] R[r 0=0000000000000000] inst=[0000dffd] c.beqz  a5, pc - 2
C0:      20171 [1] pc=[0000000080001cb0] W[r15=0000000000000000][1] R[r13=0000000080002140] R[r 0=0000000000000000] inst=[0000669c] c.ld    a5, 8(a3)
C0:      20173 [1] pc=[0000000080001cb2] W[r 0=0000000000000000][0] R[r15=0000000000000000] R[r 0=0000000000000000] inst=[0000dffd] c.beqz  a5, pc - 2
C0:      20174 [1] pc=[0000000080001cb0] W[r15=0000000000000000][1] R[r13=0000000080002140] R[r 0=0000000000000000] inst=[0000669c] c.ld    a5, 8(a3)
C0:      20176 [1] pc=[0000000080001cb2] W[r 0=0000000000000000][0] R[r15=0000000000000000] R[r 0=0000000000000000] inst=[0000dffd] c.beqz  a5, pc - 2
C0:      20177 [1] pc=[0000000080001cb0] W[r15=0000000000000000][1] R[r13=0000000080002140] R[r 0=0000000000000000] inst=[0000669c] c.ld    a5, 8(a3)
C0:      20179 [1] pc=[0000000080001cb2] W[r 0=0000000000000000][0] R[r15=0000000000000000] R[r 0=0000000000000000] inst=[0000dffd] c.beqz  a5, pc - 2
C0:      20180 [1] pc=[0000000080001cb0] W[r15=0000000000000000][1] R[r13=0000000080002140] R[r 0=0000000000000000] inst=[0000669c] c.ld    a5, 8(a3)
C0:      20182 [1] pc=[0000000080001cb2] W[r 0=0000000000000000][0] R[r15=0000000000000000] R[r 0=0000000000000000] inst=[0000dffd] c.beqz  a5, pc - 2
C0:      20183 [1] pc=[0000000080001cb0] W[r15=0000000000000000][1] R[r13=0000000080002140] R[r 0=0000000000000000] inst=[0000669c] c.ld    a5, 8(a3)
C0:      20185 [1] pc=[0000000080001cb2] W[r 0=0000000000000000][0] R[r15=0000000000000000] R[r 0=0000000000000000] inst=[0000dffd] c.beqz  a5, pc - 2
C0:      20186 [1] pc=[0000000080001cb0] W[r15=0000000000000000][1] R[r13=0000000080002140] R[r 0=0000000000000000] inst=[0000669c] c.ld    a5, 8(a3)
C0:      20188 [1] pc=[0000000080001cb2] W[r 0=0000000000000000][0] R[r15=0000000000000000] R[r 0=0000000000000000] inst=[0000dffd] c.beqz  a5, pc - 2
C0:      20189 [1] pc=[0000000080001cb0] W[r15=0000000000000000][1] R[r13=0000000080002140] R[r 0=0000000000000000] inst=[0000669c] c.ld    a5, 8(a3)
C0:      20191 [1] pc=[0000000080001cb2] W[r 0=0000000000000000][0] R[r15=0000000000000000] R[r 0=0000000000000000] inst=[0000dffd] c.beqz  a5, pc - 2
C0:      20192 [1] pc=[0000000080001cb0] W[r15=0000000000000000][1] R[r13=0000000080002140] R[r 0=0000000000000000] inst=[0000669c] c.ld    a5, 8(a3)
C0:      20194 [1] pc=[0000000080001cb2] W[r 0=0000000000000000][0] R[r15=0000000000000000] R[r 0=0000000000000000] inst=[0000dffd] c.beqz  a5, pc - 2
C0:      20200 [1] pc=[0000000080001cb0] W[r15=0000000000000000][1] R[r13=0000000080002140] R[r 0=0000000000000000] inst=[0000669c] c.ld    a5, 8(a3)
C0:      20202 [1] pc=[0000000080001cb2] W[r 0=0000000000000000][0] R[r15=0000000000000000] R[r 0=0000000000000000] inst=[0000dffd] c.beqz  a5, pc - 2
C0:      20203 [1] pc=[0000000080001cb0] W[r15=0000000000000000][1] R[r13=0000000080002140] R[r 0=0000000000000000] inst=[0000669c] c.ld    a5, 8(a3)
C0:      20205 [1] pc=[0000000080001cb2] W[r 0=0000000000000000][0] R[r15=0000000000000000] R[r 0=0000000000000000] inst=[0000dffd] c.beqz  a5, pc - 2
C0:      20206 [1] pc=[0000000080001cb0] W[r15=0000000000000000][1] R[r13=0000000080002140] R[r 0=0000000000000000] inst=[0000669c] c.ld    a5, 8(a3)
C0:      20208 [1] pc=[0000000080001cb2] W[r 0=0000000000000000][0] R[r15=0000000000000000] R[r 0=0000000000000000] inst=[0000dffd] c.beqz  a5, pc - 2
C0:      20209 [1] pc=[0000000080001cb0] W[r15=0000000000000000][1] R[r13=0000000080002140] R[r 0=0000000000000000] inst=[0000669c] c.ld    a5, 8(a3)
C0:      20211 [1] pc=[0000000080001cb2] W[r 0=0000000000000000][0] R[r15=0000000000000000] R[r 0=0000000000000000] inst=[0000dffd] c.beqz  a5, pc - 2
C0:      20212 [1] pc=[0000000080001cb0] W[r15=0000000000000000][1] R[r13=0000000080002140] R[r 0=0000000000000000] inst=[0000669c] c.ld    a5, 8(a3)
C0:      20214 [1] pc=[0000000080001cb2] W[r 0=0000000000000000][0] R[r15=0000000000000000] R[r 0=0000000000000000] inst=[0000dffd] c.beqz  a5, pc - 2
C0:      20215 [1] pc=[0000000080001cb0] W[r15=0000000000000000][1] R[r13=0000000080002140] R[r 0=0000000000000000] inst=[0000669c] c.ld    a5, 8(a3)
C0:      20217 [1] pc=[0000000080001cb2] W[r 0=0000000000000000][0] R[r15=0000000000000000] R[r 0=0000000000000000] inst=[0000dffd] c.beqz  a5, pc - 2
C0:      20218 [1] pc=[0000000080001cb0] W[r15=0000000000000000][1] R[r13=0000000080002140] R[r 0=0000000000000000] inst=[0000669c] c.ld    a5, 8(a3)
C0:      20220 [1] pc=[0000000080001cb2] W[r 0=0000000000000000][0] R[r15=0000000000000000] R[r 0=0000000000000000] inst=[0000dffd] c.beqz  a5, pc - 2
C0:      20221 [1] pc=[0000000080001cb0] W[r15=0000000000000000][1] R[r13=0000000080002140] R[r 0=0000000000000000] inst=[0000669c] c.ld    a5, 8(a3)
C0:      20223 [1] pc=[0000000080001cb2] W[r 0=0000000000000000][0] R[r15=0000000000000000] R[r 0=0000000000000000] inst=[0000dffd] c.beqz  a5, pc - 2
C0:      20224 [1] pc=[0000000080001cb0] W[r15=0000000000000000][1] R[r13=0000000080002140] R[r 0=0000000000000000] inst=[0000669c] c.ld    a5, 8(a3)
C0:      20226 [1] pc=[0000000080001cb2] W[r 0=0000000000000000][0] R[r15=0000000000000000] R[r 0=0000000000000000] inst=[0000dffd] c.beqz  a5, pc - 2
C0:      20227 [1] pc=[0000000080001cb0] W[r15=0000000000000000][1] R[r13=0000000080002140] R[r 0=0000000000000000] inst=[0000669c] c.ld    a5, 8(a3)
C0:      20229 [1] pc=[0000000080001cb2] W[r 0=0000000000000000][0] R[r15=0000000000000000] R[r 0=0000000000000000] inst=[0000dffd] c.beqz  a5, pc - 2
C0:      20230 [1] pc=[0000000080001cb0] W[r15=0000000000000000][1] R[r13=0000000080002140] R[r 0=0000000000000000] inst=[0000669c] c.ld    a5, 8(a3)
C0:      20232 [1] pc=[0000000080001cb2] W[r 0=0000000000000000][0] R[r15=0000000000000000] R[r 0=0000000000000000] inst=[0000dffd] c.beqz  a5, pc - 2
C0:      20233 [1] pc=[0000000080001cb0] W[r15=0000000000000000][1] R[r13=0000000080002140] R[r 0=0000000000000000] inst=[0000669c] c.ld    a5, 8(a3)
C0:      20235 [1] pc=[0000000080001cb2] W[r 0=0000000000000000][0] R[r15=0000000000000000] R[r 0=0000000000000000] inst=[0000dffd] c.beqz  a5, pc - 2
C0:      20236 [1] pc=[0000000080001cb0] W[r15=0000000000000000][1] R[r13=0000000080002140] R[r 0=0000000000000000] inst=[0000669c] c.ld    a5, 8(a3)
C0:      20238 [1] pc=[0000000080001cb2] W[r 0=0000000000000000][0] R[r15=0000000000000000] R[r 0=0000000000000000] inst=[0000dffd] c.beqz  a5, pc - 2
C0:      20239 [1] pc=[0000000080001cb0] W[r15=0000000000000000][1] R[r13=0000000080002140] R[r 0=0000000000000000] inst=[0000669c] c.ld    a5, 8(a3)
C0:      20241 [1] pc=[0000000080001cb2] W[r 0=0000000000000000][0] R[r15=0000000000000000] R[r 0=0000000000000000] inst=[0000dffd] c.beqz  a5, pc - 2
C0:      20242 [1] pc=[0000000080001cb0] W[r15=0000000000000000][1] R[r13=0000000080002140] R[r 0=0000000000000000] inst=[0000669c] c.ld    a5, 8(a3)
C0:      20244 [1] pc=[0000000080001cb2] W[r 0=0000000000000000][0] R[r15=0000000000000000] R[r 0=0000000000000000] inst=[0000dffd] c.beqz  a5, pc - 2
C0:      20245 [1] pc=[0000000080001cb0] W[r15=0000000000000000][1] R[r13=0000000080002140] R[r 0=0000000000000000] inst=[0000669c] c.ld    a5, 8(a3)
C0:      20247 [1] pc=[0000000080001cb2] W[r 0=0000000000000000][0] R[r15=0000000000000000] R[r 0=0000000000000000] inst=[0000dffd] c.beqz  a5, pc - 2
C0:      20248 [1] pc=[0000000080001cb0] W[r15=0000000000000000][1] R[r13=0000000080002140] R[r 0=0000000000000000] inst=[0000669c] c.ld    a5, 8(a3)
C0:      20250 [1] pc=[0000000080001cb2] W[r 0=0000000000000000][0] R[r15=0000000000000000] R[r 0=0000000000000000] inst=[0000dffd] c.beqz  a5, pc - 2
C0:      20251 [1] pc=[0000000080001cb0] W[r15=0000000000000000][1] R[r13=0000000080002140] R[r 0=0000000000000000] inst=[0000669c] c.ld    a5, 8(a3)
C0:      20253 [1] pc=[0000000080001cb2] W[r 0=0000000000000000][0] R[r15=0000000000000000] R[r 0=0000000000000000] inst=[0000dffd] c.beqz  a5, pc - 2
C0:      20254 [1] pc=[0000000080001cb0] W[r15=0000000000000000][1] R[r13=0000000080002140] R[r 0=0000000000000000] inst=[0000669c] c.ld    a5, 8(a3)
C0:      20256 [1] pc=[0000000080001cb2] W[r 0=0000000000000000][0] R[r15=0000000000000000] R[r 0=0000000000000000] inst=[0000dffd] c.beqz  a5, pc - 2
C0:      20257 [1] pc=[0000000080001cb0] W[r15=0000000000000000][1] R[r13=0000000080002140] R[r 0=0000000000000000] inst=[0000669c] c.ld    a5, 8(a3)
C0:      20259 [1] pc=[0000000080001cb2] W[r 0=0000000000000000][0] R[r15=0000000000000000] R[r 0=0000000000000000] inst=[0000dffd] c.beqz  a5, pc - 2
C0:      20260 [1] pc=[0000000080001cb0] W[r15=0000000000000000][1] R[r13=0000000080002140] R[r 0=0000000000000000] inst=[0000669c] c.ld    a5, 8(a3)
C0:      20262 [1] pc=[0000000080001cb2] W[r 0=0000000000000000][0] R[r15=0000000000000000] R[r 0=0000000000000000] inst=[0000dffd] c.beqz  a5, pc - 2
C0:      20263 [1] pc=[0000000080001cb0] W[r15=0000000000000000][1] R[r13=0000000080002140] R[r 0=0000000000000000] inst=[0000669c] c.ld    a5, 8(a3)
C0:      20265 [1] pc=[0000000080001cb2] W[r 0=0000000000000000][0] R[r15=0000000000000000] R[r 0=0000000000000000] inst=[0000dffd] c.beqz  a5, pc - 2
C0:      20266 [1] pc=[0000000080001cb0] W[r15=0000000000000000][1] R[r13=0000000080002140] R[r 0=0000000000000000] inst=[0000669c] c.ld    a5, 8(a3)
C0:      20268 [1] pc=[0000000080001cb2] W[r 0=0000000000000000][0] R[r15=0000000000000000] R[r 0=0000000000000000] inst=[0000dffd] c.beqz  a5, pc - 2
C0:      20269 [1] pc=[0000000080001cb0] W[r15=0000000000000000][1] R[r13=0000000080002140] R[r 0=0000000000000000] inst=[0000669c] c.ld    a5, 8(a3)
C0:      20271 [1] pc=[0000000080001cb2] W[r 0=0000000000000000][0] R[r15=0000000000000000] R[r 0=0000000000000000] inst=[0000dffd] c.beqz  a5, pc - 2
C0:      20272 [1] pc=[0000000080001cb0] W[r15=0000000000000000][1] R[r13=0000000080002140] R[r 0=0000000000000000] inst=[0000669c] c.ld    a5, 8(a3)
C0:      20274 [1] pc=[0000000080001cb2] W[r 0=0000000000000000][0] R[r15=0000000000000000] R[r 0=0000000000000000] inst=[0000dffd] c.beqz  a5, pc - 2
C0:      20275 [1] pc=[0000000080001cb0] W[r15=0000000000000000][1] R[r13=0000000080002140] R[r 0=0000000000000000] inst=[0000669c] c.ld    a5, 8(a3)
C0:      20277 [1] pc=[0000000080001cb2] W[r 0=0000000000000000][0] R[r15=0000000000000000] R[r 0=0000000000000000] inst=[0000dffd] c.beqz  a5, pc - 2
C0:      20278 [1] pc=[0000000080001cb0] W[r15=0000000000000000][1] R[r13=0000000080002140] R[r 0=0000000000000000] inst=[0000669c] c.ld    a5, 8(a3)
C0:      20280 [1] pc=[0000000080001cb2] W[r 0=0000000000000000][0] R[r15=0000000000000000] R[r 0=0000000000000000] inst=[0000dffd] c.beqz  a5, pc - 2
C0:      20281 [1] pc=[0000000080001cb0] W[r15=0000000000000000][1] R[r13=0000000080002140] R[r 0=0000000000000000] inst=[0000669c] c.ld    a5, 8(a3)
C0:      20283 [1] pc=[0000000080001cb2] W[r 0=0000000000000000][0] R[r15=0000000000000000] R[r 0=0000000000000000] inst=[0000dffd] c.beqz  a5, pc - 2
C0:      20284 [1] pc=[0000000080001cb0] W[r15=0000000000000000][1] R[r13=0000000080002140] R[r 0=0000000000000000] inst=[0000669c] c.ld    a5, 8(a3)
C0:      20286 [1] pc=[0000000080001cb2] W[r 0=0000000000000000][0] R[r15=0000000000000000] R[r 0=0000000000000000] inst=[0000dffd] c.beqz  a5, pc - 2
C0:      20287 [1] pc=[0000000080001cb0] W[r15=0000000000000000][1] R[r13=0000000080002140] R[r 0=0000000000000000] inst=[0000669c] c.ld    a5, 8(a3)
C0:      20289 [1] pc=[0000000080001cb2] W[r 0=0000000000000000][0] R[r15=0000000000000000] R[r 0=0000000000000000] inst=[0000dffd] c.beqz  a5, pc - 2
C0:      20290 [1] pc=[0000000080001cb0] W[r15=0000000000000000][1] R[r13=0000000080002140] R[r 0=0000000000000000] inst=[0000669c] c.ld    a5, 8(a3)
C0:      20292 [1] pc=[0000000080001cb2] W[r 0=0000000000000000][0] R[r15=0000000000000000] R[r 0=0000000000000000] inst=[0000dffd] c.beqz  a5, pc - 2
C0:      20293 [1] pc=[0000000080001cb0] W[r15=0000000000000000][1] R[r13=0000000080002140] R[r 0=0000000000000000] inst=[0000669c] c.ld    a5, 8(a3)
C0:      20295 [1] pc=[0000000080001cb2] W[r 0=0000000000000000][0] R[r15=0000000000000000] R[r 0=0000000000000000] inst=[0000dffd] c.beqz  a5, pc - 2
C0:      20296 [1] pc=[0000000080001cb0] W[r15=0000000000000000][1] R[r13=0000000080002140] R[r 0=0000000000000000] inst=[0000669c] c.ld    a5, 8(a3)
C0:      20298 [1] pc=[0000000080001cb2] W[r 0=0000000000000000][0] R[r15=0000000000000000] R[r 0=0000000000000000] inst=[0000dffd] c.beqz  a5, pc - 2
C0:      20299 [1] pc=[0000000080001cb0] W[r15=0000000000000000][1] R[r13=0000000080002140] R[r 0=0000000000000000] inst=[0000669c] c.ld    a5, 8(a3)
C0:      20301 [1] pc=[0000000080001cb2] W[r 0=0000000000000000][0] R[r15=0000000000000000] R[r 0=0000000000000000] inst=[0000dffd] c.beqz  a5, pc - 2
C0:      20302 [1] pc=[0000000080001cb0] W[r15=0000000000000000][1] R[r13=0000000080002140] R[r 0=0000000000000000] inst=[0000669c] c.ld    a5, 8(a3)
C0:      20304 [1] pc=[0000000080001cb2] W[r 0=0000000000000000][0] R[r15=0000000000000000] R[r 0=0000000000000000] inst=[0000dffd] c.beqz  a5, pc - 2
C0:      20305 [1] pc=[0000000080001cb0] W[r15=0000000000000000][1] R[r13=0000000080002140] R[r 0=0000000000000000] inst=[0000669c] c.ld    a5, 8(a3)
C0:      20307 [1] pc=[0000000080001cb2] W[r 0=0000000000000000][0] R[r15=0000000000000000] R[r 0=0000000000000000] inst=[0000dffd] c.beqz  a5, pc - 2
C0:      20308 [1] pc=[0000000080001cb0] W[r15=0000000000000000][1] R[r13=0000000080002140] R[r 0=0000000000000000] inst=[0000669c] c.ld    a5, 8(a3)
C0:      20310 [1] pc=[0000000080001cb2] W[r 0=0000000000000000][0] R[r15=0000000000000000] R[r 0=0000000000000000] inst=[0000dffd] c.beqz  a5, pc - 2
C0:      20311 [1] pc=[0000000080001cb0] W[r15=0000000000000000][1] R[r13=0000000080002140] R[r 0=0000000000000000] inst=[0000669c] c.ld    a5, 8(a3)
C0:      20313 [1] pc=[0000000080001cb2] W[r 0=0000000000000000][0] R[r15=0000000000000000] R[r 0=0000000000000000] inst=[0000dffd] c.beqz  a5, pc - 2
C0:      20314 [1] pc=[0000000080001cb0] W[r15=0000000000000000][1] R[r13=0000000080002140] R[r 0=0000000000000000] inst=[0000669c] c.ld    a5, 8(a3)
C0:      20316 [1] pc=[0000000080001cb2] W[r 0=0000000000000000][0] R[r15=0000000000000000] R[r 0=0000000000000000] inst=[0000dffd] c.beqz  a5, pc - 2
C0:      20317 [1] pc=[0000000080001cb0] W[r15=0000000000000000][1] R[r13=0000000080002140] R[r 0=0000000000000000] inst=[0000669c] c.ld    a5, 8(a3)
C0:      20319 [1] pc=[0000000080001cb2] W[r 0=0000000000000000][0] R[r15=0000000000000000] R[r 0=0000000000000000] inst=[0000dffd] c.beqz  a5, pc - 2
C0:      20320 [1] pc=[0000000080001cb0] W[r15=0000000000000000][1] R[r13=0000000080002140] R[r 0=0000000000000000] inst=[0000669c] c.ld    a5, 8(a3)
C0:      20322 [1] pc=[0000000080001cb2] W[r 0=0000000000000000][0] R[r15=0000000000000000] R[r 0=0000000000000000] inst=[0000dffd] c.beqz  a5, pc - 2
C0:      20323 [1] pc=[0000000080001cb0] W[r15=0000000000000000][1] R[r13=0000000080002140] R[r 0=0000000000000000] inst=[0000669c] c.ld    a5, 8(a3)
C0:      20325 [1] pc=[0000000080001cb2] W[r 0=0000000000000000][0] R[r15=0000000000000000] R[r 0=0000000000000000] inst=[0000dffd] c.beqz  a5, pc - 2
C0:      20326 [1] pc=[0000000080001cb0] W[r15=0000000000000000][1] R[r13=0000000080002140] R[r 0=0000000000000000] inst=[0000669c] c.ld    a5, 8(a3)
C0:      20328 [1] pc=[0000000080001cb2] W[r 0=0000000000000000][0] R[r15=0000000000000000] R[r 0=0000000000000000] inst=[0000dffd] c.beqz  a5, pc - 2
C0:      20329 [1] pc=[0000000080001cb0] W[r15=0000000000000000][1] R[r13=0000000080002140] R[r 0=0000000000000000] inst=[0000669c] c.ld    a5, 8(a3)
C0:      20331 [1] pc=[0000000080001cb2] W[r 0=0000000000000000][0] R[r15=0000000000000000] R[r 0=0000000000000000] inst=[0000dffd] c.beqz  a5, pc - 2
C0:      20332 [1] pc=[0000000080001cb0] W[r15=0000000000000000][1] R[r13=0000000080002140] R[r 0=0000000000000000] inst=[0000669c] c.ld    a5, 8(a3)
C0:      20334 [1] pc=[0000000080001cb2] W[r 0=0000000000000000][0] R[r15=0000000000000000] R[r 0=0000000000000000] inst=[0000dffd] c.beqz  a5, pc - 2
C0:      20335 [1] pc=[0000000080001cb0] W[r15=0000000000000000][1] R[r13=0000000080002140] R[r 0=0000000000000000] inst=[0000669c] c.ld    a5, 8(a3)
C0:      20337 [1] pc=[0000000080001cb2] W[r 0=0000000000000000][0] R[r15=0000000000000000] R[r 0=0000000000000000] inst=[0000dffd] c.beqz  a5, pc - 2
C0:      20338 [1] pc=[0000000080001cb0] W[r15=0000000000000000][1] R[r13=0000000080002140] R[r 0=0000000000000000] inst=[0000669c] c.ld    a5, 8(a3)
C0:      20340 [1] pc=[0000000080001cb2] W[r 0=0000000000000000][0] R[r15=0000000000000000] R[r 0=0000000000000000] inst=[0000dffd] c.beqz  a5, pc - 2
C0:      20341 [1] pc=[0000000080001cb0] W[r15=0000000000000000][1] R[r13=0000000080002140] R[r 0=0000000000000000] inst=[0000669c] c.ld    a5, 8(a3)
C0:      20343 [1] pc=[0000000080001cb2] W[r 0=0000000000000000][0] R[r15=0000000000000000] R[r 0=0000000000000000] inst=[0000dffd] c.beqz  a5, pc - 2
C0:      20344 [1] pc=[0000000080001cb0] W[r15=0000000000000000][1] R[r13=0000000080002140] R[r 0=0000000000000000] inst=[0000669c] c.ld    a5, 8(a3)
C0:      20346 [1] pc=[0000000080001cb2] W[r 0=0000000000000000][0] R[r15=0000000000000000] R[r 0=0000000000000000] inst=[0000dffd] c.beqz  a5, pc - 2
C0:      20347 [1] pc=[0000000080001cb0] W[r15=0000000000000000][1] R[r13=0000000080002140] R[r 0=0000000000000000] inst=[0000669c] c.ld    a5, 8(a3)
C0:      20349 [1] pc=[0000000080001cb2] W[r 0=0000000000000000][0] R[r15=0000000000000000] R[r 0=0000000000000000] inst=[0000dffd] c.beqz  a5, pc - 2
C0:      20350 [1] pc=[0000000080001cb0] W[r15=0000000000000000][1] R[r13=0000000080002140] R[r 0=0000000000000000] inst=[0000669c] c.ld    a5, 8(a3)
C0:      20352 [1] pc=[0000000080001cb2] W[r 0=0000000000000000][0] R[r15=0000000000000000] R[r 0=0000000000000000] inst=[0000dffd] c.beqz  a5, pc - 2
C0:      20353 [1] pc=[0000000080001cb0] W[r15=0000000000000000][1] R[r13=0000000080002140] R[r 0=0000000000000000] inst=[0000669c] c.ld    a5, 8(a3)
C0:      20355 [1] pc=[0000000080001cb2] W[r 0=0000000000000000][0] R[r15=0000000000000000] R[r 0=0000000000000000] inst=[0000dffd] c.beqz  a5, pc - 2
C0:      20356 [1] pc=[0000000080001cb0] W[r15=0000000000000000][1] R[r13=0000000080002140] R[r 0=0000000000000000] inst=[0000669c] c.ld    a5, 8(a3)
C0:      20358 [1] pc=[0000000080001cb2] W[r 0=0000000000000000][0] R[r15=0000000000000000] R[r 0=0000000000000000] inst=[0000dffd] c.beqz  a5, pc - 2
C0:      20359 [1] pc=[0000000080001cb0] W[r15=0000000000000000][1] R[r13=0000000080002140] R[r 0=0000000000000000] inst=[0000669c] c.ld    a5, 8(a3)
C0:      20361 [1] pc=[0000000080001cb2] W[r 0=0000000000000000][0] R[r15=0000000000000000] R[r 0=0000000000000000] inst=[0000dffd] c.beqz  a5, pc - 2
C0:      20362 [1] pc=[0000000080001cb0] W[r15=0000000000000000][1] R[r13=0000000080002140] R[r 0=0000000000000000] inst=[0000669c] c.ld    a5, 8(a3)
C0:      20364 [1] pc=[0000000080001cb2] W[r 0=0000000000000000][0] R[r15=0000000000000000] R[r 0=0000000000000000] inst=[0000dffd] c.beqz  a5, pc - 2
C0:      20365 [1] pc=[0000000080001cb0] W[r15=0000000000000000][1] R[r13=0000000080002140] R[r 0=0000000000000000] inst=[0000669c] c.ld    a5, 8(a3)
C0:      20367 [1] pc=[0000000080001cb2] W[r 0=0000000000000000][0] R[r15=0000000000000000] R[r 0=0000000000000000] inst=[0000dffd] c.beqz  a5, pc - 2
C0:      20368 [1] pc=[0000000080001cb0] W[r15=0000000000000000][1] R[r13=0000000080002140] R[r 0=0000000000000000] inst=[0000669c] c.ld    a5, 8(a3)
C0:      20370 [1] pc=[0000000080001cb2] W[r 0=0000000000000000][0] R[r15=0000000000000000] R[r 0=0000000000000000] inst=[0000dffd] c.beqz  a5, pc - 2
C0:      20371 [1] pc=[0000000080001cb0] W[r15=0000000000000000][1] R[r13=0000000080002140] R[r 0=0000000000000000] inst=[0000669c] c.ld    a5, 8(a3)
C0:      20373 [1] pc=[0000000080001cb2] W[r 0=0000000000000000][0] R[r15=0000000000000000] R[r 0=0000000000000000] inst=[0000dffd] c.beqz  a5, pc - 2
C0:      20374 [1] pc=[0000000080001cb0] W[r15=0000000000000000][1] R[r13=0000000080002140] R[r 0=0000000000000000] inst=[0000669c] c.ld    a5, 8(a3)
C0:      20376 [1] pc=[0000000080001cb2] W[r 0=0000000000000000][0] R[r15=0000000000000000] R[r 0=0000000000000000] inst=[0000dffd] c.beqz  a5, pc - 2
C0:      20377 [1] pc=[0000000080001cb0] W[r15=0000000000000000][1] R[r13=0000000080002140] R[r 0=0000000000000000] inst=[0000669c] c.ld    a5, 8(a3)
C0:      20379 [1] pc=[0000000080001cb2] W[r 0=0000000000000000][0] R[r15=0000000000000000] R[r 0=0000000000000000] inst=[0000dffd] c.beqz  a5, pc - 2
C0:      20380 [1] pc=[0000000080001cb0] W[r15=0000000000000000][1] R[r13=0000000080002140] R[r 0=0000000000000000] inst=[0000669c] c.ld    a5, 8(a3)
C0:      20382 [1] pc=[0000000080001cb2] W[r 0=0000000000000000][0] R[r15=0000000000000000] R[r 0=0000000000000000] inst=[0000dffd] c.beqz  a5, pc - 2
C0:      20383 [1] pc=[0000000080001cb0] W[r15=0000000000000000][1] R[r13=0000000080002140] R[r 0=0000000000000000] inst=[0000669c] c.ld    a5, 8(a3)
C0:      20385 [1] pc=[0000000080001cb2] W[r 0=0000000000000000][0] R[r15=0000000000000000] R[r 0=0000000000000000] inst=[0000dffd] c.beqz  a5, pc - 2
C0:      20386 [1] pc=[0000000080001cb0] W[r15=0000000000000000][1] R[r13=0000000080002140] R[r 0=0000000000000000] inst=[0000669c] c.ld    a5, 8(a3)
C0:      20388 [1] pc=[0000000080001cb2] W[r 0=0000000000000000][0] R[r15=0000000000000000] R[r 0=0000000000000000] inst=[0000dffd] c.beqz  a5, pc - 2
C0:      20389 [1] pc=[0000000080001cb0] W[r15=0000000000000000][1] R[r13=0000000080002140] R[r 0=0000000000000000] inst=[0000669c] c.ld    a5, 8(a3)
C0:      20391 [1] pc=[0000000080001cb2] W[r 0=0000000000000000][0] R[r15=0000000000000000] R[r 0=0000000000000000] inst=[0000dffd] c.beqz  a5, pc - 2
C0:      20392 [1] pc=[0000000080001cb0] W[r15=0000000000000000][1] R[r13=0000000080002140] R[r 0=0000000000000000] inst=[0000669c] c.ld    a5, 8(a3)
C0:      20394 [1] pc=[0000000080001cb2] W[r 0=0000000000000000][0] R[r15=0000000000000000] R[r 0=0000000000000000] inst=[0000dffd] c.beqz  a5, pc - 2
C0:      20395 [1] pc=[0000000080001cb0] W[r15=0000000000000000][1] R[r13=0000000080002140] R[r 0=0000000000000000] inst=[0000669c] c.ld    a5, 8(a3)
C0:      20397 [1] pc=[0000000080001cb2] W[r 0=0000000000000000][0] R[r15=0000000000000000] R[r 0=0000000000000000] inst=[0000dffd] c.beqz  a5, pc - 2
C0:      20398 [1] pc=[0000000080001cb0] W[r15=0000000000000000][1] R[r13=0000000080002140] R[r 0=0000000000000000] inst=[0000669c] c.ld    a5, 8(a3)
C0:      20400 [1] pc=[0000000080001cb2] W[r 0=0000000000000000][0] R[r15=0000000000000000] R[r 0=0000000000000000] inst=[0000dffd] c.beqz  a5, pc - 2
C0:      20401 [1] pc=[0000000080001cb0] W[r15=0000000000000000][1] R[r13=0000000080002140] R[r 0=0000000000000000] inst=[0000669c] c.ld    a5, 8(a3)
C0:      20403 [1] pc=[0000000080001cb2] W[r 0=0000000000000000][0] R[r15=0000000000000000] R[r 0=0000000000000000] inst=[0000dffd] c.beqz  a5, pc - 2
C0:      20404 [1] pc=[0000000080001cb0] W[r15=0000000000000000][1] R[r13=0000000080002140] R[r 0=0000000000000000] inst=[0000669c] c.ld    a5, 8(a3)
C0:      20406 [1] pc=[0000000080001cb2] W[r 0=0000000000000000][0] R[r15=0000000000000000] R[r 0=0000000000000000] inst=[0000dffd] c.beqz  a5, pc - 2
C0:      20407 [1] pc=[0000000080001cb0] W[r15=0000000000000000][1] R[r13=0000000080002140] R[r 0=0000000000000000] inst=[0000669c] c.ld    a5, 8(a3)
C0:      20409 [1] pc=[0000000080001cb2] W[r 0=0000000000000000][0] R[r15=0000000000000000] R[r 0=0000000000000000] inst=[0000dffd] c.beqz  a5, pc - 2
C0:      20410 [1] pc=[0000000080001cb0] W[r15=0000000000000000][1] R[r13=0000000080002140] R[r 0=0000000000000000] inst=[0000669c] c.ld    a5, 8(a3)
C0:      20412 [1] pc=[0000000080001cb2] W[r 0=0000000000000000][0] R[r15=0000000000000000] R[r 0=0000000000000000] inst=[0000dffd] c.beqz  a5, pc - 2
C0:      20413 [1] pc=[0000000080001cb0] W[r15=0000000000000000][1] R[r13=0000000080002140] R[r 0=0000000000000000] inst=[0000669c] c.ld    a5, 8(a3)
C0:      20415 [1] pc=[0000000080001cb2] W[r 0=0000000000000000][0] R[r15=0000000000000000] R[r 0=0000000000000000] inst=[0000dffd] c.beqz  a5, pc - 2
C0:      20416 [1] pc=[0000000080001cb0] W[r15=0000000000000000][1] R[r13=0000000080002140] R[r 0=0000000000000000] inst=[0000669c] c.ld    a5, 8(a3)
C0:      20418 [1] pc=[0000000080001cb2] W[r 0=0000000000000000][0] R[r15=0000000000000000] R[r 0=0000000000000000] inst=[0000dffd] c.beqz  a5, pc - 2
C0:      20419 [1] pc=[0000000080001cb0] W[r15=0000000000000000][1] R[r13=0000000080002140] R[r 0=0000000000000000] inst=[0000669c] c.ld    a5, 8(a3)
C0:      20421 [1] pc=[0000000080001cb2] W[r 0=0000000000000000][0] R[r15=0000000000000000] R[r 0=0000000000000000] inst=[0000dffd] c.beqz  a5, pc - 2
C0:      20422 [1] pc=[0000000080001cb0] W[r15=0000000000000000][1] R[r13=0000000080002140] R[r 0=0000000000000000] inst=[0000669c] c.ld    a5, 8(a3)
C0:      20424 [1] pc=[0000000080001cb2] W[r 0=0000000000000000][0] R[r15=0000000000000000] R[r 0=0000000000000000] inst=[0000dffd] c.beqz  a5, pc - 2
C0:      20425 [1] pc=[0000000080001cb0] W[r15=0000000000000000][1] R[r13=0000000080002140] R[r 0=0000000000000000] inst=[0000669c] c.ld    a5, 8(a3)
C0:      20427 [1] pc=[0000000080001cb2] W[r 0=0000000000000000][0] R[r15=0000000000000000] R[r 0=0000000000000000] inst=[0000dffd] c.beqz  a5, pc - 2
C0:      20428 [1] pc=[0000000080001cb0] W[r15=0000000000000000][1] R[r13=0000000080002140] R[r 0=0000000000000000] inst=[0000669c] c.ld    a5, 8(a3)
C0:      20430 [1] pc=[0000000080001cb2] W[r 0=0000000000000000][0] R[r15=0000000000000000] R[r 0=0000000000000000] inst=[0000dffd] c.beqz  a5, pc - 2
C0:      20431 [1] pc=[0000000080001cb0] W[r15=0000000000000000][1] R[r13=0000000080002140] R[r 0=0000000000000000] inst=[0000669c] c.ld    a5, 8(a3)
C0:      20433 [1] pc=[0000000080001cb2] W[r 0=0000000000000000][0] R[r15=0000000000000000] R[r 0=0000000000000000] inst=[0000dffd] c.beqz  a5, pc - 2
C0:      20434 [1] pc=[0000000080001cb0] W[r15=0000000000000000][1] R[r13=0000000080002140] R[r 0=0000000000000000] inst=[0000669c] c.ld    a5, 8(a3)
C0:      20436 [1] pc=[0000000080001cb2] W[r 0=0000000000000000][0] R[r15=0000000000000000] R[r 0=0000000000000000] inst=[0000dffd] c.beqz  a5, pc - 2
C0:      20437 [1] pc=[0000000080001cb0] W[r15=0000000000000000][1] R[r13=0000000080002140] R[r 0=0000000000000000] inst=[0000669c] c.ld    a5, 8(a3)
C0:      20439 [1] pc=[0000000080001cb2] W[r 0=0000000000000000][0] R[r15=0000000000000000] R[r 0=0000000000000000] inst=[0000dffd] c.beqz  a5, pc - 2
C0:      20440 [1] pc=[0000000080001cb0] W[r15=0000000000000000][1] R[r13=0000000080002140] R[r 0=0000000000000000] inst=[0000669c] c.ld    a5, 8(a3)
C0:      20442 [1] pc=[0000000080001cb2] W[r 0=0000000000000000][0] R[r15=0000000000000000] R[r 0=0000000000000000] inst=[0000dffd] c.beqz  a5, pc - 2
C0:      20443 [1] pc=[0000000080001cb0] W[r15=0000000000000000][1] R[r13=0000000080002140] R[r 0=0000000000000000] inst=[0000669c] c.ld    a5, 8(a3)
C0:      20445 [1] pc=[0000000080001cb2] W[r 0=0000000000000000][0] R[r15=0000000000000000] R[r 0=0000000000000000] inst=[0000dffd] c.beqz  a5, pc - 2
C0:      20446 [1] pc=[0000000080001cb0] W[r15=0000000000000000][1] R[r13=0000000080002140] R[r 0=0000000000000000] inst=[0000669c] c.ld    a5, 8(a3)
C0:      20448 [1] pc=[0000000080001cb2] W[r 0=0000000000000000][0] R[r15=0000000000000000] R[r 0=0000000000000000] inst=[0000dffd] c.beqz  a5, pc - 2
C0:      20449 [1] pc=[0000000080001cb0] W[r15=0000000000000000][1] R[r13=0000000080002140] R[r 0=0000000000000000] inst=[0000669c] c.ld    a5, 8(a3)
C0:      20451 [1] pc=[0000000080001cb2] W[r 0=0000000000000000][0] R[r15=0000000000000000] R[r 0=0000000000000000] inst=[0000dffd] c.beqz  a5, pc - 2
C0:      20452 [1] pc=[0000000080001cb0] W[r15=0000000000000000][1] R[r13=0000000080002140] R[r 0=0000000000000000] inst=[0000669c] c.ld    a5, 8(a3)
C0:      20454 [1] pc=[0000000080001cb2] W[r 0=0000000000000000][0] R[r15=0000000000000000] R[r 0=0000000000000000] inst=[0000dffd] c.beqz  a5, pc - 2
C0:      20455 [1] pc=[0000000080001cb0] W[r15=0000000000000000][1] R[r13=0000000080002140] R[r 0=0000000000000000] inst=[0000669c] c.ld    a5, 8(a3)
C0:      20457 [1] pc=[0000000080001cb2] W[r 0=0000000000000000][0] R[r15=0000000000000000] R[r 0=0000000000000000] inst=[0000dffd] c.beqz  a5, pc - 2
C0:      20458 [1] pc=[0000000080001cb0] W[r15=0000000000000000][1] R[r13=0000000080002140] R[r 0=0000000000000000] inst=[0000669c] c.ld    a5, 8(a3)
C0:      20460 [1] pc=[0000000080001cb2] W[r 0=0000000000000000][0] R[r15=0000000000000000] R[r 0=0000000000000000] inst=[0000dffd] c.beqz  a5, pc - 2
C0:      20461 [1] pc=[0000000080001cb0] W[r15=0000000000000000][1] R[r13=0000000080002140] R[r 0=0000000000000000] inst=[0000669c] c.ld    a5, 8(a3)
C0:      20463 [1] pc=[0000000080001cb2] W[r 0=0000000000000000][0] R[r15=0000000000000000] R[r 0=0000000000000000] inst=[0000dffd] c.beqz  a5, pc - 2
C0:      20464 [1] pc=[0000000080001cb0] W[r15=0000000000000000][1] R[r13=0000000080002140] R[r 0=0000000000000000] inst=[0000669c] c.ld    a5, 8(a3)
C0:      20466 [1] pc=[0000000080001cb2] W[r 0=0000000000000000][0] R[r15=0000000000000000] R[r 0=0000000000000000] inst=[0000dffd] c.beqz  a5, pc - 2
C0:      20467 [1] pc=[0000000080001cb0] W[r15=0000000000000000][1] R[r13=0000000080002140] R[r 0=0000000000000000] inst=[0000669c] c.ld    a5, 8(a3)
C0:      20469 [1] pc=[0000000080001cb2] W[r 0=0000000000000000][0] R[r15=0000000000000000] R[r 0=0000000000000000] inst=[0000dffd] c.beqz  a5, pc - 2
C0:      20475 [1] pc=[0000000080001cb0] W[r15=0000000000000000][1] R[r13=0000000080002140] R[r 0=0000000000000000] inst=[0000669c] c.ld    a5, 8(a3)
C0:      20477 [1] pc=[0000000080001cb2] W[r 0=0000000000000000][0] R[r15=0000000000000000] R[r 0=0000000000000000] inst=[0000dffd] c.beqz  a5, pc - 2
C0:      20478 [1] pc=[0000000080001cb0] W[r15=0000000000000000][1] R[r13=0000000080002140] R[r 0=0000000000000000] inst=[0000669c] c.ld    a5, 8(a3)
C0:      20480 [1] pc=[0000000080001cb2] W[r 0=0000000000000000][0] R[r15=0000000000000000] R[r 0=0000000000000000] inst=[0000dffd] c.beqz  a5, pc - 2
C0:      20481 [1] pc=[0000000080001cb0] W[r15=0000000000000000][1] R[r13=0000000080002140] R[r 0=0000000000000000] inst=[0000669c] c.ld    a5, 8(a3)
C0:      20483 [1] pc=[0000000080001cb2] W[r 0=0000000000000000][0] R[r15=0000000000000000] R[r 0=0000000000000000] inst=[0000dffd] c.beqz  a5, pc - 2
C0:      20484 [1] pc=[0000000080001cb0] W[r15=0000000000000000][1] R[r13=0000000080002140] R[r 0=0000000000000000] inst=[0000669c] c.ld    a5, 8(a3)
C0:      20486 [1] pc=[0000000080001cb2] W[r 0=0000000000000000][0] R[r15=0000000000000000] R[r 0=0000000000000000] inst=[0000dffd] c.beqz  a5, pc - 2
C0:      20487 [1] pc=[0000000080001cb0] W[r15=0000000000000000][1] R[r13=0000000080002140] R[r 0=0000000000000000] inst=[0000669c] c.ld    a5, 8(a3)
C0:      20489 [1] pc=[0000000080001cb2] W[r 0=0000000000000000][0] R[r15=0000000000000000] R[r 0=0000000000000000] inst=[0000dffd] c.beqz  a5, pc - 2
C0:      20490 [1] pc=[0000000080001cb0] W[r15=0000000000000000][1] R[r13=0000000080002140] R[r 0=0000000000000000] inst=[0000669c] c.ld    a5, 8(a3)
C0:      20492 [1] pc=[0000000080001cb2] W[r 0=0000000000000000][0] R[r15=0000000000000000] R[r 0=0000000000000000] inst=[0000dffd] c.beqz  a5, pc - 2
C0:      20493 [1] pc=[0000000080001cb0] W[r15=0000000000000000][1] R[r13=0000000080002140] R[r 0=0000000000000000] inst=[0000669c] c.ld    a5, 8(a3)
C0:      20495 [1] pc=[0000000080001cb2] W[r 0=0000000000000000][0] R[r15=0000000000000000] R[r 0=0000000000000000] inst=[0000dffd] c.beqz  a5, pc - 2
C0:      20496 [1] pc=[0000000080001cb0] W[r15=0000000000000000][1] R[r13=0000000080002140] R[r 0=0000000000000000] inst=[0000669c] c.ld    a5, 8(a3)
C0:      20498 [1] pc=[0000000080001cb2] W[r 0=0000000000000000][0] R[r15=0000000000000000] R[r 0=0000000000000000] inst=[0000dffd] c.beqz  a5, pc - 2
C0:      20499 [1] pc=[0000000080001cb0] W[r15=0000000000000000][1] R[r13=0000000080002140] R[r 0=0000000000000000] inst=[0000669c] c.ld    a5, 8(a3)
C0:      20501 [1] pc=[0000000080001cb2] W[r 0=0000000000000000][0] R[r15=0000000000000000] R[r 0=0000000000000000] inst=[0000dffd] c.beqz  a5, pc - 2
C0:      20502 [1] pc=[0000000080001cb0] W[r15=0000000000000000][1] R[r13=0000000080002140] R[r 0=0000000000000000] inst=[0000669c] c.ld    a5, 8(a3)
C0:      20504 [1] pc=[0000000080001cb2] W[r 0=0000000000000000][0] R[r15=0000000000000000] R[r 0=0000000000000000] inst=[0000dffd] c.beqz  a5, pc - 2
C0:      20505 [1] pc=[0000000080001cb0] W[r15=0000000000000000][1] R[r13=0000000080002140] R[r 0=0000000000000000] inst=[0000669c] c.ld    a5, 8(a3)
C0:      20507 [1] pc=[0000000080001cb2] W[r 0=0000000000000000][0] R[r15=0000000000000000] R[r 0=0000000000000000] inst=[0000dffd] c.beqz  a5, pc - 2
C0:      20508 [1] pc=[0000000080001cb0] W[r15=0000000000000000][1] R[r13=0000000080002140] R[r 0=0000000000000000] inst=[0000669c] c.ld    a5, 8(a3)
C0:      20510 [1] pc=[0000000080001cb2] W[r 0=0000000000000000][0] R[r15=0000000000000000] R[r 0=0000000000000000] inst=[0000dffd] c.beqz  a5, pc - 2
C0:      20511 [1] pc=[0000000080001cb0] W[r15=0000000000000000][1] R[r13=0000000080002140] R[r 0=0000000000000000] inst=[0000669c] c.ld    a5, 8(a3)
C0:      20513 [1] pc=[0000000080001cb2] W[r 0=0000000000000000][0] R[r15=0000000000000000] R[r 0=0000000000000000] inst=[0000dffd] c.beqz  a5, pc - 2
C0:      20514 [1] pc=[0000000080001cb0] W[r15=0000000000000000][1] R[r13=0000000080002140] R[r 0=0000000000000000] inst=[0000669c] c.ld    a5, 8(a3)
C0:      20516 [1] pc=[0000000080001cb2] W[r 0=0000000000000000][0] R[r15=0000000000000000] R[r 0=0000000000000000] inst=[0000dffd] c.beqz  a5, pc - 2
C0:      20538 [1] pc=[0000000080001cb0] W[r15=0000000000000001][1] R[r13=0000000080002140] R[r 0=0000000000000000] inst=[0000669c] c.ld    a5, 8(a3)
C0:      20540 [1] pc=[0000000080001cb2] W[r 0=0000000000000000][0] R[r15=0000000000000001] R[r 0=0000000000000000] inst=[0000dffd] c.beqz  a5, pc - 2
C0:      20544 [1] pc=[0000000080001cb4] W[r15=0000000080001cb4][1] R[r 0=0000000000000000] R[r 0=0000000000000000] inst=[00000797] auipc   a5, 0x0
C0:      20545 [1] pc=[0000000080001cb8] W[r 0=0000000000000000][0] R[r15=0000000080001cb4] R[r 0=0000000000000000] inst=[4807ba23] sd      zero, 1172(a5)
C0:      20549 [1] pc=[0000000080001cbc] W[r 0=ffffffffffffffff][1] R[r14=0000000080002230] R[r 0=0000000000000000] inst=[0a07202f] amoswap.w zero, zero, (a4)
C0:      20550 [1] pc=[0000000080001cc0] W[r 0=0000000000000000][0] R[r 0=0000000000000000] R[r 0=0000000000000000] inst=[0220000f] fence   r,r
C0:      20583 [1] pc=[0000000080001cc4] W[r10=0000000000000033][1] R[r 2=000000008002ad80] R[r 0=0000000000000000] inst=[00006502] c.ldsp  a0, 0(sp)
C0:      20584 [1] pc=[0000000080001cc6] W[r 2=000000008002adc0][1] R[r 2=000000008002ad80] R[r 0=0000000000000000] inst=[00006121] c.addi16sp sp, 64
C0:      20585 [1] pc=[0000000080001cc8] W[r 0=0000000080001cca][1] R[r 1=0000000080000db6] R[r 0=0000000000000000] inst=[00008082] ret
C0:      20589 [1] pc=[0000000080000db6] W[r15=ffffffffffffffff][1] R[r 0=0000000000000000] R[r 0=0000000000000000] inst=[000057fd] c.li    a5, -1
C0:      20590 [1] pc=[0000000080000db8] W[r 0=0000000000000000][0] R[r10=0000000000000033] R[r15=ffffffffffffffff] inst=[00f51663] bne     a0, a5, pc + 12
C0:      20592 [1] pc=[0000000080000dc4] W[r 1=0000000080001028][1] R[r 2=000000008002adc0] R[r 0=0000000000000000] inst=[000060a2] c.ldsp  ra, 8(sp)
C0:      20593 [1] pc=[0000000080000dc6] W[r 8=0000000080002440][1] R[r 2=000000008002adc0] R[r 0=0000000000000000] inst=[00006402] c.ldsp  s0, 0(sp)
C0:      20594 [1] pc=[0000000080000dc8] W[r 2=000000008002add0][1] R[r 2=000000008002adc0] R[r 0=0000000000000000] inst=[00000141] c.addi  sp, 16
C0:      20595 [1] pc=[0000000080000dca] W[r 0=0000000080000dcc][1] R[r 1=0000000080001028] R[r 0=0000000000000000] inst=[00008082] ret
C0:      20599 [1] pc=[0000000080001028] W[r 0=0000000000000000][0] R[r 0=0000000000000000] R[r10=0000000000000033] inst=[00a04963] blt     zero, a0, pc + 18
C0:      20603 [1] pc=[000000008000103a] W[r19=000000008000268b][1] R[r19=0000000080002658] R[r10=0000000000000033] inst=[000099aa] c.add   s3, a0
C0:      20604 [1] pc=[000000008000103c] W[r18=0000000000000000][1] R[r18=0000000000000033] R[r10=0000000000000033] inst=[40a9093b] subw    s2, s2, a0
C0:      20605 [1] pc=[0000000080001040] W[r 0=0000000080001042][1] R[r 0=0000000000000000] R[r 0=0000000000000000] inst=[0000bfe1] c.j     pc - 40
C0:      20607 [1] pc=[0000000080001018] W[r 0=0000000000000000][0] R[r 0=0000000000000000] R[r18=0000000000000000] inst=[f12059e3] bge     zero, s2, pc - 238
C0:      20611 [1] pc=[0000000080000f2a] W[r10=0000000000000000][1] R[r 0=0000000000000000] R[r 0=0000000000000000] inst=[00004501] c.li    a0, 0
C0:      20612 [1] pc=[0000000080000f2c] W[r 1=0000000080000d52][1] R[r 2=000000008002add0] R[r 0=0000000000000000] inst=[000070a2] c.ldsp  ra, 40(sp)
C0:      20613 [1] pc=[0000000080000f2e] W[r 8=0000000080002440][1] R[r 2=000000008002add0] R[r 0=0000000000000000] inst=[00007402] c.ldsp  s0, 32(sp)
C0:      20614 [1] pc=[0000000080000f30] W[r 9=0000000080002150][1] R[r 2=000000008002add0] R[r 0=0000000000000000] inst=[000064e2] c.ldsp  s1, 24(sp)
C0:      20615 [1] pc=[0000000080000f32] W[r18=000000000000000a][1] R[r 2=000000008002add0] R[r 0=0000000000000000] inst=[00006942] c.ldsp  s2, 16(sp)
C0:      20616 [1] pc=[0000000080000f34] W[r19=000000000000000a][1] R[r 2=000000008002add0] R[r 0=0000000000000000] inst=[000069a2] c.ldsp  s3, 8(sp)
C0:      20617 [1] pc=[0000000080000f36] W[r 2=000000008002ae00][1] R[r 2=000000008002add0] R[r 0=0000000000000000] inst=[00006145] c.addi16sp sp, 48
C0:      20618 [1] pc=[0000000080000f38] W[r 0=0000000080000f3a][1] R[r 1=0000000080000d52] R[r 0=0000000000000000] inst=[00008082] ret
C0:      20622 [1] pc=[0000000080000d52] W[r 0=0000000000000000][0] R[r10=0000000000000000] R[r 0=0000000000000000] inst=[0000ed15] c.bnez  a0, pc + 60
C0:      20626 [1] pc=[0000000080000d54] W[r 1=00000000800008e0][1] R[r 2=000000008002ae00] R[r 0=0000000000000000] inst=[000070a2] c.ldsp  ra, 40(sp)
C0:      20627 [1] pc=[0000000080000d56] W[r 8=0000000080001f62][1] R[r 2=000000008002ae00] R[r 0=0000000000000000] inst=[00007402] c.ldsp  s0, 32(sp)
C0:      20628 [1] pc=[0000000080000d58] W[r 9=0000000080001f63][1] R[r 2=000000008002ae00] R[r 0=0000000000000000] inst=[000064e2] c.ldsp  s1, 24(sp)
C0:      20629 [1] pc=[0000000080000d5a] W[r19=0000000080002440][1] R[r 2=000000008002ae00] R[r 0=0000000000000000] inst=[000069a2] c.ldsp  s3, 8(sp)
C0:      20630 [1] pc=[0000000080000d5c] W[r10=000000000000000a][1] R[r 0=0000000000000000] R[r18=000000000000000a] inst=[0000854a] c.mv    a0, s2
C0:      20631 [1] pc=[0000000080000d5e] W[r18=0000000080002150][1] R[r 2=000000008002ae00] R[r 0=0000000000000000] inst=[00006942] c.ldsp  s2, 16(sp)
C0:      20632 [1] pc=[0000000080000d60] W[r 2=000000008002ae30][1] R[r 2=000000008002ae00] R[r 0=0000000000000000] inst=[00006145] c.addi16sp sp, 48
C0:      20633 [1] pc=[0000000080000d62] W[r 0=0000000080000d64][1] R[r 1=00000000800008e0] R[r 0=0000000000000000] inst=[00008082] ret
C0:      20637 [1] pc=[00000000800008e0] W[r 8=0000000080001f63][1] R[r 8=0000000080001f62] R[r 0=0000000000000000] inst=[00000405] c.addi  s0, 1
C0:      20638 [1] pc=[00000000800008e2] W[r 0=0000000000000000][0] R[r10=000000000000000a] R[r20=ffffffffffffffff] inst=[ff4515e3] bne     a0, s4, pc - 22
C0:      20642 [1] pc=[00000000800008cc] W[r 0=0000000000000000][0] R[r 8=0000000080001f63] R[r 9=0000000080001f63] inst=[00941463] bne     s0, s1, pc + 8
C0:      20646 [1] pc=[00000000800008d0] W[r10=0000000000000000][1] R[r 0=0000000000000000] R[r 0=0000000000000000] inst=[00004501] c.li    a0, 0
C0:      20647 [1] pc=[00000000800008d2] W[r 0=00000000800008d4][1] R[r 0=0000000000000000] R[r 0=0000000000000000] inst=[0000a811] c.j     pc + 20
C0:      20648 [1] pc=[00000000800008e6] W[r 1=00000000800009b0][1] R[r 2=000000008002ae30] R[r 0=0000000000000000] inst=[000070a2] c.ldsp  ra, 40(sp)
C0:      20649 [1] pc=[00000000800008e8] W[r 8=0000000080001f63][1] R[r 2=000000008002ae30] R[r 0=0000000000000000] inst=[00007402] c.ldsp  s0, 32(sp)
C0:      20650 [1] pc=[00000000800008ea] W[r 9=0000000080002440][1] R[r 2=000000008002ae30] R[r 0=0000000000000000] inst=[000064e2] c.ldsp  s1, 24(sp)
C0:      20651 [1] pc=[00000000800008ec] W[r18=0000000080001f5b][1] R[r 2=000000008002ae30] R[r 0=0000000000000000] inst=[00006942] c.ldsp  s2, 16(sp)
C0:      20652 [1] pc=[00000000800008ee] W[r19=0000000080002150][1] R[r 2=000000008002ae30] R[r 0=0000000000000000] inst=[000069a2] c.ldsp  s3, 8(sp)
C0:      20653 [1] pc=[00000000800008f0] W[r20=0000000000000003][1] R[r 2=000000008002ae30] R[r 0=0000000000000000] inst=[00006a02] c.ldsp  s4, 0(sp)
C0:      20654 [1] pc=[00000000800008f2] W[r 2=000000008002ae60][1] R[r 2=000000008002ae30] R[r 0=0000000000000000] inst=[00006145] c.addi16sp sp, 48
C0:      20655 [1] pc=[00000000800008f4] W[r 0=00000000800008f6][1] R[r 1=00000000800009b0] R[r 0=0000000000000000] inst=[00008082] ret
C0:      20659 [1] pc=[00000000800009b0] W[r 0=0000000000000000][0] R[r10=0000000000000000] R[r21=ffffffffffffffff] inst=[1f550d63] beq     a0, s5, pc + 506
C0:      20660 [1] pc=[00000000800009b4] W[r15=000000000000002b][1] R[r 2=000000008002ae60] R[r 0=0000000000000000] inst=[00005792] c.lwsp  a5, 36(sp)
C0:      20662 [1] pc=[00000000800009b6] W[r15=0000000000000033][1] R[r15=000000000000002b] R[r26=0000000000000008] inst=[01a787bb] addw    a5, a5, s10
C0:      20663 [1] pc=[00000000800009ba] W[r 0=0000000000000000][0] R[r 2=000000008002ae60] R[r15=0000000000000033] inst=[0000d23e] c.swsp  a5, 36(sp)
C0:      20664 [1] pc=[00000000800009bc] W[r15=0000000000000000][1] R[r 8=0000000080001f63] R[r 0=0000000000000000] inst=[00044783] lbu     a5, 0(s0)
C0:      20667 [1] pc=[00000000800009c0] W[r 0=0000000000000000][0] R[r15=0000000000000000] R[r 0=0000000000000000] inst=[1e078563] beqz    a5, pc + 490
C0:      20669 [1] pc=[0000000080000baa] W[r15=0000000000000089][1] R[r 9=0000000080002440] R[r 0=0000000000000000] inst=[0104d783] lhu     a5, 16(s1)
C0:      20672 [1] pc=[0000000080000bae] W[r15=0000000000000000][1] R[r15=0000000000000089] R[r 0=0000000000000000] inst=[0407f793] andi    a5, a5, 64
C0:      20673 [1] pc=[0000000080000bb2] W[r 0=0000000000000000][0] R[r15=0000000000000000] R[r 0=0000000000000000] inst=[ea0796e3] bnez    a5, pc - 340
C0:      20674 [1] pc=[0000000080000bb6] W[r10=0000000000000033][1] R[r 2=000000008002ae60] R[r 0=0000000000000000] inst=[00005512] c.lwsp  a0, 36(sp)
C0:      20675 [1] pc=[0000000080000bb8] W[r 0=0000000080000bba][1] R[r 0=0000000000000000] R[r 0=0000000000000000] inst=[0000b565] c.j     pc - 344
C0:      20676 [1] pc=[0000000080000a60] W[r 1=00000000800004a8][1] R[r 2=000000008002ae60] R[r 0=0000000000000000] inst=[000060ae] c.ldsp  ra, 200(sp)
C0:      20677 [1] pc=[0000000080000a62] W[r 8=0000000080001f30][1] R[r 2=000000008002ae60] R[r 0=0000000000000000] inst=[0000640e] c.ldsp  s0, 192(sp)
C0:      20678 [1] pc=[0000000080000a64] W[r 9=0000000000000000][1] R[r 2=000000008002ae60] R[r 0=0000000000000000] inst=[000074ea] c.ldsp  s1, 184(sp)
C0:      20679 [1] pc=[0000000080000a66] W[r18=0000000000000000][1] R[r 2=000000008002ae60] R[r 0=0000000000000000] inst=[0000794a] c.ldsp  s2, 176(sp)
C0:      20680 [1] pc=[0000000080000a68] W[r19=0000000000000000][1] R[r 2=000000008002ae60] R[r 0=0000000000000000] inst=[000079aa] c.ldsp  s3, 168(sp)
C0:      20681 [1] pc=[0000000080000a6a] W[r20=0000000000000000][1] R[r 2=000000008002ae60] R[r 0=0000000000000000] inst=[00007a0a] c.ldsp  s4, 160(sp)
C0:      20682 [1] pc=[0000000080000a6c] W[r21=0000000000000000][1] R[r 2=000000008002ae60] R[r 0=0000000000000000] inst=[00006aea] c.ldsp  s5, 152(sp)
C0:      20683 [1] pc=[0000000080000a6e] W[r22=0000000000000000][1] R[r 2=000000008002ae60] R[r 0=0000000000000000] inst=[00006b4a] c.ldsp  s6, 144(sp)
C0:      20684 [1] pc=[0000000080000a70] W[r23=0000000000000000][1] R[r 2=000000008002ae60] R[r 0=0000000000000000] inst=[00006baa] c.ldsp  s7, 136(sp)
C0:      20685 [1] pc=[0000000080000a72] W[r24=0000000000000000][1] R[r 2=000000008002ae60] R[r 0=0000000000000000] inst=[00006c0a] c.ldsp  s8, 128(sp)
C0:      20686 [1] pc=[0000000080000a74] W[r25=0000000000000000][1] R[r 2=000000008002ae60] R[r 0=0000000000000000] inst=[00007ce6] c.ldsp  s9, 120(sp)
C0:      20687 [1] pc=[0000000080000a76] W[r26=0000000000000000][1] R[r 2=000000008002ae60] R[r 0=0000000000000000] inst=[00007d46] c.ldsp  s10, 112(sp)
C0:      20688 [1] pc=[0000000080000a78] W[r 2=000000008002af30][1] R[r 2=000000008002ae60] R[r 0=0000000000000000] inst=[00006169] c.addi16sp sp, 208
C0:      20689 [1] pc=[0000000080000a7a] W[r 0=0000000080000a7c][1] R[r 1=00000000800004a8] R[r 0=0000000000000000] inst=[00008082] ret
C0:      20693 [1] pc=[00000000800004a8] W[r 1=000000008000042a][1] R[r 2=000000008002af30] R[r 0=0000000000000000] inst=[000070a2] c.ldsp  ra, 40(sp)
C0:      20694 [1] pc=[00000000800004aa] W[r 8=000000008002b000][1] R[r 2=000000008002af30] R[r 0=0000000000000000] inst=[00007402] c.ldsp  s0, 32(sp)
C0:      20695 [1] pc=[00000000800004ac] W[r 2=000000008002afa0][1] R[r 2=000000008002af30] R[r 0=0000000000000000] inst=[00006165] c.addi16sp sp, 112
C0:      20696 [1] pc=[00000000800004ae] W[r 0=00000000800004b0][1] R[r 1=000000008000042a] R[r 0=0000000000000000] inst=[00008082] ret
C0:      20700 [1] pc=[000000008000042a] W[r15=0000000000000000][1] R[r 0=0000000000000000] R[r 0=0000000000000000] inst=[00004781] c.li    a5, 0
C0:      20701 [1] pc=[000000008000042c] W[r10=0000000000000000][1] R[r 0=0000000000000000] R[r15=0000000000000000] inst=[0000853e] c.mv    a0, a5
C0:      20702 [1] pc=[000000008000042e] W[r 1=000000008000020a][1] R[r 2=000000008002afa0] R[r 0=0000000000000000] inst=[000060e6] c.ldsp  ra, 88(sp)
C0:      20703 [1] pc=[0000000080000430] W[r 8=0000000000000000][1] R[r 2=000000008002afa0] R[r 0=0000000000000000] inst=[00006446] c.ldsp  s0, 80(sp)
C0:      20704 [1] pc=[0000000080000432] W[r 2=000000008002b000][1] R[r 2=000000008002afa0] R[r 0=0000000000000000] inst=[00006125] c.addi16sp sp, 96
C0:      20705 [1] pc=[0000000080000434] W[r 0=0000000080000436][1] R[r 1=000000008000020a] R[r 0=0000000000000000] inst=[00008082] ret
C0:      20710 [1] pc=[000000008000020a] W[r 0=000000008000020e][1] R[r 0=0000000000000000] R[r 0=0000000000000000] inst=[2f70106f] j       pc + 0x1af6
C0:      20733 [1] pc=[0000000080001d00] W[r 2=000000008002aff0][1] R[r 2=000000008002b000] R[r 0=0000000000000000] inst=[00001141] c.addi  sp, -16
C0:      20734 [1] pc=[0000000080001d02] W[r 0=0000000000000000][0] R[r 2=000000008002aff0] R[r 8=0000000000000000] inst=[0000e022] c.sdsp  s0, 0(sp)
C0:      20735 [1] pc=[0000000080001d04] W[r 0=0000000000000000][0] R[r 2=000000008002aff0] R[r 1=000000008000020a] inst=[0000e406] c.sdsp  ra, 8(sp)
C0:      20736 [1] pc=[0000000080001d06] W[r15=0000000080001d06][1] R[r 0=0000000000000000] R[r 0=0000000000000000] inst=[00000797] auipc   a5, 0x0
C0:      20737 [1] pc=[0000000080001d0a] W[r15=0000000080001e48][1] R[r15=0000000080001d06] R[r 0=0000000000000000] inst=[14278793] addi    a5, a5, 322
C0:      20738 [1] pc=[0000000080001d0e] W[r 8=0000000000000000][1] R[r 0=0000000000000000] R[r10=0000000000000000] inst=[0000842a] c.mv    s0, a0
C0:      20739 [1] pc=[0000000080001d10] W[r 0=0000000000000000][0] R[r15=0000000080001e48] R[r 0=0000000000000000] inst=[0000c781] c.beqz  a5, pc + 8
C0:      20740 [1] pc=[0000000080001d12] W[r11=0000000000000000][1] R[r 0=0000000000000000] R[r 0=0000000000000000] inst=[00004581] c.li    a1, 0
C0:      20741 [1] pc=[0000000080001d14] W[r 1=0000000080001d18][1] R[r 0=0000000000000000] R[r 0=0000000000000000] inst=[134000ef] jal     pc + 0x134
C0:      20763 [1] pc=[0000000080001e48] W[r 2=000000008002afa0][1] R[r 2=000000008002aff0] R[r 0=0000000000000000] inst=[0000715d] c.addi16sp sp, -80
C0:      20764 [1] pc=[0000000080001e4a] W[r 0=0000000000000000][0] R[r 2=000000008002afa0] R[r19=0000000000000000] inst=[0000f44e] c.sdsp  s3, 40(sp)
C0:      20765 [1] pc=[0000000080001e4c] W[r 0=0000000000000000][0] R[r 2=000000008002afa0] R[r20=0000000000000000] inst=[0000f052] c.sdsp  s4, 32(sp)
C0:      20766 [1] pc=[0000000080001e4e] W[r 0=0000000000000000][0] R[r 2=000000008002afa0] R[r21=0000000000000000] inst=[0000ec56] c.sdsp  s5, 24(sp)
C0:      20767 [1] pc=[0000000080001e50] W[r 0=0000000000000000][0] R[r 2=000000008002afa0] R[r22=0000000000000000] inst=[0000e85a] c.sdsp  s6, 16(sp)
C0:      20768 [1] pc=[0000000080001e52] W[r 0=0000000000000000][0] R[r 2=000000008002afa0] R[r 1=0000000080001d18] inst=[0000e486] c.sdsp  ra, 72(sp)
C0:      20769 [1] pc=[0000000080001e54] W[r 0=0000000000000000][0] R[r 2=000000008002afa0] R[r 8=0000000000000000] inst=[0000e0a2] c.sdsp  s0, 64(sp)
C0:      20770 [1] pc=[0000000080001e56] W[r 0=0000000000000000][0] R[r 2=000000008002afa0] R[r 9=0000000000000000] inst=[0000fc26] c.sdsp  s1, 56(sp)
C0:      20771 [1] pc=[0000000080001e58] W[r 0=0000000000000000][0] R[r 2=000000008002afa0] R[r18=0000000000000000] inst=[0000f84a] c.sdsp  s2, 48(sp)
C0:      20772 [1] pc=[0000000080001e5a] W[r 0=0000000000000000][0] R[r 2=000000008002afa0] R[r23=0000000000000000] inst=[0000e45e] c.sdsp  s7, 8(sp)
C0:      20773 [1] pc=[0000000080001e5c] W[r20=0000000000000000][1] R[r 0=0000000000000000] R[r10=0000000000000000] inst=[00008a2a] c.mv    s4, a0
C0:      20774 [1] pc=[0000000080001e5e] W[r19=0000000000000000][1] R[r 0=0000000000000000] R[r11=0000000000000000] inst=[000089ae] c.mv    s3, a1
C0:      20775 [1] pc=[0000000080001e60] W[r21=0000000080002240][1] R[r 3=0000000080002a00] R[r 0=0000000000000000] inst=[84018a93] addi    s5, gp, -1984
C0:      20776 [1] pc=[0000000080001e64] W[r22=0000000000000001][1] R[r 0=0000000000000000] R[r 0=0000000000000000] inst=[00004b05] c.li    s6, 1
C0:      20777 [1] pc=[0000000080001e66] W[r 8=0000000080002250][1] R[r21=0000000080002240] R[r 0=0000000000000000] inst=[000ab403] ld      s0, 0(s5)
C0:      20779 [1] pc=[0000000080001e6a] W[r 0=0000000000000000][0] R[r 8=0000000080002250] R[r 0=0000000000000000] inst=[0000c819] c.beqz  s0, pc + 22
C0:      20780 [1] pc=[0000000080001e6c] W[r 9=0000000000000001][1] R[r 8=0000000080002250] R[r 0=0000000000000000] inst=[00004404] c.lw    s1, 8(s0)
C0:      20781 [1] pc=[0000000080001e6e] W[r18=0000000000000000][1] R[r 8=0000000080002250] R[r 0=0000000000000000] inst=[11043903] ld      s2, 272(s0)
C0:      20782 [1] pc=[0000000080001e72] W[r 9=0000000000000000][1] R[r 9=0000000000000001] R[r 0=0000000000000000] inst=[000034fd] c.addiw s1, -1
C0:      20783 [1] pc=[0000000080001e74] W[r14=0000000000000000][1] R[r 9=0000000000000000] R[r 0=0000000000000000] inst=[02049713] slli    a4, s1, 32
C0:      20784 [1] pc=[0000000080001e78] W[r15=0000000000000000][1] R[r 9=0000000000000000] R[r 0=0000000000000000] inst=[0004879b] sext.w  a5, s1
C0:      20785 [1] pc=[0000000080001e7c] W[r 0=0000000000000000][0] R[r14=0000000000000000] R[r 0=0000000000000000] inst=[00075d63] bgez    a4, pc + 26
C0:      20811 [1] pc=[0000000080001e96] W[r 0=0000000000000000][0] R[r19=0000000000000000] R[r 0=0000000000000000] inst=[00098d63] beqz    s3, pc + 26
C0:      20815 [1] pc=[0000000080001eb0] W[r14=0000000000000001][1] R[r 8=0000000080002250] R[r 0=0000000000000000] inst=[00004418] c.lw    a4, 8(s0)
C0:      20816 [1] pc=[0000000080001eb2] W[r12=0000000000000000][1] R[r 9=0000000000000000] R[r 0=0000000000000000] inst=[00349613] slli    a2, s1, 3
C0:      20817 [1] pc=[0000000080001eb6] W[r11=0000000080002250][1] R[r 8=0000000080002250] R[r12=0000000000000000] inst=[00c405b3] add     a1, s0, a2
C0:      20818 [1] pc=[0000000080001eba] W[r14=0000000000000000][1] R[r14=0000000000000001] R[r 0=0000000000000000] inst=[0000377d] c.addiw a4, -1
C0:      20819 [1] pc=[0000000080001ebc] W[r13=0000000080001d2c][1] R[r11=0000000080002250] R[r 0=0000000000000000] inst=[00006994] c.ld    a3, 16(a1)
C0:      20842 [1] pc=[0000000080001ebe] W[r 0=0000000000000000][0] R[r14=0000000000000000] R[r15=0000000000000000] inst=[02f71863] bne     a4, a5, pc + 48
C0:      20843 [1] pc=[0000000080001ec2] W[r 0=0000000000000000][0] R[r 8=0000000080002250] R[r15=0000000000000000] inst=[0000c41c] c.sw    a5, 8(s0)
C0:      20844 [1] pc=[0000000080001ec4] W[r 0=0000000000000000][0] R[r13=0000000080001d2c] R[r 0=0000000000000000] inst=[0000dee9] c.beqz  a3, pc - 38
C0:      20849 [1] pc=[0000000080001ec6] W[r23=0000000000000000][1] R[r 8=0000000080002250] R[r 0=0000000000000000] inst=[00842b83] lw      s7, 8(s0)
C0:      20850 [1] pc=[0000000080001eca] W[r 0=0000000000000000][0] R[r18=0000000000000000] R[r 0=0000000000000000] inst=[00090963] beqz    s2, pc + 18
C0:      20854 [1] pc=[0000000080001edc] W[r 1=0000000080001ede][1] R[r13=0000000080001d2c] R[r 0=0000000000000000] inst=[00009682] c.jalr  a3
C0:      20858 [1] pc=[0000000080001d2c] W[r 2=000000008002af80][1] R[r 2=000000008002afa0] R[r 0=0000000000000000] inst=[00001101] c.addi  sp, -32
C0:      20859 [1] pc=[0000000080001d2e] W[r15=0000000080001d2e][1] R[r 0=0000000000000000] R[r 0=0000000000000000] inst=[00000797] auipc   a5, 0x0
C0:      20860 [1] pc=[0000000080001d32] W[r15=0000000080002110][1] R[r15=0000000080001d2e] R[r 0=0000000000000000] inst=[3e278793] addi    a5, a5, 994
C0:      20861 [1] pc=[0000000080001d36] W[r 0=0000000000000000][0] R[r 2=000000008002af80] R[r 8=0000000080002250] inst=[0000e822] c.sdsp  s0, 16(sp)
C0:      20862 [1] pc=[0000000080001d38] W[r 8=0000000080001d38][1] R[r 0=0000000000000000] R[r 0=0000000000000000] inst=[00000417] auipc   s0, 0x0
C0:      20863 [1] pc=[0000000080001d3c] W[r 8=0000000080002110][1] R[r 8=0000000080001d38] R[r 0=0000000000000000] inst=[3d840413] addi    s0, s0, 984
C0:      20885 [1] pc=[0000000080001d40] W[r 8=0000000000000000][1] R[r 8=0000000080002110] R[r15=0000000080002110] inst=[00008c1d] c.sub   s0, a5
C0:      20886 [1] pc=[0000000080001d42] W[r 0=0000000000000000][0] R[r 2=000000008002af80] R[r 9=0000000000000000] inst=[0000e426] c.sdsp  s1, 8(sp)
C0:      20887 [1] pc=[0000000080001d44] W[r 0=0000000000000000][0] R[r 2=000000008002af80] R[r 1=0000000080001ede] inst=[0000ec06] c.sdsp  ra, 24(sp)
C0:      20888 [1] pc=[0000000080001d46] W[r 8=0000000000000000][1] R[r 8=0000000000000000] R[r 0=0000000000000000] inst=[0000840d] c.srai  s0, 3
C0:      20889 [1] pc=[0000000080001d48] W[r 9=0000000080002110][1] R[r 0=0000000000000000] R[r15=0000000080002110] inst=[000084be] c.mv    s1, a5
C0:      20890 [1] pc=[0000000080001d4a] W[r 0=0000000000000000][0] R[r 8=0000000000000000] R[r 0=0000000000000000] inst=[0000e411] c.bnez  s0, pc + 12
C0:      20891 [1] pc=[0000000080001d4c] W[r 1=0000000080001ede][1] R[r 2=000000008002af80] R[r 0=0000000000000000] inst=[000060e2] c.ldsp  ra, 24(sp)
C0:      20892 [1] pc=[0000000080001d4e] W[r 8=0000000080002250][1] R[r 2=000000008002af80] R[r 0=0000000000000000] inst=[00006442] c.ldsp  s0, 16(sp)
C0:      20893 [1] pc=[0000000080001d50] W[r 9=0000000000000000][1] R[r 2=000000008002af80] R[r 0=0000000000000000] inst=[000064a2] c.ldsp  s1, 8(sp)
C0:      20894 [1] pc=[0000000080001d52] W[r 2=000000008002afa0][1] R[r 2=000000008002af80] R[r 0=0000000000000000] inst=[00006105] c.addi16sp sp, 32
C0:      20895 [1] pc=[0000000080001d54] W[r 0=0000000080001d56][1] R[r 1=0000000080001ede] R[r 0=0000000000000000] inst=[00008082] ret
C0:      20896 [1] pc=[0000000080001ede] W[r14=0000000000000000][1] R[r 8=0000000080002250] R[r 0=0000000000000000] inst=[00004418] c.lw    a4, 8(s0)
C0:      20897 [1] pc=[0000000080001ee0] W[r15=0000000080002250][1] R[r21=0000000080002240] R[r 0=0000000000000000] inst=[000ab783] ld      a5, 0(s5)
C0:      20898 [1] pc=[0000000080001ee4] W[r 0=0000000000000000][0] R[r14=0000000000000000] R[r23=0000000000000000] inst=[f97711e3] bne     a4, s7, pc - 126
C0:      20899 [1] pc=[0000000080001ee8] W[r 0=0000000000000000][0] R[r 8=0000000080002250] R[r15=0000000080002250] inst=[faf40be3] beq     s0, a5, pc - 74
C0:      20900 [1] pc=[0000000080001e9e] W[r 9=ffffffffffffffff][1] R[r 9=0000000000000000] R[r 0=0000000000000000] inst=[000014fd] c.addi  s1, -1
C0:      20901 [1] pc=[0000000080001ea0] W[r 0=0000000080001ea2][1] R[r 0=0000000000000000] R[r 0=0000000000000000] inst=[0000bfd1] c.j     pc - 44
C0:      20905 [1] pc=[0000000080001e74] W[r14=ffffffff00000000][1] R[r 9=ffffffffffffffff] R[r 0=0000000000000000] inst=[02049713] slli    a4, s1, 32
C0:      20906 [1] pc=[0000000080001e78] W[r15=ffffffffffffffff][1] R[r 9=ffffffffffffffff] R[r 0=0000000000000000] inst=[0004879b] sext.w  a5, s1
C0:      20907 [1] pc=[0000000080001e7c] W[r 0=0000000000000000][0] R[r14=ffffffff00000000] R[r 0=0000000000000000] inst=[00075d63] bgez    a4, pc + 26
C0:      20911 [1] pc=[0000000080001e80] W[r 1=0000000080001d18][1] R[r 2=000000008002afa0] R[r 0=0000000000000000] inst=[000060a6] c.ldsp  ra, 72(sp)
C0:      20912 [1] pc=[0000000080001e82] W[r 8=0000000000000000][1] R[r 2=000000008002afa0] R[r 0=0000000000000000] inst=[00006406] c.ldsp  s0, 64(sp)
C0:      20913 [1] pc=[0000000080001e84] W[r 9=0000000000000000][1] R[r 2=000000008002afa0] R[r 0=0000000000000000] inst=[000074e2] c.ldsp  s1, 56(sp)
C0:      20914 [1] pc=[0000000080001e86] W[r18=0000000000000000][1] R[r 2=000000008002afa0] R[r 0=0000000000000000] inst=[00007942] c.ldsp  s2, 48(sp)
C0:      20915 [1] pc=[0000000080001e88] W[r19=0000000000000000][1] R[r 2=000000008002afa0] R[r 0=0000000000000000] inst=[000079a2] c.ldsp  s3, 40(sp)
C0:      20916 [1] pc=[0000000080001e8a] W[r20=0000000000000000][1] R[r 2=000000008002afa0] R[r 0=0000000000000000] inst=[00007a02] c.ldsp  s4, 32(sp)
C0:      20917 [1] pc=[0000000080001e8c] W[r21=0000000000000000][1] R[r 2=000000008002afa0] R[r 0=0000000000000000] inst=[00006ae2] c.ldsp  s5, 24(sp)
C0:      20918 [1] pc=[0000000080001e8e] W[r22=0000000000000000][1] R[r 2=000000008002afa0] R[r 0=0000000000000000] inst=[00006b42] c.ldsp  s6, 16(sp)
C0:      20919 [1] pc=[0000000080001e90] W[r23=0000000000000000][1] R[r 2=000000008002afa0] R[r 0=0000000000000000] inst=[00006ba2] c.ldsp  s7, 8(sp)
C0:      20920 [1] pc=[0000000080001e92] W[r 2=000000008002aff0][1] R[r 2=000000008002afa0] R[r 0=0000000000000000] inst=[00006161] c.addi16sp sp, 80
C0:      20921 [1] pc=[0000000080001e94] W[r 0=0000000080001e96][1] R[r 1=0000000080001d18] R[r 0=0000000000000000] inst=[00008082] ret
C0:      20922 [1] pc=[0000000080001d18] W[r10=0000000080001d18][1] R[r 0=0000000000000000] R[r 0=0000000000000000] inst=[00000517] auipc   a0, 0x0
C0:      20923 [1] pc=[0000000080001d1c] W[r10=0000000080002150][1] R[r10=0000000080001d18] R[r 0=0000000000000000] inst=[3c853503] ld      a0, 968(a0)
C0:      20925 [1] pc=[0000000080001d20] W[r15=000000008000051a][1] R[r10=0000000080002150] R[r 0=0000000000000000] inst=[0000653c] c.ld    a5, 72(a0)
C0:      20927 [1] pc=[0000000080001d22] W[r 0=0000000000000000][0] R[r15=000000008000051a] R[r 0=0000000000000000] inst=[0000c391] c.beqz  a5, pc + 4
C0:      20931 [1] pc=[0000000080001d24] W[r 1=0000000080001d26][1] R[r15=000000008000051a] R[r 0=0000000000000000] inst=[00009782] c.jalr  a5
C0:      20936 [1] pc=[000000008000051a] W[r11=000000008000151a][1] R[r 0=0000000000000000] R[r 0=0000000000000000] inst=[00001597] auipc   a1, 0x1
C0:      20937 [1] pc=[000000008000051e] W[r11=0000000080001042][1] R[r11=000000008000151a] R[r 0=0000000000000000] inst=[b2858593] addi    a1, a1, -1240
C0:      20938 [1] pc=[0000000080000522] W[r 0=0000000080000524][1] R[r 0=0000000000000000] R[r 0=0000000000000000] inst=[0000aaf5] c.j     pc + 508
C0:      20960 [1] pc=[000000008000071e] W[r 2=000000008002afa0][1] R[r 2=000000008002aff0] R[r 0=0000000000000000] inst=[0000715d] c.addi16sp sp, -80
C0:      20961 [1] pc=[0000000080000720] W[r 0=0000000000000000][0] R[r 2=000000008002afa0] R[r 8=0000000000000000] inst=[0000e0a2] c.sdsp  s0, 64(sp)
C0:      20962 [1] pc=[0000000080000722] W[r 0=0000000000000000][0] R[r 2=000000008002afa0] R[r 9=0000000000000000] inst=[0000fc26] c.sdsp  s1, 56(sp)
C0:      20963 [1] pc=[0000000080000724] W[r 0=0000000000000000][0] R[r 2=000000008002afa0] R[r19=0000000000000000] inst=[0000f44e] c.sdsp  s3, 40(sp)
C0:      20964 [1] pc=[0000000080000726] W[r 0=0000000000000000][0] R[r 2=000000008002afa0] R[r20=0000000000000000] inst=[0000f052] c.sdsp  s4, 32(sp)
C0:      20965 [1] pc=[0000000080000728] W[r 0=0000000000000000][0] R[r 2=000000008002afa0] R[r22=0000000000000000] inst=[0000e85a] c.sdsp  s6, 16(sp)
C0:      20966 [1] pc=[000000008000072a] W[r 0=0000000000000000][0] R[r 2=000000008002afa0] R[r23=0000000000000000] inst=[0000e45e] c.sdsp  s7, 8(sp)
C0:      20967 [1] pc=[000000008000072c] W[r 0=0000000000000000][0] R[r 2=000000008002afa0] R[r 1=0000000080001d26] inst=[0000e486] c.sdsp  ra, 72(sp)
C0:      20968 [1] pc=[000000008000072e] W[r 0=0000000000000000][0] R[r 2=000000008002afa0] R[r18=0000000000000000] inst=[0000f84a] c.sdsp  s2, 48(sp)
C0:      20969 [1] pc=[0000000080000730] W[r 0=0000000000000000][0] R[r 2=000000008002afa0] R[r21=0000000000000000] inst=[0000ec56] c.sdsp  s5, 24(sp)
C0:      20970 [1] pc=[0000000080000732] W[r19=0000000080002150][1] R[r 0=0000000000000000] R[r10=0000000080002150] inst=[000089aa] c.mv    s3, a0
C0:      20971 [1] pc=[0000000080000734] W[r20=0000000080001042][1] R[r 0=0000000000000000] R[r11=0000000080001042] inst=[00008a2e] c.mv    s4, a1
C0:      20972 [1] pc=[0000000080000736] W[r 9=00000000800021d0][1] R[r10=0000000080002150] R[r 0=0000000000000000] inst=[08050493] addi    s1, a0, 128
C0:      20973 [1] pc=[000000008000073a] W[r 8=0000000000000000][1] R[r 0=0000000000000000] R[r 0=0000000000000000] inst=[00004401] c.li    s0, 0
C0:      20974 [1] pc=[000000008000073c] W[r22=0000000000000001][1] R[r 0=0000000000000000] R[r 0=0000000000000000] inst=[00004b05] c.li    s6, 1
C0:      20975 [1] pc=[000000008000073e] W[r23=ffffffffffffffff][1] R[r 0=0000000000000000] R[r 0=0000000000000000] inst=[00005bfd] c.li    s7, -1
C0:      20997 [1] pc=[0000000080000740] W[r18=0000000000000000][1] R[r 9=00000000800021d0] R[r 0=0000000000000000] inst=[0104b903] ld      s2, 16(s1)
C0:      20998 [1] pc=[0000000080000744] W[r21=0000000000000000][1] R[r 9=00000000800021d0] R[r 0=0000000000000000] inst=[0084aa83] lw      s5, 8(s1)
C0:      21000 [1] pc=[0000000080000748] W[r21=ffffffffffffffff][1] R[r21=0000000000000000] R[r 0=0000000000000000] inst=[00003afd] c.addiw s5, -1
C0:      21001 [1] pc=[000000008000074a] W[r 0=0000000000000000][0] R[r21=ffffffffffffffff] R[r 0=0000000000000000] inst=[020ad063] bgez    s5, pc + 32
C0:      21002 [1] pc=[000000008000074e] W[r 9=0000000080002378][1] R[r 9=00000000800021d0] R[r 0=0000000000000000] inst=[00006084] c.ld    s1, 0(s1)
C0:      21004 [1] pc=[0000000080000750] W[r 0=0000000000000000][0] R[r 9=0000000080002378] R[r 0=0000000000000000] inst=[0000f8e5] c.bnez  s1, pc - 16
C0:      21008 [1] pc=[0000000080000740] W[r18=0000000080002390][1] R[r 9=0000000080002378] R[r 0=0000000000000000] inst=[0104b903] ld      s2, 16(s1)
C0:      21009 [1] pc=[0000000080000744] W[r21=0000000000000004][1] R[r 9=0000000080002378] R[r 0=0000000000000000] inst=[0084aa83] lw      s5, 8(s1)
C0:      21011 [1] pc=[0000000080000748] W[r21=0000000000000003][1] R[r21=0000000000000004] R[r 0=0000000000000000] inst=[00003afd] c.addiw s5, -1
C0:      21012 [1] pc=[000000008000074a] W[r 0=0000000000000000][0] R[r21=0000000000000003] R[r 0=0000000000000000] inst=[020ad063] bgez    s5, pc + 32
C0:      21017 [1] pc=[000000008000076a] W[r15=0000000000000004][1] R[r18=0000000080002390] R[r 0=0000000000000000] inst=[01095783] lhu     a5, 16(s2)
C0:      21020 [1] pc=[000000008000076e] W[r 0=0000000000000000][0] R[r22=0000000000000001] R[r15=0000000000000004] inst=[00fb7b63] bgeu    s6, a5, pc + 22
C0:      21025 [1] pc=[0000000080000772] W[r15=0000000000000000][1] R[r18=0000000080002390] R[r 0=0000000000000000] inst=[01291783] lh      a5, 18(s2)
C0:      21028 [1] pc=[0000000080000776] W[r 0=0000000000000000][0] R[r15=0000000000000000] R[r23=ffffffffffffffff] inst=[01778763] beq     a5, s7, pc + 14
C0:      21029 [1] pc=[000000008000077a] W[r11=0000000080002390][1] R[r 0=0000000000000000] R[r18=0000000080002390] inst=[000085ca] c.mv    a1, s2
C0:      21030 [1] pc=[000000008000077c] W[r10=0000000080002150][1] R[r 0=0000000000000000] R[r19=0000000080002150] inst=[0000854e] c.mv    a0, s3
C0:      21031 [1] pc=[000000008000077e] W[r 1=0000000080000780][1] R[r20=0000000080001042] R[r 0=0000000000000000] inst=[00009a02] c.jalr  s4
C0:      21035 [1] pc=[0000000080001042] W[r15=0000000000000000][1] R[r11=0000000080002390] R[r 0=0000000000000000] inst=[00006d9c] c.ld    a5, 24(a1)
C0:      21037 [1] pc=[0000000080001044] W[r 0=0000000000000000][0] R[r15=0000000000000000] R[r 0=0000000000000000] inst=[0000c3a5] c.beqz  a5, pc + 96
C0:      21041 [1] pc=[00000000800010a4] W[r10=0000000000000000][1] R[r 0=0000000000000000] R[r 0=0000000000000000] inst=[00004501] c.li    a0, 0
C0:      21042 [1] pc=[00000000800010a6] W[r 0=00000000800010a8][1] R[r 1=0000000080000780] R[r 0=0000000000000000] inst=[00008082] ret
C0:      21043 [1] pc=[0000000080000780] W[r 8=0000000000000000][1] R[r 8=0000000000000000] R[r10=0000000000000000] inst=[00008c49] c.or    s0, a0
C0:      21044 [1] pc=[0000000080000782] W[r 8=0000000000000000][1] R[r 8=0000000000000000] R[r 0=0000000000000000] inst=[00002401] c.addiw s0, 0
C0:      21045 [1] pc=[0000000080000784] W[r18=0000000080002440][1] R[r18=0000000080002390] R[r 0=0000000000000000] inst=[0b090913] addi    s2, s2, 176
C0:      21046 [1] pc=[0000000080000788] W[r 0=000000008000078a][1] R[r 0=0000000000000000] R[r 0=0000000000000000] inst=[0000b7c1] c.j     pc - 64
C0:      21047 [1] pc=[0000000080000748] W[r21=0000000000000002][1] R[r21=0000000000000003] R[r 0=0000000000000000] inst=[00003afd] c.addiw s5, -1
C0:      21048 [1] pc=[000000008000074a] W[r 0=0000000000000000][0] R[r21=0000000000000002] R[r 0=0000000000000000] inst=[020ad063] bgez    s5, pc + 32
C0:      21050 [1] pc=[000000008000076a] W[r15=0000000000000089][1] R[r18=0000000080002440] R[r 0=0000000000000000] inst=[01095783] lhu     a5, 16(s2)
C0:      21053 [1] pc=[000000008000076e] W[r 0=0000000000000000][0] R[r22=0000000000000001] R[r15=0000000000000089] inst=[00fb7b63] bgeu    s6, a5, pc + 22
C0:      21054 [1] pc=[0000000080000772] W[r15=0000000000000001][1] R[r18=0000000080002440] R[r 0=0000000000000000] inst=[01291783] lh      a5, 18(s2)
C0:      21057 [1] pc=[0000000080000776] W[r 0=0000000000000000][0] R[r15=0000000000000001] R[r23=ffffffffffffffff] inst=[01778763] beq     a5, s7, pc + 14
C0:      21061 [1] pc=[000000008000077a] W[r11=0000000080002440][1] R[r 0=0000000000000000] R[r18=0000000080002440] inst=[000085ca] c.mv    a1, s2
C0:      21062 [1] pc=[000000008000077c] W[r10=0000000080002150][1] R[r 0=0000000000000000] R[r19=0000000080002150] inst=[0000854e] c.mv    a0, s3
C0:      21063 [1] pc=[000000008000077e] W[r 1=0000000080000780][1] R[r20=0000000080001042] R[r 0=0000000000000000] inst=[00009a02] c.jalr  s4
C0:      21064 [1] pc=[0000000080001042] W[r15=0000000080002658][1] R[r11=0000000080002440] R[r 0=0000000000000000] inst=[00006d9c] c.ld    a5, 24(a1)
C0:      21066 [1] pc=[0000000080001044] W[r 0=0000000000000000][0] R[r15=0000000080002658] R[r 0=0000000000000000] inst=[0000c3a5] c.beqz  a5, pc + 96
C0:      21067 [1] pc=[0000000080001046] W[r 2=000000008002af80][1] R[r 2=000000008002afa0] R[r 0=0000000000000000] inst=[00001101] c.addi  sp, -32
C0:      21068 [1] pc=[0000000080001048] W[r 0=0000000000000000][0] R[r 2=000000008002af80] R[r 8=0000000000000000] inst=[0000e822] c.sdsp  s0, 16(sp)
C0:      21069 [1] pc=[000000008000104a] W[r 0=0000000000000000][0] R[r 2=000000008002af80] R[r 1=0000000080000780] inst=[0000ec06] c.sdsp  ra, 24(sp)
C0:      21070 [1] pc=[000000008000104c] W[r 8=0000000080002150][1] R[r 0=0000000000000000] R[r10=0000000080002150] inst=[0000842a] c.mv    s0, a0
C0:      21071 [1] pc=[000000008000104e] W[r 0=0000000000000000][0] R[r10=0000000080002150] R[r 0=0000000000000000] inst=[0000c519] c.beqz  a0, pc + 14
C0:      21072 [1] pc=[0000000080001050] W[r15=0000000000000001][1] R[r10=0000000080002150] R[r 0=0000000000000000] inst=[0000591c] c.lw    a5, 48(a0)
C0:      21074 [1] pc=[0000000080001052] W[r 0=0000000000000000][0] R[r15=0000000000000001] R[r 0=0000000000000000] inst=[0000e789] c.bnez  a5, pc + 10
C0:      21078 [1] pc=[000000008000105c] W[r15=000000008000205c][1] R[r 0=0000000000000000] R[r 0=0000000000000000] inst=[00001797] auipc   a5, 0x1
C0:      21079 [1] pc=[0000000080001060] W[r15=0000000080001fb0][1] R[r15=000000008000205c] R[r 0=0000000000000000] inst=[f5478793] addi    a5, a5, -172
C0:      21080 [1] pc=[0000000080001064] W[r 0=0000000000000000][0] R[r11=0000000080002440] R[r15=0000000080001fb0] inst=[00f59b63] bne     a1, a5, pc + 22
C0:      21085 [1] pc=[000000008000107a] W[r15=000000008000207a][1] R[r 0=0000000000000000] R[r 0=0000000000000000] inst=[00001797] auipc   a5, 0x1
C0:      21086 [1] pc=[000000008000107e] W[r15=0000000080001fe8][1] R[r15=000000008000207a] R[r 0=0000000000000000] inst=[f6e78793] addi    a5, a5, -146
C0:      21087 [1] pc=[0000000080001082] W[r 0=0000000000000000][0] R[r11=0000000080002440] R[r15=0000000080001fe8] inst=[00f59463] bne     a1, a5, pc + 8
C0:      21092 [1] pc=[000000008000108a] W[r15=000000008000208a][1] R[r 0=0000000000000000] R[r 0=0000000000000000] inst=[00001797] auipc   a5, 0x1
C0:      21093 [1] pc=[000000008000108e] W[r15=0000000080001f78][1] R[r15=000000008000208a] R[r 0=0000000000000000] inst=[eee78793] addi    a5, a5, -274
C0:      21094 [1] pc=[0000000080001092] W[r 0=0000000000000000][0] R[r11=0000000080002440] R[r15=0000000080001f78] inst=[fcf59ce3] bne     a1, a5, pc - 40
C0:      21099 [1] pc=[000000008000106a] W[r15=0000000000000089][1] R[r11=0000000080002440] R[r 0=0000000000000000] inst=[01059783] lh      a5, 16(a1)
C0:      21102 [1] pc=[000000008000106e] W[r 0=0000000000000000][0] R[r15=0000000000000089] R[r 0=0000000000000000] inst=[0000c795] c.beqz  a5, pc + 44
C0:      21103 [1] pc=[0000000080001070] W[r10=0000000080002150][1] R[r 0=0000000000000000] R[r 8=0000000080002150] inst=[00008522] c.mv    a0, s0
C0:      21104 [1] pc=[0000000080001072] W[r 8=0000000000000000][1] R[r 2=000000008002af80] R[r 0=0000000000000000] inst=[00006442] c.ldsp  s0, 16(sp)
C0:      21105 [1] pc=[0000000080001074] W[r 1=0000000080000780][1] R[r 2=000000008002af80] R[r 0=0000000000000000] inst=[000060e2] c.ldsp  ra, 24(sp)
C0:      21106 [1] pc=[0000000080001076] W[r 2=000000008002afa0][1] R[r 2=000000008002af80] R[r 0=0000000000000000] inst=[00006105] c.addi16sp sp, 32
C0:      21107 [1] pc=[0000000080001078] W[r 0=000000008000107a][1] R[r 0=0000000000000000] R[r 0=0000000000000000] inst=[0000b571] c.j     pc - 372
C0:      21108 [1] pc=[0000000080000f04] W[r15=0000000000000089][1] R[r11=0000000080002440] R[r 0=0000000000000000] inst=[0105d783] lhu     a5, 16(a1)
C0:      21109 [1] pc=[0000000080000f08] W[r 2=000000008002af70][1] R[r 2=000000008002afa0] R[r 0=0000000000000000] inst=[00007179] c.addi16sp sp, -48
C0:      21110 [1] pc=[0000000080000f0a] W[r 0=0000000000000000][0] R[r 2=000000008002af70] R[r 8=0000000000000000] inst=[0000f022] c.sdsp  s0, 32(sp)
C0:      21111 [1] pc=[0000000080000f0c] W[r 0=0000000000000000][0] R[r 2=000000008002af70] R[r 9=0000000080002378] inst=[0000ec26] c.sdsp  s1, 24(sp)
C0:      21112 [1] pc=[0000000080000f0e] W[r 0=0000000000000000][0] R[r 2=000000008002af70] R[r 1=0000000080000780] inst=[0000f406] c.sdsp  ra, 40(sp)
C0:      21113 [1] pc=[0000000080000f10] W[r 0=0000000000000000][0] R[r 2=000000008002af70] R[r18=0000000080002440] inst=[0000e84a] c.sdsp  s2, 16(sp)
C0:      21114 [1] pc=[0000000080000f12] W[r 0=0000000000000000][0] R[r 2=000000008002af70] R[r19=0000000080002150] inst=[0000e44e] c.sdsp  s3, 8(sp)
C0:      21115 [1] pc=[0000000080000f14] W[r14=0000000000000008][1] R[r15=0000000000000089] R[r 0=0000000000000000] inst=[0087f713] andi    a4, a5, 8
C0:      21116 [1] pc=[0000000080000f18] W[r 9=0000000080002150][1] R[r 0=0000000000000000] R[r10=0000000080002150] inst=[000084aa] c.mv    s1, a0
C0:      21117 [1] pc=[0000000080000f1a] W[r 8=0000000080002440][1] R[r 0=0000000000000000] R[r11=0000000080002440] inst=[0000842e] c.mv    s0, a1
C0:      21118 [1] pc=[0000000080000f1c] W[r 0=0000000000000000][0] R[r14=0000000000000008] R[r 0=0000000000000000] inst=[0000ef79] c.bnez  a4, pc + 222
C0:      21119 [1] pc=[0000000080000ffa] W[r19=0000000080002658][1] R[r11=0000000080002440] R[r 0=0000000000000000] inst=[0185b983] ld      s3, 24(a1)
C0:      21121 [1] pc=[0000000080000ffe] W[r 0=0000000000000000][0] R[r19=0000000080002658] R[r 0=0000000000000000] inst=[f20986e3] beqz    s3, pc - 212
C0:      21122 [1] pc=[0000000080001002] W[r18=0000000080002658][1] R[r11=0000000080002440] R[r 0=0000000000000000] inst=[0005b903] ld      s2, 0(a1)
C0:      21123 [1] pc=[0000000080001006] W[r15=0000000000000001][1] R[r15=0000000000000089] R[r 0=0000000000000000] inst=[00008b8d] c.andi  a5, 3
C0:      21124 [1] pc=[0000000080001008] W[r 0=0000000000000000][0] R[r11=0000000080002440] R[r19=0000000080002658] inst=[0135b023] sd      s3, 0(a1)
C0:      21125 [1] pc=[000000008000100c] W[r18=0000000000000000][1] R[r18=0000000080002658] R[r19=0000000080002658] inst=[4139093b] subw    s2, s2, s3
C0:      21126 [1] pc=[0000000080001010] W[r14=0000000000000000][1] R[r 0=0000000000000000] R[r 0=0000000000000000] inst=[00004701] c.li    a4, 0
C0:      21127 [1] pc=[0000000080001012] W[r 0=0000000000000000][0] R[r15=0000000000000001] R[r 0=0000000000000000] inst=[0000e391] c.bnez  a5, pc + 4
C0:      21128 [1] pc=[0000000080001016] W[r 0=0000000000000000][0] R[r 8=0000000080002440] R[r14=0000000000000000] inst=[0000c458] c.sw    a4, 12(s0)
C0:      21129 [1] pc=[0000000080001018] W[r 0=0000000000000000][0] R[r 0=0000000000000000] R[r18=0000000000000000] inst=[f12059e3] bge     zero, s2, pc - 238
C0:      21133 [1] pc=[0000000080000f2a] W[r10=0000000000000000][1] R[r 0=0000000000000000] R[r 0=0000000000000000] inst=[00004501] c.li    a0, 0
C0:      21134 [1] pc=[0000000080000f2c] W[r 1=0000000080000780][1] R[r 2=000000008002af70] R[r 0=0000000000000000] inst=[000070a2] c.ldsp  ra, 40(sp)
C0:      21135 [1] pc=[0000000080000f2e] W[r 8=0000000000000000][1] R[r 2=000000008002af70] R[r 0=0000000000000000] inst=[00007402] c.ldsp  s0, 32(sp)
C0:      21136 [1] pc=[0000000080000f30] W[r 9=0000000080002378][1] R[r 2=000000008002af70] R[r 0=0000000000000000] inst=[000064e2] c.ldsp  s1, 24(sp)
C0:      21137 [1] pc=[0000000080000f32] W[r18=0000000080002440][1] R[r 2=000000008002af70] R[r 0=0000000000000000] inst=[00006942] c.ldsp  s2, 16(sp)
C0:      21138 [1] pc=[0000000080000f34] W[r19=0000000080002150][1] R[r 2=000000008002af70] R[r 0=0000000000000000] inst=[000069a2] c.ldsp  s3, 8(sp)
C0:      21139 [1] pc=[0000000080000f36] W[r 2=000000008002afa0][1] R[r 2=000000008002af70] R[r 0=0000000000000000] inst=[00006145] c.addi16sp sp, 48
C0:      21140 [1] pc=[0000000080000f38] W[r 0=0000000080000f3a][1] R[r 1=0000000080000780] R[r 0=0000000000000000] inst=[00008082] ret
C0:      21144 [1] pc=[0000000080000780] W[r 8=0000000000000000][1] R[r 8=0000000000000000] R[r10=0000000000000000] inst=[00008c49] c.or    s0, a0
C0:      21145 [1] pc=[0000000080000782] W[r 8=0000000000000000][1] R[r 8=0000000000000000] R[r 0=0000000000000000] inst=[00002401] c.addiw s0, 0
C0:      21146 [1] pc=[0000000080000784] W[r18=00000000800024f0][1] R[r18=0000000080002440] R[r 0=0000000000000000] inst=[0b090913] addi    s2, s2, 176
C0:      21147 [1] pc=[0000000080000788] W[r 0=000000008000078a][1] R[r 0=0000000000000000] R[r 0=0000000000000000] inst=[0000b7c1] c.j     pc - 64
C0:      21148 [1] pc=[0000000080000748] W[r21=0000000000000001][1] R[r21=0000000000000002] R[r 0=0000000000000000] inst=[00003afd] c.addiw s5, -1
C0:      21149 [1] pc=[000000008000074a] W[r 0=0000000000000000][0] R[r21=0000000000000001] R[r 0=0000000000000000] inst=[020ad063] bgez    s5, pc + 32
C0:      21154 [1] pc=[000000008000076a] W[r15=0000000000000012][1] R[r18=00000000800024f0] R[r 0=0000000000000000] inst=[01095783] lhu     a5, 16(s2)
C0:      21157 [1] pc=[000000008000076e] W[r 0=0000000000000000][0] R[r22=0000000000000001] R[r15=0000000000000012] inst=[00fb7b63] bgeu    s6, a5, pc + 22
C0:      21158 [1] pc=[0000000080000772] W[r15=0000000000000002][1] R[r18=00000000800024f0] R[r 0=0000000000000000] inst=[01291783] lh      a5, 18(s2)
C0:      21161 [1] pc=[0000000080000776] W[r 0=0000000000000000][0] R[r15=0000000000000002] R[r23=ffffffffffffffff] inst=[01778763] beq     a5, s7, pc + 14
C0:      21162 [1] pc=[000000008000077a] W[r11=00000000800024f0][1] R[r 0=0000000000000000] R[r18=00000000800024f0] inst=[000085ca] c.mv    a1, s2
C0:      21163 [1] pc=[000000008000077c] W[r10=0000000080002150][1] R[r 0=0000000000000000] R[r19=0000000080002150] inst=[0000854e] c.mv    a0, s3
C0:      21164 [1] pc=[000000008000077e] W[r 1=0000000080000780][1] R[r20=0000000080001042] R[r 0=0000000000000000] inst=[00009a02] c.jalr  s4
C0:      21165 [1] pc=[0000000080001042] W[r15=0000000000000000][1] R[r11=00000000800024f0] R[r 0=0000000000000000] inst=[00006d9c] c.ld    a5, 24(a1)
C0:      21167 [1] pc=[0000000080001044] W[r 0=0000000000000000][0] R[r15=0000000000000000] R[r 0=0000000000000000] inst=[0000c3a5] c.beqz  a5, pc + 96
C0:      21171 [1] pc=[00000000800010a4] W[r10=0000000000000000][1] R[r 0=0000000000000000] R[r 0=0000000000000000] inst=[00004501] c.li    a0, 0
C0:      21172 [1] pc=[00000000800010a6] W[r 0=00000000800010a8][1] R[r 1=0000000080000780] R[r 0=0000000000000000] inst=[00008082] ret
C0:      21173 [1] pc=[0000000080000780] W[r 8=0000000000000000][1] R[r 8=0000000000000000] R[r10=0000000000000000] inst=[00008c49] c.or    s0, a0
C0:      21174 [1] pc=[0000000080000782] W[r 8=0000000000000000][1] R[r 8=0000000000000000] R[r 0=0000000000000000] inst=[00002401] c.addiw s0, 0
C0:      21175 [1] pc=[0000000080000784] W[r18=00000000800025a0][1] R[r18=00000000800024f0] R[r 0=0000000000000000] inst=[0b090913] addi    s2, s2, 176
C0:      21176 [1] pc=[0000000080000788] W[r 0=000000008000078a][1] R[r 0=0000000000000000] R[r 0=0000000000000000] inst=[0000b7c1] c.j     pc - 64
C0:      21177 [1] pc=[0000000080000748] W[r21=0000000000000000][1] R[r21=0000000000000001] R[r 0=0000000000000000] inst=[00003afd] c.addiw s5, -1
C0:      21178 [1] pc=[000000008000074a] W[r 0=0000000000000000][0] R[r21=0000000000000000] R[r 0=0000000000000000] inst=[020ad063] bgez    s5, pc + 32
C0:      21180 [1] pc=[000000008000076a] W[r15=0000000000000000][1] R[r18=00000000800025a0] R[r 0=0000000000000000] inst=[01095783] lhu     a5, 16(s2)
C0:      21183 [1] pc=[000000008000076e] W[r 0=0000000000000000][0] R[r22=0000000000000001] R[r15=0000000000000000] inst=[00fb7b63] bgeu    s6, a5, pc + 22
C0:      21187 [1] pc=[0000000080000784] W[r18=0000000080002650][1] R[r18=00000000800025a0] R[r 0=0000000000000000] inst=[0b090913] addi    s2, s2, 176
C0:      21188 [1] pc=[0000000080000788] W[r 0=000000008000078a][1] R[r 0=0000000000000000] R[r 0=0000000000000000] inst=[0000b7c1] c.j     pc - 64
C0:      21189 [1] pc=[0000000080000748] W[r21=ffffffffffffffff][1] R[r21=0000000000000000] R[r 0=0000000000000000] inst=[00003afd] c.addiw s5, -1
C0:      21190 [1] pc=[000000008000074a] W[r 0=0000000000000000][0] R[r21=ffffffffffffffff] R[r 0=0000000000000000] inst=[020ad063] bgez    s5, pc + 32
C0:      21191 [1] pc=[000000008000074e] W[r 9=0000000000000000][1] R[r 9=0000000080002378] R[r 0=0000000000000000] inst=[00006084] c.ld    s1, 0(s1)
C0:      21193 [1] pc=[0000000080000750] W[r 0=0000000000000000][0] R[r 9=0000000000000000] R[r 0=0000000000000000] inst=[0000f8e5] c.bnez  s1, pc - 16
C0:      21194 [1] pc=[0000000080000752] W[r 1=0000000080001d26][1] R[r 2=000000008002afa0] R[r 0=0000000000000000] inst=[000060a6] c.ldsp  ra, 72(sp)
C0:      21195 [1] pc=[0000000080000754] W[r10=0000000000000000][1] R[r 0=0000000000000000] R[r 8=0000000000000000] inst=[00008522] c.mv    a0, s0
C0:      21196 [1] pc=[0000000080000756] W[r 8=0000000000000000][1] R[r 2=000000008002afa0] R[r 0=0000000000000000] inst=[00006406] c.ldsp  s0, 64(sp)
C0:      21197 [1] pc=[0000000080000758] W[r 9=0000000000000000][1] R[r 2=000000008002afa0] R[r 0=0000000000000000] inst=[000074e2] c.ldsp  s1, 56(sp)
C0:      21198 [1] pc=[000000008000075a] W[r18=0000000000000000][1] R[r 2=000000008002afa0] R[r 0=0000000000000000] inst=[00007942] c.ldsp  s2, 48(sp)
C0:      21199 [1] pc=[000000008000075c] W[r19=0000000000000000][1] R[r 2=000000008002afa0] R[r 0=0000000000000000] inst=[000079a2] c.ldsp  s3, 40(sp)
C0:      21200 [1] pc=[000000008000075e] W[r20=0000000000000000][1] R[r 2=000000008002afa0] R[r 0=0000000000000000] inst=[00007a02] c.ldsp  s4, 32(sp)
C0:      21201 [1] pc=[0000000080000760] W[r21=0000000000000000][1] R[r 2=000000008002afa0] R[r 0=0000000000000000] inst=[00006ae2] c.ldsp  s5, 24(sp)
C0:      21202 [1] pc=[0000000080000762] W[r22=0000000000000000][1] R[r 2=000000008002afa0] R[r 0=0000000000000000] inst=[00006b42] c.ldsp  s6, 16(sp)
C0:      21203 [1] pc=[0000000080000764] W[r23=0000000000000000][1] R[r 2=000000008002afa0] R[r 0=0000000000000000] inst=[00006ba2] c.ldsp  s7, 8(sp)
C0:      21204 [1] pc=[0000000080000766] W[r 2=000000008002aff0][1] R[r 2=000000008002afa0] R[r 0=0000000000000000] inst=[00006161] c.addi16sp sp, 80
C0:      21205 [1] pc=[0000000080000768] W[r 0=000000008000076a][1] R[r 1=0000000080001d26] R[r 0=0000000000000000] inst=[00008082] ret
C0:      21209 [1] pc=[0000000080001d26] W[r10=0000000000000000][1] R[r 0=0000000000000000] R[r 8=0000000000000000] inst=[00008522] c.mv    a0, s0
C0:      21210 [1] pc=[0000000080001d28] W[r 1=0000000080001d2c][1] R[r 0=0000000000000000] R[r 0=0000000000000000] inst=[fa3ff0ef] jal     pc - 0x5e
C0:      21213 [1] pc=[0000000080001cca] W[r15=0000000000000000][1] R[r10=0000000000000000] R[r 0=0000000000000000] inst=[0015179b] slliw   a5, a0, 1
C0:      21214 [1] pc=[0000000080001cce] W[r15=0000000000000001][1] R[r15=0000000000000000] R[r 0=0000000000000000] inst=[0017e793] ori     a5, a5, 1
C0:      21215 [1] pc=[0000000080001cd2] W[r15=0000000000000001][1] R[r15=0000000000000001] R[r 0=0000000000000000] inst=[00002781] c.addiw a5, 0
C0:      21216 [1] pc=[0000000080001cd4] W[r15=0000000000010000][1] R[r15=0000000000000001] R[r 0=0000000000000000] inst=[000007c2] c.slli  a5, 16
C0:      21217 [1] pc=[0000000080001cd6] W[r15=0000000000000001][1] R[r15=0000000000010000] R[r 0=0000000000000000] inst=[000083c1] c.srli  a5, 16
C0:      21218 [1] pc=[0000000080001cd8] W[r14=0000000080001cd8][1] R[r 0=0000000000000000] R[r 0=0000000000000000] inst=[00000717] auipc   a4, 0x0
C0:      21219 [1] pc=[0000000080001cdc] W[r14=0000000080002140][1] R[r14=0000000080001cd8] R[r 0=0000000000000000] inst=[46870713] addi    a4, a4, 1128
C0:      21220 [1] pc=[0000000080001ce0] W[r13=0000000080001ce0][1] R[r 0=0000000000000000] R[r 0=0000000000000000] inst=[00000697] auipc   a3, 0x0
C0:      21230 [1] pc=[0000000080001ce4] W[r 0=0000000000000000][0] R[r13=0000000080001ce0] R[r 0=0000000000000000] inst=[4606b423] sd      zero, 1128(a3)
C0:      21231 [1] pc=[0000000080001ce8] W[r 0=0000000000000000][0] R[r14=0000000080002140] R[r15=0000000000000001] inst=[0000e31c] c.sd    a5, 0(a4)
C0:      21232 [1] pc=[0000000080001cea] W[r 0=0000000080001cec][1] R[r 0=0000000000000000] R[r 0=0000000000000000] inst=[0000bfdd] c.j     pc - 10
C0:      21233 [1] pc=[0000000080001ce0] W[r13=0000000080001ce0][1] R[r 0=0000000000000000] R[r 0=0000000000000000] inst=[00000697] auipc   a3, 0x0
C0:      21234 [1] pc=[0000000080001ce4] W[r 0=0000000000000000][0] R[r13=0000000080001ce0] R[r 0=0000000000000000] inst=[4606b423] sd      zero, 1128(a3)
C0:      21235 [1] pc=[0000000080001ce8] W[r 0=0000000000000000][0] R[r14=0000000080002140] R[r15=0000000000000001] inst=[0000e31c] c.sd    a5, 0(a4)
C0:      21236 [1] pc=[0000000080001cea] W[r 0=0000000080001cec][1] R[r 0=0000000000000000] R[r 0=0000000000000000] inst=[0000bfdd] c.j     pc - 10
C0:      21237 [1] pc=[0000000080001ce0] W[r13=0000000080001ce0][1] R[r 0=0000000000000000] R[r 0=0000000000000000] inst=[00000697] auipc   a3, 0x0
C0:      21238 [1] pc=[0000000080001ce4] W[r 0=0000000000000000][0] R[r13=0000000080001ce0] R[r 0=0000000000000000] inst=[4606b423] sd      zero, 1128(a3)
C0:      21239 [1] pc=[0000000080001ce8] W[r 0=0000000000000000][0] R[r14=0000000080002140] R[r15=0000000000000001] inst=[0000e31c] c.sd    a5, 0(a4)
C0:      21240 [1] pc=[0000000080001cea] W[r 0=0000000080001cec][1] R[r 0=0000000000000000] R[r 0=0000000000000000] inst=[0000bfdd] c.j     pc - 10
C0:      21241 [1] pc=[0000000080001ce0] W[r13=0000000080001ce0][1] R[r 0=0000000000000000] R[r 0=0000000000000000] inst=[00000697] auipc   a3, 0x0
C0:      21242 [1] pc=[0000000080001ce4] W[r 0=0000000000000000][0] R[r13=0000000080001ce0] R[r 0=0000000000000000] inst=[4606b423] sd      zero, 1128(a3)
C0:      21243 [1] pc=[0000000080001ce8] W[r 0=0000000000000000][0] R[r14=0000000080002140] R[r15=0000000000000001] inst=[0000e31c] c.sd    a5, 0(a4)
C0:      21244 [1] pc=[0000000080001cea] W[r 0=0000000080001cec][1] R[r 0=0000000000000000] R[r 0=0000000000000000] inst=[0000bfdd] c.j     pc - 10
C0:      21245 [1] pc=[0000000080001ce0] W[r13=0000000080001ce0][1] R[r 0=0000000000000000] R[r 0=0000000000000000] inst=[00000697] auipc   a3, 0x0
C0:      21246 [1] pc=[0000000080001ce4] W[r 0=0000000000000000][0] R[r13=0000000080001ce0] R[r 0=0000000000000000] inst=[4606b423] sd      zero, 1128(a3)
C0:      21247 [1] pc=[0000000080001ce8] W[r 0=0000000000000000][0] R[r14=0000000080002140] R[r15=0000000000000001] inst=[0000e31c] c.sd    a5, 0(a4)
C0:      21248 [1] pc=[0000000080001cea] W[r 0=0000000080001cec][1] R[r 0=0000000000000000] R[r 0=0000000000000000] inst=[0000bfdd] c.j     pc - 10
C0:      21249 [1] pc=[0000000080001ce0] W[r13=0000000080001ce0][1] R[r 0=0000000000000000] R[r 0=0000000000000000] inst=[00000697] auipc   a3, 0x0
C0:      21250 [1] pc=[0000000080001ce4] W[r 0=0000000000000000][0] R[r13=0000000080001ce0] R[r 0=0000000000000000] inst=[4606b423] sd      zero, 1128(a3)
C0:      21251 [1] pc=[0000000080001ce8] W[r 0=0000000000000000][0] R[r14=0000000080002140] R[r15=0000000000000001] inst=[0000e31c] c.sd    a5, 0(a4)
C0:      21252 [1] pc=[0000000080001cea] W[r 0=0000000080001cec][1] R[r 0=0000000000000000] R[r 0=0000000000000000] inst=[0000bfdd] c.j     pc - 10
C0:      21253 [1] pc=[0000000080001ce0] W[r13=0000000080001ce0][1] R[r 0=0000000000000000] R[r 0=0000000000000000] inst=[00000697] auipc   a3, 0x0
C0:      21254 [1] pc=[0000000080001ce4] W[r 0=0000000000000000][0] R[r13=0000000080001ce0] R[r 0=0000000000000000] inst=[4606b423] sd      zero, 1128(a3)
C0:      21255 [1] pc=[0000000080001ce8] W[r 0=0000000000000000][0] R[r14=0000000080002140] R[r15=0000000000000001] inst=[0000e31c] c.sd    a5, 0(a4)
C0:      21256 [1] pc=[0000000080001cea] W[r 0=0000000080001cec][1] R[r 0=0000000000000000] R[r 0=0000000000000000] inst=[0000bfdd] c.j     pc - 10
C0:      21257 [1] pc=[0000000080001ce0] W[r13=0000000080001ce0][1] R[r 0=0000000000000000] R[r 0=0000000000000000] inst=[00000697] auipc   a3, 0x0
C0:      21258 [1] pc=[0000000080001ce4] W[r 0=0000000000000000][0] R[r13=0000000080001ce0] R[r 0=0000000000000000] inst=[4606b423] sd      zero, 1128(a3)
C0:      21259 [1] pc=[0000000080001ce8] W[r 0=0000000000000000][0] R[r14=0000000080002140] R[r15=0000000000000001] inst=[0000e31c] c.sd    a5, 0(a4)
C0:      21260 [1] pc=[0000000080001cea] W[r 0=0000000080001cec][1] R[r 0=0000000000000000] R[r 0=0000000000000000] inst=[0000bfdd] c.j     pc - 10
C0:      21261 [1] pc=[0000000080001ce0] W[r13=0000000080001ce0][1] R[r 0=0000000000000000] R[r 0=0000000000000000] inst=[00000697] auipc   a3, 0x0
*** PASSED *** Completed after 61127 cycles